[2024-12-04T20:06:33.109+0000] {local_task_job_runner.py:123} INFO - ::group::Pre task execution logs
[2024-12-04T20:06:33.201+0000] {taskinstance.py:2613} INFO - Dependencies all met for dep_context=non-requeueable deps ti=<TaskInstance: etl_client_activity_EFIMOVICH_EVGENII.extract manual__2024-12-04T20:06:30.683774+00:00 [queued]>
[2024-12-04T20:06:33.210+0000] {taskinstance.py:2613} INFO - Dependencies all met for dep_context=requeueable deps ti=<TaskInstance: etl_client_activity_EFIMOVICH_EVGENII.extract manual__2024-12-04T20:06:30.683774+00:00 [queued]>
[2024-12-04T20:06:33.210+0000] {taskinstance.py:2866} INFO - Starting attempt 1 of 1
[2024-12-04T20:06:33.395+0000] {taskinstance.py:2889} INFO - Executing <Task(PythonOperator): extract> on 2024-12-04 20:06:30.683774+00:00
[2024-12-04T20:06:33.407+0000] {warnings.py:112} WARNING - /home/***/.local/lib/python3.12/site-packages/***/task/task_runner/standard_task_runner.py:70: DeprecationWarning: This process (pid=67) is multi-threaded, use of fork() may lead to deadlocks in the child.
  pid = os.fork()

[2024-12-04T20:06:33.408+0000] {standard_task_runner.py:72} INFO - Started process 68 to run task
[2024-12-04T20:06:33.409+0000] {standard_task_runner.py:104} INFO - Running: ['***', 'tasks', 'run', 'etl_client_activity_EFIMOVICH_EVGENII', 'extract', 'manual__2024-12-04T20:06:30.683774+00:00', '--job-id', '51', '--raw', '--subdir', 'DAGS_FOLDER/etl_client_activity.py', '--cfg-path', '/tmp/tmpbi0wlnzk']
[2024-12-04T20:06:33.410+0000] {standard_task_runner.py:105} INFO - Job 51: Subtask extract
[2024-12-04T20:06:33.442+0000] {task_command.py:467} INFO - Running <TaskInstance: etl_client_activity_EFIMOVICH_EVGENII.extract manual__2024-12-04T20:06:30.683774+00:00 [running]> on host fbfc88a57984
[2024-12-04T20:06:33.514+0000] {taskinstance.py:3132} INFO - Exporting env vars: AIRFLOW_CTX_DAG_OWNER='***' AIRFLOW_CTX_DAG_ID='etl_client_activity_EFIMOVICH_EVGENII' AIRFLOW_CTX_TASK_ID='extract' AIRFLOW_CTX_EXECUTION_DATE='2024-12-04T20:06:30.683774+00:00' AIRFLOW_CTX_TRY_NUMBER='1' AIRFLOW_CTX_DAG_RUN_ID='manual__2024-12-04T20:06:30.683774+00:00'
[2024-12-04T20:06:33.515+0000] {logging_mixin.py:190} INFO - Task instance is in running state
[2024-12-04T20:06:33.515+0000] {logging_mixin.py:190} INFO -  Previous state of the Task instance: queued
[2024-12-04T20:06:33.515+0000] {logging_mixin.py:190} INFO - Current task name:extract state:running start_date:2024-12-04 20:06:33.202679+00:00
[2024-12-04T20:06:33.516+0000] {logging_mixin.py:190} INFO - Dag name:etl_client_activity_EFIMOVICH_EVGENII and current dag run status:running
[2024-12-04T20:06:33.516+0000] {taskinstance.py:731} INFO - ::endgroup::
[2024-12-04T20:06:37.034+0000] {python.py:240} INFO - Done. Returned value was: None
[2024-12-04T20:06:37.044+0000] {taskinstance.py:340} INFO - ::group::Post task execution logs
[2024-12-04T20:06:37.044+0000] {taskinstance.py:352} INFO - Marking task as SUCCESS. dag_id=etl_client_activity_EFIMOVICH_EVGENII, task_id=extract, run_id=manual__2024-12-04T20:06:30.683774+00:00, execution_date=20241204T200630, start_date=20241204T200633, end_date=20241204T200637
[2024-12-04T20:06:37.057+0000] {logging_mixin.py:190} INFO - Task instance in success state
[2024-12-04T20:06:37.058+0000] {logging_mixin.py:190} INFO -  Previous state of the Task instance: running
[2024-12-04T20:06:37.058+0000] {logging_mixin.py:190} INFO - Dag name:etl_client_activity_EFIMOVICH_EVGENII queued_at:2024-12-04 20:06:30.728933+00:00
[2024-12-04T20:06:37.058+0000] {logging_mixin.py:190} INFO - Task hostname:fbfc88a57984 operator:PythonOperator
[2024-12-04T20:06:37.098+0000] {local_task_job_runner.py:266} INFO - Task exited with return code 0
[2024-12-04T20:06:37.137+0000] {taskinstance.py:3895} INFO - 10 downstream tasks scheduled from follow-on schedule check
[2024-12-04T20:06:37.139+0000] {local_task_job_runner.py:245} INFO - ::endgroup::
