[2024-12-04T20:14:23.407+0000] {local_task_job_runner.py:123} INFO - ::group::Pre task execution logs
[2024-12-04T20:14:23.455+0000] {taskinstance.py:2613} INFO - Dependencies all met for dep_context=non-requeueable deps ti=<TaskInstance: etl_client_activity_EFIMOVICH_EVGENII.transform_i manual__2024-12-04T20:14:10.645711+00:00 [queued]>
[2024-12-04T20:14:23.476+0000] {taskinstance.py:2613} INFO - Dependencies all met for dep_context=requeueable deps ti=<TaskInstance: etl_client_activity_EFIMOVICH_EVGENII.transform_i manual__2024-12-04T20:14:10.645711+00:00 [queued]>
[2024-12-04T20:14:23.478+0000] {taskinstance.py:2866} INFO - Starting attempt 1 of 1
[2024-12-04T20:14:24.138+0000] {taskinstance.py:2889} INFO - Executing <Task(PythonOperator): transform_i> on 2024-12-04 20:14:10.645711+00:00
[2024-12-04T20:14:24.180+0000] {warnings.py:112} WARNING - /home/***/.local/lib/python3.12/site-packages/***/task/task_runner/standard_task_runner.py:70: DeprecationWarning: This process (pid=112) is multi-threaded, use of fork() may lead to deadlocks in the child.
  pid = os.fork()

[2024-12-04T20:14:24.185+0000] {standard_task_runner.py:72} INFO - Started process 123 to run task
[2024-12-04T20:14:24.188+0000] {standard_task_runner.py:104} INFO - Running: ['***', 'tasks', 'run', 'etl_client_activity_EFIMOVICH_EVGENII', 'transform_i', 'manual__2024-12-04T20:14:10.645711+00:00', '--job-id', '78', '--raw', '--subdir', 'DAGS_FOLDER/etl_client_activity.py', '--cfg-path', '/tmp/tmpsiavmtsv']
[2024-12-04T20:14:24.190+0000] {standard_task_runner.py:105} INFO - Job 78: Subtask transform_i
[2024-12-04T20:14:24.359+0000] {task_command.py:467} INFO - Running <TaskInstance: etl_client_activity_EFIMOVICH_EVGENII.transform_i manual__2024-12-04T20:14:10.645711+00:00 [running]> on host fbfc88a57984
[2024-12-04T20:14:24.604+0000] {taskinstance.py:3132} INFO - Exporting env vars: AIRFLOW_CTX_DAG_OWNER='***' AIRFLOW_CTX_DAG_ID='etl_client_activity_EFIMOVICH_EVGENII' AIRFLOW_CTX_TASK_ID='transform_i' AIRFLOW_CTX_EXECUTION_DATE='2024-12-04T20:14:10.645711+00:00' AIRFLOW_CTX_TRY_NUMBER='1' AIRFLOW_CTX_DAG_RUN_ID='manual__2024-12-04T20:14:10.645711+00:00'
[2024-12-04T20:14:24.613+0000] {logging_mixin.py:190} INFO - Task instance is in running state
[2024-12-04T20:14:24.614+0000] {logging_mixin.py:190} INFO -  Previous state of the Task instance: queued
[2024-12-04T20:14:24.615+0000] {logging_mixin.py:190} INFO - Current task name:transform_i state:running start_date:2024-12-04 20:14:23.457520+00:00
[2024-12-04T20:14:24.617+0000] {logging_mixin.py:190} INFO - Dag name:etl_client_activity_EFIMOVICH_EVGENII and current dag run status:running
[2024-12-04T20:14:24.620+0000] {taskinstance.py:731} INFO - ::endgroup::
[2024-12-04T20:14:28.254+0000] {local_task_job_runner.py:266} INFO - Task exited with return code -9. For more information, see https://***.apache.org/docs/apache-***/stable/troubleshooting.html#LocalTaskJob-killed
[2024-12-04T20:14:29.040+0000] {taskinstance.py:3895} INFO - 0 downstream tasks scheduled from follow-on schedule check
[2024-12-04T20:14:29.064+0000] {local_task_job_runner.py:245} INFO - ::endgroup::
[2024-12-04T20:14:29.202+0000] {standard_task_runner.py:217} INFO - Process not found (most likely exited), stop collecting metrics
