[2024-12-04T20:09:01.567+0000] {local_task_job_runner.py:123} INFO - ::group::Pre task execution logs
[2024-12-04T20:09:01.613+0000] {taskinstance.py:2613} INFO - Dependencies all met for dep_context=non-requeueable deps ti=<TaskInstance: etl_client_activity_EFIMOVICH_EVGENII.transform_d manual__2024-12-04T20:08:50.962670+00:00 [queued]>
[2024-12-04T20:09:01.626+0000] {taskinstance.py:2613} INFO - Dependencies all met for dep_context=requeueable deps ti=<TaskInstance: etl_client_activity_EFIMOVICH_EVGENII.transform_d manual__2024-12-04T20:08:50.962670+00:00 [queued]>
[2024-12-04T20:09:01.628+0000] {taskinstance.py:2866} INFO - Starting attempt 1 of 1
[2024-12-04T20:09:02.420+0000] {taskinstance.py:2889} INFO - Executing <Task(PythonOperator): transform_d> on 2024-12-04 20:08:50.962670+00:00
[2024-12-04T20:09:02.447+0000] {warnings.py:112} WARNING - /home/***/.local/lib/python3.12/site-packages/***/task/task_runner/standard_task_runner.py:70: DeprecationWarning: This process (pid=80) is multi-threaded, use of fork() may lead to deadlocks in the child.
  pid = os.fork()

[2024-12-04T20:09:02.451+0000] {standard_task_runner.py:72} INFO - Started process 89 to run task
[2024-12-04T20:09:02.452+0000] {standard_task_runner.py:104} INFO - Running: ['***', 'tasks', 'run', 'etl_client_activity_EFIMOVICH_EVGENII', 'transform_d', 'manual__2024-12-04T20:08:50.962670+00:00', '--job-id', '65', '--raw', '--subdir', 'DAGS_FOLDER/etl_client_activity.py', '--cfg-path', '/tmp/tmpmce7jbhn']
[2024-12-04T20:09:02.454+0000] {standard_task_runner.py:105} INFO - Job 65: Subtask transform_d
[2024-12-04T20:09:02.583+0000] {task_command.py:467} INFO - Running <TaskInstance: etl_client_activity_EFIMOVICH_EVGENII.transform_d manual__2024-12-04T20:08:50.962670+00:00 [running]> on host fbfc88a57984
[2024-12-04T20:09:02.928+0000] {taskinstance.py:3132} INFO - Exporting env vars: AIRFLOW_CTX_DAG_OWNER='***' AIRFLOW_CTX_DAG_ID='etl_client_activity_EFIMOVICH_EVGENII' AIRFLOW_CTX_TASK_ID='transform_d' AIRFLOW_CTX_EXECUTION_DATE='2024-12-04T20:08:50.962670+00:00' AIRFLOW_CTX_TRY_NUMBER='1' AIRFLOW_CTX_DAG_RUN_ID='manual__2024-12-04T20:08:50.962670+00:00'
[2024-12-04T20:09:02.936+0000] {logging_mixin.py:190} INFO - Task instance is in running state
[2024-12-04T20:09:02.937+0000] {logging_mixin.py:190} INFO -  Previous state of the Task instance: queued
[2024-12-04T20:09:02.941+0000] {logging_mixin.py:190} INFO - Current task name:transform_d state:running start_date:2024-12-04 20:09:01.614709+00:00
[2024-12-04T20:09:02.942+0000] {logging_mixin.py:190} INFO - Dag name:etl_client_activity_EFIMOVICH_EVGENII and current dag run status:running
[2024-12-04T20:09:02.943+0000] {taskinstance.py:731} INFO - ::endgroup::
[2024-12-04T20:09:07.350+0000] {local_task_job_runner.py:266} INFO - Task exited with return code -9. For more information, see https://***.apache.org/docs/apache-***/stable/troubleshooting.html#LocalTaskJob-killed
[2024-12-04T20:09:07.465+0000] {standard_task_runner.py:217} INFO - Process not found (most likely exited), stop collecting metrics
[2024-12-04T20:09:07.657+0000] {taskinstance.py:3895} INFO - 0 downstream tasks scheduled from follow-on schedule check
[2024-12-04T20:09:07.664+0000] {local_task_job_runner.py:245} INFO - ::endgroup::
