[2024-12-04T19:38:30.439+0000] {local_task_job_runner.py:123} INFO - ::group::Pre task execution logs
[2024-12-04T19:38:30.449+0000] {taskinstance.py:2613} INFO - Dependencies all met for dep_context=non-requeueable deps ti=<TaskInstance: etl_client_activity_EFIMOVICH_EVGENII.extract manual__2024-12-04T19:38:28.229789+00:00 [queued]>
[2024-12-04T19:38:30.453+0000] {taskinstance.py:2613} INFO - Dependencies all met for dep_context=requeueable deps ti=<TaskInstance: etl_client_activity_EFIMOVICH_EVGENII.extract manual__2024-12-04T19:38:28.229789+00:00 [queued]>
[2024-12-04T19:38:30.453+0000] {taskinstance.py:2866} INFO - Starting attempt 1 of 2
[2024-12-04T19:38:30.547+0000] {taskinstance.py:2889} INFO - Executing <Task(PythonOperator): extract> on 2024-12-04 19:38:28.229789+00:00
[2024-12-04T19:38:30.555+0000] {warnings.py:112} WARNING - /home/***/.local/lib/python3.12/site-packages/***/task/task_runner/standard_task_runner.py:70: DeprecationWarning: This process (pid=384) is multi-threaded, use of fork() may lead to deadlocks in the child.
  pid = os.fork()

[2024-12-04T19:38:30.556+0000] {standard_task_runner.py:72} INFO - Started process 385 to run task
[2024-12-04T19:38:30.557+0000] {standard_task_runner.py:104} INFO - Running: ['***', 'tasks', 'run', 'etl_client_activity_EFIMOVICH_EVGENII', 'extract', 'manual__2024-12-04T19:38:28.229789+00:00', '--job-id', '17', '--raw', '--subdir', 'DAGS_FOLDER/etl_client_activity.py', '--cfg-path', '/tmp/tmphqebggsk']
[2024-12-04T19:38:30.557+0000] {standard_task_runner.py:105} INFO - Job 17: Subtask extract
[2024-12-04T19:38:30.584+0000] {task_command.py:467} INFO - Running <TaskInstance: etl_client_activity_EFIMOVICH_EVGENII.extract manual__2024-12-04T19:38:28.229789+00:00 [running]> on host fbfc88a57984
[2024-12-04T19:38:30.632+0000] {taskinstance.py:3132} INFO - Exporting env vars: AIRFLOW_CTX_DAG_OWNER='***' AIRFLOW_CTX_DAG_ID='etl_client_activity_EFIMOVICH_EVGENII' AIRFLOW_CTX_TASK_ID='extract' AIRFLOW_CTX_EXECUTION_DATE='2024-12-04T19:38:28.229789+00:00' AIRFLOW_CTX_TRY_NUMBER='1' AIRFLOW_CTX_DAG_RUN_ID='manual__2024-12-04T19:38:28.229789+00:00'
[2024-12-04T19:38:30.634+0000] {logging_mixin.py:190} INFO - Task instance is in running state
[2024-12-04T19:38:30.634+0000] {logging_mixin.py:190} INFO -  Previous state of the Task instance: queued
[2024-12-04T19:38:30.634+0000] {logging_mixin.py:190} INFO - Current task name:extract state:running start_date:2024-12-04 19:38:30.449965+00:00
[2024-12-04T19:38:30.635+0000] {logging_mixin.py:190} INFO - Dag name:etl_client_activity_EFIMOVICH_EVGENII and current dag run status:running
[2024-12-04T19:38:30.635+0000] {taskinstance.py:731} INFO - ::endgroup::
[2024-12-04T19:38:30.635+0000] {logging_mixin.py:190} INFO - /opt/***
[2024-12-04T19:38:30.635+0000] {logging_mixin.py:190} INFO - /opt/***/dags/etl_client_activity.py
[2024-12-04T19:38:34.201+0000] {logging_mixin.py:190} INFO -               id         sum_a  sum_b  ...  count_i  count_j        date
0        C00313K      0.000000   8.77  ...      0.0      0.0  2023-10-01
1        C11256K      1.280000   0.00  ...      0.0      0.0  2023-10-01
2        C11256K      0.960000   0.00  ...      0.0      0.0  2023-11-01
3        C11256K      0.640000   0.00  ...      0.0      0.0  2024-01-01
4        C11256K      0.570000   0.00  ...      0.0      0.0  2024-02-01
...          ...           ...    ...  ...      ...      ...         ...
1270559  CBZYP6K  11955.375426   0.00  ...      0.0      0.0  2023-11-01
1270560  CBZYP6K  15788.860118   0.00  ...      0.0      0.0  2024-01-01
1270561  CBZYP6K  10987.337202   0.00  ...      0.0      0.0  2024-02-01
1270562  CBZYP6K  12158.722219   0.00  ...      0.0      0.0  2024-03-01
1270563  CBZYP6K  11897.703873   0.00  ...      0.0      0.0  2023-12-01

[1270564 rows x 22 columns]
[2024-12-04T19:38:34.214+0000] {python.py:240} INFO - Done. Returned value was: None
[2024-12-04T19:38:34.248+0000] {taskinstance.py:340} INFO - ::group::Post task execution logs
[2024-12-04T19:38:34.249+0000] {taskinstance.py:352} INFO - Marking task as SUCCESS. dag_id=etl_client_activity_EFIMOVICH_EVGENII, task_id=extract, run_id=manual__2024-12-04T19:38:28.229789+00:00, execution_date=20241204T193828, start_date=20241204T193830, end_date=20241204T193834
[2024-12-04T19:38:34.269+0000] {logging_mixin.py:190} INFO - Task instance in success state
[2024-12-04T19:38:34.269+0000] {logging_mixin.py:190} INFO -  Previous state of the Task instance: running
[2024-12-04T19:38:34.269+0000] {logging_mixin.py:190} INFO - Dag name:etl_client_activity_EFIMOVICH_EVGENII queued_at:2024-12-04 19:38:28.286412+00:00
[2024-12-04T19:38:34.270+0000] {logging_mixin.py:190} INFO - Task hostname:fbfc88a57984 operator:PythonOperator
[2024-12-04T19:38:34.300+0000] {local_task_job_runner.py:266} INFO - Task exited with return code 0
[2024-12-04T19:38:34.320+0000] {taskinstance.py:3895} INFO - 0 downstream tasks scheduled from follow-on schedule check
[2024-12-04T19:38:34.321+0000] {local_task_job_runner.py:245} INFO - ::endgroup::
