[2024-12-04T20:09:13.658+0000] {local_task_job_runner.py:123} INFO - ::group::Pre task execution logs
[2024-12-04T20:09:13.681+0000] {taskinstance.py:2613} INFO - Dependencies all met for dep_context=non-requeueable deps ti=<TaskInstance: etl_client_activity_EFIMOVICH_EVGENII.transform_c manual__2024-12-04T20:08:50.962670+00:00 [queued]>
[2024-12-04T20:09:13.700+0000] {taskinstance.py:2613} INFO - Dependencies all met for dep_context=requeueable deps ti=<TaskInstance: etl_client_activity_EFIMOVICH_EVGENII.transform_c manual__2024-12-04T20:08:50.962670+00:00 [queued]>
[2024-12-04T20:09:13.701+0000] {taskinstance.py:2866} INFO - Starting attempt 1 of 1
[2024-12-04T20:09:23.916+0000] {taskinstance.py:2889} INFO - Executing <Task(PythonOperator): transform_c> on 2024-12-04 20:08:50.962670+00:00
[2024-12-04T20:09:24.152+0000] {warnings.py:112} WARNING - /home/***/.local/lib/python3.12/site-packages/***/task/task_runner/standard_task_runner.py:70: DeprecationWarning: This process (pid=87) is multi-threaded, use of fork() may lead to deadlocks in the child.
  pid = os.fork()

[2024-12-04T20:09:24.191+0000] {standard_task_runner.py:72} INFO - Started process 147 to run task
[2024-12-04T20:09:24.265+0000] {standard_task_runner.py:104} INFO - Running: ['***', 'tasks', 'run', 'etl_client_activity_EFIMOVICH_EVGENII', 'transform_c', 'manual__2024-12-04T20:08:50.962670+00:00', '--job-id', '71', '--raw', '--subdir', 'DAGS_FOLDER/etl_client_activity.py', '--cfg-path', '/tmp/tmpw4rg92tc']
[2024-12-04T20:09:24.281+0000] {standard_task_runner.py:105} INFO - Job 71: Subtask transform_c
[2024-12-04T20:09:25.013+0000] {task_command.py:467} INFO - Running <TaskInstance: etl_client_activity_EFIMOVICH_EVGENII.transform_c manual__2024-12-04T20:08:50.962670+00:00 [running]> on host fbfc88a57984
[2024-12-04T20:09:26.180+0000] {taskinstance.py:3132} INFO - Exporting env vars: AIRFLOW_CTX_DAG_OWNER='***' AIRFLOW_CTX_DAG_ID='etl_client_activity_EFIMOVICH_EVGENII' AIRFLOW_CTX_TASK_ID='transform_c' AIRFLOW_CTX_EXECUTION_DATE='2024-12-04T20:08:50.962670+00:00' AIRFLOW_CTX_TRY_NUMBER='1' AIRFLOW_CTX_DAG_RUN_ID='manual__2024-12-04T20:08:50.962670+00:00'
[2024-12-04T20:09:26.303+0000] {logging_mixin.py:190} INFO - Task instance is in running state
[2024-12-04T20:09:26.310+0000] {logging_mixin.py:190} INFO -  Previous state of the Task instance: queued
[2024-12-04T20:09:26.323+0000] {logging_mixin.py:190} INFO - Current task name:transform_c state:running start_date:2024-12-04 20:09:13.682627+00:00
[2024-12-04T20:09:26.325+0000] {logging_mixin.py:190} INFO - Dag name:etl_client_activity_EFIMOVICH_EVGENII and current dag run status:running
[2024-12-04T20:09:26.328+0000] {taskinstance.py:731} INFO - ::endgroup::
[2024-12-04T20:09:31.758+0000] {job.py:229} INFO - Heartbeat recovered after 18.22 seconds
[2024-12-04T20:09:31.943+0000] {local_task_job_runner.py:266} INFO - Task exited with return code -9. For more information, see https://***.apache.org/docs/apache-***/stable/troubleshooting.html#LocalTaskJob-killed
[2024-12-04T20:09:31.969+0000] {local_task_job_runner.py:245} INFO - ::endgroup::
