[2024-12-04T20:14:15.765+0000] {local_task_job_runner.py:123} INFO - ::group::Pre task execution logs
[2024-12-04T20:14:15.790+0000] {taskinstance.py:2613} INFO - Dependencies all met for dep_context=non-requeueable deps ti=<TaskInstance: etl_client_activity_EFIMOVICH_EVGENII.extract manual__2024-12-04T20:14:10.645711+00:00 [queued]>
[2024-12-04T20:14:15.798+0000] {taskinstance.py:2613} INFO - Dependencies all met for dep_context=requeueable deps ti=<TaskInstance: etl_client_activity_EFIMOVICH_EVGENII.extract manual__2024-12-04T20:14:10.645711+00:00 [queued]>
[2024-12-04T20:14:15.798+0000] {taskinstance.py:2866} INFO - Starting attempt 1 of 1
[2024-12-04T20:14:16.051+0000] {taskinstance.py:2889} INFO - Executing <Task(PythonOperator): extract> on 2024-12-04 20:14:10.645711+00:00
[2024-12-04T20:14:16.062+0000] {warnings.py:112} WARNING - /home/***/.local/lib/python3.12/site-packages/***/task/task_runner/standard_task_runner.py:70: DeprecationWarning: This process (pid=94) is multi-threaded, use of fork() may lead to deadlocks in the child.
  pid = os.fork()

[2024-12-04T20:14:16.064+0000] {standard_task_runner.py:72} INFO - Started process 102 to run task
[2024-12-04T20:14:16.064+0000] {standard_task_runner.py:104} INFO - Running: ['***', 'tasks', 'run', 'etl_client_activity_EFIMOVICH_EVGENII', 'extract', 'manual__2024-12-04T20:14:10.645711+00:00', '--job-id', '77', '--raw', '--subdir', 'DAGS_FOLDER/etl_client_activity.py', '--cfg-path', '/tmp/tmp156ldtyw']
[2024-12-04T20:14:16.066+0000] {standard_task_runner.py:105} INFO - Job 77: Subtask extract
[2024-12-04T20:14:16.100+0000] {task_command.py:467} INFO - Running <TaskInstance: etl_client_activity_EFIMOVICH_EVGENII.extract manual__2024-12-04T20:14:10.645711+00:00 [running]> on host fbfc88a57984
[2024-12-04T20:14:16.161+0000] {taskinstance.py:3132} INFO - Exporting env vars: AIRFLOW_CTX_DAG_OWNER='***' AIRFLOW_CTX_DAG_ID='etl_client_activity_EFIMOVICH_EVGENII' AIRFLOW_CTX_TASK_ID='extract' AIRFLOW_CTX_EXECUTION_DATE='2024-12-04T20:14:10.645711+00:00' AIRFLOW_CTX_TRY_NUMBER='1' AIRFLOW_CTX_DAG_RUN_ID='manual__2024-12-04T20:14:10.645711+00:00'
[2024-12-04T20:14:16.162+0000] {logging_mixin.py:190} INFO - Task instance is in running state
[2024-12-04T20:14:16.162+0000] {logging_mixin.py:190} INFO -  Previous state of the Task instance: queued
[2024-12-04T20:14:16.163+0000] {logging_mixin.py:190} INFO - Current task name:extract state:running start_date:2024-12-04 20:14:15.790847+00:00
[2024-12-04T20:14:16.163+0000] {logging_mixin.py:190} INFO - Dag name:etl_client_activity_EFIMOVICH_EVGENII and current dag run status:running
[2024-12-04T20:14:16.163+0000] {taskinstance.py:731} INFO - ::endgroup::
[2024-12-04T20:14:19.564+0000] {python.py:240} INFO - Done. Returned value was: None
[2024-12-04T20:14:19.575+0000] {taskinstance.py:340} INFO - ::group::Post task execution logs
[2024-12-04T20:14:19.576+0000] {taskinstance.py:352} INFO - Marking task as SUCCESS. dag_id=etl_client_activity_EFIMOVICH_EVGENII, task_id=extract, run_id=manual__2024-12-04T20:14:10.645711+00:00, execution_date=20241204T201410, start_date=20241204T201415, end_date=20241204T201419
[2024-12-04T20:14:19.583+0000] {logging_mixin.py:190} INFO - Task instance in success state
[2024-12-04T20:14:19.583+0000] {logging_mixin.py:190} INFO -  Previous state of the Task instance: running
[2024-12-04T20:14:19.584+0000] {logging_mixin.py:190} INFO - Dag name:etl_client_activity_EFIMOVICH_EVGENII queued_at:2024-12-04 20:14:10.779837+00:00
[2024-12-04T20:14:19.584+0000] {logging_mixin.py:190} INFO - Task hostname:fbfc88a57984 operator:PythonOperator
[2024-12-04T20:14:19.629+0000] {local_task_job_runner.py:266} INFO - Task exited with return code 0
[2024-12-04T20:14:19.667+0000] {taskinstance.py:3895} INFO - 10 downstream tasks scheduled from follow-on schedule check
[2024-12-04T20:14:19.669+0000] {local_task_job_runner.py:245} INFO - ::endgroup::
