[2024-12-04T20:09:01.708+0000] {local_task_job_runner.py:123} INFO - ::group::Pre task execution logs
[2024-12-04T20:09:01.775+0000] {taskinstance.py:2613} INFO - Dependencies all met for dep_context=non-requeueable deps ti=<TaskInstance: etl_client_activity_EFIMOVICH_EVGENII.transform_i manual__2024-12-04T20:08:50.962670+00:00 [queued]>
[2024-12-04T20:09:01.798+0000] {taskinstance.py:2613} INFO - Dependencies all met for dep_context=requeueable deps ti=<TaskInstance: etl_client_activity_EFIMOVICH_EVGENII.transform_i manual__2024-12-04T20:08:50.962670+00:00 [queued]>
[2024-12-04T20:09:01.799+0000] {taskinstance.py:2866} INFO - Starting attempt 1 of 1
[2024-12-04T20:09:02.613+0000] {taskinstance.py:2889} INFO - Executing <Task(PythonOperator): transform_i> on 2024-12-04 20:08:50.962670+00:00
[2024-12-04T20:09:02.627+0000] {warnings.py:112} WARNING - /home/***/.local/lib/python3.12/site-packages/***/task/task_runner/standard_task_runner.py:70: DeprecationWarning: This process (pid=78) is multi-threaded, use of fork() may lead to deadlocks in the child.
  pid = os.fork()

[2024-12-04T20:09:02.630+0000] {standard_task_runner.py:72} INFO - Started process 94 to run task
[2024-12-04T20:09:02.631+0000] {standard_task_runner.py:104} INFO - Running: ['***', 'tasks', 'run', 'etl_client_activity_EFIMOVICH_EVGENII', 'transform_i', 'manual__2024-12-04T20:08:50.962670+00:00', '--job-id', '68', '--raw', '--subdir', 'DAGS_FOLDER/etl_client_activity.py', '--cfg-path', '/tmp/tmpo_09wqss']
[2024-12-04T20:09:02.635+0000] {standard_task_runner.py:105} INFO - Job 68: Subtask transform_i
[2024-12-04T20:09:02.788+0000] {task_command.py:467} INFO - Running <TaskInstance: etl_client_activity_EFIMOVICH_EVGENII.transform_i manual__2024-12-04T20:08:50.962670+00:00 [running]> on host fbfc88a57984
[2024-12-04T20:09:03.047+0000] {taskinstance.py:3132} INFO - Exporting env vars: AIRFLOW_CTX_DAG_OWNER='***' AIRFLOW_CTX_DAG_ID='etl_client_activity_EFIMOVICH_EVGENII' AIRFLOW_CTX_TASK_ID='transform_i' AIRFLOW_CTX_EXECUTION_DATE='2024-12-04T20:08:50.962670+00:00' AIRFLOW_CTX_TRY_NUMBER='1' AIRFLOW_CTX_DAG_RUN_ID='manual__2024-12-04T20:08:50.962670+00:00'
[2024-12-04T20:09:03.062+0000] {logging_mixin.py:190} INFO - Task instance is in running state
[2024-12-04T20:09:03.067+0000] {logging_mixin.py:190} INFO -  Previous state of the Task instance: queued
[2024-12-04T20:09:03.068+0000] {logging_mixin.py:190} INFO - Current task name:transform_i state:running start_date:2024-12-04 20:09:01.776807+00:00
[2024-12-04T20:09:03.074+0000] {logging_mixin.py:190} INFO - Dag name:etl_client_activity_EFIMOVICH_EVGENII and current dag run status:running
[2024-12-04T20:09:03.079+0000] {taskinstance.py:731} INFO - ::endgroup::
[2024-12-04T20:09:05.361+0000] {local_task_job_runner.py:266} INFO - Task exited with return code -9. For more information, see https://***.apache.org/docs/apache-***/stable/troubleshooting.html#LocalTaskJob-killed
[2024-12-04T20:09:05.843+0000] {taskinstance.py:3895} INFO - 0 downstream tasks scheduled from follow-on schedule check
[2024-12-04T20:09:05.852+0000] {local_task_job_runner.py:245} INFO - ::endgroup::
