[2024-12-04T20:09:13.668+0000] {local_task_job_runner.py:123} INFO - ::group::Pre task execution logs
[2024-12-04T20:09:13.692+0000] {taskinstance.py:2613} INFO - Dependencies all met for dep_context=non-requeueable deps ti=<TaskInstance: etl_client_activity_EFIMOVICH_EVGENII.transform_f manual__2024-12-04T20:08:50.962670+00:00 [queued]>
[2024-12-04T20:09:13.714+0000] {taskinstance.py:2613} INFO - Dependencies all met for dep_context=requeueable deps ti=<TaskInstance: etl_client_activity_EFIMOVICH_EVGENII.transform_f manual__2024-12-04T20:08:50.962670+00:00 [queued]>
[2024-12-04T20:09:13.715+0000] {taskinstance.py:2866} INFO - Starting attempt 1 of 1
[2024-12-04T20:09:23.203+0000] {taskinstance.py:2889} INFO - Executing <Task(PythonOperator): transform_f> on 2024-12-04 20:08:50.962670+00:00
[2024-12-04T20:09:23.527+0000] {warnings.py:112} WARNING - /home/***/.local/lib/python3.12/site-packages/***/task/task_runner/standard_task_runner.py:70: DeprecationWarning: This process (pid=84) is multi-threaded, use of fork() may lead to deadlocks in the child.
  pid = os.fork()

[2024-12-04T20:09:23.629+0000] {standard_task_runner.py:72} INFO - Started process 141 to run task
[2024-12-04T20:09:23.669+0000] {standard_task_runner.py:104} INFO - Running: ['***', 'tasks', 'run', 'etl_client_activity_EFIMOVICH_EVGENII', 'transform_f', 'manual__2024-12-04T20:08:50.962670+00:00', '--job-id', '72', '--raw', '--subdir', 'DAGS_FOLDER/etl_client_activity.py', '--cfg-path', '/tmp/tmpga87zk_2']
[2024-12-04T20:09:23.751+0000] {standard_task_runner.py:105} INFO - Job 72: Subtask transform_f
[2024-12-04T20:09:24.996+0000] {task_command.py:467} INFO - Running <TaskInstance: etl_client_activity_EFIMOVICH_EVGENII.transform_f manual__2024-12-04T20:08:50.962670+00:00 [running]> on host fbfc88a57984
[2024-12-04T20:09:26.343+0000] {taskinstance.py:3132} INFO - Exporting env vars: AIRFLOW_CTX_DAG_OWNER='***' AIRFLOW_CTX_DAG_ID='etl_client_activity_EFIMOVICH_EVGENII' AIRFLOW_CTX_TASK_ID='transform_f' AIRFLOW_CTX_EXECUTION_DATE='2024-12-04T20:08:50.962670+00:00' AIRFLOW_CTX_TRY_NUMBER='1' AIRFLOW_CTX_DAG_RUN_ID='manual__2024-12-04T20:08:50.962670+00:00'
[2024-12-04T20:09:26.386+0000] {logging_mixin.py:190} INFO - Task instance is in running state
[2024-12-04T20:09:26.390+0000] {logging_mixin.py:190} INFO -  Previous state of the Task instance: queued
[2024-12-04T20:09:26.392+0000] {logging_mixin.py:190} INFO - Current task name:transform_f state:running start_date:2024-12-04 20:09:13.693421+00:00
[2024-12-04T20:09:26.394+0000] {logging_mixin.py:190} INFO - Dag name:etl_client_activity_EFIMOVICH_EVGENII and current dag run status:running
[2024-12-04T20:09:26.402+0000] {taskinstance.py:731} INFO - ::endgroup::
[2024-12-04T20:09:31.762+0000] {job.py:229} INFO - Heartbeat recovered after 18.22 seconds
[2024-12-04T20:09:31.883+0000] {local_task_job_runner.py:266} INFO - Task exited with return code -9. For more information, see https://***.apache.org/docs/apache-***/stable/troubleshooting.html#LocalTaskJob-killed
[2024-12-04T20:09:31.977+0000] {taskinstance.py:3895} INFO - 0 downstream tasks scheduled from follow-on schedule check
[2024-12-04T20:09:31.979+0000] {local_task_job_runner.py:245} INFO - ::endgroup::
