[2024-12-04T17:12:19.873+0000] {processor.py:186} INFO - Started process (PID=77) to work on /home/airflow/.local/lib/python3.12/site-packages/airflow/example_dags/example_dataset_alias.py
[2024-12-04T17:12:19.873+0000] {processor.py:914} INFO - Processing file /home/airflow/.local/lib/python3.12/site-packages/airflow/example_dags/example_dataset_alias.py for tasks to queue
[2024-12-04T17:12:19.874+0000] {logging_mixin.py:190} INFO - [2024-12-04T17:12:19.874+0000] {dagbag.py:588} INFO - Filling up the DagBag from /home/airflow/.local/lib/python3.12/site-packages/airflow/example_dags/example_dataset_alias.py
[2024-12-04T17:12:20.830+0000] {processor.py:925} INFO - DAG(s) 'dataset_s3_bucket_consumer', 'dataset_alias_example_alias_producer', 'dataset_s3_bucket_producer', 'dataset_alias_example_alias_consumer' retrieved from /home/airflow/.local/lib/python3.12/site-packages/airflow/example_dags/example_dataset_alias.py
[2024-12-04T17:12:20.894+0000] {logging_mixin.py:190} INFO - [2024-12-04T17:12:20.894+0000] {override.py:1911} INFO - Created Permission View: can read on DAG:dataset_s3_bucket_consumer
[2024-12-04T17:12:20.901+0000] {logging_mixin.py:190} INFO - [2024-12-04T17:12:20.901+0000] {override.py:1911} INFO - Created Permission View: can delete on DAG:dataset_s3_bucket_consumer
[2024-12-04T17:12:20.905+0000] {logging_mixin.py:190} INFO - [2024-12-04T17:12:20.905+0000] {override.py:1911} INFO - Created Permission View: can edit on DAG:dataset_s3_bucket_consumer
[2024-12-04T17:12:20.908+0000] {logging_mixin.py:190} INFO - [2024-12-04T17:12:20.908+0000] {override.py:1911} INFO - Created Permission View: menu access on DAG Run:dataset_s3_bucket_consumer
[2024-12-04T17:12:20.912+0000] {logging_mixin.py:190} INFO - [2024-12-04T17:12:20.911+0000] {override.py:1911} INFO - Created Permission View: can delete on DAG Run:dataset_s3_bucket_consumer
[2024-12-04T17:12:20.915+0000] {logging_mixin.py:190} INFO - [2024-12-04T17:12:20.915+0000] {override.py:1911} INFO - Created Permission View: can read on DAG Run:dataset_s3_bucket_consumer
[2024-12-04T17:12:20.918+0000] {logging_mixin.py:190} INFO - [2024-12-04T17:12:20.918+0000] {override.py:1911} INFO - Created Permission View: can create on DAG Run:dataset_s3_bucket_consumer
[2024-12-04T17:12:20.928+0000] {logging_mixin.py:190} INFO - [2024-12-04T17:12:20.928+0000] {override.py:1911} INFO - Created Permission View: can read on DAG:dataset_alias_example_alias_producer
[2024-12-04T17:12:20.932+0000] {logging_mixin.py:190} INFO - [2024-12-04T17:12:20.932+0000] {override.py:1911} INFO - Created Permission View: can delete on DAG:dataset_alias_example_alias_producer
[2024-12-04T17:12:20.936+0000] {logging_mixin.py:190} INFO - [2024-12-04T17:12:20.935+0000] {override.py:1911} INFO - Created Permission View: can edit on DAG:dataset_alias_example_alias_producer
[2024-12-04T17:12:20.939+0000] {logging_mixin.py:190} INFO - [2024-12-04T17:12:20.939+0000] {override.py:1911} INFO - Created Permission View: menu access on DAG Run:dataset_alias_example_alias_producer
[2024-12-04T17:12:20.943+0000] {logging_mixin.py:190} INFO - [2024-12-04T17:12:20.943+0000] {override.py:1911} INFO - Created Permission View: can delete on DAG Run:dataset_alias_example_alias_producer
[2024-12-04T17:12:20.946+0000] {logging_mixin.py:190} INFO - [2024-12-04T17:12:20.946+0000] {override.py:1911} INFO - Created Permission View: can read on DAG Run:dataset_alias_example_alias_producer
[2024-12-04T17:12:20.950+0000] {logging_mixin.py:190} INFO - [2024-12-04T17:12:20.950+0000] {override.py:1911} INFO - Created Permission View: can create on DAG Run:dataset_alias_example_alias_producer
[2024-12-04T17:12:20.956+0000] {logging_mixin.py:190} INFO - [2024-12-04T17:12:20.956+0000] {override.py:1911} INFO - Created Permission View: can read on DAG:dataset_s3_bucket_producer
[2024-12-04T17:12:20.960+0000] {logging_mixin.py:190} INFO - [2024-12-04T17:12:20.960+0000] {override.py:1911} INFO - Created Permission View: can delete on DAG:dataset_s3_bucket_producer
[2024-12-04T17:12:20.963+0000] {logging_mixin.py:190} INFO - [2024-12-04T17:12:20.963+0000] {override.py:1911} INFO - Created Permission View: can edit on DAG:dataset_s3_bucket_producer
[2024-12-04T17:12:20.967+0000] {logging_mixin.py:190} INFO - [2024-12-04T17:12:20.966+0000] {override.py:1911} INFO - Created Permission View: menu access on DAG Run:dataset_s3_bucket_producer
[2024-12-04T17:12:20.970+0000] {logging_mixin.py:190} INFO - [2024-12-04T17:12:20.970+0000] {override.py:1911} INFO - Created Permission View: can delete on DAG Run:dataset_s3_bucket_producer
[2024-12-04T17:12:20.974+0000] {logging_mixin.py:190} INFO - [2024-12-04T17:12:20.974+0000] {override.py:1911} INFO - Created Permission View: can read on DAG Run:dataset_s3_bucket_producer
[2024-12-04T17:12:20.978+0000] {logging_mixin.py:190} INFO - [2024-12-04T17:12:20.978+0000] {override.py:1911} INFO - Created Permission View: can create on DAG Run:dataset_s3_bucket_producer
[2024-12-04T17:12:20.985+0000] {logging_mixin.py:190} INFO - [2024-12-04T17:12:20.985+0000] {override.py:1911} INFO - Created Permission View: can read on DAG:dataset_alias_example_alias_consumer
[2024-12-04T17:12:20.989+0000] {logging_mixin.py:190} INFO - [2024-12-04T17:12:20.989+0000] {override.py:1911} INFO - Created Permission View: can delete on DAG:dataset_alias_example_alias_consumer
[2024-12-04T17:12:20.993+0000] {logging_mixin.py:190} INFO - [2024-12-04T17:12:20.992+0000] {override.py:1911} INFO - Created Permission View: can edit on DAG:dataset_alias_example_alias_consumer
[2024-12-04T17:12:20.997+0000] {logging_mixin.py:190} INFO - [2024-12-04T17:12:20.997+0000] {override.py:1911} INFO - Created Permission View: menu access on DAG Run:dataset_alias_example_alias_consumer
[2024-12-04T17:12:21.000+0000] {logging_mixin.py:190} INFO - [2024-12-04T17:12:21.000+0000] {override.py:1911} INFO - Created Permission View: can delete on DAG Run:dataset_alias_example_alias_consumer
[2024-12-04T17:12:21.005+0000] {logging_mixin.py:190} INFO - [2024-12-04T17:12:21.005+0000] {override.py:1911} INFO - Created Permission View: can read on DAG Run:dataset_alias_example_alias_consumer
[2024-12-04T17:12:21.011+0000] {logging_mixin.py:190} INFO - [2024-12-04T17:12:21.011+0000] {override.py:1911} INFO - Created Permission View: can create on DAG Run:dataset_alias_example_alias_consumer
[2024-12-04T17:12:21.011+0000] {logging_mixin.py:190} INFO - [2024-12-04T17:12:21.011+0000] {dag.py:3239} INFO - Sync 4 DAGs
[2024-12-04T17:12:21.019+0000] {logging_mixin.py:190} INFO - [2024-12-04T17:12:21.019+0000] {dag.py:3262} INFO - Creating ORM DAG for dataset_s3_bucket_producer
[2024-12-04T17:12:21.020+0000] {logging_mixin.py:190} INFO - [2024-12-04T17:12:21.020+0000] {dag.py:3262} INFO - Creating ORM DAG for dataset_alias_example_alias_consumer
[2024-12-04T17:12:21.020+0000] {logging_mixin.py:190} INFO - [2024-12-04T17:12:21.020+0000] {dag.py:3262} INFO - Creating ORM DAG for dataset_s3_bucket_consumer
[2024-12-04T17:12:21.021+0000] {logging_mixin.py:190} INFO - [2024-12-04T17:12:21.021+0000] {dag.py:3262} INFO - Creating ORM DAG for dataset_alias_example_alias_producer
[2024-12-04T17:12:21.026+0000] {logging_mixin.py:190} INFO - [2024-12-04T17:12:21.026+0000] {dag.py:4180} INFO - Setting next_dagrun for dataset_alias_example_alias_consumer to None, run_after=None
[2024-12-04T17:12:21.028+0000] {logging_mixin.py:190} INFO - [2024-12-04T17:12:21.027+0000] {dag.py:4180} INFO - Setting next_dagrun for dataset_alias_example_alias_producer to None, run_after=None
[2024-12-04T17:12:21.028+0000] {logging_mixin.py:190} INFO - [2024-12-04T17:12:21.028+0000] {dag.py:4180} INFO - Setting next_dagrun for dataset_s3_bucket_consumer to None, run_after=None
[2024-12-04T17:12:21.028+0000] {logging_mixin.py:190} INFO - [2024-12-04T17:12:21.028+0000] {dag.py:4180} INFO - Setting next_dagrun for dataset_s3_bucket_producer to None, run_after=None
[2024-12-04T17:12:21.045+0000] {processor.py:208} INFO - Processing /home/airflow/.local/lib/python3.12/site-packages/airflow/example_dags/example_dataset_alias.py took 1.177 seconds
[2024-12-04T17:12:51.550+0000] {processor.py:186} INFO - Started process (PID=140) to work on /home/airflow/.local/lib/python3.12/site-packages/airflow/example_dags/example_dataset_alias.py
[2024-12-04T17:12:51.556+0000] {processor.py:914} INFO - Processing file /home/airflow/.local/lib/python3.12/site-packages/airflow/example_dags/example_dataset_alias.py for tasks to queue
[2024-12-04T17:12:51.557+0000] {logging_mixin.py:190} INFO - [2024-12-04T17:12:51.557+0000] {dagbag.py:588} INFO - Filling up the DagBag from /home/airflow/.local/lib/python3.12/site-packages/airflow/example_dags/example_dataset_alias.py
[2024-12-04T17:12:52.312+0000] {processor.py:925} INFO - DAG(s) 'dataset_s3_bucket_consumer', 'dataset_alias_example_alias_consumer', 'dataset_s3_bucket_producer', 'dataset_alias_example_alias_producer' retrieved from /home/airflow/.local/lib/python3.12/site-packages/airflow/example_dags/example_dataset_alias.py
[2024-12-04T17:12:52.329+0000] {logging_mixin.py:190} INFO - [2024-12-04T17:12:52.329+0000] {dag.py:3239} INFO - Sync 4 DAGs
[2024-12-04T17:12:52.349+0000] {logging_mixin.py:190} INFO - [2024-12-04T17:12:52.349+0000] {dag.py:4180} INFO - Setting next_dagrun for dataset_alias_example_alias_consumer to None, run_after=None
[2024-12-04T17:12:52.352+0000] {logging_mixin.py:190} INFO - [2024-12-04T17:12:52.352+0000] {dag.py:4180} INFO - Setting next_dagrun for dataset_alias_example_alias_producer to None, run_after=None
[2024-12-04T17:12:52.355+0000] {logging_mixin.py:190} INFO - [2024-12-04T17:12:52.355+0000] {dag.py:4180} INFO - Setting next_dagrun for dataset_s3_bucket_consumer to None, run_after=None
[2024-12-04T17:12:52.358+0000] {logging_mixin.py:190} INFO - [2024-12-04T17:12:52.358+0000] {dag.py:4180} INFO - Setting next_dagrun for dataset_s3_bucket_producer to None, run_after=None
[2024-12-04T17:12:52.448+0000] {processor.py:208} INFO - Processing /home/airflow/.local/lib/python3.12/site-packages/airflow/example_dags/example_dataset_alias.py took 0.904 seconds
[2024-12-04T17:13:22.630+0000] {processor.py:186} INFO - Started process (PID=209) to work on /home/airflow/.local/lib/python3.12/site-packages/airflow/example_dags/example_dataset_alias.py
[2024-12-04T17:13:22.635+0000] {processor.py:914} INFO - Processing file /home/airflow/.local/lib/python3.12/site-packages/airflow/example_dags/example_dataset_alias.py for tasks to queue
[2024-12-04T17:13:22.642+0000] {logging_mixin.py:190} INFO - [2024-12-04T17:13:22.641+0000] {dagbag.py:588} INFO - Filling up the DagBag from /home/airflow/.local/lib/python3.12/site-packages/airflow/example_dags/example_dataset_alias.py
[2024-12-04T17:13:23.218+0000] {processor.py:925} INFO - DAG(s) 'dataset_s3_bucket_producer', 'dataset_alias_example_alias_consumer', 'dataset_s3_bucket_consumer', 'dataset_alias_example_alias_producer' retrieved from /home/airflow/.local/lib/python3.12/site-packages/airflow/example_dags/example_dataset_alias.py
[2024-12-04T17:13:23.232+0000] {logging_mixin.py:190} INFO - [2024-12-04T17:13:23.231+0000] {dag.py:3239} INFO - Sync 4 DAGs
[2024-12-04T17:13:23.245+0000] {logging_mixin.py:190} INFO - [2024-12-04T17:13:23.245+0000] {dag.py:4180} INFO - Setting next_dagrun for dataset_alias_example_alias_consumer to None, run_after=None
[2024-12-04T17:13:23.246+0000] {logging_mixin.py:190} INFO - [2024-12-04T17:13:23.246+0000] {dag.py:4180} INFO - Setting next_dagrun for dataset_alias_example_alias_producer to None, run_after=None
[2024-12-04T17:13:23.247+0000] {logging_mixin.py:190} INFO - [2024-12-04T17:13:23.247+0000] {dag.py:4180} INFO - Setting next_dagrun for dataset_s3_bucket_consumer to None, run_after=None
[2024-12-04T17:13:23.248+0000] {logging_mixin.py:190} INFO - [2024-12-04T17:13:23.248+0000] {dag.py:4180} INFO - Setting next_dagrun for dataset_s3_bucket_producer to None, run_after=None
[2024-12-04T17:13:23.259+0000] {processor.py:208} INFO - Processing /home/airflow/.local/lib/python3.12/site-packages/airflow/example_dags/example_dataset_alias.py took 0.647 seconds
[2024-12-04T17:13:54.071+0000] {processor.py:186} INFO - Started process (PID=272) to work on /home/airflow/.local/lib/python3.12/site-packages/airflow/example_dags/example_dataset_alias.py
[2024-12-04T17:13:54.077+0000] {processor.py:914} INFO - Processing file /home/airflow/.local/lib/python3.12/site-packages/airflow/example_dags/example_dataset_alias.py for tasks to queue
[2024-12-04T17:13:54.079+0000] {logging_mixin.py:190} INFO - [2024-12-04T17:13:54.079+0000] {dagbag.py:588} INFO - Filling up the DagBag from /home/airflow/.local/lib/python3.12/site-packages/airflow/example_dags/example_dataset_alias.py
[2024-12-04T17:13:54.657+0000] {processor.py:925} INFO - DAG(s) 'dataset_alias_example_alias_consumer', 'dataset_alias_example_alias_producer', 'dataset_s3_bucket_producer', 'dataset_s3_bucket_consumer' retrieved from /home/airflow/.local/lib/python3.12/site-packages/airflow/example_dags/example_dataset_alias.py
[2024-12-04T17:13:54.677+0000] {logging_mixin.py:190} INFO - [2024-12-04T17:13:54.677+0000] {dag.py:3239} INFO - Sync 4 DAGs
[2024-12-04T17:13:54.691+0000] {logging_mixin.py:190} INFO - [2024-12-04T17:13:54.691+0000] {dag.py:4180} INFO - Setting next_dagrun for dataset_alias_example_alias_consumer to None, run_after=None
[2024-12-04T17:13:54.695+0000] {logging_mixin.py:190} INFO - [2024-12-04T17:13:54.694+0000] {dag.py:4180} INFO - Setting next_dagrun for dataset_alias_example_alias_producer to None, run_after=None
[2024-12-04T17:13:54.698+0000] {logging_mixin.py:190} INFO - [2024-12-04T17:13:54.697+0000] {dag.py:4180} INFO - Setting next_dagrun for dataset_s3_bucket_consumer to None, run_after=None
[2024-12-04T17:13:54.699+0000] {logging_mixin.py:190} INFO - [2024-12-04T17:13:54.699+0000] {dag.py:4180} INFO - Setting next_dagrun for dataset_s3_bucket_producer to None, run_after=None
[2024-12-04T17:13:54.725+0000] {processor.py:208} INFO - Processing /home/airflow/.local/lib/python3.12/site-packages/airflow/example_dags/example_dataset_alias.py took 0.658 seconds
[2024-12-04T17:14:25.609+0000] {processor.py:186} INFO - Started process (PID=335) to work on /home/airflow/.local/lib/python3.12/site-packages/airflow/example_dags/example_dataset_alias.py
[2024-12-04T17:14:25.612+0000] {processor.py:914} INFO - Processing file /home/airflow/.local/lib/python3.12/site-packages/airflow/example_dags/example_dataset_alias.py for tasks to queue
[2024-12-04T17:14:25.614+0000] {logging_mixin.py:190} INFO - [2024-12-04T17:14:25.613+0000] {dagbag.py:588} INFO - Filling up the DagBag from /home/airflow/.local/lib/python3.12/site-packages/airflow/example_dags/example_dataset_alias.py
[2024-12-04T17:14:26.120+0000] {processor.py:925} INFO - DAG(s) 'dataset_s3_bucket_consumer', 'dataset_s3_bucket_producer', 'dataset_alias_example_alias_producer', 'dataset_alias_example_alias_consumer' retrieved from /home/airflow/.local/lib/python3.12/site-packages/airflow/example_dags/example_dataset_alias.py
[2024-12-04T17:14:26.133+0000] {logging_mixin.py:190} INFO - [2024-12-04T17:14:26.133+0000] {dag.py:3239} INFO - Sync 4 DAGs
[2024-12-04T17:14:26.152+0000] {logging_mixin.py:190} INFO - [2024-12-04T17:14:26.152+0000] {dag.py:4180} INFO - Setting next_dagrun for dataset_alias_example_alias_consumer to None, run_after=None
[2024-12-04T17:14:26.154+0000] {logging_mixin.py:190} INFO - [2024-12-04T17:14:26.154+0000] {dag.py:4180} INFO - Setting next_dagrun for dataset_alias_example_alias_producer to None, run_after=None
[2024-12-04T17:14:26.157+0000] {logging_mixin.py:190} INFO - [2024-12-04T17:14:26.157+0000] {dag.py:4180} INFO - Setting next_dagrun for dataset_s3_bucket_consumer to None, run_after=None
[2024-12-04T17:14:26.158+0000] {logging_mixin.py:190} INFO - [2024-12-04T17:14:26.158+0000] {dag.py:4180} INFO - Setting next_dagrun for dataset_s3_bucket_producer to None, run_after=None
[2024-12-04T17:14:26.177+0000] {processor.py:208} INFO - Processing /home/airflow/.local/lib/python3.12/site-packages/airflow/example_dags/example_dataset_alias.py took 0.573 seconds
[2024-12-04T17:14:57.069+0000] {processor.py:186} INFO - Started process (PID=398) to work on /home/airflow/.local/lib/python3.12/site-packages/airflow/example_dags/example_dataset_alias.py
[2024-12-04T17:14:57.071+0000] {processor.py:914} INFO - Processing file /home/airflow/.local/lib/python3.12/site-packages/airflow/example_dags/example_dataset_alias.py for tasks to queue
[2024-12-04T17:14:57.076+0000] {logging_mixin.py:190} INFO - [2024-12-04T17:14:57.075+0000] {dagbag.py:588} INFO - Filling up the DagBag from /home/airflow/.local/lib/python3.12/site-packages/airflow/example_dags/example_dataset_alias.py
[2024-12-04T17:14:57.580+0000] {processor.py:925} INFO - DAG(s) 'dataset_alias_example_alias_consumer', 'dataset_alias_example_alias_producer', 'dataset_s3_bucket_consumer', 'dataset_s3_bucket_producer' retrieved from /home/airflow/.local/lib/python3.12/site-packages/airflow/example_dags/example_dataset_alias.py
[2024-12-04T17:14:57.602+0000] {logging_mixin.py:190} INFO - [2024-12-04T17:14:57.602+0000] {dag.py:3239} INFO - Sync 4 DAGs
[2024-12-04T17:14:57.617+0000] {logging_mixin.py:190} INFO - [2024-12-04T17:14:57.617+0000] {dag.py:4180} INFO - Setting next_dagrun for dataset_alias_example_alias_consumer to None, run_after=None
[2024-12-04T17:14:57.620+0000] {logging_mixin.py:190} INFO - [2024-12-04T17:14:57.620+0000] {dag.py:4180} INFO - Setting next_dagrun for dataset_alias_example_alias_producer to None, run_after=None
[2024-12-04T17:14:57.622+0000] {logging_mixin.py:190} INFO - [2024-12-04T17:14:57.622+0000] {dag.py:4180} INFO - Setting next_dagrun for dataset_s3_bucket_consumer to None, run_after=None
[2024-12-04T17:14:57.625+0000] {logging_mixin.py:190} INFO - [2024-12-04T17:14:57.625+0000] {dag.py:4180} INFO - Setting next_dagrun for dataset_s3_bucket_producer to None, run_after=None
[2024-12-04T17:14:57.640+0000] {processor.py:208} INFO - Processing /home/airflow/.local/lib/python3.12/site-packages/airflow/example_dags/example_dataset_alias.py took 0.575 seconds
[2024-12-04T17:15:27.896+0000] {processor.py:186} INFO - Started process (PID=461) to work on /home/airflow/.local/lib/python3.12/site-packages/airflow/example_dags/example_dataset_alias.py
[2024-12-04T17:15:27.898+0000] {processor.py:914} INFO - Processing file /home/airflow/.local/lib/python3.12/site-packages/airflow/example_dags/example_dataset_alias.py for tasks to queue
[2024-12-04T17:15:27.902+0000] {logging_mixin.py:190} INFO - [2024-12-04T17:15:27.902+0000] {dagbag.py:588} INFO - Filling up the DagBag from /home/airflow/.local/lib/python3.12/site-packages/airflow/example_dags/example_dataset_alias.py
[2024-12-04T17:15:28.521+0000] {processor.py:925} INFO - DAG(s) 'dataset_alias_example_alias_producer', 'dataset_s3_bucket_producer', 'dataset_alias_example_alias_consumer', 'dataset_s3_bucket_consumer' retrieved from /home/airflow/.local/lib/python3.12/site-packages/airflow/example_dags/example_dataset_alias.py
[2024-12-04T17:15:28.535+0000] {logging_mixin.py:190} INFO - [2024-12-04T17:15:28.535+0000] {dag.py:3239} INFO - Sync 4 DAGs
[2024-12-04T17:15:28.550+0000] {logging_mixin.py:190} INFO - [2024-12-04T17:15:28.550+0000] {dag.py:4180} INFO - Setting next_dagrun for dataset_alias_example_alias_consumer to None, run_after=None
[2024-12-04T17:15:28.551+0000] {logging_mixin.py:190} INFO - [2024-12-04T17:15:28.551+0000] {dag.py:4180} INFO - Setting next_dagrun for dataset_alias_example_alias_producer to None, run_after=None
[2024-12-04T17:15:28.552+0000] {logging_mixin.py:190} INFO - [2024-12-04T17:15:28.552+0000] {dag.py:4180} INFO - Setting next_dagrun for dataset_s3_bucket_consumer to None, run_after=None
[2024-12-04T17:15:28.554+0000] {logging_mixin.py:190} INFO - [2024-12-04T17:15:28.554+0000] {dag.py:4180} INFO - Setting next_dagrun for dataset_s3_bucket_producer to None, run_after=None
[2024-12-04T17:15:28.572+0000] {processor.py:208} INFO - Processing /home/airflow/.local/lib/python3.12/site-packages/airflow/example_dags/example_dataset_alias.py took 0.684 seconds
[2024-12-04T17:15:59.555+0000] {processor.py:186} INFO - Started process (PID=524) to work on /home/airflow/.local/lib/python3.12/site-packages/airflow/example_dags/example_dataset_alias.py
[2024-12-04T17:15:59.559+0000] {processor.py:914} INFO - Processing file /home/airflow/.local/lib/python3.12/site-packages/airflow/example_dags/example_dataset_alias.py for tasks to queue
[2024-12-04T17:15:59.567+0000] {logging_mixin.py:190} INFO - [2024-12-04T17:15:59.566+0000] {dagbag.py:588} INFO - Filling up the DagBag from /home/airflow/.local/lib/python3.12/site-packages/airflow/example_dags/example_dataset_alias.py
[2024-12-04T17:16:00.110+0000] {processor.py:925} INFO - DAG(s) 'dataset_alias_example_alias_consumer', 'dataset_alias_example_alias_producer', 'dataset_s3_bucket_consumer', 'dataset_s3_bucket_producer' retrieved from /home/airflow/.local/lib/python3.12/site-packages/airflow/example_dags/example_dataset_alias.py
[2024-12-04T17:16:00.124+0000] {logging_mixin.py:190} INFO - [2024-12-04T17:16:00.123+0000] {dag.py:3239} INFO - Sync 4 DAGs
[2024-12-04T17:16:00.150+0000] {logging_mixin.py:190} INFO - [2024-12-04T17:16:00.150+0000] {dag.py:4180} INFO - Setting next_dagrun for dataset_alias_example_alias_consumer to None, run_after=None
[2024-12-04T17:16:00.152+0000] {logging_mixin.py:190} INFO - [2024-12-04T17:16:00.152+0000] {dag.py:4180} INFO - Setting next_dagrun for dataset_alias_example_alias_producer to None, run_after=None
[2024-12-04T17:16:00.154+0000] {logging_mixin.py:190} INFO - [2024-12-04T17:16:00.154+0000] {dag.py:4180} INFO - Setting next_dagrun for dataset_s3_bucket_consumer to None, run_after=None
[2024-12-04T17:16:00.155+0000] {logging_mixin.py:190} INFO - [2024-12-04T17:16:00.155+0000] {dag.py:4180} INFO - Setting next_dagrun for dataset_s3_bucket_producer to None, run_after=None
[2024-12-04T17:16:00.169+0000] {processor.py:208} INFO - Processing /home/airflow/.local/lib/python3.12/site-packages/airflow/example_dags/example_dataset_alias.py took 0.621 seconds
[2024-12-04T17:16:30.903+0000] {processor.py:186} INFO - Started process (PID=587) to work on /home/airflow/.local/lib/python3.12/site-packages/airflow/example_dags/example_dataset_alias.py
[2024-12-04T17:16:30.905+0000] {processor.py:914} INFO - Processing file /home/airflow/.local/lib/python3.12/site-packages/airflow/example_dags/example_dataset_alias.py for tasks to queue
[2024-12-04T17:16:30.911+0000] {logging_mixin.py:190} INFO - [2024-12-04T17:16:30.910+0000] {dagbag.py:588} INFO - Filling up the DagBag from /home/airflow/.local/lib/python3.12/site-packages/airflow/example_dags/example_dataset_alias.py
[2024-12-04T17:16:31.419+0000] {processor.py:925} INFO - DAG(s) 'dataset_alias_example_alias_producer', 'dataset_s3_bucket_producer', 'dataset_s3_bucket_consumer', 'dataset_alias_example_alias_consumer' retrieved from /home/airflow/.local/lib/python3.12/site-packages/airflow/example_dags/example_dataset_alias.py
[2024-12-04T17:16:31.434+0000] {logging_mixin.py:190} INFO - [2024-12-04T17:16:31.433+0000] {dag.py:3239} INFO - Sync 4 DAGs
[2024-12-04T17:16:31.446+0000] {logging_mixin.py:190} INFO - [2024-12-04T17:16:31.446+0000] {dag.py:4180} INFO - Setting next_dagrun for dataset_alias_example_alias_consumer to None, run_after=None
[2024-12-04T17:16:31.447+0000] {logging_mixin.py:190} INFO - [2024-12-04T17:16:31.447+0000] {dag.py:4180} INFO - Setting next_dagrun for dataset_alias_example_alias_producer to None, run_after=None
[2024-12-04T17:16:31.448+0000] {logging_mixin.py:190} INFO - [2024-12-04T17:16:31.448+0000] {dag.py:4180} INFO - Setting next_dagrun for dataset_s3_bucket_consumer to None, run_after=None
[2024-12-04T17:16:31.449+0000] {logging_mixin.py:190} INFO - [2024-12-04T17:16:31.449+0000] {dag.py:4180} INFO - Setting next_dagrun for dataset_s3_bucket_producer to None, run_after=None
[2024-12-04T17:16:31.466+0000] {processor.py:208} INFO - Processing /home/airflow/.local/lib/python3.12/site-packages/airflow/example_dags/example_dataset_alias.py took 0.569 seconds
[2024-12-04T17:17:01.594+0000] {processor.py:186} INFO - Started process (PID=650) to work on /home/airflow/.local/lib/python3.12/site-packages/airflow/example_dags/example_dataset_alias.py
[2024-12-04T17:17:01.595+0000] {processor.py:914} INFO - Processing file /home/airflow/.local/lib/python3.12/site-packages/airflow/example_dags/example_dataset_alias.py for tasks to queue
[2024-12-04T17:17:01.601+0000] {logging_mixin.py:190} INFO - [2024-12-04T17:17:01.601+0000] {dagbag.py:588} INFO - Filling up the DagBag from /home/airflow/.local/lib/python3.12/site-packages/airflow/example_dags/example_dataset_alias.py
[2024-12-04T17:17:02.219+0000] {processor.py:925} INFO - DAG(s) 'dataset_alias_example_alias_producer', 'dataset_alias_example_alias_consumer', 'dataset_s3_bucket_producer', 'dataset_s3_bucket_consumer' retrieved from /home/airflow/.local/lib/python3.12/site-packages/airflow/example_dags/example_dataset_alias.py
[2024-12-04T17:17:02.230+0000] {logging_mixin.py:190} INFO - [2024-12-04T17:17:02.229+0000] {dag.py:3239} INFO - Sync 4 DAGs
[2024-12-04T17:17:02.241+0000] {logging_mixin.py:190} INFO - [2024-12-04T17:17:02.241+0000] {dag.py:4180} INFO - Setting next_dagrun for dataset_alias_example_alias_consumer to None, run_after=None
[2024-12-04T17:17:02.242+0000] {logging_mixin.py:190} INFO - [2024-12-04T17:17:02.242+0000] {dag.py:4180} INFO - Setting next_dagrun for dataset_alias_example_alias_producer to None, run_after=None
[2024-12-04T17:17:02.243+0000] {logging_mixin.py:190} INFO - [2024-12-04T17:17:02.243+0000] {dag.py:4180} INFO - Setting next_dagrun for dataset_s3_bucket_consumer to None, run_after=None
[2024-12-04T17:17:02.244+0000] {logging_mixin.py:190} INFO - [2024-12-04T17:17:02.244+0000] {dag.py:4180} INFO - Setting next_dagrun for dataset_s3_bucket_producer to None, run_after=None
[2024-12-04T17:17:02.256+0000] {processor.py:208} INFO - Processing /home/airflow/.local/lib/python3.12/site-packages/airflow/example_dags/example_dataset_alias.py took 0.682 seconds
[2024-12-04T17:17:32.947+0000] {processor.py:186} INFO - Started process (PID=713) to work on /home/airflow/.local/lib/python3.12/site-packages/airflow/example_dags/example_dataset_alias.py
[2024-12-04T17:17:32.950+0000] {processor.py:914} INFO - Processing file /home/airflow/.local/lib/python3.12/site-packages/airflow/example_dags/example_dataset_alias.py for tasks to queue
[2024-12-04T17:17:32.956+0000] {logging_mixin.py:190} INFO - [2024-12-04T17:17:32.955+0000] {dagbag.py:588} INFO - Filling up the DagBag from /home/airflow/.local/lib/python3.12/site-packages/airflow/example_dags/example_dataset_alias.py
[2024-12-04T17:17:33.581+0000] {processor.py:925} INFO - DAG(s) 'dataset_s3_bucket_producer', 'dataset_alias_example_alias_consumer', 'dataset_s3_bucket_consumer', 'dataset_alias_example_alias_producer' retrieved from /home/airflow/.local/lib/python3.12/site-packages/airflow/example_dags/example_dataset_alias.py
[2024-12-04T17:17:33.591+0000] {logging_mixin.py:190} INFO - [2024-12-04T17:17:33.591+0000] {dag.py:3239} INFO - Sync 4 DAGs
[2024-12-04T17:17:33.605+0000] {logging_mixin.py:190} INFO - [2024-12-04T17:17:33.605+0000] {dag.py:4180} INFO - Setting next_dagrun for dataset_alias_example_alias_consumer to None, run_after=None
[2024-12-04T17:17:33.606+0000] {logging_mixin.py:190} INFO - [2024-12-04T17:17:33.606+0000] {dag.py:4180} INFO - Setting next_dagrun for dataset_alias_example_alias_producer to None, run_after=None
[2024-12-04T17:17:33.607+0000] {logging_mixin.py:190} INFO - [2024-12-04T17:17:33.607+0000] {dag.py:4180} INFO - Setting next_dagrun for dataset_s3_bucket_consumer to None, run_after=None
[2024-12-04T17:17:33.608+0000] {logging_mixin.py:190} INFO - [2024-12-04T17:17:33.608+0000] {dag.py:4180} INFO - Setting next_dagrun for dataset_s3_bucket_producer to None, run_after=None
[2024-12-04T17:17:33.627+0000] {processor.py:208} INFO - Processing /home/airflow/.local/lib/python3.12/site-packages/airflow/example_dags/example_dataset_alias.py took 0.686 seconds
[2024-12-04T17:18:04.585+0000] {processor.py:186} INFO - Started process (PID=776) to work on /home/airflow/.local/lib/python3.12/site-packages/airflow/example_dags/example_dataset_alias.py
[2024-12-04T17:18:04.587+0000] {processor.py:914} INFO - Processing file /home/airflow/.local/lib/python3.12/site-packages/airflow/example_dags/example_dataset_alias.py for tasks to queue
[2024-12-04T17:18:04.591+0000] {logging_mixin.py:190} INFO - [2024-12-04T17:18:04.590+0000] {dagbag.py:588} INFO - Filling up the DagBag from /home/airflow/.local/lib/python3.12/site-packages/airflow/example_dags/example_dataset_alias.py
[2024-12-04T17:18:05.186+0000] {processor.py:925} INFO - DAG(s) 'dataset_alias_example_alias_consumer', 'dataset_alias_example_alias_producer', 'dataset_s3_bucket_producer', 'dataset_s3_bucket_consumer' retrieved from /home/airflow/.local/lib/python3.12/site-packages/airflow/example_dags/example_dataset_alias.py
[2024-12-04T17:18:05.197+0000] {logging_mixin.py:190} INFO - [2024-12-04T17:18:05.197+0000] {dag.py:3239} INFO - Sync 4 DAGs
[2024-12-04T17:18:05.211+0000] {logging_mixin.py:190} INFO - [2024-12-04T17:18:05.211+0000] {dag.py:4180} INFO - Setting next_dagrun for dataset_alias_example_alias_consumer to None, run_after=None
[2024-12-04T17:18:05.212+0000] {logging_mixin.py:190} INFO - [2024-12-04T17:18:05.212+0000] {dag.py:4180} INFO - Setting next_dagrun for dataset_alias_example_alias_producer to None, run_after=None
[2024-12-04T17:18:05.213+0000] {logging_mixin.py:190} INFO - [2024-12-04T17:18:05.213+0000] {dag.py:4180} INFO - Setting next_dagrun for dataset_s3_bucket_consumer to None, run_after=None
[2024-12-04T17:18:05.214+0000] {logging_mixin.py:190} INFO - [2024-12-04T17:18:05.214+0000] {dag.py:4180} INFO - Setting next_dagrun for dataset_s3_bucket_producer to None, run_after=None
[2024-12-04T17:18:05.225+0000] {processor.py:208} INFO - Processing /home/airflow/.local/lib/python3.12/site-packages/airflow/example_dags/example_dataset_alias.py took 0.649 seconds
[2024-12-04T17:18:36.324+0000] {processor.py:186} INFO - Started process (PID=839) to work on /home/airflow/.local/lib/python3.12/site-packages/airflow/example_dags/example_dataset_alias.py
[2024-12-04T17:18:36.351+0000] {processor.py:914} INFO - Processing file /home/airflow/.local/lib/python3.12/site-packages/airflow/example_dags/example_dataset_alias.py for tasks to queue
[2024-12-04T17:18:36.364+0000] {logging_mixin.py:190} INFO - [2024-12-04T17:18:36.363+0000] {dagbag.py:588} INFO - Filling up the DagBag from /home/airflow/.local/lib/python3.12/site-packages/airflow/example_dags/example_dataset_alias.py
[2024-12-04T17:18:37.683+0000] {processor.py:925} INFO - DAG(s) 'dataset_alias_example_alias_producer', 'dataset_alias_example_alias_consumer', 'dataset_s3_bucket_consumer', 'dataset_s3_bucket_producer' retrieved from /home/airflow/.local/lib/python3.12/site-packages/airflow/example_dags/example_dataset_alias.py
[2024-12-04T17:18:37.704+0000] {logging_mixin.py:190} INFO - [2024-12-04T17:18:37.703+0000] {dag.py:3239} INFO - Sync 4 DAGs
[2024-12-04T17:18:37.720+0000] {logging_mixin.py:190} INFO - [2024-12-04T17:18:37.720+0000] {dag.py:4180} INFO - Setting next_dagrun for dataset_alias_example_alias_consumer to None, run_after=None
[2024-12-04T17:18:37.722+0000] {logging_mixin.py:190} INFO - [2024-12-04T17:18:37.722+0000] {dag.py:4180} INFO - Setting next_dagrun for dataset_alias_example_alias_producer to None, run_after=None
[2024-12-04T17:18:37.723+0000] {logging_mixin.py:190} INFO - [2024-12-04T17:18:37.723+0000] {dag.py:4180} INFO - Setting next_dagrun for dataset_s3_bucket_consumer to None, run_after=None
[2024-12-04T17:18:37.723+0000] {logging_mixin.py:190} INFO - [2024-12-04T17:18:37.723+0000] {dag.py:4180} INFO - Setting next_dagrun for dataset_s3_bucket_producer to None, run_after=None
[2024-12-04T17:18:37.742+0000] {processor.py:208} INFO - Processing /home/airflow/.local/lib/python3.12/site-packages/airflow/example_dags/example_dataset_alias.py took 1.483 seconds
[2024-12-04T17:19:08.157+0000] {processor.py:186} INFO - Started process (PID=902) to work on /home/airflow/.local/lib/python3.12/site-packages/airflow/example_dags/example_dataset_alias.py
[2024-12-04T17:19:08.160+0000] {processor.py:914} INFO - Processing file /home/airflow/.local/lib/python3.12/site-packages/airflow/example_dags/example_dataset_alias.py for tasks to queue
[2024-12-04T17:19:08.168+0000] {logging_mixin.py:190} INFO - [2024-12-04T17:19:08.168+0000] {dagbag.py:588} INFO - Filling up the DagBag from /home/airflow/.local/lib/python3.12/site-packages/airflow/example_dags/example_dataset_alias.py
[2024-12-04T17:19:08.722+0000] {processor.py:925} INFO - DAG(s) 'dataset_s3_bucket_consumer', 'dataset_alias_example_alias_consumer', 'dataset_s3_bucket_producer', 'dataset_alias_example_alias_producer' retrieved from /home/airflow/.local/lib/python3.12/site-packages/airflow/example_dags/example_dataset_alias.py
[2024-12-04T17:19:08.731+0000] {logging_mixin.py:190} INFO - [2024-12-04T17:19:08.731+0000] {dag.py:3239} INFO - Sync 4 DAGs
[2024-12-04T17:19:08.742+0000] {logging_mixin.py:190} INFO - [2024-12-04T17:19:08.742+0000] {dag.py:4180} INFO - Setting next_dagrun for dataset_alias_example_alias_consumer to None, run_after=None
[2024-12-04T17:19:08.743+0000] {logging_mixin.py:190} INFO - [2024-12-04T17:19:08.743+0000] {dag.py:4180} INFO - Setting next_dagrun for dataset_alias_example_alias_producer to None, run_after=None
[2024-12-04T17:19:08.744+0000] {logging_mixin.py:190} INFO - [2024-12-04T17:19:08.744+0000] {dag.py:4180} INFO - Setting next_dagrun for dataset_s3_bucket_consumer to None, run_after=None
[2024-12-04T17:19:08.745+0000] {logging_mixin.py:190} INFO - [2024-12-04T17:19:08.745+0000] {dag.py:4180} INFO - Setting next_dagrun for dataset_s3_bucket_producer to None, run_after=None
[2024-12-04T17:19:08.758+0000] {processor.py:208} INFO - Processing /home/airflow/.local/lib/python3.12/site-packages/airflow/example_dags/example_dataset_alias.py took 0.612 seconds
[2024-12-04T17:19:39.536+0000] {processor.py:186} INFO - Started process (PID=965) to work on /home/airflow/.local/lib/python3.12/site-packages/airflow/example_dags/example_dataset_alias.py
[2024-12-04T17:19:39.539+0000] {processor.py:914} INFO - Processing file /home/airflow/.local/lib/python3.12/site-packages/airflow/example_dags/example_dataset_alias.py for tasks to queue
[2024-12-04T17:19:39.545+0000] {logging_mixin.py:190} INFO - [2024-12-04T17:19:39.544+0000] {dagbag.py:588} INFO - Filling up the DagBag from /home/airflow/.local/lib/python3.12/site-packages/airflow/example_dags/example_dataset_alias.py
[2024-12-04T17:19:40.137+0000] {processor.py:925} INFO - DAG(s) 'dataset_s3_bucket_consumer', 'dataset_s3_bucket_producer', 'dataset_alias_example_alias_producer', 'dataset_alias_example_alias_consumer' retrieved from /home/airflow/.local/lib/python3.12/site-packages/airflow/example_dags/example_dataset_alias.py
[2024-12-04T17:19:40.149+0000] {logging_mixin.py:190} INFO - [2024-12-04T17:19:40.149+0000] {dag.py:3239} INFO - Sync 4 DAGs
[2024-12-04T17:19:40.164+0000] {logging_mixin.py:190} INFO - [2024-12-04T17:19:40.164+0000] {dag.py:4180} INFO - Setting next_dagrun for dataset_alias_example_alias_consumer to None, run_after=None
[2024-12-04T17:19:40.166+0000] {logging_mixin.py:190} INFO - [2024-12-04T17:19:40.166+0000] {dag.py:4180} INFO - Setting next_dagrun for dataset_alias_example_alias_producer to None, run_after=None
[2024-12-04T17:19:40.169+0000] {logging_mixin.py:190} INFO - [2024-12-04T17:19:40.169+0000] {dag.py:4180} INFO - Setting next_dagrun for dataset_s3_bucket_consumer to None, run_after=None
[2024-12-04T17:19:40.169+0000] {logging_mixin.py:190} INFO - [2024-12-04T17:19:40.169+0000] {dag.py:4180} INFO - Setting next_dagrun for dataset_s3_bucket_producer to None, run_after=None
[2024-12-04T17:19:40.180+0000] {processor.py:208} INFO - Processing /home/airflow/.local/lib/python3.12/site-packages/airflow/example_dags/example_dataset_alias.py took 0.671 seconds
[2024-12-04T17:20:10.882+0000] {processor.py:186} INFO - Started process (PID=1028) to work on /home/airflow/.local/lib/python3.12/site-packages/airflow/example_dags/example_dataset_alias.py
[2024-12-04T17:20:10.885+0000] {processor.py:914} INFO - Processing file /home/airflow/.local/lib/python3.12/site-packages/airflow/example_dags/example_dataset_alias.py for tasks to queue
[2024-12-04T17:20:10.890+0000] {logging_mixin.py:190} INFO - [2024-12-04T17:20:10.889+0000] {dagbag.py:588} INFO - Filling up the DagBag from /home/airflow/.local/lib/python3.12/site-packages/airflow/example_dags/example_dataset_alias.py
[2024-12-04T17:20:11.456+0000] {processor.py:925} INFO - DAG(s) 'dataset_s3_bucket_consumer', 'dataset_s3_bucket_producer', 'dataset_alias_example_alias_consumer', 'dataset_alias_example_alias_producer' retrieved from /home/airflow/.local/lib/python3.12/site-packages/airflow/example_dags/example_dataset_alias.py
[2024-12-04T17:20:11.467+0000] {logging_mixin.py:190} INFO - [2024-12-04T17:20:11.467+0000] {dag.py:3239} INFO - Sync 4 DAGs
[2024-12-04T17:20:11.483+0000] {logging_mixin.py:190} INFO - [2024-12-04T17:20:11.482+0000] {dag.py:4180} INFO - Setting next_dagrun for dataset_alias_example_alias_consumer to None, run_after=None
[2024-12-04T17:20:11.484+0000] {logging_mixin.py:190} INFO - [2024-12-04T17:20:11.484+0000] {dag.py:4180} INFO - Setting next_dagrun for dataset_alias_example_alias_producer to None, run_after=None
[2024-12-04T17:20:11.485+0000] {logging_mixin.py:190} INFO - [2024-12-04T17:20:11.485+0000] {dag.py:4180} INFO - Setting next_dagrun for dataset_s3_bucket_consumer to None, run_after=None
[2024-12-04T17:20:11.485+0000] {logging_mixin.py:190} INFO - [2024-12-04T17:20:11.485+0000] {dag.py:4180} INFO - Setting next_dagrun for dataset_s3_bucket_producer to None, run_after=None
[2024-12-04T17:20:11.495+0000] {processor.py:208} INFO - Processing /home/airflow/.local/lib/python3.12/site-packages/airflow/example_dags/example_dataset_alias.py took 0.622 seconds
[2024-12-04T17:20:42.284+0000] {processor.py:186} INFO - Started process (PID=1091) to work on /home/airflow/.local/lib/python3.12/site-packages/airflow/example_dags/example_dataset_alias.py
[2024-12-04T17:20:42.292+0000] {processor.py:914} INFO - Processing file /home/airflow/.local/lib/python3.12/site-packages/airflow/example_dags/example_dataset_alias.py for tasks to queue
[2024-12-04T17:20:42.298+0000] {logging_mixin.py:190} INFO - [2024-12-04T17:20:42.298+0000] {dagbag.py:588} INFO - Filling up the DagBag from /home/airflow/.local/lib/python3.12/site-packages/airflow/example_dags/example_dataset_alias.py
[2024-12-04T17:20:42.893+0000] {processor.py:925} INFO - DAG(s) 'dataset_alias_example_alias_producer', 'dataset_s3_bucket_consumer', 'dataset_alias_example_alias_consumer', 'dataset_s3_bucket_producer' retrieved from /home/airflow/.local/lib/python3.12/site-packages/airflow/example_dags/example_dataset_alias.py
[2024-12-04T17:20:42.903+0000] {logging_mixin.py:190} INFO - [2024-12-04T17:20:42.903+0000] {dag.py:3239} INFO - Sync 4 DAGs
[2024-12-04T17:20:42.915+0000] {logging_mixin.py:190} INFO - [2024-12-04T17:20:42.915+0000] {dag.py:4180} INFO - Setting next_dagrun for dataset_alias_example_alias_consumer to None, run_after=None
[2024-12-04T17:20:42.916+0000] {logging_mixin.py:190} INFO - [2024-12-04T17:20:42.916+0000] {dag.py:4180} INFO - Setting next_dagrun for dataset_alias_example_alias_producer to None, run_after=None
[2024-12-04T17:20:42.917+0000] {logging_mixin.py:190} INFO - [2024-12-04T17:20:42.917+0000] {dag.py:4180} INFO - Setting next_dagrun for dataset_s3_bucket_consumer to None, run_after=None
[2024-12-04T17:20:42.918+0000] {logging_mixin.py:190} INFO - [2024-12-04T17:20:42.918+0000] {dag.py:4180} INFO - Setting next_dagrun for dataset_s3_bucket_producer to None, run_after=None
[2024-12-04T17:20:42.927+0000] {processor.py:208} INFO - Processing /home/airflow/.local/lib/python3.12/site-packages/airflow/example_dags/example_dataset_alias.py took 0.662 seconds
[2024-12-04T17:21:13.573+0000] {processor.py:186} INFO - Started process (PID=1154) to work on /home/airflow/.local/lib/python3.12/site-packages/airflow/example_dags/example_dataset_alias.py
[2024-12-04T17:21:13.575+0000] {processor.py:914} INFO - Processing file /home/airflow/.local/lib/python3.12/site-packages/airflow/example_dags/example_dataset_alias.py for tasks to queue
[2024-12-04T17:21:13.581+0000] {logging_mixin.py:190} INFO - [2024-12-04T17:21:13.581+0000] {dagbag.py:588} INFO - Filling up the DagBag from /home/airflow/.local/lib/python3.12/site-packages/airflow/example_dags/example_dataset_alias.py
[2024-12-04T17:21:14.232+0000] {processor.py:925} INFO - DAG(s) 'dataset_alias_example_alias_consumer', 'dataset_s3_bucket_consumer', 'dataset_alias_example_alias_producer', 'dataset_s3_bucket_producer' retrieved from /home/airflow/.local/lib/python3.12/site-packages/airflow/example_dags/example_dataset_alias.py
[2024-12-04T17:21:14.242+0000] {logging_mixin.py:190} INFO - [2024-12-04T17:21:14.242+0000] {dag.py:3239} INFO - Sync 4 DAGs
[2024-12-04T17:21:14.258+0000] {logging_mixin.py:190} INFO - [2024-12-04T17:21:14.258+0000] {dag.py:4180} INFO - Setting next_dagrun for dataset_alias_example_alias_consumer to None, run_after=None
[2024-12-04T17:21:14.260+0000] {logging_mixin.py:190} INFO - [2024-12-04T17:21:14.259+0000] {dag.py:4180} INFO - Setting next_dagrun for dataset_alias_example_alias_producer to None, run_after=None
[2024-12-04T17:21:14.261+0000] {logging_mixin.py:190} INFO - [2024-12-04T17:21:14.261+0000] {dag.py:4180} INFO - Setting next_dagrun for dataset_s3_bucket_consumer to None, run_after=None
[2024-12-04T17:21:14.266+0000] {logging_mixin.py:190} INFO - [2024-12-04T17:21:14.266+0000] {dag.py:4180} INFO - Setting next_dagrun for dataset_s3_bucket_producer to None, run_after=None
[2024-12-04T17:21:14.280+0000] {processor.py:208} INFO - Processing /home/airflow/.local/lib/python3.12/site-packages/airflow/example_dags/example_dataset_alias.py took 0.721 seconds
[2024-12-04T17:21:44.579+0000] {processor.py:186} INFO - Started process (PID=1217) to work on /home/airflow/.local/lib/python3.12/site-packages/airflow/example_dags/example_dataset_alias.py
[2024-12-04T17:21:44.581+0000] {processor.py:914} INFO - Processing file /home/airflow/.local/lib/python3.12/site-packages/airflow/example_dags/example_dataset_alias.py for tasks to queue
[2024-12-04T17:21:44.585+0000] {logging_mixin.py:190} INFO - [2024-12-04T17:21:44.585+0000] {dagbag.py:588} INFO - Filling up the DagBag from /home/airflow/.local/lib/python3.12/site-packages/airflow/example_dags/example_dataset_alias.py
[2024-12-04T17:21:45.382+0000] {processor.py:925} INFO - DAG(s) 'dataset_alias_example_alias_consumer', 'dataset_s3_bucket_producer', 'dataset_s3_bucket_consumer', 'dataset_alias_example_alias_producer' retrieved from /home/airflow/.local/lib/python3.12/site-packages/airflow/example_dags/example_dataset_alias.py
[2024-12-04T17:21:45.395+0000] {logging_mixin.py:190} INFO - [2024-12-04T17:21:45.394+0000] {dag.py:3239} INFO - Sync 4 DAGs
[2024-12-04T17:21:45.412+0000] {logging_mixin.py:190} INFO - [2024-12-04T17:21:45.412+0000] {dag.py:4180} INFO - Setting next_dagrun for dataset_alias_example_alias_consumer to None, run_after=None
[2024-12-04T17:21:45.414+0000] {logging_mixin.py:190} INFO - [2024-12-04T17:21:45.414+0000] {dag.py:4180} INFO - Setting next_dagrun for dataset_alias_example_alias_producer to None, run_after=None
[2024-12-04T17:21:45.415+0000] {logging_mixin.py:190} INFO - [2024-12-04T17:21:45.415+0000] {dag.py:4180} INFO - Setting next_dagrun for dataset_s3_bucket_consumer to None, run_after=None
[2024-12-04T17:21:45.415+0000] {logging_mixin.py:190} INFO - [2024-12-04T17:21:45.415+0000] {dag.py:4180} INFO - Setting next_dagrun for dataset_s3_bucket_producer to None, run_after=None
[2024-12-04T17:21:45.429+0000] {processor.py:208} INFO - Processing /home/airflow/.local/lib/python3.12/site-packages/airflow/example_dags/example_dataset_alias.py took 0.872 seconds
[2024-12-04T17:22:16.115+0000] {processor.py:186} INFO - Started process (PID=1280) to work on /home/airflow/.local/lib/python3.12/site-packages/airflow/example_dags/example_dataset_alias.py
[2024-12-04T17:22:16.118+0000] {processor.py:914} INFO - Processing file /home/airflow/.local/lib/python3.12/site-packages/airflow/example_dags/example_dataset_alias.py for tasks to queue
[2024-12-04T17:22:16.123+0000] {logging_mixin.py:190} INFO - [2024-12-04T17:22:16.122+0000] {dagbag.py:588} INFO - Filling up the DagBag from /home/airflow/.local/lib/python3.12/site-packages/airflow/example_dags/example_dataset_alias.py
[2024-12-04T17:22:16.807+0000] {processor.py:925} INFO - DAG(s) 'dataset_alias_example_alias_consumer', 'dataset_s3_bucket_consumer', 'dataset_s3_bucket_producer', 'dataset_alias_example_alias_producer' retrieved from /home/airflow/.local/lib/python3.12/site-packages/airflow/example_dags/example_dataset_alias.py
[2024-12-04T17:22:16.820+0000] {logging_mixin.py:190} INFO - [2024-12-04T17:22:16.820+0000] {dag.py:3239} INFO - Sync 4 DAGs
[2024-12-04T17:22:16.836+0000] {logging_mixin.py:190} INFO - [2024-12-04T17:22:16.836+0000] {dag.py:4180} INFO - Setting next_dagrun for dataset_alias_example_alias_consumer to None, run_after=None
[2024-12-04T17:22:16.839+0000] {logging_mixin.py:190} INFO - [2024-12-04T17:22:16.838+0000] {dag.py:4180} INFO - Setting next_dagrun for dataset_alias_example_alias_producer to None, run_after=None
[2024-12-04T17:22:16.841+0000] {logging_mixin.py:190} INFO - [2024-12-04T17:22:16.841+0000] {dag.py:4180} INFO - Setting next_dagrun for dataset_s3_bucket_consumer to None, run_after=None
[2024-12-04T17:22:16.842+0000] {logging_mixin.py:190} INFO - [2024-12-04T17:22:16.842+0000] {dag.py:4180} INFO - Setting next_dagrun for dataset_s3_bucket_producer to None, run_after=None
[2024-12-04T17:22:16.855+0000] {processor.py:208} INFO - Processing /home/airflow/.local/lib/python3.12/site-packages/airflow/example_dags/example_dataset_alias.py took 0.762 seconds
[2024-12-04T17:22:47.759+0000] {processor.py:186} INFO - Started process (PID=1343) to work on /home/airflow/.local/lib/python3.12/site-packages/airflow/example_dags/example_dataset_alias.py
[2024-12-04T17:22:47.764+0000] {processor.py:914} INFO - Processing file /home/airflow/.local/lib/python3.12/site-packages/airflow/example_dags/example_dataset_alias.py for tasks to queue
[2024-12-04T17:22:47.777+0000] {logging_mixin.py:190} INFO - [2024-12-04T17:22:47.775+0000] {dagbag.py:588} INFO - Filling up the DagBag from /home/airflow/.local/lib/python3.12/site-packages/airflow/example_dags/example_dataset_alias.py
[2024-12-04T17:22:52.234+0000] {processor.py:925} INFO - DAG(s) 'dataset_alias_example_alias_producer', 'dataset_s3_bucket_producer', 'dataset_alias_example_alias_consumer', 'dataset_s3_bucket_consumer' retrieved from /home/airflow/.local/lib/python3.12/site-packages/airflow/example_dags/example_dataset_alias.py
[2024-12-04T17:22:52.351+0000] {logging_mixin.py:190} INFO - [2024-12-04T17:22:52.344+0000] {dag.py:3239} INFO - Sync 4 DAGs
[2024-12-04T17:22:52.442+0000] {logging_mixin.py:190} INFO - [2024-12-04T17:22:52.441+0000] {dag.py:4180} INFO - Setting next_dagrun for dataset_alias_example_alias_consumer to None, run_after=None
[2024-12-04T17:22:52.456+0000] {logging_mixin.py:190} INFO - [2024-12-04T17:22:52.455+0000] {dag.py:4180} INFO - Setting next_dagrun for dataset_alias_example_alias_producer to None, run_after=None
[2024-12-04T17:22:52.461+0000] {logging_mixin.py:190} INFO - [2024-12-04T17:22:52.460+0000] {dag.py:4180} INFO - Setting next_dagrun for dataset_s3_bucket_consumer to None, run_after=None
[2024-12-04T17:22:52.469+0000] {logging_mixin.py:190} INFO - [2024-12-04T17:22:52.468+0000] {dag.py:4180} INFO - Setting next_dagrun for dataset_s3_bucket_producer to None, run_after=None
[2024-12-04T17:22:52.535+0000] {processor.py:208} INFO - Processing /home/airflow/.local/lib/python3.12/site-packages/airflow/example_dags/example_dataset_alias.py took 4.762 seconds
[2024-12-04T17:23:23.333+0000] {processor.py:186} INFO - Started process (PID=1406) to work on /home/airflow/.local/lib/python3.12/site-packages/airflow/example_dags/example_dataset_alias.py
[2024-12-04T17:23:23.339+0000] {processor.py:914} INFO - Processing file /home/airflow/.local/lib/python3.12/site-packages/airflow/example_dags/example_dataset_alias.py for tasks to queue
[2024-12-04T17:23:23.345+0000] {logging_mixin.py:190} INFO - [2024-12-04T17:23:23.344+0000] {dagbag.py:588} INFO - Filling up the DagBag from /home/airflow/.local/lib/python3.12/site-packages/airflow/example_dags/example_dataset_alias.py
[2024-12-04T17:23:24.955+0000] {processor.py:925} INFO - DAG(s) 'dataset_s3_bucket_producer', 'dataset_alias_example_alias_producer', 'dataset_s3_bucket_consumer', 'dataset_alias_example_alias_consumer' retrieved from /home/airflow/.local/lib/python3.12/site-packages/airflow/example_dags/example_dataset_alias.py
[2024-12-04T17:23:24.980+0000] {logging_mixin.py:190} INFO - [2024-12-04T17:23:24.979+0000] {dag.py:3239} INFO - Sync 4 DAGs
[2024-12-04T17:23:25.066+0000] {logging_mixin.py:190} INFO - [2024-12-04T17:23:25.065+0000] {dag.py:4180} INFO - Setting next_dagrun for dataset_alias_example_alias_consumer to None, run_after=None
[2024-12-04T17:23:25.074+0000] {logging_mixin.py:190} INFO - [2024-12-04T17:23:25.074+0000] {dag.py:4180} INFO - Setting next_dagrun for dataset_alias_example_alias_producer to None, run_after=None
[2024-12-04T17:23:25.080+0000] {logging_mixin.py:190} INFO - [2024-12-04T17:23:25.080+0000] {dag.py:4180} INFO - Setting next_dagrun for dataset_s3_bucket_consumer to None, run_after=None
[2024-12-04T17:23:25.085+0000] {logging_mixin.py:190} INFO - [2024-12-04T17:23:25.085+0000] {dag.py:4180} INFO - Setting next_dagrun for dataset_s3_bucket_producer to None, run_after=None
[2024-12-04T17:23:25.125+0000] {processor.py:208} INFO - Processing /home/airflow/.local/lib/python3.12/site-packages/airflow/example_dags/example_dataset_alias.py took 1.809 seconds
[2024-12-04T17:23:55.474+0000] {processor.py:186} INFO - Started process (PID=1475) to work on /home/airflow/.local/lib/python3.12/site-packages/airflow/example_dags/example_dataset_alias.py
[2024-12-04T17:23:55.480+0000] {processor.py:914} INFO - Processing file /home/airflow/.local/lib/python3.12/site-packages/airflow/example_dags/example_dataset_alias.py for tasks to queue
[2024-12-04T17:23:55.491+0000] {logging_mixin.py:190} INFO - [2024-12-04T17:23:55.490+0000] {dagbag.py:588} INFO - Filling up the DagBag from /home/airflow/.local/lib/python3.12/site-packages/airflow/example_dags/example_dataset_alias.py
[2024-12-04T17:23:57.525+0000] {processor.py:925} INFO - DAG(s) 'dataset_alias_example_alias_producer', 'dataset_s3_bucket_consumer', 'dataset_alias_example_alias_consumer', 'dataset_s3_bucket_producer' retrieved from /home/airflow/.local/lib/python3.12/site-packages/airflow/example_dags/example_dataset_alias.py
[2024-12-04T17:23:57.565+0000] {logging_mixin.py:190} INFO - [2024-12-04T17:23:57.563+0000] {dag.py:3239} INFO - Sync 4 DAGs
[2024-12-04T17:23:57.605+0000] {logging_mixin.py:190} INFO - [2024-12-04T17:23:57.605+0000] {dag.py:4180} INFO - Setting next_dagrun for dataset_alias_example_alias_consumer to None, run_after=None
[2024-12-04T17:23:57.609+0000] {logging_mixin.py:190} INFO - [2024-12-04T17:23:57.609+0000] {dag.py:4180} INFO - Setting next_dagrun for dataset_alias_example_alias_producer to None, run_after=None
[2024-12-04T17:23:57.612+0000] {logging_mixin.py:190} INFO - [2024-12-04T17:23:57.612+0000] {dag.py:4180} INFO - Setting next_dagrun for dataset_s3_bucket_consumer to None, run_after=None
[2024-12-04T17:23:57.614+0000] {logging_mixin.py:190} INFO - [2024-12-04T17:23:57.613+0000] {dag.py:4180} INFO - Setting next_dagrun for dataset_s3_bucket_producer to None, run_after=None
[2024-12-04T17:23:57.667+0000] {processor.py:208} INFO - Processing /home/airflow/.local/lib/python3.12/site-packages/airflow/example_dags/example_dataset_alias.py took 2.217 seconds
[2024-12-04T17:24:28.021+0000] {processor.py:186} INFO - Started process (PID=1537) to work on /home/airflow/.local/lib/python3.12/site-packages/airflow/example_dags/example_dataset_alias.py
[2024-12-04T17:24:28.028+0000] {processor.py:914} INFO - Processing file /home/airflow/.local/lib/python3.12/site-packages/airflow/example_dags/example_dataset_alias.py for tasks to queue
[2024-12-04T17:24:28.049+0000] {logging_mixin.py:190} INFO - [2024-12-04T17:24:28.046+0000] {dagbag.py:588} INFO - Filling up the DagBag from /home/airflow/.local/lib/python3.12/site-packages/airflow/example_dags/example_dataset_alias.py
[2024-12-04T17:24:32.160+0000] {processor.py:925} INFO - DAG(s) 'dataset_alias_example_alias_consumer', 'dataset_alias_example_alias_producer', 'dataset_s3_bucket_producer', 'dataset_s3_bucket_consumer' retrieved from /home/airflow/.local/lib/python3.12/site-packages/airflow/example_dags/example_dataset_alias.py
[2024-12-04T17:24:32.260+0000] {logging_mixin.py:190} INFO - [2024-12-04T17:24:32.256+0000] {dag.py:3239} INFO - Sync 4 DAGs
[2024-12-04T17:24:32.373+0000] {logging_mixin.py:190} INFO - [2024-12-04T17:24:32.372+0000] {dag.py:4180} INFO - Setting next_dagrun for dataset_alias_example_alias_consumer to None, run_after=None
[2024-12-04T17:24:32.386+0000] {logging_mixin.py:190} INFO - [2024-12-04T17:24:32.385+0000] {dag.py:4180} INFO - Setting next_dagrun for dataset_alias_example_alias_producer to None, run_after=None
[2024-12-04T17:24:32.391+0000] {logging_mixin.py:190} INFO - [2024-12-04T17:24:32.391+0000] {dag.py:4180} INFO - Setting next_dagrun for dataset_s3_bucket_consumer to None, run_after=None
[2024-12-04T17:24:32.396+0000] {logging_mixin.py:190} INFO - [2024-12-04T17:24:32.396+0000] {dag.py:4180} INFO - Setting next_dagrun for dataset_s3_bucket_producer to None, run_after=None
[2024-12-04T17:24:32.518+0000] {processor.py:208} INFO - Processing /home/airflow/.local/lib/python3.12/site-packages/airflow/example_dags/example_dataset_alias.py took 4.526 seconds
[2024-12-04T17:25:02.731+0000] {processor.py:186} INFO - Started process (PID=1600) to work on /home/airflow/.local/lib/python3.12/site-packages/airflow/example_dags/example_dataset_alias.py
[2024-12-04T17:25:02.733+0000] {processor.py:914} INFO - Processing file /home/airflow/.local/lib/python3.12/site-packages/airflow/example_dags/example_dataset_alias.py for tasks to queue
[2024-12-04T17:25:02.736+0000] {logging_mixin.py:190} INFO - [2024-12-04T17:25:02.736+0000] {dagbag.py:588} INFO - Filling up the DagBag from /home/airflow/.local/lib/python3.12/site-packages/airflow/example_dags/example_dataset_alias.py
[2024-12-04T17:25:03.207+0000] {processor.py:925} INFO - DAG(s) 'dataset_s3_bucket_producer', 'dataset_alias_example_alias_producer', 'dataset_alias_example_alias_consumer', 'dataset_s3_bucket_consumer' retrieved from /home/airflow/.local/lib/python3.12/site-packages/airflow/example_dags/example_dataset_alias.py
[2024-12-04T17:25:03.225+0000] {logging_mixin.py:190} INFO - [2024-12-04T17:25:03.225+0000] {dag.py:3239} INFO - Sync 4 DAGs
[2024-12-04T17:25:03.237+0000] {logging_mixin.py:190} INFO - [2024-12-04T17:25:03.237+0000] {dag.py:4180} INFO - Setting next_dagrun for dataset_alias_example_alias_consumer to None, run_after=None
[2024-12-04T17:25:03.240+0000] {logging_mixin.py:190} INFO - [2024-12-04T17:25:03.240+0000] {dag.py:4180} INFO - Setting next_dagrun for dataset_alias_example_alias_producer to None, run_after=None
[2024-12-04T17:25:03.243+0000] {logging_mixin.py:190} INFO - [2024-12-04T17:25:03.243+0000] {dag.py:4180} INFO - Setting next_dagrun for dataset_s3_bucket_consumer to None, run_after=None
[2024-12-04T17:25:03.245+0000] {logging_mixin.py:190} INFO - [2024-12-04T17:25:03.245+0000] {dag.py:4180} INFO - Setting next_dagrun for dataset_s3_bucket_producer to None, run_after=None
[2024-12-04T17:25:03.260+0000] {processor.py:208} INFO - Processing /home/airflow/.local/lib/python3.12/site-packages/airflow/example_dags/example_dataset_alias.py took 0.539 seconds
[2024-12-04T17:25:34.063+0000] {processor.py:186} INFO - Started process (PID=1663) to work on /home/airflow/.local/lib/python3.12/site-packages/airflow/example_dags/example_dataset_alias.py
[2024-12-04T17:25:34.064+0000] {processor.py:914} INFO - Processing file /home/airflow/.local/lib/python3.12/site-packages/airflow/example_dags/example_dataset_alias.py for tasks to queue
[2024-12-04T17:25:34.069+0000] {logging_mixin.py:190} INFO - [2024-12-04T17:25:34.068+0000] {dagbag.py:588} INFO - Filling up the DagBag from /home/airflow/.local/lib/python3.12/site-packages/airflow/example_dags/example_dataset_alias.py
[2024-12-04T17:25:34.470+0000] {processor.py:925} INFO - DAG(s) 'dataset_s3_bucket_producer', 'dataset_alias_example_alias_consumer', 'dataset_s3_bucket_consumer', 'dataset_alias_example_alias_producer' retrieved from /home/airflow/.local/lib/python3.12/site-packages/airflow/example_dags/example_dataset_alias.py
[2024-12-04T17:25:34.486+0000] {logging_mixin.py:190} INFO - [2024-12-04T17:25:34.485+0000] {dag.py:3239} INFO - Sync 4 DAGs
[2024-12-04T17:25:34.500+0000] {logging_mixin.py:190} INFO - [2024-12-04T17:25:34.500+0000] {dag.py:4180} INFO - Setting next_dagrun for dataset_alias_example_alias_consumer to None, run_after=None
[2024-12-04T17:25:34.503+0000] {logging_mixin.py:190} INFO - [2024-12-04T17:25:34.503+0000] {dag.py:4180} INFO - Setting next_dagrun for dataset_alias_example_alias_producer to None, run_after=None
[2024-12-04T17:25:34.504+0000] {logging_mixin.py:190} INFO - [2024-12-04T17:25:34.504+0000] {dag.py:4180} INFO - Setting next_dagrun for dataset_s3_bucket_consumer to None, run_after=None
[2024-12-04T17:25:34.506+0000] {logging_mixin.py:190} INFO - [2024-12-04T17:25:34.506+0000] {dag.py:4180} INFO - Setting next_dagrun for dataset_s3_bucket_producer to None, run_after=None
[2024-12-04T17:25:34.520+0000] {processor.py:208} INFO - Processing /home/airflow/.local/lib/python3.12/site-packages/airflow/example_dags/example_dataset_alias.py took 0.465 seconds
[2024-12-04T17:26:04.634+0000] {processor.py:186} INFO - Started process (PID=1726) to work on /home/airflow/.local/lib/python3.12/site-packages/airflow/example_dags/example_dataset_alias.py
[2024-12-04T17:26:04.637+0000] {processor.py:914} INFO - Processing file /home/airflow/.local/lib/python3.12/site-packages/airflow/example_dags/example_dataset_alias.py for tasks to queue
[2024-12-04T17:26:04.646+0000] {logging_mixin.py:190} INFO - [2024-12-04T17:26:04.645+0000] {dagbag.py:588} INFO - Filling up the DagBag from /home/airflow/.local/lib/python3.12/site-packages/airflow/example_dags/example_dataset_alias.py
[2024-12-04T17:26:06.045+0000] {processor.py:925} INFO - DAG(s) 'dataset_alias_example_alias_producer', 'dataset_s3_bucket_consumer', 'dataset_s3_bucket_producer', 'dataset_alias_example_alias_consumer' retrieved from /home/airflow/.local/lib/python3.12/site-packages/airflow/example_dags/example_dataset_alias.py
[2024-12-04T17:26:06.074+0000] {logging_mixin.py:190} INFO - [2024-12-04T17:26:06.073+0000] {dag.py:3239} INFO - Sync 4 DAGs
[2024-12-04T17:26:06.104+0000] {logging_mixin.py:190} INFO - [2024-12-04T17:26:06.103+0000] {dag.py:4180} INFO - Setting next_dagrun for dataset_alias_example_alias_consumer to None, run_after=None
[2024-12-04T17:26:06.108+0000] {logging_mixin.py:190} INFO - [2024-12-04T17:26:06.108+0000] {dag.py:4180} INFO - Setting next_dagrun for dataset_alias_example_alias_producer to None, run_after=None
[2024-12-04T17:26:06.111+0000] {logging_mixin.py:190} INFO - [2024-12-04T17:26:06.110+0000] {dag.py:4180} INFO - Setting next_dagrun for dataset_s3_bucket_consumer to None, run_after=None
[2024-12-04T17:26:06.113+0000] {logging_mixin.py:190} INFO - [2024-12-04T17:26:06.113+0000] {dag.py:4180} INFO - Setting next_dagrun for dataset_s3_bucket_producer to None, run_after=None
[2024-12-04T17:26:06.142+0000] {processor.py:208} INFO - Processing /home/airflow/.local/lib/python3.12/site-packages/airflow/example_dags/example_dataset_alias.py took 1.517 seconds
[2024-12-04T17:26:37.096+0000] {processor.py:186} INFO - Started process (PID=1788) to work on /home/airflow/.local/lib/python3.12/site-packages/airflow/example_dags/example_dataset_alias.py
[2024-12-04T17:26:37.099+0000] {processor.py:914} INFO - Processing file /home/airflow/.local/lib/python3.12/site-packages/airflow/example_dags/example_dataset_alias.py for tasks to queue
[2024-12-04T17:26:37.102+0000] {logging_mixin.py:190} INFO - [2024-12-04T17:26:37.102+0000] {dagbag.py:588} INFO - Filling up the DagBag from /home/airflow/.local/lib/python3.12/site-packages/airflow/example_dags/example_dataset_alias.py
[2024-12-04T17:26:37.749+0000] {processor.py:925} INFO - DAG(s) 'dataset_s3_bucket_consumer', 'dataset_s3_bucket_producer', 'dataset_alias_example_alias_consumer', 'dataset_alias_example_alias_producer' retrieved from /home/airflow/.local/lib/python3.12/site-packages/airflow/example_dags/example_dataset_alias.py
[2024-12-04T17:26:37.761+0000] {logging_mixin.py:190} INFO - [2024-12-04T17:26:37.761+0000] {dag.py:3239} INFO - Sync 4 DAGs
[2024-12-04T17:26:37.774+0000] {logging_mixin.py:190} INFO - [2024-12-04T17:26:37.774+0000] {dag.py:4180} INFO - Setting next_dagrun for dataset_alias_example_alias_consumer to None, run_after=None
[2024-12-04T17:26:37.775+0000] {logging_mixin.py:190} INFO - [2024-12-04T17:26:37.775+0000] {dag.py:4180} INFO - Setting next_dagrun for dataset_alias_example_alias_producer to None, run_after=None
[2024-12-04T17:26:37.776+0000] {logging_mixin.py:190} INFO - [2024-12-04T17:26:37.776+0000] {dag.py:4180} INFO - Setting next_dagrun for dataset_s3_bucket_consumer to None, run_after=None
[2024-12-04T17:26:37.777+0000] {logging_mixin.py:190} INFO - [2024-12-04T17:26:37.777+0000] {dag.py:4180} INFO - Setting next_dagrun for dataset_s3_bucket_producer to None, run_after=None
[2024-12-04T17:26:37.792+0000] {processor.py:208} INFO - Processing /home/airflow/.local/lib/python3.12/site-packages/airflow/example_dags/example_dataset_alias.py took 0.704 seconds
[2024-12-04T17:27:08.135+0000] {processor.py:186} INFO - Started process (PID=1851) to work on /home/airflow/.local/lib/python3.12/site-packages/airflow/example_dags/example_dataset_alias.py
[2024-12-04T17:27:08.141+0000] {processor.py:914} INFO - Processing file /home/airflow/.local/lib/python3.12/site-packages/airflow/example_dags/example_dataset_alias.py for tasks to queue
[2024-12-04T17:27:08.147+0000] {logging_mixin.py:190} INFO - [2024-12-04T17:27:08.147+0000] {dagbag.py:588} INFO - Filling up the DagBag from /home/airflow/.local/lib/python3.12/site-packages/airflow/example_dags/example_dataset_alias.py
[2024-12-04T17:27:08.889+0000] {processor.py:925} INFO - DAG(s) 'dataset_alias_example_alias_consumer', 'dataset_s3_bucket_consumer', 'dataset_s3_bucket_producer', 'dataset_alias_example_alias_producer' retrieved from /home/airflow/.local/lib/python3.12/site-packages/airflow/example_dags/example_dataset_alias.py
[2024-12-04T17:27:08.937+0000] {logging_mixin.py:190} INFO - [2024-12-04T17:27:08.935+0000] {dag.py:3239} INFO - Sync 4 DAGs
[2024-12-04T17:27:09.014+0000] {logging_mixin.py:190} INFO - [2024-12-04T17:27:09.013+0000] {dag.py:4180} INFO - Setting next_dagrun for dataset_alias_example_alias_consumer to None, run_after=None
[2024-12-04T17:27:09.018+0000] {logging_mixin.py:190} INFO - [2024-12-04T17:27:09.018+0000] {dag.py:4180} INFO - Setting next_dagrun for dataset_alias_example_alias_producer to None, run_after=None
[2024-12-04T17:27:09.020+0000] {logging_mixin.py:190} INFO - [2024-12-04T17:27:09.020+0000] {dag.py:4180} INFO - Setting next_dagrun for dataset_s3_bucket_consumer to None, run_after=None
[2024-12-04T17:27:09.022+0000] {logging_mixin.py:190} INFO - [2024-12-04T17:27:09.022+0000] {dag.py:4180} INFO - Setting next_dagrun for dataset_s3_bucket_producer to None, run_after=None
[2024-12-04T17:27:09.061+0000] {processor.py:208} INFO - Processing /home/airflow/.local/lib/python3.12/site-packages/airflow/example_dags/example_dataset_alias.py took 0.940 seconds
[2024-12-04T17:27:40.149+0000] {processor.py:186} INFO - Started process (PID=1914) to work on /home/airflow/.local/lib/python3.12/site-packages/airflow/example_dags/example_dataset_alias.py
[2024-12-04T17:27:40.156+0000] {processor.py:914} INFO - Processing file /home/airflow/.local/lib/python3.12/site-packages/airflow/example_dags/example_dataset_alias.py for tasks to queue
[2024-12-04T17:27:40.165+0000] {logging_mixin.py:190} INFO - [2024-12-04T17:27:40.165+0000] {dagbag.py:588} INFO - Filling up the DagBag from /home/airflow/.local/lib/python3.12/site-packages/airflow/example_dags/example_dataset_alias.py
[2024-12-04T17:27:42.731+0000] {processor.py:925} INFO - DAG(s) 'dataset_s3_bucket_consumer', 'dataset_alias_example_alias_consumer', 'dataset_s3_bucket_producer', 'dataset_alias_example_alias_producer' retrieved from /home/airflow/.local/lib/python3.12/site-packages/airflow/example_dags/example_dataset_alias.py
[2024-12-04T17:27:42.772+0000] {logging_mixin.py:190} INFO - [2024-12-04T17:27:42.771+0000] {dag.py:3239} INFO - Sync 4 DAGs
[2024-12-04T17:27:42.818+0000] {logging_mixin.py:190} INFO - [2024-12-04T17:27:42.818+0000] {dag.py:4180} INFO - Setting next_dagrun for dataset_alias_example_alias_consumer to None, run_after=None
[2024-12-04T17:27:42.822+0000] {logging_mixin.py:190} INFO - [2024-12-04T17:27:42.822+0000] {dag.py:4180} INFO - Setting next_dagrun for dataset_alias_example_alias_producer to None, run_after=None
[2024-12-04T17:27:42.823+0000] {logging_mixin.py:190} INFO - [2024-12-04T17:27:42.823+0000] {dag.py:4180} INFO - Setting next_dagrun for dataset_s3_bucket_consumer to None, run_after=None
[2024-12-04T17:27:42.824+0000] {logging_mixin.py:190} INFO - [2024-12-04T17:27:42.824+0000] {dag.py:4180} INFO - Setting next_dagrun for dataset_s3_bucket_producer to None, run_after=None
[2024-12-04T17:27:42.857+0000] {processor.py:208} INFO - Processing /home/airflow/.local/lib/python3.12/site-packages/airflow/example_dags/example_dataset_alias.py took 2.735 seconds
[2024-12-04T17:28:13.310+0000] {processor.py:186} INFO - Started process (PID=1977) to work on /home/airflow/.local/lib/python3.12/site-packages/airflow/example_dags/example_dataset_alias.py
[2024-12-04T17:28:13.313+0000] {processor.py:914} INFO - Processing file /home/airflow/.local/lib/python3.12/site-packages/airflow/example_dags/example_dataset_alias.py for tasks to queue
[2024-12-04T17:28:13.317+0000] {logging_mixin.py:190} INFO - [2024-12-04T17:28:13.317+0000] {dagbag.py:588} INFO - Filling up the DagBag from /home/airflow/.local/lib/python3.12/site-packages/airflow/example_dags/example_dataset_alias.py
[2024-12-04T17:28:15.474+0000] {processor.py:925} INFO - DAG(s) 'dataset_alias_example_alias_consumer', 'dataset_s3_bucket_producer', 'dataset_alias_example_alias_producer', 'dataset_s3_bucket_consumer' retrieved from /home/airflow/.local/lib/python3.12/site-packages/airflow/example_dags/example_dataset_alias.py
[2024-12-04T17:28:15.512+0000] {logging_mixin.py:190} INFO - [2024-12-04T17:28:15.511+0000] {dag.py:3239} INFO - Sync 4 DAGs
[2024-12-04T17:28:15.549+0000] {logging_mixin.py:190} INFO - [2024-12-04T17:28:15.549+0000] {dag.py:4180} INFO - Setting next_dagrun for dataset_alias_example_alias_consumer to None, run_after=None
[2024-12-04T17:28:15.553+0000] {logging_mixin.py:190} INFO - [2024-12-04T17:28:15.553+0000] {dag.py:4180} INFO - Setting next_dagrun for dataset_alias_example_alias_producer to None, run_after=None
[2024-12-04T17:28:15.556+0000] {logging_mixin.py:190} INFO - [2024-12-04T17:28:15.556+0000] {dag.py:4180} INFO - Setting next_dagrun for dataset_s3_bucket_consumer to None, run_after=None
[2024-12-04T17:28:15.558+0000] {logging_mixin.py:190} INFO - [2024-12-04T17:28:15.558+0000] {dag.py:4180} INFO - Setting next_dagrun for dataset_s3_bucket_producer to None, run_after=None
[2024-12-04T17:28:15.585+0000] {processor.py:208} INFO - Processing /home/airflow/.local/lib/python3.12/site-packages/airflow/example_dags/example_dataset_alias.py took 2.295 seconds
[2024-12-04T17:28:46.129+0000] {processor.py:186} INFO - Started process (PID=2040) to work on /home/airflow/.local/lib/python3.12/site-packages/airflow/example_dags/example_dataset_alias.py
[2024-12-04T17:28:46.139+0000] {processor.py:914} INFO - Processing file /home/airflow/.local/lib/python3.12/site-packages/airflow/example_dags/example_dataset_alias.py for tasks to queue
[2024-12-04T17:28:46.150+0000] {logging_mixin.py:190} INFO - [2024-12-04T17:28:46.149+0000] {dagbag.py:588} INFO - Filling up the DagBag from /home/airflow/.local/lib/python3.12/site-packages/airflow/example_dags/example_dataset_alias.py
[2024-12-04T17:28:47.812+0000] {processor.py:925} INFO - DAG(s) 'dataset_s3_bucket_consumer', 'dataset_s3_bucket_producer', 'dataset_alias_example_alias_producer', 'dataset_alias_example_alias_consumer' retrieved from /home/airflow/.local/lib/python3.12/site-packages/airflow/example_dags/example_dataset_alias.py
[2024-12-04T17:28:47.851+0000] {logging_mixin.py:190} INFO - [2024-12-04T17:28:47.850+0000] {dag.py:3239} INFO - Sync 4 DAGs
[2024-12-04T17:28:47.929+0000] {logging_mixin.py:190} INFO - [2024-12-04T17:28:47.929+0000] {dag.py:4180} INFO - Setting next_dagrun for dataset_alias_example_alias_consumer to None, run_after=None
[2024-12-04T17:28:47.935+0000] {logging_mixin.py:190} INFO - [2024-12-04T17:28:47.935+0000] {dag.py:4180} INFO - Setting next_dagrun for dataset_alias_example_alias_producer to None, run_after=None
[2024-12-04T17:28:47.938+0000] {logging_mixin.py:190} INFO - [2024-12-04T17:28:47.937+0000] {dag.py:4180} INFO - Setting next_dagrun for dataset_s3_bucket_consumer to None, run_after=None
[2024-12-04T17:28:47.940+0000] {logging_mixin.py:190} INFO - [2024-12-04T17:28:47.940+0000] {dag.py:4180} INFO - Setting next_dagrun for dataset_s3_bucket_producer to None, run_after=None
[2024-12-04T17:28:48.014+0000] {processor.py:208} INFO - Processing /home/airflow/.local/lib/python3.12/site-packages/airflow/example_dags/example_dataset_alias.py took 1.905 seconds
[2024-12-04T17:29:19.148+0000] {processor.py:186} INFO - Started process (PID=2103) to work on /home/airflow/.local/lib/python3.12/site-packages/airflow/example_dags/example_dataset_alias.py
[2024-12-04T17:29:19.154+0000] {processor.py:914} INFO - Processing file /home/airflow/.local/lib/python3.12/site-packages/airflow/example_dags/example_dataset_alias.py for tasks to queue
[2024-12-04T17:29:19.168+0000] {logging_mixin.py:190} INFO - [2024-12-04T17:29:19.168+0000] {dagbag.py:588} INFO - Filling up the DagBag from /home/airflow/.local/lib/python3.12/site-packages/airflow/example_dags/example_dataset_alias.py
[2024-12-04T17:29:21.490+0000] {processor.py:925} INFO - DAG(s) 'dataset_alias_example_alias_producer', 'dataset_s3_bucket_consumer', 'dataset_alias_example_alias_consumer', 'dataset_s3_bucket_producer' retrieved from /home/airflow/.local/lib/python3.12/site-packages/airflow/example_dags/example_dataset_alias.py
[2024-12-04T17:29:21.526+0000] {logging_mixin.py:190} INFO - [2024-12-04T17:29:21.524+0000] {dag.py:3239} INFO - Sync 4 DAGs
[2024-12-04T17:29:21.568+0000] {logging_mixin.py:190} INFO - [2024-12-04T17:29:21.568+0000] {dag.py:4180} INFO - Setting next_dagrun for dataset_alias_example_alias_consumer to None, run_after=None
[2024-12-04T17:29:21.571+0000] {logging_mixin.py:190} INFO - [2024-12-04T17:29:21.571+0000] {dag.py:4180} INFO - Setting next_dagrun for dataset_alias_example_alias_producer to None, run_after=None
[2024-12-04T17:29:21.572+0000] {logging_mixin.py:190} INFO - [2024-12-04T17:29:21.572+0000] {dag.py:4180} INFO - Setting next_dagrun for dataset_s3_bucket_consumer to None, run_after=None
[2024-12-04T17:29:21.574+0000] {logging_mixin.py:190} INFO - [2024-12-04T17:29:21.574+0000] {dag.py:4180} INFO - Setting next_dagrun for dataset_s3_bucket_producer to None, run_after=None
[2024-12-04T17:29:21.606+0000] {processor.py:208} INFO - Processing /home/airflow/.local/lib/python3.12/site-packages/airflow/example_dags/example_dataset_alias.py took 2.482 seconds
[2024-12-04T17:29:52.346+0000] {processor.py:186} INFO - Started process (PID=2166) to work on /home/airflow/.local/lib/python3.12/site-packages/airflow/example_dags/example_dataset_alias.py
[2024-12-04T17:29:52.347+0000] {processor.py:914} INFO - Processing file /home/airflow/.local/lib/python3.12/site-packages/airflow/example_dags/example_dataset_alias.py for tasks to queue
[2024-12-04T17:29:52.349+0000] {logging_mixin.py:190} INFO - [2024-12-04T17:29:52.349+0000] {dagbag.py:588} INFO - Filling up the DagBag from /home/airflow/.local/lib/python3.12/site-packages/airflow/example_dags/example_dataset_alias.py
[2024-12-04T17:29:52.694+0000] {processor.py:925} INFO - DAG(s) 'dataset_alias_example_alias_producer', 'dataset_s3_bucket_producer', 'dataset_alias_example_alias_consumer', 'dataset_s3_bucket_consumer' retrieved from /home/airflow/.local/lib/python3.12/site-packages/airflow/example_dags/example_dataset_alias.py
[2024-12-04T17:29:52.707+0000] {logging_mixin.py:190} INFO - [2024-12-04T17:29:52.706+0000] {dag.py:3239} INFO - Sync 4 DAGs
[2024-12-04T17:29:52.717+0000] {logging_mixin.py:190} INFO - [2024-12-04T17:29:52.717+0000] {dag.py:4180} INFO - Setting next_dagrun for dataset_alias_example_alias_consumer to None, run_after=None
[2024-12-04T17:29:52.719+0000] {logging_mixin.py:190} INFO - [2024-12-04T17:29:52.719+0000] {dag.py:4180} INFO - Setting next_dagrun for dataset_alias_example_alias_producer to None, run_after=None
[2024-12-04T17:29:52.720+0000] {logging_mixin.py:190} INFO - [2024-12-04T17:29:52.720+0000] {dag.py:4180} INFO - Setting next_dagrun for dataset_s3_bucket_consumer to None, run_after=None
[2024-12-04T17:29:52.722+0000] {logging_mixin.py:190} INFO - [2024-12-04T17:29:52.722+0000] {dag.py:4180} INFO - Setting next_dagrun for dataset_s3_bucket_producer to None, run_after=None
[2024-12-04T17:29:52.736+0000] {processor.py:208} INFO - Processing /home/airflow/.local/lib/python3.12/site-packages/airflow/example_dags/example_dataset_alias.py took 0.396 seconds
[2024-12-04T17:30:23.030+0000] {processor.py:186} INFO - Started process (PID=2229) to work on /home/airflow/.local/lib/python3.12/site-packages/airflow/example_dags/example_dataset_alias.py
[2024-12-04T17:30:23.034+0000] {processor.py:914} INFO - Processing file /home/airflow/.local/lib/python3.12/site-packages/airflow/example_dags/example_dataset_alias.py for tasks to queue
[2024-12-04T17:30:23.047+0000] {logging_mixin.py:190} INFO - [2024-12-04T17:30:23.046+0000] {dagbag.py:588} INFO - Filling up the DagBag from /home/airflow/.local/lib/python3.12/site-packages/airflow/example_dags/example_dataset_alias.py
[2024-12-04T17:30:23.826+0000] {processor.py:925} INFO - DAG(s) 'dataset_s3_bucket_consumer', 'dataset_s3_bucket_producer', 'dataset_alias_example_alias_consumer', 'dataset_alias_example_alias_producer' retrieved from /home/airflow/.local/lib/python3.12/site-packages/airflow/example_dags/example_dataset_alias.py
[2024-12-04T17:30:23.846+0000] {logging_mixin.py:190} INFO - [2024-12-04T17:30:23.845+0000] {dag.py:3239} INFO - Sync 4 DAGs
[2024-12-04T17:30:23.871+0000] {logging_mixin.py:190} INFO - [2024-12-04T17:30:23.870+0000] {dag.py:4180} INFO - Setting next_dagrun for dataset_alias_example_alias_consumer to None, run_after=None
[2024-12-04T17:30:23.877+0000] {logging_mixin.py:190} INFO - [2024-12-04T17:30:23.877+0000] {dag.py:4180} INFO - Setting next_dagrun for dataset_alias_example_alias_producer to None, run_after=None
[2024-12-04T17:30:23.880+0000] {logging_mixin.py:190} INFO - [2024-12-04T17:30:23.880+0000] {dag.py:4180} INFO - Setting next_dagrun for dataset_s3_bucket_consumer to None, run_after=None
[2024-12-04T17:30:23.883+0000] {logging_mixin.py:190} INFO - [2024-12-04T17:30:23.882+0000] {dag.py:4180} INFO - Setting next_dagrun for dataset_s3_bucket_producer to None, run_after=None
[2024-12-04T17:30:23.908+0000] {processor.py:208} INFO - Processing /home/airflow/.local/lib/python3.12/site-packages/airflow/example_dags/example_dataset_alias.py took 0.885 seconds
[2024-12-04T17:30:54.404+0000] {processor.py:186} INFO - Started process (PID=2292) to work on /home/airflow/.local/lib/python3.12/site-packages/airflow/example_dags/example_dataset_alias.py
[2024-12-04T17:30:54.405+0000] {processor.py:914} INFO - Processing file /home/airflow/.local/lib/python3.12/site-packages/airflow/example_dags/example_dataset_alias.py for tasks to queue
[2024-12-04T17:30:54.411+0000] {logging_mixin.py:190} INFO - [2024-12-04T17:30:54.411+0000] {dagbag.py:588} INFO - Filling up the DagBag from /home/airflow/.local/lib/python3.12/site-packages/airflow/example_dags/example_dataset_alias.py
[2024-12-04T17:30:55.094+0000] {processor.py:925} INFO - DAG(s) 'dataset_s3_bucket_producer', 'dataset_alias_example_alias_producer', 'dataset_alias_example_alias_consumer', 'dataset_s3_bucket_consumer' retrieved from /home/airflow/.local/lib/python3.12/site-packages/airflow/example_dags/example_dataset_alias.py
[2024-12-04T17:30:55.117+0000] {logging_mixin.py:190} INFO - [2024-12-04T17:30:55.116+0000] {dag.py:3239} INFO - Sync 4 DAGs
[2024-12-04T17:30:55.131+0000] {logging_mixin.py:190} INFO - [2024-12-04T17:30:55.131+0000] {dag.py:4180} INFO - Setting next_dagrun for dataset_alias_example_alias_consumer to None, run_after=None
[2024-12-04T17:30:55.133+0000] {logging_mixin.py:190} INFO - [2024-12-04T17:30:55.133+0000] {dag.py:4180} INFO - Setting next_dagrun for dataset_alias_example_alias_producer to None, run_after=None
[2024-12-04T17:30:55.135+0000] {logging_mixin.py:190} INFO - [2024-12-04T17:30:55.135+0000] {dag.py:4180} INFO - Setting next_dagrun for dataset_s3_bucket_consumer to None, run_after=None
[2024-12-04T17:30:55.136+0000] {logging_mixin.py:190} INFO - [2024-12-04T17:30:55.136+0000] {dag.py:4180} INFO - Setting next_dagrun for dataset_s3_bucket_producer to None, run_after=None
[2024-12-04T17:30:55.156+0000] {processor.py:208} INFO - Processing /home/airflow/.local/lib/python3.12/site-packages/airflow/example_dags/example_dataset_alias.py took 0.760 seconds
[2024-12-04T17:31:25.481+0000] {processor.py:186} INFO - Started process (PID=2355) to work on /home/airflow/.local/lib/python3.12/site-packages/airflow/example_dags/example_dataset_alias.py
[2024-12-04T17:31:25.484+0000] {processor.py:914} INFO - Processing file /home/airflow/.local/lib/python3.12/site-packages/airflow/example_dags/example_dataset_alias.py for tasks to queue
[2024-12-04T17:31:25.494+0000] {logging_mixin.py:190} INFO - [2024-12-04T17:31:25.494+0000] {dagbag.py:588} INFO - Filling up the DagBag from /home/airflow/.local/lib/python3.12/site-packages/airflow/example_dags/example_dataset_alias.py
[2024-12-04T17:31:26.040+0000] {processor.py:925} INFO - DAG(s) 'dataset_alias_example_alias_producer', 'dataset_s3_bucket_consumer', 'dataset_alias_example_alias_consumer', 'dataset_s3_bucket_producer' retrieved from /home/airflow/.local/lib/python3.12/site-packages/airflow/example_dags/example_dataset_alias.py
[2024-12-04T17:31:26.055+0000] {logging_mixin.py:190} INFO - [2024-12-04T17:31:26.055+0000] {dag.py:3239} INFO - Sync 4 DAGs
[2024-12-04T17:31:26.068+0000] {logging_mixin.py:190} INFO - [2024-12-04T17:31:26.068+0000] {dag.py:4180} INFO - Setting next_dagrun for dataset_alias_example_alias_consumer to None, run_after=None
[2024-12-04T17:31:26.070+0000] {logging_mixin.py:190} INFO - [2024-12-04T17:31:26.070+0000] {dag.py:4180} INFO - Setting next_dagrun for dataset_alias_example_alias_producer to None, run_after=None
[2024-12-04T17:31:26.071+0000] {logging_mixin.py:190} INFO - [2024-12-04T17:31:26.071+0000] {dag.py:4180} INFO - Setting next_dagrun for dataset_s3_bucket_consumer to None, run_after=None
[2024-12-04T17:31:26.072+0000] {logging_mixin.py:190} INFO - [2024-12-04T17:31:26.072+0000] {dag.py:4180} INFO - Setting next_dagrun for dataset_s3_bucket_producer to None, run_after=None
[2024-12-04T17:31:26.087+0000] {processor.py:208} INFO - Processing /home/airflow/.local/lib/python3.12/site-packages/airflow/example_dags/example_dataset_alias.py took 0.615 seconds
[2024-12-04T17:31:56.396+0000] {processor.py:186} INFO - Started process (PID=2418) to work on /home/airflow/.local/lib/python3.12/site-packages/airflow/example_dags/example_dataset_alias.py
[2024-12-04T17:31:56.399+0000] {processor.py:914} INFO - Processing file /home/airflow/.local/lib/python3.12/site-packages/airflow/example_dags/example_dataset_alias.py for tasks to queue
[2024-12-04T17:31:56.401+0000] {logging_mixin.py:190} INFO - [2024-12-04T17:31:56.400+0000] {dagbag.py:588} INFO - Filling up the DagBag from /home/airflow/.local/lib/python3.12/site-packages/airflow/example_dags/example_dataset_alias.py
[2024-12-04T17:31:57.044+0000] {processor.py:925} INFO - DAG(s) 'dataset_alias_example_alias_producer', 'dataset_alias_example_alias_consumer', 'dataset_s3_bucket_producer', 'dataset_s3_bucket_consumer' retrieved from /home/airflow/.local/lib/python3.12/site-packages/airflow/example_dags/example_dataset_alias.py
[2024-12-04T17:31:57.056+0000] {logging_mixin.py:190} INFO - [2024-12-04T17:31:57.056+0000] {dag.py:3239} INFO - Sync 4 DAGs
[2024-12-04T17:31:57.070+0000] {logging_mixin.py:190} INFO - [2024-12-04T17:31:57.070+0000] {dag.py:4180} INFO - Setting next_dagrun for dataset_alias_example_alias_consumer to None, run_after=None
[2024-12-04T17:31:57.071+0000] {logging_mixin.py:190} INFO - [2024-12-04T17:31:57.071+0000] {dag.py:4180} INFO - Setting next_dagrun for dataset_alias_example_alias_producer to None, run_after=None
[2024-12-04T17:31:57.072+0000] {logging_mixin.py:190} INFO - [2024-12-04T17:31:57.072+0000] {dag.py:4180} INFO - Setting next_dagrun for dataset_s3_bucket_consumer to None, run_after=None
[2024-12-04T17:31:57.072+0000] {logging_mixin.py:190} INFO - [2024-12-04T17:31:57.072+0000] {dag.py:4180} INFO - Setting next_dagrun for dataset_s3_bucket_producer to None, run_after=None
[2024-12-04T17:31:57.086+0000] {processor.py:208} INFO - Processing /home/airflow/.local/lib/python3.12/site-packages/airflow/example_dags/example_dataset_alias.py took 0.695 seconds
[2024-12-04T17:32:27.248+0000] {processor.py:186} INFO - Started process (PID=2481) to work on /home/airflow/.local/lib/python3.12/site-packages/airflow/example_dags/example_dataset_alias.py
[2024-12-04T17:32:27.250+0000] {processor.py:914} INFO - Processing file /home/airflow/.local/lib/python3.12/site-packages/airflow/example_dags/example_dataset_alias.py for tasks to queue
[2024-12-04T17:32:27.255+0000] {logging_mixin.py:190} INFO - [2024-12-04T17:32:27.255+0000] {dagbag.py:588} INFO - Filling up the DagBag from /home/airflow/.local/lib/python3.12/site-packages/airflow/example_dags/example_dataset_alias.py
[2024-12-04T17:32:27.851+0000] {processor.py:925} INFO - DAG(s) 'dataset_alias_example_alias_consumer', 'dataset_s3_bucket_consumer', 'dataset_alias_example_alias_producer', 'dataset_s3_bucket_producer' retrieved from /home/airflow/.local/lib/python3.12/site-packages/airflow/example_dags/example_dataset_alias.py
[2024-12-04T17:32:27.864+0000] {logging_mixin.py:190} INFO - [2024-12-04T17:32:27.864+0000] {dag.py:3239} INFO - Sync 4 DAGs
[2024-12-04T17:32:27.888+0000] {logging_mixin.py:190} INFO - [2024-12-04T17:32:27.888+0000] {dag.py:4180} INFO - Setting next_dagrun for dataset_alias_example_alias_consumer to None, run_after=None
[2024-12-04T17:32:27.893+0000] {logging_mixin.py:190} INFO - [2024-12-04T17:32:27.893+0000] {dag.py:4180} INFO - Setting next_dagrun for dataset_alias_example_alias_producer to None, run_after=None
[2024-12-04T17:32:27.894+0000] {logging_mixin.py:190} INFO - [2024-12-04T17:32:27.894+0000] {dag.py:4180} INFO - Setting next_dagrun for dataset_s3_bucket_consumer to None, run_after=None
[2024-12-04T17:32:27.895+0000] {logging_mixin.py:190} INFO - [2024-12-04T17:32:27.895+0000] {dag.py:4180} INFO - Setting next_dagrun for dataset_s3_bucket_producer to None, run_after=None
[2024-12-04T17:32:27.911+0000] {processor.py:208} INFO - Processing /home/airflow/.local/lib/python3.12/site-packages/airflow/example_dags/example_dataset_alias.py took 0.671 seconds
