[2024-12-04T17:12:24.042+0000] {processor.py:186} INFO - Started process (PID=111) to work on /home/airflow/.local/lib/python3.12/site-packages/airflow/example_dags/example_bash_decorator.py
[2024-12-04T17:12:24.043+0000] {processor.py:914} INFO - Processing file /home/airflow/.local/lib/python3.12/site-packages/airflow/example_dags/example_bash_decorator.py for tasks to queue
[2024-12-04T17:12:24.045+0000] {logging_mixin.py:190} INFO - [2024-12-04T17:12:24.045+0000] {dagbag.py:588} INFO - Filling up the DagBag from /home/airflow/.local/lib/python3.12/site-packages/airflow/example_dags/example_bash_decorator.py
[2024-12-04T17:12:24.057+0000] {processor.py:925} INFO - DAG(s) 'example_bash_decorator' retrieved from /home/airflow/.local/lib/python3.12/site-packages/airflow/example_dags/example_bash_decorator.py
[2024-12-04T17:12:24.141+0000] {logging_mixin.py:190} INFO - [2024-12-04T17:12:24.140+0000] {override.py:1911} INFO - Created Permission View: can read on DAG:example_bash_decorator
[2024-12-04T17:12:24.150+0000] {logging_mixin.py:190} INFO - [2024-12-04T17:12:24.149+0000] {override.py:1911} INFO - Created Permission View: can delete on DAG:example_bash_decorator
[2024-12-04T17:12:24.154+0000] {logging_mixin.py:190} INFO - [2024-12-04T17:12:24.153+0000] {override.py:1911} INFO - Created Permission View: can edit on DAG:example_bash_decorator
[2024-12-04T17:12:24.159+0000] {logging_mixin.py:190} INFO - [2024-12-04T17:12:24.159+0000] {override.py:1911} INFO - Created Permission View: menu access on DAG Run:example_bash_decorator
[2024-12-04T17:12:24.164+0000] {logging_mixin.py:190} INFO - [2024-12-04T17:12:24.164+0000] {override.py:1911} INFO - Created Permission View: can delete on DAG Run:example_bash_decorator
[2024-12-04T17:12:24.173+0000] {logging_mixin.py:190} INFO - [2024-12-04T17:12:24.173+0000] {override.py:1911} INFO - Created Permission View: can read on DAG Run:example_bash_decorator
[2024-12-04T17:12:24.181+0000] {logging_mixin.py:190} INFO - [2024-12-04T17:12:24.181+0000] {override.py:1911} INFO - Created Permission View: can create on DAG Run:example_bash_decorator
[2024-12-04T17:12:24.181+0000] {logging_mixin.py:190} INFO - [2024-12-04T17:12:24.181+0000] {dag.py:3239} INFO - Sync 1 DAGs
[2024-12-04T17:12:24.191+0000] {logging_mixin.py:190} INFO - [2024-12-04T17:12:24.191+0000] {dag.py:3262} INFO - Creating ORM DAG for example_bash_decorator
[2024-12-04T17:12:24.195+0000] {logging_mixin.py:190} INFO - [2024-12-04T17:12:24.195+0000] {dag.py:4180} INFO - Setting next_dagrun for example_bash_decorator to None, run_after=None
[2024-12-04T17:12:24.210+0000] {processor.py:208} INFO - Processing /home/airflow/.local/lib/python3.12/site-packages/airflow/example_dags/example_bash_decorator.py took 0.172 seconds
[2024-12-04T17:12:55.252+0000] {processor.py:186} INFO - Started process (PID=174) to work on /home/airflow/.local/lib/python3.12/site-packages/airflow/example_dags/example_bash_decorator.py
[2024-12-04T17:12:55.252+0000] {processor.py:914} INFO - Processing file /home/airflow/.local/lib/python3.12/site-packages/airflow/example_dags/example_bash_decorator.py for tasks to queue
[2024-12-04T17:12:55.254+0000] {logging_mixin.py:190} INFO - [2024-12-04T17:12:55.253+0000] {dagbag.py:588} INFO - Filling up the DagBag from /home/airflow/.local/lib/python3.12/site-packages/airflow/example_dags/example_bash_decorator.py
[2024-12-04T17:12:55.260+0000] {processor.py:925} INFO - DAG(s) 'example_bash_decorator' retrieved from /home/airflow/.local/lib/python3.12/site-packages/airflow/example_dags/example_bash_decorator.py
[2024-12-04T17:12:55.271+0000] {logging_mixin.py:190} INFO - [2024-12-04T17:12:55.271+0000] {dag.py:3239} INFO - Sync 1 DAGs
[2024-12-04T17:12:55.277+0000] {logging_mixin.py:190} INFO - [2024-12-04T17:12:55.277+0000] {dag.py:4180} INFO - Setting next_dagrun for example_bash_decorator to None, run_after=None
[2024-12-04T17:12:55.284+0000] {processor.py:208} INFO - Processing /home/airflow/.local/lib/python3.12/site-packages/airflow/example_dags/example_bash_decorator.py took 0.035 seconds
[2024-12-04T17:13:25.721+0000] {processor.py:186} INFO - Started process (PID=237) to work on /home/airflow/.local/lib/python3.12/site-packages/airflow/example_dags/example_bash_decorator.py
[2024-12-04T17:13:25.722+0000] {processor.py:914} INFO - Processing file /home/airflow/.local/lib/python3.12/site-packages/airflow/example_dags/example_bash_decorator.py for tasks to queue
[2024-12-04T17:13:25.723+0000] {logging_mixin.py:190} INFO - [2024-12-04T17:13:25.722+0000] {dagbag.py:588} INFO - Filling up the DagBag from /home/airflow/.local/lib/python3.12/site-packages/airflow/example_dags/example_bash_decorator.py
[2024-12-04T17:13:25.730+0000] {processor.py:925} INFO - DAG(s) 'example_bash_decorator' retrieved from /home/airflow/.local/lib/python3.12/site-packages/airflow/example_dags/example_bash_decorator.py
[2024-12-04T17:13:25.740+0000] {logging_mixin.py:190} INFO - [2024-12-04T17:13:25.740+0000] {dag.py:3239} INFO - Sync 1 DAGs
[2024-12-04T17:13:25.746+0000] {logging_mixin.py:190} INFO - [2024-12-04T17:13:25.746+0000] {dag.py:4180} INFO - Setting next_dagrun for example_bash_decorator to None, run_after=None
[2024-12-04T17:13:25.753+0000] {processor.py:208} INFO - Processing /home/airflow/.local/lib/python3.12/site-packages/airflow/example_dags/example_bash_decorator.py took 0.035 seconds
[2024-12-04T17:13:56.194+0000] {processor.py:186} INFO - Started process (PID=300) to work on /home/airflow/.local/lib/python3.12/site-packages/airflow/example_dags/example_bash_decorator.py
[2024-12-04T17:13:56.195+0000] {processor.py:914} INFO - Processing file /home/airflow/.local/lib/python3.12/site-packages/airflow/example_dags/example_bash_decorator.py for tasks to queue
[2024-12-04T17:13:56.196+0000] {logging_mixin.py:190} INFO - [2024-12-04T17:13:56.196+0000] {dagbag.py:588} INFO - Filling up the DagBag from /home/airflow/.local/lib/python3.12/site-packages/airflow/example_dags/example_bash_decorator.py
[2024-12-04T17:13:56.204+0000] {processor.py:925} INFO - DAG(s) 'example_bash_decorator' retrieved from /home/airflow/.local/lib/python3.12/site-packages/airflow/example_dags/example_bash_decorator.py
[2024-12-04T17:13:56.219+0000] {logging_mixin.py:190} INFO - [2024-12-04T17:13:56.219+0000] {dag.py:3239} INFO - Sync 1 DAGs
[2024-12-04T17:13:56.225+0000] {logging_mixin.py:190} INFO - [2024-12-04T17:13:56.225+0000] {dag.py:4180} INFO - Setting next_dagrun for example_bash_decorator to None, run_after=None
[2024-12-04T17:13:56.237+0000] {processor.py:208} INFO - Processing /home/airflow/.local/lib/python3.12/site-packages/airflow/example_dags/example_bash_decorator.py took 0.046 seconds
[2024-12-04T17:14:27.745+0000] {processor.py:186} INFO - Started process (PID=363) to work on /home/airflow/.local/lib/python3.12/site-packages/airflow/example_dags/example_bash_decorator.py
[2024-12-04T17:14:27.746+0000] {processor.py:914} INFO - Processing file /home/airflow/.local/lib/python3.12/site-packages/airflow/example_dags/example_bash_decorator.py for tasks to queue
[2024-12-04T17:14:27.747+0000] {logging_mixin.py:190} INFO - [2024-12-04T17:14:27.747+0000] {dagbag.py:588} INFO - Filling up the DagBag from /home/airflow/.local/lib/python3.12/site-packages/airflow/example_dags/example_bash_decorator.py
[2024-12-04T17:14:27.755+0000] {processor.py:925} INFO - DAG(s) 'example_bash_decorator' retrieved from /home/airflow/.local/lib/python3.12/site-packages/airflow/example_dags/example_bash_decorator.py
[2024-12-04T17:14:27.766+0000] {logging_mixin.py:190} INFO - [2024-12-04T17:14:27.766+0000] {dag.py:3239} INFO - Sync 1 DAGs
[2024-12-04T17:14:27.773+0000] {logging_mixin.py:190} INFO - [2024-12-04T17:14:27.773+0000] {dag.py:4180} INFO - Setting next_dagrun for example_bash_decorator to None, run_after=None
[2024-12-04T17:14:27.785+0000] {processor.py:208} INFO - Processing /home/airflow/.local/lib/python3.12/site-packages/airflow/example_dags/example_bash_decorator.py took 0.043 seconds
[2024-12-04T17:14:59.464+0000] {processor.py:186} INFO - Started process (PID=426) to work on /home/airflow/.local/lib/python3.12/site-packages/airflow/example_dags/example_bash_decorator.py
[2024-12-04T17:14:59.465+0000] {processor.py:914} INFO - Processing file /home/airflow/.local/lib/python3.12/site-packages/airflow/example_dags/example_bash_decorator.py for tasks to queue
[2024-12-04T17:14:59.467+0000] {logging_mixin.py:190} INFO - [2024-12-04T17:14:59.467+0000] {dagbag.py:588} INFO - Filling up the DagBag from /home/airflow/.local/lib/python3.12/site-packages/airflow/example_dags/example_bash_decorator.py
[2024-12-04T17:14:59.479+0000] {processor.py:925} INFO - DAG(s) 'example_bash_decorator' retrieved from /home/airflow/.local/lib/python3.12/site-packages/airflow/example_dags/example_bash_decorator.py
[2024-12-04T17:14:59.498+0000] {logging_mixin.py:190} INFO - [2024-12-04T17:14:59.498+0000] {dag.py:3239} INFO - Sync 1 DAGs
[2024-12-04T17:14:59.510+0000] {logging_mixin.py:190} INFO - [2024-12-04T17:14:59.510+0000] {dag.py:4180} INFO - Setting next_dagrun for example_bash_decorator to None, run_after=None
[2024-12-04T17:14:59.521+0000] {processor.py:208} INFO - Processing /home/airflow/.local/lib/python3.12/site-packages/airflow/example_dags/example_bash_decorator.py took 0.061 seconds
[2024-12-04T17:15:30.135+0000] {processor.py:186} INFO - Started process (PID=489) to work on /home/airflow/.local/lib/python3.12/site-packages/airflow/example_dags/example_bash_decorator.py
[2024-12-04T17:15:30.135+0000] {processor.py:914} INFO - Processing file /home/airflow/.local/lib/python3.12/site-packages/airflow/example_dags/example_bash_decorator.py for tasks to queue
[2024-12-04T17:15:30.137+0000] {logging_mixin.py:190} INFO - [2024-12-04T17:15:30.137+0000] {dagbag.py:588} INFO - Filling up the DagBag from /home/airflow/.local/lib/python3.12/site-packages/airflow/example_dags/example_bash_decorator.py
[2024-12-04T17:15:30.148+0000] {processor.py:925} INFO - DAG(s) 'example_bash_decorator' retrieved from /home/airflow/.local/lib/python3.12/site-packages/airflow/example_dags/example_bash_decorator.py
[2024-12-04T17:15:30.172+0000] {logging_mixin.py:190} INFO - [2024-12-04T17:15:30.172+0000] {dag.py:3239} INFO - Sync 1 DAGs
[2024-12-04T17:15:30.190+0000] {logging_mixin.py:190} INFO - [2024-12-04T17:15:30.189+0000] {dag.py:4180} INFO - Setting next_dagrun for example_bash_decorator to None, run_after=None
[2024-12-04T17:15:30.203+0000] {processor.py:208} INFO - Processing /home/airflow/.local/lib/python3.12/site-packages/airflow/example_dags/example_bash_decorator.py took 0.073 seconds
[2024-12-04T17:16:01.471+0000] {processor.py:186} INFO - Started process (PID=552) to work on /home/airflow/.local/lib/python3.12/site-packages/airflow/example_dags/example_bash_decorator.py
[2024-12-04T17:16:01.472+0000] {processor.py:914} INFO - Processing file /home/airflow/.local/lib/python3.12/site-packages/airflow/example_dags/example_bash_decorator.py for tasks to queue
[2024-12-04T17:16:01.473+0000] {logging_mixin.py:190} INFO - [2024-12-04T17:16:01.473+0000] {dagbag.py:588} INFO - Filling up the DagBag from /home/airflow/.local/lib/python3.12/site-packages/airflow/example_dags/example_bash_decorator.py
[2024-12-04T17:16:01.487+0000] {processor.py:925} INFO - DAG(s) 'example_bash_decorator' retrieved from /home/airflow/.local/lib/python3.12/site-packages/airflow/example_dags/example_bash_decorator.py
[2024-12-04T17:16:01.503+0000] {logging_mixin.py:190} INFO - [2024-12-04T17:16:01.502+0000] {dag.py:3239} INFO - Sync 1 DAGs
[2024-12-04T17:16:01.511+0000] {logging_mixin.py:190} INFO - [2024-12-04T17:16:01.511+0000] {dag.py:4180} INFO - Setting next_dagrun for example_bash_decorator to None, run_after=None
[2024-12-04T17:16:01.522+0000] {processor.py:208} INFO - Processing /home/airflow/.local/lib/python3.12/site-packages/airflow/example_dags/example_bash_decorator.py took 0.057 seconds
[2024-12-04T17:16:32.800+0000] {processor.py:186} INFO - Started process (PID=615) to work on /home/airflow/.local/lib/python3.12/site-packages/airflow/example_dags/example_bash_decorator.py
[2024-12-04T17:16:32.800+0000] {processor.py:914} INFO - Processing file /home/airflow/.local/lib/python3.12/site-packages/airflow/example_dags/example_bash_decorator.py for tasks to queue
[2024-12-04T17:16:32.802+0000] {logging_mixin.py:190} INFO - [2024-12-04T17:16:32.802+0000] {dagbag.py:588} INFO - Filling up the DagBag from /home/airflow/.local/lib/python3.12/site-packages/airflow/example_dags/example_bash_decorator.py
[2024-12-04T17:16:32.810+0000] {processor.py:925} INFO - DAG(s) 'example_bash_decorator' retrieved from /home/airflow/.local/lib/python3.12/site-packages/airflow/example_dags/example_bash_decorator.py
[2024-12-04T17:16:32.822+0000] {logging_mixin.py:190} INFO - [2024-12-04T17:16:32.822+0000] {dag.py:3239} INFO - Sync 1 DAGs
[2024-12-04T17:16:32.831+0000] {logging_mixin.py:190} INFO - [2024-12-04T17:16:32.831+0000] {dag.py:4180} INFO - Setting next_dagrun for example_bash_decorator to None, run_after=None
[2024-12-04T17:16:32.846+0000] {processor.py:208} INFO - Processing /home/airflow/.local/lib/python3.12/site-packages/airflow/example_dags/example_bash_decorator.py took 0.049 seconds
[2024-12-04T17:17:03.479+0000] {processor.py:186} INFO - Started process (PID=677) to work on /home/airflow/.local/lib/python3.12/site-packages/airflow/example_dags/example_bash_decorator.py
[2024-12-04T17:17:03.482+0000] {processor.py:914} INFO - Processing file /home/airflow/.local/lib/python3.12/site-packages/airflow/example_dags/example_bash_decorator.py for tasks to queue
[2024-12-04T17:17:03.484+0000] {logging_mixin.py:190} INFO - [2024-12-04T17:17:03.483+0000] {dagbag.py:588} INFO - Filling up the DagBag from /home/airflow/.local/lib/python3.12/site-packages/airflow/example_dags/example_bash_decorator.py
[2024-12-04T17:17:03.491+0000] {processor.py:925} INFO - DAG(s) 'example_bash_decorator' retrieved from /home/airflow/.local/lib/python3.12/site-packages/airflow/example_dags/example_bash_decorator.py
[2024-12-04T17:17:03.508+0000] {logging_mixin.py:190} INFO - [2024-12-04T17:17:03.508+0000] {dag.py:3239} INFO - Sync 1 DAGs
[2024-12-04T17:17:03.515+0000] {logging_mixin.py:190} INFO - [2024-12-04T17:17:03.515+0000] {dag.py:4180} INFO - Setting next_dagrun for example_bash_decorator to None, run_after=None
[2024-12-04T17:17:03.524+0000] {processor.py:208} INFO - Processing /home/airflow/.local/lib/python3.12/site-packages/airflow/example_dags/example_bash_decorator.py took 0.049 seconds
[2024-12-04T17:17:35.322+0000] {processor.py:186} INFO - Started process (PID=741) to work on /home/airflow/.local/lib/python3.12/site-packages/airflow/example_dags/example_bash_decorator.py
[2024-12-04T17:17:35.322+0000] {processor.py:914} INFO - Processing file /home/airflow/.local/lib/python3.12/site-packages/airflow/example_dags/example_bash_decorator.py for tasks to queue
[2024-12-04T17:17:35.324+0000] {logging_mixin.py:190} INFO - [2024-12-04T17:17:35.324+0000] {dagbag.py:588} INFO - Filling up the DagBag from /home/airflow/.local/lib/python3.12/site-packages/airflow/example_dags/example_bash_decorator.py
[2024-12-04T17:17:35.332+0000] {processor.py:925} INFO - DAG(s) 'example_bash_decorator' retrieved from /home/airflow/.local/lib/python3.12/site-packages/airflow/example_dags/example_bash_decorator.py
[2024-12-04T17:17:35.344+0000] {logging_mixin.py:190} INFO - [2024-12-04T17:17:35.343+0000] {dag.py:3239} INFO - Sync 1 DAGs
[2024-12-04T17:17:35.351+0000] {logging_mixin.py:190} INFO - [2024-12-04T17:17:35.351+0000] {dag.py:4180} INFO - Setting next_dagrun for example_bash_decorator to None, run_after=None
[2024-12-04T17:17:35.362+0000] {processor.py:208} INFO - Processing /home/airflow/.local/lib/python3.12/site-packages/airflow/example_dags/example_bash_decorator.py took 0.044 seconds
[2024-12-04T17:18:06.687+0000] {processor.py:186} INFO - Started process (PID=804) to work on /home/airflow/.local/lib/python3.12/site-packages/airflow/example_dags/example_bash_decorator.py
[2024-12-04T17:18:06.688+0000] {processor.py:914} INFO - Processing file /home/airflow/.local/lib/python3.12/site-packages/airflow/example_dags/example_bash_decorator.py for tasks to queue
[2024-12-04T17:18:06.689+0000] {logging_mixin.py:190} INFO - [2024-12-04T17:18:06.689+0000] {dagbag.py:588} INFO - Filling up the DagBag from /home/airflow/.local/lib/python3.12/site-packages/airflow/example_dags/example_bash_decorator.py
[2024-12-04T17:18:06.698+0000] {processor.py:925} INFO - DAG(s) 'example_bash_decorator' retrieved from /home/airflow/.local/lib/python3.12/site-packages/airflow/example_dags/example_bash_decorator.py
[2024-12-04T17:18:06.711+0000] {logging_mixin.py:190} INFO - [2024-12-04T17:18:06.711+0000] {dag.py:3239} INFO - Sync 1 DAGs
[2024-12-04T17:18:06.719+0000] {logging_mixin.py:190} INFO - [2024-12-04T17:18:06.719+0000] {dag.py:4180} INFO - Setting next_dagrun for example_bash_decorator to None, run_after=None
[2024-12-04T17:18:06.729+0000] {processor.py:208} INFO - Processing /home/airflow/.local/lib/python3.12/site-packages/airflow/example_dags/example_bash_decorator.py took 0.045 seconds
[2024-12-04T17:18:39.427+0000] {processor.py:186} INFO - Started process (PID=867) to work on /home/airflow/.local/lib/python3.12/site-packages/airflow/example_dags/example_bash_decorator.py
[2024-12-04T17:18:39.428+0000] {processor.py:914} INFO - Processing file /home/airflow/.local/lib/python3.12/site-packages/airflow/example_dags/example_bash_decorator.py for tasks to queue
[2024-12-04T17:18:39.429+0000] {logging_mixin.py:190} INFO - [2024-12-04T17:18:39.429+0000] {dagbag.py:588} INFO - Filling up the DagBag from /home/airflow/.local/lib/python3.12/site-packages/airflow/example_dags/example_bash_decorator.py
[2024-12-04T17:18:39.443+0000] {processor.py:925} INFO - DAG(s) 'example_bash_decorator' retrieved from /home/airflow/.local/lib/python3.12/site-packages/airflow/example_dags/example_bash_decorator.py
[2024-12-04T17:18:39.511+0000] {logging_mixin.py:190} INFO - [2024-12-04T17:18:39.510+0000] {dag.py:3239} INFO - Sync 1 DAGs
[2024-12-04T17:18:39.531+0000] {logging_mixin.py:190} INFO - [2024-12-04T17:18:39.530+0000] {dag.py:4180} INFO - Setting next_dagrun for example_bash_decorator to None, run_after=None
[2024-12-04T17:18:39.552+0000] {processor.py:208} INFO - Processing /home/airflow/.local/lib/python3.12/site-packages/airflow/example_dags/example_bash_decorator.py took 0.130 seconds
[2024-12-04T17:19:09.976+0000] {processor.py:186} INFO - Started process (PID=930) to work on /home/airflow/.local/lib/python3.12/site-packages/airflow/example_dags/example_bash_decorator.py
[2024-12-04T17:19:09.977+0000] {processor.py:914} INFO - Processing file /home/airflow/.local/lib/python3.12/site-packages/airflow/example_dags/example_bash_decorator.py for tasks to queue
[2024-12-04T17:19:09.979+0000] {logging_mixin.py:190} INFO - [2024-12-04T17:19:09.978+0000] {dagbag.py:588} INFO - Filling up the DagBag from /home/airflow/.local/lib/python3.12/site-packages/airflow/example_dags/example_bash_decorator.py
[2024-12-04T17:19:09.988+0000] {processor.py:925} INFO - DAG(s) 'example_bash_decorator' retrieved from /home/airflow/.local/lib/python3.12/site-packages/airflow/example_dags/example_bash_decorator.py
[2024-12-04T17:19:10.001+0000] {logging_mixin.py:190} INFO - [2024-12-04T17:19:10.001+0000] {dag.py:3239} INFO - Sync 1 DAGs
[2024-12-04T17:19:10.011+0000] {logging_mixin.py:190} INFO - [2024-12-04T17:19:10.011+0000] {dag.py:4180} INFO - Setting next_dagrun for example_bash_decorator to None, run_after=None
[2024-12-04T17:19:10.020+0000] {processor.py:208} INFO - Processing /home/airflow/.local/lib/python3.12/site-packages/airflow/example_dags/example_bash_decorator.py took 0.048 seconds
[2024-12-04T17:19:41.444+0000] {processor.py:186} INFO - Started process (PID=993) to work on /home/airflow/.local/lib/python3.12/site-packages/airflow/example_dags/example_bash_decorator.py
[2024-12-04T17:19:41.447+0000] {processor.py:914} INFO - Processing file /home/airflow/.local/lib/python3.12/site-packages/airflow/example_dags/example_bash_decorator.py for tasks to queue
[2024-12-04T17:19:41.450+0000] {logging_mixin.py:190} INFO - [2024-12-04T17:19:41.449+0000] {dagbag.py:588} INFO - Filling up the DagBag from /home/airflow/.local/lib/python3.12/site-packages/airflow/example_dags/example_bash_decorator.py
[2024-12-04T17:19:41.465+0000] {processor.py:925} INFO - DAG(s) 'example_bash_decorator' retrieved from /home/airflow/.local/lib/python3.12/site-packages/airflow/example_dags/example_bash_decorator.py
[2024-12-04T17:19:41.485+0000] {logging_mixin.py:190} INFO - [2024-12-04T17:19:41.484+0000] {dag.py:3239} INFO - Sync 1 DAGs
[2024-12-04T17:19:41.495+0000] {logging_mixin.py:190} INFO - [2024-12-04T17:19:41.495+0000] {dag.py:4180} INFO - Setting next_dagrun for example_bash_decorator to None, run_after=None
[2024-12-04T17:19:41.507+0000] {processor.py:208} INFO - Processing /home/airflow/.local/lib/python3.12/site-packages/airflow/example_dags/example_bash_decorator.py took 0.081 seconds
[2024-12-04T17:20:12.860+0000] {processor.py:186} INFO - Started process (PID=1056) to work on /home/airflow/.local/lib/python3.12/site-packages/airflow/example_dags/example_bash_decorator.py
[2024-12-04T17:20:12.861+0000] {processor.py:914} INFO - Processing file /home/airflow/.local/lib/python3.12/site-packages/airflow/example_dags/example_bash_decorator.py for tasks to queue
[2024-12-04T17:20:12.862+0000] {logging_mixin.py:190} INFO - [2024-12-04T17:20:12.862+0000] {dagbag.py:588} INFO - Filling up the DagBag from /home/airflow/.local/lib/python3.12/site-packages/airflow/example_dags/example_bash_decorator.py
[2024-12-04T17:20:12.871+0000] {processor.py:925} INFO - DAG(s) 'example_bash_decorator' retrieved from /home/airflow/.local/lib/python3.12/site-packages/airflow/example_dags/example_bash_decorator.py
[2024-12-04T17:20:12.885+0000] {logging_mixin.py:190} INFO - [2024-12-04T17:20:12.885+0000] {dag.py:3239} INFO - Sync 1 DAGs
[2024-12-04T17:20:12.893+0000] {logging_mixin.py:190} INFO - [2024-12-04T17:20:12.892+0000] {dag.py:4180} INFO - Setting next_dagrun for example_bash_decorator to None, run_after=None
[2024-12-04T17:20:12.902+0000] {processor.py:208} INFO - Processing /home/airflow/.local/lib/python3.12/site-packages/airflow/example_dags/example_bash_decorator.py took 0.046 seconds
[2024-12-04T17:20:44.185+0000] {processor.py:186} INFO - Started process (PID=1119) to work on /home/airflow/.local/lib/python3.12/site-packages/airflow/example_dags/example_bash_decorator.py
[2024-12-04T17:20:44.186+0000] {processor.py:914} INFO - Processing file /home/airflow/.local/lib/python3.12/site-packages/airflow/example_dags/example_bash_decorator.py for tasks to queue
[2024-12-04T17:20:44.187+0000] {logging_mixin.py:190} INFO - [2024-12-04T17:20:44.187+0000] {dagbag.py:588} INFO - Filling up the DagBag from /home/airflow/.local/lib/python3.12/site-packages/airflow/example_dags/example_bash_decorator.py
[2024-12-04T17:20:44.196+0000] {processor.py:925} INFO - DAG(s) 'example_bash_decorator' retrieved from /home/airflow/.local/lib/python3.12/site-packages/airflow/example_dags/example_bash_decorator.py
[2024-12-04T17:20:44.209+0000] {logging_mixin.py:190} INFO - [2024-12-04T17:20:44.209+0000] {dag.py:3239} INFO - Sync 1 DAGs
[2024-12-04T17:20:44.217+0000] {logging_mixin.py:190} INFO - [2024-12-04T17:20:44.217+0000] {dag.py:4180} INFO - Setting next_dagrun for example_bash_decorator to None, run_after=None
[2024-12-04T17:20:44.227+0000] {processor.py:208} INFO - Processing /home/airflow/.local/lib/python3.12/site-packages/airflow/example_dags/example_bash_decorator.py took 0.045 seconds
[2024-12-04T17:21:17.704+0000] {processor.py:186} INFO - Started process (PID=1182) to work on /home/airflow/.local/lib/python3.12/site-packages/airflow/example_dags/example_bash_decorator.py
[2024-12-04T17:21:17.705+0000] {processor.py:914} INFO - Processing file /home/airflow/.local/lib/python3.12/site-packages/airflow/example_dags/example_bash_decorator.py for tasks to queue
[2024-12-04T17:21:17.706+0000] {logging_mixin.py:190} INFO - [2024-12-04T17:21:17.706+0000] {dagbag.py:588} INFO - Filling up the DagBag from /home/airflow/.local/lib/python3.12/site-packages/airflow/example_dags/example_bash_decorator.py
[2024-12-04T17:21:17.718+0000] {processor.py:925} INFO - DAG(s) 'example_bash_decorator' retrieved from /home/airflow/.local/lib/python3.12/site-packages/airflow/example_dags/example_bash_decorator.py
[2024-12-04T17:21:17.733+0000] {logging_mixin.py:190} INFO - [2024-12-04T17:21:17.733+0000] {dag.py:3239} INFO - Sync 1 DAGs
[2024-12-04T17:21:17.750+0000] {logging_mixin.py:190} INFO - [2024-12-04T17:21:17.750+0000] {dag.py:4180} INFO - Setting next_dagrun for example_bash_decorator to None, run_after=None
[2024-12-04T17:21:17.773+0000] {processor.py:208} INFO - Processing /home/airflow/.local/lib/python3.12/site-packages/airflow/example_dags/example_bash_decorator.py took 0.072 seconds
[2024-12-04T17:21:49.273+0000] {processor.py:186} INFO - Started process (PID=1245) to work on /home/airflow/.local/lib/python3.12/site-packages/airflow/example_dags/example_bash_decorator.py
[2024-12-04T17:21:49.274+0000] {processor.py:914} INFO - Processing file /home/airflow/.local/lib/python3.12/site-packages/airflow/example_dags/example_bash_decorator.py for tasks to queue
[2024-12-04T17:21:49.277+0000] {logging_mixin.py:190} INFO - [2024-12-04T17:21:49.277+0000] {dagbag.py:588} INFO - Filling up the DagBag from /home/airflow/.local/lib/python3.12/site-packages/airflow/example_dags/example_bash_decorator.py
[2024-12-04T17:21:49.292+0000] {processor.py:925} INFO - DAG(s) 'example_bash_decorator' retrieved from /home/airflow/.local/lib/python3.12/site-packages/airflow/example_dags/example_bash_decorator.py
[2024-12-04T17:21:49.308+0000] {logging_mixin.py:190} INFO - [2024-12-04T17:21:49.308+0000] {dag.py:3239} INFO - Sync 1 DAGs
[2024-12-04T17:21:49.323+0000] {logging_mixin.py:190} INFO - [2024-12-04T17:21:49.323+0000] {dag.py:4180} INFO - Setting next_dagrun for example_bash_decorator to None, run_after=None
[2024-12-04T17:21:49.340+0000] {processor.py:208} INFO - Processing /home/airflow/.local/lib/python3.12/site-packages/airflow/example_dags/example_bash_decorator.py took 0.094 seconds
[2024-12-04T17:22:21.050+0000] {processor.py:186} INFO - Started process (PID=1307) to work on /home/airflow/.local/lib/python3.12/site-packages/airflow/example_dags/example_bash_decorator.py
[2024-12-04T17:22:21.053+0000] {processor.py:914} INFO - Processing file /home/airflow/.local/lib/python3.12/site-packages/airflow/example_dags/example_bash_decorator.py for tasks to queue
[2024-12-04T17:22:21.056+0000] {logging_mixin.py:190} INFO - [2024-12-04T17:22:21.055+0000] {dagbag.py:588} INFO - Filling up the DagBag from /home/airflow/.local/lib/python3.12/site-packages/airflow/example_dags/example_bash_decorator.py
[2024-12-04T17:22:21.069+0000] {processor.py:925} INFO - DAG(s) 'example_bash_decorator' retrieved from /home/airflow/.local/lib/python3.12/site-packages/airflow/example_dags/example_bash_decorator.py
[2024-12-04T17:22:21.088+0000] {logging_mixin.py:190} INFO - [2024-12-04T17:22:21.088+0000] {dag.py:3239} INFO - Sync 1 DAGs
[2024-12-04T17:22:21.097+0000] {logging_mixin.py:190} INFO - [2024-12-04T17:22:21.097+0000] {dag.py:4180} INFO - Setting next_dagrun for example_bash_decorator to None, run_after=None
[2024-12-04T17:22:21.107+0000] {processor.py:208} INFO - Processing /home/airflow/.local/lib/python3.12/site-packages/airflow/example_dags/example_bash_decorator.py took 0.067 seconds
[2024-12-04T17:23:12.424+0000] {processor.py:186} INFO - Started process (PID=1377) to work on /home/airflow/.local/lib/python3.12/site-packages/airflow/example_dags/example_bash_decorator.py
[2024-12-04T17:23:12.424+0000] {processor.py:914} INFO - Processing file /home/airflow/.local/lib/python3.12/site-packages/airflow/example_dags/example_bash_decorator.py for tasks to queue
[2024-12-04T17:23:12.427+0000] {logging_mixin.py:190} INFO - [2024-12-04T17:23:12.427+0000] {dagbag.py:588} INFO - Filling up the DagBag from /home/airflow/.local/lib/python3.12/site-packages/airflow/example_dags/example_bash_decorator.py
[2024-12-04T17:23:12.469+0000] {processor.py:925} INFO - DAG(s) 'example_bash_decorator' retrieved from /home/airflow/.local/lib/python3.12/site-packages/airflow/example_dags/example_bash_decorator.py
[2024-12-04T17:23:12.527+0000] {logging_mixin.py:190} INFO - [2024-12-04T17:23:12.526+0000] {dag.py:3239} INFO - Sync 1 DAGs
[2024-12-04T17:23:12.563+0000] {logging_mixin.py:190} INFO - [2024-12-04T17:23:12.562+0000] {dag.py:4180} INFO - Setting next_dagrun for example_bash_decorator to None, run_after=None
[2024-12-04T17:23:12.616+0000] {processor.py:208} INFO - Processing /home/airflow/.local/lib/python3.12/site-packages/airflow/example_dags/example_bash_decorator.py took 0.201 seconds
[2024-12-04T17:23:44.317+0000] {processor.py:186} INFO - Started process (PID=1440) to work on /home/airflow/.local/lib/python3.12/site-packages/airflow/example_dags/example_bash_decorator.py
[2024-12-04T17:23:44.318+0000] {processor.py:914} INFO - Processing file /home/airflow/.local/lib/python3.12/site-packages/airflow/example_dags/example_bash_decorator.py for tasks to queue
[2024-12-04T17:23:44.320+0000] {logging_mixin.py:190} INFO - [2024-12-04T17:23:44.320+0000] {dagbag.py:588} INFO - Filling up the DagBag from /home/airflow/.local/lib/python3.12/site-packages/airflow/example_dags/example_bash_decorator.py
[2024-12-04T17:23:44.336+0000] {processor.py:925} INFO - DAG(s) 'example_bash_decorator' retrieved from /home/airflow/.local/lib/python3.12/site-packages/airflow/example_dags/example_bash_decorator.py
[2024-12-04T17:23:44.354+0000] {logging_mixin.py:190} INFO - [2024-12-04T17:23:44.354+0000] {dag.py:3239} INFO - Sync 1 DAGs
[2024-12-04T17:23:44.365+0000] {logging_mixin.py:190} INFO - [2024-12-04T17:23:44.365+0000] {dag.py:4180} INFO - Setting next_dagrun for example_bash_decorator to None, run_after=None
[2024-12-04T17:23:44.386+0000] {processor.py:208} INFO - Processing /home/airflow/.local/lib/python3.12/site-packages/airflow/example_dags/example_bash_decorator.py took 0.079 seconds
[2024-12-04T17:24:16.715+0000] {processor.py:186} INFO - Started process (PID=1506) to work on /home/airflow/.local/lib/python3.12/site-packages/airflow/example_dags/example_bash_decorator.py
[2024-12-04T17:24:16.717+0000] {processor.py:914} INFO - Processing file /home/airflow/.local/lib/python3.12/site-packages/airflow/example_dags/example_bash_decorator.py for tasks to queue
[2024-12-04T17:24:16.720+0000] {logging_mixin.py:190} INFO - [2024-12-04T17:24:16.720+0000] {dagbag.py:588} INFO - Filling up the DagBag from /home/airflow/.local/lib/python3.12/site-packages/airflow/example_dags/example_bash_decorator.py
[2024-12-04T17:24:16.745+0000] {processor.py:925} INFO - DAG(s) 'example_bash_decorator' retrieved from /home/airflow/.local/lib/python3.12/site-packages/airflow/example_dags/example_bash_decorator.py
[2024-12-04T17:24:16.771+0000] {logging_mixin.py:190} INFO - [2024-12-04T17:24:16.770+0000] {dag.py:3239} INFO - Sync 1 DAGs
[2024-12-04T17:24:16.793+0000] {logging_mixin.py:190} INFO - [2024-12-04T17:24:16.793+0000] {dag.py:4180} INFO - Setting next_dagrun for example_bash_decorator to None, run_after=None
[2024-12-04T17:24:16.826+0000] {processor.py:208} INFO - Processing /home/airflow/.local/lib/python3.12/site-packages/airflow/example_dags/example_bash_decorator.py took 0.120 seconds
[2024-12-04T17:24:47.638+0000] {processor.py:186} INFO - Started process (PID=1568) to work on /home/airflow/.local/lib/python3.12/site-packages/airflow/example_dags/example_bash_decorator.py
[2024-12-04T17:24:47.639+0000] {processor.py:914} INFO - Processing file /home/airflow/.local/lib/python3.12/site-packages/airflow/example_dags/example_bash_decorator.py for tasks to queue
[2024-12-04T17:24:47.640+0000] {logging_mixin.py:190} INFO - [2024-12-04T17:24:47.640+0000] {dagbag.py:588} INFO - Filling up the DagBag from /home/airflow/.local/lib/python3.12/site-packages/airflow/example_dags/example_bash_decorator.py
[2024-12-04T17:24:47.649+0000] {processor.py:925} INFO - DAG(s) 'example_bash_decorator' retrieved from /home/airflow/.local/lib/python3.12/site-packages/airflow/example_dags/example_bash_decorator.py
[2024-12-04T17:24:47.663+0000] {logging_mixin.py:190} INFO - [2024-12-04T17:24:47.663+0000] {dag.py:3239} INFO - Sync 1 DAGs
[2024-12-04T17:24:47.670+0000] {logging_mixin.py:190} INFO - [2024-12-04T17:24:47.670+0000] {dag.py:4180} INFO - Setting next_dagrun for example_bash_decorator to None, run_after=None
[2024-12-04T17:24:47.680+0000] {processor.py:208} INFO - Processing /home/airflow/.local/lib/python3.12/site-packages/airflow/example_dags/example_bash_decorator.py took 0.046 seconds
[2024-12-04T17:25:19.027+0000] {processor.py:186} INFO - Started process (PID=1634) to work on /home/airflow/.local/lib/python3.12/site-packages/airflow/example_dags/example_bash_decorator.py
[2024-12-04T17:25:19.028+0000] {processor.py:914} INFO - Processing file /home/airflow/.local/lib/python3.12/site-packages/airflow/example_dags/example_bash_decorator.py for tasks to queue
[2024-12-04T17:25:19.029+0000] {logging_mixin.py:190} INFO - [2024-12-04T17:25:19.029+0000] {dagbag.py:588} INFO - Filling up the DagBag from /home/airflow/.local/lib/python3.12/site-packages/airflow/example_dags/example_bash_decorator.py
[2024-12-04T17:25:19.040+0000] {processor.py:925} INFO - DAG(s) 'example_bash_decorator' retrieved from /home/airflow/.local/lib/python3.12/site-packages/airflow/example_dags/example_bash_decorator.py
[2024-12-04T17:25:19.063+0000] {logging_mixin.py:190} INFO - [2024-12-04T17:25:19.062+0000] {dag.py:3239} INFO - Sync 1 DAGs
[2024-12-04T17:25:19.076+0000] {logging_mixin.py:190} INFO - [2024-12-04T17:25:19.075+0000] {dag.py:4180} INFO - Setting next_dagrun for example_bash_decorator to None, run_after=None
[2024-12-04T17:25:19.087+0000] {processor.py:208} INFO - Processing /home/airflow/.local/lib/python3.12/site-packages/airflow/example_dags/example_bash_decorator.py took 0.064 seconds
[2024-12-04T17:25:49.415+0000] {processor.py:186} INFO - Started process (PID=1696) to work on /home/airflow/.local/lib/python3.12/site-packages/airflow/example_dags/example_bash_decorator.py
[2024-12-04T17:25:49.415+0000] {processor.py:914} INFO - Processing file /home/airflow/.local/lib/python3.12/site-packages/airflow/example_dags/example_bash_decorator.py for tasks to queue
[2024-12-04T17:25:49.416+0000] {logging_mixin.py:190} INFO - [2024-12-04T17:25:49.416+0000] {dagbag.py:588} INFO - Filling up the DagBag from /home/airflow/.local/lib/python3.12/site-packages/airflow/example_dags/example_bash_decorator.py
[2024-12-04T17:25:49.423+0000] {processor.py:925} INFO - DAG(s) 'example_bash_decorator' retrieved from /home/airflow/.local/lib/python3.12/site-packages/airflow/example_dags/example_bash_decorator.py
[2024-12-04T17:25:49.434+0000] {logging_mixin.py:190} INFO - [2024-12-04T17:25:49.434+0000] {dag.py:3239} INFO - Sync 1 DAGs
[2024-12-04T17:25:49.440+0000] {logging_mixin.py:190} INFO - [2024-12-04T17:25:49.440+0000] {dag.py:4180} INFO - Setting next_dagrun for example_bash_decorator to None, run_after=None
[2024-12-04T17:25:49.448+0000] {processor.py:208} INFO - Processing /home/airflow/.local/lib/python3.12/site-packages/airflow/example_dags/example_bash_decorator.py took 0.036 seconds
[2024-12-04T17:26:20.447+0000] {processor.py:186} INFO - Started process (PID=1759) to work on /home/airflow/.local/lib/python3.12/site-packages/airflow/example_dags/example_bash_decorator.py
[2024-12-04T17:26:20.448+0000] {processor.py:914} INFO - Processing file /home/airflow/.local/lib/python3.12/site-packages/airflow/example_dags/example_bash_decorator.py for tasks to queue
[2024-12-04T17:26:20.450+0000] {logging_mixin.py:190} INFO - [2024-12-04T17:26:20.450+0000] {dagbag.py:588} INFO - Filling up the DagBag from /home/airflow/.local/lib/python3.12/site-packages/airflow/example_dags/example_bash_decorator.py
[2024-12-04T17:26:20.464+0000] {processor.py:925} INFO - DAG(s) 'example_bash_decorator' retrieved from /home/airflow/.local/lib/python3.12/site-packages/airflow/example_dags/example_bash_decorator.py
[2024-12-04T17:26:20.489+0000] {logging_mixin.py:190} INFO - [2024-12-04T17:26:20.488+0000] {dag.py:3239} INFO - Sync 1 DAGs
[2024-12-04T17:26:20.502+0000] {logging_mixin.py:190} INFO - [2024-12-04T17:26:20.502+0000] {dag.py:4180} INFO - Setting next_dagrun for example_bash_decorator to None, run_after=None
[2024-12-04T17:26:20.535+0000] {processor.py:208} INFO - Processing /home/airflow/.local/lib/python3.12/site-packages/airflow/example_dags/example_bash_decorator.py took 0.100 seconds
[2024-12-04T17:26:50.591+0000] {processor.py:186} INFO - Started process (PID=1820) to work on /home/airflow/.local/lib/python3.12/site-packages/airflow/example_dags/example_bash_decorator.py
[2024-12-04T17:26:50.592+0000] {processor.py:914} INFO - Processing file /home/airflow/.local/lib/python3.12/site-packages/airflow/example_dags/example_bash_decorator.py for tasks to queue
[2024-12-04T17:26:50.593+0000] {logging_mixin.py:190} INFO - [2024-12-04T17:26:50.593+0000] {dagbag.py:588} INFO - Filling up the DagBag from /home/airflow/.local/lib/python3.12/site-packages/airflow/example_dags/example_bash_decorator.py
[2024-12-04T17:26:50.605+0000] {processor.py:925} INFO - DAG(s) 'example_bash_decorator' retrieved from /home/airflow/.local/lib/python3.12/site-packages/airflow/example_dags/example_bash_decorator.py
[2024-12-04T17:26:50.619+0000] {logging_mixin.py:190} INFO - [2024-12-04T17:26:50.619+0000] {dag.py:3239} INFO - Sync 1 DAGs
[2024-12-04T17:26:50.627+0000] {logging_mixin.py:190} INFO - [2024-12-04T17:26:50.627+0000] {dag.py:4180} INFO - Setting next_dagrun for example_bash_decorator to None, run_after=None
[2024-12-04T17:26:50.637+0000] {processor.py:208} INFO - Processing /home/airflow/.local/lib/python3.12/site-packages/airflow/example_dags/example_bash_decorator.py took 0.053 seconds
[2024-12-04T17:27:22.579+0000] {processor.py:186} INFO - Started process (PID=1883) to work on /home/airflow/.local/lib/python3.12/site-packages/airflow/example_dags/example_bash_decorator.py
[2024-12-04T17:27:22.580+0000] {processor.py:914} INFO - Processing file /home/airflow/.local/lib/python3.12/site-packages/airflow/example_dags/example_bash_decorator.py for tasks to queue
[2024-12-04T17:27:22.581+0000] {logging_mixin.py:190} INFO - [2024-12-04T17:27:22.581+0000] {dagbag.py:588} INFO - Filling up the DagBag from /home/airflow/.local/lib/python3.12/site-packages/airflow/example_dags/example_bash_decorator.py
[2024-12-04T17:27:22.591+0000] {processor.py:925} INFO - DAG(s) 'example_bash_decorator' retrieved from /home/airflow/.local/lib/python3.12/site-packages/airflow/example_dags/example_bash_decorator.py
[2024-12-04T17:27:22.605+0000] {logging_mixin.py:190} INFO - [2024-12-04T17:27:22.605+0000] {dag.py:3239} INFO - Sync 1 DAGs
[2024-12-04T17:27:22.613+0000] {logging_mixin.py:190} INFO - [2024-12-04T17:27:22.612+0000] {dag.py:4180} INFO - Setting next_dagrun for example_bash_decorator to None, run_after=None
[2024-12-04T17:27:22.637+0000] {processor.py:208} INFO - Processing /home/airflow/.local/lib/python3.12/site-packages/airflow/example_dags/example_bash_decorator.py took 0.063 seconds
[2024-12-04T17:27:53.442+0000] {processor.py:186} INFO - Started process (PID=1946) to work on /home/airflow/.local/lib/python3.12/site-packages/airflow/example_dags/example_bash_decorator.py
[2024-12-04T17:27:53.445+0000] {processor.py:914} INFO - Processing file /home/airflow/.local/lib/python3.12/site-packages/airflow/example_dags/example_bash_decorator.py for tasks to queue
[2024-12-04T17:27:53.453+0000] {logging_mixin.py:190} INFO - [2024-12-04T17:27:53.452+0000] {dagbag.py:588} INFO - Filling up the DagBag from /home/airflow/.local/lib/python3.12/site-packages/airflow/example_dags/example_bash_decorator.py
[2024-12-04T17:27:53.492+0000] {processor.py:925} INFO - DAG(s) 'example_bash_decorator' retrieved from /home/airflow/.local/lib/python3.12/site-packages/airflow/example_dags/example_bash_decorator.py
[2024-12-04T17:27:53.621+0000] {logging_mixin.py:190} INFO - [2024-12-04T17:27:53.620+0000] {dag.py:3239} INFO - Sync 1 DAGs
[2024-12-04T17:27:53.690+0000] {logging_mixin.py:190} INFO - [2024-12-04T17:27:53.689+0000] {dag.py:4180} INFO - Setting next_dagrun for example_bash_decorator to None, run_after=None
[2024-12-04T17:27:53.755+0000] {processor.py:208} INFO - Processing /home/airflow/.local/lib/python3.12/site-packages/airflow/example_dags/example_bash_decorator.py took 0.330 seconds
[2024-12-04T17:28:25.259+0000] {processor.py:186} INFO - Started process (PID=2010) to work on /home/airflow/.local/lib/python3.12/site-packages/airflow/example_dags/example_bash_decorator.py
[2024-12-04T17:28:25.261+0000] {processor.py:914} INFO - Processing file /home/airflow/.local/lib/python3.12/site-packages/airflow/example_dags/example_bash_decorator.py for tasks to queue
[2024-12-04T17:28:25.267+0000] {logging_mixin.py:190} INFO - [2024-12-04T17:28:25.266+0000] {dagbag.py:588} INFO - Filling up the DagBag from /home/airflow/.local/lib/python3.12/site-packages/airflow/example_dags/example_bash_decorator.py
[2024-12-04T17:28:25.309+0000] {processor.py:925} INFO - DAG(s) 'example_bash_decorator' retrieved from /home/airflow/.local/lib/python3.12/site-packages/airflow/example_dags/example_bash_decorator.py
[2024-12-04T17:28:25.371+0000] {logging_mixin.py:190} INFO - [2024-12-04T17:28:25.370+0000] {dag.py:3239} INFO - Sync 1 DAGs
[2024-12-04T17:28:25.401+0000] {logging_mixin.py:190} INFO - [2024-12-04T17:28:25.400+0000] {dag.py:4180} INFO - Setting next_dagrun for example_bash_decorator to None, run_after=None
[2024-12-04T17:28:25.440+0000] {processor.py:208} INFO - Processing /home/airflow/.local/lib/python3.12/site-packages/airflow/example_dags/example_bash_decorator.py took 0.196 seconds
[2024-12-04T17:28:55.582+0000] {processor.py:186} INFO - Started process (PID=2072) to work on /home/airflow/.local/lib/python3.12/site-packages/airflow/example_dags/example_bash_decorator.py
[2024-12-04T17:28:55.585+0000] {processor.py:914} INFO - Processing file /home/airflow/.local/lib/python3.12/site-packages/airflow/example_dags/example_bash_decorator.py for tasks to queue
[2024-12-04T17:28:55.590+0000] {logging_mixin.py:190} INFO - [2024-12-04T17:28:55.590+0000] {dagbag.py:588} INFO - Filling up the DagBag from /home/airflow/.local/lib/python3.12/site-packages/airflow/example_dags/example_bash_decorator.py
[2024-12-04T17:28:55.633+0000] {processor.py:925} INFO - DAG(s) 'example_bash_decorator' retrieved from /home/airflow/.local/lib/python3.12/site-packages/airflow/example_dags/example_bash_decorator.py
[2024-12-04T17:28:55.693+0000] {logging_mixin.py:190} INFO - [2024-12-04T17:28:55.692+0000] {dag.py:3239} INFO - Sync 1 DAGs
[2024-12-04T17:28:55.742+0000] {logging_mixin.py:190} INFO - [2024-12-04T17:28:55.742+0000] {dag.py:4180} INFO - Setting next_dagrun for example_bash_decorator to None, run_after=None
[2024-12-04T17:28:55.773+0000] {processor.py:208} INFO - Processing /home/airflow/.local/lib/python3.12/site-packages/airflow/example_dags/example_bash_decorator.py took 0.214 seconds
[2024-12-04T17:29:26.730+0000] {processor.py:186} INFO - Started process (PID=2136) to work on /home/airflow/.local/lib/python3.12/site-packages/airflow/example_dags/example_bash_decorator.py
[2024-12-04T17:29:26.731+0000] {processor.py:914} INFO - Processing file /home/airflow/.local/lib/python3.12/site-packages/airflow/example_dags/example_bash_decorator.py for tasks to queue
[2024-12-04T17:29:26.735+0000] {logging_mixin.py:190} INFO - [2024-12-04T17:29:26.735+0000] {dagbag.py:588} INFO - Filling up the DagBag from /home/airflow/.local/lib/python3.12/site-packages/airflow/example_dags/example_bash_decorator.py
[2024-12-04T17:29:26.754+0000] {processor.py:925} INFO - DAG(s) 'example_bash_decorator' retrieved from /home/airflow/.local/lib/python3.12/site-packages/airflow/example_dags/example_bash_decorator.py
[2024-12-04T17:29:26.787+0000] {logging_mixin.py:190} INFO - [2024-12-04T17:29:26.786+0000] {dag.py:3239} INFO - Sync 1 DAGs
[2024-12-04T17:29:26.813+0000] {logging_mixin.py:190} INFO - [2024-12-04T17:29:26.813+0000] {dag.py:4180} INFO - Setting next_dagrun for example_bash_decorator to None, run_after=None
[2024-12-04T17:29:26.839+0000] {processor.py:208} INFO - Processing /home/airflow/.local/lib/python3.12/site-packages/airflow/example_dags/example_bash_decorator.py took 0.131 seconds
[2024-12-04T17:29:57.872+0000] {processor.py:186} INFO - Started process (PID=2205) to work on /home/airflow/.local/lib/python3.12/site-packages/airflow/example_dags/example_bash_decorator.py
[2024-12-04T17:29:57.875+0000] {processor.py:914} INFO - Processing file /home/airflow/.local/lib/python3.12/site-packages/airflow/example_dags/example_bash_decorator.py for tasks to queue
[2024-12-04T17:29:57.878+0000] {logging_mixin.py:190} INFO - [2024-12-04T17:29:57.877+0000] {dagbag.py:588} INFO - Filling up the DagBag from /home/airflow/.local/lib/python3.12/site-packages/airflow/example_dags/example_bash_decorator.py
[2024-12-04T17:29:57.896+0000] {processor.py:925} INFO - DAG(s) 'example_bash_decorator' retrieved from /home/airflow/.local/lib/python3.12/site-packages/airflow/example_dags/example_bash_decorator.py
[2024-12-04T17:29:57.925+0000] {logging_mixin.py:190} INFO - [2024-12-04T17:29:57.925+0000] {dag.py:3239} INFO - Sync 1 DAGs
[2024-12-04T17:29:57.947+0000] {logging_mixin.py:190} INFO - [2024-12-04T17:29:57.946+0000] {dag.py:4180} INFO - Setting next_dagrun for example_bash_decorator to None, run_after=None
[2024-12-04T17:29:57.976+0000] {processor.py:208} INFO - Processing /home/airflow/.local/lib/python3.12/site-packages/airflow/example_dags/example_bash_decorator.py took 0.109 seconds
[2024-12-04T17:30:28.907+0000] {processor.py:186} INFO - Started process (PID=2268) to work on /home/airflow/.local/lib/python3.12/site-packages/airflow/example_dags/example_bash_decorator.py
[2024-12-04T17:30:28.911+0000] {processor.py:914} INFO - Processing file /home/airflow/.local/lib/python3.12/site-packages/airflow/example_dags/example_bash_decorator.py for tasks to queue
[2024-12-04T17:30:28.916+0000] {logging_mixin.py:190} INFO - [2024-12-04T17:30:28.916+0000] {dagbag.py:588} INFO - Filling up the DagBag from /home/airflow/.local/lib/python3.12/site-packages/airflow/example_dags/example_bash_decorator.py
[2024-12-04T17:30:28.932+0000] {processor.py:925} INFO - DAG(s) 'example_bash_decorator' retrieved from /home/airflow/.local/lib/python3.12/site-packages/airflow/example_dags/example_bash_decorator.py
[2024-12-04T17:30:28.960+0000] {logging_mixin.py:190} INFO - [2024-12-04T17:30:28.959+0000] {dag.py:3239} INFO - Sync 1 DAGs
[2024-12-04T17:30:28.986+0000] {logging_mixin.py:190} INFO - [2024-12-04T17:30:28.986+0000] {dag.py:4180} INFO - Setting next_dagrun for example_bash_decorator to None, run_after=None
[2024-12-04T17:30:29.007+0000] {processor.py:208} INFO - Processing /home/airflow/.local/lib/python3.12/site-packages/airflow/example_dags/example_bash_decorator.py took 0.121 seconds
[2024-12-04T17:30:59.655+0000] {processor.py:186} INFO - Started process (PID=2333) to work on /home/airflow/.local/lib/python3.12/site-packages/airflow/example_dags/example_bash_decorator.py
[2024-12-04T17:30:59.656+0000] {processor.py:914} INFO - Processing file /home/airflow/.local/lib/python3.12/site-packages/airflow/example_dags/example_bash_decorator.py for tasks to queue
[2024-12-04T17:30:59.657+0000] {logging_mixin.py:190} INFO - [2024-12-04T17:30:59.657+0000] {dagbag.py:588} INFO - Filling up the DagBag from /home/airflow/.local/lib/python3.12/site-packages/airflow/example_dags/example_bash_decorator.py
[2024-12-04T17:30:59.665+0000] {processor.py:925} INFO - DAG(s) 'example_bash_decorator' retrieved from /home/airflow/.local/lib/python3.12/site-packages/airflow/example_dags/example_bash_decorator.py
[2024-12-04T17:30:59.677+0000] {logging_mixin.py:190} INFO - [2024-12-04T17:30:59.676+0000] {dag.py:3239} INFO - Sync 1 DAGs
[2024-12-04T17:30:59.683+0000] {logging_mixin.py:190} INFO - [2024-12-04T17:30:59.683+0000] {dag.py:4180} INFO - Setting next_dagrun for example_bash_decorator to None, run_after=None
[2024-12-04T17:30:59.690+0000] {processor.py:208} INFO - Processing /home/airflow/.local/lib/python3.12/site-packages/airflow/example_dags/example_bash_decorator.py took 0.038 seconds
[2024-12-04T17:31:30.437+0000] {processor.py:186} INFO - Started process (PID=2396) to work on /home/airflow/.local/lib/python3.12/site-packages/airflow/example_dags/example_bash_decorator.py
[2024-12-04T17:31:30.438+0000] {processor.py:914} INFO - Processing file /home/airflow/.local/lib/python3.12/site-packages/airflow/example_dags/example_bash_decorator.py for tasks to queue
[2024-12-04T17:31:30.439+0000] {logging_mixin.py:190} INFO - [2024-12-04T17:31:30.439+0000] {dagbag.py:588} INFO - Filling up the DagBag from /home/airflow/.local/lib/python3.12/site-packages/airflow/example_dags/example_bash_decorator.py
[2024-12-04T17:31:30.449+0000] {processor.py:925} INFO - DAG(s) 'example_bash_decorator' retrieved from /home/airflow/.local/lib/python3.12/site-packages/airflow/example_dags/example_bash_decorator.py
[2024-12-04T17:31:30.460+0000] {logging_mixin.py:190} INFO - [2024-12-04T17:31:30.459+0000] {dag.py:3239} INFO - Sync 1 DAGs
[2024-12-04T17:31:30.466+0000] {logging_mixin.py:190} INFO - [2024-12-04T17:31:30.466+0000] {dag.py:4180} INFO - Setting next_dagrun for example_bash_decorator to None, run_after=None
[2024-12-04T17:31:30.473+0000] {processor.py:208} INFO - Processing /home/airflow/.local/lib/python3.12/site-packages/airflow/example_dags/example_bash_decorator.py took 0.040 seconds
[2024-12-04T17:32:00.566+0000] {processor.py:186} INFO - Started process (PID=2459) to work on /home/airflow/.local/lib/python3.12/site-packages/airflow/example_dags/example_bash_decorator.py
[2024-12-04T17:32:00.567+0000] {processor.py:914} INFO - Processing file /home/airflow/.local/lib/python3.12/site-packages/airflow/example_dags/example_bash_decorator.py for tasks to queue
[2024-12-04T17:32:00.570+0000] {logging_mixin.py:190} INFO - [2024-12-04T17:32:00.570+0000] {dagbag.py:588} INFO - Filling up the DagBag from /home/airflow/.local/lib/python3.12/site-packages/airflow/example_dags/example_bash_decorator.py
[2024-12-04T17:32:00.578+0000] {processor.py:925} INFO - DAG(s) 'example_bash_decorator' retrieved from /home/airflow/.local/lib/python3.12/site-packages/airflow/example_dags/example_bash_decorator.py
[2024-12-04T17:32:00.589+0000] {logging_mixin.py:190} INFO - [2024-12-04T17:32:00.589+0000] {dag.py:3239} INFO - Sync 1 DAGs
[2024-12-04T17:32:00.595+0000] {logging_mixin.py:190} INFO - [2024-12-04T17:32:00.595+0000] {dag.py:4180} INFO - Setting next_dagrun for example_bash_decorator to None, run_after=None
[2024-12-04T17:32:00.604+0000] {processor.py:208} INFO - Processing /home/airflow/.local/lib/python3.12/site-packages/airflow/example_dags/example_bash_decorator.py took 0.041 seconds
[2024-12-04T17:32:31.172+0000] {processor.py:186} INFO - Started process (PID=2522) to work on /home/airflow/.local/lib/python3.12/site-packages/airflow/example_dags/example_bash_decorator.py
[2024-12-04T17:32:31.173+0000] {processor.py:914} INFO - Processing file /home/airflow/.local/lib/python3.12/site-packages/airflow/example_dags/example_bash_decorator.py for tasks to queue
[2024-12-04T17:32:31.174+0000] {logging_mixin.py:190} INFO - [2024-12-04T17:32:31.174+0000] {dagbag.py:588} INFO - Filling up the DagBag from /home/airflow/.local/lib/python3.12/site-packages/airflow/example_dags/example_bash_decorator.py
[2024-12-04T17:32:31.181+0000] {processor.py:925} INFO - DAG(s) 'example_bash_decorator' retrieved from /home/airflow/.local/lib/python3.12/site-packages/airflow/example_dags/example_bash_decorator.py
[2024-12-04T17:32:31.192+0000] {logging_mixin.py:190} INFO - [2024-12-04T17:32:31.191+0000] {dag.py:3239} INFO - Sync 1 DAGs
[2024-12-04T17:32:31.198+0000] {logging_mixin.py:190} INFO - [2024-12-04T17:32:31.198+0000] {dag.py:4180} INFO - Setting next_dagrun for example_bash_decorator to None, run_after=None
[2024-12-04T17:32:31.205+0000] {processor.py:208} INFO - Processing /home/airflow/.local/lib/python3.12/site-packages/airflow/example_dags/example_bash_decorator.py took 0.036 seconds
