[2024-12-04T17:12:24.162+0000] {processor.py:186} INFO - Started process (PID=112) to work on /home/airflow/.local/lib/python3.12/site-packages/airflow/example_dags/example_complex.py
[2024-12-04T17:12:24.163+0000] {processor.py:914} INFO - Processing file /home/airflow/.local/lib/python3.12/site-packages/airflow/example_dags/example_complex.py for tasks to queue
[2024-12-04T17:12:24.165+0000] {logging_mixin.py:190} INFO - [2024-12-04T17:12:24.165+0000] {dagbag.py:588} INFO - Filling up the DagBag from /home/airflow/.local/lib/python3.12/site-packages/airflow/example_dags/example_complex.py
[2024-12-04T17:12:24.175+0000] {processor.py:925} INFO - DAG(s) 'example_complex' retrieved from /home/airflow/.local/lib/python3.12/site-packages/airflow/example_dags/example_complex.py
[2024-12-04T17:12:24.247+0000] {logging_mixin.py:190} INFO - [2024-12-04T17:12:24.247+0000] {override.py:1911} INFO - Created Permission View: can read on DAG:example_complex
[2024-12-04T17:12:24.259+0000] {logging_mixin.py:190} INFO - [2024-12-04T17:12:24.259+0000] {override.py:1911} INFO - Created Permission View: can delete on DAG:example_complex
[2024-12-04T17:12:24.269+0000] {logging_mixin.py:190} INFO - [2024-12-04T17:12:24.269+0000] {override.py:1911} INFO - Created Permission View: can edit on DAG:example_complex
[2024-12-04T17:12:24.274+0000] {logging_mixin.py:190} INFO - [2024-12-04T17:12:24.274+0000] {override.py:1911} INFO - Created Permission View: menu access on DAG Run:example_complex
[2024-12-04T17:12:24.279+0000] {logging_mixin.py:190} INFO - [2024-12-04T17:12:24.279+0000] {override.py:1911} INFO - Created Permission View: can delete on DAG Run:example_complex
[2024-12-04T17:12:24.285+0000] {logging_mixin.py:190} INFO - [2024-12-04T17:12:24.285+0000] {override.py:1911} INFO - Created Permission View: can read on DAG Run:example_complex
[2024-12-04T17:12:24.289+0000] {logging_mixin.py:190} INFO - [2024-12-04T17:12:24.289+0000] {override.py:1911} INFO - Created Permission View: can create on DAG Run:example_complex
[2024-12-04T17:12:24.289+0000] {logging_mixin.py:190} INFO - [2024-12-04T17:12:24.289+0000] {dag.py:3239} INFO - Sync 1 DAGs
[2024-12-04T17:12:24.297+0000] {logging_mixin.py:190} INFO - [2024-12-04T17:12:24.296+0000] {dag.py:3262} INFO - Creating ORM DAG for example_complex
[2024-12-04T17:12:24.297+0000] {logging_mixin.py:190} INFO - [2024-12-04T17:12:24.297+0000] {dag.py:4180} INFO - Setting next_dagrun for example_complex to None, run_after=None
[2024-12-04T17:12:24.305+0000] {processor.py:208} INFO - Processing /home/airflow/.local/lib/python3.12/site-packages/airflow/example_dags/example_complex.py took 0.148 seconds
[2024-12-04T17:12:55.297+0000] {processor.py:186} INFO - Started process (PID=175) to work on /home/airflow/.local/lib/python3.12/site-packages/airflow/example_dags/example_complex.py
[2024-12-04T17:12:55.299+0000] {processor.py:914} INFO - Processing file /home/airflow/.local/lib/python3.12/site-packages/airflow/example_dags/example_complex.py for tasks to queue
[2024-12-04T17:12:55.301+0000] {logging_mixin.py:190} INFO - [2024-12-04T17:12:55.301+0000] {dagbag.py:588} INFO - Filling up the DagBag from /home/airflow/.local/lib/python3.12/site-packages/airflow/example_dags/example_complex.py
[2024-12-04T17:12:55.308+0000] {processor.py:925} INFO - DAG(s) 'example_complex' retrieved from /home/airflow/.local/lib/python3.12/site-packages/airflow/example_dags/example_complex.py
[2024-12-04T17:12:55.327+0000] {logging_mixin.py:190} INFO - [2024-12-04T17:12:55.327+0000] {dag.py:3239} INFO - Sync 1 DAGs
[2024-12-04T17:12:55.335+0000] {logging_mixin.py:190} INFO - [2024-12-04T17:12:55.335+0000] {dag.py:4180} INFO - Setting next_dagrun for example_complex to None, run_after=None
[2024-12-04T17:12:55.345+0000] {processor.py:208} INFO - Processing /home/airflow/.local/lib/python3.12/site-packages/airflow/example_dags/example_complex.py took 0.052 seconds
[2024-12-04T17:13:25.766+0000] {processor.py:186} INFO - Started process (PID=238) to work on /home/airflow/.local/lib/python3.12/site-packages/airflow/example_dags/example_complex.py
[2024-12-04T17:13:25.768+0000] {processor.py:914} INFO - Processing file /home/airflow/.local/lib/python3.12/site-packages/airflow/example_dags/example_complex.py for tasks to queue
[2024-12-04T17:13:25.770+0000] {logging_mixin.py:190} INFO - [2024-12-04T17:13:25.769+0000] {dagbag.py:588} INFO - Filling up the DagBag from /home/airflow/.local/lib/python3.12/site-packages/airflow/example_dags/example_complex.py
[2024-12-04T17:13:25.778+0000] {processor.py:925} INFO - DAG(s) 'example_complex' retrieved from /home/airflow/.local/lib/python3.12/site-packages/airflow/example_dags/example_complex.py
[2024-12-04T17:13:25.800+0000] {logging_mixin.py:190} INFO - [2024-12-04T17:13:25.800+0000] {dag.py:3239} INFO - Sync 1 DAGs
[2024-12-04T17:13:25.807+0000] {logging_mixin.py:190} INFO - [2024-12-04T17:13:25.807+0000] {dag.py:4180} INFO - Setting next_dagrun for example_complex to None, run_after=None
[2024-12-04T17:13:25.818+0000] {processor.py:208} INFO - Processing /home/airflow/.local/lib/python3.12/site-packages/airflow/example_dags/example_complex.py took 0.056 seconds
[2024-12-04T17:13:56.222+0000] {processor.py:186} INFO - Started process (PID=301) to work on /home/airflow/.local/lib/python3.12/site-packages/airflow/example_dags/example_complex.py
[2024-12-04T17:13:56.224+0000] {processor.py:914} INFO - Processing file /home/airflow/.local/lib/python3.12/site-packages/airflow/example_dags/example_complex.py for tasks to queue
[2024-12-04T17:13:56.225+0000] {logging_mixin.py:190} INFO - [2024-12-04T17:13:56.225+0000] {dagbag.py:588} INFO - Filling up the DagBag from /home/airflow/.local/lib/python3.12/site-packages/airflow/example_dags/example_complex.py
[2024-12-04T17:13:56.232+0000] {processor.py:925} INFO - DAG(s) 'example_complex' retrieved from /home/airflow/.local/lib/python3.12/site-packages/airflow/example_dags/example_complex.py
[2024-12-04T17:13:56.249+0000] {logging_mixin.py:190} INFO - [2024-12-04T17:13:56.248+0000] {dag.py:3239} INFO - Sync 1 DAGs
[2024-12-04T17:13:56.256+0000] {logging_mixin.py:190} INFO - [2024-12-04T17:13:56.256+0000] {dag.py:4180} INFO - Setting next_dagrun for example_complex to None, run_after=None
[2024-12-04T17:13:56.264+0000] {processor.py:208} INFO - Processing /home/airflow/.local/lib/python3.12/site-packages/airflow/example_dags/example_complex.py took 0.046 seconds
[2024-12-04T17:14:27.755+0000] {processor.py:186} INFO - Started process (PID=364) to work on /home/airflow/.local/lib/python3.12/site-packages/airflow/example_dags/example_complex.py
[2024-12-04T17:14:27.755+0000] {processor.py:914} INFO - Processing file /home/airflow/.local/lib/python3.12/site-packages/airflow/example_dags/example_complex.py for tasks to queue
[2024-12-04T17:14:27.757+0000] {logging_mixin.py:190} INFO - [2024-12-04T17:14:27.757+0000] {dagbag.py:588} INFO - Filling up the DagBag from /home/airflow/.local/lib/python3.12/site-packages/airflow/example_dags/example_complex.py
[2024-12-04T17:14:27.763+0000] {processor.py:925} INFO - DAG(s) 'example_complex' retrieved from /home/airflow/.local/lib/python3.12/site-packages/airflow/example_dags/example_complex.py
[2024-12-04T17:14:27.780+0000] {logging_mixin.py:190} INFO - [2024-12-04T17:14:27.780+0000] {dag.py:3239} INFO - Sync 1 DAGs
[2024-12-04T17:14:27.788+0000] {logging_mixin.py:190} INFO - [2024-12-04T17:14:27.788+0000] {dag.py:4180} INFO - Setting next_dagrun for example_complex to None, run_after=None
[2024-12-04T17:14:27.800+0000] {processor.py:208} INFO - Processing /home/airflow/.local/lib/python3.12/site-packages/airflow/example_dags/example_complex.py took 0.048 seconds
[2024-12-04T17:14:59.541+0000] {processor.py:186} INFO - Started process (PID=427) to work on /home/airflow/.local/lib/python3.12/site-packages/airflow/example_dags/example_complex.py
[2024-12-04T17:14:59.542+0000] {processor.py:914} INFO - Processing file /home/airflow/.local/lib/python3.12/site-packages/airflow/example_dags/example_complex.py for tasks to queue
[2024-12-04T17:14:59.544+0000] {logging_mixin.py:190} INFO - [2024-12-04T17:14:59.544+0000] {dagbag.py:588} INFO - Filling up the DagBag from /home/airflow/.local/lib/python3.12/site-packages/airflow/example_dags/example_complex.py
[2024-12-04T17:14:59.554+0000] {processor.py:925} INFO - DAG(s) 'example_complex' retrieved from /home/airflow/.local/lib/python3.12/site-packages/airflow/example_dags/example_complex.py
[2024-12-04T17:14:59.571+0000] {logging_mixin.py:190} INFO - [2024-12-04T17:14:59.571+0000] {dag.py:3239} INFO - Sync 1 DAGs
[2024-12-04T17:14:59.578+0000] {logging_mixin.py:190} INFO - [2024-12-04T17:14:59.577+0000] {dag.py:4180} INFO - Setting next_dagrun for example_complex to None, run_after=None
[2024-12-04T17:14:59.587+0000] {processor.py:208} INFO - Processing /home/airflow/.local/lib/python3.12/site-packages/airflow/example_dags/example_complex.py took 0.050 seconds
[2024-12-04T17:15:30.224+0000] {processor.py:186} INFO - Started process (PID=490) to work on /home/airflow/.local/lib/python3.12/site-packages/airflow/example_dags/example_complex.py
[2024-12-04T17:15:30.224+0000] {processor.py:914} INFO - Processing file /home/airflow/.local/lib/python3.12/site-packages/airflow/example_dags/example_complex.py for tasks to queue
[2024-12-04T17:15:30.226+0000] {logging_mixin.py:190} INFO - [2024-12-04T17:15:30.226+0000] {dagbag.py:588} INFO - Filling up the DagBag from /home/airflow/.local/lib/python3.12/site-packages/airflow/example_dags/example_complex.py
[2024-12-04T17:15:30.234+0000] {processor.py:925} INFO - DAG(s) 'example_complex' retrieved from /home/airflow/.local/lib/python3.12/site-packages/airflow/example_dags/example_complex.py
[2024-12-04T17:15:30.253+0000] {logging_mixin.py:190} INFO - [2024-12-04T17:15:30.253+0000] {dag.py:3239} INFO - Sync 1 DAGs
[2024-12-04T17:15:30.261+0000] {logging_mixin.py:190} INFO - [2024-12-04T17:15:30.261+0000] {dag.py:4180} INFO - Setting next_dagrun for example_complex to None, run_after=None
[2024-12-04T17:15:30.271+0000] {processor.py:208} INFO - Processing /home/airflow/.local/lib/python3.12/site-packages/airflow/example_dags/example_complex.py took 0.052 seconds
[2024-12-04T17:16:01.538+0000] {processor.py:186} INFO - Started process (PID=553) to work on /home/airflow/.local/lib/python3.12/site-packages/airflow/example_dags/example_complex.py
[2024-12-04T17:16:01.539+0000] {processor.py:914} INFO - Processing file /home/airflow/.local/lib/python3.12/site-packages/airflow/example_dags/example_complex.py for tasks to queue
[2024-12-04T17:16:01.541+0000] {logging_mixin.py:190} INFO - [2024-12-04T17:16:01.541+0000] {dagbag.py:588} INFO - Filling up the DagBag from /home/airflow/.local/lib/python3.12/site-packages/airflow/example_dags/example_complex.py
[2024-12-04T17:16:01.548+0000] {processor.py:925} INFO - DAG(s) 'example_complex' retrieved from /home/airflow/.local/lib/python3.12/site-packages/airflow/example_dags/example_complex.py
[2024-12-04T17:16:01.565+0000] {logging_mixin.py:190} INFO - [2024-12-04T17:16:01.564+0000] {dag.py:3239} INFO - Sync 1 DAGs
[2024-12-04T17:16:01.573+0000] {logging_mixin.py:190} INFO - [2024-12-04T17:16:01.573+0000] {dag.py:4180} INFO - Setting next_dagrun for example_complex to None, run_after=None
[2024-12-04T17:16:01.585+0000] {processor.py:208} INFO - Processing /home/airflow/.local/lib/python3.12/site-packages/airflow/example_dags/example_complex.py took 0.051 seconds
[2024-12-04T17:16:32.863+0000] {processor.py:186} INFO - Started process (PID=616) to work on /home/airflow/.local/lib/python3.12/site-packages/airflow/example_dags/example_complex.py
[2024-12-04T17:16:32.864+0000] {processor.py:914} INFO - Processing file /home/airflow/.local/lib/python3.12/site-packages/airflow/example_dags/example_complex.py for tasks to queue
[2024-12-04T17:16:32.865+0000] {logging_mixin.py:190} INFO - [2024-12-04T17:16:32.865+0000] {dagbag.py:588} INFO - Filling up the DagBag from /home/airflow/.local/lib/python3.12/site-packages/airflow/example_dags/example_complex.py
[2024-12-04T17:16:32.873+0000] {processor.py:925} INFO - DAG(s) 'example_complex' retrieved from /home/airflow/.local/lib/python3.12/site-packages/airflow/example_dags/example_complex.py
[2024-12-04T17:16:32.893+0000] {logging_mixin.py:190} INFO - [2024-12-04T17:16:32.893+0000] {dag.py:3239} INFO - Sync 1 DAGs
[2024-12-04T17:16:32.903+0000] {logging_mixin.py:190} INFO - [2024-12-04T17:16:32.903+0000] {dag.py:4180} INFO - Setting next_dagrun for example_complex to None, run_after=None
[2024-12-04T17:16:32.914+0000] {processor.py:208} INFO - Processing /home/airflow/.local/lib/python3.12/site-packages/airflow/example_dags/example_complex.py took 0.055 seconds
[2024-12-04T17:17:03.519+0000] {processor.py:186} INFO - Started process (PID=678) to work on /home/airflow/.local/lib/python3.12/site-packages/airflow/example_dags/example_complex.py
[2024-12-04T17:17:03.520+0000] {processor.py:914} INFO - Processing file /home/airflow/.local/lib/python3.12/site-packages/airflow/example_dags/example_complex.py for tasks to queue
[2024-12-04T17:17:03.521+0000] {logging_mixin.py:190} INFO - [2024-12-04T17:17:03.521+0000] {dagbag.py:588} INFO - Filling up the DagBag from /home/airflow/.local/lib/python3.12/site-packages/airflow/example_dags/example_complex.py
[2024-12-04T17:17:03.527+0000] {processor.py:925} INFO - DAG(s) 'example_complex' retrieved from /home/airflow/.local/lib/python3.12/site-packages/airflow/example_dags/example_complex.py
[2024-12-04T17:17:03.543+0000] {logging_mixin.py:190} INFO - [2024-12-04T17:17:03.543+0000] {dag.py:3239} INFO - Sync 1 DAGs
[2024-12-04T17:17:03.550+0000] {logging_mixin.py:190} INFO - [2024-12-04T17:17:03.550+0000] {dag.py:4180} INFO - Setting next_dagrun for example_complex to None, run_after=None
[2024-12-04T17:17:03.558+0000] {processor.py:208} INFO - Processing /home/airflow/.local/lib/python3.12/site-packages/airflow/example_dags/example_complex.py took 0.042 seconds
[2024-12-04T17:17:35.346+0000] {processor.py:186} INFO - Started process (PID=742) to work on /home/airflow/.local/lib/python3.12/site-packages/airflow/example_dags/example_complex.py
[2024-12-04T17:17:35.347+0000] {processor.py:914} INFO - Processing file /home/airflow/.local/lib/python3.12/site-packages/airflow/example_dags/example_complex.py for tasks to queue
[2024-12-04T17:17:35.348+0000] {logging_mixin.py:190} INFO - [2024-12-04T17:17:35.348+0000] {dagbag.py:588} INFO - Filling up the DagBag from /home/airflow/.local/lib/python3.12/site-packages/airflow/example_dags/example_complex.py
[2024-12-04T17:17:35.354+0000] {processor.py:925} INFO - DAG(s) 'example_complex' retrieved from /home/airflow/.local/lib/python3.12/site-packages/airflow/example_dags/example_complex.py
[2024-12-04T17:17:35.372+0000] {logging_mixin.py:190} INFO - [2024-12-04T17:17:35.372+0000] {dag.py:3239} INFO - Sync 1 DAGs
[2024-12-04T17:17:35.383+0000] {logging_mixin.py:190} INFO - [2024-12-04T17:17:35.383+0000] {dag.py:4180} INFO - Setting next_dagrun for example_complex to None, run_after=None
[2024-12-04T17:17:35.393+0000] {processor.py:208} INFO - Processing /home/airflow/.local/lib/python3.12/site-packages/airflow/example_dags/example_complex.py took 0.052 seconds
[2024-12-04T17:18:06.745+0000] {processor.py:186} INFO - Started process (PID=805) to work on /home/airflow/.local/lib/python3.12/site-packages/airflow/example_dags/example_complex.py
[2024-12-04T17:18:06.746+0000] {processor.py:914} INFO - Processing file /home/airflow/.local/lib/python3.12/site-packages/airflow/example_dags/example_complex.py for tasks to queue
[2024-12-04T17:18:06.748+0000] {logging_mixin.py:190} INFO - [2024-12-04T17:18:06.748+0000] {dagbag.py:588} INFO - Filling up the DagBag from /home/airflow/.local/lib/python3.12/site-packages/airflow/example_dags/example_complex.py
[2024-12-04T17:18:06.758+0000] {processor.py:925} INFO - DAG(s) 'example_complex' retrieved from /home/airflow/.local/lib/python3.12/site-packages/airflow/example_dags/example_complex.py
[2024-12-04T17:18:06.773+0000] {logging_mixin.py:190} INFO - [2024-12-04T17:18:06.773+0000] {dag.py:3239} INFO - Sync 1 DAGs
[2024-12-04T17:18:06.780+0000] {logging_mixin.py:190} INFO - [2024-12-04T17:18:06.780+0000] {dag.py:4180} INFO - Setting next_dagrun for example_complex to None, run_after=None
[2024-12-04T17:18:06.788+0000] {processor.py:208} INFO - Processing /home/airflow/.local/lib/python3.12/site-packages/airflow/example_dags/example_complex.py took 0.047 seconds
[2024-12-04T17:18:39.605+0000] {processor.py:186} INFO - Started process (PID=868) to work on /home/airflow/.local/lib/python3.12/site-packages/airflow/example_dags/example_complex.py
[2024-12-04T17:18:39.607+0000] {processor.py:914} INFO - Processing file /home/airflow/.local/lib/python3.12/site-packages/airflow/example_dags/example_complex.py for tasks to queue
[2024-12-04T17:18:39.611+0000] {logging_mixin.py:190} INFO - [2024-12-04T17:18:39.610+0000] {dagbag.py:588} INFO - Filling up the DagBag from /home/airflow/.local/lib/python3.12/site-packages/airflow/example_dags/example_complex.py
[2024-12-04T17:18:39.625+0000] {processor.py:925} INFO - DAG(s) 'example_complex' retrieved from /home/airflow/.local/lib/python3.12/site-packages/airflow/example_dags/example_complex.py
[2024-12-04T17:18:39.653+0000] {logging_mixin.py:190} INFO - [2024-12-04T17:18:39.653+0000] {dag.py:3239} INFO - Sync 1 DAGs
[2024-12-04T17:18:39.665+0000] {logging_mixin.py:190} INFO - [2024-12-04T17:18:39.665+0000] {dag.py:4180} INFO - Setting next_dagrun for example_complex to None, run_after=None
[2024-12-04T17:18:39.694+0000] {processor.py:208} INFO - Processing /home/airflow/.local/lib/python3.12/site-packages/airflow/example_dags/example_complex.py took 0.099 seconds
[2024-12-04T17:19:10.036+0000] {processor.py:186} INFO - Started process (PID=931) to work on /home/airflow/.local/lib/python3.12/site-packages/airflow/example_dags/example_complex.py
[2024-12-04T17:19:10.037+0000] {processor.py:914} INFO - Processing file /home/airflow/.local/lib/python3.12/site-packages/airflow/example_dags/example_complex.py for tasks to queue
[2024-12-04T17:19:10.038+0000] {logging_mixin.py:190} INFO - [2024-12-04T17:19:10.038+0000] {dagbag.py:588} INFO - Filling up the DagBag from /home/airflow/.local/lib/python3.12/site-packages/airflow/example_dags/example_complex.py
[2024-12-04T17:19:10.045+0000] {processor.py:925} INFO - DAG(s) 'example_complex' retrieved from /home/airflow/.local/lib/python3.12/site-packages/airflow/example_dags/example_complex.py
[2024-12-04T17:19:10.062+0000] {logging_mixin.py:190} INFO - [2024-12-04T17:19:10.062+0000] {dag.py:3239} INFO - Sync 1 DAGs
[2024-12-04T17:19:10.070+0000] {logging_mixin.py:190} INFO - [2024-12-04T17:19:10.070+0000] {dag.py:4180} INFO - Setting next_dagrun for example_complex to None, run_after=None
[2024-12-04T17:19:10.084+0000] {processor.py:208} INFO - Processing /home/airflow/.local/lib/python3.12/site-packages/airflow/example_dags/example_complex.py took 0.051 seconds
[2024-12-04T17:19:41.526+0000] {processor.py:186} INFO - Started process (PID=994) to work on /home/airflow/.local/lib/python3.12/site-packages/airflow/example_dags/example_complex.py
[2024-12-04T17:19:41.527+0000] {processor.py:914} INFO - Processing file /home/airflow/.local/lib/python3.12/site-packages/airflow/example_dags/example_complex.py for tasks to queue
[2024-12-04T17:19:41.529+0000] {logging_mixin.py:190} INFO - [2024-12-04T17:19:41.528+0000] {dagbag.py:588} INFO - Filling up the DagBag from /home/airflow/.local/lib/python3.12/site-packages/airflow/example_dags/example_complex.py
[2024-12-04T17:19:41.535+0000] {processor.py:925} INFO - DAG(s) 'example_complex' retrieved from /home/airflow/.local/lib/python3.12/site-packages/airflow/example_dags/example_complex.py
[2024-12-04T17:19:41.555+0000] {logging_mixin.py:190} INFO - [2024-12-04T17:19:41.555+0000] {dag.py:3239} INFO - Sync 1 DAGs
[2024-12-04T17:19:41.563+0000] {logging_mixin.py:190} INFO - [2024-12-04T17:19:41.563+0000] {dag.py:4180} INFO - Setting next_dagrun for example_complex to None, run_after=None
[2024-12-04T17:19:41.572+0000] {processor.py:208} INFO - Processing /home/airflow/.local/lib/python3.12/site-packages/airflow/example_dags/example_complex.py took 0.050 seconds
[2024-12-04T17:20:12.926+0000] {processor.py:186} INFO - Started process (PID=1057) to work on /home/airflow/.local/lib/python3.12/site-packages/airflow/example_dags/example_complex.py
[2024-12-04T17:20:12.928+0000] {processor.py:914} INFO - Processing file /home/airflow/.local/lib/python3.12/site-packages/airflow/example_dags/example_complex.py for tasks to queue
[2024-12-04T17:20:12.931+0000] {logging_mixin.py:190} INFO - [2024-12-04T17:20:12.931+0000] {dagbag.py:588} INFO - Filling up the DagBag from /home/airflow/.local/lib/python3.12/site-packages/airflow/example_dags/example_complex.py
[2024-12-04T17:20:12.944+0000] {processor.py:925} INFO - DAG(s) 'example_complex' retrieved from /home/airflow/.local/lib/python3.12/site-packages/airflow/example_dags/example_complex.py
[2024-12-04T17:20:12.967+0000] {logging_mixin.py:190} INFO - [2024-12-04T17:20:12.967+0000] {dag.py:3239} INFO - Sync 1 DAGs
[2024-12-04T17:20:12.976+0000] {logging_mixin.py:190} INFO - [2024-12-04T17:20:12.976+0000] {dag.py:4180} INFO - Setting next_dagrun for example_complex to None, run_after=None
[2024-12-04T17:20:12.986+0000] {processor.py:208} INFO - Processing /home/airflow/.local/lib/python3.12/site-packages/airflow/example_dags/example_complex.py took 0.070 seconds
[2024-12-04T17:20:44.242+0000] {processor.py:186} INFO - Started process (PID=1120) to work on /home/airflow/.local/lib/python3.12/site-packages/airflow/example_dags/example_complex.py
[2024-12-04T17:20:44.242+0000] {processor.py:914} INFO - Processing file /home/airflow/.local/lib/python3.12/site-packages/airflow/example_dags/example_complex.py for tasks to queue
[2024-12-04T17:20:44.244+0000] {logging_mixin.py:190} INFO - [2024-12-04T17:20:44.244+0000] {dagbag.py:588} INFO - Filling up the DagBag from /home/airflow/.local/lib/python3.12/site-packages/airflow/example_dags/example_complex.py
[2024-12-04T17:20:44.250+0000] {processor.py:925} INFO - DAG(s) 'example_complex' retrieved from /home/airflow/.local/lib/python3.12/site-packages/airflow/example_dags/example_complex.py
[2024-12-04T17:20:44.266+0000] {logging_mixin.py:190} INFO - [2024-12-04T17:20:44.266+0000] {dag.py:3239} INFO - Sync 1 DAGs
[2024-12-04T17:20:44.275+0000] {logging_mixin.py:190} INFO - [2024-12-04T17:20:44.275+0000] {dag.py:4180} INFO - Setting next_dagrun for example_complex to None, run_after=None
[2024-12-04T17:20:44.288+0000] {processor.py:208} INFO - Processing /home/airflow/.local/lib/python3.12/site-packages/airflow/example_dags/example_complex.py took 0.050 seconds
[2024-12-04T17:21:17.848+0000] {processor.py:186} INFO - Started process (PID=1183) to work on /home/airflow/.local/lib/python3.12/site-packages/airflow/example_dags/example_complex.py
[2024-12-04T17:21:17.850+0000] {processor.py:914} INFO - Processing file /home/airflow/.local/lib/python3.12/site-packages/airflow/example_dags/example_complex.py for tasks to queue
[2024-12-04T17:21:17.863+0000] {logging_mixin.py:190} INFO - [2024-12-04T17:21:17.862+0000] {dagbag.py:588} INFO - Filling up the DagBag from /home/airflow/.local/lib/python3.12/site-packages/airflow/example_dags/example_complex.py
[2024-12-04T17:21:17.879+0000] {processor.py:925} INFO - DAG(s) 'example_complex' retrieved from /home/airflow/.local/lib/python3.12/site-packages/airflow/example_dags/example_complex.py
[2024-12-04T17:21:17.918+0000] {logging_mixin.py:190} INFO - [2024-12-04T17:21:17.918+0000] {dag.py:3239} INFO - Sync 1 DAGs
[2024-12-04T17:21:17.932+0000] {logging_mixin.py:190} INFO - [2024-12-04T17:21:17.932+0000] {dag.py:4180} INFO - Setting next_dagrun for example_complex to None, run_after=None
[2024-12-04T17:21:17.950+0000] {processor.py:208} INFO - Processing /home/airflow/.local/lib/python3.12/site-packages/airflow/example_dags/example_complex.py took 0.113 seconds
[2024-12-04T17:21:49.368+0000] {processor.py:186} INFO - Started process (PID=1246) to work on /home/airflow/.local/lib/python3.12/site-packages/airflow/example_dags/example_complex.py
[2024-12-04T17:21:49.373+0000] {processor.py:914} INFO - Processing file /home/airflow/.local/lib/python3.12/site-packages/airflow/example_dags/example_complex.py for tasks to queue
[2024-12-04T17:21:49.379+0000] {logging_mixin.py:190} INFO - [2024-12-04T17:21:49.378+0000] {dagbag.py:588} INFO - Filling up the DagBag from /home/airflow/.local/lib/python3.12/site-packages/airflow/example_dags/example_complex.py
[2024-12-04T17:21:49.399+0000] {processor.py:925} INFO - DAG(s) 'example_complex' retrieved from /home/airflow/.local/lib/python3.12/site-packages/airflow/example_dags/example_complex.py
[2024-12-04T17:21:49.436+0000] {logging_mixin.py:190} INFO - [2024-12-04T17:21:49.436+0000] {dag.py:3239} INFO - Sync 1 DAGs
[2024-12-04T17:21:49.459+0000] {logging_mixin.py:190} INFO - [2024-12-04T17:21:49.459+0000] {dag.py:4180} INFO - Setting next_dagrun for example_complex to None, run_after=None
[2024-12-04T17:21:49.481+0000] {processor.py:208} INFO - Processing /home/airflow/.local/lib/python3.12/site-packages/airflow/example_dags/example_complex.py took 0.123 seconds
[2024-12-04T17:22:21.127+0000] {processor.py:186} INFO - Started process (PID=1308) to work on /home/airflow/.local/lib/python3.12/site-packages/airflow/example_dags/example_complex.py
[2024-12-04T17:22:21.129+0000] {processor.py:914} INFO - Processing file /home/airflow/.local/lib/python3.12/site-packages/airflow/example_dags/example_complex.py for tasks to queue
[2024-12-04T17:22:21.132+0000] {logging_mixin.py:190} INFO - [2024-12-04T17:22:21.131+0000] {dagbag.py:588} INFO - Filling up the DagBag from /home/airflow/.local/lib/python3.12/site-packages/airflow/example_dags/example_complex.py
[2024-12-04T17:22:21.147+0000] {processor.py:925} INFO - DAG(s) 'example_complex' retrieved from /home/airflow/.local/lib/python3.12/site-packages/airflow/example_dags/example_complex.py
[2024-12-04T17:22:21.184+0000] {logging_mixin.py:190} INFO - [2024-12-04T17:22:21.183+0000] {dag.py:3239} INFO - Sync 1 DAGs
[2024-12-04T17:22:21.197+0000] {logging_mixin.py:190} INFO - [2024-12-04T17:22:21.197+0000] {dag.py:4180} INFO - Setting next_dagrun for example_complex to None, run_after=None
[2024-12-04T17:22:21.222+0000] {processor.py:208} INFO - Processing /home/airflow/.local/lib/python3.12/site-packages/airflow/example_dags/example_complex.py took 0.101 seconds
[2024-12-04T17:23:12.601+0000] {processor.py:186} INFO - Started process (PID=1378) to work on /home/airflow/.local/lib/python3.12/site-packages/airflow/example_dags/example_complex.py
[2024-12-04T17:23:12.603+0000] {processor.py:914} INFO - Processing file /home/airflow/.local/lib/python3.12/site-packages/airflow/example_dags/example_complex.py for tasks to queue
[2024-12-04T17:23:12.611+0000] {logging_mixin.py:190} INFO - [2024-12-04T17:23:12.610+0000] {dagbag.py:588} INFO - Filling up the DagBag from /home/airflow/.local/lib/python3.12/site-packages/airflow/example_dags/example_complex.py
[2024-12-04T17:23:12.661+0000] {processor.py:925} INFO - DAG(s) 'example_complex' retrieved from /home/airflow/.local/lib/python3.12/site-packages/airflow/example_dags/example_complex.py
[2024-12-04T17:23:12.691+0000] {logging_mixin.py:190} INFO - [2024-12-04T17:23:12.691+0000] {dag.py:3239} INFO - Sync 1 DAGs
[2024-12-04T17:23:12.712+0000] {logging_mixin.py:190} INFO - [2024-12-04T17:23:12.711+0000] {dag.py:4180} INFO - Setting next_dagrun for example_complex to None, run_after=None
[2024-12-04T17:23:12.810+0000] {processor.py:208} INFO - Processing /home/airflow/.local/lib/python3.12/site-packages/airflow/example_dags/example_complex.py took 0.214 seconds
[2024-12-04T17:23:44.413+0000] {processor.py:186} INFO - Started process (PID=1441) to work on /home/airflow/.local/lib/python3.12/site-packages/airflow/example_dags/example_complex.py
[2024-12-04T17:23:44.413+0000] {processor.py:914} INFO - Processing file /home/airflow/.local/lib/python3.12/site-packages/airflow/example_dags/example_complex.py for tasks to queue
[2024-12-04T17:23:44.415+0000] {logging_mixin.py:190} INFO - [2024-12-04T17:23:44.415+0000] {dagbag.py:588} INFO - Filling up the DagBag from /home/airflow/.local/lib/python3.12/site-packages/airflow/example_dags/example_complex.py
[2024-12-04T17:23:44.429+0000] {processor.py:925} INFO - DAG(s) 'example_complex' retrieved from /home/airflow/.local/lib/python3.12/site-packages/airflow/example_dags/example_complex.py
[2024-12-04T17:23:44.490+0000] {logging_mixin.py:190} INFO - [2024-12-04T17:23:44.490+0000] {dag.py:3239} INFO - Sync 1 DAGs
[2024-12-04T17:23:44.512+0000] {logging_mixin.py:190} INFO - [2024-12-04T17:23:44.511+0000] {dag.py:4180} INFO - Setting next_dagrun for example_complex to None, run_after=None
[2024-12-04T17:23:44.538+0000] {processor.py:208} INFO - Processing /home/airflow/.local/lib/python3.12/site-packages/airflow/example_dags/example_complex.py took 0.131 seconds
[2024-12-04T17:24:16.729+0000] {processor.py:186} INFO - Started process (PID=1507) to work on /home/airflow/.local/lib/python3.12/site-packages/airflow/example_dags/example_complex.py
[2024-12-04T17:24:16.733+0000] {processor.py:914} INFO - Processing file /home/airflow/.local/lib/python3.12/site-packages/airflow/example_dags/example_complex.py for tasks to queue
[2024-12-04T17:24:16.740+0000] {logging_mixin.py:190} INFO - [2024-12-04T17:24:16.739+0000] {dagbag.py:588} INFO - Filling up the DagBag from /home/airflow/.local/lib/python3.12/site-packages/airflow/example_dags/example_complex.py
[2024-12-04T17:24:16.756+0000] {processor.py:925} INFO - DAG(s) 'example_complex' retrieved from /home/airflow/.local/lib/python3.12/site-packages/airflow/example_dags/example_complex.py
[2024-12-04T17:24:16.791+0000] {logging_mixin.py:190} INFO - [2024-12-04T17:24:16.791+0000] {dag.py:3239} INFO - Sync 1 DAGs
[2024-12-04T17:24:16.815+0000] {logging_mixin.py:190} INFO - [2024-12-04T17:24:16.815+0000] {dag.py:4180} INFO - Setting next_dagrun for example_complex to None, run_after=None
[2024-12-04T17:24:16.842+0000] {processor.py:208} INFO - Processing /home/airflow/.local/lib/python3.12/site-packages/airflow/example_dags/example_complex.py took 0.123 seconds
[2024-12-04T17:24:47.698+0000] {processor.py:186} INFO - Started process (PID=1569) to work on /home/airflow/.local/lib/python3.12/site-packages/airflow/example_dags/example_complex.py
[2024-12-04T17:24:47.699+0000] {processor.py:914} INFO - Processing file /home/airflow/.local/lib/python3.12/site-packages/airflow/example_dags/example_complex.py for tasks to queue
[2024-12-04T17:24:47.700+0000] {logging_mixin.py:190} INFO - [2024-12-04T17:24:47.700+0000] {dagbag.py:588} INFO - Filling up the DagBag from /home/airflow/.local/lib/python3.12/site-packages/airflow/example_dags/example_complex.py
[2024-12-04T17:24:47.707+0000] {processor.py:925} INFO - DAG(s) 'example_complex' retrieved from /home/airflow/.local/lib/python3.12/site-packages/airflow/example_dags/example_complex.py
[2024-12-04T17:24:47.722+0000] {logging_mixin.py:190} INFO - [2024-12-04T17:24:47.722+0000] {dag.py:3239} INFO - Sync 1 DAGs
[2024-12-04T17:24:47.729+0000] {logging_mixin.py:190} INFO - [2024-12-04T17:24:47.729+0000] {dag.py:4180} INFO - Setting next_dagrun for example_complex to None, run_after=None
[2024-12-04T17:24:47.741+0000] {processor.py:208} INFO - Processing /home/airflow/.local/lib/python3.12/site-packages/airflow/example_dags/example_complex.py took 0.046 seconds
[2024-12-04T17:25:19.108+0000] {processor.py:186} INFO - Started process (PID=1635) to work on /home/airflow/.local/lib/python3.12/site-packages/airflow/example_dags/example_complex.py
[2024-12-04T17:25:19.108+0000] {processor.py:914} INFO - Processing file /home/airflow/.local/lib/python3.12/site-packages/airflow/example_dags/example_complex.py for tasks to queue
[2024-12-04T17:25:19.111+0000] {logging_mixin.py:190} INFO - [2024-12-04T17:25:19.110+0000] {dagbag.py:588} INFO - Filling up the DagBag from /home/airflow/.local/lib/python3.12/site-packages/airflow/example_dags/example_complex.py
[2024-12-04T17:25:19.120+0000] {processor.py:925} INFO - DAG(s) 'example_complex' retrieved from /home/airflow/.local/lib/python3.12/site-packages/airflow/example_dags/example_complex.py
[2024-12-04T17:25:19.142+0000] {logging_mixin.py:190} INFO - [2024-12-04T17:25:19.142+0000] {dag.py:3239} INFO - Sync 1 DAGs
[2024-12-04T17:25:19.151+0000] {logging_mixin.py:190} INFO - [2024-12-04T17:25:19.151+0000] {dag.py:4180} INFO - Setting next_dagrun for example_complex to None, run_after=None
[2024-12-04T17:25:19.162+0000] {processor.py:208} INFO - Processing /home/airflow/.local/lib/python3.12/site-packages/airflow/example_dags/example_complex.py took 0.059 seconds
[2024-12-04T17:25:49.464+0000] {processor.py:186} INFO - Started process (PID=1697) to work on /home/airflow/.local/lib/python3.12/site-packages/airflow/example_dags/example_complex.py
[2024-12-04T17:25:49.465+0000] {processor.py:914} INFO - Processing file /home/airflow/.local/lib/python3.12/site-packages/airflow/example_dags/example_complex.py for tasks to queue
[2024-12-04T17:25:49.466+0000] {logging_mixin.py:190} INFO - [2024-12-04T17:25:49.466+0000] {dagbag.py:588} INFO - Filling up the DagBag from /home/airflow/.local/lib/python3.12/site-packages/airflow/example_dags/example_complex.py
[2024-12-04T17:25:49.472+0000] {processor.py:925} INFO - DAG(s) 'example_complex' retrieved from /home/airflow/.local/lib/python3.12/site-packages/airflow/example_dags/example_complex.py
[2024-12-04T17:25:49.490+0000] {logging_mixin.py:190} INFO - [2024-12-04T17:25:49.490+0000] {dag.py:3239} INFO - Sync 1 DAGs
[2024-12-04T17:25:49.497+0000] {logging_mixin.py:190} INFO - [2024-12-04T17:25:49.497+0000] {dag.py:4180} INFO - Setting next_dagrun for example_complex to None, run_after=None
[2024-12-04T17:25:49.508+0000] {processor.py:208} INFO - Processing /home/airflow/.local/lib/python3.12/site-packages/airflow/example_dags/example_complex.py took 0.048 seconds
[2024-12-04T17:26:21.544+0000] {processor.py:186} INFO - Started process (PID=1764) to work on /home/airflow/.local/lib/python3.12/site-packages/airflow/example_dags/example_complex.py
[2024-12-04T17:26:21.549+0000] {processor.py:914} INFO - Processing file /home/airflow/.local/lib/python3.12/site-packages/airflow/example_dags/example_complex.py for tasks to queue
[2024-12-04T17:26:21.558+0000] {logging_mixin.py:190} INFO - [2024-12-04T17:26:21.558+0000] {dagbag.py:588} INFO - Filling up the DagBag from /home/airflow/.local/lib/python3.12/site-packages/airflow/example_dags/example_complex.py
[2024-12-04T17:26:21.588+0000] {processor.py:925} INFO - DAG(s) 'example_complex' retrieved from /home/airflow/.local/lib/python3.12/site-packages/airflow/example_dags/example_complex.py
[2024-12-04T17:26:21.679+0000] {logging_mixin.py:190} INFO - [2024-12-04T17:26:21.678+0000] {dag.py:3239} INFO - Sync 1 DAGs
[2024-12-04T17:26:21.716+0000] {logging_mixin.py:190} INFO - [2024-12-04T17:26:21.715+0000] {dag.py:4180} INFO - Setting next_dagrun for example_complex to None, run_after=None
[2024-12-04T17:26:21.738+0000] {processor.py:208} INFO - Processing /home/airflow/.local/lib/python3.12/site-packages/airflow/example_dags/example_complex.py took 0.204 seconds
[2024-12-04T17:26:52.293+0000] {processor.py:186} INFO - Started process (PID=1825) to work on /home/airflow/.local/lib/python3.12/site-packages/airflow/example_dags/example_complex.py
[2024-12-04T17:26:52.296+0000] {processor.py:914} INFO - Processing file /home/airflow/.local/lib/python3.12/site-packages/airflow/example_dags/example_complex.py for tasks to queue
[2024-12-04T17:26:52.302+0000] {logging_mixin.py:190} INFO - [2024-12-04T17:26:52.302+0000] {dagbag.py:588} INFO - Filling up the DagBag from /home/airflow/.local/lib/python3.12/site-packages/airflow/example_dags/example_complex.py
[2024-12-04T17:26:52.317+0000] {processor.py:925} INFO - DAG(s) 'example_complex' retrieved from /home/airflow/.local/lib/python3.12/site-packages/airflow/example_dags/example_complex.py
[2024-12-04T17:26:52.382+0000] {logging_mixin.py:190} INFO - [2024-12-04T17:26:52.382+0000] {dag.py:3239} INFO - Sync 1 DAGs
[2024-12-04T17:26:52.439+0000] {logging_mixin.py:190} INFO - [2024-12-04T17:26:52.438+0000] {dag.py:4180} INFO - Setting next_dagrun for example_complex to None, run_after=None
[2024-12-04T17:26:52.462+0000] {processor.py:208} INFO - Processing /home/airflow/.local/lib/python3.12/site-packages/airflow/example_dags/example_complex.py took 0.182 seconds
[2024-12-04T17:27:22.922+0000] {processor.py:186} INFO - Started process (PID=1887) to work on /home/airflow/.local/lib/python3.12/site-packages/airflow/example_dags/example_complex.py
[2024-12-04T17:27:22.923+0000] {processor.py:914} INFO - Processing file /home/airflow/.local/lib/python3.12/site-packages/airflow/example_dags/example_complex.py for tasks to queue
[2024-12-04T17:27:22.924+0000] {logging_mixin.py:190} INFO - [2024-12-04T17:27:22.924+0000] {dagbag.py:588} INFO - Filling up the DagBag from /home/airflow/.local/lib/python3.12/site-packages/airflow/example_dags/example_complex.py
[2024-12-04T17:27:22.931+0000] {processor.py:925} INFO - DAG(s) 'example_complex' retrieved from /home/airflow/.local/lib/python3.12/site-packages/airflow/example_dags/example_complex.py
[2024-12-04T17:27:22.948+0000] {logging_mixin.py:190} INFO - [2024-12-04T17:27:22.947+0000] {dag.py:3239} INFO - Sync 1 DAGs
[2024-12-04T17:27:22.956+0000] {logging_mixin.py:190} INFO - [2024-12-04T17:27:22.956+0000] {dag.py:4180} INFO - Setting next_dagrun for example_complex to None, run_after=None
[2024-12-04T17:27:22.972+0000] {processor.py:208} INFO - Processing /home/airflow/.local/lib/python3.12/site-packages/airflow/example_dags/example_complex.py took 0.055 seconds
[2024-12-04T17:27:55.024+0000] {processor.py:186} INFO - Started process (PID=1950) to work on /home/airflow/.local/lib/python3.12/site-packages/airflow/example_dags/example_complex.py
[2024-12-04T17:27:55.026+0000] {processor.py:914} INFO - Processing file /home/airflow/.local/lib/python3.12/site-packages/airflow/example_dags/example_complex.py for tasks to queue
[2024-12-04T17:27:55.028+0000] {logging_mixin.py:190} INFO - [2024-12-04T17:27:55.028+0000] {dagbag.py:588} INFO - Filling up the DagBag from /home/airflow/.local/lib/python3.12/site-packages/airflow/example_dags/example_complex.py
[2024-12-04T17:27:55.048+0000] {processor.py:925} INFO - DAG(s) 'example_complex' retrieved from /home/airflow/.local/lib/python3.12/site-packages/airflow/example_dags/example_complex.py
[2024-12-04T17:27:55.084+0000] {logging_mixin.py:190} INFO - [2024-12-04T17:27:55.084+0000] {dag.py:3239} INFO - Sync 1 DAGs
[2024-12-04T17:27:55.099+0000] {logging_mixin.py:190} INFO - [2024-12-04T17:27:55.098+0000] {dag.py:4180} INFO - Setting next_dagrun for example_complex to None, run_after=None
[2024-12-04T17:27:55.133+0000] {processor.py:208} INFO - Processing /home/airflow/.local/lib/python3.12/site-packages/airflow/example_dags/example_complex.py took 0.117 seconds
[2024-12-04T17:28:26.015+0000] {processor.py:186} INFO - Started process (PID=2013) to work on /home/airflow/.local/lib/python3.12/site-packages/airflow/example_dags/example_complex.py
[2024-12-04T17:28:26.016+0000] {processor.py:914} INFO - Processing file /home/airflow/.local/lib/python3.12/site-packages/airflow/example_dags/example_complex.py for tasks to queue
[2024-12-04T17:28:26.019+0000] {logging_mixin.py:190} INFO - [2024-12-04T17:28:26.019+0000] {dagbag.py:588} INFO - Filling up the DagBag from /home/airflow/.local/lib/python3.12/site-packages/airflow/example_dags/example_complex.py
[2024-12-04T17:28:26.038+0000] {processor.py:925} INFO - DAG(s) 'example_complex' retrieved from /home/airflow/.local/lib/python3.12/site-packages/airflow/example_dags/example_complex.py
[2024-12-04T17:28:26.081+0000] {logging_mixin.py:190} INFO - [2024-12-04T17:28:26.081+0000] {dag.py:3239} INFO - Sync 1 DAGs
[2024-12-04T17:28:26.110+0000] {logging_mixin.py:190} INFO - [2024-12-04T17:28:26.110+0000] {dag.py:4180} INFO - Setting next_dagrun for example_complex to None, run_after=None
[2024-12-04T17:28:26.139+0000] {processor.py:208} INFO - Processing /home/airflow/.local/lib/python3.12/site-packages/airflow/example_dags/example_complex.py took 0.134 seconds
[2024-12-04T17:28:58.157+0000] {processor.py:186} INFO - Started process (PID=2083) to work on /home/airflow/.local/lib/python3.12/site-packages/airflow/example_dags/example_complex.py
[2024-12-04T17:28:58.161+0000] {processor.py:914} INFO - Processing file /home/airflow/.local/lib/python3.12/site-packages/airflow/example_dags/example_complex.py for tasks to queue
[2024-12-04T17:28:58.180+0000] {logging_mixin.py:190} INFO - [2024-12-04T17:28:58.178+0000] {dagbag.py:588} INFO - Filling up the DagBag from /home/airflow/.local/lib/python3.12/site-packages/airflow/example_dags/example_complex.py
[2024-12-04T17:28:58.240+0000] {processor.py:925} INFO - DAG(s) 'example_complex' retrieved from /home/airflow/.local/lib/python3.12/site-packages/airflow/example_dags/example_complex.py
[2024-12-04T17:28:58.357+0000] {logging_mixin.py:190} INFO - [2024-12-04T17:28:58.356+0000] {dag.py:3239} INFO - Sync 1 DAGs
[2024-12-04T17:28:58.398+0000] {logging_mixin.py:190} INFO - [2024-12-04T17:28:58.398+0000] {dag.py:4180} INFO - Setting next_dagrun for example_complex to None, run_after=None
[2024-12-04T17:28:58.447+0000] {processor.py:208} INFO - Processing /home/airflow/.local/lib/python3.12/site-packages/airflow/example_dags/example_complex.py took 0.306 seconds
[2024-12-04T17:29:29.239+0000] {processor.py:186} INFO - Started process (PID=2145) to work on /home/airflow/.local/lib/python3.12/site-packages/airflow/example_dags/example_complex.py
[2024-12-04T17:29:29.244+0000] {processor.py:914} INFO - Processing file /home/airflow/.local/lib/python3.12/site-packages/airflow/example_dags/example_complex.py for tasks to queue
[2024-12-04T17:29:29.257+0000] {logging_mixin.py:190} INFO - [2024-12-04T17:29:29.256+0000] {dagbag.py:588} INFO - Filling up the DagBag from /home/airflow/.local/lib/python3.12/site-packages/airflow/example_dags/example_complex.py
[2024-12-04T17:29:29.292+0000] {processor.py:925} INFO - DAG(s) 'example_complex' retrieved from /home/airflow/.local/lib/python3.12/site-packages/airflow/example_dags/example_complex.py
[2024-12-04T17:29:29.357+0000] {logging_mixin.py:190} INFO - [2024-12-04T17:29:29.357+0000] {dag.py:3239} INFO - Sync 1 DAGs
[2024-12-04T17:29:29.382+0000] {logging_mixin.py:190} INFO - [2024-12-04T17:29:29.382+0000] {dag.py:4180} INFO - Setting next_dagrun for example_complex to None, run_after=None
[2024-12-04T17:29:29.419+0000] {processor.py:208} INFO - Processing /home/airflow/.local/lib/python3.12/site-packages/airflow/example_dags/example_complex.py took 0.229 seconds
[2024-12-04T17:30:00.091+0000] {processor.py:186} INFO - Started process (PID=2208) to work on /home/airflow/.local/lib/python3.12/site-packages/airflow/example_dags/example_complex.py
[2024-12-04T17:30:00.092+0000] {processor.py:914} INFO - Processing file /home/airflow/.local/lib/python3.12/site-packages/airflow/example_dags/example_complex.py for tasks to queue
[2024-12-04T17:30:00.094+0000] {logging_mixin.py:190} INFO - [2024-12-04T17:30:00.094+0000] {dagbag.py:588} INFO - Filling up the DagBag from /home/airflow/.local/lib/python3.12/site-packages/airflow/example_dags/example_complex.py
[2024-12-04T17:30:00.106+0000] {processor.py:925} INFO - DAG(s) 'example_complex' retrieved from /home/airflow/.local/lib/python3.12/site-packages/airflow/example_dags/example_complex.py
[2024-12-04T17:30:00.133+0000] {logging_mixin.py:190} INFO - [2024-12-04T17:30:00.132+0000] {dag.py:3239} INFO - Sync 1 DAGs
[2024-12-04T17:30:00.143+0000] {logging_mixin.py:190} INFO - [2024-12-04T17:30:00.142+0000] {dag.py:4180} INFO - Setting next_dagrun for example_complex to None, run_after=None
[2024-12-04T17:30:00.158+0000] {processor.py:208} INFO - Processing /home/airflow/.local/lib/python3.12/site-packages/airflow/example_dags/example_complex.py took 0.072 seconds
[2024-12-04T17:30:30.247+0000] {processor.py:186} INFO - Started process (PID=2271) to work on /home/airflow/.local/lib/python3.12/site-packages/airflow/example_dags/example_complex.py
[2024-12-04T17:30:30.249+0000] {processor.py:914} INFO - Processing file /home/airflow/.local/lib/python3.12/site-packages/airflow/example_dags/example_complex.py for tasks to queue
[2024-12-04T17:30:30.252+0000] {logging_mixin.py:190} INFO - [2024-12-04T17:30:30.251+0000] {dagbag.py:588} INFO - Filling up the DagBag from /home/airflow/.local/lib/python3.12/site-packages/airflow/example_dags/example_complex.py
[2024-12-04T17:30:30.262+0000] {processor.py:925} INFO - DAG(s) 'example_complex' retrieved from /home/airflow/.local/lib/python3.12/site-packages/airflow/example_dags/example_complex.py
[2024-12-04T17:30:30.299+0000] {logging_mixin.py:190} INFO - [2024-12-04T17:30:30.299+0000] {dag.py:3239} INFO - Sync 1 DAGs
[2024-12-04T17:30:30.309+0000] {logging_mixin.py:190} INFO - [2024-12-04T17:30:30.309+0000] {dag.py:4180} INFO - Setting next_dagrun for example_complex to None, run_after=None
[2024-12-04T17:30:30.327+0000] {processor.py:208} INFO - Processing /home/airflow/.local/lib/python3.12/site-packages/airflow/example_dags/example_complex.py took 0.087 seconds
[2024-12-04T17:31:00.686+0000] {processor.py:186} INFO - Started process (PID=2334) to work on /home/airflow/.local/lib/python3.12/site-packages/airflow/example_dags/example_complex.py
[2024-12-04T17:31:00.688+0000] {processor.py:914} INFO - Processing file /home/airflow/.local/lib/python3.12/site-packages/airflow/example_dags/example_complex.py for tasks to queue
[2024-12-04T17:31:00.691+0000] {logging_mixin.py:190} INFO - [2024-12-04T17:31:00.690+0000] {dagbag.py:588} INFO - Filling up the DagBag from /home/airflow/.local/lib/python3.12/site-packages/airflow/example_dags/example_complex.py
[2024-12-04T17:31:00.705+0000] {processor.py:925} INFO - DAG(s) 'example_complex' retrieved from /home/airflow/.local/lib/python3.12/site-packages/airflow/example_dags/example_complex.py
[2024-12-04T17:31:00.731+0000] {logging_mixin.py:190} INFO - [2024-12-04T17:31:00.731+0000] {dag.py:3239} INFO - Sync 1 DAGs
[2024-12-04T17:31:00.742+0000] {logging_mixin.py:190} INFO - [2024-12-04T17:31:00.742+0000] {dag.py:4180} INFO - Setting next_dagrun for example_complex to None, run_after=None
[2024-12-04T17:31:00.760+0000] {processor.py:208} INFO - Processing /home/airflow/.local/lib/python3.12/site-packages/airflow/example_dags/example_complex.py took 0.083 seconds
[2024-12-04T17:31:31.474+0000] {processor.py:186} INFO - Started process (PID=2397) to work on /home/airflow/.local/lib/python3.12/site-packages/airflow/example_dags/example_complex.py
[2024-12-04T17:31:31.476+0000] {processor.py:914} INFO - Processing file /home/airflow/.local/lib/python3.12/site-packages/airflow/example_dags/example_complex.py for tasks to queue
[2024-12-04T17:31:31.480+0000] {logging_mixin.py:190} INFO - [2024-12-04T17:31:31.480+0000] {dagbag.py:588} INFO - Filling up the DagBag from /home/airflow/.local/lib/python3.12/site-packages/airflow/example_dags/example_complex.py
[2024-12-04T17:31:31.497+0000] {processor.py:925} INFO - DAG(s) 'example_complex' retrieved from /home/airflow/.local/lib/python3.12/site-packages/airflow/example_dags/example_complex.py
[2024-12-04T17:31:31.523+0000] {logging_mixin.py:190} INFO - [2024-12-04T17:31:31.523+0000] {dag.py:3239} INFO - Sync 1 DAGs
[2024-12-04T17:31:31.532+0000] {logging_mixin.py:190} INFO - [2024-12-04T17:31:31.532+0000] {dag.py:4180} INFO - Setting next_dagrun for example_complex to None, run_after=None
[2024-12-04T17:31:31.541+0000] {processor.py:208} INFO - Processing /home/airflow/.local/lib/python3.12/site-packages/airflow/example_dags/example_complex.py took 0.077 seconds
[2024-12-04T17:32:01.623+0000] {processor.py:186} INFO - Started process (PID=2460) to work on /home/airflow/.local/lib/python3.12/site-packages/airflow/example_dags/example_complex.py
[2024-12-04T17:32:01.624+0000] {processor.py:914} INFO - Processing file /home/airflow/.local/lib/python3.12/site-packages/airflow/example_dags/example_complex.py for tasks to queue
[2024-12-04T17:32:01.628+0000] {logging_mixin.py:190} INFO - [2024-12-04T17:32:01.628+0000] {dagbag.py:588} INFO - Filling up the DagBag from /home/airflow/.local/lib/python3.12/site-packages/airflow/example_dags/example_complex.py
[2024-12-04T17:32:01.641+0000] {processor.py:925} INFO - DAG(s) 'example_complex' retrieved from /home/airflow/.local/lib/python3.12/site-packages/airflow/example_dags/example_complex.py
[2024-12-04T17:32:01.675+0000] {logging_mixin.py:190} INFO - [2024-12-04T17:32:01.675+0000] {dag.py:3239} INFO - Sync 1 DAGs
[2024-12-04T17:32:01.695+0000] {logging_mixin.py:190} INFO - [2024-12-04T17:32:01.695+0000] {dag.py:4180} INFO - Setting next_dagrun for example_complex to None, run_after=None
[2024-12-04T17:32:01.716+0000] {processor.py:208} INFO - Processing /home/airflow/.local/lib/python3.12/site-packages/airflow/example_dags/example_complex.py took 0.106 seconds
[2024-12-04T17:32:32.201+0000] {processor.py:186} INFO - Started process (PID=2523) to work on /home/airflow/.local/lib/python3.12/site-packages/airflow/example_dags/example_complex.py
[2024-12-04T17:32:32.203+0000] {processor.py:914} INFO - Processing file /home/airflow/.local/lib/python3.12/site-packages/airflow/example_dags/example_complex.py for tasks to queue
[2024-12-04T17:32:32.208+0000] {logging_mixin.py:190} INFO - [2024-12-04T17:32:32.207+0000] {dagbag.py:588} INFO - Filling up the DagBag from /home/airflow/.local/lib/python3.12/site-packages/airflow/example_dags/example_complex.py
[2024-12-04T17:32:32.220+0000] {processor.py:925} INFO - DAG(s) 'example_complex' retrieved from /home/airflow/.local/lib/python3.12/site-packages/airflow/example_dags/example_complex.py
[2024-12-04T17:32:32.245+0000] {logging_mixin.py:190} INFO - [2024-12-04T17:32:32.245+0000] {dag.py:3239} INFO - Sync 1 DAGs
[2024-12-04T17:32:32.253+0000] {logging_mixin.py:190} INFO - [2024-12-04T17:32:32.253+0000] {dag.py:4180} INFO - Setting next_dagrun for example_complex to None, run_after=None
[2024-12-04T17:32:32.265+0000] {processor.py:208} INFO - Processing /home/airflow/.local/lib/python3.12/site-packages/airflow/example_dags/example_complex.py took 0.070 seconds
