[2024-12-04T17:12:19.046+0000] {processor.py:186} INFO - Started process (PID=71) to work on /home/airflow/.local/lib/python3.12/site-packages/airflow/example_dags/example_branch_python_dop_operator_3.py
[2024-12-04T17:12:19.047+0000] {processor.py:914} INFO - Processing file /home/airflow/.local/lib/python3.12/site-packages/airflow/example_dags/example_branch_python_dop_operator_3.py for tasks to queue
[2024-12-04T17:12:19.050+0000] {logging_mixin.py:190} INFO - [2024-12-04T17:12:19.050+0000] {dagbag.py:588} INFO - Filling up the DagBag from /home/airflow/.local/lib/python3.12/site-packages/airflow/example_dags/example_branch_python_dop_operator_3.py
[2024-12-04T17:12:19.057+0000] {processor.py:925} INFO - DAG(s) 'example_branch_dop_operator_v3' retrieved from /home/airflow/.local/lib/python3.12/site-packages/airflow/example_dags/example_branch_python_dop_operator_3.py
[2024-12-04T17:12:19.195+0000] {logging_mixin.py:190} INFO - [2024-12-04T17:12:19.195+0000] {override.py:1911} INFO - Created Permission View: can read on DAG:example_branch_dop_operator_v3
[2024-12-04T17:12:19.214+0000] {logging_mixin.py:190} INFO - [2024-12-04T17:12:19.214+0000] {override.py:1911} INFO - Created Permission View: can delete on DAG:example_branch_dop_operator_v3
[2024-12-04T17:12:19.217+0000] {logging_mixin.py:190} INFO - [2024-12-04T17:12:19.217+0000] {override.py:1911} INFO - Created Permission View: can edit on DAG:example_branch_dop_operator_v3
[2024-12-04T17:12:19.222+0000] {logging_mixin.py:190} INFO - [2024-12-04T17:12:19.221+0000] {override.py:1911} INFO - Created Permission View: menu access on DAG Run:example_branch_dop_operator_v3
[2024-12-04T17:12:19.230+0000] {logging_mixin.py:190} INFO - [2024-12-04T17:12:19.229+0000] {override.py:1911} INFO - Created Permission View: can delete on DAG Run:example_branch_dop_operator_v3
[2024-12-04T17:12:19.234+0000] {logging_mixin.py:190} INFO - [2024-12-04T17:12:19.234+0000] {override.py:1911} INFO - Created Permission View: can read on DAG Run:example_branch_dop_operator_v3
[2024-12-04T17:12:19.240+0000] {logging_mixin.py:190} INFO - [2024-12-04T17:12:19.240+0000] {override.py:1911} INFO - Created Permission View: can create on DAG Run:example_branch_dop_operator_v3
[2024-12-04T17:12:19.241+0000] {logging_mixin.py:190} INFO - [2024-12-04T17:12:19.241+0000] {dag.py:3239} INFO - Sync 1 DAGs
[2024-12-04T17:12:19.248+0000] {logging_mixin.py:190} INFO - [2024-12-04T17:12:19.248+0000] {dag.py:3262} INFO - Creating ORM DAG for example_branch_dop_operator_v3
[2024-12-04T17:12:19.255+0000] {logging_mixin.py:190} INFO - [2024-12-04T17:12:19.255+0000] {dag.py:4180} INFO - Setting next_dagrun for example_branch_dop_operator_v3 to 2024-12-04 17:11:00+00:00, run_after=2024-12-04 17:12:00+00:00
[2024-12-04T17:12:19.266+0000] {processor.py:208} INFO - Processing /home/airflow/.local/lib/python3.12/site-packages/airflow/example_dags/example_branch_python_dop_operator_3.py took 0.236 seconds
[2024-12-04T17:12:50.160+0000] {processor.py:186} INFO - Started process (PID=134) to work on /home/airflow/.local/lib/python3.12/site-packages/airflow/example_dags/example_branch_python_dop_operator_3.py
[2024-12-04T17:12:50.161+0000] {processor.py:914} INFO - Processing file /home/airflow/.local/lib/python3.12/site-packages/airflow/example_dags/example_branch_python_dop_operator_3.py for tasks to queue
[2024-12-04T17:12:50.162+0000] {logging_mixin.py:190} INFO - [2024-12-04T17:12:50.162+0000] {dagbag.py:588} INFO - Filling up the DagBag from /home/airflow/.local/lib/python3.12/site-packages/airflow/example_dags/example_branch_python_dop_operator_3.py
[2024-12-04T17:12:50.169+0000] {processor.py:925} INFO - DAG(s) 'example_branch_dop_operator_v3' retrieved from /home/airflow/.local/lib/python3.12/site-packages/airflow/example_dags/example_branch_python_dop_operator_3.py
[2024-12-04T17:12:50.191+0000] {logging_mixin.py:190} INFO - [2024-12-04T17:12:50.190+0000] {dag.py:3239} INFO - Sync 1 DAGs
[2024-12-04T17:12:50.213+0000] {logging_mixin.py:190} INFO - [2024-12-04T17:12:50.213+0000] {dag.py:4180} INFO - Setting next_dagrun for example_branch_dop_operator_v3 to 2024-12-04 17:11:00+00:00, run_after=2024-12-04 17:12:00+00:00
[2024-12-04T17:12:50.251+0000] {processor.py:208} INFO - Processing /home/airflow/.local/lib/python3.12/site-packages/airflow/example_dags/example_branch_python_dop_operator_3.py took 0.097 seconds
[2024-12-04T17:13:20.346+0000] {processor.py:186} INFO - Started process (PID=196) to work on /home/airflow/.local/lib/python3.12/site-packages/airflow/example_dags/example_branch_python_dop_operator_3.py
[2024-12-04T17:13:20.347+0000] {processor.py:914} INFO - Processing file /home/airflow/.local/lib/python3.12/site-packages/airflow/example_dags/example_branch_python_dop_operator_3.py for tasks to queue
[2024-12-04T17:13:20.350+0000] {logging_mixin.py:190} INFO - [2024-12-04T17:13:20.349+0000] {dagbag.py:588} INFO - Filling up the DagBag from /home/airflow/.local/lib/python3.12/site-packages/airflow/example_dags/example_branch_python_dop_operator_3.py
[2024-12-04T17:13:20.361+0000] {processor.py:925} INFO - DAG(s) 'example_branch_dop_operator_v3' retrieved from /home/airflow/.local/lib/python3.12/site-packages/airflow/example_dags/example_branch_python_dop_operator_3.py
[2024-12-04T17:13:20.377+0000] {logging_mixin.py:190} INFO - [2024-12-04T17:13:20.377+0000] {dag.py:3239} INFO - Sync 1 DAGs
[2024-12-04T17:13:20.393+0000] {logging_mixin.py:190} INFO - [2024-12-04T17:13:20.393+0000] {dag.py:4180} INFO - Setting next_dagrun for example_branch_dop_operator_v3 to 2024-12-04 17:12:00+00:00, run_after=2024-12-04 17:13:00+00:00
[2024-12-04T17:13:20.403+0000] {processor.py:208} INFO - Processing /home/airflow/.local/lib/python3.12/site-packages/airflow/example_dags/example_branch_python_dop_operator_3.py took 0.064 seconds
[2024-12-04T17:13:50.845+0000] {processor.py:186} INFO - Started process (PID=260) to work on /home/airflow/.local/lib/python3.12/site-packages/airflow/example_dags/example_branch_python_dop_operator_3.py
[2024-12-04T17:13:50.852+0000] {processor.py:914} INFO - Processing file /home/airflow/.local/lib/python3.12/site-packages/airflow/example_dags/example_branch_python_dop_operator_3.py for tasks to queue
[2024-12-04T17:13:50.854+0000] {logging_mixin.py:190} INFO - [2024-12-04T17:13:50.854+0000] {dagbag.py:588} INFO - Filling up the DagBag from /home/airflow/.local/lib/python3.12/site-packages/airflow/example_dags/example_branch_python_dop_operator_3.py
[2024-12-04T17:13:50.867+0000] {processor.py:925} INFO - DAG(s) 'example_branch_dop_operator_v3' retrieved from /home/airflow/.local/lib/python3.12/site-packages/airflow/example_dags/example_branch_python_dop_operator_3.py
[2024-12-04T17:13:50.881+0000] {logging_mixin.py:190} INFO - [2024-12-04T17:13:50.881+0000] {dag.py:3239} INFO - Sync 1 DAGs
[2024-12-04T17:13:50.900+0000] {logging_mixin.py:190} INFO - [2024-12-04T17:13:50.900+0000] {dag.py:4180} INFO - Setting next_dagrun for example_branch_dop_operator_v3 to 2024-12-04 17:12:00+00:00, run_after=2024-12-04 17:13:00+00:00
[2024-12-04T17:13:50.912+0000] {processor.py:208} INFO - Processing /home/airflow/.local/lib/python3.12/site-packages/airflow/example_dags/example_branch_python_dop_operator_3.py took 0.073 seconds
[2024-12-04T17:14:21.310+0000] {processor.py:186} INFO - Started process (PID=323) to work on /home/airflow/.local/lib/python3.12/site-packages/airflow/example_dags/example_branch_python_dop_operator_3.py
[2024-12-04T17:14:21.313+0000] {processor.py:914} INFO - Processing file /home/airflow/.local/lib/python3.12/site-packages/airflow/example_dags/example_branch_python_dop_operator_3.py for tasks to queue
[2024-12-04T17:14:21.316+0000] {logging_mixin.py:190} INFO - [2024-12-04T17:14:21.316+0000] {dagbag.py:588} INFO - Filling up the DagBag from /home/airflow/.local/lib/python3.12/site-packages/airflow/example_dags/example_branch_python_dop_operator_3.py
[2024-12-04T17:14:21.327+0000] {processor.py:925} INFO - DAG(s) 'example_branch_dop_operator_v3' retrieved from /home/airflow/.local/lib/python3.12/site-packages/airflow/example_dags/example_branch_python_dop_operator_3.py
[2024-12-04T17:14:21.349+0000] {logging_mixin.py:190} INFO - [2024-12-04T17:14:21.349+0000] {dag.py:3239} INFO - Sync 1 DAGs
[2024-12-04T17:14:21.368+0000] {logging_mixin.py:190} INFO - [2024-12-04T17:14:21.367+0000] {dag.py:4180} INFO - Setting next_dagrun for example_branch_dop_operator_v3 to 2024-12-04 17:13:00+00:00, run_after=2024-12-04 17:14:00+00:00
[2024-12-04T17:14:21.392+0000] {processor.py:208} INFO - Processing /home/airflow/.local/lib/python3.12/site-packages/airflow/example_dags/example_branch_python_dop_operator_3.py took 0.089 seconds
[2024-12-04T17:14:51.791+0000] {processor.py:186} INFO - Started process (PID=386) to work on /home/airflow/.local/lib/python3.12/site-packages/airflow/example_dags/example_branch_python_dop_operator_3.py
[2024-12-04T17:14:51.794+0000] {processor.py:914} INFO - Processing file /home/airflow/.local/lib/python3.12/site-packages/airflow/example_dags/example_branch_python_dop_operator_3.py for tasks to queue
[2024-12-04T17:14:51.796+0000] {logging_mixin.py:190} INFO - [2024-12-04T17:14:51.796+0000] {dagbag.py:588} INFO - Filling up the DagBag from /home/airflow/.local/lib/python3.12/site-packages/airflow/example_dags/example_branch_python_dop_operator_3.py
[2024-12-04T17:14:51.804+0000] {processor.py:925} INFO - DAG(s) 'example_branch_dop_operator_v3' retrieved from /home/airflow/.local/lib/python3.12/site-packages/airflow/example_dags/example_branch_python_dop_operator_3.py
[2024-12-04T17:14:51.825+0000] {logging_mixin.py:190} INFO - [2024-12-04T17:14:51.825+0000] {dag.py:3239} INFO - Sync 1 DAGs
[2024-12-04T17:14:51.846+0000] {logging_mixin.py:190} INFO - [2024-12-04T17:14:51.846+0000] {dag.py:4180} INFO - Setting next_dagrun for example_branch_dop_operator_v3 to 2024-12-04 17:13:00+00:00, run_after=2024-12-04 17:14:00+00:00
[2024-12-04T17:14:51.859+0000] {processor.py:208} INFO - Processing /home/airflow/.local/lib/python3.12/site-packages/airflow/example_dags/example_branch_python_dop_operator_3.py took 0.073 seconds
[2024-12-04T17:15:22.615+0000] {processor.py:186} INFO - Started process (PID=449) to work on /home/airflow/.local/lib/python3.12/site-packages/airflow/example_dags/example_branch_python_dop_operator_3.py
[2024-12-04T17:15:22.617+0000] {processor.py:914} INFO - Processing file /home/airflow/.local/lib/python3.12/site-packages/airflow/example_dags/example_branch_python_dop_operator_3.py for tasks to queue
[2024-12-04T17:15:22.619+0000] {logging_mixin.py:190} INFO - [2024-12-04T17:15:22.619+0000] {dagbag.py:588} INFO - Filling up the DagBag from /home/airflow/.local/lib/python3.12/site-packages/airflow/example_dags/example_branch_python_dop_operator_3.py
[2024-12-04T17:15:22.628+0000] {processor.py:925} INFO - DAG(s) 'example_branch_dop_operator_v3' retrieved from /home/airflow/.local/lib/python3.12/site-packages/airflow/example_dags/example_branch_python_dop_operator_3.py
[2024-12-04T17:15:22.648+0000] {logging_mixin.py:190} INFO - [2024-12-04T17:15:22.648+0000] {dag.py:3239} INFO - Sync 1 DAGs
[2024-12-04T17:15:22.664+0000] {logging_mixin.py:190} INFO - [2024-12-04T17:15:22.664+0000] {dag.py:4180} INFO - Setting next_dagrun for example_branch_dop_operator_v3 to 2024-12-04 17:14:00+00:00, run_after=2024-12-04 17:15:00+00:00
[2024-12-04T17:15:22.674+0000] {processor.py:208} INFO - Processing /home/airflow/.local/lib/python3.12/site-packages/airflow/example_dags/example_branch_python_dop_operator_3.py took 0.066 seconds
[2024-12-04T17:15:53.240+0000] {processor.py:186} INFO - Started process (PID=518) to work on /home/airflow/.local/lib/python3.12/site-packages/airflow/example_dags/example_branch_python_dop_operator_3.py
[2024-12-04T17:15:53.242+0000] {processor.py:914} INFO - Processing file /home/airflow/.local/lib/python3.12/site-packages/airflow/example_dags/example_branch_python_dop_operator_3.py for tasks to queue
[2024-12-04T17:15:53.246+0000] {logging_mixin.py:190} INFO - [2024-12-04T17:15:53.246+0000] {dagbag.py:588} INFO - Filling up the DagBag from /home/airflow/.local/lib/python3.12/site-packages/airflow/example_dags/example_branch_python_dop_operator_3.py
[2024-12-04T17:15:53.257+0000] {processor.py:925} INFO - DAG(s) 'example_branch_dop_operator_v3' retrieved from /home/airflow/.local/lib/python3.12/site-packages/airflow/example_dags/example_branch_python_dop_operator_3.py
[2024-12-04T17:15:53.273+0000] {logging_mixin.py:190} INFO - [2024-12-04T17:15:53.273+0000] {dag.py:3239} INFO - Sync 1 DAGs
[2024-12-04T17:15:53.291+0000] {logging_mixin.py:190} INFO - [2024-12-04T17:15:53.291+0000] {dag.py:4180} INFO - Setting next_dagrun for example_branch_dop_operator_v3 to 2024-12-04 17:14:00+00:00, run_after=2024-12-04 17:15:00+00:00
[2024-12-04T17:15:53.304+0000] {processor.py:208} INFO - Processing /home/airflow/.local/lib/python3.12/site-packages/airflow/example_dags/example_branch_python_dop_operator_3.py took 0.072 seconds
[2024-12-04T17:16:23.608+0000] {processor.py:186} INFO - Started process (PID=581) to work on /home/airflow/.local/lib/python3.12/site-packages/airflow/example_dags/example_branch_python_dop_operator_3.py
[2024-12-04T17:16:23.609+0000] {processor.py:914} INFO - Processing file /home/airflow/.local/lib/python3.12/site-packages/airflow/example_dags/example_branch_python_dop_operator_3.py for tasks to queue
[2024-12-04T17:16:23.611+0000] {logging_mixin.py:190} INFO - [2024-12-04T17:16:23.611+0000] {dagbag.py:588} INFO - Filling up the DagBag from /home/airflow/.local/lib/python3.12/site-packages/airflow/example_dags/example_branch_python_dop_operator_3.py
[2024-12-04T17:16:23.623+0000] {processor.py:925} INFO - DAG(s) 'example_branch_dop_operator_v3' retrieved from /home/airflow/.local/lib/python3.12/site-packages/airflow/example_dags/example_branch_python_dop_operator_3.py
[2024-12-04T17:16:23.637+0000] {logging_mixin.py:190} INFO - [2024-12-04T17:16:23.637+0000] {dag.py:3239} INFO - Sync 1 DAGs
[2024-12-04T17:16:23.652+0000] {logging_mixin.py:190} INFO - [2024-12-04T17:16:23.652+0000] {dag.py:4180} INFO - Setting next_dagrun for example_branch_dop_operator_v3 to 2024-12-04 17:15:00+00:00, run_after=2024-12-04 17:16:00+00:00
[2024-12-04T17:16:23.667+0000] {processor.py:208} INFO - Processing /home/airflow/.local/lib/python3.12/site-packages/airflow/example_dags/example_branch_python_dop_operator_3.py took 0.063 seconds
[2024-12-04T17:16:54.239+0000] {processor.py:186} INFO - Started process (PID=644) to work on /home/airflow/.local/lib/python3.12/site-packages/airflow/example_dags/example_branch_python_dop_operator_3.py
[2024-12-04T17:16:54.241+0000] {processor.py:914} INFO - Processing file /home/airflow/.local/lib/python3.12/site-packages/airflow/example_dags/example_branch_python_dop_operator_3.py for tasks to queue
[2024-12-04T17:16:54.246+0000] {logging_mixin.py:190} INFO - [2024-12-04T17:16:54.246+0000] {dagbag.py:588} INFO - Filling up the DagBag from /home/airflow/.local/lib/python3.12/site-packages/airflow/example_dags/example_branch_python_dop_operator_3.py
[2024-12-04T17:16:54.264+0000] {processor.py:925} INFO - DAG(s) 'example_branch_dop_operator_v3' retrieved from /home/airflow/.local/lib/python3.12/site-packages/airflow/example_dags/example_branch_python_dop_operator_3.py
[2024-12-04T17:16:54.281+0000] {logging_mixin.py:190} INFO - [2024-12-04T17:16:54.281+0000] {dag.py:3239} INFO - Sync 1 DAGs
[2024-12-04T17:16:54.301+0000] {logging_mixin.py:190} INFO - [2024-12-04T17:16:54.301+0000] {dag.py:4180} INFO - Setting next_dagrun for example_branch_dop_operator_v3 to 2024-12-04 17:15:00+00:00, run_after=2024-12-04 17:16:00+00:00
[2024-12-04T17:16:54.316+0000] {processor.py:208} INFO - Processing /home/airflow/.local/lib/python3.12/site-packages/airflow/example_dags/example_branch_python_dop_operator_3.py took 0.087 seconds
[2024-12-04T17:17:24.677+0000] {processor.py:186} INFO - Started process (PID=707) to work on /home/airflow/.local/lib/python3.12/site-packages/airflow/example_dags/example_branch_python_dop_operator_3.py
[2024-12-04T17:17:24.679+0000] {processor.py:914} INFO - Processing file /home/airflow/.local/lib/python3.12/site-packages/airflow/example_dags/example_branch_python_dop_operator_3.py for tasks to queue
[2024-12-04T17:17:24.681+0000] {logging_mixin.py:190} INFO - [2024-12-04T17:17:24.681+0000] {dagbag.py:588} INFO - Filling up the DagBag from /home/airflow/.local/lib/python3.12/site-packages/airflow/example_dags/example_branch_python_dop_operator_3.py
[2024-12-04T17:17:24.691+0000] {processor.py:925} INFO - DAG(s) 'example_branch_dop_operator_v3' retrieved from /home/airflow/.local/lib/python3.12/site-packages/airflow/example_dags/example_branch_python_dop_operator_3.py
[2024-12-04T17:17:24.703+0000] {logging_mixin.py:190} INFO - [2024-12-04T17:17:24.703+0000] {dag.py:3239} INFO - Sync 1 DAGs
[2024-12-04T17:17:24.717+0000] {logging_mixin.py:190} INFO - [2024-12-04T17:17:24.716+0000] {dag.py:4180} INFO - Setting next_dagrun for example_branch_dop_operator_v3 to 2024-12-04 17:16:00+00:00, run_after=2024-12-04 17:17:00+00:00
[2024-12-04T17:17:24.728+0000] {processor.py:208} INFO - Processing /home/airflow/.local/lib/python3.12/site-packages/airflow/example_dags/example_branch_python_dop_operator_3.py took 0.055 seconds
[2024-12-04T17:17:55.252+0000] {processor.py:186} INFO - Started process (PID=770) to work on /home/airflow/.local/lib/python3.12/site-packages/airflow/example_dags/example_branch_python_dop_operator_3.py
[2024-12-04T17:17:55.253+0000] {processor.py:914} INFO - Processing file /home/airflow/.local/lib/python3.12/site-packages/airflow/example_dags/example_branch_python_dop_operator_3.py for tasks to queue
[2024-12-04T17:17:55.257+0000] {logging_mixin.py:190} INFO - [2024-12-04T17:17:55.257+0000] {dagbag.py:588} INFO - Filling up the DagBag from /home/airflow/.local/lib/python3.12/site-packages/airflow/example_dags/example_branch_python_dop_operator_3.py
[2024-12-04T17:17:55.267+0000] {processor.py:925} INFO - DAG(s) 'example_branch_dop_operator_v3' retrieved from /home/airflow/.local/lib/python3.12/site-packages/airflow/example_dags/example_branch_python_dop_operator_3.py
[2024-12-04T17:17:55.282+0000] {logging_mixin.py:190} INFO - [2024-12-04T17:17:55.282+0000] {dag.py:3239} INFO - Sync 1 DAGs
[2024-12-04T17:17:55.299+0000] {logging_mixin.py:190} INFO - [2024-12-04T17:17:55.299+0000] {dag.py:4180} INFO - Setting next_dagrun for example_branch_dop_operator_v3 to 2024-12-04 17:16:00+00:00, run_after=2024-12-04 17:17:00+00:00
[2024-12-04T17:17:55.310+0000] {processor.py:208} INFO - Processing /home/airflow/.local/lib/python3.12/site-packages/airflow/example_dags/example_branch_python_dop_operator_3.py took 0.064 seconds
[2024-12-04T17:18:25.695+0000] {processor.py:186} INFO - Started process (PID=833) to work on /home/airflow/.local/lib/python3.12/site-packages/airflow/example_dags/example_branch_python_dop_operator_3.py
[2024-12-04T17:18:25.696+0000] {processor.py:914} INFO - Processing file /home/airflow/.local/lib/python3.12/site-packages/airflow/example_dags/example_branch_python_dop_operator_3.py for tasks to queue
[2024-12-04T17:18:25.701+0000] {logging_mixin.py:190} INFO - [2024-12-04T17:18:25.701+0000] {dagbag.py:588} INFO - Filling up the DagBag from /home/airflow/.local/lib/python3.12/site-packages/airflow/example_dags/example_branch_python_dop_operator_3.py
[2024-12-04T17:18:25.718+0000] {processor.py:925} INFO - DAG(s) 'example_branch_dop_operator_v3' retrieved from /home/airflow/.local/lib/python3.12/site-packages/airflow/example_dags/example_branch_python_dop_operator_3.py
[2024-12-04T17:18:25.740+0000] {logging_mixin.py:190} INFO - [2024-12-04T17:18:25.740+0000] {dag.py:3239} INFO - Sync 1 DAGs
[2024-12-04T17:18:25.756+0000] {logging_mixin.py:190} INFO - [2024-12-04T17:18:25.756+0000] {dag.py:4180} INFO - Setting next_dagrun for example_branch_dop_operator_v3 to 2024-12-04 17:17:00+00:00, run_after=2024-12-04 17:18:00+00:00
[2024-12-04T17:18:25.766+0000] {processor.py:208} INFO - Processing /home/airflow/.local/lib/python3.12/site-packages/airflow/example_dags/example_branch_python_dop_operator_3.py took 0.075 seconds
[2024-12-04T17:18:56.723+0000] {processor.py:186} INFO - Started process (PID=896) to work on /home/airflow/.local/lib/python3.12/site-packages/airflow/example_dags/example_branch_python_dop_operator_3.py
[2024-12-04T17:18:56.724+0000] {processor.py:914} INFO - Processing file /home/airflow/.local/lib/python3.12/site-packages/airflow/example_dags/example_branch_python_dop_operator_3.py for tasks to queue
[2024-12-04T17:18:56.727+0000] {logging_mixin.py:190} INFO - [2024-12-04T17:18:56.727+0000] {dagbag.py:588} INFO - Filling up the DagBag from /home/airflow/.local/lib/python3.12/site-packages/airflow/example_dags/example_branch_python_dop_operator_3.py
[2024-12-04T17:18:56.739+0000] {processor.py:925} INFO - DAG(s) 'example_branch_dop_operator_v3' retrieved from /home/airflow/.local/lib/python3.12/site-packages/airflow/example_dags/example_branch_python_dop_operator_3.py
[2024-12-04T17:18:56.759+0000] {logging_mixin.py:190} INFO - [2024-12-04T17:18:56.759+0000] {dag.py:3239} INFO - Sync 1 DAGs
[2024-12-04T17:18:56.777+0000] {logging_mixin.py:190} INFO - [2024-12-04T17:18:56.776+0000] {dag.py:4180} INFO - Setting next_dagrun for example_branch_dop_operator_v3 to 2024-12-04 17:17:00+00:00, run_after=2024-12-04 17:18:00+00:00
[2024-12-04T17:18:56.795+0000] {processor.py:208} INFO - Processing /home/airflow/.local/lib/python3.12/site-packages/airflow/example_dags/example_branch_python_dop_operator_3.py took 0.078 seconds
[2024-12-04T17:19:27.161+0000] {processor.py:186} INFO - Started process (PID=959) to work on /home/airflow/.local/lib/python3.12/site-packages/airflow/example_dags/example_branch_python_dop_operator_3.py
[2024-12-04T17:19:27.164+0000] {processor.py:914} INFO - Processing file /home/airflow/.local/lib/python3.12/site-packages/airflow/example_dags/example_branch_python_dop_operator_3.py for tasks to queue
[2024-12-04T17:19:27.166+0000] {logging_mixin.py:190} INFO - [2024-12-04T17:19:27.166+0000] {dagbag.py:588} INFO - Filling up the DagBag from /home/airflow/.local/lib/python3.12/site-packages/airflow/example_dags/example_branch_python_dop_operator_3.py
[2024-12-04T17:19:27.175+0000] {processor.py:925} INFO - DAG(s) 'example_branch_dop_operator_v3' retrieved from /home/airflow/.local/lib/python3.12/site-packages/airflow/example_dags/example_branch_python_dop_operator_3.py
[2024-12-04T17:19:27.190+0000] {logging_mixin.py:190} INFO - [2024-12-04T17:19:27.189+0000] {dag.py:3239} INFO - Sync 1 DAGs
[2024-12-04T17:19:27.208+0000] {logging_mixin.py:190} INFO - [2024-12-04T17:19:27.207+0000] {dag.py:4180} INFO - Setting next_dagrun for example_branch_dop_operator_v3 to 2024-12-04 17:18:00+00:00, run_after=2024-12-04 17:19:00+00:00
[2024-12-04T17:19:27.218+0000] {processor.py:208} INFO - Processing /home/airflow/.local/lib/python3.12/site-packages/airflow/example_dags/example_branch_python_dop_operator_3.py took 0.066 seconds
[2024-12-04T17:19:57.500+0000] {processor.py:186} INFO - Started process (PID=1022) to work on /home/airflow/.local/lib/python3.12/site-packages/airflow/example_dags/example_branch_python_dop_operator_3.py
[2024-12-04T17:19:57.501+0000] {processor.py:914} INFO - Processing file /home/airflow/.local/lib/python3.12/site-packages/airflow/example_dags/example_branch_python_dop_operator_3.py for tasks to queue
[2024-12-04T17:19:57.503+0000] {logging_mixin.py:190} INFO - [2024-12-04T17:19:57.502+0000] {dagbag.py:588} INFO - Filling up the DagBag from /home/airflow/.local/lib/python3.12/site-packages/airflow/example_dags/example_branch_python_dop_operator_3.py
[2024-12-04T17:19:57.513+0000] {processor.py:925} INFO - DAG(s) 'example_branch_dop_operator_v3' retrieved from /home/airflow/.local/lib/python3.12/site-packages/airflow/example_dags/example_branch_python_dop_operator_3.py
[2024-12-04T17:19:57.527+0000] {logging_mixin.py:190} INFO - [2024-12-04T17:19:57.527+0000] {dag.py:3239} INFO - Sync 1 DAGs
[2024-12-04T17:19:57.545+0000] {logging_mixin.py:190} INFO - [2024-12-04T17:19:57.545+0000] {dag.py:4180} INFO - Setting next_dagrun for example_branch_dop_operator_v3 to 2024-12-04 17:18:00+00:00, run_after=2024-12-04 17:19:00+00:00
[2024-12-04T17:19:57.556+0000] {processor.py:208} INFO - Processing /home/airflow/.local/lib/python3.12/site-packages/airflow/example_dags/example_branch_python_dop_operator_3.py took 0.061 seconds
[2024-12-04T17:20:27.898+0000] {processor.py:186} INFO - Started process (PID=1085) to work on /home/airflow/.local/lib/python3.12/site-packages/airflow/example_dags/example_branch_python_dop_operator_3.py
[2024-12-04T17:20:27.902+0000] {processor.py:914} INFO - Processing file /home/airflow/.local/lib/python3.12/site-packages/airflow/example_dags/example_branch_python_dop_operator_3.py for tasks to queue
[2024-12-04T17:20:27.904+0000] {logging_mixin.py:190} INFO - [2024-12-04T17:20:27.904+0000] {dagbag.py:588} INFO - Filling up the DagBag from /home/airflow/.local/lib/python3.12/site-packages/airflow/example_dags/example_branch_python_dop_operator_3.py
[2024-12-04T17:20:27.915+0000] {processor.py:925} INFO - DAG(s) 'example_branch_dop_operator_v3' retrieved from /home/airflow/.local/lib/python3.12/site-packages/airflow/example_dags/example_branch_python_dop_operator_3.py
[2024-12-04T17:20:27.930+0000] {logging_mixin.py:190} INFO - [2024-12-04T17:20:27.930+0000] {dag.py:3239} INFO - Sync 1 DAGs
[2024-12-04T17:20:27.947+0000] {logging_mixin.py:190} INFO - [2024-12-04T17:20:27.947+0000] {dag.py:4180} INFO - Setting next_dagrun for example_branch_dop_operator_v3 to 2024-12-04 17:19:00+00:00, run_after=2024-12-04 17:20:00+00:00
[2024-12-04T17:20:27.957+0000] {processor.py:208} INFO - Processing /home/airflow/.local/lib/python3.12/site-packages/airflow/example_dags/example_branch_python_dop_operator_3.py took 0.065 seconds
[2024-12-04T17:20:58.112+0000] {processor.py:186} INFO - Started process (PID=1148) to work on /home/airflow/.local/lib/python3.12/site-packages/airflow/example_dags/example_branch_python_dop_operator_3.py
[2024-12-04T17:20:58.114+0000] {processor.py:914} INFO - Processing file /home/airflow/.local/lib/python3.12/site-packages/airflow/example_dags/example_branch_python_dop_operator_3.py for tasks to queue
[2024-12-04T17:20:58.120+0000] {logging_mixin.py:190} INFO - [2024-12-04T17:20:58.120+0000] {dagbag.py:588} INFO - Filling up the DagBag from /home/airflow/.local/lib/python3.12/site-packages/airflow/example_dags/example_branch_python_dop_operator_3.py
[2024-12-04T17:20:58.132+0000] {processor.py:925} INFO - DAG(s) 'example_branch_dop_operator_v3' retrieved from /home/airflow/.local/lib/python3.12/site-packages/airflow/example_dags/example_branch_python_dop_operator_3.py
[2024-12-04T17:20:58.148+0000] {logging_mixin.py:190} INFO - [2024-12-04T17:20:58.148+0000] {dag.py:3239} INFO - Sync 1 DAGs
[2024-12-04T17:20:58.169+0000] {logging_mixin.py:190} INFO - [2024-12-04T17:20:58.169+0000] {dag.py:4180} INFO - Setting next_dagrun for example_branch_dop_operator_v3 to 2024-12-04 17:19:00+00:00, run_after=2024-12-04 17:20:00+00:00
[2024-12-04T17:20:58.182+0000] {processor.py:208} INFO - Processing /home/airflow/.local/lib/python3.12/site-packages/airflow/example_dags/example_branch_python_dop_operator_3.py took 0.079 seconds
[2024-12-04T17:21:29.020+0000] {processor.py:186} INFO - Started process (PID=1211) to work on /home/airflow/.local/lib/python3.12/site-packages/airflow/example_dags/example_branch_python_dop_operator_3.py
[2024-12-04T17:21:29.023+0000] {processor.py:914} INFO - Processing file /home/airflow/.local/lib/python3.12/site-packages/airflow/example_dags/example_branch_python_dop_operator_3.py for tasks to queue
[2024-12-04T17:21:29.026+0000] {logging_mixin.py:190} INFO - [2024-12-04T17:21:29.026+0000] {dagbag.py:588} INFO - Filling up the DagBag from /home/airflow/.local/lib/python3.12/site-packages/airflow/example_dags/example_branch_python_dop_operator_3.py
[2024-12-04T17:21:29.037+0000] {processor.py:925} INFO - DAG(s) 'example_branch_dop_operator_v3' retrieved from /home/airflow/.local/lib/python3.12/site-packages/airflow/example_dags/example_branch_python_dop_operator_3.py
[2024-12-04T17:21:29.054+0000] {logging_mixin.py:190} INFO - [2024-12-04T17:21:29.053+0000] {dag.py:3239} INFO - Sync 1 DAGs
[2024-12-04T17:21:29.098+0000] {logging_mixin.py:190} INFO - [2024-12-04T17:21:29.098+0000] {dag.py:4180} INFO - Setting next_dagrun for example_branch_dop_operator_v3 to 2024-12-04 17:20:00+00:00, run_after=2024-12-04 17:21:00+00:00
[2024-12-04T17:21:29.113+0000] {processor.py:208} INFO - Processing /home/airflow/.local/lib/python3.12/site-packages/airflow/example_dags/example_branch_python_dop_operator_3.py took 0.099 seconds
[2024-12-04T17:22:00.192+0000] {processor.py:186} INFO - Started process (PID=1274) to work on /home/airflow/.local/lib/python3.12/site-packages/airflow/example_dags/example_branch_python_dop_operator_3.py
[2024-12-04T17:22:00.194+0000] {processor.py:914} INFO - Processing file /home/airflow/.local/lib/python3.12/site-packages/airflow/example_dags/example_branch_python_dop_operator_3.py for tasks to queue
[2024-12-04T17:22:00.212+0000] {logging_mixin.py:190} INFO - [2024-12-04T17:22:00.211+0000] {dagbag.py:588} INFO - Filling up the DagBag from /home/airflow/.local/lib/python3.12/site-packages/airflow/example_dags/example_branch_python_dop_operator_3.py
[2024-12-04T17:22:00.230+0000] {processor.py:925} INFO - DAG(s) 'example_branch_dop_operator_v3' retrieved from /home/airflow/.local/lib/python3.12/site-packages/airflow/example_dags/example_branch_python_dop_operator_3.py
[2024-12-04T17:22:00.265+0000] {logging_mixin.py:190} INFO - [2024-12-04T17:22:00.264+0000] {dag.py:3239} INFO - Sync 1 DAGs
[2024-12-04T17:22:00.301+0000] {logging_mixin.py:190} INFO - [2024-12-04T17:22:00.301+0000] {dag.py:4180} INFO - Setting next_dagrun for example_branch_dop_operator_v3 to 2024-12-04 17:21:00+00:00, run_after=2024-12-04 17:22:00+00:00
[2024-12-04T17:22:00.328+0000] {processor.py:208} INFO - Processing /home/airflow/.local/lib/python3.12/site-packages/airflow/example_dags/example_branch_python_dop_operator_3.py took 0.147 seconds
[2024-12-04T17:22:35.813+0000] {processor.py:186} INFO - Started process (PID=1337) to work on /home/airflow/.local/lib/python3.12/site-packages/airflow/example_dags/example_branch_python_dop_operator_3.py
[2024-12-04T17:22:35.832+0000] {processor.py:914} INFO - Processing file /home/airflow/.local/lib/python3.12/site-packages/airflow/example_dags/example_branch_python_dop_operator_3.py for tasks to queue
[2024-12-04T17:22:35.859+0000] {logging_mixin.py:190} INFO - [2024-12-04T17:22:35.854+0000] {dagbag.py:588} INFO - Filling up the DagBag from /home/airflow/.local/lib/python3.12/site-packages/airflow/example_dags/example_branch_python_dop_operator_3.py
[2024-12-04T17:22:35.965+0000] {processor.py:925} INFO - DAG(s) 'example_branch_dop_operator_v3' retrieved from /home/airflow/.local/lib/python3.12/site-packages/airflow/example_dags/example_branch_python_dop_operator_3.py
[2024-12-04T17:22:36.110+0000] {logging_mixin.py:190} INFO - [2024-12-04T17:22:36.107+0000] {dag.py:3239} INFO - Sync 1 DAGs
[2024-12-04T17:22:36.571+0000] {logging_mixin.py:190} INFO - [2024-12-04T17:22:36.567+0000] {dag.py:4180} INFO - Setting next_dagrun for example_branch_dop_operator_v3 to 2024-12-04 17:21:00+00:00, run_after=2024-12-04 17:22:00+00:00
[2024-12-04T17:22:36.782+0000] {processor.py:208} INFO - Processing /home/airflow/.local/lib/python3.12/site-packages/airflow/example_dags/example_branch_python_dop_operator_3.py took 1.050 seconds
[2024-12-04T17:23:17.813+0000] {processor.py:186} INFO - Started process (PID=1400) to work on /home/airflow/.local/lib/python3.12/site-packages/airflow/example_dags/example_branch_python_dop_operator_3.py
[2024-12-04T17:23:17.817+0000] {processor.py:914} INFO - Processing file /home/airflow/.local/lib/python3.12/site-packages/airflow/example_dags/example_branch_python_dop_operator_3.py for tasks to queue
[2024-12-04T17:23:17.819+0000] {logging_mixin.py:190} INFO - [2024-12-04T17:23:17.819+0000] {dagbag.py:588} INFO - Filling up the DagBag from /home/airflow/.local/lib/python3.12/site-packages/airflow/example_dags/example_branch_python_dop_operator_3.py
[2024-12-04T17:23:17.828+0000] {processor.py:925} INFO - DAG(s) 'example_branch_dop_operator_v3' retrieved from /home/airflow/.local/lib/python3.12/site-packages/airflow/example_dags/example_branch_python_dop_operator_3.py
[2024-12-04T17:23:17.842+0000] {logging_mixin.py:190} INFO - [2024-12-04T17:23:17.841+0000] {dag.py:3239} INFO - Sync 1 DAGs
[2024-12-04T17:23:17.907+0000] {logging_mixin.py:190} INFO - [2024-12-04T17:23:17.906+0000] {dag.py:4180} INFO - Setting next_dagrun for example_branch_dop_operator_v3 to 2024-12-04 17:22:00+00:00, run_after=2024-12-04 17:23:00+00:00
[2024-12-04T17:23:17.925+0000] {processor.py:208} INFO - Processing /home/airflow/.local/lib/python3.12/site-packages/airflow/example_dags/example_branch_python_dop_operator_3.py took 0.115 seconds
[2024-12-04T17:23:48.708+0000] {processor.py:186} INFO - Started process (PID=1463) to work on /home/airflow/.local/lib/python3.12/site-packages/airflow/example_dags/example_branch_python_dop_operator_3.py
[2024-12-04T17:23:48.713+0000] {processor.py:914} INFO - Processing file /home/airflow/.local/lib/python3.12/site-packages/airflow/example_dags/example_branch_python_dop_operator_3.py for tasks to queue
[2024-12-04T17:23:48.716+0000] {logging_mixin.py:190} INFO - [2024-12-04T17:23:48.716+0000] {dagbag.py:588} INFO - Filling up the DagBag from /home/airflow/.local/lib/python3.12/site-packages/airflow/example_dags/example_branch_python_dop_operator_3.py
[2024-12-04T17:23:48.759+0000] {processor.py:925} INFO - DAG(s) 'example_branch_dop_operator_v3' retrieved from /home/airflow/.local/lib/python3.12/site-packages/airflow/example_dags/example_branch_python_dop_operator_3.py
[2024-12-04T17:23:48.862+0000] {logging_mixin.py:190} INFO - [2024-12-04T17:23:48.861+0000] {dag.py:3239} INFO - Sync 1 DAGs
[2024-12-04T17:23:48.977+0000] {logging_mixin.py:190} INFO - [2024-12-04T17:23:48.976+0000] {dag.py:4180} INFO - Setting next_dagrun for example_branch_dop_operator_v3 to 2024-12-04 17:22:00+00:00, run_after=2024-12-04 17:23:00+00:00
[2024-12-04T17:23:49.045+0000] {processor.py:208} INFO - Processing /home/airflow/.local/lib/python3.12/site-packages/airflow/example_dags/example_branch_python_dop_operator_3.py took 0.354 seconds
[2024-12-04T17:24:19.746+0000] {processor.py:186} INFO - Started process (PID=1526) to work on /home/airflow/.local/lib/python3.12/site-packages/airflow/example_dags/example_branch_python_dop_operator_3.py
[2024-12-04T17:24:19.747+0000] {processor.py:914} INFO - Processing file /home/airflow/.local/lib/python3.12/site-packages/airflow/example_dags/example_branch_python_dop_operator_3.py for tasks to queue
[2024-12-04T17:24:19.750+0000] {logging_mixin.py:190} INFO - [2024-12-04T17:24:19.750+0000] {dagbag.py:588} INFO - Filling up the DagBag from /home/airflow/.local/lib/python3.12/site-packages/airflow/example_dags/example_branch_python_dop_operator_3.py
[2024-12-04T17:24:19.768+0000] {processor.py:925} INFO - DAG(s) 'example_branch_dop_operator_v3' retrieved from /home/airflow/.local/lib/python3.12/site-packages/airflow/example_dags/example_branch_python_dop_operator_3.py
[2024-12-04T17:24:19.804+0000] {logging_mixin.py:190} INFO - [2024-12-04T17:24:19.804+0000] {dag.py:3239} INFO - Sync 1 DAGs
[2024-12-04T17:24:19.841+0000] {logging_mixin.py:190} INFO - [2024-12-04T17:24:19.841+0000] {dag.py:4180} INFO - Setting next_dagrun for example_branch_dop_operator_v3 to 2024-12-04 17:23:00+00:00, run_after=2024-12-04 17:24:00+00:00
[2024-12-04T17:24:19.859+0000] {processor.py:208} INFO - Processing /home/airflow/.local/lib/python3.12/site-packages/airflow/example_dags/example_branch_python_dop_operator_3.py took 0.120 seconds
[2024-12-04T17:24:50.378+0000] {processor.py:186} INFO - Started process (PID=1588) to work on /home/airflow/.local/lib/python3.12/site-packages/airflow/example_dags/example_branch_python_dop_operator_3.py
[2024-12-04T17:24:50.381+0000] {processor.py:914} INFO - Processing file /home/airflow/.local/lib/python3.12/site-packages/airflow/example_dags/example_branch_python_dop_operator_3.py for tasks to queue
[2024-12-04T17:24:50.382+0000] {logging_mixin.py:190} INFO - [2024-12-04T17:24:50.382+0000] {dagbag.py:588} INFO - Filling up the DagBag from /home/airflow/.local/lib/python3.12/site-packages/airflow/example_dags/example_branch_python_dop_operator_3.py
[2024-12-04T17:24:50.390+0000] {processor.py:925} INFO - DAG(s) 'example_branch_dop_operator_v3' retrieved from /home/airflow/.local/lib/python3.12/site-packages/airflow/example_dags/example_branch_python_dop_operator_3.py
[2024-12-04T17:24:50.405+0000] {logging_mixin.py:190} INFO - [2024-12-04T17:24:50.405+0000] {dag.py:3239} INFO - Sync 1 DAGs
[2024-12-04T17:24:50.421+0000] {logging_mixin.py:190} INFO - [2024-12-04T17:24:50.421+0000] {dag.py:4180} INFO - Setting next_dagrun for example_branch_dop_operator_v3 to 2024-12-04 17:23:00+00:00, run_after=2024-12-04 17:24:00+00:00
[2024-12-04T17:24:50.431+0000] {processor.py:208} INFO - Processing /home/airflow/.local/lib/python3.12/site-packages/airflow/example_dags/example_branch_python_dop_operator_3.py took 0.056 seconds
[2024-12-04T17:25:20.707+0000] {processor.py:186} INFO - Started process (PID=1651) to work on /home/airflow/.local/lib/python3.12/site-packages/airflow/example_dags/example_branch_python_dop_operator_3.py
[2024-12-04T17:25:20.708+0000] {processor.py:914} INFO - Processing file /home/airflow/.local/lib/python3.12/site-packages/airflow/example_dags/example_branch_python_dop_operator_3.py for tasks to queue
[2024-12-04T17:25:20.710+0000] {logging_mixin.py:190} INFO - [2024-12-04T17:25:20.710+0000] {dagbag.py:588} INFO - Filling up the DagBag from /home/airflow/.local/lib/python3.12/site-packages/airflow/example_dags/example_branch_python_dop_operator_3.py
[2024-12-04T17:25:20.719+0000] {processor.py:925} INFO - DAG(s) 'example_branch_dop_operator_v3' retrieved from /home/airflow/.local/lib/python3.12/site-packages/airflow/example_dags/example_branch_python_dop_operator_3.py
[2024-12-04T17:25:20.742+0000] {logging_mixin.py:190} INFO - [2024-12-04T17:25:20.741+0000] {dag.py:3239} INFO - Sync 1 DAGs
[2024-12-04T17:25:20.758+0000] {logging_mixin.py:190} INFO - [2024-12-04T17:25:20.758+0000] {dag.py:4180} INFO - Setting next_dagrun for example_branch_dop_operator_v3 to 2024-12-04 17:24:00+00:00, run_after=2024-12-04 17:25:00+00:00
[2024-12-04T17:25:20.769+0000] {processor.py:208} INFO - Processing /home/airflow/.local/lib/python3.12/site-packages/airflow/example_dags/example_branch_python_dop_operator_3.py took 0.069 seconds
[2024-12-04T17:25:51.116+0000] {processor.py:186} INFO - Started process (PID=1714) to work on /home/airflow/.local/lib/python3.12/site-packages/airflow/example_dags/example_branch_python_dop_operator_3.py
[2024-12-04T17:25:51.120+0000] {processor.py:914} INFO - Processing file /home/airflow/.local/lib/python3.12/site-packages/airflow/example_dags/example_branch_python_dop_operator_3.py for tasks to queue
[2024-12-04T17:25:51.122+0000] {logging_mixin.py:190} INFO - [2024-12-04T17:25:51.122+0000] {dagbag.py:588} INFO - Filling up the DagBag from /home/airflow/.local/lib/python3.12/site-packages/airflow/example_dags/example_branch_python_dop_operator_3.py
[2024-12-04T17:25:51.129+0000] {processor.py:925} INFO - DAG(s) 'example_branch_dop_operator_v3' retrieved from /home/airflow/.local/lib/python3.12/site-packages/airflow/example_dags/example_branch_python_dop_operator_3.py
[2024-12-04T17:25:51.149+0000] {logging_mixin.py:190} INFO - [2024-12-04T17:25:51.149+0000] {dag.py:3239} INFO - Sync 1 DAGs
[2024-12-04T17:25:51.166+0000] {logging_mixin.py:190} INFO - [2024-12-04T17:25:51.165+0000] {dag.py:4180} INFO - Setting next_dagrun for example_branch_dop_operator_v3 to 2024-12-04 17:24:00+00:00, run_after=2024-12-04 17:25:00+00:00
[2024-12-04T17:25:51.180+0000] {processor.py:208} INFO - Processing /home/airflow/.local/lib/python3.12/site-packages/airflow/example_dags/example_branch_python_dop_operator_3.py took 0.067 seconds
[2024-12-04T17:26:23.456+0000] {processor.py:186} INFO - Started process (PID=1777) to work on /home/airflow/.local/lib/python3.12/site-packages/airflow/example_dags/example_branch_python_dop_operator_3.py
[2024-12-04T17:26:23.459+0000] {processor.py:914} INFO - Processing file /home/airflow/.local/lib/python3.12/site-packages/airflow/example_dags/example_branch_python_dop_operator_3.py for tasks to queue
[2024-12-04T17:26:23.468+0000] {logging_mixin.py:190} INFO - [2024-12-04T17:26:23.467+0000] {dagbag.py:588} INFO - Filling up the DagBag from /home/airflow/.local/lib/python3.12/site-packages/airflow/example_dags/example_branch_python_dop_operator_3.py
[2024-12-04T17:26:23.498+0000] {processor.py:925} INFO - DAG(s) 'example_branch_dop_operator_v3' retrieved from /home/airflow/.local/lib/python3.12/site-packages/airflow/example_dags/example_branch_python_dop_operator_3.py
[2024-12-04T17:26:23.543+0000] {logging_mixin.py:190} INFO - [2024-12-04T17:26:23.542+0000] {dag.py:3239} INFO - Sync 1 DAGs
[2024-12-04T17:26:23.572+0000] {logging_mixin.py:190} INFO - [2024-12-04T17:26:23.572+0000] {dag.py:4180} INFO - Setting next_dagrun for example_branch_dop_operator_v3 to 2024-12-04 17:25:00+00:00, run_after=2024-12-04 17:26:00+00:00
[2024-12-04T17:26:23.586+0000] {processor.py:208} INFO - Processing /home/airflow/.local/lib/python3.12/site-packages/airflow/example_dags/example_branch_python_dop_operator_3.py took 0.151 seconds
[2024-12-04T17:26:55.054+0000] {processor.py:186} INFO - Started process (PID=1832) to work on /home/airflow/.local/lib/python3.12/site-packages/airflow/example_dags/example_branch_python_dop_operator_3.py
[2024-12-04T17:26:55.060+0000] {processor.py:914} INFO - Processing file /home/airflow/.local/lib/python3.12/site-packages/airflow/example_dags/example_branch_python_dop_operator_3.py for tasks to queue
[2024-12-04T17:26:55.067+0000] {logging_mixin.py:190} INFO - [2024-12-04T17:26:55.066+0000] {dagbag.py:588} INFO - Filling up the DagBag from /home/airflow/.local/lib/python3.12/site-packages/airflow/example_dags/example_branch_python_dop_operator_3.py
[2024-12-04T17:26:55.109+0000] {processor.py:925} INFO - DAG(s) 'example_branch_dop_operator_v3' retrieved from /home/airflow/.local/lib/python3.12/site-packages/airflow/example_dags/example_branch_python_dop_operator_3.py
[2024-12-04T17:26:55.180+0000] {logging_mixin.py:190} INFO - [2024-12-04T17:26:55.179+0000] {dag.py:3239} INFO - Sync 1 DAGs
[2024-12-04T17:26:55.297+0000] {logging_mixin.py:190} INFO - [2024-12-04T17:26:55.294+0000] {dag.py:4180} INFO - Setting next_dagrun for example_branch_dop_operator_v3 to 2024-12-04 17:25:00+00:00, run_after=2024-12-04 17:26:00+00:00
[2024-12-04T17:26:55.370+0000] {processor.py:208} INFO - Processing /home/airflow/.local/lib/python3.12/site-packages/airflow/example_dags/example_branch_python_dop_operator_3.py took 0.357 seconds
[2024-12-04T17:27:25.998+0000] {processor.py:186} INFO - Started process (PID=1895) to work on /home/airflow/.local/lib/python3.12/site-packages/airflow/example_dags/example_branch_python_dop_operator_3.py
[2024-12-04T17:27:26.000+0000] {processor.py:914} INFO - Processing file /home/airflow/.local/lib/python3.12/site-packages/airflow/example_dags/example_branch_python_dop_operator_3.py for tasks to queue
[2024-12-04T17:27:26.013+0000] {logging_mixin.py:190} INFO - [2024-12-04T17:27:26.011+0000] {dagbag.py:588} INFO - Filling up the DagBag from /home/airflow/.local/lib/python3.12/site-packages/airflow/example_dags/example_branch_python_dop_operator_3.py
[2024-12-04T17:27:26.040+0000] {processor.py:925} INFO - DAG(s) 'example_branch_dop_operator_v3' retrieved from /home/airflow/.local/lib/python3.12/site-packages/airflow/example_dags/example_branch_python_dop_operator_3.py
[2024-12-04T17:27:26.106+0000] {logging_mixin.py:190} INFO - [2024-12-04T17:27:26.106+0000] {dag.py:3239} INFO - Sync 1 DAGs
[2024-12-04T17:27:26.166+0000] {logging_mixin.py:190} INFO - [2024-12-04T17:27:26.166+0000] {dag.py:4180} INFO - Setting next_dagrun for example_branch_dop_operator_v3 to 2024-12-04 17:26:00+00:00, run_after=2024-12-04 17:27:00+00:00
[2024-12-04T17:27:26.221+0000] {processor.py:208} INFO - Processing /home/airflow/.local/lib/python3.12/site-packages/airflow/example_dags/example_branch_python_dop_operator_3.py took 0.235 seconds
[2024-12-04T17:27:56.716+0000] {processor.py:186} INFO - Started process (PID=1957) to work on /home/airflow/.local/lib/python3.12/site-packages/airflow/example_dags/example_branch_python_dop_operator_3.py
[2024-12-04T17:27:56.719+0000] {processor.py:914} INFO - Processing file /home/airflow/.local/lib/python3.12/site-packages/airflow/example_dags/example_branch_python_dop_operator_3.py for tasks to queue
[2024-12-04T17:27:56.741+0000] {logging_mixin.py:190} INFO - [2024-12-04T17:27:56.739+0000] {dagbag.py:588} INFO - Filling up the DagBag from /home/airflow/.local/lib/python3.12/site-packages/airflow/example_dags/example_branch_python_dop_operator_3.py
[2024-12-04T17:27:56.794+0000] {processor.py:925} INFO - DAG(s) 'example_branch_dop_operator_v3' retrieved from /home/airflow/.local/lib/python3.12/site-packages/airflow/example_dags/example_branch_python_dop_operator_3.py
[2024-12-04T17:27:56.891+0000] {logging_mixin.py:190} INFO - [2024-12-04T17:27:56.890+0000] {dag.py:3239} INFO - Sync 1 DAGs
[2024-12-04T17:27:57.004+0000] {logging_mixin.py:190} INFO - [2024-12-04T17:27:57.003+0000] {dag.py:4180} INFO - Setting next_dagrun for example_branch_dop_operator_v3 to 2024-12-04 17:26:00+00:00, run_after=2024-12-04 17:27:00+00:00
[2024-12-04T17:27:57.075+0000] {processor.py:208} INFO - Processing /home/airflow/.local/lib/python3.12/site-packages/airflow/example_dags/example_branch_python_dop_operator_3.py took 0.387 seconds
[2024-12-04T17:28:28.099+0000] {processor.py:186} INFO - Started process (PID=2026) to work on /home/airflow/.local/lib/python3.12/site-packages/airflow/example_dags/example_branch_python_dop_operator_3.py
[2024-12-04T17:28:28.102+0000] {processor.py:914} INFO - Processing file /home/airflow/.local/lib/python3.12/site-packages/airflow/example_dags/example_branch_python_dop_operator_3.py for tasks to queue
[2024-12-04T17:28:28.108+0000] {logging_mixin.py:190} INFO - [2024-12-04T17:28:28.107+0000] {dagbag.py:588} INFO - Filling up the DagBag from /home/airflow/.local/lib/python3.12/site-packages/airflow/example_dags/example_branch_python_dop_operator_3.py
[2024-12-04T17:28:28.154+0000] {processor.py:925} INFO - DAG(s) 'example_branch_dop_operator_v3' retrieved from /home/airflow/.local/lib/python3.12/site-packages/airflow/example_dags/example_branch_python_dop_operator_3.py
[2024-12-04T17:28:28.226+0000] {logging_mixin.py:190} INFO - [2024-12-04T17:28:28.226+0000] {dag.py:3239} INFO - Sync 1 DAGs
[2024-12-04T17:28:28.280+0000] {logging_mixin.py:190} INFO - [2024-12-04T17:28:28.279+0000] {dag.py:4180} INFO - Setting next_dagrun for example_branch_dop_operator_v3 to 2024-12-04 17:27:00+00:00, run_after=2024-12-04 17:28:00+00:00
[2024-12-04T17:28:28.320+0000] {processor.py:208} INFO - Processing /home/airflow/.local/lib/python3.12/site-packages/airflow/example_dags/example_branch_python_dop_operator_3.py took 0.282 seconds
[2024-12-04T17:29:00.006+0000] {processor.py:186} INFO - Started process (PID=2089) to work on /home/airflow/.local/lib/python3.12/site-packages/airflow/example_dags/example_branch_python_dop_operator_3.py
[2024-12-04T17:29:00.007+0000] {processor.py:914} INFO - Processing file /home/airflow/.local/lib/python3.12/site-packages/airflow/example_dags/example_branch_python_dop_operator_3.py for tasks to queue
[2024-12-04T17:29:00.021+0000] {logging_mixin.py:190} INFO - [2024-12-04T17:29:00.020+0000] {dagbag.py:588} INFO - Filling up the DagBag from /home/airflow/.local/lib/python3.12/site-packages/airflow/example_dags/example_branch_python_dop_operator_3.py
[2024-12-04T17:29:00.082+0000] {processor.py:925} INFO - DAG(s) 'example_branch_dop_operator_v3' retrieved from /home/airflow/.local/lib/python3.12/site-packages/airflow/example_dags/example_branch_python_dop_operator_3.py
[2024-12-04T17:29:00.174+0000] {logging_mixin.py:190} INFO - [2024-12-04T17:29:00.174+0000] {dag.py:3239} INFO - Sync 1 DAGs
[2024-12-04T17:29:00.234+0000] {logging_mixin.py:190} INFO - [2024-12-04T17:29:00.234+0000] {dag.py:4180} INFO - Setting next_dagrun for example_branch_dop_operator_v3 to 2024-12-04 17:28:00+00:00, run_after=2024-12-04 17:29:00+00:00
[2024-12-04T17:29:00.264+0000] {processor.py:208} INFO - Processing /home/airflow/.local/lib/python3.12/site-packages/airflow/example_dags/example_branch_python_dop_operator_3.py took 0.270 seconds
[2024-12-04T17:29:31.235+0000] {processor.py:186} INFO - Started process (PID=2151) to work on /home/airflow/.local/lib/python3.12/site-packages/airflow/example_dags/example_branch_python_dop_operator_3.py
[2024-12-04T17:29:31.240+0000] {processor.py:914} INFO - Processing file /home/airflow/.local/lib/python3.12/site-packages/airflow/example_dags/example_branch_python_dop_operator_3.py for tasks to queue
[2024-12-04T17:29:31.251+0000] {logging_mixin.py:190} INFO - [2024-12-04T17:29:31.249+0000] {dagbag.py:588} INFO - Filling up the DagBag from /home/airflow/.local/lib/python3.12/site-packages/airflow/example_dags/example_branch_python_dop_operator_3.py
[2024-12-04T17:29:31.279+0000] {processor.py:925} INFO - DAG(s) 'example_branch_dop_operator_v3' retrieved from /home/airflow/.local/lib/python3.12/site-packages/airflow/example_dags/example_branch_python_dop_operator_3.py
[2024-12-04T17:29:31.326+0000] {logging_mixin.py:190} INFO - [2024-12-04T17:29:31.326+0000] {dag.py:3239} INFO - Sync 1 DAGs
[2024-12-04T17:29:31.366+0000] {logging_mixin.py:190} INFO - [2024-12-04T17:29:31.366+0000] {dag.py:4180} INFO - Setting next_dagrun for example_branch_dop_operator_v3 to 2024-12-04 17:28:00+00:00, run_after=2024-12-04 17:29:00+00:00
[2024-12-04T17:29:31.395+0000] {processor.py:208} INFO - Processing /home/airflow/.local/lib/python3.12/site-packages/airflow/example_dags/example_branch_python_dop_operator_3.py took 0.181 seconds
[2024-12-04T17:30:02.356+0000] {processor.py:186} INFO - Started process (PID=2214) to work on /home/airflow/.local/lib/python3.12/site-packages/airflow/example_dags/example_branch_python_dop_operator_3.py
[2024-12-04T17:30:02.357+0000] {processor.py:914} INFO - Processing file /home/airflow/.local/lib/python3.12/site-packages/airflow/example_dags/example_branch_python_dop_operator_3.py for tasks to queue
[2024-12-04T17:30:02.359+0000] {logging_mixin.py:190} INFO - [2024-12-04T17:30:02.359+0000] {dagbag.py:588} INFO - Filling up the DagBag from /home/airflow/.local/lib/python3.12/site-packages/airflow/example_dags/example_branch_python_dop_operator_3.py
[2024-12-04T17:30:02.370+0000] {processor.py:925} INFO - DAG(s) 'example_branch_dop_operator_v3' retrieved from /home/airflow/.local/lib/python3.12/site-packages/airflow/example_dags/example_branch_python_dop_operator_3.py
[2024-12-04T17:30:02.393+0000] {logging_mixin.py:190} INFO - [2024-12-04T17:30:02.393+0000] {dag.py:3239} INFO - Sync 1 DAGs
[2024-12-04T17:30:02.413+0000] {logging_mixin.py:190} INFO - [2024-12-04T17:30:02.413+0000] {dag.py:4180} INFO - Setting next_dagrun for example_branch_dop_operator_v3 to 2024-12-04 17:29:00+00:00, run_after=2024-12-04 17:30:00+00:00
[2024-12-04T17:30:02.427+0000] {processor.py:208} INFO - Processing /home/airflow/.local/lib/python3.12/site-packages/airflow/example_dags/example_branch_python_dop_operator_3.py took 0.077 seconds
[2024-12-04T17:30:32.587+0000] {processor.py:186} INFO - Started process (PID=2277) to work on /home/airflow/.local/lib/python3.12/site-packages/airflow/example_dags/example_branch_python_dop_operator_3.py
[2024-12-04T17:30:32.591+0000] {processor.py:914} INFO - Processing file /home/airflow/.local/lib/python3.12/site-packages/airflow/example_dags/example_branch_python_dop_operator_3.py for tasks to queue
[2024-12-04T17:30:32.596+0000] {logging_mixin.py:190} INFO - [2024-12-04T17:30:32.596+0000] {dagbag.py:588} INFO - Filling up the DagBag from /home/airflow/.local/lib/python3.12/site-packages/airflow/example_dags/example_branch_python_dop_operator_3.py
[2024-12-04T17:30:32.615+0000] {processor.py:925} INFO - DAG(s) 'example_branch_dop_operator_v3' retrieved from /home/airflow/.local/lib/python3.12/site-packages/airflow/example_dags/example_branch_python_dop_operator_3.py
[2024-12-04T17:30:32.643+0000] {logging_mixin.py:190} INFO - [2024-12-04T17:30:32.642+0000] {dag.py:3239} INFO - Sync 1 DAGs
[2024-12-04T17:30:32.664+0000] {logging_mixin.py:190} INFO - [2024-12-04T17:30:32.664+0000] {dag.py:4180} INFO - Setting next_dagrun for example_branch_dop_operator_v3 to 2024-12-04 17:29:00+00:00, run_after=2024-12-04 17:30:00+00:00
[2024-12-04T17:30:32.681+0000] {processor.py:208} INFO - Processing /home/airflow/.local/lib/python3.12/site-packages/airflow/example_dags/example_branch_python_dop_operator_3.py took 0.106 seconds
[2024-12-04T17:31:03.081+0000] {processor.py:186} INFO - Started process (PID=2340) to work on /home/airflow/.local/lib/python3.12/site-packages/airflow/example_dags/example_branch_python_dop_operator_3.py
[2024-12-04T17:31:03.083+0000] {processor.py:914} INFO - Processing file /home/airflow/.local/lib/python3.12/site-packages/airflow/example_dags/example_branch_python_dop_operator_3.py for tasks to queue
[2024-12-04T17:31:03.087+0000] {logging_mixin.py:190} INFO - [2024-12-04T17:31:03.086+0000] {dagbag.py:588} INFO - Filling up the DagBag from /home/airflow/.local/lib/python3.12/site-packages/airflow/example_dags/example_branch_python_dop_operator_3.py
[2024-12-04T17:31:03.100+0000] {processor.py:925} INFO - DAG(s) 'example_branch_dop_operator_v3' retrieved from /home/airflow/.local/lib/python3.12/site-packages/airflow/example_dags/example_branch_python_dop_operator_3.py
[2024-12-04T17:31:03.123+0000] {logging_mixin.py:190} INFO - [2024-12-04T17:31:03.123+0000] {dag.py:3239} INFO - Sync 1 DAGs
[2024-12-04T17:31:03.141+0000] {logging_mixin.py:190} INFO - [2024-12-04T17:31:03.141+0000] {dag.py:4180} INFO - Setting next_dagrun for example_branch_dop_operator_v3 to 2024-12-04 17:30:00+00:00, run_after=2024-12-04 17:31:00+00:00
[2024-12-04T17:31:03.156+0000] {processor.py:208} INFO - Processing /home/airflow/.local/lib/python3.12/site-packages/airflow/example_dags/example_branch_python_dop_operator_3.py took 0.085 seconds
[2024-12-04T17:31:33.766+0000] {processor.py:186} INFO - Started process (PID=2403) to work on /home/airflow/.local/lib/python3.12/site-packages/airflow/example_dags/example_branch_python_dop_operator_3.py
[2024-12-04T17:31:33.767+0000] {processor.py:914} INFO - Processing file /home/airflow/.local/lib/python3.12/site-packages/airflow/example_dags/example_branch_python_dop_operator_3.py for tasks to queue
[2024-12-04T17:31:33.769+0000] {logging_mixin.py:190} INFO - [2024-12-04T17:31:33.769+0000] {dagbag.py:588} INFO - Filling up the DagBag from /home/airflow/.local/lib/python3.12/site-packages/airflow/example_dags/example_branch_python_dop_operator_3.py
[2024-12-04T17:31:33.781+0000] {processor.py:925} INFO - DAG(s) 'example_branch_dop_operator_v3' retrieved from /home/airflow/.local/lib/python3.12/site-packages/airflow/example_dags/example_branch_python_dop_operator_3.py
[2024-12-04T17:31:33.803+0000] {logging_mixin.py:190} INFO - [2024-12-04T17:31:33.803+0000] {dag.py:3239} INFO - Sync 1 DAGs
[2024-12-04T17:31:33.820+0000] {logging_mixin.py:190} INFO - [2024-12-04T17:31:33.820+0000] {dag.py:4180} INFO - Setting next_dagrun for example_branch_dop_operator_v3 to 2024-12-04 17:30:00+00:00, run_after=2024-12-04 17:31:00+00:00
[2024-12-04T17:31:33.831+0000] {processor.py:208} INFO - Processing /home/airflow/.local/lib/python3.12/site-packages/airflow/example_dags/example_branch_python_dop_operator_3.py took 0.073 seconds
[2024-12-04T17:32:03.953+0000] {processor.py:186} INFO - Started process (PID=2466) to work on /home/airflow/.local/lib/python3.12/site-packages/airflow/example_dags/example_branch_python_dop_operator_3.py
[2024-12-04T17:32:03.954+0000] {processor.py:914} INFO - Processing file /home/airflow/.local/lib/python3.12/site-packages/airflow/example_dags/example_branch_python_dop_operator_3.py for tasks to queue
[2024-12-04T17:32:03.957+0000] {logging_mixin.py:190} INFO - [2024-12-04T17:32:03.957+0000] {dagbag.py:588} INFO - Filling up the DagBag from /home/airflow/.local/lib/python3.12/site-packages/airflow/example_dags/example_branch_python_dop_operator_3.py
[2024-12-04T17:32:03.968+0000] {processor.py:925} INFO - DAG(s) 'example_branch_dop_operator_v3' retrieved from /home/airflow/.local/lib/python3.12/site-packages/airflow/example_dags/example_branch_python_dop_operator_3.py
[2024-12-04T17:32:03.987+0000] {logging_mixin.py:190} INFO - [2024-12-04T17:32:03.987+0000] {dag.py:3239} INFO - Sync 1 DAGs
[2024-12-04T17:32:04.003+0000] {logging_mixin.py:190} INFO - [2024-12-04T17:32:04.003+0000] {dag.py:4180} INFO - Setting next_dagrun for example_branch_dop_operator_v3 to 2024-12-04 17:31:00+00:00, run_after=2024-12-04 17:32:00+00:00
[2024-12-04T17:32:04.019+0000] {processor.py:208} INFO - Processing /home/airflow/.local/lib/python3.12/site-packages/airflow/example_dags/example_branch_python_dop_operator_3.py took 0.075 seconds
[2024-12-04T17:32:34.512+0000] {processor.py:186} INFO - Started process (PID=2529) to work on /home/airflow/.local/lib/python3.12/site-packages/airflow/example_dags/example_branch_python_dop_operator_3.py
[2024-12-04T17:32:34.513+0000] {processor.py:914} INFO - Processing file /home/airflow/.local/lib/python3.12/site-packages/airflow/example_dags/example_branch_python_dop_operator_3.py for tasks to queue
[2024-12-04T17:32:34.516+0000] {logging_mixin.py:190} INFO - [2024-12-04T17:32:34.516+0000] {dagbag.py:588} INFO - Filling up the DagBag from /home/airflow/.local/lib/python3.12/site-packages/airflow/example_dags/example_branch_python_dop_operator_3.py
[2024-12-04T17:32:34.529+0000] {processor.py:925} INFO - DAG(s) 'example_branch_dop_operator_v3' retrieved from /home/airflow/.local/lib/python3.12/site-packages/airflow/example_dags/example_branch_python_dop_operator_3.py
[2024-12-04T17:32:34.546+0000] {logging_mixin.py:190} INFO - [2024-12-04T17:32:34.546+0000] {dag.py:3239} INFO - Sync 1 DAGs
[2024-12-04T17:32:34.562+0000] {logging_mixin.py:190} INFO - [2024-12-04T17:32:34.562+0000] {dag.py:4180} INFO - Setting next_dagrun for example_branch_dop_operator_v3 to 2024-12-04 17:31:00+00:00, run_after=2024-12-04 17:32:00+00:00
[2024-12-04T17:32:34.576+0000] {processor.py:208} INFO - Processing /home/airflow/.local/lib/python3.12/site-packages/airflow/example_dags/example_branch_python_dop_operator_3.py took 0.072 seconds
