[2024-12-04T17:12:24.225+0000] {processor.py:186} INFO - Started process (PID=113) to work on /home/airflow/.local/lib/python3.12/site-packages/airflow/example_dags/example_latest_only.py
[2024-12-04T17:12:24.226+0000] {processor.py:914} INFO - Processing file /home/airflow/.local/lib/python3.12/site-packages/airflow/example_dags/example_latest_only.py for tasks to queue
[2024-12-04T17:12:24.227+0000] {logging_mixin.py:190} INFO - [2024-12-04T17:12:24.227+0000] {dagbag.py:588} INFO - Filling up the DagBag from /home/airflow/.local/lib/python3.12/site-packages/airflow/example_dags/example_latest_only.py
[2024-12-04T17:12:24.232+0000] {processor.py:925} INFO - DAG(s) 'latest_only' retrieved from /home/airflow/.local/lib/python3.12/site-packages/airflow/example_dags/example_latest_only.py
[2024-12-04T17:12:24.297+0000] {logging_mixin.py:190} INFO - [2024-12-04T17:12:24.297+0000] {override.py:1911} INFO - Created Permission View: can read on DAG:latest_only
[2024-12-04T17:12:24.302+0000] {logging_mixin.py:190} INFO - [2024-12-04T17:12:24.302+0000] {override.py:1911} INFO - Created Permission View: can delete on DAG:latest_only
[2024-12-04T17:12:24.305+0000] {logging_mixin.py:190} INFO - [2024-12-04T17:12:24.305+0000] {override.py:1911} INFO - Created Permission View: can edit on DAG:latest_only
[2024-12-04T17:12:24.308+0000] {logging_mixin.py:190} INFO - [2024-12-04T17:12:24.308+0000] {override.py:1911} INFO - Created Permission View: menu access on DAG Run:latest_only
[2024-12-04T17:12:24.311+0000] {logging_mixin.py:190} INFO - [2024-12-04T17:12:24.311+0000] {override.py:1911} INFO - Created Permission View: can delete on DAG Run:latest_only
[2024-12-04T17:12:24.314+0000] {logging_mixin.py:190} INFO - [2024-12-04T17:12:24.314+0000] {override.py:1911} INFO - Created Permission View: can read on DAG Run:latest_only
[2024-12-04T17:12:24.317+0000] {logging_mixin.py:190} INFO - [2024-12-04T17:12:24.317+0000] {override.py:1911} INFO - Created Permission View: can create on DAG Run:latest_only
[2024-12-04T17:12:24.317+0000] {logging_mixin.py:190} INFO - [2024-12-04T17:12:24.317+0000] {dag.py:3239} INFO - Sync 1 DAGs
[2024-12-04T17:12:24.324+0000] {logging_mixin.py:190} INFO - [2024-12-04T17:12:24.324+0000] {dag.py:3262} INFO - Creating ORM DAG for latest_only
[2024-12-04T17:12:24.337+0000] {logging_mixin.py:190} INFO - [2024-12-04T17:12:24.336+0000] {dag.py:4180} INFO - Setting next_dagrun for latest_only to 2024-12-04 12:00:00+00:00, run_after=2024-12-04 16:00:00+00:00
[2024-12-04T17:12:24.359+0000] {processor.py:208} INFO - Processing /home/airflow/.local/lib/python3.12/site-packages/airflow/example_dags/example_latest_only.py took 0.136 seconds
[2024-12-04T17:12:55.298+0000] {processor.py:186} INFO - Started process (PID=176) to work on /home/airflow/.local/lib/python3.12/site-packages/airflow/example_dags/example_latest_only.py
[2024-12-04T17:12:55.299+0000] {processor.py:914} INFO - Processing file /home/airflow/.local/lib/python3.12/site-packages/airflow/example_dags/example_latest_only.py for tasks to queue
[2024-12-04T17:12:55.301+0000] {logging_mixin.py:190} INFO - [2024-12-04T17:12:55.301+0000] {dagbag.py:588} INFO - Filling up the DagBag from /home/airflow/.local/lib/python3.12/site-packages/airflow/example_dags/example_latest_only.py
[2024-12-04T17:12:55.305+0000] {processor.py:925} INFO - DAG(s) 'latest_only' retrieved from /home/airflow/.local/lib/python3.12/site-packages/airflow/example_dags/example_latest_only.py
[2024-12-04T17:12:55.316+0000] {logging_mixin.py:190} INFO - [2024-12-04T17:12:55.315+0000] {dag.py:3239} INFO - Sync 1 DAGs
[2024-12-04T17:12:55.331+0000] {logging_mixin.py:190} INFO - [2024-12-04T17:12:55.331+0000] {dag.py:4180} INFO - Setting next_dagrun for latest_only to 2024-12-04 12:00:00+00:00, run_after=2024-12-04 16:00:00+00:00
[2024-12-04T17:12:55.342+0000] {processor.py:208} INFO - Processing /home/airflow/.local/lib/python3.12/site-packages/airflow/example_dags/example_latest_only.py took 0.046 seconds
[2024-12-04T17:13:25.767+0000] {processor.py:186} INFO - Started process (PID=239) to work on /home/airflow/.local/lib/python3.12/site-packages/airflow/example_dags/example_latest_only.py
[2024-12-04T17:13:25.769+0000] {processor.py:914} INFO - Processing file /home/airflow/.local/lib/python3.12/site-packages/airflow/example_dags/example_latest_only.py for tasks to queue
[2024-12-04T17:13:25.770+0000] {logging_mixin.py:190} INFO - [2024-12-04T17:13:25.770+0000] {dagbag.py:588} INFO - Filling up the DagBag from /home/airflow/.local/lib/python3.12/site-packages/airflow/example_dags/example_latest_only.py
[2024-12-04T17:13:25.775+0000] {processor.py:925} INFO - DAG(s) 'latest_only' retrieved from /home/airflow/.local/lib/python3.12/site-packages/airflow/example_dags/example_latest_only.py
[2024-12-04T17:13:25.795+0000] {logging_mixin.py:190} INFO - [2024-12-04T17:13:25.795+0000] {dag.py:3239} INFO - Sync 1 DAGs
[2024-12-04T17:13:25.810+0000] {logging_mixin.py:190} INFO - [2024-12-04T17:13:25.810+0000] {dag.py:4180} INFO - Setting next_dagrun for latest_only to 2024-12-04 12:00:00+00:00, run_after=2024-12-04 16:00:00+00:00
[2024-12-04T17:13:25.821+0000] {processor.py:208} INFO - Processing /home/airflow/.local/lib/python3.12/site-packages/airflow/example_dags/example_latest_only.py took 0.057 seconds
[2024-12-04T17:13:56.256+0000] {processor.py:186} INFO - Started process (PID=302) to work on /home/airflow/.local/lib/python3.12/site-packages/airflow/example_dags/example_latest_only.py
[2024-12-04T17:13:56.257+0000] {processor.py:914} INFO - Processing file /home/airflow/.local/lib/python3.12/site-packages/airflow/example_dags/example_latest_only.py for tasks to queue
[2024-12-04T17:13:56.258+0000] {logging_mixin.py:190} INFO - [2024-12-04T17:13:56.258+0000] {dagbag.py:588} INFO - Filling up the DagBag from /home/airflow/.local/lib/python3.12/site-packages/airflow/example_dags/example_latest_only.py
[2024-12-04T17:13:56.262+0000] {processor.py:925} INFO - DAG(s) 'latest_only' retrieved from /home/airflow/.local/lib/python3.12/site-packages/airflow/example_dags/example_latest_only.py
[2024-12-04T17:13:56.271+0000] {logging_mixin.py:190} INFO - [2024-12-04T17:13:56.271+0000] {dag.py:3239} INFO - Sync 1 DAGs
[2024-12-04T17:13:56.284+0000] {logging_mixin.py:190} INFO - [2024-12-04T17:13:56.283+0000] {dag.py:4180} INFO - Setting next_dagrun for latest_only to 2024-12-04 12:00:00+00:00, run_after=2024-12-04 16:00:00+00:00
[2024-12-04T17:13:56.294+0000] {processor.py:208} INFO - Processing /home/airflow/.local/lib/python3.12/site-packages/airflow/example_dags/example_latest_only.py took 0.040 seconds
[2024-12-04T17:14:27.804+0000] {processor.py:186} INFO - Started process (PID=365) to work on /home/airflow/.local/lib/python3.12/site-packages/airflow/example_dags/example_latest_only.py
[2024-12-04T17:14:27.804+0000] {processor.py:914} INFO - Processing file /home/airflow/.local/lib/python3.12/site-packages/airflow/example_dags/example_latest_only.py for tasks to queue
[2024-12-04T17:14:27.806+0000] {logging_mixin.py:190} INFO - [2024-12-04T17:14:27.806+0000] {dagbag.py:588} INFO - Filling up the DagBag from /home/airflow/.local/lib/python3.12/site-packages/airflow/example_dags/example_latest_only.py
[2024-12-04T17:14:27.813+0000] {processor.py:925} INFO - DAG(s) 'latest_only' retrieved from /home/airflow/.local/lib/python3.12/site-packages/airflow/example_dags/example_latest_only.py
[2024-12-04T17:14:27.834+0000] {logging_mixin.py:190} INFO - [2024-12-04T17:14:27.834+0000] {dag.py:3239} INFO - Sync 1 DAGs
[2024-12-04T17:14:27.854+0000] {logging_mixin.py:190} INFO - [2024-12-04T17:14:27.854+0000] {dag.py:4180} INFO - Setting next_dagrun for latest_only to 2024-12-04 12:00:00+00:00, run_after=2024-12-04 16:00:00+00:00
[2024-12-04T17:14:27.866+0000] {processor.py:208} INFO - Processing /home/airflow/.local/lib/python3.12/site-packages/airflow/example_dags/example_latest_only.py took 0.066 seconds
[2024-12-04T17:14:59.606+0000] {processor.py:186} INFO - Started process (PID=428) to work on /home/airflow/.local/lib/python3.12/site-packages/airflow/example_dags/example_latest_only.py
[2024-12-04T17:14:59.607+0000] {processor.py:914} INFO - Processing file /home/airflow/.local/lib/python3.12/site-packages/airflow/example_dags/example_latest_only.py for tasks to queue
[2024-12-04T17:14:59.609+0000] {logging_mixin.py:190} INFO - [2024-12-04T17:14:59.609+0000] {dagbag.py:588} INFO - Filling up the DagBag from /home/airflow/.local/lib/python3.12/site-packages/airflow/example_dags/example_latest_only.py
[2024-12-04T17:14:59.615+0000] {processor.py:925} INFO - DAG(s) 'latest_only' retrieved from /home/airflow/.local/lib/python3.12/site-packages/airflow/example_dags/example_latest_only.py
[2024-12-04T17:14:59.633+0000] {logging_mixin.py:190} INFO - [2024-12-04T17:14:59.632+0000] {dag.py:3239} INFO - Sync 1 DAGs
[2024-12-04T17:14:59.646+0000] {logging_mixin.py:190} INFO - [2024-12-04T17:14:59.646+0000] {dag.py:4180} INFO - Setting next_dagrun for latest_only to 2024-12-04 12:00:00+00:00, run_after=2024-12-04 16:00:00+00:00
[2024-12-04T17:14:59.658+0000] {processor.py:208} INFO - Processing /home/airflow/.local/lib/python3.12/site-packages/airflow/example_dags/example_latest_only.py took 0.057 seconds
[2024-12-04T17:15:30.284+0000] {processor.py:186} INFO - Started process (PID=491) to work on /home/airflow/.local/lib/python3.12/site-packages/airflow/example_dags/example_latest_only.py
[2024-12-04T17:15:30.285+0000] {processor.py:914} INFO - Processing file /home/airflow/.local/lib/python3.12/site-packages/airflow/example_dags/example_latest_only.py for tasks to queue
[2024-12-04T17:15:30.286+0000] {logging_mixin.py:190} INFO - [2024-12-04T17:15:30.286+0000] {dagbag.py:588} INFO - Filling up the DagBag from /home/airflow/.local/lib/python3.12/site-packages/airflow/example_dags/example_latest_only.py
[2024-12-04T17:15:30.291+0000] {processor.py:925} INFO - DAG(s) 'latest_only' retrieved from /home/airflow/.local/lib/python3.12/site-packages/airflow/example_dags/example_latest_only.py
[2024-12-04T17:15:30.304+0000] {logging_mixin.py:190} INFO - [2024-12-04T17:15:30.304+0000] {dag.py:3239} INFO - Sync 1 DAGs
[2024-12-04T17:15:30.323+0000] {logging_mixin.py:190} INFO - [2024-12-04T17:15:30.322+0000] {dag.py:4180} INFO - Setting next_dagrun for latest_only to 2024-12-04 12:00:00+00:00, run_after=2024-12-04 16:00:00+00:00
[2024-12-04T17:15:30.333+0000] {processor.py:208} INFO - Processing /home/airflow/.local/lib/python3.12/site-packages/airflow/example_dags/example_latest_only.py took 0.053 seconds
[2024-12-04T17:16:01.599+0000] {processor.py:186} INFO - Started process (PID=554) to work on /home/airflow/.local/lib/python3.12/site-packages/airflow/example_dags/example_latest_only.py
[2024-12-04T17:16:01.600+0000] {processor.py:914} INFO - Processing file /home/airflow/.local/lib/python3.12/site-packages/airflow/example_dags/example_latest_only.py for tasks to queue
[2024-12-04T17:16:01.601+0000] {logging_mixin.py:190} INFO - [2024-12-04T17:16:01.601+0000] {dagbag.py:588} INFO - Filling up the DagBag from /home/airflow/.local/lib/python3.12/site-packages/airflow/example_dags/example_latest_only.py
[2024-12-04T17:16:01.606+0000] {processor.py:925} INFO - DAG(s) 'latest_only' retrieved from /home/airflow/.local/lib/python3.12/site-packages/airflow/example_dags/example_latest_only.py
[2024-12-04T17:16:01.616+0000] {logging_mixin.py:190} INFO - [2024-12-04T17:16:01.616+0000] {dag.py:3239} INFO - Sync 1 DAGs
[2024-12-04T17:16:01.628+0000] {logging_mixin.py:190} INFO - [2024-12-04T17:16:01.628+0000] {dag.py:4180} INFO - Setting next_dagrun for latest_only to 2024-12-04 12:00:00+00:00, run_after=2024-12-04 16:00:00+00:00
[2024-12-04T17:16:01.638+0000] {processor.py:208} INFO - Processing /home/airflow/.local/lib/python3.12/site-packages/airflow/example_dags/example_latest_only.py took 0.042 seconds
[2024-12-04T17:16:32.929+0000] {processor.py:186} INFO - Started process (PID=617) to work on /home/airflow/.local/lib/python3.12/site-packages/airflow/example_dags/example_latest_only.py
[2024-12-04T17:16:32.930+0000] {processor.py:914} INFO - Processing file /home/airflow/.local/lib/python3.12/site-packages/airflow/example_dags/example_latest_only.py for tasks to queue
[2024-12-04T17:16:32.932+0000] {logging_mixin.py:190} INFO - [2024-12-04T17:16:32.932+0000] {dagbag.py:588} INFO - Filling up the DagBag from /home/airflow/.local/lib/python3.12/site-packages/airflow/example_dags/example_latest_only.py
[2024-12-04T17:16:32.936+0000] {processor.py:925} INFO - DAG(s) 'latest_only' retrieved from /home/airflow/.local/lib/python3.12/site-packages/airflow/example_dags/example_latest_only.py
[2024-12-04T17:16:32.948+0000] {logging_mixin.py:190} INFO - [2024-12-04T17:16:32.948+0000] {dag.py:3239} INFO - Sync 1 DAGs
[2024-12-04T17:16:32.963+0000] {logging_mixin.py:190} INFO - [2024-12-04T17:16:32.963+0000] {dag.py:4180} INFO - Setting next_dagrun for latest_only to 2024-12-04 12:00:00+00:00, run_after=2024-12-04 16:00:00+00:00
[2024-12-04T17:16:32.971+0000] {processor.py:208} INFO - Processing /home/airflow/.local/lib/python3.12/site-packages/airflow/example_dags/example_latest_only.py took 0.045 seconds
[2024-12-04T17:17:03.572+0000] {processor.py:186} INFO - Started process (PID=680) to work on /home/airflow/.local/lib/python3.12/site-packages/airflow/example_dags/example_latest_only.py
[2024-12-04T17:17:03.572+0000] {processor.py:914} INFO - Processing file /home/airflow/.local/lib/python3.12/site-packages/airflow/example_dags/example_latest_only.py for tasks to queue
[2024-12-04T17:17:03.573+0000] {logging_mixin.py:190} INFO - [2024-12-04T17:17:03.573+0000] {dagbag.py:588} INFO - Filling up the DagBag from /home/airflow/.local/lib/python3.12/site-packages/airflow/example_dags/example_latest_only.py
[2024-12-04T17:17:03.578+0000] {processor.py:925} INFO - DAG(s) 'latest_only' retrieved from /home/airflow/.local/lib/python3.12/site-packages/airflow/example_dags/example_latest_only.py
[2024-12-04T17:17:03.588+0000] {logging_mixin.py:190} INFO - [2024-12-04T17:17:03.588+0000] {dag.py:3239} INFO - Sync 1 DAGs
[2024-12-04T17:17:03.600+0000] {logging_mixin.py:190} INFO - [2024-12-04T17:17:03.599+0000] {dag.py:4180} INFO - Setting next_dagrun for latest_only to 2024-12-04 12:00:00+00:00, run_after=2024-12-04 16:00:00+00:00
[2024-12-04T17:17:03.608+0000] {processor.py:208} INFO - Processing /home/airflow/.local/lib/python3.12/site-packages/airflow/example_dags/example_latest_only.py took 0.039 seconds
[2024-12-04T17:17:35.381+0000] {processor.py:186} INFO - Started process (PID=743) to work on /home/airflow/.local/lib/python3.12/site-packages/airflow/example_dags/example_latest_only.py
[2024-12-04T17:17:35.382+0000] {processor.py:914} INFO - Processing file /home/airflow/.local/lib/python3.12/site-packages/airflow/example_dags/example_latest_only.py for tasks to queue
[2024-12-04T17:17:35.384+0000] {logging_mixin.py:190} INFO - [2024-12-04T17:17:35.383+0000] {dagbag.py:588} INFO - Filling up the DagBag from /home/airflow/.local/lib/python3.12/site-packages/airflow/example_dags/example_latest_only.py
[2024-12-04T17:17:35.388+0000] {processor.py:925} INFO - DAG(s) 'latest_only' retrieved from /home/airflow/.local/lib/python3.12/site-packages/airflow/example_dags/example_latest_only.py
[2024-12-04T17:17:35.400+0000] {logging_mixin.py:190} INFO - [2024-12-04T17:17:35.399+0000] {dag.py:3239} INFO - Sync 1 DAGs
[2024-12-04T17:17:35.414+0000] {logging_mixin.py:190} INFO - [2024-12-04T17:17:35.414+0000] {dag.py:4180} INFO - Setting next_dagrun for latest_only to 2024-12-04 12:00:00+00:00, run_after=2024-12-04 16:00:00+00:00
[2024-12-04T17:17:35.426+0000] {processor.py:208} INFO - Processing /home/airflow/.local/lib/python3.12/site-packages/airflow/example_dags/example_latest_only.py took 0.049 seconds
[2024-12-04T17:18:06.812+0000] {processor.py:186} INFO - Started process (PID=806) to work on /home/airflow/.local/lib/python3.12/site-packages/airflow/example_dags/example_latest_only.py
[2024-12-04T17:18:06.813+0000] {processor.py:914} INFO - Processing file /home/airflow/.local/lib/python3.12/site-packages/airflow/example_dags/example_latest_only.py for tasks to queue
[2024-12-04T17:18:06.814+0000] {logging_mixin.py:190} INFO - [2024-12-04T17:18:06.814+0000] {dagbag.py:588} INFO - Filling up the DagBag from /home/airflow/.local/lib/python3.12/site-packages/airflow/example_dags/example_latest_only.py
[2024-12-04T17:18:06.818+0000] {processor.py:925} INFO - DAG(s) 'latest_only' retrieved from /home/airflow/.local/lib/python3.12/site-packages/airflow/example_dags/example_latest_only.py
[2024-12-04T17:18:06.828+0000] {logging_mixin.py:190} INFO - [2024-12-04T17:18:06.828+0000] {dag.py:3239} INFO - Sync 1 DAGs
[2024-12-04T17:18:06.840+0000] {logging_mixin.py:190} INFO - [2024-12-04T17:18:06.839+0000] {dag.py:4180} INFO - Setting next_dagrun for latest_only to 2024-12-04 12:00:00+00:00, run_after=2024-12-04 16:00:00+00:00
[2024-12-04T17:18:06.853+0000] {processor.py:208} INFO - Processing /home/airflow/.local/lib/python3.12/site-packages/airflow/example_dags/example_latest_only.py took 0.044 seconds
[2024-12-04T17:18:39.724+0000] {processor.py:186} INFO - Started process (PID=869) to work on /home/airflow/.local/lib/python3.12/site-packages/airflow/example_dags/example_latest_only.py
[2024-12-04T17:18:39.725+0000] {processor.py:914} INFO - Processing file /home/airflow/.local/lib/python3.12/site-packages/airflow/example_dags/example_latest_only.py for tasks to queue
[2024-12-04T17:18:39.727+0000] {logging_mixin.py:190} INFO - [2024-12-04T17:18:39.727+0000] {dagbag.py:588} INFO - Filling up the DagBag from /home/airflow/.local/lib/python3.12/site-packages/airflow/example_dags/example_latest_only.py
[2024-12-04T17:18:39.734+0000] {processor.py:925} INFO - DAG(s) 'latest_only' retrieved from /home/airflow/.local/lib/python3.12/site-packages/airflow/example_dags/example_latest_only.py
[2024-12-04T17:18:39.751+0000] {logging_mixin.py:190} INFO - [2024-12-04T17:18:39.751+0000] {dag.py:3239} INFO - Sync 1 DAGs
[2024-12-04T17:18:39.765+0000] {logging_mixin.py:190} INFO - [2024-12-04T17:18:39.765+0000] {dag.py:4180} INFO - Setting next_dagrun for latest_only to 2024-12-04 12:00:00+00:00, run_after=2024-12-04 16:00:00+00:00
[2024-12-04T17:18:39.778+0000] {processor.py:208} INFO - Processing /home/airflow/.local/lib/python3.12/site-packages/airflow/example_dags/example_latest_only.py took 0.060 seconds
[2024-12-04T17:19:10.101+0000] {processor.py:186} INFO - Started process (PID=932) to work on /home/airflow/.local/lib/python3.12/site-packages/airflow/example_dags/example_latest_only.py
[2024-12-04T17:19:10.102+0000] {processor.py:914} INFO - Processing file /home/airflow/.local/lib/python3.12/site-packages/airflow/example_dags/example_latest_only.py for tasks to queue
[2024-12-04T17:19:10.104+0000] {logging_mixin.py:190} INFO - [2024-12-04T17:19:10.104+0000] {dagbag.py:588} INFO - Filling up the DagBag from /home/airflow/.local/lib/python3.12/site-packages/airflow/example_dags/example_latest_only.py
[2024-12-04T17:19:10.113+0000] {processor.py:925} INFO - DAG(s) 'latest_only' retrieved from /home/airflow/.local/lib/python3.12/site-packages/airflow/example_dags/example_latest_only.py
[2024-12-04T17:19:10.133+0000] {logging_mixin.py:190} INFO - [2024-12-04T17:19:10.133+0000] {dag.py:3239} INFO - Sync 1 DAGs
[2024-12-04T17:19:10.151+0000] {logging_mixin.py:190} INFO - [2024-12-04T17:19:10.151+0000] {dag.py:4180} INFO - Setting next_dagrun for latest_only to 2024-12-04 12:00:00+00:00, run_after=2024-12-04 16:00:00+00:00
[2024-12-04T17:19:10.161+0000] {processor.py:208} INFO - Processing /home/airflow/.local/lib/python3.12/site-packages/airflow/example_dags/example_latest_only.py took 0.065 seconds
[2024-12-04T17:19:41.585+0000] {processor.py:186} INFO - Started process (PID=995) to work on /home/airflow/.local/lib/python3.12/site-packages/airflow/example_dags/example_latest_only.py
[2024-12-04T17:19:41.586+0000] {processor.py:914} INFO - Processing file /home/airflow/.local/lib/python3.12/site-packages/airflow/example_dags/example_latest_only.py for tasks to queue
[2024-12-04T17:19:41.587+0000] {logging_mixin.py:190} INFO - [2024-12-04T17:19:41.587+0000] {dagbag.py:588} INFO - Filling up the DagBag from /home/airflow/.local/lib/python3.12/site-packages/airflow/example_dags/example_latest_only.py
[2024-12-04T17:19:41.591+0000] {processor.py:925} INFO - DAG(s) 'latest_only' retrieved from /home/airflow/.local/lib/python3.12/site-packages/airflow/example_dags/example_latest_only.py
[2024-12-04T17:19:41.602+0000] {logging_mixin.py:190} INFO - [2024-12-04T17:19:41.602+0000] {dag.py:3239} INFO - Sync 1 DAGs
[2024-12-04T17:19:41.614+0000] {logging_mixin.py:190} INFO - [2024-12-04T17:19:41.614+0000] {dag.py:4180} INFO - Setting next_dagrun for latest_only to 2024-12-04 12:00:00+00:00, run_after=2024-12-04 16:00:00+00:00
[2024-12-04T17:19:41.623+0000] {processor.py:208} INFO - Processing /home/airflow/.local/lib/python3.12/site-packages/airflow/example_dags/example_latest_only.py took 0.042 seconds
[2024-12-04T17:20:13.004+0000] {processor.py:186} INFO - Started process (PID=1058) to work on /home/airflow/.local/lib/python3.12/site-packages/airflow/example_dags/example_latest_only.py
[2024-12-04T17:20:13.005+0000] {processor.py:914} INFO - Processing file /home/airflow/.local/lib/python3.12/site-packages/airflow/example_dags/example_latest_only.py for tasks to queue
[2024-12-04T17:20:13.006+0000] {logging_mixin.py:190} INFO - [2024-12-04T17:20:13.006+0000] {dagbag.py:588} INFO - Filling up the DagBag from /home/airflow/.local/lib/python3.12/site-packages/airflow/example_dags/example_latest_only.py
[2024-12-04T17:20:13.010+0000] {processor.py:925} INFO - DAG(s) 'latest_only' retrieved from /home/airflow/.local/lib/python3.12/site-packages/airflow/example_dags/example_latest_only.py
[2024-12-04T17:20:13.026+0000] {logging_mixin.py:190} INFO - [2024-12-04T17:20:13.026+0000] {dag.py:3239} INFO - Sync 1 DAGs
[2024-12-04T17:20:13.044+0000] {logging_mixin.py:190} INFO - [2024-12-04T17:20:13.044+0000] {dag.py:4180} INFO - Setting next_dagrun for latest_only to 2024-12-04 12:00:00+00:00, run_after=2024-12-04 16:00:00+00:00
[2024-12-04T17:20:13.056+0000] {processor.py:208} INFO - Processing /home/airflow/.local/lib/python3.12/site-packages/airflow/example_dags/example_latest_only.py took 0.055 seconds
[2024-12-04T17:20:44.302+0000] {processor.py:186} INFO - Started process (PID=1121) to work on /home/airflow/.local/lib/python3.12/site-packages/airflow/example_dags/example_latest_only.py
[2024-12-04T17:20:44.303+0000] {processor.py:914} INFO - Processing file /home/airflow/.local/lib/python3.12/site-packages/airflow/example_dags/example_latest_only.py for tasks to queue
[2024-12-04T17:20:44.304+0000] {logging_mixin.py:190} INFO - [2024-12-04T17:20:44.304+0000] {dagbag.py:588} INFO - Filling up the DagBag from /home/airflow/.local/lib/python3.12/site-packages/airflow/example_dags/example_latest_only.py
[2024-12-04T17:20:44.308+0000] {processor.py:925} INFO - DAG(s) 'latest_only' retrieved from /home/airflow/.local/lib/python3.12/site-packages/airflow/example_dags/example_latest_only.py
[2024-12-04T17:20:44.318+0000] {logging_mixin.py:190} INFO - [2024-12-04T17:20:44.318+0000] {dag.py:3239} INFO - Sync 1 DAGs
[2024-12-04T17:20:44.334+0000] {logging_mixin.py:190} INFO - [2024-12-04T17:20:44.334+0000] {dag.py:4180} INFO - Setting next_dagrun for latest_only to 2024-12-04 12:00:00+00:00, run_after=2024-12-04 16:00:00+00:00
[2024-12-04T17:20:44.342+0000] {processor.py:208} INFO - Processing /home/airflow/.local/lib/python3.12/site-packages/airflow/example_dags/example_latest_only.py took 0.044 seconds
[2024-12-04T17:21:17.979+0000] {processor.py:186} INFO - Started process (PID=1184) to work on /home/airflow/.local/lib/python3.12/site-packages/airflow/example_dags/example_latest_only.py
[2024-12-04T17:21:17.981+0000] {processor.py:914} INFO - Processing file /home/airflow/.local/lib/python3.12/site-packages/airflow/example_dags/example_latest_only.py for tasks to queue
[2024-12-04T17:21:17.984+0000] {logging_mixin.py:190} INFO - [2024-12-04T17:21:17.984+0000] {dagbag.py:588} INFO - Filling up the DagBag from /home/airflow/.local/lib/python3.12/site-packages/airflow/example_dags/example_latest_only.py
[2024-12-04T17:21:18.004+0000] {processor.py:925} INFO - DAG(s) 'latest_only' retrieved from /home/airflow/.local/lib/python3.12/site-packages/airflow/example_dags/example_latest_only.py
[2024-12-04T17:21:18.029+0000] {logging_mixin.py:190} INFO - [2024-12-04T17:21:18.029+0000] {dag.py:3239} INFO - Sync 1 DAGs
[2024-12-04T17:21:18.087+0000] {logging_mixin.py:190} INFO - [2024-12-04T17:21:18.086+0000] {dag.py:4180} INFO - Setting next_dagrun for latest_only to 2024-12-04 12:00:00+00:00, run_after=2024-12-04 16:00:00+00:00
[2024-12-04T17:21:18.137+0000] {processor.py:208} INFO - Processing /home/airflow/.local/lib/python3.12/site-packages/airflow/example_dags/example_latest_only.py took 0.167 seconds
[2024-12-04T17:21:49.508+0000] {processor.py:186} INFO - Started process (PID=1247) to work on /home/airflow/.local/lib/python3.12/site-packages/airflow/example_dags/example_latest_only.py
[2024-12-04T17:21:49.510+0000] {processor.py:914} INFO - Processing file /home/airflow/.local/lib/python3.12/site-packages/airflow/example_dags/example_latest_only.py for tasks to queue
[2024-12-04T17:21:49.513+0000] {logging_mixin.py:190} INFO - [2024-12-04T17:21:49.513+0000] {dagbag.py:588} INFO - Filling up the DagBag from /home/airflow/.local/lib/python3.12/site-packages/airflow/example_dags/example_latest_only.py
[2024-12-04T17:21:49.519+0000] {processor.py:925} INFO - DAG(s) 'latest_only' retrieved from /home/airflow/.local/lib/python3.12/site-packages/airflow/example_dags/example_latest_only.py
[2024-12-04T17:21:49.535+0000] {logging_mixin.py:190} INFO - [2024-12-04T17:21:49.535+0000] {dag.py:3239} INFO - Sync 1 DAGs
[2024-12-04T17:21:49.554+0000] {logging_mixin.py:190} INFO - [2024-12-04T17:21:49.553+0000] {dag.py:4180} INFO - Setting next_dagrun for latest_only to 2024-12-04 12:00:00+00:00, run_after=2024-12-04 16:00:00+00:00
[2024-12-04T17:21:49.581+0000] {processor.py:208} INFO - Processing /home/airflow/.local/lib/python3.12/site-packages/airflow/example_dags/example_latest_only.py took 0.083 seconds
[2024-12-04T17:22:21.130+0000] {processor.py:186} INFO - Started process (PID=1309) to work on /home/airflow/.local/lib/python3.12/site-packages/airflow/example_dags/example_latest_only.py
[2024-12-04T17:22:21.130+0000] {processor.py:914} INFO - Processing file /home/airflow/.local/lib/python3.12/site-packages/airflow/example_dags/example_latest_only.py for tasks to queue
[2024-12-04T17:22:21.132+0000] {logging_mixin.py:190} INFO - [2024-12-04T17:22:21.132+0000] {dagbag.py:588} INFO - Filling up the DagBag from /home/airflow/.local/lib/python3.12/site-packages/airflow/example_dags/example_latest_only.py
[2024-12-04T17:22:21.138+0000] {processor.py:925} INFO - DAG(s) 'latest_only' retrieved from /home/airflow/.local/lib/python3.12/site-packages/airflow/example_dags/example_latest_only.py
[2024-12-04T17:22:21.169+0000] {logging_mixin.py:190} INFO - [2024-12-04T17:22:21.169+0000] {dag.py:3239} INFO - Sync 1 DAGs
[2024-12-04T17:22:21.191+0000] {logging_mixin.py:190} INFO - [2024-12-04T17:22:21.191+0000] {dag.py:4180} INFO - Setting next_dagrun for latest_only to 2024-12-04 12:00:00+00:00, run_after=2024-12-04 16:00:00+00:00
[2024-12-04T17:22:21.205+0000] {processor.py:208} INFO - Processing /home/airflow/.local/lib/python3.12/site-packages/airflow/example_dags/example_latest_only.py took 0.079 seconds
[2024-12-04T17:23:12.678+0000] {processor.py:186} INFO - Started process (PID=1379) to work on /home/airflow/.local/lib/python3.12/site-packages/airflow/example_dags/example_latest_only.py
[2024-12-04T17:23:12.682+0000] {processor.py:914} INFO - Processing file /home/airflow/.local/lib/python3.12/site-packages/airflow/example_dags/example_latest_only.py for tasks to queue
[2024-12-04T17:23:12.684+0000] {logging_mixin.py:190} INFO - [2024-12-04T17:23:12.684+0000] {dagbag.py:588} INFO - Filling up the DagBag from /home/airflow/.local/lib/python3.12/site-packages/airflow/example_dags/example_latest_only.py
[2024-12-04T17:23:12.693+0000] {processor.py:925} INFO - DAG(s) 'latest_only' retrieved from /home/airflow/.local/lib/python3.12/site-packages/airflow/example_dags/example_latest_only.py
[2024-12-04T17:23:12.782+0000] {logging_mixin.py:190} INFO - [2024-12-04T17:23:12.780+0000] {dag.py:3239} INFO - Sync 1 DAGs
[2024-12-04T17:23:12.868+0000] {logging_mixin.py:190} INFO - [2024-12-04T17:23:12.868+0000] {dag.py:4180} INFO - Setting next_dagrun for latest_only to 2024-12-04 12:00:00+00:00, run_after=2024-12-04 16:00:00+00:00
[2024-12-04T17:23:12.915+0000] {processor.py:208} INFO - Processing /home/airflow/.local/lib/python3.12/site-packages/airflow/example_dags/example_latest_only.py took 0.242 seconds
[2024-12-04T17:23:44.417+0000] {processor.py:186} INFO - Started process (PID=1442) to work on /home/airflow/.local/lib/python3.12/site-packages/airflow/example_dags/example_latest_only.py
[2024-12-04T17:23:44.422+0000] {processor.py:914} INFO - Processing file /home/airflow/.local/lib/python3.12/site-packages/airflow/example_dags/example_latest_only.py for tasks to queue
[2024-12-04T17:23:44.426+0000] {logging_mixin.py:190} INFO - [2024-12-04T17:23:44.426+0000] {dagbag.py:588} INFO - Filling up the DagBag from /home/airflow/.local/lib/python3.12/site-packages/airflow/example_dags/example_latest_only.py
[2024-12-04T17:23:44.441+0000] {processor.py:925} INFO - DAG(s) 'latest_only' retrieved from /home/airflow/.local/lib/python3.12/site-packages/airflow/example_dags/example_latest_only.py
[2024-12-04T17:23:44.484+0000] {logging_mixin.py:190} INFO - [2024-12-04T17:23:44.484+0000] {dag.py:3239} INFO - Sync 1 DAGs
[2024-12-04T17:23:44.519+0000] {logging_mixin.py:190} INFO - [2024-12-04T17:23:44.519+0000] {dag.py:4180} INFO - Setting next_dagrun for latest_only to 2024-12-04 12:00:00+00:00, run_after=2024-12-04 16:00:00+00:00
[2024-12-04T17:23:44.547+0000] {processor.py:208} INFO - Processing /home/airflow/.local/lib/python3.12/site-packages/airflow/example_dags/example_latest_only.py took 0.134 seconds
[2024-12-04T17:24:16.898+0000] {processor.py:186} INFO - Started process (PID=1508) to work on /home/airflow/.local/lib/python3.12/site-packages/airflow/example_dags/example_latest_only.py
[2024-12-04T17:24:16.900+0000] {processor.py:914} INFO - Processing file /home/airflow/.local/lib/python3.12/site-packages/airflow/example_dags/example_latest_only.py for tasks to queue
[2024-12-04T17:24:16.905+0000] {logging_mixin.py:190} INFO - [2024-12-04T17:24:16.904+0000] {dagbag.py:588} INFO - Filling up the DagBag from /home/airflow/.local/lib/python3.12/site-packages/airflow/example_dags/example_latest_only.py
[2024-12-04T17:24:16.920+0000] {processor.py:925} INFO - DAG(s) 'latest_only' retrieved from /home/airflow/.local/lib/python3.12/site-packages/airflow/example_dags/example_latest_only.py
[2024-12-04T17:24:16.950+0000] {logging_mixin.py:190} INFO - [2024-12-04T17:24:16.949+0000] {dag.py:3239} INFO - Sync 1 DAGs
[2024-12-04T17:24:16.976+0000] {logging_mixin.py:190} INFO - [2024-12-04T17:24:16.976+0000] {dag.py:4180} INFO - Setting next_dagrun for latest_only to 2024-12-04 12:00:00+00:00, run_after=2024-12-04 16:00:00+00:00
[2024-12-04T17:24:16.993+0000] {processor.py:208} INFO - Processing /home/airflow/.local/lib/python3.12/site-packages/airflow/example_dags/example_latest_only.py took 0.115 seconds
[2024-12-04T17:24:47.759+0000] {processor.py:186} INFO - Started process (PID=1570) to work on /home/airflow/.local/lib/python3.12/site-packages/airflow/example_dags/example_latest_only.py
[2024-12-04T17:24:47.760+0000] {processor.py:914} INFO - Processing file /home/airflow/.local/lib/python3.12/site-packages/airflow/example_dags/example_latest_only.py for tasks to queue
[2024-12-04T17:24:47.761+0000] {logging_mixin.py:190} INFO - [2024-12-04T17:24:47.761+0000] {dagbag.py:588} INFO - Filling up the DagBag from /home/airflow/.local/lib/python3.12/site-packages/airflow/example_dags/example_latest_only.py
[2024-12-04T17:24:47.765+0000] {processor.py:925} INFO - DAG(s) 'latest_only' retrieved from /home/airflow/.local/lib/python3.12/site-packages/airflow/example_dags/example_latest_only.py
[2024-12-04T17:24:47.776+0000] {logging_mixin.py:190} INFO - [2024-12-04T17:24:47.776+0000] {dag.py:3239} INFO - Sync 1 DAGs
[2024-12-04T17:24:47.798+0000] {logging_mixin.py:190} INFO - [2024-12-04T17:24:47.798+0000] {dag.py:4180} INFO - Setting next_dagrun for latest_only to 2024-12-04 12:00:00+00:00, run_after=2024-12-04 16:00:00+00:00
[2024-12-04T17:24:47.818+0000] {processor.py:208} INFO - Processing /home/airflow/.local/lib/python3.12/site-packages/airflow/example_dags/example_latest_only.py took 0.062 seconds
[2024-12-04T17:25:19.179+0000] {processor.py:186} INFO - Started process (PID=1636) to work on /home/airflow/.local/lib/python3.12/site-packages/airflow/example_dags/example_latest_only.py
[2024-12-04T17:25:19.180+0000] {processor.py:914} INFO - Processing file /home/airflow/.local/lib/python3.12/site-packages/airflow/example_dags/example_latest_only.py for tasks to queue
[2024-12-04T17:25:19.183+0000] {logging_mixin.py:190} INFO - [2024-12-04T17:25:19.183+0000] {dagbag.py:588} INFO - Filling up the DagBag from /home/airflow/.local/lib/python3.12/site-packages/airflow/example_dags/example_latest_only.py
[2024-12-04T17:25:19.191+0000] {processor.py:925} INFO - DAG(s) 'latest_only' retrieved from /home/airflow/.local/lib/python3.12/site-packages/airflow/example_dags/example_latest_only.py
[2024-12-04T17:25:19.207+0000] {logging_mixin.py:190} INFO - [2024-12-04T17:25:19.206+0000] {dag.py:3239} INFO - Sync 1 DAGs
[2024-12-04T17:25:19.219+0000] {logging_mixin.py:190} INFO - [2024-12-04T17:25:19.219+0000] {dag.py:4180} INFO - Setting next_dagrun for latest_only to 2024-12-04 12:00:00+00:00, run_after=2024-12-04 16:00:00+00:00
[2024-12-04T17:25:19.228+0000] {processor.py:208} INFO - Processing /home/airflow/.local/lib/python3.12/site-packages/airflow/example_dags/example_latest_only.py took 0.053 seconds
[2024-12-04T17:25:49.468+0000] {processor.py:186} INFO - Started process (PID=1698) to work on /home/airflow/.local/lib/python3.12/site-packages/airflow/example_dags/example_latest_only.py
[2024-12-04T17:25:49.472+0000] {processor.py:914} INFO - Processing file /home/airflow/.local/lib/python3.12/site-packages/airflow/example_dags/example_latest_only.py for tasks to queue
[2024-12-04T17:25:49.474+0000] {logging_mixin.py:190} INFO - [2024-12-04T17:25:49.474+0000] {dagbag.py:588} INFO - Filling up the DagBag from /home/airflow/.local/lib/python3.12/site-packages/airflow/example_dags/example_latest_only.py
[2024-12-04T17:25:49.480+0000] {processor.py:925} INFO - DAG(s) 'latest_only' retrieved from /home/airflow/.local/lib/python3.12/site-packages/airflow/example_dags/example_latest_only.py
[2024-12-04T17:25:49.489+0000] {logging_mixin.py:190} INFO - [2024-12-04T17:25:49.489+0000] {dag.py:3239} INFO - Sync 1 DAGs
[2024-12-04T17:25:49.502+0000] {logging_mixin.py:190} INFO - [2024-12-04T17:25:49.502+0000] {dag.py:4180} INFO - Setting next_dagrun for latest_only to 2024-12-04 12:00:00+00:00, run_after=2024-12-04 16:00:00+00:00
[2024-12-04T17:25:49.515+0000] {processor.py:208} INFO - Processing /home/airflow/.local/lib/python3.12/site-packages/airflow/example_dags/example_latest_only.py took 0.050 seconds
[2024-12-04T17:26:21.782+0000] {processor.py:186} INFO - Started process (PID=1765) to work on /home/airflow/.local/lib/python3.12/site-packages/airflow/example_dags/example_latest_only.py
[2024-12-04T17:26:21.783+0000] {processor.py:914} INFO - Processing file /home/airflow/.local/lib/python3.12/site-packages/airflow/example_dags/example_latest_only.py for tasks to queue
[2024-12-04T17:26:21.786+0000] {logging_mixin.py:190} INFO - [2024-12-04T17:26:21.785+0000] {dagbag.py:588} INFO - Filling up the DagBag from /home/airflow/.local/lib/python3.12/site-packages/airflow/example_dags/example_latest_only.py
[2024-12-04T17:26:21.802+0000] {processor.py:925} INFO - DAG(s) 'latest_only' retrieved from /home/airflow/.local/lib/python3.12/site-packages/airflow/example_dags/example_latest_only.py
[2024-12-04T17:26:21.863+0000] {logging_mixin.py:190} INFO - [2024-12-04T17:26:21.862+0000] {dag.py:3239} INFO - Sync 1 DAGs
[2024-12-04T17:26:21.898+0000] {logging_mixin.py:190} INFO - [2024-12-04T17:26:21.897+0000] {dag.py:4180} INFO - Setting next_dagrun for latest_only to 2024-12-04 12:00:00+00:00, run_after=2024-12-04 16:00:00+00:00
[2024-12-04T17:26:21.931+0000] {processor.py:208} INFO - Processing /home/airflow/.local/lib/python3.12/site-packages/airflow/example_dags/example_latest_only.py took 0.155 seconds
[2024-12-04T17:26:52.558+0000] {processor.py:186} INFO - Started process (PID=1826) to work on /home/airflow/.local/lib/python3.12/site-packages/airflow/example_dags/example_latest_only.py
[2024-12-04T17:26:52.562+0000] {processor.py:914} INFO - Processing file /home/airflow/.local/lib/python3.12/site-packages/airflow/example_dags/example_latest_only.py for tasks to queue
[2024-12-04T17:26:52.571+0000] {logging_mixin.py:190} INFO - [2024-12-04T17:26:52.570+0000] {dagbag.py:588} INFO - Filling up the DagBag from /home/airflow/.local/lib/python3.12/site-packages/airflow/example_dags/example_latest_only.py
[2024-12-04T17:26:52.583+0000] {processor.py:925} INFO - DAG(s) 'latest_only' retrieved from /home/airflow/.local/lib/python3.12/site-packages/airflow/example_dags/example_latest_only.py
[2024-12-04T17:26:52.653+0000] {logging_mixin.py:190} INFO - [2024-12-04T17:26:52.651+0000] {dag.py:3239} INFO - Sync 1 DAGs
[2024-12-04T17:26:52.728+0000] {logging_mixin.py:190} INFO - [2024-12-04T17:26:52.727+0000] {dag.py:4180} INFO - Setting next_dagrun for latest_only to 2024-12-04 12:00:00+00:00, run_after=2024-12-04 16:00:00+00:00
[2024-12-04T17:26:52.760+0000] {processor.py:208} INFO - Processing /home/airflow/.local/lib/python3.12/site-packages/airflow/example_dags/example_latest_only.py took 0.234 seconds
[2024-12-04T17:27:22.996+0000] {processor.py:186} INFO - Started process (PID=1888) to work on /home/airflow/.local/lib/python3.12/site-packages/airflow/example_dags/example_latest_only.py
[2024-12-04T17:27:22.996+0000] {processor.py:914} INFO - Processing file /home/airflow/.local/lib/python3.12/site-packages/airflow/example_dags/example_latest_only.py for tasks to queue
[2024-12-04T17:27:23.000+0000] {logging_mixin.py:190} INFO - [2024-12-04T17:27:22.999+0000] {dagbag.py:588} INFO - Filling up the DagBag from /home/airflow/.local/lib/python3.12/site-packages/airflow/example_dags/example_latest_only.py
[2024-12-04T17:27:23.007+0000] {processor.py:925} INFO - DAG(s) 'latest_only' retrieved from /home/airflow/.local/lib/python3.12/site-packages/airflow/example_dags/example_latest_only.py
[2024-12-04T17:27:23.022+0000] {logging_mixin.py:190} INFO - [2024-12-04T17:27:23.022+0000] {dag.py:3239} INFO - Sync 1 DAGs
[2024-12-04T17:27:23.037+0000] {logging_mixin.py:190} INFO - [2024-12-04T17:27:23.036+0000] {dag.py:4180} INFO - Setting next_dagrun for latest_only to 2024-12-04 12:00:00+00:00, run_after=2024-12-04 16:00:00+00:00
[2024-12-04T17:27:23.052+0000] {processor.py:208} INFO - Processing /home/airflow/.local/lib/python3.12/site-packages/airflow/example_dags/example_latest_only.py took 0.062 seconds
[2024-12-04T17:27:55.176+0000] {processor.py:186} INFO - Started process (PID=1951) to work on /home/airflow/.local/lib/python3.12/site-packages/airflow/example_dags/example_latest_only.py
[2024-12-04T17:27:55.178+0000] {processor.py:914} INFO - Processing file /home/airflow/.local/lib/python3.12/site-packages/airflow/example_dags/example_latest_only.py for tasks to queue
[2024-12-04T17:27:55.180+0000] {logging_mixin.py:190} INFO - [2024-12-04T17:27:55.180+0000] {dagbag.py:588} INFO - Filling up the DagBag from /home/airflow/.local/lib/python3.12/site-packages/airflow/example_dags/example_latest_only.py
[2024-12-04T17:27:55.197+0000] {processor.py:925} INFO - DAG(s) 'latest_only' retrieved from /home/airflow/.local/lib/python3.12/site-packages/airflow/example_dags/example_latest_only.py
[2024-12-04T17:27:55.296+0000] {logging_mixin.py:190} INFO - [2024-12-04T17:27:55.295+0000] {dag.py:3239} INFO - Sync 1 DAGs
[2024-12-04T17:27:55.345+0000] {logging_mixin.py:190} INFO - [2024-12-04T17:27:55.345+0000] {dag.py:4180} INFO - Setting next_dagrun for latest_only to 2024-12-04 12:00:00+00:00, run_after=2024-12-04 16:00:00+00:00
[2024-12-04T17:27:55.422+0000] {processor.py:208} INFO - Processing /home/airflow/.local/lib/python3.12/site-packages/airflow/example_dags/example_latest_only.py took 0.261 seconds
[2024-12-04T17:28:26.188+0000] {processor.py:186} INFO - Started process (PID=2014) to work on /home/airflow/.local/lib/python3.12/site-packages/airflow/example_dags/example_latest_only.py
[2024-12-04T17:28:26.189+0000] {processor.py:914} INFO - Processing file /home/airflow/.local/lib/python3.12/site-packages/airflow/example_dags/example_latest_only.py for tasks to queue
[2024-12-04T17:28:26.194+0000] {logging_mixin.py:190} INFO - [2024-12-04T17:28:26.193+0000] {dagbag.py:588} INFO - Filling up the DagBag from /home/airflow/.local/lib/python3.12/site-packages/airflow/example_dags/example_latest_only.py
[2024-12-04T17:28:26.218+0000] {processor.py:925} INFO - DAG(s) 'latest_only' retrieved from /home/airflow/.local/lib/python3.12/site-packages/airflow/example_dags/example_latest_only.py
[2024-12-04T17:28:26.262+0000] {logging_mixin.py:190} INFO - [2024-12-04T17:28:26.262+0000] {dag.py:3239} INFO - Sync 1 DAGs
[2024-12-04T17:28:26.327+0000] {logging_mixin.py:190} INFO - [2024-12-04T17:28:26.327+0000] {dag.py:4180} INFO - Setting next_dagrun for latest_only to 2024-12-04 12:00:00+00:00, run_after=2024-12-04 16:00:00+00:00
[2024-12-04T17:28:26.388+0000] {processor.py:208} INFO - Processing /home/airflow/.local/lib/python3.12/site-packages/airflow/example_dags/example_latest_only.py took 0.211 seconds
[2024-12-04T17:28:58.564+0000] {processor.py:186} INFO - Started process (PID=2084) to work on /home/airflow/.local/lib/python3.12/site-packages/airflow/example_dags/example_latest_only.py
[2024-12-04T17:28:58.570+0000] {processor.py:914} INFO - Processing file /home/airflow/.local/lib/python3.12/site-packages/airflow/example_dags/example_latest_only.py for tasks to queue
[2024-12-04T17:28:58.581+0000] {logging_mixin.py:190} INFO - [2024-12-04T17:28:58.580+0000] {dagbag.py:588} INFO - Filling up the DagBag from /home/airflow/.local/lib/python3.12/site-packages/airflow/example_dags/example_latest_only.py
[2024-12-04T17:28:58.609+0000] {processor.py:925} INFO - DAG(s) 'latest_only' retrieved from /home/airflow/.local/lib/python3.12/site-packages/airflow/example_dags/example_latest_only.py
[2024-12-04T17:28:58.670+0000] {logging_mixin.py:190} INFO - [2024-12-04T17:28:58.670+0000] {dag.py:3239} INFO - Sync 1 DAGs
[2024-12-04T17:28:58.724+0000] {logging_mixin.py:190} INFO - [2024-12-04T17:28:58.724+0000] {dag.py:4180} INFO - Setting next_dagrun for latest_only to 2024-12-04 12:00:00+00:00, run_after=2024-12-04 16:00:00+00:00
[2024-12-04T17:28:58.755+0000] {processor.py:208} INFO - Processing /home/airflow/.local/lib/python3.12/site-packages/airflow/example_dags/example_latest_only.py took 0.219 seconds
[2024-12-04T17:29:29.239+0000] {processor.py:186} INFO - Started process (PID=2146) to work on /home/airflow/.local/lib/python3.12/site-packages/airflow/example_dags/example_latest_only.py
[2024-12-04T17:29:29.244+0000] {processor.py:914} INFO - Processing file /home/airflow/.local/lib/python3.12/site-packages/airflow/example_dags/example_latest_only.py for tasks to queue
[2024-12-04T17:29:29.257+0000] {logging_mixin.py:190} INFO - [2024-12-04T17:29:29.255+0000] {dagbag.py:588} INFO - Filling up the DagBag from /home/airflow/.local/lib/python3.12/site-packages/airflow/example_dags/example_latest_only.py
[2024-12-04T17:29:29.290+0000] {processor.py:925} INFO - DAG(s) 'latest_only' retrieved from /home/airflow/.local/lib/python3.12/site-packages/airflow/example_dags/example_latest_only.py
[2024-12-04T17:29:29.356+0000] {logging_mixin.py:190} INFO - [2024-12-04T17:29:29.356+0000] {dag.py:3239} INFO - Sync 1 DAGs
[2024-12-04T17:29:29.403+0000] {logging_mixin.py:190} INFO - [2024-12-04T17:29:29.403+0000] {dag.py:4180} INFO - Setting next_dagrun for latest_only to 2024-12-04 12:00:00+00:00, run_after=2024-12-04 16:00:00+00:00
[2024-12-04T17:29:29.433+0000] {processor.py:208} INFO - Processing /home/airflow/.local/lib/python3.12/site-packages/airflow/example_dags/example_latest_only.py took 0.228 seconds
[2024-12-04T17:30:00.100+0000] {processor.py:186} INFO - Started process (PID=2209) to work on /home/airflow/.local/lib/python3.12/site-packages/airflow/example_dags/example_latest_only.py
[2024-12-04T17:30:00.102+0000] {processor.py:914} INFO - Processing file /home/airflow/.local/lib/python3.12/site-packages/airflow/example_dags/example_latest_only.py for tasks to queue
[2024-12-04T17:30:00.105+0000] {logging_mixin.py:190} INFO - [2024-12-04T17:30:00.104+0000] {dagbag.py:588} INFO - Filling up the DagBag from /home/airflow/.local/lib/python3.12/site-packages/airflow/example_dags/example_latest_only.py
[2024-12-04T17:30:00.111+0000] {processor.py:925} INFO - DAG(s) 'latest_only' retrieved from /home/airflow/.local/lib/python3.12/site-packages/airflow/example_dags/example_latest_only.py
[2024-12-04T17:30:00.126+0000] {logging_mixin.py:190} INFO - [2024-12-04T17:30:00.126+0000] {dag.py:3239} INFO - Sync 1 DAGs
[2024-12-04T17:30:00.144+0000] {logging_mixin.py:190} INFO - [2024-12-04T17:30:00.143+0000] {dag.py:4180} INFO - Setting next_dagrun for latest_only to 2024-12-04 12:00:00+00:00, run_after=2024-12-04 16:00:00+00:00
[2024-12-04T17:30:00.158+0000] {processor.py:208} INFO - Processing /home/airflow/.local/lib/python3.12/site-packages/airflow/example_dags/example_latest_only.py took 0.064 seconds
[2024-12-04T17:30:30.255+0000] {processor.py:186} INFO - Started process (PID=2272) to work on /home/airflow/.local/lib/python3.12/site-packages/airflow/example_dags/example_latest_only.py
[2024-12-04T17:30:30.258+0000] {processor.py:914} INFO - Processing file /home/airflow/.local/lib/python3.12/site-packages/airflow/example_dags/example_latest_only.py for tasks to queue
[2024-12-04T17:30:30.261+0000] {logging_mixin.py:190} INFO - [2024-12-04T17:30:30.260+0000] {dagbag.py:588} INFO - Filling up the DagBag from /home/airflow/.local/lib/python3.12/site-packages/airflow/example_dags/example_latest_only.py
[2024-12-04T17:30:30.269+0000] {processor.py:925} INFO - DAG(s) 'latest_only' retrieved from /home/airflow/.local/lib/python3.12/site-packages/airflow/example_dags/example_latest_only.py
[2024-12-04T17:30:30.295+0000] {logging_mixin.py:190} INFO - [2024-12-04T17:30:30.295+0000] {dag.py:3239} INFO - Sync 1 DAGs
[2024-12-04T17:30:30.315+0000] {logging_mixin.py:190} INFO - [2024-12-04T17:30:30.315+0000] {dag.py:4180} INFO - Setting next_dagrun for latest_only to 2024-12-04 12:00:00+00:00, run_after=2024-12-04 16:00:00+00:00
[2024-12-04T17:30:30.333+0000] {processor.py:208} INFO - Processing /home/airflow/.local/lib/python3.12/site-packages/airflow/example_dags/example_latest_only.py took 0.084 seconds
[2024-12-04T17:31:00.693+0000] {processor.py:186} INFO - Started process (PID=2335) to work on /home/airflow/.local/lib/python3.12/site-packages/airflow/example_dags/example_latest_only.py
[2024-12-04T17:31:00.695+0000] {processor.py:914} INFO - Processing file /home/airflow/.local/lib/python3.12/site-packages/airflow/example_dags/example_latest_only.py for tasks to queue
[2024-12-04T17:31:00.699+0000] {logging_mixin.py:190} INFO - [2024-12-04T17:31:00.698+0000] {dagbag.py:588} INFO - Filling up the DagBag from /home/airflow/.local/lib/python3.12/site-packages/airflow/example_dags/example_latest_only.py
[2024-12-04T17:31:00.708+0000] {processor.py:925} INFO - DAG(s) 'latest_only' retrieved from /home/airflow/.local/lib/python3.12/site-packages/airflow/example_dags/example_latest_only.py
[2024-12-04T17:31:00.724+0000] {logging_mixin.py:190} INFO - [2024-12-04T17:31:00.724+0000] {dag.py:3239} INFO - Sync 1 DAGs
[2024-12-04T17:31:00.741+0000] {logging_mixin.py:190} INFO - [2024-12-04T17:31:00.741+0000] {dag.py:4180} INFO - Setting next_dagrun for latest_only to 2024-12-04 12:00:00+00:00, run_after=2024-12-04 16:00:00+00:00
[2024-12-04T17:31:00.756+0000] {processor.py:208} INFO - Processing /home/airflow/.local/lib/python3.12/site-packages/airflow/example_dags/example_latest_only.py took 0.072 seconds
[2024-12-04T17:31:31.480+0000] {processor.py:186} INFO - Started process (PID=2398) to work on /home/airflow/.local/lib/python3.12/site-packages/airflow/example_dags/example_latest_only.py
[2024-12-04T17:31:31.484+0000] {processor.py:914} INFO - Processing file /home/airflow/.local/lib/python3.12/site-packages/airflow/example_dags/example_latest_only.py for tasks to queue
[2024-12-04T17:31:31.489+0000] {logging_mixin.py:190} INFO - [2024-12-04T17:31:31.489+0000] {dagbag.py:588} INFO - Filling up the DagBag from /home/airflow/.local/lib/python3.12/site-packages/airflow/example_dags/example_latest_only.py
[2024-12-04T17:31:31.496+0000] {processor.py:925} INFO - DAG(s) 'latest_only' retrieved from /home/airflow/.local/lib/python3.12/site-packages/airflow/example_dags/example_latest_only.py
[2024-12-04T17:31:31.515+0000] {logging_mixin.py:190} INFO - [2024-12-04T17:31:31.515+0000] {dag.py:3239} INFO - Sync 1 DAGs
[2024-12-04T17:31:31.532+0000] {logging_mixin.py:190} INFO - [2024-12-04T17:31:31.531+0000] {dag.py:4180} INFO - Setting next_dagrun for latest_only to 2024-12-04 12:00:00+00:00, run_after=2024-12-04 16:00:00+00:00
[2024-12-04T17:31:31.544+0000] {processor.py:208} INFO - Processing /home/airflow/.local/lib/python3.12/site-packages/airflow/example_dags/example_latest_only.py took 0.072 seconds
[2024-12-04T17:32:01.634+0000] {processor.py:186} INFO - Started process (PID=2461) to work on /home/airflow/.local/lib/python3.12/site-packages/airflow/example_dags/example_latest_only.py
[2024-12-04T17:32:01.637+0000] {processor.py:914} INFO - Processing file /home/airflow/.local/lib/python3.12/site-packages/airflow/example_dags/example_latest_only.py for tasks to queue
[2024-12-04T17:32:01.640+0000] {logging_mixin.py:190} INFO - [2024-12-04T17:32:01.639+0000] {dagbag.py:588} INFO - Filling up the DagBag from /home/airflow/.local/lib/python3.12/site-packages/airflow/example_dags/example_latest_only.py
[2024-12-04T17:32:01.651+0000] {processor.py:925} INFO - DAG(s) 'latest_only' retrieved from /home/airflow/.local/lib/python3.12/site-packages/airflow/example_dags/example_latest_only.py
[2024-12-04T17:32:01.673+0000] {logging_mixin.py:190} INFO - [2024-12-04T17:32:01.672+0000] {dag.py:3239} INFO - Sync 1 DAGs
[2024-12-04T17:32:01.695+0000] {logging_mixin.py:190} INFO - [2024-12-04T17:32:01.695+0000] {dag.py:4180} INFO - Setting next_dagrun for latest_only to 2024-12-04 12:00:00+00:00, run_after=2024-12-04 16:00:00+00:00
[2024-12-04T17:32:01.712+0000] {processor.py:208} INFO - Processing /home/airflow/.local/lib/python3.12/site-packages/airflow/example_dags/example_latest_only.py took 0.085 seconds
[2024-12-04T17:32:32.211+0000] {processor.py:186} INFO - Started process (PID=2524) to work on /home/airflow/.local/lib/python3.12/site-packages/airflow/example_dags/example_latest_only.py
[2024-12-04T17:32:32.212+0000] {processor.py:914} INFO - Processing file /home/airflow/.local/lib/python3.12/site-packages/airflow/example_dags/example_latest_only.py for tasks to queue
[2024-12-04T17:32:32.215+0000] {logging_mixin.py:190} INFO - [2024-12-04T17:32:32.214+0000] {dagbag.py:588} INFO - Filling up the DagBag from /home/airflow/.local/lib/python3.12/site-packages/airflow/example_dags/example_latest_only.py
[2024-12-04T17:32:32.221+0000] {processor.py:925} INFO - DAG(s) 'latest_only' retrieved from /home/airflow/.local/lib/python3.12/site-packages/airflow/example_dags/example_latest_only.py
[2024-12-04T17:32:32.238+0000] {logging_mixin.py:190} INFO - [2024-12-04T17:32:32.238+0000] {dag.py:3239} INFO - Sync 1 DAGs
[2024-12-04T17:32:32.254+0000] {logging_mixin.py:190} INFO - [2024-12-04T17:32:32.253+0000] {dag.py:4180} INFO - Setting next_dagrun for latest_only to 2024-12-04 12:00:00+00:00, run_after=2024-12-04 16:00:00+00:00
[2024-12-04T17:32:32.264+0000] {processor.py:208} INFO - Processing /home/airflow/.local/lib/python3.12/site-packages/airflow/example_dags/example_latest_only.py took 0.059 seconds
