[2024-12-04T17:12:23.448+0000] {processor.py:186} INFO - Started process (PID=108) to work on /home/airflow/.local/lib/python3.12/site-packages/airflow/example_dags/example_inlet_event_extra.py
[2024-12-04T17:12:23.449+0000] {processor.py:914} INFO - Processing file /home/airflow/.local/lib/python3.12/site-packages/airflow/example_dags/example_inlet_event_extra.py for tasks to queue
[2024-12-04T17:12:23.451+0000] {logging_mixin.py:190} INFO - [2024-12-04T17:12:23.451+0000] {dagbag.py:588} INFO - Filling up the DagBag from /home/airflow/.local/lib/python3.12/site-packages/airflow/example_dags/example_inlet_event_extra.py
[2024-12-04T17:12:23.869+0000] {processor.py:925} INFO - DAG(s) 'read_dataset_event_from_classic', 'read_dataset_event' retrieved from /home/airflow/.local/lib/python3.12/site-packages/airflow/example_dags/example_inlet_event_extra.py
[2024-12-04T17:12:23.918+0000] {logging_mixin.py:190} INFO - [2024-12-04T17:12:23.918+0000] {override.py:1911} INFO - Created Permission View: can read on DAG:read_dataset_event_from_classic
[2024-12-04T17:12:23.924+0000] {logging_mixin.py:190} INFO - [2024-12-04T17:12:23.923+0000] {override.py:1911} INFO - Created Permission View: can delete on DAG:read_dataset_event_from_classic
[2024-12-04T17:12:23.927+0000] {logging_mixin.py:190} INFO - [2024-12-04T17:12:23.927+0000] {override.py:1911} INFO - Created Permission View: can edit on DAG:read_dataset_event_from_classic
[2024-12-04T17:12:23.930+0000] {logging_mixin.py:190} INFO - [2024-12-04T17:12:23.930+0000] {override.py:1911} INFO - Created Permission View: menu access on DAG Run:read_dataset_event_from_classic
[2024-12-04T17:12:23.934+0000] {logging_mixin.py:190} INFO - [2024-12-04T17:12:23.934+0000] {override.py:1911} INFO - Created Permission View: can delete on DAG Run:read_dataset_event_from_classic
[2024-12-04T17:12:23.937+0000] {logging_mixin.py:190} INFO - [2024-12-04T17:12:23.937+0000] {override.py:1911} INFO - Created Permission View: can read on DAG Run:read_dataset_event_from_classic
[2024-12-04T17:12:23.941+0000] {logging_mixin.py:190} INFO - [2024-12-04T17:12:23.941+0000] {override.py:1911} INFO - Created Permission View: can create on DAG Run:read_dataset_event_from_classic
[2024-12-04T17:12:23.952+0000] {logging_mixin.py:190} INFO - [2024-12-04T17:12:23.952+0000] {override.py:1911} INFO - Created Permission View: can read on DAG:read_dataset_event
[2024-12-04T17:12:23.957+0000] {logging_mixin.py:190} INFO - [2024-12-04T17:12:23.957+0000] {override.py:1911} INFO - Created Permission View: can delete on DAG:read_dataset_event
[2024-12-04T17:12:23.963+0000] {logging_mixin.py:190} INFO - [2024-12-04T17:12:23.963+0000] {override.py:1911} INFO - Created Permission View: can edit on DAG:read_dataset_event
[2024-12-04T17:12:23.971+0000] {logging_mixin.py:190} INFO - [2024-12-04T17:12:23.971+0000] {override.py:1911} INFO - Created Permission View: menu access on DAG Run:read_dataset_event
[2024-12-04T17:12:23.974+0000] {logging_mixin.py:190} INFO - [2024-12-04T17:12:23.974+0000] {override.py:1911} INFO - Created Permission View: can delete on DAG Run:read_dataset_event
[2024-12-04T17:12:23.977+0000] {logging_mixin.py:190} INFO - [2024-12-04T17:12:23.977+0000] {override.py:1911} INFO - Created Permission View: can read on DAG Run:read_dataset_event
[2024-12-04T17:12:23.981+0000] {logging_mixin.py:190} INFO - [2024-12-04T17:12:23.980+0000] {override.py:1911} INFO - Created Permission View: can create on DAG Run:read_dataset_event
[2024-12-04T17:12:23.981+0000] {logging_mixin.py:190} INFO - [2024-12-04T17:12:23.981+0000] {dag.py:3239} INFO - Sync 2 DAGs
[2024-12-04T17:12:23.988+0000] {logging_mixin.py:190} INFO - [2024-12-04T17:12:23.988+0000] {dag.py:3262} INFO - Creating ORM DAG for read_dataset_event
[2024-12-04T17:12:23.990+0000] {logging_mixin.py:190} INFO - [2024-12-04T17:12:23.990+0000] {dag.py:3262} INFO - Creating ORM DAG for read_dataset_event_from_classic
[2024-12-04T17:12:23.998+0000] {logging_mixin.py:190} INFO - [2024-12-04T17:12:23.998+0000] {dag.py:4180} INFO - Setting next_dagrun for read_dataset_event to 2024-12-03 00:00:00+00:00, run_after=2024-12-04 00:00:00+00:00
[2024-12-04T17:12:23.999+0000] {logging_mixin.py:190} INFO - [2024-12-04T17:12:23.999+0000] {dag.py:4180} INFO - Setting next_dagrun for read_dataset_event_from_classic to 2024-12-03 00:00:00+00:00, run_after=2024-12-04 00:00:00+00:00
[2024-12-04T17:12:24.014+0000] {processor.py:208} INFO - Processing /home/airflow/.local/lib/python3.12/site-packages/airflow/example_dags/example_inlet_event_extra.py took 0.571 seconds
[2024-12-04T17:12:54.713+0000] {processor.py:186} INFO - Started process (PID=171) to work on /home/airflow/.local/lib/python3.12/site-packages/airflow/example_dags/example_inlet_event_extra.py
[2024-12-04T17:12:54.719+0000] {processor.py:914} INFO - Processing file /home/airflow/.local/lib/python3.12/site-packages/airflow/example_dags/example_inlet_event_extra.py for tasks to queue
[2024-12-04T17:12:54.723+0000] {logging_mixin.py:190} INFO - [2024-12-04T17:12:54.723+0000] {dagbag.py:588} INFO - Filling up the DagBag from /home/airflow/.local/lib/python3.12/site-packages/airflow/example_dags/example_inlet_event_extra.py
[2024-12-04T17:12:55.137+0000] {processor.py:925} INFO - DAG(s) 'read_dataset_event_from_classic', 'read_dataset_event' retrieved from /home/airflow/.local/lib/python3.12/site-packages/airflow/example_dags/example_inlet_event_extra.py
[2024-12-04T17:12:55.153+0000] {logging_mixin.py:190} INFO - [2024-12-04T17:12:55.153+0000] {dag.py:3239} INFO - Sync 2 DAGs
[2024-12-04T17:12:55.167+0000] {logging_mixin.py:190} INFO - [2024-12-04T17:12:55.167+0000] {dag.py:4180} INFO - Setting next_dagrun for read_dataset_event to 2024-12-03 00:00:00+00:00, run_after=2024-12-04 00:00:00+00:00
[2024-12-04T17:12:55.169+0000] {logging_mixin.py:190} INFO - [2024-12-04T17:12:55.169+0000] {dag.py:4180} INFO - Setting next_dagrun for read_dataset_event_from_classic to 2024-12-03 00:00:00+00:00, run_after=2024-12-04 00:00:00+00:00
[2024-12-04T17:12:55.178+0000] {processor.py:208} INFO - Processing /home/airflow/.local/lib/python3.12/site-packages/airflow/example_dags/example_inlet_event_extra.py took 0.472 seconds
[2024-12-04T17:13:25.274+0000] {processor.py:186} INFO - Started process (PID=234) to work on /home/airflow/.local/lib/python3.12/site-packages/airflow/example_dags/example_inlet_event_extra.py
[2024-12-04T17:13:25.278+0000] {processor.py:914} INFO - Processing file /home/airflow/.local/lib/python3.12/site-packages/airflow/example_dags/example_inlet_event_extra.py for tasks to queue
[2024-12-04T17:13:25.281+0000] {logging_mixin.py:190} INFO - [2024-12-04T17:13:25.281+0000] {dagbag.py:588} INFO - Filling up the DagBag from /home/airflow/.local/lib/python3.12/site-packages/airflow/example_dags/example_inlet_event_extra.py
[2024-12-04T17:13:25.602+0000] {processor.py:925} INFO - DAG(s) 'read_dataset_event_from_classic', 'read_dataset_event' retrieved from /home/airflow/.local/lib/python3.12/site-packages/airflow/example_dags/example_inlet_event_extra.py
[2024-12-04T17:13:25.617+0000] {logging_mixin.py:190} INFO - [2024-12-04T17:13:25.617+0000] {dag.py:3239} INFO - Sync 2 DAGs
[2024-12-04T17:13:25.629+0000] {logging_mixin.py:190} INFO - [2024-12-04T17:13:25.628+0000] {dag.py:4180} INFO - Setting next_dagrun for read_dataset_event to 2024-12-03 00:00:00+00:00, run_after=2024-12-04 00:00:00+00:00
[2024-12-04T17:13:25.631+0000] {logging_mixin.py:190} INFO - [2024-12-04T17:13:25.630+0000] {dag.py:4180} INFO - Setting next_dagrun for read_dataset_event_from_classic to 2024-12-03 00:00:00+00:00, run_after=2024-12-04 00:00:00+00:00
[2024-12-04T17:13:25.643+0000] {processor.py:208} INFO - Processing /home/airflow/.local/lib/python3.12/site-packages/airflow/example_dags/example_inlet_event_extra.py took 0.376 seconds
[2024-12-04T17:13:55.861+0000] {processor.py:186} INFO - Started process (PID=297) to work on /home/airflow/.local/lib/python3.12/site-packages/airflow/example_dags/example_inlet_event_extra.py
[2024-12-04T17:13:55.862+0000] {processor.py:914} INFO - Processing file /home/airflow/.local/lib/python3.12/site-packages/airflow/example_dags/example_inlet_event_extra.py for tasks to queue
[2024-12-04T17:13:55.864+0000] {logging_mixin.py:190} INFO - [2024-12-04T17:13:55.863+0000] {dagbag.py:588} INFO - Filling up the DagBag from /home/airflow/.local/lib/python3.12/site-packages/airflow/example_dags/example_inlet_event_extra.py
[2024-12-04T17:13:56.165+0000] {processor.py:925} INFO - DAG(s) 'read_dataset_event_from_classic', 'read_dataset_event' retrieved from /home/airflow/.local/lib/python3.12/site-packages/airflow/example_dags/example_inlet_event_extra.py
[2024-12-04T17:13:56.180+0000] {logging_mixin.py:190} INFO - [2024-12-04T17:13:56.180+0000] {dag.py:3239} INFO - Sync 2 DAGs
[2024-12-04T17:13:56.192+0000] {logging_mixin.py:190} INFO - [2024-12-04T17:13:56.192+0000] {dag.py:4180} INFO - Setting next_dagrun for read_dataset_event to 2024-12-03 00:00:00+00:00, run_after=2024-12-04 00:00:00+00:00
[2024-12-04T17:13:56.194+0000] {logging_mixin.py:190} INFO - [2024-12-04T17:13:56.194+0000] {dag.py:4180} INFO - Setting next_dagrun for read_dataset_event_from_classic to 2024-12-03 00:00:00+00:00, run_after=2024-12-04 00:00:00+00:00
[2024-12-04T17:13:56.201+0000] {processor.py:208} INFO - Processing /home/airflow/.local/lib/python3.12/site-packages/airflow/example_dags/example_inlet_event_extra.py took 0.343 seconds
[2024-12-04T17:14:27.383+0000] {processor.py:186} INFO - Started process (PID=360) to work on /home/airflow/.local/lib/python3.12/site-packages/airflow/example_dags/example_inlet_event_extra.py
[2024-12-04T17:14:27.383+0000] {processor.py:914} INFO - Processing file /home/airflow/.local/lib/python3.12/site-packages/airflow/example_dags/example_inlet_event_extra.py for tasks to queue
[2024-12-04T17:14:27.385+0000] {logging_mixin.py:190} INFO - [2024-12-04T17:14:27.384+0000] {dagbag.py:588} INFO - Filling up the DagBag from /home/airflow/.local/lib/python3.12/site-packages/airflow/example_dags/example_inlet_event_extra.py
[2024-12-04T17:14:27.652+0000] {processor.py:925} INFO - DAG(s) 'read_dataset_event_from_classic', 'read_dataset_event' retrieved from /home/airflow/.local/lib/python3.12/site-packages/airflow/example_dags/example_inlet_event_extra.py
[2024-12-04T17:14:27.661+0000] {logging_mixin.py:190} INFO - [2024-12-04T17:14:27.661+0000] {dag.py:3239} INFO - Sync 2 DAGs
[2024-12-04T17:14:27.671+0000] {logging_mixin.py:190} INFO - [2024-12-04T17:14:27.671+0000] {dag.py:4180} INFO - Setting next_dagrun for read_dataset_event to 2024-12-03 00:00:00+00:00, run_after=2024-12-04 00:00:00+00:00
[2024-12-04T17:14:27.673+0000] {logging_mixin.py:190} INFO - [2024-12-04T17:14:27.673+0000] {dag.py:4180} INFO - Setting next_dagrun for read_dataset_event_from_classic to 2024-12-03 00:00:00+00:00, run_after=2024-12-04 00:00:00+00:00
[2024-12-04T17:14:27.678+0000] {processor.py:208} INFO - Processing /home/airflow/.local/lib/python3.12/site-packages/airflow/example_dags/example_inlet_event_extra.py took 0.299 seconds
[2024-12-04T17:14:59.292+0000] {processor.py:186} INFO - Started process (PID=423) to work on /home/airflow/.local/lib/python3.12/site-packages/airflow/example_dags/example_inlet_event_extra.py
[2024-12-04T17:14:59.293+0000] {processor.py:914} INFO - Processing file /home/airflow/.local/lib/python3.12/site-packages/airflow/example_dags/example_inlet_event_extra.py for tasks to queue
[2024-12-04T17:14:59.296+0000] {logging_mixin.py:190} INFO - [2024-12-04T17:14:59.296+0000] {dagbag.py:588} INFO - Filling up the DagBag from /home/airflow/.local/lib/python3.12/site-packages/airflow/example_dags/example_inlet_event_extra.py
[2024-12-04T17:14:59.652+0000] {processor.py:925} INFO - DAG(s) 'read_dataset_event_from_classic', 'read_dataset_event' retrieved from /home/airflow/.local/lib/python3.12/site-packages/airflow/example_dags/example_inlet_event_extra.py
[2024-12-04T17:14:59.664+0000] {logging_mixin.py:190} INFO - [2024-12-04T17:14:59.664+0000] {dag.py:3239} INFO - Sync 2 DAGs
[2024-12-04T17:14:59.679+0000] {logging_mixin.py:190} INFO - [2024-12-04T17:14:59.678+0000] {dag.py:4180} INFO - Setting next_dagrun for read_dataset_event to 2024-12-03 00:00:00+00:00, run_after=2024-12-04 00:00:00+00:00
[2024-12-04T17:14:59.682+0000] {logging_mixin.py:190} INFO - [2024-12-04T17:14:59.682+0000] {dag.py:4180} INFO - Setting next_dagrun for read_dataset_event_from_classic to 2024-12-03 00:00:00+00:00, run_after=2024-12-04 00:00:00+00:00
[2024-12-04T17:14:59.689+0000] {processor.py:208} INFO - Processing /home/airflow/.local/lib/python3.12/site-packages/airflow/example_dags/example_inlet_event_extra.py took 0.403 seconds
[2024-12-04T17:15:29.952+0000] {processor.py:186} INFO - Started process (PID=486) to work on /home/airflow/.local/lib/python3.12/site-packages/airflow/example_dags/example_inlet_event_extra.py
[2024-12-04T17:15:29.954+0000] {processor.py:914} INFO - Processing file /home/airflow/.local/lib/python3.12/site-packages/airflow/example_dags/example_inlet_event_extra.py for tasks to queue
[2024-12-04T17:15:29.955+0000] {logging_mixin.py:190} INFO - [2024-12-04T17:15:29.955+0000] {dagbag.py:588} INFO - Filling up the DagBag from /home/airflow/.local/lib/python3.12/site-packages/airflow/example_dags/example_inlet_event_extra.py
[2024-12-04T17:15:30.344+0000] {processor.py:925} INFO - DAG(s) 'read_dataset_event_from_classic', 'read_dataset_event' retrieved from /home/airflow/.local/lib/python3.12/site-packages/airflow/example_dags/example_inlet_event_extra.py
[2024-12-04T17:15:30.359+0000] {logging_mixin.py:190} INFO - [2024-12-04T17:15:30.359+0000] {dag.py:3239} INFO - Sync 2 DAGs
[2024-12-04T17:15:30.371+0000] {logging_mixin.py:190} INFO - [2024-12-04T17:15:30.371+0000] {dag.py:4180} INFO - Setting next_dagrun for read_dataset_event to 2024-12-03 00:00:00+00:00, run_after=2024-12-04 00:00:00+00:00
[2024-12-04T17:15:30.374+0000] {logging_mixin.py:190} INFO - [2024-12-04T17:15:30.374+0000] {dag.py:4180} INFO - Setting next_dagrun for read_dataset_event_from_classic to 2024-12-03 00:00:00+00:00, run_after=2024-12-04 00:00:00+00:00
[2024-12-04T17:15:30.381+0000] {processor.py:208} INFO - Processing /home/airflow/.local/lib/python3.12/site-packages/airflow/example_dags/example_inlet_event_extra.py took 0.433 seconds
[2024-12-04T17:16:01.281+0000] {processor.py:186} INFO - Started process (PID=549) to work on /home/airflow/.local/lib/python3.12/site-packages/airflow/example_dags/example_inlet_event_extra.py
[2024-12-04T17:16:01.282+0000] {processor.py:914} INFO - Processing file /home/airflow/.local/lib/python3.12/site-packages/airflow/example_dags/example_inlet_event_extra.py for tasks to queue
[2024-12-04T17:16:01.284+0000] {logging_mixin.py:190} INFO - [2024-12-04T17:16:01.284+0000] {dagbag.py:588} INFO - Filling up the DagBag from /home/airflow/.local/lib/python3.12/site-packages/airflow/example_dags/example_inlet_event_extra.py
[2024-12-04T17:16:01.654+0000] {processor.py:925} INFO - DAG(s) 'read_dataset_event', 'read_dataset_event_from_classic' retrieved from /home/airflow/.local/lib/python3.12/site-packages/airflow/example_dags/example_inlet_event_extra.py
[2024-12-04T17:16:01.666+0000] {logging_mixin.py:190} INFO - [2024-12-04T17:16:01.666+0000] {dag.py:3239} INFO - Sync 2 DAGs
[2024-12-04T17:16:01.682+0000] {logging_mixin.py:190} INFO - [2024-12-04T17:16:01.681+0000] {dag.py:4180} INFO - Setting next_dagrun for read_dataset_event to 2024-12-03 00:00:00+00:00, run_after=2024-12-04 00:00:00+00:00
[2024-12-04T17:16:01.684+0000] {logging_mixin.py:190} INFO - [2024-12-04T17:16:01.684+0000] {dag.py:4180} INFO - Setting next_dagrun for read_dataset_event_from_classic to 2024-12-03 00:00:00+00:00, run_after=2024-12-04 00:00:00+00:00
[2024-12-04T17:16:01.697+0000] {processor.py:208} INFO - Processing /home/airflow/.local/lib/python3.12/site-packages/airflow/example_dags/example_inlet_event_extra.py took 0.419 seconds
[2024-12-04T17:16:32.701+0000] {processor.py:186} INFO - Started process (PID=612) to work on /home/airflow/.local/lib/python3.12/site-packages/airflow/example_dags/example_inlet_event_extra.py
[2024-12-04T17:16:32.704+0000] {processor.py:914} INFO - Processing file /home/airflow/.local/lib/python3.12/site-packages/airflow/example_dags/example_inlet_event_extra.py for tasks to queue
[2024-12-04T17:16:32.706+0000] {logging_mixin.py:190} INFO - [2024-12-04T17:16:32.706+0000] {dagbag.py:588} INFO - Filling up the DagBag from /home/airflow/.local/lib/python3.12/site-packages/airflow/example_dags/example_inlet_event_extra.py
[2024-12-04T17:16:33.098+0000] {processor.py:925} INFO - DAG(s) 'read_dataset_event', 'read_dataset_event_from_classic' retrieved from /home/airflow/.local/lib/python3.12/site-packages/airflow/example_dags/example_inlet_event_extra.py
[2024-12-04T17:16:33.114+0000] {logging_mixin.py:190} INFO - [2024-12-04T17:16:33.114+0000] {dag.py:3239} INFO - Sync 2 DAGs
[2024-12-04T17:16:33.149+0000] {logging_mixin.py:190} INFO - [2024-12-04T17:16:33.148+0000] {dag.py:4180} INFO - Setting next_dagrun for read_dataset_event to 2024-12-03 00:00:00+00:00, run_after=2024-12-04 00:00:00+00:00
[2024-12-04T17:16:33.151+0000] {logging_mixin.py:190} INFO - [2024-12-04T17:16:33.151+0000] {dag.py:4180} INFO - Setting next_dagrun for read_dataset_event_from_classic to 2024-12-03 00:00:00+00:00, run_after=2024-12-04 00:00:00+00:00
[2024-12-04T17:16:33.160+0000] {processor.py:208} INFO - Processing /home/airflow/.local/lib/python3.12/site-packages/airflow/example_dags/example_inlet_event_extra.py took 0.462 seconds
[2024-12-04T17:17:03.541+0000] {processor.py:186} INFO - Started process (PID=679) to work on /home/airflow/.local/lib/python3.12/site-packages/airflow/example_dags/example_inlet_event_extra.py
[2024-12-04T17:17:03.542+0000] {processor.py:914} INFO - Processing file /home/airflow/.local/lib/python3.12/site-packages/airflow/example_dags/example_inlet_event_extra.py for tasks to queue
[2024-12-04T17:17:03.543+0000] {logging_mixin.py:190} INFO - [2024-12-04T17:17:03.543+0000] {dagbag.py:588} INFO - Filling up the DagBag from /home/airflow/.local/lib/python3.12/site-packages/airflow/example_dags/example_inlet_event_extra.py
[2024-12-04T17:17:03.922+0000] {processor.py:925} INFO - DAG(s) 'read_dataset_event_from_classic', 'read_dataset_event' retrieved from /home/airflow/.local/lib/python3.12/site-packages/airflow/example_dags/example_inlet_event_extra.py
[2024-12-04T17:17:03.937+0000] {logging_mixin.py:190} INFO - [2024-12-04T17:17:03.937+0000] {dag.py:3239} INFO - Sync 2 DAGs
[2024-12-04T17:17:03.950+0000] {logging_mixin.py:190} INFO - [2024-12-04T17:17:03.950+0000] {dag.py:4180} INFO - Setting next_dagrun for read_dataset_event to 2024-12-03 00:00:00+00:00, run_after=2024-12-04 00:00:00+00:00
[2024-12-04T17:17:03.953+0000] {logging_mixin.py:190} INFO - [2024-12-04T17:17:03.953+0000] {dag.py:4180} INFO - Setting next_dagrun for read_dataset_event_from_classic to 2024-12-03 00:00:00+00:00, run_after=2024-12-04 00:00:00+00:00
[2024-12-04T17:17:03.963+0000] {processor.py:208} INFO - Processing /home/airflow/.local/lib/python3.12/site-packages/airflow/example_dags/example_inlet_event_extra.py took 0.425 seconds
[2024-12-04T17:17:34.932+0000] {processor.py:186} INFO - Started process (PID=738) to work on /home/airflow/.local/lib/python3.12/site-packages/airflow/example_dags/example_inlet_event_extra.py
[2024-12-04T17:17:34.932+0000] {processor.py:914} INFO - Processing file /home/airflow/.local/lib/python3.12/site-packages/airflow/example_dags/example_inlet_event_extra.py for tasks to queue
[2024-12-04T17:17:34.934+0000] {logging_mixin.py:190} INFO - [2024-12-04T17:17:34.933+0000] {dagbag.py:588} INFO - Filling up the DagBag from /home/airflow/.local/lib/python3.12/site-packages/airflow/example_dags/example_inlet_event_extra.py
[2024-12-04T17:17:35.265+0000] {processor.py:925} INFO - DAG(s) 'read_dataset_event', 'read_dataset_event_from_classic' retrieved from /home/airflow/.local/lib/python3.12/site-packages/airflow/example_dags/example_inlet_event_extra.py
[2024-12-04T17:17:35.275+0000] {logging_mixin.py:190} INFO - [2024-12-04T17:17:35.275+0000] {dag.py:3239} INFO - Sync 2 DAGs
[2024-12-04T17:17:35.287+0000] {logging_mixin.py:190} INFO - [2024-12-04T17:17:35.287+0000] {dag.py:4180} INFO - Setting next_dagrun for read_dataset_event to 2024-12-03 00:00:00+00:00, run_after=2024-12-04 00:00:00+00:00
[2024-12-04T17:17:35.292+0000] {logging_mixin.py:190} INFO - [2024-12-04T17:17:35.292+0000] {dag.py:4180} INFO - Setting next_dagrun for read_dataset_event_from_classic to 2024-12-03 00:00:00+00:00, run_after=2024-12-04 00:00:00+00:00
[2024-12-04T17:17:35.300+0000] {processor.py:208} INFO - Processing /home/airflow/.local/lib/python3.12/site-packages/airflow/example_dags/example_inlet_event_extra.py took 0.371 seconds
[2024-12-04T17:18:06.517+0000] {processor.py:186} INFO - Started process (PID=801) to work on /home/airflow/.local/lib/python3.12/site-packages/airflow/example_dags/example_inlet_event_extra.py
[2024-12-04T17:18:06.518+0000] {processor.py:914} INFO - Processing file /home/airflow/.local/lib/python3.12/site-packages/airflow/example_dags/example_inlet_event_extra.py for tasks to queue
[2024-12-04T17:18:06.520+0000] {logging_mixin.py:190} INFO - [2024-12-04T17:18:06.520+0000] {dagbag.py:588} INFO - Filling up the DagBag from /home/airflow/.local/lib/python3.12/site-packages/airflow/example_dags/example_inlet_event_extra.py
[2024-12-04T17:18:06.832+0000] {processor.py:925} INFO - DAG(s) 'read_dataset_event_from_classic', 'read_dataset_event' retrieved from /home/airflow/.local/lib/python3.12/site-packages/airflow/example_dags/example_inlet_event_extra.py
[2024-12-04T17:18:06.842+0000] {logging_mixin.py:190} INFO - [2024-12-04T17:18:06.842+0000] {dag.py:3239} INFO - Sync 2 DAGs
[2024-12-04T17:18:06.857+0000] {logging_mixin.py:190} INFO - [2024-12-04T17:18:06.857+0000] {dag.py:4180} INFO - Setting next_dagrun for read_dataset_event to 2024-12-03 00:00:00+00:00, run_after=2024-12-04 00:00:00+00:00
[2024-12-04T17:18:06.860+0000] {logging_mixin.py:190} INFO - [2024-12-04T17:18:06.860+0000] {dag.py:4180} INFO - Setting next_dagrun for read_dataset_event_from_classic to 2024-12-03 00:00:00+00:00, run_after=2024-12-04 00:00:00+00:00
[2024-12-04T17:18:06.868+0000] {processor.py:208} INFO - Processing /home/airflow/.local/lib/python3.12/site-packages/airflow/example_dags/example_inlet_event_extra.py took 0.356 seconds
[2024-12-04T17:18:39.238+0000] {processor.py:186} INFO - Started process (PID=864) to work on /home/airflow/.local/lib/python3.12/site-packages/airflow/example_dags/example_inlet_event_extra.py
[2024-12-04T17:18:39.239+0000] {processor.py:914} INFO - Processing file /home/airflow/.local/lib/python3.12/site-packages/airflow/example_dags/example_inlet_event_extra.py for tasks to queue
[2024-12-04T17:18:39.242+0000] {logging_mixin.py:190} INFO - [2024-12-04T17:18:39.242+0000] {dagbag.py:588} INFO - Filling up the DagBag from /home/airflow/.local/lib/python3.12/site-packages/airflow/example_dags/example_inlet_event_extra.py
[2024-12-04T17:18:39.738+0000] {processor.py:925} INFO - DAG(s) 'read_dataset_event_from_classic', 'read_dataset_event' retrieved from /home/airflow/.local/lib/python3.12/site-packages/airflow/example_dags/example_inlet_event_extra.py
[2024-12-04T17:18:39.753+0000] {logging_mixin.py:190} INFO - [2024-12-04T17:18:39.753+0000] {dag.py:3239} INFO - Sync 2 DAGs
[2024-12-04T17:18:39.768+0000] {logging_mixin.py:190} INFO - [2024-12-04T17:18:39.768+0000] {dag.py:4180} INFO - Setting next_dagrun for read_dataset_event to 2024-12-03 00:00:00+00:00, run_after=2024-12-04 00:00:00+00:00
[2024-12-04T17:18:39.774+0000] {logging_mixin.py:190} INFO - [2024-12-04T17:18:39.774+0000] {dag.py:4180} INFO - Setting next_dagrun for read_dataset_event_from_classic to 2024-12-03 00:00:00+00:00, run_after=2024-12-04 00:00:00+00:00
[2024-12-04T17:18:39.793+0000] {processor.py:208} INFO - Processing /home/airflow/.local/lib/python3.12/site-packages/airflow/example_dags/example_inlet_event_extra.py took 0.560 seconds
[2024-12-04T17:19:09.919+0000] {processor.py:186} INFO - Started process (PID=928) to work on /home/airflow/.local/lib/python3.12/site-packages/airflow/example_dags/example_inlet_event_extra.py
[2024-12-04T17:19:09.919+0000] {processor.py:914} INFO - Processing file /home/airflow/.local/lib/python3.12/site-packages/airflow/example_dags/example_inlet_event_extra.py for tasks to queue
[2024-12-04T17:19:09.920+0000] {logging_mixin.py:190} INFO - [2024-12-04T17:19:09.920+0000] {dagbag.py:588} INFO - Filling up the DagBag from /home/airflow/.local/lib/python3.12/site-packages/airflow/example_dags/example_inlet_event_extra.py
[2024-12-04T17:19:10.316+0000] {processor.py:925} INFO - DAG(s) 'read_dataset_event_from_classic', 'read_dataset_event' retrieved from /home/airflow/.local/lib/python3.12/site-packages/airflow/example_dags/example_inlet_event_extra.py
[2024-12-04T17:19:10.331+0000] {logging_mixin.py:190} INFO - [2024-12-04T17:19:10.331+0000] {dag.py:3239} INFO - Sync 2 DAGs
[2024-12-04T17:19:10.347+0000] {logging_mixin.py:190} INFO - [2024-12-04T17:19:10.346+0000] {dag.py:4180} INFO - Setting next_dagrun for read_dataset_event to 2024-12-03 00:00:00+00:00, run_after=2024-12-04 00:00:00+00:00
[2024-12-04T17:19:10.351+0000] {logging_mixin.py:190} INFO - [2024-12-04T17:19:10.351+0000] {dag.py:4180} INFO - Setting next_dagrun for read_dataset_event_from_classic to 2024-12-03 00:00:00+00:00, run_after=2024-12-04 00:00:00+00:00
[2024-12-04T17:19:10.360+0000] {processor.py:208} INFO - Processing /home/airflow/.local/lib/python3.12/site-packages/airflow/example_dags/example_inlet_event_extra.py took 0.445 seconds
[2024-12-04T17:19:41.280+0000] {processor.py:186} INFO - Started process (PID=990) to work on /home/airflow/.local/lib/python3.12/site-packages/airflow/example_dags/example_inlet_event_extra.py
[2024-12-04T17:19:41.281+0000] {processor.py:914} INFO - Processing file /home/airflow/.local/lib/python3.12/site-packages/airflow/example_dags/example_inlet_event_extra.py for tasks to queue
[2024-12-04T17:19:41.282+0000] {logging_mixin.py:190} INFO - [2024-12-04T17:19:41.282+0000] {dagbag.py:588} INFO - Filling up the DagBag from /home/airflow/.local/lib/python3.12/site-packages/airflow/example_dags/example_inlet_event_extra.py
[2024-12-04T17:19:41.644+0000] {processor.py:925} INFO - DAG(s) 'read_dataset_event_from_classic', 'read_dataset_event' retrieved from /home/airflow/.local/lib/python3.12/site-packages/airflow/example_dags/example_inlet_event_extra.py
[2024-12-04T17:19:41.653+0000] {logging_mixin.py:190} INFO - [2024-12-04T17:19:41.653+0000] {dag.py:3239} INFO - Sync 2 DAGs
[2024-12-04T17:19:41.667+0000] {logging_mixin.py:190} INFO - [2024-12-04T17:19:41.666+0000] {dag.py:4180} INFO - Setting next_dagrun for read_dataset_event to 2024-12-03 00:00:00+00:00, run_after=2024-12-04 00:00:00+00:00
[2024-12-04T17:19:41.670+0000] {logging_mixin.py:190} INFO - [2024-12-04T17:19:41.670+0000] {dag.py:4180} INFO - Setting next_dagrun for read_dataset_event_from_classic to 2024-12-03 00:00:00+00:00, run_after=2024-12-04 00:00:00+00:00
[2024-12-04T17:19:41.676+0000] {processor.py:208} INFO - Processing /home/airflow/.local/lib/python3.12/site-packages/airflow/example_dags/example_inlet_event_extra.py took 0.400 seconds
[2024-12-04T17:20:12.647+0000] {processor.py:186} INFO - Started process (PID=1053) to work on /home/airflow/.local/lib/python3.12/site-packages/airflow/example_dags/example_inlet_event_extra.py
[2024-12-04T17:20:12.648+0000] {processor.py:914} INFO - Processing file /home/airflow/.local/lib/python3.12/site-packages/airflow/example_dags/example_inlet_event_extra.py for tasks to queue
[2024-12-04T17:20:12.649+0000] {logging_mixin.py:190} INFO - [2024-12-04T17:20:12.649+0000] {dagbag.py:588} INFO - Filling up the DagBag from /home/airflow/.local/lib/python3.12/site-packages/airflow/example_dags/example_inlet_event_extra.py
[2024-12-04T17:20:13.057+0000] {processor.py:925} INFO - DAG(s) 'read_dataset_event_from_classic', 'read_dataset_event' retrieved from /home/airflow/.local/lib/python3.12/site-packages/airflow/example_dags/example_inlet_event_extra.py
[2024-12-04T17:20:13.070+0000] {logging_mixin.py:190} INFO - [2024-12-04T17:20:13.070+0000] {dag.py:3239} INFO - Sync 2 DAGs
[2024-12-04T17:20:13.081+0000] {logging_mixin.py:190} INFO - [2024-12-04T17:20:13.081+0000] {dag.py:4180} INFO - Setting next_dagrun for read_dataset_event to 2024-12-03 00:00:00+00:00, run_after=2024-12-04 00:00:00+00:00
[2024-12-04T17:20:13.084+0000] {logging_mixin.py:190} INFO - [2024-12-04T17:20:13.084+0000] {dag.py:4180} INFO - Setting next_dagrun for read_dataset_event_from_classic to 2024-12-03 00:00:00+00:00, run_after=2024-12-04 00:00:00+00:00
[2024-12-04T17:20:13.092+0000] {processor.py:208} INFO - Processing /home/airflow/.local/lib/python3.12/site-packages/airflow/example_dags/example_inlet_event_extra.py took 0.449 seconds
[2024-12-04T17:20:44.048+0000] {processor.py:186} INFO - Started process (PID=1116) to work on /home/airflow/.local/lib/python3.12/site-packages/airflow/example_dags/example_inlet_event_extra.py
[2024-12-04T17:20:44.051+0000] {processor.py:914} INFO - Processing file /home/airflow/.local/lib/python3.12/site-packages/airflow/example_dags/example_inlet_event_extra.py for tasks to queue
[2024-12-04T17:20:44.053+0000] {logging_mixin.py:190} INFO - [2024-12-04T17:20:44.053+0000] {dagbag.py:588} INFO - Filling up the DagBag from /home/airflow/.local/lib/python3.12/site-packages/airflow/example_dags/example_inlet_event_extra.py
[2024-12-04T17:20:44.371+0000] {processor.py:925} INFO - DAG(s) 'read_dataset_event', 'read_dataset_event_from_classic' retrieved from /home/airflow/.local/lib/python3.12/site-packages/airflow/example_dags/example_inlet_event_extra.py
[2024-12-04T17:20:44.382+0000] {logging_mixin.py:190} INFO - [2024-12-04T17:20:44.382+0000] {dag.py:3239} INFO - Sync 2 DAGs
[2024-12-04T17:20:44.393+0000] {logging_mixin.py:190} INFO - [2024-12-04T17:20:44.393+0000] {dag.py:4180} INFO - Setting next_dagrun for read_dataset_event to 2024-12-03 00:00:00+00:00, run_after=2024-12-04 00:00:00+00:00
[2024-12-04T17:20:44.395+0000] {logging_mixin.py:190} INFO - [2024-12-04T17:20:44.395+0000] {dag.py:4180} INFO - Setting next_dagrun for read_dataset_event_from_classic to 2024-12-03 00:00:00+00:00, run_after=2024-12-04 00:00:00+00:00
[2024-12-04T17:20:44.402+0000] {processor.py:208} INFO - Processing /home/airflow/.local/lib/python3.12/site-packages/airflow/example_dags/example_inlet_event_extra.py took 0.357 seconds
[2024-12-04T17:21:17.547+0000] {processor.py:186} INFO - Started process (PID=1179) to work on /home/airflow/.local/lib/python3.12/site-packages/airflow/example_dags/example_inlet_event_extra.py
[2024-12-04T17:21:17.548+0000] {processor.py:914} INFO - Processing file /home/airflow/.local/lib/python3.12/site-packages/airflow/example_dags/example_inlet_event_extra.py for tasks to queue
[2024-12-04T17:21:17.551+0000] {logging_mixin.py:190} INFO - [2024-12-04T17:21:17.550+0000] {dagbag.py:588} INFO - Filling up the DagBag from /home/airflow/.local/lib/python3.12/site-packages/airflow/example_dags/example_inlet_event_extra.py
[2024-12-04T17:21:18.279+0000] {processor.py:925} INFO - DAG(s) 'read_dataset_event', 'read_dataset_event_from_classic' retrieved from /home/airflow/.local/lib/python3.12/site-packages/airflow/example_dags/example_inlet_event_extra.py
[2024-12-04T17:21:18.305+0000] {logging_mixin.py:190} INFO - [2024-12-04T17:21:18.305+0000] {dag.py:3239} INFO - Sync 2 DAGs
[2024-12-04T17:21:18.324+0000] {logging_mixin.py:190} INFO - [2024-12-04T17:21:18.324+0000] {dag.py:4180} INFO - Setting next_dagrun for read_dataset_event to 2024-12-03 00:00:00+00:00, run_after=2024-12-04 00:00:00+00:00
[2024-12-04T17:21:18.327+0000] {logging_mixin.py:190} INFO - [2024-12-04T17:21:18.327+0000] {dag.py:4180} INFO - Setting next_dagrun for read_dataset_event_from_classic to 2024-12-03 00:00:00+00:00, run_after=2024-12-04 00:00:00+00:00
[2024-12-04T17:21:18.334+0000] {processor.py:208} INFO - Processing /home/airflow/.local/lib/python3.12/site-packages/airflow/example_dags/example_inlet_event_extra.py took 0.792 seconds
[2024-12-04T17:21:49.056+0000] {processor.py:186} INFO - Started process (PID=1243) to work on /home/airflow/.local/lib/python3.12/site-packages/airflow/example_dags/example_inlet_event_extra.py
[2024-12-04T17:21:49.058+0000] {processor.py:914} INFO - Processing file /home/airflow/.local/lib/python3.12/site-packages/airflow/example_dags/example_inlet_event_extra.py for tasks to queue
[2024-12-04T17:21:49.063+0000] {logging_mixin.py:190} INFO - [2024-12-04T17:21:49.062+0000] {dagbag.py:588} INFO - Filling up the DagBag from /home/airflow/.local/lib/python3.12/site-packages/airflow/example_dags/example_inlet_event_extra.py
[2024-12-04T17:21:50.233+0000] {processor.py:925} INFO - DAG(s) 'read_dataset_event', 'read_dataset_event_from_classic' retrieved from /home/airflow/.local/lib/python3.12/site-packages/airflow/example_dags/example_inlet_event_extra.py
[2024-12-04T17:21:50.302+0000] {logging_mixin.py:190} INFO - [2024-12-04T17:21:50.301+0000] {dag.py:3239} INFO - Sync 2 DAGs
[2024-12-04T17:21:50.375+0000] {logging_mixin.py:190} INFO - [2024-12-04T17:21:50.373+0000] {dag.py:4180} INFO - Setting next_dagrun for read_dataset_event to 2024-12-03 00:00:00+00:00, run_after=2024-12-04 00:00:00+00:00
[2024-12-04T17:21:50.389+0000] {logging_mixin.py:190} INFO - [2024-12-04T17:21:50.388+0000] {dag.py:4180} INFO - Setting next_dagrun for read_dataset_event_from_classic to 2024-12-03 00:00:00+00:00, run_after=2024-12-04 00:00:00+00:00
[2024-12-04T17:21:50.428+0000] {processor.py:208} INFO - Processing /home/airflow/.local/lib/python3.12/site-packages/airflow/example_dags/example_inlet_event_extra.py took 1.385 seconds
[2024-12-04T17:22:21.306+0000] {processor.py:186} INFO - Started process (PID=1311) to work on /home/airflow/.local/lib/python3.12/site-packages/airflow/example_dags/example_inlet_event_extra.py
[2024-12-04T17:22:21.307+0000] {processor.py:914} INFO - Processing file /home/airflow/.local/lib/python3.12/site-packages/airflow/example_dags/example_inlet_event_extra.py for tasks to queue
[2024-12-04T17:22:21.308+0000] {logging_mixin.py:190} INFO - [2024-12-04T17:22:21.308+0000] {dagbag.py:588} INFO - Filling up the DagBag from /home/airflow/.local/lib/python3.12/site-packages/airflow/example_dags/example_inlet_event_extra.py
[2024-12-04T17:22:24.324+0000] {processor.py:925} INFO - DAG(s) 'read_dataset_event', 'read_dataset_event_from_classic' retrieved from /home/airflow/.local/lib/python3.12/site-packages/airflow/example_dags/example_inlet_event_extra.py
[2024-12-04T17:22:24.373+0000] {logging_mixin.py:190} INFO - [2024-12-04T17:22:24.372+0000] {dag.py:3239} INFO - Sync 2 DAGs
[2024-12-04T17:22:24.418+0000] {logging_mixin.py:190} INFO - [2024-12-04T17:22:24.417+0000] {dag.py:4180} INFO - Setting next_dagrun for read_dataset_event to 2024-12-03 00:00:00+00:00, run_after=2024-12-04 00:00:00+00:00
[2024-12-04T17:22:24.445+0000] {logging_mixin.py:190} INFO - [2024-12-04T17:22:24.445+0000] {dag.py:4180} INFO - Setting next_dagrun for read_dataset_event_from_classic to 2024-12-03 00:00:00+00:00, run_after=2024-12-04 00:00:00+00:00
[2024-12-04T17:22:24.479+0000] {processor.py:208} INFO - Processing /home/airflow/.local/lib/python3.12/site-packages/airflow/example_dags/example_inlet_event_extra.py took 3.177 seconds
[2024-12-04T17:23:05.378+0000] {processor.py:186} INFO - Started process (PID=1374) to work on /home/airflow/.local/lib/python3.12/site-packages/airflow/example_dags/example_inlet_event_extra.py
[2024-12-04T17:23:05.386+0000] {processor.py:914} INFO - Processing file /home/airflow/.local/lib/python3.12/site-packages/airflow/example_dags/example_inlet_event_extra.py for tasks to queue
[2024-12-04T17:23:05.417+0000] {logging_mixin.py:190} INFO - [2024-12-04T17:23:05.414+0000] {dagbag.py:588} INFO - Filling up the DagBag from /home/airflow/.local/lib/python3.12/site-packages/airflow/example_dags/example_inlet_event_extra.py
[2024-12-04T17:23:11.823+0000] {processor.py:925} INFO - DAG(s) 'read_dataset_event', 'read_dataset_event_from_classic' retrieved from /home/airflow/.local/lib/python3.12/site-packages/airflow/example_dags/example_inlet_event_extra.py
[2024-12-04T17:23:12.008+0000] {logging_mixin.py:190} INFO - [2024-12-04T17:23:12.006+0000] {dag.py:3239} INFO - Sync 2 DAGs
[2024-12-04T17:23:12.127+0000] {logging_mixin.py:190} INFO - [2024-12-04T17:23:12.126+0000] {dag.py:4180} INFO - Setting next_dagrun for read_dataset_event to 2024-12-03 00:00:00+00:00, run_after=2024-12-04 00:00:00+00:00
[2024-12-04T17:23:12.149+0000] {logging_mixin.py:190} INFO - [2024-12-04T17:23:12.148+0000] {dag.py:4180} INFO - Setting next_dagrun for read_dataset_event_from_classic to 2024-12-03 00:00:00+00:00, run_after=2024-12-04 00:00:00+00:00
[2024-12-04T17:23:12.218+0000] {processor.py:208} INFO - Processing /home/airflow/.local/lib/python3.12/site-packages/airflow/example_dags/example_inlet_event_extra.py took 6.887 seconds
[2024-12-04T17:23:42.631+0000] {processor.py:186} INFO - Started process (PID=1437) to work on /home/airflow/.local/lib/python3.12/site-packages/airflow/example_dags/example_inlet_event_extra.py
[2024-12-04T17:23:42.635+0000] {processor.py:914} INFO - Processing file /home/airflow/.local/lib/python3.12/site-packages/airflow/example_dags/example_inlet_event_extra.py for tasks to queue
[2024-12-04T17:23:42.645+0000] {logging_mixin.py:190} INFO - [2024-12-04T17:23:42.645+0000] {dagbag.py:588} INFO - Filling up the DagBag from /home/airflow/.local/lib/python3.12/site-packages/airflow/example_dags/example_inlet_event_extra.py
[2024-12-04T17:23:43.892+0000] {processor.py:925} INFO - DAG(s) 'read_dataset_event', 'read_dataset_event_from_classic' retrieved from /home/airflow/.local/lib/python3.12/site-packages/airflow/example_dags/example_inlet_event_extra.py
[2024-12-04T17:23:43.958+0000] {logging_mixin.py:190} INFO - [2024-12-04T17:23:43.958+0000] {dag.py:3239} INFO - Sync 2 DAGs
[2024-12-04T17:23:43.983+0000] {logging_mixin.py:190} INFO - [2024-12-04T17:23:43.983+0000] {dag.py:4180} INFO - Setting next_dagrun for read_dataset_event to 2024-12-03 00:00:00+00:00, run_after=2024-12-04 00:00:00+00:00
[2024-12-04T17:23:43.986+0000] {logging_mixin.py:190} INFO - [2024-12-04T17:23:43.986+0000] {dag.py:4180} INFO - Setting next_dagrun for read_dataset_event_from_classic to 2024-12-03 00:00:00+00:00, run_after=2024-12-04 00:00:00+00:00
[2024-12-04T17:23:44.023+0000] {processor.py:208} INFO - Processing /home/airflow/.local/lib/python3.12/site-packages/airflow/example_dags/example_inlet_event_extra.py took 1.410 seconds
[2024-12-04T17:24:14.363+0000] {processor.py:186} INFO - Started process (PID=1500) to work on /home/airflow/.local/lib/python3.12/site-packages/airflow/example_dags/example_inlet_event_extra.py
[2024-12-04T17:24:14.368+0000] {processor.py:914} INFO - Processing file /home/airflow/.local/lib/python3.12/site-packages/airflow/example_dags/example_inlet_event_extra.py for tasks to queue
[2024-12-04T17:24:14.383+0000] {logging_mixin.py:190} INFO - [2024-12-04T17:24:14.383+0000] {dagbag.py:588} INFO - Filling up the DagBag from /home/airflow/.local/lib/python3.12/site-packages/airflow/example_dags/example_inlet_event_extra.py
[2024-12-04T17:24:15.772+0000] {processor.py:925} INFO - DAG(s) 'read_dataset_event', 'read_dataset_event_from_classic' retrieved from /home/airflow/.local/lib/python3.12/site-packages/airflow/example_dags/example_inlet_event_extra.py
[2024-12-04T17:24:15.896+0000] {logging_mixin.py:190} INFO - [2024-12-04T17:24:15.891+0000] {dag.py:3239} INFO - Sync 2 DAGs
[2024-12-04T17:24:15.934+0000] {logging_mixin.py:190} INFO - [2024-12-04T17:24:15.934+0000] {dag.py:4180} INFO - Setting next_dagrun for read_dataset_event to 2024-12-03 00:00:00+00:00, run_after=2024-12-04 00:00:00+00:00
[2024-12-04T17:24:15.941+0000] {logging_mixin.py:190} INFO - [2024-12-04T17:24:15.941+0000] {dag.py:4180} INFO - Setting next_dagrun for read_dataset_event_from_classic to 2024-12-03 00:00:00+00:00, run_after=2024-12-04 00:00:00+00:00
[2024-12-04T17:24:16.000+0000] {processor.py:208} INFO - Processing /home/airflow/.local/lib/python3.12/site-packages/airflow/example_dags/example_inlet_event_extra.py took 1.664 seconds
[2024-12-04T17:24:47.476+0000] {processor.py:186} INFO - Started process (PID=1564) to work on /home/airflow/.local/lib/python3.12/site-packages/airflow/example_dags/example_inlet_event_extra.py
[2024-12-04T17:24:47.476+0000] {processor.py:914} INFO - Processing file /home/airflow/.local/lib/python3.12/site-packages/airflow/example_dags/example_inlet_event_extra.py for tasks to queue
[2024-12-04T17:24:47.478+0000] {logging_mixin.py:190} INFO - [2024-12-04T17:24:47.478+0000] {dagbag.py:588} INFO - Filling up the DagBag from /home/airflow/.local/lib/python3.12/site-packages/airflow/example_dags/example_inlet_event_extra.py
[2024-12-04T17:24:47.801+0000] {processor.py:925} INFO - DAG(s) 'read_dataset_event', 'read_dataset_event_from_classic' retrieved from /home/airflow/.local/lib/python3.12/site-packages/airflow/example_dags/example_inlet_event_extra.py
[2024-12-04T17:24:47.821+0000] {logging_mixin.py:190} INFO - [2024-12-04T17:24:47.821+0000] {dag.py:3239} INFO - Sync 2 DAGs
[2024-12-04T17:24:47.833+0000] {logging_mixin.py:190} INFO - [2024-12-04T17:24:47.833+0000] {dag.py:4180} INFO - Setting next_dagrun for read_dataset_event to 2024-12-03 00:00:00+00:00, run_after=2024-12-04 00:00:00+00:00
[2024-12-04T17:24:47.835+0000] {logging_mixin.py:190} INFO - [2024-12-04T17:24:47.835+0000] {dag.py:4180} INFO - Setting next_dagrun for read_dataset_event_from_classic to 2024-12-03 00:00:00+00:00, run_after=2024-12-04 00:00:00+00:00
[2024-12-04T17:24:47.842+0000] {processor.py:208} INFO - Processing /home/airflow/.local/lib/python3.12/site-packages/airflow/example_dags/example_inlet_event_extra.py took 0.370 seconds
[2024-12-04T17:25:18.913+0000] {processor.py:186} INFO - Started process (PID=1631) to work on /home/airflow/.local/lib/python3.12/site-packages/airflow/example_dags/example_inlet_event_extra.py
[2024-12-04T17:25:18.914+0000] {processor.py:914} INFO - Processing file /home/airflow/.local/lib/python3.12/site-packages/airflow/example_dags/example_inlet_event_extra.py for tasks to queue
[2024-12-04T17:25:18.916+0000] {logging_mixin.py:190} INFO - [2024-12-04T17:25:18.916+0000] {dagbag.py:588} INFO - Filling up the DagBag from /home/airflow/.local/lib/python3.12/site-packages/airflow/example_dags/example_inlet_event_extra.py
[2024-12-04T17:25:19.311+0000] {processor.py:925} INFO - DAG(s) 'read_dataset_event', 'read_dataset_event_from_classic' retrieved from /home/airflow/.local/lib/python3.12/site-packages/airflow/example_dags/example_inlet_event_extra.py
[2024-12-04T17:25:19.324+0000] {logging_mixin.py:190} INFO - [2024-12-04T17:25:19.324+0000] {dag.py:3239} INFO - Sync 2 DAGs
[2024-12-04T17:25:19.343+0000] {logging_mixin.py:190} INFO - [2024-12-04T17:25:19.343+0000] {dag.py:4180} INFO - Setting next_dagrun for read_dataset_event to 2024-12-03 00:00:00+00:00, run_after=2024-12-04 00:00:00+00:00
[2024-12-04T17:25:19.347+0000] {logging_mixin.py:190} INFO - [2024-12-04T17:25:19.347+0000] {dag.py:4180} INFO - Setting next_dagrun for read_dataset_event_from_classic to 2024-12-03 00:00:00+00:00, run_after=2024-12-04 00:00:00+00:00
[2024-12-04T17:25:19.361+0000] {processor.py:208} INFO - Processing /home/airflow/.local/lib/python3.12/site-packages/airflow/example_dags/example_inlet_event_extra.py took 0.453 seconds
[2024-12-04T17:25:49.535+0000] {processor.py:186} INFO - Started process (PID=1700) to work on /home/airflow/.local/lib/python3.12/site-packages/airflow/example_dags/example_inlet_event_extra.py
[2024-12-04T17:25:49.536+0000] {processor.py:914} INFO - Processing file /home/airflow/.local/lib/python3.12/site-packages/airflow/example_dags/example_inlet_event_extra.py for tasks to queue
[2024-12-04T17:25:49.537+0000] {logging_mixin.py:190} INFO - [2024-12-04T17:25:49.537+0000] {dagbag.py:588} INFO - Filling up the DagBag from /home/airflow/.local/lib/python3.12/site-packages/airflow/example_dags/example_inlet_event_extra.py
[2024-12-04T17:25:49.886+0000] {processor.py:925} INFO - DAG(s) 'read_dataset_event_from_classic', 'read_dataset_event' retrieved from /home/airflow/.local/lib/python3.12/site-packages/airflow/example_dags/example_inlet_event_extra.py
[2024-12-04T17:25:49.902+0000] {logging_mixin.py:190} INFO - [2024-12-04T17:25:49.902+0000] {dag.py:3239} INFO - Sync 2 DAGs
[2024-12-04T17:25:49.913+0000] {logging_mixin.py:190} INFO - [2024-12-04T17:25:49.913+0000] {dag.py:4180} INFO - Setting next_dagrun for read_dataset_event to 2024-12-03 00:00:00+00:00, run_after=2024-12-04 00:00:00+00:00
[2024-12-04T17:25:49.915+0000] {logging_mixin.py:190} INFO - [2024-12-04T17:25:49.915+0000] {dag.py:4180} INFO - Setting next_dagrun for read_dataset_event_from_classic to 2024-12-03 00:00:00+00:00, run_after=2024-12-04 00:00:00+00:00
[2024-12-04T17:25:49.922+0000] {processor.py:208} INFO - Processing /home/airflow/.local/lib/python3.12/site-packages/airflow/example_dags/example_inlet_event_extra.py took 0.391 seconds
[2024-12-04T17:26:21.513+0000] {processor.py:186} INFO - Started process (PID=1763) to work on /home/airflow/.local/lib/python3.12/site-packages/airflow/example_dags/example_inlet_event_extra.py
[2024-12-04T17:26:21.514+0000] {processor.py:914} INFO - Processing file /home/airflow/.local/lib/python3.12/site-packages/airflow/example_dags/example_inlet_event_extra.py for tasks to queue
[2024-12-04T17:26:21.520+0000] {logging_mixin.py:190} INFO - [2024-12-04T17:26:21.519+0000] {dagbag.py:588} INFO - Filling up the DagBag from /home/airflow/.local/lib/python3.12/site-packages/airflow/example_dags/example_inlet_event_extra.py
[2024-12-04T17:26:23.151+0000] {processor.py:925} INFO - DAG(s) 'read_dataset_event_from_classic', 'read_dataset_event' retrieved from /home/airflow/.local/lib/python3.12/site-packages/airflow/example_dags/example_inlet_event_extra.py
[2024-12-04T17:26:23.174+0000] {logging_mixin.py:190} INFO - [2024-12-04T17:26:23.174+0000] {dag.py:3239} INFO - Sync 2 DAGs
[2024-12-04T17:26:23.200+0000] {logging_mixin.py:190} INFO - [2024-12-04T17:26:23.200+0000] {dag.py:4180} INFO - Setting next_dagrun for read_dataset_event to 2024-12-03 00:00:00+00:00, run_after=2024-12-04 00:00:00+00:00
[2024-12-04T17:26:23.206+0000] {logging_mixin.py:190} INFO - [2024-12-04T17:26:23.206+0000] {dag.py:4180} INFO - Setting next_dagrun for read_dataset_event_from_classic to 2024-12-03 00:00:00+00:00, run_after=2024-12-04 00:00:00+00:00
[2024-12-04T17:26:23.223+0000] {processor.py:208} INFO - Processing /home/airflow/.local/lib/python3.12/site-packages/airflow/example_dags/example_inlet_event_extra.py took 1.718 seconds
[2024-12-04T17:26:55.106+0000] {processor.py:186} INFO - Started process (PID=1833) to work on /home/airflow/.local/lib/python3.12/site-packages/airflow/example_dags/example_inlet_event_extra.py
[2024-12-04T17:26:55.110+0000] {processor.py:914} INFO - Processing file /home/airflow/.local/lib/python3.12/site-packages/airflow/example_dags/example_inlet_event_extra.py for tasks to queue
[2024-12-04T17:26:55.113+0000] {logging_mixin.py:190} INFO - [2024-12-04T17:26:55.113+0000] {dagbag.py:588} INFO - Filling up the DagBag from /home/airflow/.local/lib/python3.12/site-packages/airflow/example_dags/example_inlet_event_extra.py
[2024-12-04T17:26:57.666+0000] {processor.py:925} INFO - DAG(s) 'read_dataset_event', 'read_dataset_event_from_classic' retrieved from /home/airflow/.local/lib/python3.12/site-packages/airflow/example_dags/example_inlet_event_extra.py
[2024-12-04T17:26:57.723+0000] {logging_mixin.py:190} INFO - [2024-12-04T17:26:57.721+0000] {dag.py:3239} INFO - Sync 2 DAGs
[2024-12-04T17:26:57.787+0000] {logging_mixin.py:190} INFO - [2024-12-04T17:26:57.787+0000] {dag.py:4180} INFO - Setting next_dagrun for read_dataset_event to 2024-12-03 00:00:00+00:00, run_after=2024-12-04 00:00:00+00:00
[2024-12-04T17:26:57.791+0000] {logging_mixin.py:190} INFO - [2024-12-04T17:26:57.791+0000] {dag.py:4180} INFO - Setting next_dagrun for read_dataset_event_from_classic to 2024-12-03 00:00:00+00:00, run_after=2024-12-04 00:00:00+00:00
[2024-12-04T17:26:57.816+0000] {processor.py:208} INFO - Processing /home/airflow/.local/lib/python3.12/site-packages/airflow/example_dags/example_inlet_event_extra.py took 2.719 seconds
[2024-12-04T17:27:28.874+0000] {processor.py:186} INFO - Started process (PID=1912) to work on /home/airflow/.local/lib/python3.12/site-packages/airflow/example_dags/example_inlet_event_extra.py
[2024-12-04T17:27:28.876+0000] {processor.py:914} INFO - Processing file /home/airflow/.local/lib/python3.12/site-packages/airflow/example_dags/example_inlet_event_extra.py for tasks to queue
[2024-12-04T17:27:28.883+0000] {logging_mixin.py:190} INFO - [2024-12-04T17:27:28.882+0000] {dagbag.py:588} INFO - Filling up the DagBag from /home/airflow/.local/lib/python3.12/site-packages/airflow/example_dags/example_inlet_event_extra.py
[2024-12-04T17:27:30.382+0000] {processor.py:925} INFO - DAG(s) 'read_dataset_event', 'read_dataset_event_from_classic' retrieved from /home/airflow/.local/lib/python3.12/site-packages/airflow/example_dags/example_inlet_event_extra.py
[2024-12-04T17:27:30.469+0000] {logging_mixin.py:190} INFO - [2024-12-04T17:27:30.468+0000] {dag.py:3239} INFO - Sync 2 DAGs
[2024-12-04T17:27:30.509+0000] {logging_mixin.py:190} INFO - [2024-12-04T17:27:30.508+0000] {dag.py:4180} INFO - Setting next_dagrun for read_dataset_event to 2024-12-03 00:00:00+00:00, run_after=2024-12-04 00:00:00+00:00
[2024-12-04T17:27:30.512+0000] {logging_mixin.py:190} INFO - [2024-12-04T17:27:30.512+0000] {dag.py:4180} INFO - Setting next_dagrun for read_dataset_event_from_classic to 2024-12-03 00:00:00+00:00, run_after=2024-12-04 00:00:00+00:00
[2024-12-04T17:27:30.548+0000] {processor.py:208} INFO - Processing /home/airflow/.local/lib/python3.12/site-packages/airflow/example_dags/example_inlet_event_extra.py took 1.693 seconds
[2024-12-04T17:28:00.863+0000] {processor.py:186} INFO - Started process (PID=1975) to work on /home/airflow/.local/lib/python3.12/site-packages/airflow/example_dags/example_inlet_event_extra.py
[2024-12-04T17:28:00.870+0000] {processor.py:914} INFO - Processing file /home/airflow/.local/lib/python3.12/site-packages/airflow/example_dags/example_inlet_event_extra.py for tasks to queue
[2024-12-04T17:28:00.887+0000] {logging_mixin.py:190} INFO - [2024-12-04T17:28:00.886+0000] {dagbag.py:588} INFO - Filling up the DagBag from /home/airflow/.local/lib/python3.12/site-packages/airflow/example_dags/example_inlet_event_extra.py
[2024-12-04T17:28:05.018+0000] {processor.py:925} INFO - DAG(s) 'read_dataset_event', 'read_dataset_event_from_classic' retrieved from /home/airflow/.local/lib/python3.12/site-packages/airflow/example_dags/example_inlet_event_extra.py
[2024-12-04T17:28:05.112+0000] {logging_mixin.py:190} INFO - [2024-12-04T17:28:05.111+0000] {dag.py:3239} INFO - Sync 2 DAGs
[2024-12-04T17:28:05.181+0000] {logging_mixin.py:190} INFO - [2024-12-04T17:28:05.180+0000] {dag.py:4180} INFO - Setting next_dagrun for read_dataset_event to 2024-12-03 00:00:00+00:00, run_after=2024-12-04 00:00:00+00:00
[2024-12-04T17:28:05.188+0000] {logging_mixin.py:190} INFO - [2024-12-04T17:28:05.188+0000] {dag.py:4180} INFO - Setting next_dagrun for read_dataset_event_from_classic to 2024-12-03 00:00:00+00:00, run_after=2024-12-04 00:00:00+00:00
[2024-12-04T17:28:05.207+0000] {processor.py:208} INFO - Processing /home/airflow/.local/lib/python3.12/site-packages/airflow/example_dags/example_inlet_event_extra.py took 4.378 seconds
[2024-12-04T17:28:35.417+0000] {processor.py:186} INFO - Started process (PID=2038) to work on /home/airflow/.local/lib/python3.12/site-packages/airflow/example_dags/example_inlet_event_extra.py
[2024-12-04T17:28:35.420+0000] {processor.py:914} INFO - Processing file /home/airflow/.local/lib/python3.12/site-packages/airflow/example_dags/example_inlet_event_extra.py for tasks to queue
[2024-12-04T17:28:35.430+0000] {logging_mixin.py:190} INFO - [2024-12-04T17:28:35.429+0000] {dagbag.py:588} INFO - Filling up the DagBag from /home/airflow/.local/lib/python3.12/site-packages/airflow/example_dags/example_inlet_event_extra.py
[2024-12-04T17:28:38.670+0000] {processor.py:925} INFO - DAG(s) 'read_dataset_event', 'read_dataset_event_from_classic' retrieved from /home/airflow/.local/lib/python3.12/site-packages/airflow/example_dags/example_inlet_event_extra.py
[2024-12-04T17:28:38.800+0000] {logging_mixin.py:190} INFO - [2024-12-04T17:28:38.799+0000] {dag.py:3239} INFO - Sync 2 DAGs
[2024-12-04T17:28:38.896+0000] {logging_mixin.py:190} INFO - [2024-12-04T17:28:38.895+0000] {dag.py:4180} INFO - Setting next_dagrun for read_dataset_event to 2024-12-03 00:00:00+00:00, run_after=2024-12-04 00:00:00+00:00
[2024-12-04T17:28:38.909+0000] {logging_mixin.py:190} INFO - [2024-12-04T17:28:38.909+0000] {dag.py:4180} INFO - Setting next_dagrun for read_dataset_event_from_classic to 2024-12-03 00:00:00+00:00, run_after=2024-12-04 00:00:00+00:00
[2024-12-04T17:28:38.955+0000] {processor.py:208} INFO - Processing /home/airflow/.local/lib/python3.12/site-packages/airflow/example_dags/example_inlet_event_extra.py took 3.559 seconds
[2024-12-04T17:29:09.382+0000] {processor.py:186} INFO - Started process (PID=2101) to work on /home/airflow/.local/lib/python3.12/site-packages/airflow/example_dags/example_inlet_event_extra.py
[2024-12-04T17:29:09.385+0000] {processor.py:914} INFO - Processing file /home/airflow/.local/lib/python3.12/site-packages/airflow/example_dags/example_inlet_event_extra.py for tasks to queue
[2024-12-04T17:29:09.393+0000] {logging_mixin.py:190} INFO - [2024-12-04T17:29:09.392+0000] {dagbag.py:588} INFO - Filling up the DagBag from /home/airflow/.local/lib/python3.12/site-packages/airflow/example_dags/example_inlet_event_extra.py
[2024-12-04T17:29:11.196+0000] {processor.py:925} INFO - DAG(s) 'read_dataset_event', 'read_dataset_event_from_classic' retrieved from /home/airflow/.local/lib/python3.12/site-packages/airflow/example_dags/example_inlet_event_extra.py
[2024-12-04T17:29:11.296+0000] {logging_mixin.py:190} INFO - [2024-12-04T17:29:11.295+0000] {dag.py:3239} INFO - Sync 2 DAGs
[2024-12-04T17:29:11.345+0000] {logging_mixin.py:190} INFO - [2024-12-04T17:29:11.344+0000] {dag.py:4180} INFO - Setting next_dagrun for read_dataset_event to 2024-12-03 00:00:00+00:00, run_after=2024-12-04 00:00:00+00:00
[2024-12-04T17:29:11.352+0000] {logging_mixin.py:190} INFO - [2024-12-04T17:29:11.351+0000] {dag.py:4180} INFO - Setting next_dagrun for read_dataset_event_from_classic to 2024-12-03 00:00:00+00:00, run_after=2024-12-04 00:00:00+00:00
[2024-12-04T17:29:11.382+0000] {processor.py:208} INFO - Processing /home/airflow/.local/lib/python3.12/site-packages/airflow/example_dags/example_inlet_event_extra.py took 2.019 seconds
[2024-12-04T17:29:42.036+0000] {processor.py:186} INFO - Started process (PID=2164) to work on /home/airflow/.local/lib/python3.12/site-packages/airflow/example_dags/example_inlet_event_extra.py
[2024-12-04T17:29:42.049+0000] {processor.py:914} INFO - Processing file /home/airflow/.local/lib/python3.12/site-packages/airflow/example_dags/example_inlet_event_extra.py for tasks to queue
[2024-12-04T17:29:42.062+0000] {logging_mixin.py:190} INFO - [2024-12-04T17:29:42.059+0000] {dagbag.py:588} INFO - Filling up the DagBag from /home/airflow/.local/lib/python3.12/site-packages/airflow/example_dags/example_inlet_event_extra.py
[2024-12-04T17:29:43.164+0000] {processor.py:925} INFO - DAG(s) 'read_dataset_event', 'read_dataset_event_from_classic' retrieved from /home/airflow/.local/lib/python3.12/site-packages/airflow/example_dags/example_inlet_event_extra.py
[2024-12-04T17:29:43.205+0000] {logging_mixin.py:190} INFO - [2024-12-04T17:29:43.204+0000] {dag.py:3239} INFO - Sync 2 DAGs
[2024-12-04T17:29:43.226+0000] {logging_mixin.py:190} INFO - [2024-12-04T17:29:43.226+0000] {dag.py:4180} INFO - Setting next_dagrun for read_dataset_event to 2024-12-03 00:00:00+00:00, run_after=2024-12-04 00:00:00+00:00
[2024-12-04T17:29:43.229+0000] {logging_mixin.py:190} INFO - [2024-12-04T17:29:43.229+0000] {dag.py:4180} INFO - Setting next_dagrun for read_dataset_event_from_classic to 2024-12-03 00:00:00+00:00, run_after=2024-12-04 00:00:00+00:00
[2024-12-04T17:29:43.239+0000] {processor.py:208} INFO - Processing /home/airflow/.local/lib/python3.12/site-packages/airflow/example_dags/example_inlet_event_extra.py took 1.231 seconds
[2024-12-04T17:30:13.375+0000] {processor.py:186} INFO - Started process (PID=2227) to work on /home/airflow/.local/lib/python3.12/site-packages/airflow/example_dags/example_inlet_event_extra.py
[2024-12-04T17:30:13.378+0000] {processor.py:914} INFO - Processing file /home/airflow/.local/lib/python3.12/site-packages/airflow/example_dags/example_inlet_event_extra.py for tasks to queue
[2024-12-04T17:30:13.381+0000] {logging_mixin.py:190} INFO - [2024-12-04T17:30:13.381+0000] {dagbag.py:588} INFO - Filling up the DagBag from /home/airflow/.local/lib/python3.12/site-packages/airflow/example_dags/example_inlet_event_extra.py
[2024-12-04T17:30:13.765+0000] {processor.py:925} INFO - DAG(s) 'read_dataset_event_from_classic', 'read_dataset_event' retrieved from /home/airflow/.local/lib/python3.12/site-packages/airflow/example_dags/example_inlet_event_extra.py
[2024-12-04T17:30:13.782+0000] {logging_mixin.py:190} INFO - [2024-12-04T17:30:13.782+0000] {dag.py:3239} INFO - Sync 2 DAGs
[2024-12-04T17:30:13.799+0000] {logging_mixin.py:190} INFO - [2024-12-04T17:30:13.799+0000] {dag.py:4180} INFO - Setting next_dagrun for read_dataset_event to 2024-12-03 00:00:00+00:00, run_after=2024-12-04 00:00:00+00:00
[2024-12-04T17:30:13.803+0000] {logging_mixin.py:190} INFO - [2024-12-04T17:30:13.803+0000] {dag.py:4180} INFO - Setting next_dagrun for read_dataset_event_from_classic to 2024-12-03 00:00:00+00:00, run_after=2024-12-04 00:00:00+00:00
[2024-12-04T17:30:13.812+0000] {processor.py:208} INFO - Processing /home/airflow/.local/lib/python3.12/site-packages/airflow/example_dags/example_inlet_event_extra.py took 0.444 seconds
[2024-12-04T17:30:44.486+0000] {processor.py:186} INFO - Started process (PID=2290) to work on /home/airflow/.local/lib/python3.12/site-packages/airflow/example_dags/example_inlet_event_extra.py
[2024-12-04T17:30:44.490+0000] {processor.py:914} INFO - Processing file /home/airflow/.local/lib/python3.12/site-packages/airflow/example_dags/example_inlet_event_extra.py for tasks to queue
[2024-12-04T17:30:44.497+0000] {logging_mixin.py:190} INFO - [2024-12-04T17:30:44.497+0000] {dagbag.py:588} INFO - Filling up the DagBag from /home/airflow/.local/lib/python3.12/site-packages/airflow/example_dags/example_inlet_event_extra.py
[2024-12-04T17:30:45.160+0000] {processor.py:925} INFO - DAG(s) 'read_dataset_event_from_classic', 'read_dataset_event' retrieved from /home/airflow/.local/lib/python3.12/site-packages/airflow/example_dags/example_inlet_event_extra.py
[2024-12-04T17:30:45.184+0000] {logging_mixin.py:190} INFO - [2024-12-04T17:30:45.183+0000] {dag.py:3239} INFO - Sync 2 DAGs
[2024-12-04T17:30:45.201+0000] {logging_mixin.py:190} INFO - [2024-12-04T17:30:45.201+0000] {dag.py:4180} INFO - Setting next_dagrun for read_dataset_event to 2024-12-03 00:00:00+00:00, run_after=2024-12-04 00:00:00+00:00
[2024-12-04T17:30:45.203+0000] {logging_mixin.py:190} INFO - [2024-12-04T17:30:45.203+0000] {dag.py:4180} INFO - Setting next_dagrun for read_dataset_event_from_classic to 2024-12-03 00:00:00+00:00, run_after=2024-12-04 00:00:00+00:00
[2024-12-04T17:30:45.213+0000] {processor.py:208} INFO - Processing /home/airflow/.local/lib/python3.12/site-packages/airflow/example_dags/example_inlet_event_extra.py took 0.737 seconds
[2024-12-04T17:31:15.642+0000] {processor.py:186} INFO - Started process (PID=2353) to work on /home/airflow/.local/lib/python3.12/site-packages/airflow/example_dags/example_inlet_event_extra.py
[2024-12-04T17:31:15.645+0000] {processor.py:914} INFO - Processing file /home/airflow/.local/lib/python3.12/site-packages/airflow/example_dags/example_inlet_event_extra.py for tasks to queue
[2024-12-04T17:31:15.650+0000] {logging_mixin.py:190} INFO - [2024-12-04T17:31:15.650+0000] {dagbag.py:588} INFO - Filling up the DagBag from /home/airflow/.local/lib/python3.12/site-packages/airflow/example_dags/example_inlet_event_extra.py
[2024-12-04T17:31:16.274+0000] {processor.py:925} INFO - DAG(s) 'read_dataset_event_from_classic', 'read_dataset_event' retrieved from /home/airflow/.local/lib/python3.12/site-packages/airflow/example_dags/example_inlet_event_extra.py
[2024-12-04T17:31:16.293+0000] {logging_mixin.py:190} INFO - [2024-12-04T17:31:16.293+0000] {dag.py:3239} INFO - Sync 2 DAGs
[2024-12-04T17:31:16.308+0000] {logging_mixin.py:190} INFO - [2024-12-04T17:31:16.308+0000] {dag.py:4180} INFO - Setting next_dagrun for read_dataset_event to 2024-12-03 00:00:00+00:00, run_after=2024-12-04 00:00:00+00:00
[2024-12-04T17:31:16.310+0000] {logging_mixin.py:190} INFO - [2024-12-04T17:31:16.310+0000] {dag.py:4180} INFO - Setting next_dagrun for read_dataset_event_from_classic to 2024-12-03 00:00:00+00:00, run_after=2024-12-04 00:00:00+00:00
[2024-12-04T17:31:16.320+0000] {processor.py:208} INFO - Processing /home/airflow/.local/lib/python3.12/site-packages/airflow/example_dags/example_inlet_event_extra.py took 0.689 seconds
[2024-12-04T17:31:46.866+0000] {processor.py:186} INFO - Started process (PID=2416) to work on /home/airflow/.local/lib/python3.12/site-packages/airflow/example_dags/example_inlet_event_extra.py
[2024-12-04T17:31:46.867+0000] {processor.py:914} INFO - Processing file /home/airflow/.local/lib/python3.12/site-packages/airflow/example_dags/example_inlet_event_extra.py for tasks to queue
[2024-12-04T17:31:46.872+0000] {logging_mixin.py:190} INFO - [2024-12-04T17:31:46.871+0000] {dagbag.py:588} INFO - Filling up the DagBag from /home/airflow/.local/lib/python3.12/site-packages/airflow/example_dags/example_inlet_event_extra.py
[2024-12-04T17:31:47.457+0000] {processor.py:925} INFO - DAG(s) 'read_dataset_event_from_classic', 'read_dataset_event' retrieved from /home/airflow/.local/lib/python3.12/site-packages/airflow/example_dags/example_inlet_event_extra.py
[2024-12-04T17:31:47.476+0000] {logging_mixin.py:190} INFO - [2024-12-04T17:31:47.476+0000] {dag.py:3239} INFO - Sync 2 DAGs
[2024-12-04T17:31:47.491+0000] {logging_mixin.py:190} INFO - [2024-12-04T17:31:47.490+0000] {dag.py:4180} INFO - Setting next_dagrun for read_dataset_event to 2024-12-03 00:00:00+00:00, run_after=2024-12-04 00:00:00+00:00
[2024-12-04T17:31:47.494+0000] {logging_mixin.py:190} INFO - [2024-12-04T17:31:47.494+0000] {dag.py:4180} INFO - Setting next_dagrun for read_dataset_event_from_classic to 2024-12-03 00:00:00+00:00, run_after=2024-12-04 00:00:00+00:00
[2024-12-04T17:31:47.504+0000] {processor.py:208} INFO - Processing /home/airflow/.local/lib/python3.12/site-packages/airflow/example_dags/example_inlet_event_extra.py took 0.657 seconds
[2024-12-04T17:32:17.567+0000] {processor.py:186} INFO - Started process (PID=2478) to work on /home/airflow/.local/lib/python3.12/site-packages/airflow/example_dags/example_inlet_event_extra.py
[2024-12-04T17:32:17.569+0000] {processor.py:914} INFO - Processing file /home/airflow/.local/lib/python3.12/site-packages/airflow/example_dags/example_inlet_event_extra.py for tasks to queue
[2024-12-04T17:32:17.575+0000] {logging_mixin.py:190} INFO - [2024-12-04T17:32:17.574+0000] {dagbag.py:588} INFO - Filling up the DagBag from /home/airflow/.local/lib/python3.12/site-packages/airflow/example_dags/example_inlet_event_extra.py
[2024-12-04T17:32:18.041+0000] {processor.py:925} INFO - DAG(s) 'read_dataset_event', 'read_dataset_event_from_classic' retrieved from /home/airflow/.local/lib/python3.12/site-packages/airflow/example_dags/example_inlet_event_extra.py
[2024-12-04T17:32:18.053+0000] {logging_mixin.py:190} INFO - [2024-12-04T17:32:18.053+0000] {dag.py:3239} INFO - Sync 2 DAGs
[2024-12-04T17:32:18.066+0000] {logging_mixin.py:190} INFO - [2024-12-04T17:32:18.065+0000] {dag.py:4180} INFO - Setting next_dagrun for read_dataset_event to 2024-12-03 00:00:00+00:00, run_after=2024-12-04 00:00:00+00:00
[2024-12-04T17:32:18.068+0000] {logging_mixin.py:190} INFO - [2024-12-04T17:32:18.067+0000] {dag.py:4180} INFO - Setting next_dagrun for read_dataset_event_from_classic to 2024-12-03 00:00:00+00:00, run_after=2024-12-04 00:00:00+00:00
[2024-12-04T17:32:18.074+0000] {processor.py:208} INFO - Processing /home/airflow/.local/lib/python3.12/site-packages/airflow/example_dags/example_inlet_event_extra.py took 0.521 seconds
