[2024-12-04T17:12:21.872+0000] {processor.py:186} INFO - Started process (PID=88) to work on /home/airflow/.local/lib/python3.12/site-packages/airflow/example_dags/example_display_name.py
[2024-12-04T17:12:21.873+0000] {processor.py:914} INFO - Processing file /home/airflow/.local/lib/python3.12/site-packages/airflow/example_dags/example_display_name.py for tasks to queue
[2024-12-04T17:12:21.876+0000] {logging_mixin.py:190} INFO - [2024-12-04T17:12:21.875+0000] {dagbag.py:588} INFO - Filling up the DagBag from /home/airflow/.local/lib/python3.12/site-packages/airflow/example_dags/example_display_name.py
[2024-12-04T17:12:21.882+0000] {processor.py:925} INFO - DAG(s) 'example_display_name' retrieved from /home/airflow/.local/lib/python3.12/site-packages/airflow/example_dags/example_display_name.py
[2024-12-04T17:12:21.946+0000] {logging_mixin.py:190} INFO - [2024-12-04T17:12:21.946+0000] {override.py:1911} INFO - Created Permission View: can read on DAG:example_display_name
[2024-12-04T17:12:21.958+0000] {logging_mixin.py:190} INFO - [2024-12-04T17:12:21.957+0000] {override.py:1911} INFO - Created Permission View: can delete on DAG:example_display_name
[2024-12-04T17:12:21.966+0000] {logging_mixin.py:190} INFO - [2024-12-04T17:12:21.966+0000] {override.py:1911} INFO - Created Permission View: can edit on DAG:example_display_name
[2024-12-04T17:12:21.973+0000] {logging_mixin.py:190} INFO - [2024-12-04T17:12:21.973+0000] {override.py:1911} INFO - Created Permission View: menu access on DAG Run:example_display_name
[2024-12-04T17:12:21.979+0000] {logging_mixin.py:190} INFO - [2024-12-04T17:12:21.979+0000] {override.py:1911} INFO - Created Permission View: can delete on DAG Run:example_display_name
[2024-12-04T17:12:21.982+0000] {logging_mixin.py:190} INFO - [2024-12-04T17:12:21.982+0000] {override.py:1911} INFO - Created Permission View: can read on DAG Run:example_display_name
[2024-12-04T17:12:21.984+0000] {logging_mixin.py:190} INFO - [2024-12-04T17:12:21.984+0000] {override.py:1911} INFO - Created Permission View: can create on DAG Run:example_display_name
[2024-12-04T17:12:21.985+0000] {logging_mixin.py:190} INFO - [2024-12-04T17:12:21.985+0000] {dag.py:3239} INFO - Sync 1 DAGs
[2024-12-04T17:12:21.992+0000] {logging_mixin.py:190} INFO - [2024-12-04T17:12:21.992+0000] {dag.py:3262} INFO - Creating ORM DAG for example_display_name
[2024-12-04T17:12:21.992+0000] {logging_mixin.py:190} INFO - [2024-12-04T17:12:21.992+0000] {dag.py:4180} INFO - Setting next_dagrun for example_display_name to None, run_after=None
[2024-12-04T17:12:22.009+0000] {processor.py:208} INFO - Processing /home/airflow/.local/lib/python3.12/site-packages/airflow/example_dags/example_display_name.py took 0.141 seconds
[2024-12-04T17:12:52.814+0000] {processor.py:186} INFO - Started process (PID=156) to work on /home/airflow/.local/lib/python3.12/site-packages/airflow/example_dags/example_display_name.py
[2024-12-04T17:12:52.815+0000] {processor.py:914} INFO - Processing file /home/airflow/.local/lib/python3.12/site-packages/airflow/example_dags/example_display_name.py for tasks to queue
[2024-12-04T17:12:52.817+0000] {logging_mixin.py:190} INFO - [2024-12-04T17:12:52.817+0000] {dagbag.py:588} INFO - Filling up the DagBag from /home/airflow/.local/lib/python3.12/site-packages/airflow/example_dags/example_display_name.py
[2024-12-04T17:12:52.822+0000] {processor.py:925} INFO - DAG(s) 'example_display_name' retrieved from /home/airflow/.local/lib/python3.12/site-packages/airflow/example_dags/example_display_name.py
[2024-12-04T17:12:52.836+0000] {logging_mixin.py:190} INFO - [2024-12-04T17:12:52.836+0000] {dag.py:3239} INFO - Sync 1 DAGs
[2024-12-04T17:12:52.843+0000] {logging_mixin.py:190} INFO - [2024-12-04T17:12:52.843+0000] {dag.py:4180} INFO - Setting next_dagrun for example_display_name to None, run_after=None
[2024-12-04T17:12:52.859+0000] {processor.py:208} INFO - Processing /home/airflow/.local/lib/python3.12/site-packages/airflow/example_dags/example_display_name.py took 0.051 seconds
[2024-12-04T17:13:23.641+0000] {processor.py:186} INFO - Started process (PID=219) to work on /home/airflow/.local/lib/python3.12/site-packages/airflow/example_dags/example_display_name.py
[2024-12-04T17:13:23.641+0000] {processor.py:914} INFO - Processing file /home/airflow/.local/lib/python3.12/site-packages/airflow/example_dags/example_display_name.py for tasks to queue
[2024-12-04T17:13:23.643+0000] {logging_mixin.py:190} INFO - [2024-12-04T17:13:23.642+0000] {dagbag.py:588} INFO - Filling up the DagBag from /home/airflow/.local/lib/python3.12/site-packages/airflow/example_dags/example_display_name.py
[2024-12-04T17:13:23.647+0000] {processor.py:925} INFO - DAG(s) 'example_display_name' retrieved from /home/airflow/.local/lib/python3.12/site-packages/airflow/example_dags/example_display_name.py
[2024-12-04T17:13:23.657+0000] {logging_mixin.py:190} INFO - [2024-12-04T17:13:23.657+0000] {dag.py:3239} INFO - Sync 1 DAGs
[2024-12-04T17:13:23.665+0000] {logging_mixin.py:190} INFO - [2024-12-04T17:13:23.665+0000] {dag.py:4180} INFO - Setting next_dagrun for example_display_name to None, run_after=None
[2024-12-04T17:13:23.675+0000] {processor.py:208} INFO - Processing /home/airflow/.local/lib/python3.12/site-packages/airflow/example_dags/example_display_name.py took 0.038 seconds
[2024-12-04T17:13:55.077+0000] {processor.py:186} INFO - Started process (PID=282) to work on /home/airflow/.local/lib/python3.12/site-packages/airflow/example_dags/example_display_name.py
[2024-12-04T17:13:55.078+0000] {processor.py:914} INFO - Processing file /home/airflow/.local/lib/python3.12/site-packages/airflow/example_dags/example_display_name.py for tasks to queue
[2024-12-04T17:13:55.079+0000] {logging_mixin.py:190} INFO - [2024-12-04T17:13:55.079+0000] {dagbag.py:588} INFO - Filling up the DagBag from /home/airflow/.local/lib/python3.12/site-packages/airflow/example_dags/example_display_name.py
[2024-12-04T17:13:55.085+0000] {processor.py:925} INFO - DAG(s) 'example_display_name' retrieved from /home/airflow/.local/lib/python3.12/site-packages/airflow/example_dags/example_display_name.py
[2024-12-04T17:13:55.099+0000] {logging_mixin.py:190} INFO - [2024-12-04T17:13:55.099+0000] {dag.py:3239} INFO - Sync 1 DAGs
[2024-12-04T17:13:55.106+0000] {logging_mixin.py:190} INFO - [2024-12-04T17:13:55.106+0000] {dag.py:4180} INFO - Setting next_dagrun for example_display_name to None, run_after=None
[2024-12-04T17:13:55.118+0000] {processor.py:208} INFO - Processing /home/airflow/.local/lib/python3.12/site-packages/airflow/example_dags/example_display_name.py took 0.045 seconds
[2024-12-04T17:14:26.535+0000] {processor.py:186} INFO - Started process (PID=345) to work on /home/airflow/.local/lib/python3.12/site-packages/airflow/example_dags/example_display_name.py
[2024-12-04T17:14:26.536+0000] {processor.py:914} INFO - Processing file /home/airflow/.local/lib/python3.12/site-packages/airflow/example_dags/example_display_name.py for tasks to queue
[2024-12-04T17:14:26.538+0000] {logging_mixin.py:190} INFO - [2024-12-04T17:14:26.538+0000] {dagbag.py:588} INFO - Filling up the DagBag from /home/airflow/.local/lib/python3.12/site-packages/airflow/example_dags/example_display_name.py
[2024-12-04T17:14:26.545+0000] {processor.py:925} INFO - DAG(s) 'example_display_name' retrieved from /home/airflow/.local/lib/python3.12/site-packages/airflow/example_dags/example_display_name.py
[2024-12-04T17:14:26.567+0000] {logging_mixin.py:190} INFO - [2024-12-04T17:14:26.567+0000] {dag.py:3239} INFO - Sync 1 DAGs
[2024-12-04T17:14:26.578+0000] {logging_mixin.py:190} INFO - [2024-12-04T17:14:26.577+0000] {dag.py:4180} INFO - Setting next_dagrun for example_display_name to None, run_after=None
[2024-12-04T17:14:26.594+0000] {processor.py:208} INFO - Processing /home/airflow/.local/lib/python3.12/site-packages/airflow/example_dags/example_display_name.py took 0.066 seconds
[2024-12-04T17:14:58.052+0000] {processor.py:186} INFO - Started process (PID=408) to work on /home/airflow/.local/lib/python3.12/site-packages/airflow/example_dags/example_display_name.py
[2024-12-04T17:14:58.053+0000] {processor.py:914} INFO - Processing file /home/airflow/.local/lib/python3.12/site-packages/airflow/example_dags/example_display_name.py for tasks to queue
[2024-12-04T17:14:58.054+0000] {logging_mixin.py:190} INFO - [2024-12-04T17:14:58.054+0000] {dagbag.py:588} INFO - Filling up the DagBag from /home/airflow/.local/lib/python3.12/site-packages/airflow/example_dags/example_display_name.py
[2024-12-04T17:14:58.059+0000] {processor.py:925} INFO - DAG(s) 'example_display_name' retrieved from /home/airflow/.local/lib/python3.12/site-packages/airflow/example_dags/example_display_name.py
[2024-12-04T17:14:58.073+0000] {logging_mixin.py:190} INFO - [2024-12-04T17:14:58.072+0000] {dag.py:3239} INFO - Sync 1 DAGs
[2024-12-04T17:14:58.093+0000] {logging_mixin.py:190} INFO - [2024-12-04T17:14:58.092+0000] {dag.py:4180} INFO - Setting next_dagrun for example_display_name to None, run_after=None
[2024-12-04T17:14:58.122+0000] {processor.py:208} INFO - Processing /home/airflow/.local/lib/python3.12/site-packages/airflow/example_dags/example_display_name.py took 0.073 seconds
[2024-12-04T17:15:28.933+0000] {processor.py:186} INFO - Started process (PID=471) to work on /home/airflow/.local/lib/python3.12/site-packages/airflow/example_dags/example_display_name.py
[2024-12-04T17:15:28.933+0000] {processor.py:914} INFO - Processing file /home/airflow/.local/lib/python3.12/site-packages/airflow/example_dags/example_display_name.py for tasks to queue
[2024-12-04T17:15:28.934+0000] {logging_mixin.py:190} INFO - [2024-12-04T17:15:28.934+0000] {dagbag.py:588} INFO - Filling up the DagBag from /home/airflow/.local/lib/python3.12/site-packages/airflow/example_dags/example_display_name.py
[2024-12-04T17:15:28.938+0000] {processor.py:925} INFO - DAG(s) 'example_display_name' retrieved from /home/airflow/.local/lib/python3.12/site-packages/airflow/example_dags/example_display_name.py
[2024-12-04T17:15:28.952+0000] {logging_mixin.py:190} INFO - [2024-12-04T17:15:28.951+0000] {dag.py:3239} INFO - Sync 1 DAGs
[2024-12-04T17:15:28.959+0000] {logging_mixin.py:190} INFO - [2024-12-04T17:15:28.959+0000] {dag.py:4180} INFO - Setting next_dagrun for example_display_name to None, run_after=None
[2024-12-04T17:15:28.972+0000] {processor.py:208} INFO - Processing /home/airflow/.local/lib/python3.12/site-packages/airflow/example_dags/example_display_name.py took 0.042 seconds
[2024-12-04T17:16:00.445+0000] {processor.py:186} INFO - Started process (PID=534) to work on /home/airflow/.local/lib/python3.12/site-packages/airflow/example_dags/example_display_name.py
[2024-12-04T17:16:00.449+0000] {processor.py:914} INFO - Processing file /home/airflow/.local/lib/python3.12/site-packages/airflow/example_dags/example_display_name.py for tasks to queue
[2024-12-04T17:16:00.450+0000] {logging_mixin.py:190} INFO - [2024-12-04T17:16:00.450+0000] {dagbag.py:588} INFO - Filling up the DagBag from /home/airflow/.local/lib/python3.12/site-packages/airflow/example_dags/example_display_name.py
[2024-12-04T17:16:00.454+0000] {processor.py:925} INFO - DAG(s) 'example_display_name' retrieved from /home/airflow/.local/lib/python3.12/site-packages/airflow/example_dags/example_display_name.py
[2024-12-04T17:16:00.463+0000] {logging_mixin.py:190} INFO - [2024-12-04T17:16:00.463+0000] {dag.py:3239} INFO - Sync 1 DAGs
[2024-12-04T17:16:00.471+0000] {logging_mixin.py:190} INFO - [2024-12-04T17:16:00.471+0000] {dag.py:4180} INFO - Setting next_dagrun for example_display_name to None, run_after=None
[2024-12-04T17:16:00.479+0000] {processor.py:208} INFO - Processing /home/airflow/.local/lib/python3.12/site-packages/airflow/example_dags/example_display_name.py took 0.037 seconds
[2024-12-04T17:16:31.779+0000] {processor.py:186} INFO - Started process (PID=597) to work on /home/airflow/.local/lib/python3.12/site-packages/airflow/example_dags/example_display_name.py
[2024-12-04T17:16:31.780+0000] {processor.py:914} INFO - Processing file /home/airflow/.local/lib/python3.12/site-packages/airflow/example_dags/example_display_name.py for tasks to queue
[2024-12-04T17:16:31.782+0000] {logging_mixin.py:190} INFO - [2024-12-04T17:16:31.782+0000] {dagbag.py:588} INFO - Filling up the DagBag from /home/airflow/.local/lib/python3.12/site-packages/airflow/example_dags/example_display_name.py
[2024-12-04T17:16:31.787+0000] {processor.py:925} INFO - DAG(s) 'example_display_name' retrieved from /home/airflow/.local/lib/python3.12/site-packages/airflow/example_dags/example_display_name.py
[2024-12-04T17:16:31.803+0000] {logging_mixin.py:190} INFO - [2024-12-04T17:16:31.802+0000] {dag.py:3239} INFO - Sync 1 DAGs
[2024-12-04T17:16:31.812+0000] {logging_mixin.py:190} INFO - [2024-12-04T17:16:31.812+0000] {dag.py:4180} INFO - Setting next_dagrun for example_display_name to None, run_after=None
[2024-12-04T17:16:31.821+0000] {processor.py:208} INFO - Processing /home/airflow/.local/lib/python3.12/site-packages/airflow/example_dags/example_display_name.py took 0.045 seconds
[2024-12-04T17:17:02.566+0000] {processor.py:186} INFO - Started process (PID=660) to work on /home/airflow/.local/lib/python3.12/site-packages/airflow/example_dags/example_display_name.py
[2024-12-04T17:17:02.567+0000] {processor.py:914} INFO - Processing file /home/airflow/.local/lib/python3.12/site-packages/airflow/example_dags/example_display_name.py for tasks to queue
[2024-12-04T17:17:02.568+0000] {logging_mixin.py:190} INFO - [2024-12-04T17:17:02.568+0000] {dagbag.py:588} INFO - Filling up the DagBag from /home/airflow/.local/lib/python3.12/site-packages/airflow/example_dags/example_display_name.py
[2024-12-04T17:17:02.575+0000] {processor.py:925} INFO - DAG(s) 'example_display_name' retrieved from /home/airflow/.local/lib/python3.12/site-packages/airflow/example_dags/example_display_name.py
[2024-12-04T17:17:02.588+0000] {logging_mixin.py:190} INFO - [2024-12-04T17:17:02.588+0000] {dag.py:3239} INFO - Sync 1 DAGs
[2024-12-04T17:17:02.594+0000] {logging_mixin.py:190} INFO - [2024-12-04T17:17:02.594+0000] {dag.py:4180} INFO - Setting next_dagrun for example_display_name to None, run_after=None
[2024-12-04T17:17:02.603+0000] {processor.py:208} INFO - Processing /home/airflow/.local/lib/python3.12/site-packages/airflow/example_dags/example_display_name.py took 0.041 seconds
[2024-12-04T17:17:33.954+0000] {processor.py:186} INFO - Started process (PID=723) to work on /home/airflow/.local/lib/python3.12/site-packages/airflow/example_dags/example_display_name.py
[2024-12-04T17:17:33.956+0000] {processor.py:914} INFO - Processing file /home/airflow/.local/lib/python3.12/site-packages/airflow/example_dags/example_display_name.py for tasks to queue
[2024-12-04T17:17:33.958+0000] {logging_mixin.py:190} INFO - [2024-12-04T17:17:33.958+0000] {dagbag.py:588} INFO - Filling up the DagBag from /home/airflow/.local/lib/python3.12/site-packages/airflow/example_dags/example_display_name.py
[2024-12-04T17:17:33.967+0000] {processor.py:925} INFO - DAG(s) 'example_display_name' retrieved from /home/airflow/.local/lib/python3.12/site-packages/airflow/example_dags/example_display_name.py
[2024-12-04T17:17:33.981+0000] {logging_mixin.py:190} INFO - [2024-12-04T17:17:33.981+0000] {dag.py:3239} INFO - Sync 1 DAGs
[2024-12-04T17:17:33.992+0000] {logging_mixin.py:190} INFO - [2024-12-04T17:17:33.992+0000] {dag.py:4180} INFO - Setting next_dagrun for example_display_name to None, run_after=None
[2024-12-04T17:17:34.003+0000] {processor.py:208} INFO - Processing /home/airflow/.local/lib/python3.12/site-packages/airflow/example_dags/example_display_name.py took 0.054 seconds
[2024-12-04T17:18:05.564+0000] {processor.py:186} INFO - Started process (PID=786) to work on /home/airflow/.local/lib/python3.12/site-packages/airflow/example_dags/example_display_name.py
[2024-12-04T17:18:05.566+0000] {processor.py:914} INFO - Processing file /home/airflow/.local/lib/python3.12/site-packages/airflow/example_dags/example_display_name.py for tasks to queue
[2024-12-04T17:18:05.568+0000] {logging_mixin.py:190} INFO - [2024-12-04T17:18:05.568+0000] {dagbag.py:588} INFO - Filling up the DagBag from /home/airflow/.local/lib/python3.12/site-packages/airflow/example_dags/example_display_name.py
[2024-12-04T17:18:05.572+0000] {processor.py:925} INFO - DAG(s) 'example_display_name' retrieved from /home/airflow/.local/lib/python3.12/site-packages/airflow/example_dags/example_display_name.py
[2024-12-04T17:18:05.585+0000] {logging_mixin.py:190} INFO - [2024-12-04T17:18:05.585+0000] {dag.py:3239} INFO - Sync 1 DAGs
[2024-12-04T17:18:05.596+0000] {logging_mixin.py:190} INFO - [2024-12-04T17:18:05.596+0000] {dag.py:4180} INFO - Setting next_dagrun for example_display_name to None, run_after=None
[2024-12-04T17:18:05.607+0000] {processor.py:208} INFO - Processing /home/airflow/.local/lib/python3.12/site-packages/airflow/example_dags/example_display_name.py took 0.046 seconds
[2024-12-04T17:18:38.146+0000] {processor.py:186} INFO - Started process (PID=849) to work on /home/airflow/.local/lib/python3.12/site-packages/airflow/example_dags/example_display_name.py
[2024-12-04T17:18:38.148+0000] {processor.py:914} INFO - Processing file /home/airflow/.local/lib/python3.12/site-packages/airflow/example_dags/example_display_name.py for tasks to queue
[2024-12-04T17:18:38.150+0000] {logging_mixin.py:190} INFO - [2024-12-04T17:18:38.150+0000] {dagbag.py:588} INFO - Filling up the DagBag from /home/airflow/.local/lib/python3.12/site-packages/airflow/example_dags/example_display_name.py
[2024-12-04T17:18:38.154+0000] {processor.py:925} INFO - DAG(s) 'example_display_name' retrieved from /home/airflow/.local/lib/python3.12/site-packages/airflow/example_dags/example_display_name.py
[2024-12-04T17:18:38.194+0000] {logging_mixin.py:190} INFO - [2024-12-04T17:18:38.194+0000] {dag.py:3239} INFO - Sync 1 DAGs
[2024-12-04T17:18:38.204+0000] {logging_mixin.py:190} INFO - [2024-12-04T17:18:38.204+0000] {dag.py:4180} INFO - Setting next_dagrun for example_display_name to None, run_after=None
[2024-12-04T17:18:38.215+0000] {processor.py:208} INFO - Processing /home/airflow/.local/lib/python3.12/site-packages/airflow/example_dags/example_display_name.py took 0.072 seconds
[2024-12-04T17:19:09.040+0000] {processor.py:186} INFO - Started process (PID=912) to work on /home/airflow/.local/lib/python3.12/site-packages/airflow/example_dags/example_display_name.py
[2024-12-04T17:19:09.041+0000] {processor.py:914} INFO - Processing file /home/airflow/.local/lib/python3.12/site-packages/airflow/example_dags/example_display_name.py for tasks to queue
[2024-12-04T17:19:09.046+0000] {logging_mixin.py:190} INFO - [2024-12-04T17:19:09.045+0000] {dagbag.py:588} INFO - Filling up the DagBag from /home/airflow/.local/lib/python3.12/site-packages/airflow/example_dags/example_display_name.py
[2024-12-04T17:19:09.053+0000] {processor.py:925} INFO - DAG(s) 'example_display_name' retrieved from /home/airflow/.local/lib/python3.12/site-packages/airflow/example_dags/example_display_name.py
[2024-12-04T17:19:09.064+0000] {logging_mixin.py:190} INFO - [2024-12-04T17:19:09.064+0000] {dag.py:3239} INFO - Sync 1 DAGs
[2024-12-04T17:19:09.072+0000] {logging_mixin.py:190} INFO - [2024-12-04T17:19:09.072+0000] {dag.py:4180} INFO - Setting next_dagrun for example_display_name to None, run_after=None
[2024-12-04T17:19:09.081+0000] {processor.py:208} INFO - Processing /home/airflow/.local/lib/python3.12/site-packages/airflow/example_dags/example_display_name.py took 0.046 seconds
[2024-12-04T17:19:40.466+0000] {processor.py:186} INFO - Started process (PID=975) to work on /home/airflow/.local/lib/python3.12/site-packages/airflow/example_dags/example_display_name.py
[2024-12-04T17:19:40.467+0000] {processor.py:914} INFO - Processing file /home/airflow/.local/lib/python3.12/site-packages/airflow/example_dags/example_display_name.py for tasks to queue
[2024-12-04T17:19:40.471+0000] {logging_mixin.py:190} INFO - [2024-12-04T17:19:40.471+0000] {dagbag.py:588} INFO - Filling up the DagBag from /home/airflow/.local/lib/python3.12/site-packages/airflow/example_dags/example_display_name.py
[2024-12-04T17:19:40.475+0000] {processor.py:925} INFO - DAG(s) 'example_display_name' retrieved from /home/airflow/.local/lib/python3.12/site-packages/airflow/example_dags/example_display_name.py
[2024-12-04T17:19:40.486+0000] {logging_mixin.py:190} INFO - [2024-12-04T17:19:40.486+0000] {dag.py:3239} INFO - Sync 1 DAGs
[2024-12-04T17:19:40.494+0000] {logging_mixin.py:190} INFO - [2024-12-04T17:19:40.493+0000] {dag.py:4180} INFO - Setting next_dagrun for example_display_name to None, run_after=None
[2024-12-04T17:19:40.506+0000] {processor.py:208} INFO - Processing /home/airflow/.local/lib/python3.12/site-packages/airflow/example_dags/example_display_name.py took 0.044 seconds
[2024-12-04T17:20:11.780+0000] {processor.py:186} INFO - Started process (PID=1038) to work on /home/airflow/.local/lib/python3.12/site-packages/airflow/example_dags/example_display_name.py
[2024-12-04T17:20:11.782+0000] {processor.py:914} INFO - Processing file /home/airflow/.local/lib/python3.12/site-packages/airflow/example_dags/example_display_name.py for tasks to queue
[2024-12-04T17:20:11.783+0000] {logging_mixin.py:190} INFO - [2024-12-04T17:20:11.783+0000] {dagbag.py:588} INFO - Filling up the DagBag from /home/airflow/.local/lib/python3.12/site-packages/airflow/example_dags/example_display_name.py
[2024-12-04T17:20:11.788+0000] {processor.py:925} INFO - DAG(s) 'example_display_name' retrieved from /home/airflow/.local/lib/python3.12/site-packages/airflow/example_dags/example_display_name.py
[2024-12-04T17:20:11.802+0000] {logging_mixin.py:190} INFO - [2024-12-04T17:20:11.801+0000] {dag.py:3239} INFO - Sync 1 DAGs
[2024-12-04T17:20:11.809+0000] {logging_mixin.py:190} INFO - [2024-12-04T17:20:11.809+0000] {dag.py:4180} INFO - Setting next_dagrun for example_display_name to None, run_after=None
[2024-12-04T17:20:11.823+0000] {processor.py:208} INFO - Processing /home/airflow/.local/lib/python3.12/site-packages/airflow/example_dags/example_display_name.py took 0.046 seconds
[2024-12-04T17:20:43.207+0000] {processor.py:186} INFO - Started process (PID=1101) to work on /home/airflow/.local/lib/python3.12/site-packages/airflow/example_dags/example_display_name.py
[2024-12-04T17:20:43.208+0000] {processor.py:914} INFO - Processing file /home/airflow/.local/lib/python3.12/site-packages/airflow/example_dags/example_display_name.py for tasks to queue
[2024-12-04T17:20:43.212+0000] {logging_mixin.py:190} INFO - [2024-12-04T17:20:43.212+0000] {dagbag.py:588} INFO - Filling up the DagBag from /home/airflow/.local/lib/python3.12/site-packages/airflow/example_dags/example_display_name.py
[2024-12-04T17:20:43.218+0000] {processor.py:925} INFO - DAG(s) 'example_display_name' retrieved from /home/airflow/.local/lib/python3.12/site-packages/airflow/example_dags/example_display_name.py
[2024-12-04T17:20:43.235+0000] {logging_mixin.py:190} INFO - [2024-12-04T17:20:43.234+0000] {dag.py:3239} INFO - Sync 1 DAGs
[2024-12-04T17:20:43.242+0000] {logging_mixin.py:190} INFO - [2024-12-04T17:20:43.242+0000] {dag.py:4180} INFO - Setting next_dagrun for example_display_name to None, run_after=None
[2024-12-04T17:20:43.252+0000] {processor.py:208} INFO - Processing /home/airflow/.local/lib/python3.12/site-packages/airflow/example_dags/example_display_name.py took 0.049 seconds
[2024-12-04T17:21:14.626+0000] {processor.py:186} INFO - Started process (PID=1164) to work on /home/airflow/.local/lib/python3.12/site-packages/airflow/example_dags/example_display_name.py
[2024-12-04T17:21:14.626+0000] {processor.py:914} INFO - Processing file /home/airflow/.local/lib/python3.12/site-packages/airflow/example_dags/example_display_name.py for tasks to queue
[2024-12-04T17:21:14.631+0000] {logging_mixin.py:190} INFO - [2024-12-04T17:21:14.630+0000] {dagbag.py:588} INFO - Filling up the DagBag from /home/airflow/.local/lib/python3.12/site-packages/airflow/example_dags/example_display_name.py
[2024-12-04T17:21:14.640+0000] {processor.py:925} INFO - DAG(s) 'example_display_name' retrieved from /home/airflow/.local/lib/python3.12/site-packages/airflow/example_dags/example_display_name.py
[2024-12-04T17:21:14.817+0000] {logging_mixin.py:190} INFO - [2024-12-04T17:21:14.813+0000] {dag.py:3239} INFO - Sync 1 DAGs
[2024-12-04T17:21:14.892+0000] {logging_mixin.py:190} INFO - [2024-12-04T17:21:14.892+0000] {dag.py:4180} INFO - Setting next_dagrun for example_display_name to None, run_after=None
[2024-12-04T17:21:14.941+0000] {processor.py:208} INFO - Processing /home/airflow/.local/lib/python3.12/site-packages/airflow/example_dags/example_display_name.py took 0.319 seconds
[2024-12-04T17:21:46.004+0000] {processor.py:186} INFO - Started process (PID=1227) to work on /home/airflow/.local/lib/python3.12/site-packages/airflow/example_dags/example_display_name.py
[2024-12-04T17:21:46.004+0000] {processor.py:914} INFO - Processing file /home/airflow/.local/lib/python3.12/site-packages/airflow/example_dags/example_display_name.py for tasks to queue
[2024-12-04T17:21:46.005+0000] {logging_mixin.py:190} INFO - [2024-12-04T17:21:46.005+0000] {dagbag.py:588} INFO - Filling up the DagBag from /home/airflow/.local/lib/python3.12/site-packages/airflow/example_dags/example_display_name.py
[2024-12-04T17:21:46.010+0000] {processor.py:925} INFO - DAG(s) 'example_display_name' retrieved from /home/airflow/.local/lib/python3.12/site-packages/airflow/example_dags/example_display_name.py
[2024-12-04T17:21:46.021+0000] {logging_mixin.py:190} INFO - [2024-12-04T17:21:46.021+0000] {dag.py:3239} INFO - Sync 1 DAGs
[2024-12-04T17:21:46.029+0000] {logging_mixin.py:190} INFO - [2024-12-04T17:21:46.029+0000] {dag.py:4180} INFO - Setting next_dagrun for example_display_name to None, run_after=None
[2024-12-04T17:21:46.040+0000] {processor.py:208} INFO - Processing /home/airflow/.local/lib/python3.12/site-packages/airflow/example_dags/example_display_name.py took 0.040 seconds
[2024-12-04T17:22:17.194+0000] {processor.py:186} INFO - Started process (PID=1290) to work on /home/airflow/.local/lib/python3.12/site-packages/airflow/example_dags/example_display_name.py
[2024-12-04T17:22:17.195+0000] {processor.py:914} INFO - Processing file /home/airflow/.local/lib/python3.12/site-packages/airflow/example_dags/example_display_name.py for tasks to queue
[2024-12-04T17:22:17.197+0000] {logging_mixin.py:190} INFO - [2024-12-04T17:22:17.197+0000] {dagbag.py:588} INFO - Filling up the DagBag from /home/airflow/.local/lib/python3.12/site-packages/airflow/example_dags/example_display_name.py
[2024-12-04T17:22:17.202+0000] {processor.py:925} INFO - DAG(s) 'example_display_name' retrieved from /home/airflow/.local/lib/python3.12/site-packages/airflow/example_dags/example_display_name.py
[2024-12-04T17:22:17.216+0000] {logging_mixin.py:190} INFO - [2024-12-04T17:22:17.216+0000] {dag.py:3239} INFO - Sync 1 DAGs
[2024-12-04T17:22:17.224+0000] {logging_mixin.py:190} INFO - [2024-12-04T17:22:17.224+0000] {dag.py:4180} INFO - Setting next_dagrun for example_display_name to None, run_after=None
[2024-12-04T17:22:17.237+0000] {processor.py:208} INFO - Processing /home/airflow/.local/lib/python3.12/site-packages/airflow/example_dags/example_display_name.py took 0.046 seconds
[2024-12-04T17:22:56.732+0000] {processor.py:186} INFO - Started process (PID=1359) to work on /home/airflow/.local/lib/python3.12/site-packages/airflow/example_dags/example_display_name.py
[2024-12-04T17:22:56.734+0000] {processor.py:914} INFO - Processing file /home/airflow/.local/lib/python3.12/site-packages/airflow/example_dags/example_display_name.py for tasks to queue
[2024-12-04T17:22:56.737+0000] {logging_mixin.py:190} INFO - [2024-12-04T17:22:56.737+0000] {dagbag.py:588} INFO - Filling up the DagBag from /home/airflow/.local/lib/python3.12/site-packages/airflow/example_dags/example_display_name.py
[2024-12-04T17:22:56.752+0000] {processor.py:925} INFO - DAG(s) 'example_display_name' retrieved from /home/airflow/.local/lib/python3.12/site-packages/airflow/example_dags/example_display_name.py
[2024-12-04T17:22:56.791+0000] {logging_mixin.py:190} INFO - [2024-12-04T17:22:56.791+0000] {dag.py:3239} INFO - Sync 1 DAGs
[2024-12-04T17:22:56.847+0000] {logging_mixin.py:190} INFO - [2024-12-04T17:22:56.844+0000] {dag.py:4180} INFO - Setting next_dagrun for example_display_name to None, run_after=None
[2024-12-04T17:22:56.962+0000] {processor.py:208} INFO - Processing /home/airflow/.local/lib/python3.12/site-packages/airflow/example_dags/example_display_name.py took 0.246 seconds
[2024-12-04T17:23:27.921+0000] {processor.py:186} INFO - Started process (PID=1422) to work on /home/airflow/.local/lib/python3.12/site-packages/airflow/example_dags/example_display_name.py
[2024-12-04T17:23:27.925+0000] {processor.py:914} INFO - Processing file /home/airflow/.local/lib/python3.12/site-packages/airflow/example_dags/example_display_name.py for tasks to queue
[2024-12-04T17:23:27.934+0000] {logging_mixin.py:190} INFO - [2024-12-04T17:23:27.933+0000] {dagbag.py:588} INFO - Filling up the DagBag from /home/airflow/.local/lib/python3.12/site-packages/airflow/example_dags/example_display_name.py
[2024-12-04T17:23:27.951+0000] {processor.py:925} INFO - DAG(s) 'example_display_name' retrieved from /home/airflow/.local/lib/python3.12/site-packages/airflow/example_dags/example_display_name.py
[2024-12-04T17:23:27.985+0000] {logging_mixin.py:190} INFO - [2024-12-04T17:23:27.985+0000] {dag.py:3239} INFO - Sync 1 DAGs
[2024-12-04T17:23:28.005+0000] {logging_mixin.py:190} INFO - [2024-12-04T17:23:28.005+0000] {dag.py:4180} INFO - Setting next_dagrun for example_display_name to None, run_after=None
[2024-12-04T17:23:28.023+0000] {processor.py:208} INFO - Processing /home/airflow/.local/lib/python3.12/site-packages/airflow/example_dags/example_display_name.py took 0.118 seconds
[2024-12-04T17:23:58.953+0000] {processor.py:186} INFO - Started process (PID=1485) to work on /home/airflow/.local/lib/python3.12/site-packages/airflow/example_dags/example_display_name.py
[2024-12-04T17:23:58.954+0000] {processor.py:914} INFO - Processing file /home/airflow/.local/lib/python3.12/site-packages/airflow/example_dags/example_display_name.py for tasks to queue
[2024-12-04T17:23:58.957+0000] {logging_mixin.py:190} INFO - [2024-12-04T17:23:58.957+0000] {dagbag.py:588} INFO - Filling up the DagBag from /home/airflow/.local/lib/python3.12/site-packages/airflow/example_dags/example_display_name.py
[2024-12-04T17:23:58.967+0000] {processor.py:925} INFO - DAG(s) 'example_display_name' retrieved from /home/airflow/.local/lib/python3.12/site-packages/airflow/example_dags/example_display_name.py
[2024-12-04T17:23:59.003+0000] {logging_mixin.py:190} INFO - [2024-12-04T17:23:59.002+0000] {dag.py:3239} INFO - Sync 1 DAGs
[2024-12-04T17:23:59.020+0000] {logging_mixin.py:190} INFO - [2024-12-04T17:23:59.020+0000] {dag.py:4180} INFO - Setting next_dagrun for example_display_name to None, run_after=None
[2024-12-04T17:23:59.042+0000] {processor.py:208} INFO - Processing /home/airflow/.local/lib/python3.12/site-packages/airflow/example_dags/example_display_name.py took 0.104 seconds
[2024-12-04T17:24:35.586+0000] {processor.py:186} INFO - Started process (PID=1547) to work on /home/airflow/.local/lib/python3.12/site-packages/airflow/example_dags/example_display_name.py
[2024-12-04T17:24:35.588+0000] {processor.py:914} INFO - Processing file /home/airflow/.local/lib/python3.12/site-packages/airflow/example_dags/example_display_name.py for tasks to queue
[2024-12-04T17:24:35.592+0000] {logging_mixin.py:190} INFO - [2024-12-04T17:24:35.591+0000] {dagbag.py:588} INFO - Filling up the DagBag from /home/airflow/.local/lib/python3.12/site-packages/airflow/example_dags/example_display_name.py
[2024-12-04T17:24:35.602+0000] {processor.py:925} INFO - DAG(s) 'example_display_name' retrieved from /home/airflow/.local/lib/python3.12/site-packages/airflow/example_dags/example_display_name.py
[2024-12-04T17:24:35.625+0000] {logging_mixin.py:190} INFO - [2024-12-04T17:24:35.625+0000] {dag.py:3239} INFO - Sync 1 DAGs
[2024-12-04T17:24:35.660+0000] {logging_mixin.py:190} INFO - [2024-12-04T17:24:35.659+0000] {dag.py:4180} INFO - Setting next_dagrun for example_display_name to None, run_after=None
[2024-12-04T17:24:35.696+0000] {processor.py:208} INFO - Processing /home/airflow/.local/lib/python3.12/site-packages/airflow/example_dags/example_display_name.py took 0.121 seconds
[2024-12-04T17:25:06.671+0000] {processor.py:186} INFO - Started process (PID=1610) to work on /home/airflow/.local/lib/python3.12/site-packages/airflow/example_dags/example_display_name.py
[2024-12-04T17:25:06.673+0000] {processor.py:914} INFO - Processing file /home/airflow/.local/lib/python3.12/site-packages/airflow/example_dags/example_display_name.py for tasks to queue
[2024-12-04T17:25:06.675+0000] {logging_mixin.py:190} INFO - [2024-12-04T17:25:06.675+0000] {dagbag.py:588} INFO - Filling up the DagBag from /home/airflow/.local/lib/python3.12/site-packages/airflow/example_dags/example_display_name.py
[2024-12-04T17:25:06.682+0000] {processor.py:925} INFO - DAG(s) 'example_display_name' retrieved from /home/airflow/.local/lib/python3.12/site-packages/airflow/example_dags/example_display_name.py
[2024-12-04T17:25:06.706+0000] {logging_mixin.py:190} INFO - [2024-12-04T17:25:06.706+0000] {dag.py:3239} INFO - Sync 1 DAGs
[2024-12-04T17:25:06.716+0000] {logging_mixin.py:190} INFO - [2024-12-04T17:25:06.716+0000] {dag.py:4180} INFO - Setting next_dagrun for example_display_name to None, run_after=None
[2024-12-04T17:25:06.733+0000] {processor.py:208} INFO - Processing /home/airflow/.local/lib/python3.12/site-packages/airflow/example_dags/example_display_name.py took 0.068 seconds
[2024-12-04T17:25:36.872+0000] {processor.py:186} INFO - Started process (PID=1673) to work on /home/airflow/.local/lib/python3.12/site-packages/airflow/example_dags/example_display_name.py
[2024-12-04T17:25:36.877+0000] {processor.py:914} INFO - Processing file /home/airflow/.local/lib/python3.12/site-packages/airflow/example_dags/example_display_name.py for tasks to queue
[2024-12-04T17:25:36.880+0000] {logging_mixin.py:190} INFO - [2024-12-04T17:25:36.880+0000] {dagbag.py:588} INFO - Filling up the DagBag from /home/airflow/.local/lib/python3.12/site-packages/airflow/example_dags/example_display_name.py
[2024-12-04T17:25:36.890+0000] {processor.py:925} INFO - DAG(s) 'example_display_name' retrieved from /home/airflow/.local/lib/python3.12/site-packages/airflow/example_dags/example_display_name.py
[2024-12-04T17:25:36.909+0000] {logging_mixin.py:190} INFO - [2024-12-04T17:25:36.909+0000] {dag.py:3239} INFO - Sync 1 DAGs
[2024-12-04T17:25:36.920+0000] {logging_mixin.py:190} INFO - [2024-12-04T17:25:36.920+0000] {dag.py:4180} INFO - Setting next_dagrun for example_display_name to None, run_after=None
[2024-12-04T17:25:36.938+0000] {processor.py:208} INFO - Processing /home/airflow/.local/lib/python3.12/site-packages/airflow/example_dags/example_display_name.py took 0.069 seconds
[2024-12-04T17:26:07.104+0000] {processor.py:186} INFO - Started process (PID=1736) to work on /home/airflow/.local/lib/python3.12/site-packages/airflow/example_dags/example_display_name.py
[2024-12-04T17:26:07.105+0000] {processor.py:914} INFO - Processing file /home/airflow/.local/lib/python3.12/site-packages/airflow/example_dags/example_display_name.py for tasks to queue
[2024-12-04T17:26:07.106+0000] {logging_mixin.py:190} INFO - [2024-12-04T17:26:07.106+0000] {dagbag.py:588} INFO - Filling up the DagBag from /home/airflow/.local/lib/python3.12/site-packages/airflow/example_dags/example_display_name.py
[2024-12-04T17:26:07.116+0000] {processor.py:925} INFO - DAG(s) 'example_display_name' retrieved from /home/airflow/.local/lib/python3.12/site-packages/airflow/example_dags/example_display_name.py
[2024-12-04T17:26:07.135+0000] {logging_mixin.py:190} INFO - [2024-12-04T17:26:07.135+0000] {dag.py:3239} INFO - Sync 1 DAGs
[2024-12-04T17:26:07.148+0000] {logging_mixin.py:190} INFO - [2024-12-04T17:26:07.148+0000] {dag.py:4180} INFO - Setting next_dagrun for example_display_name to None, run_after=None
[2024-12-04T17:26:07.164+0000] {processor.py:208} INFO - Processing /home/airflow/.local/lib/python3.12/site-packages/airflow/example_dags/example_display_name.py took 0.067 seconds
[2024-12-04T17:26:38.179+0000] {processor.py:186} INFO - Started process (PID=1798) to work on /home/airflow/.local/lib/python3.12/site-packages/airflow/example_dags/example_display_name.py
[2024-12-04T17:26:38.179+0000] {processor.py:914} INFO - Processing file /home/airflow/.local/lib/python3.12/site-packages/airflow/example_dags/example_display_name.py for tasks to queue
[2024-12-04T17:26:38.181+0000] {logging_mixin.py:190} INFO - [2024-12-04T17:26:38.181+0000] {dagbag.py:588} INFO - Filling up the DagBag from /home/airflow/.local/lib/python3.12/site-packages/airflow/example_dags/example_display_name.py
[2024-12-04T17:26:38.186+0000] {processor.py:925} INFO - DAG(s) 'example_display_name' retrieved from /home/airflow/.local/lib/python3.12/site-packages/airflow/example_dags/example_display_name.py
[2024-12-04T17:26:38.213+0000] {logging_mixin.py:190} INFO - [2024-12-04T17:26:38.212+0000] {dag.py:3239} INFO - Sync 1 DAGs
[2024-12-04T17:26:38.224+0000] {logging_mixin.py:190} INFO - [2024-12-04T17:26:38.223+0000] {dag.py:4180} INFO - Setting next_dagrun for example_display_name to None, run_after=None
[2024-12-04T17:26:38.238+0000] {processor.py:208} INFO - Processing /home/airflow/.local/lib/python3.12/site-packages/airflow/example_dags/example_display_name.py took 0.064 seconds
[2024-12-04T17:27:09.818+0000] {processor.py:186} INFO - Started process (PID=1861) to work on /home/airflow/.local/lib/python3.12/site-packages/airflow/example_dags/example_display_name.py
[2024-12-04T17:27:09.819+0000] {processor.py:914} INFO - Processing file /home/airflow/.local/lib/python3.12/site-packages/airflow/example_dags/example_display_name.py for tasks to queue
[2024-12-04T17:27:09.822+0000] {logging_mixin.py:190} INFO - [2024-12-04T17:27:09.821+0000] {dagbag.py:588} INFO - Filling up the DagBag from /home/airflow/.local/lib/python3.12/site-packages/airflow/example_dags/example_display_name.py
[2024-12-04T17:27:09.833+0000] {processor.py:925} INFO - DAG(s) 'example_display_name' retrieved from /home/airflow/.local/lib/python3.12/site-packages/airflow/example_dags/example_display_name.py
[2024-12-04T17:27:09.856+0000] {logging_mixin.py:190} INFO - [2024-12-04T17:27:09.856+0000] {dag.py:3239} INFO - Sync 1 DAGs
[2024-12-04T17:27:09.870+0000] {logging_mixin.py:190} INFO - [2024-12-04T17:27:09.870+0000] {dag.py:4180} INFO - Setting next_dagrun for example_display_name to None, run_after=None
[2024-12-04T17:27:09.892+0000] {processor.py:208} INFO - Processing /home/airflow/.local/lib/python3.12/site-packages/airflow/example_dags/example_display_name.py took 0.078 seconds
[2024-12-04T17:27:44.240+0000] {processor.py:186} INFO - Started process (PID=1924) to work on /home/airflow/.local/lib/python3.12/site-packages/airflow/example_dags/example_display_name.py
[2024-12-04T17:27:44.242+0000] {processor.py:914} INFO - Processing file /home/airflow/.local/lib/python3.12/site-packages/airflow/example_dags/example_display_name.py for tasks to queue
[2024-12-04T17:27:44.245+0000] {logging_mixin.py:190} INFO - [2024-12-04T17:27:44.245+0000] {dagbag.py:588} INFO - Filling up the DagBag from /home/airflow/.local/lib/python3.12/site-packages/airflow/example_dags/example_display_name.py
[2024-12-04T17:27:44.255+0000] {processor.py:925} INFO - DAG(s) 'example_display_name' retrieved from /home/airflow/.local/lib/python3.12/site-packages/airflow/example_dags/example_display_name.py
[2024-12-04T17:27:44.291+0000] {logging_mixin.py:190} INFO - [2024-12-04T17:27:44.291+0000] {dag.py:3239} INFO - Sync 1 DAGs
[2024-12-04T17:27:44.305+0000] {logging_mixin.py:190} INFO - [2024-12-04T17:27:44.305+0000] {dag.py:4180} INFO - Setting next_dagrun for example_display_name to None, run_after=None
[2024-12-04T17:27:44.322+0000] {processor.py:208} INFO - Processing /home/airflow/.local/lib/python3.12/site-packages/airflow/example_dags/example_display_name.py took 0.091 seconds
[2024-12-04T17:28:16.865+0000] {processor.py:186} INFO - Started process (PID=1987) to work on /home/airflow/.local/lib/python3.12/site-packages/airflow/example_dags/example_display_name.py
[2024-12-04T17:28:16.867+0000] {processor.py:914} INFO - Processing file /home/airflow/.local/lib/python3.12/site-packages/airflow/example_dags/example_display_name.py for tasks to queue
[2024-12-04T17:28:16.873+0000] {logging_mixin.py:190} INFO - [2024-12-04T17:28:16.872+0000] {dagbag.py:588} INFO - Filling up the DagBag from /home/airflow/.local/lib/python3.12/site-packages/airflow/example_dags/example_display_name.py
[2024-12-04T17:28:16.891+0000] {processor.py:925} INFO - DAG(s) 'example_display_name' retrieved from /home/airflow/.local/lib/python3.12/site-packages/airflow/example_dags/example_display_name.py
[2024-12-04T17:28:16.931+0000] {logging_mixin.py:190} INFO - [2024-12-04T17:28:16.931+0000] {dag.py:3239} INFO - Sync 1 DAGs
[2024-12-04T17:28:16.958+0000] {logging_mixin.py:190} INFO - [2024-12-04T17:28:16.958+0000] {dag.py:4180} INFO - Setting next_dagrun for example_display_name to None, run_after=None
[2024-12-04T17:28:17.022+0000] {processor.py:208} INFO - Processing /home/airflow/.local/lib/python3.12/site-packages/airflow/example_dags/example_display_name.py took 0.170 seconds
[2024-12-04T17:28:49.101+0000] {processor.py:186} INFO - Started process (PID=2050) to work on /home/airflow/.local/lib/python3.12/site-packages/airflow/example_dags/example_display_name.py
[2024-12-04T17:28:49.108+0000] {processor.py:914} INFO - Processing file /home/airflow/.local/lib/python3.12/site-packages/airflow/example_dags/example_display_name.py for tasks to queue
[2024-12-04T17:28:49.113+0000] {logging_mixin.py:190} INFO - [2024-12-04T17:28:49.112+0000] {dagbag.py:588} INFO - Filling up the DagBag from /home/airflow/.local/lib/python3.12/site-packages/airflow/example_dags/example_display_name.py
[2024-12-04T17:28:49.135+0000] {processor.py:925} INFO - DAG(s) 'example_display_name' retrieved from /home/airflow/.local/lib/python3.12/site-packages/airflow/example_dags/example_display_name.py
[2024-12-04T17:28:49.179+0000] {logging_mixin.py:190} INFO - [2024-12-04T17:28:49.179+0000] {dag.py:3239} INFO - Sync 1 DAGs
[2024-12-04T17:28:49.226+0000] {logging_mixin.py:190} INFO - [2024-12-04T17:28:49.225+0000] {dag.py:4180} INFO - Setting next_dagrun for example_display_name to None, run_after=None
[2024-12-04T17:28:49.268+0000] {processor.py:208} INFO - Processing /home/airflow/.local/lib/python3.12/site-packages/airflow/example_dags/example_display_name.py took 0.184 seconds
[2024-12-04T17:29:22.973+0000] {processor.py:186} INFO - Started process (PID=2113) to work on /home/airflow/.local/lib/python3.12/site-packages/airflow/example_dags/example_display_name.py
[2024-12-04T17:29:22.974+0000] {processor.py:914} INFO - Processing file /home/airflow/.local/lib/python3.12/site-packages/airflow/example_dags/example_display_name.py for tasks to queue
[2024-12-04T17:29:22.977+0000] {logging_mixin.py:190} INFO - [2024-12-04T17:29:22.977+0000] {dagbag.py:588} INFO - Filling up the DagBag from /home/airflow/.local/lib/python3.12/site-packages/airflow/example_dags/example_display_name.py
[2024-12-04T17:29:22.991+0000] {processor.py:925} INFO - DAG(s) 'example_display_name' retrieved from /home/airflow/.local/lib/python3.12/site-packages/airflow/example_dags/example_display_name.py
[2024-12-04T17:29:23.030+0000] {logging_mixin.py:190} INFO - [2024-12-04T17:29:23.029+0000] {dag.py:3239} INFO - Sync 1 DAGs
[2024-12-04T17:29:23.061+0000] {logging_mixin.py:190} INFO - [2024-12-04T17:29:23.060+0000] {dag.py:4180} INFO - Setting next_dagrun for example_display_name to None, run_after=None
[2024-12-04T17:29:23.083+0000] {processor.py:208} INFO - Processing /home/airflow/.local/lib/python3.12/site-packages/airflow/example_dags/example_display_name.py took 0.115 seconds
[2024-12-04T17:29:54.041+0000] {processor.py:186} INFO - Started process (PID=2176) to work on /home/airflow/.local/lib/python3.12/site-packages/airflow/example_dags/example_display_name.py
[2024-12-04T17:29:54.042+0000] {processor.py:914} INFO - Processing file /home/airflow/.local/lib/python3.12/site-packages/airflow/example_dags/example_display_name.py for tasks to queue
[2024-12-04T17:29:54.044+0000] {logging_mixin.py:190} INFO - [2024-12-04T17:29:54.044+0000] {dagbag.py:588} INFO - Filling up the DagBag from /home/airflow/.local/lib/python3.12/site-packages/airflow/example_dags/example_display_name.py
[2024-12-04T17:29:54.051+0000] {processor.py:925} INFO - DAG(s) 'example_display_name' retrieved from /home/airflow/.local/lib/python3.12/site-packages/airflow/example_dags/example_display_name.py
[2024-12-04T17:29:54.068+0000] {logging_mixin.py:190} INFO - [2024-12-04T17:29:54.068+0000] {dag.py:3239} INFO - Sync 1 DAGs
[2024-12-04T17:29:54.080+0000] {logging_mixin.py:190} INFO - [2024-12-04T17:29:54.080+0000] {dag.py:4180} INFO - Setting next_dagrun for example_display_name to None, run_after=None
[2024-12-04T17:29:54.094+0000] {processor.py:208} INFO - Processing /home/airflow/.local/lib/python3.12/site-packages/airflow/example_dags/example_display_name.py took 0.060 seconds
[2024-12-04T17:30:24.491+0000] {processor.py:186} INFO - Started process (PID=2239) to work on /home/airflow/.local/lib/python3.12/site-packages/airflow/example_dags/example_display_name.py
[2024-12-04T17:30:24.495+0000] {processor.py:914} INFO - Processing file /home/airflow/.local/lib/python3.12/site-packages/airflow/example_dags/example_display_name.py for tasks to queue
[2024-12-04T17:30:24.497+0000] {logging_mixin.py:190} INFO - [2024-12-04T17:30:24.496+0000] {dagbag.py:588} INFO - Filling up the DagBag from /home/airflow/.local/lib/python3.12/site-packages/airflow/example_dags/example_display_name.py
[2024-12-04T17:30:24.504+0000] {processor.py:925} INFO - DAG(s) 'example_display_name' retrieved from /home/airflow/.local/lib/python3.12/site-packages/airflow/example_dags/example_display_name.py
[2024-12-04T17:30:24.518+0000] {logging_mixin.py:190} INFO - [2024-12-04T17:30:24.517+0000] {dag.py:3239} INFO - Sync 1 DAGs
[2024-12-04T17:30:24.528+0000] {logging_mixin.py:190} INFO - [2024-12-04T17:30:24.527+0000] {dag.py:4180} INFO - Setting next_dagrun for example_display_name to None, run_after=None
[2024-12-04T17:30:24.578+0000] {processor.py:208} INFO - Processing /home/airflow/.local/lib/python3.12/site-packages/airflow/example_dags/example_display_name.py took 0.091 seconds
[2024-12-04T17:30:55.668+0000] {processor.py:186} INFO - Started process (PID=2302) to work on /home/airflow/.local/lib/python3.12/site-packages/airflow/example_dags/example_display_name.py
[2024-12-04T17:30:55.671+0000] {processor.py:914} INFO - Processing file /home/airflow/.local/lib/python3.12/site-packages/airflow/example_dags/example_display_name.py for tasks to queue
[2024-12-04T17:30:55.673+0000] {logging_mixin.py:190} INFO - [2024-12-04T17:30:55.672+0000] {dagbag.py:588} INFO - Filling up the DagBag from /home/airflow/.local/lib/python3.12/site-packages/airflow/example_dags/example_display_name.py
[2024-12-04T17:30:55.678+0000] {processor.py:925} INFO - DAG(s) 'example_display_name' retrieved from /home/airflow/.local/lib/python3.12/site-packages/airflow/example_dags/example_display_name.py
[2024-12-04T17:30:55.694+0000] {logging_mixin.py:190} INFO - [2024-12-04T17:30:55.694+0000] {dag.py:3239} INFO - Sync 1 DAGs
[2024-12-04T17:30:55.701+0000] {logging_mixin.py:190} INFO - [2024-12-04T17:30:55.701+0000] {dag.py:4180} INFO - Setting next_dagrun for example_display_name to None, run_after=None
[2024-12-04T17:30:55.715+0000] {processor.py:208} INFO - Processing /home/airflow/.local/lib/python3.12/site-packages/airflow/example_dags/example_display_name.py took 0.056 seconds
[2024-12-04T17:31:26.453+0000] {processor.py:186} INFO - Started process (PID=2365) to work on /home/airflow/.local/lib/python3.12/site-packages/airflow/example_dags/example_display_name.py
[2024-12-04T17:31:26.453+0000] {processor.py:914} INFO - Processing file /home/airflow/.local/lib/python3.12/site-packages/airflow/example_dags/example_display_name.py for tasks to queue
[2024-12-04T17:31:26.454+0000] {logging_mixin.py:190} INFO - [2024-12-04T17:31:26.454+0000] {dagbag.py:588} INFO - Filling up the DagBag from /home/airflow/.local/lib/python3.12/site-packages/airflow/example_dags/example_display_name.py
[2024-12-04T17:31:26.458+0000] {processor.py:925} INFO - DAG(s) 'example_display_name' retrieved from /home/airflow/.local/lib/python3.12/site-packages/airflow/example_dags/example_display_name.py
[2024-12-04T17:31:26.471+0000] {logging_mixin.py:190} INFO - [2024-12-04T17:31:26.471+0000] {dag.py:3239} INFO - Sync 1 DAGs
[2024-12-04T17:31:26.479+0000] {logging_mixin.py:190} INFO - [2024-12-04T17:31:26.479+0000] {dag.py:4180} INFO - Setting next_dagrun for example_display_name to None, run_after=None
[2024-12-04T17:31:26.494+0000] {processor.py:208} INFO - Processing /home/airflow/.local/lib/python3.12/site-packages/airflow/example_dags/example_display_name.py took 0.045 seconds
[2024-12-04T17:31:57.524+0000] {processor.py:186} INFO - Started process (PID=2430) to work on /home/airflow/.local/lib/python3.12/site-packages/airflow/example_dags/example_display_name.py
[2024-12-04T17:31:57.530+0000] {processor.py:914} INFO - Processing file /home/airflow/.local/lib/python3.12/site-packages/airflow/example_dags/example_display_name.py for tasks to queue
[2024-12-04T17:31:57.532+0000] {logging_mixin.py:190} INFO - [2024-12-04T17:31:57.531+0000] {dagbag.py:588} INFO - Filling up the DagBag from /home/airflow/.local/lib/python3.12/site-packages/airflow/example_dags/example_display_name.py
[2024-12-04T17:31:57.537+0000] {processor.py:925} INFO - DAG(s) 'example_display_name' retrieved from /home/airflow/.local/lib/python3.12/site-packages/airflow/example_dags/example_display_name.py
[2024-12-04T17:31:57.556+0000] {logging_mixin.py:190} INFO - [2024-12-04T17:31:57.555+0000] {dag.py:3239} INFO - Sync 1 DAGs
[2024-12-04T17:31:57.571+0000] {logging_mixin.py:190} INFO - [2024-12-04T17:31:57.571+0000] {dag.py:4180} INFO - Setting next_dagrun for example_display_name to None, run_after=None
[2024-12-04T17:31:57.590+0000] {processor.py:208} INFO - Processing /home/airflow/.local/lib/python3.12/site-packages/airflow/example_dags/example_display_name.py took 0.071 seconds
[2024-12-04T17:32:28.321+0000] {processor.py:186} INFO - Started process (PID=2499) to work on /home/airflow/.local/lib/python3.12/site-packages/airflow/example_dags/example_display_name.py
[2024-12-04T17:32:28.322+0000] {processor.py:914} INFO - Processing file /home/airflow/.local/lib/python3.12/site-packages/airflow/example_dags/example_display_name.py for tasks to queue
[2024-12-04T17:32:28.323+0000] {logging_mixin.py:190} INFO - [2024-12-04T17:32:28.323+0000] {dagbag.py:588} INFO - Filling up the DagBag from /home/airflow/.local/lib/python3.12/site-packages/airflow/example_dags/example_display_name.py
[2024-12-04T17:32:28.327+0000] {processor.py:925} INFO - DAG(s) 'example_display_name' retrieved from /home/airflow/.local/lib/python3.12/site-packages/airflow/example_dags/example_display_name.py
[2024-12-04T17:32:28.338+0000] {logging_mixin.py:190} INFO - [2024-12-04T17:32:28.338+0000] {dag.py:3239} INFO - Sync 1 DAGs
[2024-12-04T17:32:28.350+0000] {logging_mixin.py:190} INFO - [2024-12-04T17:32:28.350+0000] {dag.py:4180} INFO - Setting next_dagrun for example_display_name to None, run_after=None
[2024-12-04T17:32:28.362+0000] {processor.py:208} INFO - Processing /home/airflow/.local/lib/python3.12/site-packages/airflow/example_dags/example_display_name.py took 0.044 seconds
