[2024-12-04T17:12:22.528+0000] {processor.py:186} INFO - Started process (PID=98) to work on /home/airflow/.local/lib/python3.12/site-packages/airflow/example_dags/example_branch_operator.py
[2024-12-04T17:12:22.528+0000] {processor.py:914} INFO - Processing file /home/airflow/.local/lib/python3.12/site-packages/airflow/example_dags/example_branch_operator.py for tasks to queue
[2024-12-04T17:12:22.531+0000] {logging_mixin.py:190} INFO - [2024-12-04T17:12:22.531+0000] {dagbag.py:588} INFO - Filling up the DagBag from /home/airflow/.local/lib/python3.12/site-packages/airflow/example_dags/example_branch_operator.py
[2024-12-04T17:12:22.545+0000] {processor.py:925} INFO - DAG(s) 'example_branch_operator' retrieved from /home/airflow/.local/lib/python3.12/site-packages/airflow/example_dags/example_branch_operator.py
[2024-12-04T17:12:22.615+0000] {logging_mixin.py:190} INFO - [2024-12-04T17:12:22.615+0000] {override.py:1911} INFO - Created Permission View: can read on DAG:example_branch_operator
[2024-12-04T17:12:22.625+0000] {logging_mixin.py:190} INFO - [2024-12-04T17:12:22.624+0000] {override.py:1911} INFO - Created Permission View: can delete on DAG:example_branch_operator
[2024-12-04T17:12:22.631+0000] {logging_mixin.py:190} INFO - [2024-12-04T17:12:22.631+0000] {override.py:1911} INFO - Created Permission View: can edit on DAG:example_branch_operator
[2024-12-04T17:12:22.634+0000] {logging_mixin.py:190} INFO - [2024-12-04T17:12:22.633+0000] {override.py:1911} INFO - Created Permission View: menu access on DAG Run:example_branch_operator
[2024-12-04T17:12:22.638+0000] {logging_mixin.py:190} INFO - [2024-12-04T17:12:22.638+0000] {override.py:1911} INFO - Created Permission View: can delete on DAG Run:example_branch_operator
[2024-12-04T17:12:22.643+0000] {logging_mixin.py:190} INFO - [2024-12-04T17:12:22.643+0000] {override.py:1911} INFO - Created Permission View: can read on DAG Run:example_branch_operator
[2024-12-04T17:12:22.647+0000] {logging_mixin.py:190} INFO - [2024-12-04T17:12:22.647+0000] {override.py:1911} INFO - Created Permission View: can create on DAG Run:example_branch_operator
[2024-12-04T17:12:22.649+0000] {logging_mixin.py:190} INFO - [2024-12-04T17:12:22.649+0000] {dag.py:3239} INFO - Sync 1 DAGs
[2024-12-04T17:12:22.658+0000] {logging_mixin.py:190} INFO - [2024-12-04T17:12:22.658+0000] {dag.py:3262} INFO - Creating ORM DAG for example_branch_operator
[2024-12-04T17:12:22.665+0000] {logging_mixin.py:190} INFO - [2024-12-04T17:12:22.664+0000] {dag.py:4180} INFO - Setting next_dagrun for example_branch_operator to 2024-12-03 00:00:00+00:00, run_after=2024-12-04 00:00:00+00:00
[2024-12-04T17:12:22.682+0000] {processor.py:208} INFO - Processing /home/airflow/.local/lib/python3.12/site-packages/airflow/example_dags/example_branch_operator.py took 0.158 seconds
[2024-12-04T17:12:53.370+0000] {processor.py:186} INFO - Started process (PID=161) to work on /home/airflow/.local/lib/python3.12/site-packages/airflow/example_dags/example_branch_operator.py
[2024-12-04T17:12:53.373+0000] {processor.py:914} INFO - Processing file /home/airflow/.local/lib/python3.12/site-packages/airflow/example_dags/example_branch_operator.py for tasks to queue
[2024-12-04T17:12:53.374+0000] {logging_mixin.py:190} INFO - [2024-12-04T17:12:53.374+0000] {dagbag.py:588} INFO - Filling up the DagBag from /home/airflow/.local/lib/python3.12/site-packages/airflow/example_dags/example_branch_operator.py
[2024-12-04T17:12:53.386+0000] {processor.py:925} INFO - DAG(s) 'example_branch_operator' retrieved from /home/airflow/.local/lib/python3.12/site-packages/airflow/example_dags/example_branch_operator.py
[2024-12-04T17:12:53.402+0000] {logging_mixin.py:190} INFO - [2024-12-04T17:12:53.402+0000] {dag.py:3239} INFO - Sync 1 DAGs
[2024-12-04T17:12:53.421+0000] {logging_mixin.py:190} INFO - [2024-12-04T17:12:53.421+0000] {dag.py:4180} INFO - Setting next_dagrun for example_branch_operator to 2024-12-03 00:00:00+00:00, run_after=2024-12-04 00:00:00+00:00
[2024-12-04T17:12:53.437+0000] {processor.py:208} INFO - Processing /home/airflow/.local/lib/python3.12/site-packages/airflow/example_dags/example_branch_operator.py took 0.071 seconds
[2024-12-04T17:13:23.767+0000] {processor.py:186} INFO - Started process (PID=224) to work on /home/airflow/.local/lib/python3.12/site-packages/airflow/example_dags/example_branch_operator.py
[2024-12-04T17:13:23.768+0000] {processor.py:914} INFO - Processing file /home/airflow/.local/lib/python3.12/site-packages/airflow/example_dags/example_branch_operator.py for tasks to queue
[2024-12-04T17:13:23.771+0000] {logging_mixin.py:190} INFO - [2024-12-04T17:13:23.770+0000] {dagbag.py:588} INFO - Filling up the DagBag from /home/airflow/.local/lib/python3.12/site-packages/airflow/example_dags/example_branch_operator.py
[2024-12-04T17:13:23.780+0000] {processor.py:925} INFO - DAG(s) 'example_branch_operator' retrieved from /home/airflow/.local/lib/python3.12/site-packages/airflow/example_dags/example_branch_operator.py
[2024-12-04T17:13:23.801+0000] {logging_mixin.py:190} INFO - [2024-12-04T17:13:23.800+0000] {dag.py:3239} INFO - Sync 1 DAGs
[2024-12-04T17:13:23.814+0000] {logging_mixin.py:190} INFO - [2024-12-04T17:13:23.814+0000] {dag.py:4180} INFO - Setting next_dagrun for example_branch_operator to 2024-12-03 00:00:00+00:00, run_after=2024-12-04 00:00:00+00:00
[2024-12-04T17:13:23.825+0000] {processor.py:208} INFO - Processing /home/airflow/.local/lib/python3.12/site-packages/airflow/example_dags/example_branch_operator.py took 0.061 seconds
[2024-12-04T17:13:55.243+0000] {processor.py:186} INFO - Started process (PID=286) to work on /home/airflow/.local/lib/python3.12/site-packages/airflow/example_dags/example_branch_operator.py
[2024-12-04T17:13:55.244+0000] {processor.py:914} INFO - Processing file /home/airflow/.local/lib/python3.12/site-packages/airflow/example_dags/example_branch_operator.py for tasks to queue
[2024-12-04T17:13:55.245+0000] {logging_mixin.py:190} INFO - [2024-12-04T17:13:55.245+0000] {dagbag.py:588} INFO - Filling up the DagBag from /home/airflow/.local/lib/python3.12/site-packages/airflow/example_dags/example_branch_operator.py
[2024-12-04T17:13:55.253+0000] {processor.py:925} INFO - DAG(s) 'example_branch_operator' retrieved from /home/airflow/.local/lib/python3.12/site-packages/airflow/example_dags/example_branch_operator.py
[2024-12-04T17:13:55.266+0000] {logging_mixin.py:190} INFO - [2024-12-04T17:13:55.266+0000] {dag.py:3239} INFO - Sync 1 DAGs
[2024-12-04T17:13:55.276+0000] {logging_mixin.py:190} INFO - [2024-12-04T17:13:55.276+0000] {dag.py:4180} INFO - Setting next_dagrun for example_branch_operator to 2024-12-03 00:00:00+00:00, run_after=2024-12-04 00:00:00+00:00
[2024-12-04T17:13:55.283+0000] {processor.py:208} INFO - Processing /home/airflow/.local/lib/python3.12/site-packages/airflow/example_dags/example_branch_operator.py took 0.042 seconds
[2024-12-04T17:14:26.699+0000] {processor.py:186} INFO - Started process (PID=349) to work on /home/airflow/.local/lib/python3.12/site-packages/airflow/example_dags/example_branch_operator.py
[2024-12-04T17:14:26.701+0000] {processor.py:914} INFO - Processing file /home/airflow/.local/lib/python3.12/site-packages/airflow/example_dags/example_branch_operator.py for tasks to queue
[2024-12-04T17:14:26.703+0000] {logging_mixin.py:190} INFO - [2024-12-04T17:14:26.703+0000] {dagbag.py:588} INFO - Filling up the DagBag from /home/airflow/.local/lib/python3.12/site-packages/airflow/example_dags/example_branch_operator.py
[2024-12-04T17:14:26.713+0000] {processor.py:925} INFO - DAG(s) 'example_branch_operator' retrieved from /home/airflow/.local/lib/python3.12/site-packages/airflow/example_dags/example_branch_operator.py
[2024-12-04T17:14:26.729+0000] {logging_mixin.py:190} INFO - [2024-12-04T17:14:26.728+0000] {dag.py:3239} INFO - Sync 1 DAGs
[2024-12-04T17:14:26.742+0000] {logging_mixin.py:190} INFO - [2024-12-04T17:14:26.742+0000] {dag.py:4180} INFO - Setting next_dagrun for example_branch_operator to 2024-12-03 00:00:00+00:00, run_after=2024-12-04 00:00:00+00:00
[2024-12-04T17:14:26.756+0000] {processor.py:208} INFO - Processing /home/airflow/.local/lib/python3.12/site-packages/airflow/example_dags/example_branch_operator.py took 0.060 seconds
[2024-12-04T17:14:58.270+0000] {processor.py:186} INFO - Started process (PID=412) to work on /home/airflow/.local/lib/python3.12/site-packages/airflow/example_dags/example_branch_operator.py
[2024-12-04T17:14:58.272+0000] {processor.py:914} INFO - Processing file /home/airflow/.local/lib/python3.12/site-packages/airflow/example_dags/example_branch_operator.py for tasks to queue
[2024-12-04T17:14:58.274+0000] {logging_mixin.py:190} INFO - [2024-12-04T17:14:58.274+0000] {dagbag.py:588} INFO - Filling up the DagBag from /home/airflow/.local/lib/python3.12/site-packages/airflow/example_dags/example_branch_operator.py
[2024-12-04T17:14:58.287+0000] {processor.py:925} INFO - DAG(s) 'example_branch_operator' retrieved from /home/airflow/.local/lib/python3.12/site-packages/airflow/example_dags/example_branch_operator.py
[2024-12-04T17:14:58.304+0000] {logging_mixin.py:190} INFO - [2024-12-04T17:14:58.304+0000] {dag.py:3239} INFO - Sync 1 DAGs
[2024-12-04T17:14:58.319+0000] {logging_mixin.py:190} INFO - [2024-12-04T17:14:58.319+0000] {dag.py:4180} INFO - Setting next_dagrun for example_branch_operator to 2024-12-03 00:00:00+00:00, run_after=2024-12-04 00:00:00+00:00
[2024-12-04T17:14:58.329+0000] {processor.py:208} INFO - Processing /home/airflow/.local/lib/python3.12/site-packages/airflow/example_dags/example_branch_operator.py took 0.063 seconds
[2024-12-04T17:15:29.058+0000] {processor.py:186} INFO - Started process (PID=475) to work on /home/airflow/.local/lib/python3.12/site-packages/airflow/example_dags/example_branch_operator.py
[2024-12-04T17:15:29.060+0000] {processor.py:914} INFO - Processing file /home/airflow/.local/lib/python3.12/site-packages/airflow/example_dags/example_branch_operator.py for tasks to queue
[2024-12-04T17:15:29.061+0000] {logging_mixin.py:190} INFO - [2024-12-04T17:15:29.061+0000] {dagbag.py:588} INFO - Filling up the DagBag from /home/airflow/.local/lib/python3.12/site-packages/airflow/example_dags/example_branch_operator.py
[2024-12-04T17:15:29.070+0000] {processor.py:925} INFO - DAG(s) 'example_branch_operator' retrieved from /home/airflow/.local/lib/python3.12/site-packages/airflow/example_dags/example_branch_operator.py
[2024-12-04T17:15:29.093+0000] {logging_mixin.py:190} INFO - [2024-12-04T17:15:29.093+0000] {dag.py:3239} INFO - Sync 1 DAGs
[2024-12-04T17:15:29.110+0000] {logging_mixin.py:190} INFO - [2024-12-04T17:15:29.110+0000] {dag.py:4180} INFO - Setting next_dagrun for example_branch_operator to 2024-12-03 00:00:00+00:00, run_after=2024-12-04 00:00:00+00:00
[2024-12-04T17:15:29.129+0000] {processor.py:208} INFO - Processing /home/airflow/.local/lib/python3.12/site-packages/airflow/example_dags/example_branch_operator.py took 0.074 seconds
[2024-12-04T17:16:00.567+0000] {processor.py:186} INFO - Started process (PID=538) to work on /home/airflow/.local/lib/python3.12/site-packages/airflow/example_dags/example_branch_operator.py
[2024-12-04T17:16:00.568+0000] {processor.py:914} INFO - Processing file /home/airflow/.local/lib/python3.12/site-packages/airflow/example_dags/example_branch_operator.py for tasks to queue
[2024-12-04T17:16:00.569+0000] {logging_mixin.py:190} INFO - [2024-12-04T17:16:00.569+0000] {dagbag.py:588} INFO - Filling up the DagBag from /home/airflow/.local/lib/python3.12/site-packages/airflow/example_dags/example_branch_operator.py
[2024-12-04T17:16:00.579+0000] {processor.py:925} INFO - DAG(s) 'example_branch_operator' retrieved from /home/airflow/.local/lib/python3.12/site-packages/airflow/example_dags/example_branch_operator.py
[2024-12-04T17:16:00.594+0000] {logging_mixin.py:190} INFO - [2024-12-04T17:16:00.594+0000] {dag.py:3239} INFO - Sync 1 DAGs
[2024-12-04T17:16:00.607+0000] {logging_mixin.py:190} INFO - [2024-12-04T17:16:00.606+0000] {dag.py:4180} INFO - Setting next_dagrun for example_branch_operator to 2024-12-03 00:00:00+00:00, run_after=2024-12-04 00:00:00+00:00
[2024-12-04T17:16:00.616+0000] {processor.py:208} INFO - Processing /home/airflow/.local/lib/python3.12/site-packages/airflow/example_dags/example_branch_operator.py took 0.052 seconds
[2024-12-04T17:16:31.909+0000] {processor.py:186} INFO - Started process (PID=601) to work on /home/airflow/.local/lib/python3.12/site-packages/airflow/example_dags/example_branch_operator.py
[2024-12-04T17:16:31.910+0000] {processor.py:914} INFO - Processing file /home/airflow/.local/lib/python3.12/site-packages/airflow/example_dags/example_branch_operator.py for tasks to queue
[2024-12-04T17:16:31.911+0000] {logging_mixin.py:190} INFO - [2024-12-04T17:16:31.911+0000] {dagbag.py:588} INFO - Filling up the DagBag from /home/airflow/.local/lib/python3.12/site-packages/airflow/example_dags/example_branch_operator.py
[2024-12-04T17:16:31.920+0000] {processor.py:925} INFO - DAG(s) 'example_branch_operator' retrieved from /home/airflow/.local/lib/python3.12/site-packages/airflow/example_dags/example_branch_operator.py
[2024-12-04T17:16:31.937+0000] {logging_mixin.py:190} INFO - [2024-12-04T17:16:31.936+0000] {dag.py:3239} INFO - Sync 1 DAGs
[2024-12-04T17:16:31.949+0000] {logging_mixin.py:190} INFO - [2024-12-04T17:16:31.948+0000] {dag.py:4180} INFO - Setting next_dagrun for example_branch_operator to 2024-12-03 00:00:00+00:00, run_after=2024-12-04 00:00:00+00:00
[2024-12-04T17:16:31.958+0000] {processor.py:208} INFO - Processing /home/airflow/.local/lib/python3.12/site-packages/airflow/example_dags/example_branch_operator.py took 0.053 seconds
[2024-12-04T17:17:02.693+0000] {processor.py:186} INFO - Started process (PID=664) to work on /home/airflow/.local/lib/python3.12/site-packages/airflow/example_dags/example_branch_operator.py
[2024-12-04T17:17:02.694+0000] {processor.py:914} INFO - Processing file /home/airflow/.local/lib/python3.12/site-packages/airflow/example_dags/example_branch_operator.py for tasks to queue
[2024-12-04T17:17:02.695+0000] {logging_mixin.py:190} INFO - [2024-12-04T17:17:02.695+0000] {dagbag.py:588} INFO - Filling up the DagBag from /home/airflow/.local/lib/python3.12/site-packages/airflow/example_dags/example_branch_operator.py
[2024-12-04T17:17:02.703+0000] {processor.py:925} INFO - DAG(s) 'example_branch_operator' retrieved from /home/airflow/.local/lib/python3.12/site-packages/airflow/example_dags/example_branch_operator.py
[2024-12-04T17:17:02.720+0000] {logging_mixin.py:190} INFO - [2024-12-04T17:17:02.720+0000] {dag.py:3239} INFO - Sync 1 DAGs
[2024-12-04T17:17:02.733+0000] {logging_mixin.py:190} INFO - [2024-12-04T17:17:02.733+0000] {dag.py:4180} INFO - Setting next_dagrun for example_branch_operator to 2024-12-03 00:00:00+00:00, run_after=2024-12-04 00:00:00+00:00
[2024-12-04T17:17:02.743+0000] {processor.py:208} INFO - Processing /home/airflow/.local/lib/python3.12/site-packages/airflow/example_dags/example_branch_operator.py took 0.053 seconds
[2024-12-04T17:17:34.153+0000] {processor.py:186} INFO - Started process (PID=727) to work on /home/airflow/.local/lib/python3.12/site-packages/airflow/example_dags/example_branch_operator.py
[2024-12-04T17:17:34.154+0000] {processor.py:914} INFO - Processing file /home/airflow/.local/lib/python3.12/site-packages/airflow/example_dags/example_branch_operator.py for tasks to queue
[2024-12-04T17:17:34.155+0000] {logging_mixin.py:190} INFO - [2024-12-04T17:17:34.155+0000] {dagbag.py:588} INFO - Filling up the DagBag from /home/airflow/.local/lib/python3.12/site-packages/airflow/example_dags/example_branch_operator.py
[2024-12-04T17:17:34.168+0000] {processor.py:925} INFO - DAG(s) 'example_branch_operator' retrieved from /home/airflow/.local/lib/python3.12/site-packages/airflow/example_dags/example_branch_operator.py
[2024-12-04T17:17:34.186+0000] {logging_mixin.py:190} INFO - [2024-12-04T17:17:34.186+0000] {dag.py:3239} INFO - Sync 1 DAGs
[2024-12-04T17:17:34.201+0000] {logging_mixin.py:190} INFO - [2024-12-04T17:17:34.201+0000] {dag.py:4180} INFO - Setting next_dagrun for example_branch_operator to 2024-12-03 00:00:00+00:00, run_after=2024-12-04 00:00:00+00:00
[2024-12-04T17:17:34.228+0000] {processor.py:208} INFO - Processing /home/airflow/.local/lib/python3.12/site-packages/airflow/example_dags/example_branch_operator.py took 0.079 seconds
[2024-12-04T17:18:05.686+0000] {processor.py:186} INFO - Started process (PID=790) to work on /home/airflow/.local/lib/python3.12/site-packages/airflow/example_dags/example_branch_operator.py
[2024-12-04T17:18:05.686+0000] {processor.py:914} INFO - Processing file /home/airflow/.local/lib/python3.12/site-packages/airflow/example_dags/example_branch_operator.py for tasks to queue
[2024-12-04T17:18:05.688+0000] {logging_mixin.py:190} INFO - [2024-12-04T17:18:05.688+0000] {dagbag.py:588} INFO - Filling up the DagBag from /home/airflow/.local/lib/python3.12/site-packages/airflow/example_dags/example_branch_operator.py
[2024-12-04T17:18:05.698+0000] {processor.py:925} INFO - DAG(s) 'example_branch_operator' retrieved from /home/airflow/.local/lib/python3.12/site-packages/airflow/example_dags/example_branch_operator.py
[2024-12-04T17:18:05.716+0000] {logging_mixin.py:190} INFO - [2024-12-04T17:18:05.715+0000] {dag.py:3239} INFO - Sync 1 DAGs
[2024-12-04T17:18:05.735+0000] {logging_mixin.py:190} INFO - [2024-12-04T17:18:05.735+0000] {dag.py:4180} INFO - Setting next_dagrun for example_branch_operator to 2024-12-03 00:00:00+00:00, run_after=2024-12-04 00:00:00+00:00
[2024-12-04T17:18:05.745+0000] {processor.py:208} INFO - Processing /home/airflow/.local/lib/python3.12/site-packages/airflow/example_dags/example_branch_operator.py took 0.063 seconds
[2024-12-04T17:18:38.299+0000] {processor.py:186} INFO - Started process (PID=853) to work on /home/airflow/.local/lib/python3.12/site-packages/airflow/example_dags/example_branch_operator.py
[2024-12-04T17:18:38.300+0000] {processor.py:914} INFO - Processing file /home/airflow/.local/lib/python3.12/site-packages/airflow/example_dags/example_branch_operator.py for tasks to queue
[2024-12-04T17:18:38.302+0000] {logging_mixin.py:190} INFO - [2024-12-04T17:18:38.301+0000] {dagbag.py:588} INFO - Filling up the DagBag from /home/airflow/.local/lib/python3.12/site-packages/airflow/example_dags/example_branch_operator.py
[2024-12-04T17:18:38.311+0000] {processor.py:925} INFO - DAG(s) 'example_branch_operator' retrieved from /home/airflow/.local/lib/python3.12/site-packages/airflow/example_dags/example_branch_operator.py
[2024-12-04T17:18:38.327+0000] {logging_mixin.py:190} INFO - [2024-12-04T17:18:38.327+0000] {dag.py:3239} INFO - Sync 1 DAGs
[2024-12-04T17:18:38.340+0000] {logging_mixin.py:190} INFO - [2024-12-04T17:18:38.340+0000] {dag.py:4180} INFO - Setting next_dagrun for example_branch_operator to 2024-12-03 00:00:00+00:00, run_after=2024-12-04 00:00:00+00:00
[2024-12-04T17:18:38.350+0000] {processor.py:208} INFO - Processing /home/airflow/.local/lib/python3.12/site-packages/airflow/example_dags/example_branch_operator.py took 0.055 seconds
[2024-12-04T17:19:09.155+0000] {processor.py:186} INFO - Started process (PID=916) to work on /home/airflow/.local/lib/python3.12/site-packages/airflow/example_dags/example_branch_operator.py
[2024-12-04T17:19:09.156+0000] {processor.py:914} INFO - Processing file /home/airflow/.local/lib/python3.12/site-packages/airflow/example_dags/example_branch_operator.py for tasks to queue
[2024-12-04T17:19:09.157+0000] {logging_mixin.py:190} INFO - [2024-12-04T17:19:09.157+0000] {dagbag.py:588} INFO - Filling up the DagBag from /home/airflow/.local/lib/python3.12/site-packages/airflow/example_dags/example_branch_operator.py
[2024-12-04T17:19:09.167+0000] {processor.py:925} INFO - DAG(s) 'example_branch_operator' retrieved from /home/airflow/.local/lib/python3.12/site-packages/airflow/example_dags/example_branch_operator.py
[2024-12-04T17:19:09.182+0000] {logging_mixin.py:190} INFO - [2024-12-04T17:19:09.182+0000] {dag.py:3239} INFO - Sync 1 DAGs
[2024-12-04T17:19:09.195+0000] {logging_mixin.py:190} INFO - [2024-12-04T17:19:09.194+0000] {dag.py:4180} INFO - Setting next_dagrun for example_branch_operator to 2024-12-03 00:00:00+00:00, run_after=2024-12-04 00:00:00+00:00
[2024-12-04T17:19:09.203+0000] {processor.py:208} INFO - Processing /home/airflow/.local/lib/python3.12/site-packages/airflow/example_dags/example_branch_operator.py took 0.051 seconds
[2024-12-04T17:19:40.595+0000] {processor.py:186} INFO - Started process (PID=979) to work on /home/airflow/.local/lib/python3.12/site-packages/airflow/example_dags/example_branch_operator.py
[2024-12-04T17:19:40.596+0000] {processor.py:914} INFO - Processing file /home/airflow/.local/lib/python3.12/site-packages/airflow/example_dags/example_branch_operator.py for tasks to queue
[2024-12-04T17:19:40.597+0000] {logging_mixin.py:190} INFO - [2024-12-04T17:19:40.597+0000] {dagbag.py:588} INFO - Filling up the DagBag from /home/airflow/.local/lib/python3.12/site-packages/airflow/example_dags/example_branch_operator.py
[2024-12-04T17:19:40.607+0000] {processor.py:925} INFO - DAG(s) 'example_branch_operator' retrieved from /home/airflow/.local/lib/python3.12/site-packages/airflow/example_dags/example_branch_operator.py
[2024-12-04T17:19:40.624+0000] {logging_mixin.py:190} INFO - [2024-12-04T17:19:40.623+0000] {dag.py:3239} INFO - Sync 1 DAGs
[2024-12-04T17:19:40.635+0000] {logging_mixin.py:190} INFO - [2024-12-04T17:19:40.635+0000] {dag.py:4180} INFO - Setting next_dagrun for example_branch_operator to 2024-12-03 00:00:00+00:00, run_after=2024-12-04 00:00:00+00:00
[2024-12-04T17:19:40.645+0000] {processor.py:208} INFO - Processing /home/airflow/.local/lib/python3.12/site-packages/airflow/example_dags/example_branch_operator.py took 0.053 seconds
[2024-12-04T17:20:11.914+0000] {processor.py:186} INFO - Started process (PID=1042) to work on /home/airflow/.local/lib/python3.12/site-packages/airflow/example_dags/example_branch_operator.py
[2024-12-04T17:20:11.915+0000] {processor.py:914} INFO - Processing file /home/airflow/.local/lib/python3.12/site-packages/airflow/example_dags/example_branch_operator.py for tasks to queue
[2024-12-04T17:20:11.918+0000] {logging_mixin.py:190} INFO - [2024-12-04T17:20:11.917+0000] {dagbag.py:588} INFO - Filling up the DagBag from /home/airflow/.local/lib/python3.12/site-packages/airflow/example_dags/example_branch_operator.py
[2024-12-04T17:20:11.931+0000] {processor.py:925} INFO - DAG(s) 'example_branch_operator' retrieved from /home/airflow/.local/lib/python3.12/site-packages/airflow/example_dags/example_branch_operator.py
[2024-12-04T17:20:11.946+0000] {logging_mixin.py:190} INFO - [2024-12-04T17:20:11.946+0000] {dag.py:3239} INFO - Sync 1 DAGs
[2024-12-04T17:20:11.957+0000] {logging_mixin.py:190} INFO - [2024-12-04T17:20:11.957+0000] {dag.py:4180} INFO - Setting next_dagrun for example_branch_operator to 2024-12-03 00:00:00+00:00, run_after=2024-12-04 00:00:00+00:00
[2024-12-04T17:20:11.966+0000] {processor.py:208} INFO - Processing /home/airflow/.local/lib/python3.12/site-packages/airflow/example_dags/example_branch_operator.py took 0.055 seconds
[2024-12-04T17:20:43.333+0000] {processor.py:186} INFO - Started process (PID=1105) to work on /home/airflow/.local/lib/python3.12/site-packages/airflow/example_dags/example_branch_operator.py
[2024-12-04T17:20:43.334+0000] {processor.py:914} INFO - Processing file /home/airflow/.local/lib/python3.12/site-packages/airflow/example_dags/example_branch_operator.py for tasks to queue
[2024-12-04T17:20:43.335+0000] {logging_mixin.py:190} INFO - [2024-12-04T17:20:43.335+0000] {dagbag.py:588} INFO - Filling up the DagBag from /home/airflow/.local/lib/python3.12/site-packages/airflow/example_dags/example_branch_operator.py
[2024-12-04T17:20:43.349+0000] {processor.py:925} INFO - DAG(s) 'example_branch_operator' retrieved from /home/airflow/.local/lib/python3.12/site-packages/airflow/example_dags/example_branch_operator.py
[2024-12-04T17:20:43.362+0000] {logging_mixin.py:190} INFO - [2024-12-04T17:20:43.362+0000] {dag.py:3239} INFO - Sync 1 DAGs
[2024-12-04T17:20:43.373+0000] {logging_mixin.py:190} INFO - [2024-12-04T17:20:43.373+0000] {dag.py:4180} INFO - Setting next_dagrun for example_branch_operator to 2024-12-03 00:00:00+00:00, run_after=2024-12-04 00:00:00+00:00
[2024-12-04T17:20:43.381+0000] {processor.py:208} INFO - Processing /home/airflow/.local/lib/python3.12/site-packages/airflow/example_dags/example_branch_operator.py took 0.051 seconds
[2024-12-04T17:21:15.194+0000] {processor.py:186} INFO - Started process (PID=1168) to work on /home/airflow/.local/lib/python3.12/site-packages/airflow/example_dags/example_branch_operator.py
[2024-12-04T17:21:15.195+0000] {processor.py:914} INFO - Processing file /home/airflow/.local/lib/python3.12/site-packages/airflow/example_dags/example_branch_operator.py for tasks to queue
[2024-12-04T17:21:15.198+0000] {logging_mixin.py:190} INFO - [2024-12-04T17:21:15.197+0000] {dagbag.py:588} INFO - Filling up the DagBag from /home/airflow/.local/lib/python3.12/site-packages/airflow/example_dags/example_branch_operator.py
[2024-12-04T17:21:15.232+0000] {processor.py:925} INFO - DAG(s) 'example_branch_operator' retrieved from /home/airflow/.local/lib/python3.12/site-packages/airflow/example_dags/example_branch_operator.py
[2024-12-04T17:21:15.300+0000] {logging_mixin.py:190} INFO - [2024-12-04T17:21:15.299+0000] {dag.py:3239} INFO - Sync 1 DAGs
[2024-12-04T17:21:15.332+0000] {logging_mixin.py:190} INFO - [2024-12-04T17:21:15.332+0000] {dag.py:4180} INFO - Setting next_dagrun for example_branch_operator to 2024-12-03 00:00:00+00:00, run_after=2024-12-04 00:00:00+00:00
[2024-12-04T17:21:15.350+0000] {processor.py:208} INFO - Processing /home/airflow/.local/lib/python3.12/site-packages/airflow/example_dags/example_branch_operator.py took 0.170 seconds
[2024-12-04T17:21:46.135+0000] {processor.py:186} INFO - Started process (PID=1231) to work on /home/airflow/.local/lib/python3.12/site-packages/airflow/example_dags/example_branch_operator.py
[2024-12-04T17:21:46.137+0000] {processor.py:914} INFO - Processing file /home/airflow/.local/lib/python3.12/site-packages/airflow/example_dags/example_branch_operator.py for tasks to queue
[2024-12-04T17:21:46.138+0000] {logging_mixin.py:190} INFO - [2024-12-04T17:21:46.138+0000] {dagbag.py:588} INFO - Filling up the DagBag from /home/airflow/.local/lib/python3.12/site-packages/airflow/example_dags/example_branch_operator.py
[2024-12-04T17:21:46.148+0000] {processor.py:925} INFO - DAG(s) 'example_branch_operator' retrieved from /home/airflow/.local/lib/python3.12/site-packages/airflow/example_dags/example_branch_operator.py
[2024-12-04T17:21:46.162+0000] {logging_mixin.py:190} INFO - [2024-12-04T17:21:46.162+0000] {dag.py:3239} INFO - Sync 1 DAGs
[2024-12-04T17:21:46.176+0000] {logging_mixin.py:190} INFO - [2024-12-04T17:21:46.176+0000] {dag.py:4180} INFO - Setting next_dagrun for example_branch_operator to 2024-12-03 00:00:00+00:00, run_after=2024-12-04 00:00:00+00:00
[2024-12-04T17:21:46.184+0000] {processor.py:208} INFO - Processing /home/airflow/.local/lib/python3.12/site-packages/airflow/example_dags/example_branch_operator.py took 0.053 seconds
[2024-12-04T17:22:17.331+0000] {processor.py:186} INFO - Started process (PID=1294) to work on /home/airflow/.local/lib/python3.12/site-packages/airflow/example_dags/example_branch_operator.py
[2024-12-04T17:22:17.332+0000] {processor.py:914} INFO - Processing file /home/airflow/.local/lib/python3.12/site-packages/airflow/example_dags/example_branch_operator.py for tasks to queue
[2024-12-04T17:22:17.333+0000] {logging_mixin.py:190} INFO - [2024-12-04T17:22:17.333+0000] {dagbag.py:588} INFO - Filling up the DagBag from /home/airflow/.local/lib/python3.12/site-packages/airflow/example_dags/example_branch_operator.py
[2024-12-04T17:22:17.348+0000] {processor.py:925} INFO - DAG(s) 'example_branch_operator' retrieved from /home/airflow/.local/lib/python3.12/site-packages/airflow/example_dags/example_branch_operator.py
[2024-12-04T17:22:17.412+0000] {logging_mixin.py:190} INFO - [2024-12-04T17:22:17.411+0000] {dag.py:3239} INFO - Sync 1 DAGs
[2024-12-04T17:22:17.433+0000] {logging_mixin.py:190} INFO - [2024-12-04T17:22:17.433+0000] {dag.py:4180} INFO - Setting next_dagrun for example_branch_operator to 2024-12-03 00:00:00+00:00, run_after=2024-12-04 00:00:00+00:00
[2024-12-04T17:22:17.443+0000] {processor.py:208} INFO - Processing /home/airflow/.local/lib/python3.12/site-packages/airflow/example_dags/example_branch_operator.py took 0.116 seconds
[2024-12-04T17:22:58.119+0000] {processor.py:186} INFO - Started process (PID=1363) to work on /home/airflow/.local/lib/python3.12/site-packages/airflow/example_dags/example_branch_operator.py
[2024-12-04T17:22:58.124+0000] {processor.py:914} INFO - Processing file /home/airflow/.local/lib/python3.12/site-packages/airflow/example_dags/example_branch_operator.py for tasks to queue
[2024-12-04T17:22:58.134+0000] {logging_mixin.py:190} INFO - [2024-12-04T17:22:58.133+0000] {dagbag.py:588} INFO - Filling up the DagBag from /home/airflow/.local/lib/python3.12/site-packages/airflow/example_dags/example_branch_operator.py
[2024-12-04T17:22:58.225+0000] {processor.py:925} INFO - DAG(s) 'example_branch_operator' retrieved from /home/airflow/.local/lib/python3.12/site-packages/airflow/example_dags/example_branch_operator.py
[2024-12-04T17:22:58.377+0000] {logging_mixin.py:190} INFO - [2024-12-04T17:22:58.376+0000] {dag.py:3239} INFO - Sync 1 DAGs
[2024-12-04T17:22:58.442+0000] {logging_mixin.py:190} INFO - [2024-12-04T17:22:58.441+0000] {dag.py:4180} INFO - Setting next_dagrun for example_branch_operator to 2024-12-03 00:00:00+00:00, run_after=2024-12-04 00:00:00+00:00
[2024-12-04T17:22:58.514+0000] {processor.py:208} INFO - Processing /home/airflow/.local/lib/python3.12/site-packages/airflow/example_dags/example_branch_operator.py took 0.424 seconds
[2024-12-04T17:23:29.239+0000] {processor.py:186} INFO - Started process (PID=1426) to work on /home/airflow/.local/lib/python3.12/site-packages/airflow/example_dags/example_branch_operator.py
[2024-12-04T17:23:29.243+0000] {processor.py:914} INFO - Processing file /home/airflow/.local/lib/python3.12/site-packages/airflow/example_dags/example_branch_operator.py for tasks to queue
[2024-12-04T17:23:29.257+0000] {logging_mixin.py:190} INFO - [2024-12-04T17:23:29.256+0000] {dagbag.py:588} INFO - Filling up the DagBag from /home/airflow/.local/lib/python3.12/site-packages/airflow/example_dags/example_branch_operator.py
[2024-12-04T17:23:29.304+0000] {processor.py:925} INFO - DAG(s) 'example_branch_operator' retrieved from /home/airflow/.local/lib/python3.12/site-packages/airflow/example_dags/example_branch_operator.py
[2024-12-04T17:23:29.391+0000] {logging_mixin.py:190} INFO - [2024-12-04T17:23:29.391+0000] {dag.py:3239} INFO - Sync 1 DAGs
[2024-12-04T17:23:29.438+0000] {logging_mixin.py:190} INFO - [2024-12-04T17:23:29.438+0000] {dag.py:4180} INFO - Setting next_dagrun for example_branch_operator to 2024-12-03 00:00:00+00:00, run_after=2024-12-04 00:00:00+00:00
[2024-12-04T17:23:29.468+0000] {processor.py:208} INFO - Processing /home/airflow/.local/lib/python3.12/site-packages/airflow/example_dags/example_branch_operator.py took 0.249 seconds
[2024-12-04T17:24:00.388+0000] {processor.py:186} INFO - Started process (PID=1489) to work on /home/airflow/.local/lib/python3.12/site-packages/airflow/example_dags/example_branch_operator.py
[2024-12-04T17:24:00.391+0000] {processor.py:914} INFO - Processing file /home/airflow/.local/lib/python3.12/site-packages/airflow/example_dags/example_branch_operator.py for tasks to queue
[2024-12-04T17:24:00.406+0000] {logging_mixin.py:190} INFO - [2024-12-04T17:24:00.405+0000] {dagbag.py:588} INFO - Filling up the DagBag from /home/airflow/.local/lib/python3.12/site-packages/airflow/example_dags/example_branch_operator.py
[2024-12-04T17:24:00.464+0000] {processor.py:925} INFO - DAG(s) 'example_branch_operator' retrieved from /home/airflow/.local/lib/python3.12/site-packages/airflow/example_dags/example_branch_operator.py
[2024-12-04T17:24:00.524+0000] {logging_mixin.py:190} INFO - [2024-12-04T17:24:00.523+0000] {dag.py:3239} INFO - Sync 1 DAGs
[2024-12-04T17:24:00.564+0000] {logging_mixin.py:190} INFO - [2024-12-04T17:24:00.564+0000] {dag.py:4180} INFO - Setting next_dagrun for example_branch_operator to 2024-12-03 00:00:00+00:00, run_after=2024-12-04 00:00:00+00:00
[2024-12-04T17:24:00.589+0000] {processor.py:208} INFO - Processing /home/airflow/.local/lib/python3.12/site-packages/airflow/example_dags/example_branch_operator.py took 0.219 seconds
[2024-12-04T17:24:35.982+0000] {processor.py:186} INFO - Started process (PID=1551) to work on /home/airflow/.local/lib/python3.12/site-packages/airflow/example_dags/example_branch_operator.py
[2024-12-04T17:24:35.986+0000] {processor.py:914} INFO - Processing file /home/airflow/.local/lib/python3.12/site-packages/airflow/example_dags/example_branch_operator.py for tasks to queue
[2024-12-04T17:24:35.990+0000] {logging_mixin.py:190} INFO - [2024-12-04T17:24:35.990+0000] {dagbag.py:588} INFO - Filling up the DagBag from /home/airflow/.local/lib/python3.12/site-packages/airflow/example_dags/example_branch_operator.py
[2024-12-04T17:24:36.020+0000] {processor.py:925} INFO - DAG(s) 'example_branch_operator' retrieved from /home/airflow/.local/lib/python3.12/site-packages/airflow/example_dags/example_branch_operator.py
[2024-12-04T17:24:36.078+0000] {logging_mixin.py:190} INFO - [2024-12-04T17:24:36.077+0000] {dag.py:3239} INFO - Sync 1 DAGs
[2024-12-04T17:24:36.124+0000] {logging_mixin.py:190} INFO - [2024-12-04T17:24:36.123+0000] {dag.py:4180} INFO - Setting next_dagrun for example_branch_operator to 2024-12-03 00:00:00+00:00, run_after=2024-12-04 00:00:00+00:00
[2024-12-04T17:24:36.146+0000] {processor.py:208} INFO - Processing /home/airflow/.local/lib/python3.12/site-packages/airflow/example_dags/example_branch_operator.py took 0.185 seconds
[2024-12-04T17:25:06.825+0000] {processor.py:186} INFO - Started process (PID=1614) to work on /home/airflow/.local/lib/python3.12/site-packages/airflow/example_dags/example_branch_operator.py
[2024-12-04T17:25:06.826+0000] {processor.py:914} INFO - Processing file /home/airflow/.local/lib/python3.12/site-packages/airflow/example_dags/example_branch_operator.py for tasks to queue
[2024-12-04T17:25:06.827+0000] {logging_mixin.py:190} INFO - [2024-12-04T17:25:06.827+0000] {dagbag.py:588} INFO - Filling up the DagBag from /home/airflow/.local/lib/python3.12/site-packages/airflow/example_dags/example_branch_operator.py
[2024-12-04T17:25:06.836+0000] {processor.py:925} INFO - DAG(s) 'example_branch_operator' retrieved from /home/airflow/.local/lib/python3.12/site-packages/airflow/example_dags/example_branch_operator.py
[2024-12-04T17:25:06.849+0000] {logging_mixin.py:190} INFO - [2024-12-04T17:25:06.849+0000] {dag.py:3239} INFO - Sync 1 DAGs
[2024-12-04T17:25:06.860+0000] {logging_mixin.py:190} INFO - [2024-12-04T17:25:06.860+0000] {dag.py:4180} INFO - Setting next_dagrun for example_branch_operator to 2024-12-03 00:00:00+00:00, run_after=2024-12-04 00:00:00+00:00
[2024-12-04T17:25:06.868+0000] {processor.py:208} INFO - Processing /home/airflow/.local/lib/python3.12/site-packages/airflow/example_dags/example_branch_operator.py took 0.045 seconds
[2024-12-04T17:25:37.109+0000] {processor.py:186} INFO - Started process (PID=1677) to work on /home/airflow/.local/lib/python3.12/site-packages/airflow/example_dags/example_branch_operator.py
[2024-12-04T17:25:37.110+0000] {processor.py:914} INFO - Processing file /home/airflow/.local/lib/python3.12/site-packages/airflow/example_dags/example_branch_operator.py for tasks to queue
[2024-12-04T17:25:37.112+0000] {logging_mixin.py:190} INFO - [2024-12-04T17:25:37.111+0000] {dagbag.py:588} INFO - Filling up the DagBag from /home/airflow/.local/lib/python3.12/site-packages/airflow/example_dags/example_branch_operator.py
[2024-12-04T17:25:37.127+0000] {processor.py:925} INFO - DAG(s) 'example_branch_operator' retrieved from /home/airflow/.local/lib/python3.12/site-packages/airflow/example_dags/example_branch_operator.py
[2024-12-04T17:25:37.155+0000] {logging_mixin.py:190} INFO - [2024-12-04T17:25:37.155+0000] {dag.py:3239} INFO - Sync 1 DAGs
[2024-12-04T17:25:37.176+0000] {logging_mixin.py:190} INFO - [2024-12-04T17:25:37.176+0000] {dag.py:4180} INFO - Setting next_dagrun for example_branch_operator to 2024-12-03 00:00:00+00:00, run_after=2024-12-04 00:00:00+00:00
[2024-12-04T17:25:37.193+0000] {processor.py:208} INFO - Processing /home/airflow/.local/lib/python3.12/site-packages/airflow/example_dags/example_branch_operator.py took 0.088 seconds
[2024-12-04T17:26:07.315+0000] {processor.py:186} INFO - Started process (PID=1740) to work on /home/airflow/.local/lib/python3.12/site-packages/airflow/example_dags/example_branch_operator.py
[2024-12-04T17:26:07.315+0000] {processor.py:914} INFO - Processing file /home/airflow/.local/lib/python3.12/site-packages/airflow/example_dags/example_branch_operator.py for tasks to queue
[2024-12-04T17:26:07.317+0000] {logging_mixin.py:190} INFO - [2024-12-04T17:26:07.317+0000] {dagbag.py:588} INFO - Filling up the DagBag from /home/airflow/.local/lib/python3.12/site-packages/airflow/example_dags/example_branch_operator.py
[2024-12-04T17:26:07.331+0000] {processor.py:925} INFO - DAG(s) 'example_branch_operator' retrieved from /home/airflow/.local/lib/python3.12/site-packages/airflow/example_dags/example_branch_operator.py
[2024-12-04T17:26:07.350+0000] {logging_mixin.py:190} INFO - [2024-12-04T17:26:07.350+0000] {dag.py:3239} INFO - Sync 1 DAGs
[2024-12-04T17:26:07.371+0000] {logging_mixin.py:190} INFO - [2024-12-04T17:26:07.371+0000] {dag.py:4180} INFO - Setting next_dagrun for example_branch_operator to 2024-12-03 00:00:00+00:00, run_after=2024-12-04 00:00:00+00:00
[2024-12-04T17:26:07.386+0000] {processor.py:208} INFO - Processing /home/airflow/.local/lib/python3.12/site-packages/airflow/example_dags/example_branch_operator.py took 0.076 seconds
[2024-12-04T17:26:38.330+0000] {processor.py:186} INFO - Started process (PID=1802) to work on /home/airflow/.local/lib/python3.12/site-packages/airflow/example_dags/example_branch_operator.py
[2024-12-04T17:26:38.332+0000] {processor.py:914} INFO - Processing file /home/airflow/.local/lib/python3.12/site-packages/airflow/example_dags/example_branch_operator.py for tasks to queue
[2024-12-04T17:26:38.334+0000] {logging_mixin.py:190} INFO - [2024-12-04T17:26:38.334+0000] {dagbag.py:588} INFO - Filling up the DagBag from /home/airflow/.local/lib/python3.12/site-packages/airflow/example_dags/example_branch_operator.py
[2024-12-04T17:26:38.348+0000] {processor.py:925} INFO - DAG(s) 'example_branch_operator' retrieved from /home/airflow/.local/lib/python3.12/site-packages/airflow/example_dags/example_branch_operator.py
[2024-12-04T17:26:38.363+0000] {logging_mixin.py:190} INFO - [2024-12-04T17:26:38.363+0000] {dag.py:3239} INFO - Sync 1 DAGs
[2024-12-04T17:26:38.386+0000] {logging_mixin.py:190} INFO - [2024-12-04T17:26:38.385+0000] {dag.py:4180} INFO - Setting next_dagrun for example_branch_operator to 2024-12-03 00:00:00+00:00, run_after=2024-12-04 00:00:00+00:00
[2024-12-04T17:26:38.399+0000] {processor.py:208} INFO - Processing /home/airflow/.local/lib/python3.12/site-packages/airflow/example_dags/example_branch_operator.py took 0.073 seconds
[2024-12-04T17:27:10.434+0000] {processor.py:186} INFO - Started process (PID=1865) to work on /home/airflow/.local/lib/python3.12/site-packages/airflow/example_dags/example_branch_operator.py
[2024-12-04T17:27:10.436+0000] {processor.py:914} INFO - Processing file /home/airflow/.local/lib/python3.12/site-packages/airflow/example_dags/example_branch_operator.py for tasks to queue
[2024-12-04T17:27:10.438+0000] {logging_mixin.py:190} INFO - [2024-12-04T17:27:10.438+0000] {dagbag.py:588} INFO - Filling up the DagBag from /home/airflow/.local/lib/python3.12/site-packages/airflow/example_dags/example_branch_operator.py
[2024-12-04T17:27:10.468+0000] {processor.py:925} INFO - DAG(s) 'example_branch_operator' retrieved from /home/airflow/.local/lib/python3.12/site-packages/airflow/example_dags/example_branch_operator.py
[2024-12-04T17:27:10.494+0000] {logging_mixin.py:190} INFO - [2024-12-04T17:27:10.493+0000] {dag.py:3239} INFO - Sync 1 DAGs
[2024-12-04T17:27:10.519+0000] {logging_mixin.py:190} INFO - [2024-12-04T17:27:10.518+0000] {dag.py:4180} INFO - Setting next_dagrun for example_branch_operator to 2024-12-03 00:00:00+00:00, run_after=2024-12-04 00:00:00+00:00
[2024-12-04T17:27:10.532+0000] {processor.py:208} INFO - Processing /home/airflow/.local/lib/python3.12/site-packages/airflow/example_dags/example_branch_operator.py took 0.109 seconds
[2024-12-04T17:27:44.609+0000] {processor.py:186} INFO - Started process (PID=1928) to work on /home/airflow/.local/lib/python3.12/site-packages/airflow/example_dags/example_branch_operator.py
[2024-12-04T17:27:44.610+0000] {processor.py:914} INFO - Processing file /home/airflow/.local/lib/python3.12/site-packages/airflow/example_dags/example_branch_operator.py for tasks to queue
[2024-12-04T17:27:44.614+0000] {logging_mixin.py:190} INFO - [2024-12-04T17:27:44.613+0000] {dagbag.py:588} INFO - Filling up the DagBag from /home/airflow/.local/lib/python3.12/site-packages/airflow/example_dags/example_branch_operator.py
[2024-12-04T17:27:44.651+0000] {processor.py:925} INFO - DAG(s) 'example_branch_operator' retrieved from /home/airflow/.local/lib/python3.12/site-packages/airflow/example_dags/example_branch_operator.py
[2024-12-04T17:27:44.706+0000] {logging_mixin.py:190} INFO - [2024-12-04T17:27:44.705+0000] {dag.py:3239} INFO - Sync 1 DAGs
[2024-12-04T17:27:44.735+0000] {logging_mixin.py:190} INFO - [2024-12-04T17:27:44.734+0000] {dag.py:4180} INFO - Setting next_dagrun for example_branch_operator to 2024-12-03 00:00:00+00:00, run_after=2024-12-04 00:00:00+00:00
[2024-12-04T17:27:44.766+0000] {processor.py:208} INFO - Processing /home/airflow/.local/lib/python3.12/site-packages/airflow/example_dags/example_branch_operator.py took 0.164 seconds
[2024-12-04T17:28:17.333+0000] {processor.py:186} INFO - Started process (PID=1991) to work on /home/airflow/.local/lib/python3.12/site-packages/airflow/example_dags/example_branch_operator.py
[2024-12-04T17:28:17.336+0000] {processor.py:914} INFO - Processing file /home/airflow/.local/lib/python3.12/site-packages/airflow/example_dags/example_branch_operator.py for tasks to queue
[2024-12-04T17:28:17.341+0000] {logging_mixin.py:190} INFO - [2024-12-04T17:28:17.340+0000] {dagbag.py:588} INFO - Filling up the DagBag from /home/airflow/.local/lib/python3.12/site-packages/airflow/example_dags/example_branch_operator.py
[2024-12-04T17:28:17.376+0000] {processor.py:925} INFO - DAG(s) 'example_branch_operator' retrieved from /home/airflow/.local/lib/python3.12/site-packages/airflow/example_dags/example_branch_operator.py
[2024-12-04T17:28:17.470+0000] {logging_mixin.py:190} INFO - [2024-12-04T17:28:17.469+0000] {dag.py:3239} INFO - Sync 1 DAGs
[2024-12-04T17:28:17.506+0000] {logging_mixin.py:190} INFO - [2024-12-04T17:28:17.506+0000] {dag.py:4180} INFO - Setting next_dagrun for example_branch_operator to 2024-12-03 00:00:00+00:00, run_after=2024-12-04 00:00:00+00:00
[2024-12-04T17:28:17.547+0000] {processor.py:208} INFO - Processing /home/airflow/.local/lib/python3.12/site-packages/airflow/example_dags/example_branch_operator.py took 0.225 seconds
[2024-12-04T17:28:49.531+0000] {processor.py:186} INFO - Started process (PID=2054) to work on /home/airflow/.local/lib/python3.12/site-packages/airflow/example_dags/example_branch_operator.py
[2024-12-04T17:28:49.534+0000] {processor.py:914} INFO - Processing file /home/airflow/.local/lib/python3.12/site-packages/airflow/example_dags/example_branch_operator.py for tasks to queue
[2024-12-04T17:28:49.540+0000] {logging_mixin.py:190} INFO - [2024-12-04T17:28:49.539+0000] {dagbag.py:588} INFO - Filling up the DagBag from /home/airflow/.local/lib/python3.12/site-packages/airflow/example_dags/example_branch_operator.py
[2024-12-04T17:28:49.574+0000] {processor.py:925} INFO - DAG(s) 'example_branch_operator' retrieved from /home/airflow/.local/lib/python3.12/site-packages/airflow/example_dags/example_branch_operator.py
[2024-12-04T17:28:49.625+0000] {logging_mixin.py:190} INFO - [2024-12-04T17:28:49.625+0000] {dag.py:3239} INFO - Sync 1 DAGs
[2024-12-04T17:28:49.682+0000] {logging_mixin.py:190} INFO - [2024-12-04T17:28:49.682+0000] {dag.py:4180} INFO - Setting next_dagrun for example_branch_operator to 2024-12-03 00:00:00+00:00, run_after=2024-12-04 00:00:00+00:00
[2024-12-04T17:28:49.730+0000] {processor.py:208} INFO - Processing /home/airflow/.local/lib/python3.12/site-packages/airflow/example_dags/example_branch_operator.py took 0.209 seconds
[2024-12-04T17:29:23.308+0000] {processor.py:186} INFO - Started process (PID=2117) to work on /home/airflow/.local/lib/python3.12/site-packages/airflow/example_dags/example_branch_operator.py
[2024-12-04T17:29:23.311+0000] {processor.py:914} INFO - Processing file /home/airflow/.local/lib/python3.12/site-packages/airflow/example_dags/example_branch_operator.py for tasks to queue
[2024-12-04T17:29:23.315+0000] {logging_mixin.py:190} INFO - [2024-12-04T17:29:23.314+0000] {dagbag.py:588} INFO - Filling up the DagBag from /home/airflow/.local/lib/python3.12/site-packages/airflow/example_dags/example_branch_operator.py
[2024-12-04T17:29:23.348+0000] {processor.py:925} INFO - DAG(s) 'example_branch_operator' retrieved from /home/airflow/.local/lib/python3.12/site-packages/airflow/example_dags/example_branch_operator.py
[2024-12-04T17:29:23.408+0000] {logging_mixin.py:190} INFO - [2024-12-04T17:29:23.407+0000] {dag.py:3239} INFO - Sync 1 DAGs
[2024-12-04T17:29:23.443+0000] {logging_mixin.py:190} INFO - [2024-12-04T17:29:23.443+0000] {dag.py:4180} INFO - Setting next_dagrun for example_branch_operator to 2024-12-03 00:00:00+00:00, run_after=2024-12-04 00:00:00+00:00
[2024-12-04T17:29:23.468+0000] {processor.py:208} INFO - Processing /home/airflow/.local/lib/python3.12/site-packages/airflow/example_dags/example_branch_operator.py took 0.172 seconds
[2024-12-04T17:29:54.174+0000] {processor.py:186} INFO - Started process (PID=2180) to work on /home/airflow/.local/lib/python3.12/site-packages/airflow/example_dags/example_branch_operator.py
[2024-12-04T17:29:54.175+0000] {processor.py:914} INFO - Processing file /home/airflow/.local/lib/python3.12/site-packages/airflow/example_dags/example_branch_operator.py for tasks to queue
[2024-12-04T17:29:54.177+0000] {logging_mixin.py:190} INFO - [2024-12-04T17:29:54.176+0000] {dagbag.py:588} INFO - Filling up the DagBag from /home/airflow/.local/lib/python3.12/site-packages/airflow/example_dags/example_branch_operator.py
[2024-12-04T17:29:54.185+0000] {processor.py:925} INFO - DAG(s) 'example_branch_operator' retrieved from /home/airflow/.local/lib/python3.12/site-packages/airflow/example_dags/example_branch_operator.py
[2024-12-04T17:29:54.198+0000] {logging_mixin.py:190} INFO - [2024-12-04T17:29:54.198+0000] {dag.py:3239} INFO - Sync 1 DAGs
[2024-12-04T17:29:54.209+0000] {logging_mixin.py:190} INFO - [2024-12-04T17:29:54.208+0000] {dag.py:4180} INFO - Setting next_dagrun for example_branch_operator to 2024-12-03 00:00:00+00:00, run_after=2024-12-04 00:00:00+00:00
[2024-12-04T17:29:54.216+0000] {processor.py:208} INFO - Processing /home/airflow/.local/lib/python3.12/site-packages/airflow/example_dags/example_branch_operator.py took 0.045 seconds
[2024-12-04T17:30:24.746+0000] {processor.py:186} INFO - Started process (PID=2243) to work on /home/airflow/.local/lib/python3.12/site-packages/airflow/example_dags/example_branch_operator.py
[2024-12-04T17:30:24.747+0000] {processor.py:914} INFO - Processing file /home/airflow/.local/lib/python3.12/site-packages/airflow/example_dags/example_branch_operator.py for tasks to queue
[2024-12-04T17:30:24.751+0000] {logging_mixin.py:190} INFO - [2024-12-04T17:30:24.750+0000] {dagbag.py:588} INFO - Filling up the DagBag from /home/airflow/.local/lib/python3.12/site-packages/airflow/example_dags/example_branch_operator.py
[2024-12-04T17:30:24.782+0000] {processor.py:925} INFO - DAG(s) 'example_branch_operator' retrieved from /home/airflow/.local/lib/python3.12/site-packages/airflow/example_dags/example_branch_operator.py
[2024-12-04T17:30:24.813+0000] {logging_mixin.py:190} INFO - [2024-12-04T17:30:24.813+0000] {dag.py:3239} INFO - Sync 1 DAGs
[2024-12-04T17:30:24.832+0000] {logging_mixin.py:190} INFO - [2024-12-04T17:30:24.832+0000] {dag.py:4180} INFO - Setting next_dagrun for example_branch_operator to 2024-12-03 00:00:00+00:00, run_after=2024-12-04 00:00:00+00:00
[2024-12-04T17:30:24.849+0000] {processor.py:208} INFO - Processing /home/airflow/.local/lib/python3.12/site-packages/airflow/example_dags/example_branch_operator.py took 0.109 seconds
[2024-12-04T17:30:55.825+0000] {processor.py:186} INFO - Started process (PID=2306) to work on /home/airflow/.local/lib/python3.12/site-packages/airflow/example_dags/example_branch_operator.py
[2024-12-04T17:30:55.827+0000] {processor.py:914} INFO - Processing file /home/airflow/.local/lib/python3.12/site-packages/airflow/example_dags/example_branch_operator.py for tasks to queue
[2024-12-04T17:30:55.830+0000] {logging_mixin.py:190} INFO - [2024-12-04T17:30:55.830+0000] {dagbag.py:588} INFO - Filling up the DagBag from /home/airflow/.local/lib/python3.12/site-packages/airflow/example_dags/example_branch_operator.py
[2024-12-04T17:30:55.842+0000] {processor.py:925} INFO - DAG(s) 'example_branch_operator' retrieved from /home/airflow/.local/lib/python3.12/site-packages/airflow/example_dags/example_branch_operator.py
[2024-12-04T17:30:55.866+0000] {logging_mixin.py:190} INFO - [2024-12-04T17:30:55.866+0000] {dag.py:3239} INFO - Sync 1 DAGs
[2024-12-04T17:30:55.881+0000] {logging_mixin.py:190} INFO - [2024-12-04T17:30:55.881+0000] {dag.py:4180} INFO - Setting next_dagrun for example_branch_operator to 2024-12-03 00:00:00+00:00, run_after=2024-12-04 00:00:00+00:00
[2024-12-04T17:30:55.905+0000] {processor.py:208} INFO - Processing /home/airflow/.local/lib/python3.12/site-packages/airflow/example_dags/example_branch_operator.py took 0.085 seconds
[2024-12-04T17:31:26.586+0000] {processor.py:186} INFO - Started process (PID=2369) to work on /home/airflow/.local/lib/python3.12/site-packages/airflow/example_dags/example_branch_operator.py
[2024-12-04T17:31:26.587+0000] {processor.py:914} INFO - Processing file /home/airflow/.local/lib/python3.12/site-packages/airflow/example_dags/example_branch_operator.py for tasks to queue
[2024-12-04T17:31:26.589+0000] {logging_mixin.py:190} INFO - [2024-12-04T17:31:26.589+0000] {dagbag.py:588} INFO - Filling up the DagBag from /home/airflow/.local/lib/python3.12/site-packages/airflow/example_dags/example_branch_operator.py
[2024-12-04T17:31:26.605+0000] {processor.py:925} INFO - DAG(s) 'example_branch_operator' retrieved from /home/airflow/.local/lib/python3.12/site-packages/airflow/example_dags/example_branch_operator.py
[2024-12-04T17:31:26.630+0000] {logging_mixin.py:190} INFO - [2024-12-04T17:31:26.630+0000] {dag.py:3239} INFO - Sync 1 DAGs
[2024-12-04T17:31:26.644+0000] {logging_mixin.py:190} INFO - [2024-12-04T17:31:26.644+0000] {dag.py:4180} INFO - Setting next_dagrun for example_branch_operator to 2024-12-03 00:00:00+00:00, run_after=2024-12-04 00:00:00+00:00
[2024-12-04T17:31:26.658+0000] {processor.py:208} INFO - Processing /home/airflow/.local/lib/python3.12/site-packages/airflow/example_dags/example_branch_operator.py took 0.077 seconds
[2024-12-04T17:31:57.704+0000] {processor.py:186} INFO - Started process (PID=2434) to work on /home/airflow/.local/lib/python3.12/site-packages/airflow/example_dags/example_branch_operator.py
[2024-12-04T17:31:57.705+0000] {processor.py:914} INFO - Processing file /home/airflow/.local/lib/python3.12/site-packages/airflow/example_dags/example_branch_operator.py for tasks to queue
[2024-12-04T17:31:57.706+0000] {logging_mixin.py:190} INFO - [2024-12-04T17:31:57.706+0000] {dagbag.py:588} INFO - Filling up the DagBag from /home/airflow/.local/lib/python3.12/site-packages/airflow/example_dags/example_branch_operator.py
[2024-12-04T17:31:57.718+0000] {processor.py:925} INFO - DAG(s) 'example_branch_operator' retrieved from /home/airflow/.local/lib/python3.12/site-packages/airflow/example_dags/example_branch_operator.py
[2024-12-04T17:31:57.736+0000] {logging_mixin.py:190} INFO - [2024-12-04T17:31:57.736+0000] {dag.py:3239} INFO - Sync 1 DAGs
[2024-12-04T17:31:57.752+0000] {logging_mixin.py:190} INFO - [2024-12-04T17:31:57.752+0000] {dag.py:4180} INFO - Setting next_dagrun for example_branch_operator to 2024-12-03 00:00:00+00:00, run_after=2024-12-04 00:00:00+00:00
[2024-12-04T17:31:57.762+0000] {processor.py:208} INFO - Processing /home/airflow/.local/lib/python3.12/site-packages/airflow/example_dags/example_branch_operator.py took 0.063 seconds
[2024-12-04T17:32:28.437+0000] {processor.py:186} INFO - Started process (PID=2503) to work on /home/airflow/.local/lib/python3.12/site-packages/airflow/example_dags/example_branch_operator.py
[2024-12-04T17:32:28.441+0000] {processor.py:914} INFO - Processing file /home/airflow/.local/lib/python3.12/site-packages/airflow/example_dags/example_branch_operator.py for tasks to queue
[2024-12-04T17:32:28.444+0000] {logging_mixin.py:190} INFO - [2024-12-04T17:32:28.443+0000] {dagbag.py:588} INFO - Filling up the DagBag from /home/airflow/.local/lib/python3.12/site-packages/airflow/example_dags/example_branch_operator.py
[2024-12-04T17:32:28.453+0000] {processor.py:925} INFO - DAG(s) 'example_branch_operator' retrieved from /home/airflow/.local/lib/python3.12/site-packages/airflow/example_dags/example_branch_operator.py
[2024-12-04T17:32:28.470+0000] {logging_mixin.py:190} INFO - [2024-12-04T17:32:28.470+0000] {dag.py:3239} INFO - Sync 1 DAGs
[2024-12-04T17:32:28.481+0000] {logging_mixin.py:190} INFO - [2024-12-04T17:32:28.481+0000] {dag.py:4180} INFO - Setting next_dagrun for example_branch_operator to 2024-12-03 00:00:00+00:00, run_after=2024-12-04 00:00:00+00:00
[2024-12-04T17:32:28.490+0000] {processor.py:208} INFO - Processing /home/airflow/.local/lib/python3.12/site-packages/airflow/example_dags/example_branch_operator.py took 0.056 seconds
