[2024-12-04T17:12:18.857+0000] {processor.py:186} INFO - Started process (PID=69) to work on /home/airflow/.local/lib/python3.12/site-packages/airflow/example_dags/example_bash_operator.py
[2024-12-04T17:12:18.859+0000] {processor.py:914} INFO - Processing file /home/airflow/.local/lib/python3.12/site-packages/airflow/example_dags/example_bash_operator.py for tasks to queue
[2024-12-04T17:12:18.864+0000] {logging_mixin.py:190} INFO - [2024-12-04T17:12:18.863+0000] {dagbag.py:588} INFO - Filling up the DagBag from /home/airflow/.local/lib/python3.12/site-packages/airflow/example_dags/example_bash_operator.py
[2024-12-04T17:12:18.878+0000] {processor.py:925} INFO - DAG(s) 'example_bash_operator' retrieved from /home/airflow/.local/lib/python3.12/site-packages/airflow/example_dags/example_bash_operator.py
[2024-12-04T17:12:18.955+0000] {logging_mixin.py:190} INFO - [2024-12-04T17:12:18.955+0000] {override.py:1911} INFO - Created Permission View: can read on DAG:example_bash_operator
[2024-12-04T17:12:18.960+0000] {logging_mixin.py:190} INFO - [2024-12-04T17:12:18.960+0000] {override.py:1911} INFO - Created Permission View: can delete on DAG:example_bash_operator
[2024-12-04T17:12:18.965+0000] {logging_mixin.py:190} INFO - [2024-12-04T17:12:18.964+0000] {override.py:1911} INFO - Created Permission View: can edit on DAG:example_bash_operator
[2024-12-04T17:12:18.969+0000] {logging_mixin.py:190} INFO - [2024-12-04T17:12:18.969+0000] {override.py:1911} INFO - Created Permission View: menu access on DAG Run:example_bash_operator
[2024-12-04T17:12:18.973+0000] {logging_mixin.py:190} INFO - [2024-12-04T17:12:18.973+0000] {override.py:1911} INFO - Created Permission View: can delete on DAG Run:example_bash_operator
[2024-12-04T17:12:18.978+0000] {logging_mixin.py:190} INFO - [2024-12-04T17:12:18.978+0000] {override.py:1911} INFO - Created Permission View: can read on DAG Run:example_bash_operator
[2024-12-04T17:12:18.983+0000] {logging_mixin.py:190} INFO - [2024-12-04T17:12:18.982+0000] {override.py:1911} INFO - Created Permission View: can create on DAG Run:example_bash_operator
[2024-12-04T17:12:18.983+0000] {logging_mixin.py:190} INFO - [2024-12-04T17:12:18.983+0000] {dag.py:3239} INFO - Sync 1 DAGs
[2024-12-04T17:12:18.991+0000] {logging_mixin.py:190} INFO - [2024-12-04T17:12:18.991+0000] {dag.py:3262} INFO - Creating ORM DAG for example_bash_operator
[2024-12-04T17:12:18.997+0000] {logging_mixin.py:190} INFO - [2024-12-04T17:12:18.996+0000] {dag.py:4180} INFO - Setting next_dagrun for example_bash_operator to 2024-12-03 00:00:00+00:00, run_after=2024-12-04 00:00:00+00:00
[2024-12-04T17:12:19.008+0000] {processor.py:208} INFO - Processing /home/airflow/.local/lib/python3.12/site-packages/airflow/example_dags/example_bash_operator.py took 0.155 seconds
[2024-12-04T17:12:49.141+0000] {processor.py:186} INFO - Started process (PID=132) to work on /home/airflow/.local/lib/python3.12/site-packages/airflow/example_dags/example_bash_operator.py
[2024-12-04T17:12:49.142+0000] {processor.py:914} INFO - Processing file /home/airflow/.local/lib/python3.12/site-packages/airflow/example_dags/example_bash_operator.py for tasks to queue
[2024-12-04T17:12:49.143+0000] {logging_mixin.py:190} INFO - [2024-12-04T17:12:49.143+0000] {dagbag.py:588} INFO - Filling up the DagBag from /home/airflow/.local/lib/python3.12/site-packages/airflow/example_dags/example_bash_operator.py
[2024-12-04T17:12:49.169+0000] {processor.py:925} INFO - DAG(s) 'example_bash_operator' retrieved from /home/airflow/.local/lib/python3.12/site-packages/airflow/example_dags/example_bash_operator.py
[2024-12-04T17:12:49.193+0000] {logging_mixin.py:190} INFO - [2024-12-04T17:12:49.193+0000] {dag.py:3239} INFO - Sync 1 DAGs
[2024-12-04T17:12:49.205+0000] {logging_mixin.py:190} INFO - [2024-12-04T17:12:49.204+0000] {dag.py:4180} INFO - Setting next_dagrun for example_bash_operator to 2024-12-03 00:00:00+00:00, run_after=2024-12-04 00:00:00+00:00
[2024-12-04T17:12:49.217+0000] {processor.py:208} INFO - Processing /home/airflow/.local/lib/python3.12/site-packages/airflow/example_dags/example_bash_operator.py took 0.079 seconds
[2024-12-04T17:13:19.261+0000] {processor.py:186} INFO - Started process (PID=195) to work on /home/airflow/.local/lib/python3.12/site-packages/airflow/example_dags/example_bash_operator.py
[2024-12-04T17:13:19.261+0000] {processor.py:914} INFO - Processing file /home/airflow/.local/lib/python3.12/site-packages/airflow/example_dags/example_bash_operator.py for tasks to queue
[2024-12-04T17:13:19.264+0000] {logging_mixin.py:190} INFO - [2024-12-04T17:13:19.264+0000] {dagbag.py:588} INFO - Filling up the DagBag from /home/airflow/.local/lib/python3.12/site-packages/airflow/example_dags/example_bash_operator.py
[2024-12-04T17:13:19.271+0000] {processor.py:925} INFO - DAG(s) 'example_bash_operator' retrieved from /home/airflow/.local/lib/python3.12/site-packages/airflow/example_dags/example_bash_operator.py
[2024-12-04T17:13:19.283+0000] {logging_mixin.py:190} INFO - [2024-12-04T17:13:19.283+0000] {dag.py:3239} INFO - Sync 1 DAGs
[2024-12-04T17:13:19.299+0000] {logging_mixin.py:190} INFO - [2024-12-04T17:13:19.299+0000] {dag.py:4180} INFO - Setting next_dagrun for example_bash_operator to 2024-12-03 00:00:00+00:00, run_after=2024-12-04 00:00:00+00:00
[2024-12-04T17:13:19.310+0000] {processor.py:208} INFO - Processing /home/airflow/.local/lib/python3.12/site-packages/airflow/example_dags/example_bash_operator.py took 0.052 seconds
[2024-12-04T17:13:49.802+0000] {processor.py:186} INFO - Started process (PID=258) to work on /home/airflow/.local/lib/python3.12/site-packages/airflow/example_dags/example_bash_operator.py
[2024-12-04T17:13:49.803+0000] {processor.py:914} INFO - Processing file /home/airflow/.local/lib/python3.12/site-packages/airflow/example_dags/example_bash_operator.py for tasks to queue
[2024-12-04T17:13:49.804+0000] {logging_mixin.py:190} INFO - [2024-12-04T17:13:49.804+0000] {dagbag.py:588} INFO - Filling up the DagBag from /home/airflow/.local/lib/python3.12/site-packages/airflow/example_dags/example_bash_operator.py
[2024-12-04T17:13:49.810+0000] {processor.py:925} INFO - DAG(s) 'example_bash_operator' retrieved from /home/airflow/.local/lib/python3.12/site-packages/airflow/example_dags/example_bash_operator.py
[2024-12-04T17:13:49.822+0000] {logging_mixin.py:190} INFO - [2024-12-04T17:13:49.822+0000] {dag.py:3239} INFO - Sync 1 DAGs
[2024-12-04T17:13:49.834+0000] {logging_mixin.py:190} INFO - [2024-12-04T17:13:49.834+0000] {dag.py:4180} INFO - Setting next_dagrun for example_bash_operator to 2024-12-03 00:00:00+00:00, run_after=2024-12-04 00:00:00+00:00
[2024-12-04T17:13:49.841+0000] {processor.py:208} INFO - Processing /home/airflow/.local/lib/python3.12/site-packages/airflow/example_dags/example_bash_operator.py took 0.042 seconds
[2024-12-04T17:14:20.275+0000] {processor.py:186} INFO - Started process (PID=321) to work on /home/airflow/.local/lib/python3.12/site-packages/airflow/example_dags/example_bash_operator.py
[2024-12-04T17:14:20.276+0000] {processor.py:914} INFO - Processing file /home/airflow/.local/lib/python3.12/site-packages/airflow/example_dags/example_bash_operator.py for tasks to queue
[2024-12-04T17:14:20.279+0000] {logging_mixin.py:190} INFO - [2024-12-04T17:14:20.278+0000] {dagbag.py:588} INFO - Filling up the DagBag from /home/airflow/.local/lib/python3.12/site-packages/airflow/example_dags/example_bash_operator.py
[2024-12-04T17:14:20.286+0000] {processor.py:925} INFO - DAG(s) 'example_bash_operator' retrieved from /home/airflow/.local/lib/python3.12/site-packages/airflow/example_dags/example_bash_operator.py
[2024-12-04T17:14:20.298+0000] {logging_mixin.py:190} INFO - [2024-12-04T17:14:20.298+0000] {dag.py:3239} INFO - Sync 1 DAGs
[2024-12-04T17:14:20.309+0000] {logging_mixin.py:190} INFO - [2024-12-04T17:14:20.309+0000] {dag.py:4180} INFO - Setting next_dagrun for example_bash_operator to 2024-12-03 00:00:00+00:00, run_after=2024-12-04 00:00:00+00:00
[2024-12-04T17:14:20.317+0000] {processor.py:208} INFO - Processing /home/airflow/.local/lib/python3.12/site-packages/airflow/example_dags/example_bash_operator.py took 0.046 seconds
[2024-12-04T17:14:50.752+0000] {processor.py:186} INFO - Started process (PID=384) to work on /home/airflow/.local/lib/python3.12/site-packages/airflow/example_dags/example_bash_operator.py
[2024-12-04T17:14:50.753+0000] {processor.py:914} INFO - Processing file /home/airflow/.local/lib/python3.12/site-packages/airflow/example_dags/example_bash_operator.py for tasks to queue
[2024-12-04T17:14:50.755+0000] {logging_mixin.py:190} INFO - [2024-12-04T17:14:50.754+0000] {dagbag.py:588} INFO - Filling up the DagBag from /home/airflow/.local/lib/python3.12/site-packages/airflow/example_dags/example_bash_operator.py
[2024-12-04T17:14:50.763+0000] {processor.py:925} INFO - DAG(s) 'example_bash_operator' retrieved from /home/airflow/.local/lib/python3.12/site-packages/airflow/example_dags/example_bash_operator.py
[2024-12-04T17:14:50.783+0000] {logging_mixin.py:190} INFO - [2024-12-04T17:14:50.783+0000] {dag.py:3239} INFO - Sync 1 DAGs
[2024-12-04T17:14:50.796+0000] {logging_mixin.py:190} INFO - [2024-12-04T17:14:50.796+0000] {dag.py:4180} INFO - Setting next_dagrun for example_bash_operator to 2024-12-03 00:00:00+00:00, run_after=2024-12-04 00:00:00+00:00
[2024-12-04T17:14:50.804+0000] {processor.py:208} INFO - Processing /home/airflow/.local/lib/python3.12/site-packages/airflow/example_dags/example_bash_operator.py took 0.056 seconds
[2024-12-04T17:15:21.565+0000] {processor.py:186} INFO - Started process (PID=447) to work on /home/airflow/.local/lib/python3.12/site-packages/airflow/example_dags/example_bash_operator.py
[2024-12-04T17:15:21.566+0000] {processor.py:914} INFO - Processing file /home/airflow/.local/lib/python3.12/site-packages/airflow/example_dags/example_bash_operator.py for tasks to queue
[2024-12-04T17:15:21.567+0000] {logging_mixin.py:190} INFO - [2024-12-04T17:15:21.567+0000] {dagbag.py:588} INFO - Filling up the DagBag from /home/airflow/.local/lib/python3.12/site-packages/airflow/example_dags/example_bash_operator.py
[2024-12-04T17:15:21.575+0000] {processor.py:925} INFO - DAG(s) 'example_bash_operator' retrieved from /home/airflow/.local/lib/python3.12/site-packages/airflow/example_dags/example_bash_operator.py
[2024-12-04T17:15:21.586+0000] {logging_mixin.py:190} INFO - [2024-12-04T17:15:21.586+0000] {dag.py:3239} INFO - Sync 1 DAGs
[2024-12-04T17:15:21.596+0000] {logging_mixin.py:190} INFO - [2024-12-04T17:15:21.596+0000] {dag.py:4180} INFO - Setting next_dagrun for example_bash_operator to 2024-12-03 00:00:00+00:00, run_after=2024-12-04 00:00:00+00:00
[2024-12-04T17:15:21.603+0000] {processor.py:208} INFO - Processing /home/airflow/.local/lib/python3.12/site-packages/airflow/example_dags/example_bash_operator.py took 0.042 seconds
[2024-12-04T17:15:52.182+0000] {processor.py:186} INFO - Started process (PID=510) to work on /home/airflow/.local/lib/python3.12/site-packages/airflow/example_dags/example_bash_operator.py
[2024-12-04T17:15:52.184+0000] {processor.py:914} INFO - Processing file /home/airflow/.local/lib/python3.12/site-packages/airflow/example_dags/example_bash_operator.py for tasks to queue
[2024-12-04T17:15:52.186+0000] {logging_mixin.py:190} INFO - [2024-12-04T17:15:52.185+0000] {dagbag.py:588} INFO - Filling up the DagBag from /home/airflow/.local/lib/python3.12/site-packages/airflow/example_dags/example_bash_operator.py
[2024-12-04T17:15:52.192+0000] {processor.py:925} INFO - DAG(s) 'example_bash_operator' retrieved from /home/airflow/.local/lib/python3.12/site-packages/airflow/example_dags/example_bash_operator.py
[2024-12-04T17:15:52.204+0000] {logging_mixin.py:190} INFO - [2024-12-04T17:15:52.204+0000] {dag.py:3239} INFO - Sync 1 DAGs
[2024-12-04T17:15:52.215+0000] {logging_mixin.py:190} INFO - [2024-12-04T17:15:52.215+0000] {dag.py:4180} INFO - Setting next_dagrun for example_bash_operator to 2024-12-03 00:00:00+00:00, run_after=2024-12-04 00:00:00+00:00
[2024-12-04T17:15:52.222+0000] {processor.py:208} INFO - Processing /home/airflow/.local/lib/python3.12/site-packages/airflow/example_dags/example_bash_operator.py took 0.043 seconds
[2024-12-04T17:16:22.564+0000] {processor.py:186} INFO - Started process (PID=573) to work on /home/airflow/.local/lib/python3.12/site-packages/airflow/example_dags/example_bash_operator.py
[2024-12-04T17:16:22.564+0000] {processor.py:914} INFO - Processing file /home/airflow/.local/lib/python3.12/site-packages/airflow/example_dags/example_bash_operator.py for tasks to queue
[2024-12-04T17:16:22.566+0000] {logging_mixin.py:190} INFO - [2024-12-04T17:16:22.565+0000] {dagbag.py:588} INFO - Filling up the DagBag from /home/airflow/.local/lib/python3.12/site-packages/airflow/example_dags/example_bash_operator.py
[2024-12-04T17:16:22.573+0000] {processor.py:925} INFO - DAG(s) 'example_bash_operator' retrieved from /home/airflow/.local/lib/python3.12/site-packages/airflow/example_dags/example_bash_operator.py
[2024-12-04T17:16:22.587+0000] {logging_mixin.py:190} INFO - [2024-12-04T17:16:22.587+0000] {dag.py:3239} INFO - Sync 1 DAGs
[2024-12-04T17:16:22.603+0000] {logging_mixin.py:190} INFO - [2024-12-04T17:16:22.603+0000] {dag.py:4180} INFO - Setting next_dagrun for example_bash_operator to 2024-12-03 00:00:00+00:00, run_after=2024-12-04 00:00:00+00:00
[2024-12-04T17:16:22.612+0000] {processor.py:208} INFO - Processing /home/airflow/.local/lib/python3.12/site-packages/airflow/example_dags/example_bash_operator.py took 0.052 seconds
[2024-12-04T17:16:53.159+0000] {processor.py:186} INFO - Started process (PID=642) to work on /home/airflow/.local/lib/python3.12/site-packages/airflow/example_dags/example_bash_operator.py
[2024-12-04T17:16:53.160+0000] {processor.py:914} INFO - Processing file /home/airflow/.local/lib/python3.12/site-packages/airflow/example_dags/example_bash_operator.py for tasks to queue
[2024-12-04T17:16:53.162+0000] {logging_mixin.py:190} INFO - [2024-12-04T17:16:53.162+0000] {dagbag.py:588} INFO - Filling up the DagBag from /home/airflow/.local/lib/python3.12/site-packages/airflow/example_dags/example_bash_operator.py
[2024-12-04T17:16:53.172+0000] {processor.py:925} INFO - DAG(s) 'example_bash_operator' retrieved from /home/airflow/.local/lib/python3.12/site-packages/airflow/example_dags/example_bash_operator.py
[2024-12-04T17:16:53.189+0000] {logging_mixin.py:190} INFO - [2024-12-04T17:16:53.188+0000] {dag.py:3239} INFO - Sync 1 DAGs
[2024-12-04T17:16:53.200+0000] {logging_mixin.py:190} INFO - [2024-12-04T17:16:53.200+0000] {dag.py:4180} INFO - Setting next_dagrun for example_bash_operator to 2024-12-03 00:00:00+00:00, run_after=2024-12-04 00:00:00+00:00
[2024-12-04T17:16:53.216+0000] {processor.py:208} INFO - Processing /home/airflow/.local/lib/python3.12/site-packages/airflow/example_dags/example_bash_operator.py took 0.062 seconds
[2024-12-04T17:17:23.617+0000] {processor.py:186} INFO - Started process (PID=705) to work on /home/airflow/.local/lib/python3.12/site-packages/airflow/example_dags/example_bash_operator.py
[2024-12-04T17:17:23.619+0000] {processor.py:914} INFO - Processing file /home/airflow/.local/lib/python3.12/site-packages/airflow/example_dags/example_bash_operator.py for tasks to queue
[2024-12-04T17:17:23.623+0000] {logging_mixin.py:190} INFO - [2024-12-04T17:17:23.623+0000] {dagbag.py:588} INFO - Filling up the DagBag from /home/airflow/.local/lib/python3.12/site-packages/airflow/example_dags/example_bash_operator.py
[2024-12-04T17:17:23.630+0000] {processor.py:925} INFO - DAG(s) 'example_bash_operator' retrieved from /home/airflow/.local/lib/python3.12/site-packages/airflow/example_dags/example_bash_operator.py
[2024-12-04T17:17:23.644+0000] {logging_mixin.py:190} INFO - [2024-12-04T17:17:23.644+0000] {dag.py:3239} INFO - Sync 1 DAGs
[2024-12-04T17:17:23.657+0000] {logging_mixin.py:190} INFO - [2024-12-04T17:17:23.656+0000] {dag.py:4180} INFO - Setting next_dagrun for example_bash_operator to 2024-12-03 00:00:00+00:00, run_after=2024-12-04 00:00:00+00:00
[2024-12-04T17:17:23.668+0000] {processor.py:208} INFO - Processing /home/airflow/.local/lib/python3.12/site-packages/airflow/example_dags/example_bash_operator.py took 0.055 seconds
[2024-12-04T17:17:54.178+0000] {processor.py:186} INFO - Started process (PID=768) to work on /home/airflow/.local/lib/python3.12/site-packages/airflow/example_dags/example_bash_operator.py
[2024-12-04T17:17:54.181+0000] {processor.py:914} INFO - Processing file /home/airflow/.local/lib/python3.12/site-packages/airflow/example_dags/example_bash_operator.py for tasks to queue
[2024-12-04T17:17:54.182+0000] {logging_mixin.py:190} INFO - [2024-12-04T17:17:54.182+0000] {dagbag.py:588} INFO - Filling up the DagBag from /home/airflow/.local/lib/python3.12/site-packages/airflow/example_dags/example_bash_operator.py
[2024-12-04T17:17:54.193+0000] {processor.py:925} INFO - DAG(s) 'example_bash_operator' retrieved from /home/airflow/.local/lib/python3.12/site-packages/airflow/example_dags/example_bash_operator.py
[2024-12-04T17:17:54.210+0000] {logging_mixin.py:190} INFO - [2024-12-04T17:17:54.210+0000] {dag.py:3239} INFO - Sync 1 DAGs
[2024-12-04T17:17:54.223+0000] {logging_mixin.py:190} INFO - [2024-12-04T17:17:54.223+0000] {dag.py:4180} INFO - Setting next_dagrun for example_bash_operator to 2024-12-03 00:00:00+00:00, run_after=2024-12-04 00:00:00+00:00
[2024-12-04T17:17:54.231+0000] {processor.py:208} INFO - Processing /home/airflow/.local/lib/python3.12/site-packages/airflow/example_dags/example_bash_operator.py took 0.058 seconds
[2024-12-04T17:18:24.674+0000] {processor.py:186} INFO - Started process (PID=831) to work on /home/airflow/.local/lib/python3.12/site-packages/airflow/example_dags/example_bash_operator.py
[2024-12-04T17:18:24.675+0000] {processor.py:914} INFO - Processing file /home/airflow/.local/lib/python3.12/site-packages/airflow/example_dags/example_bash_operator.py for tasks to queue
[2024-12-04T17:18:24.676+0000] {logging_mixin.py:190} INFO - [2024-12-04T17:18:24.676+0000] {dagbag.py:588} INFO - Filling up the DagBag from /home/airflow/.local/lib/python3.12/site-packages/airflow/example_dags/example_bash_operator.py
[2024-12-04T17:18:24.683+0000] {processor.py:925} INFO - DAG(s) 'example_bash_operator' retrieved from /home/airflow/.local/lib/python3.12/site-packages/airflow/example_dags/example_bash_operator.py
[2024-12-04T17:18:24.696+0000] {logging_mixin.py:190} INFO - [2024-12-04T17:18:24.696+0000] {dag.py:3239} INFO - Sync 1 DAGs
[2024-12-04T17:18:24.707+0000] {logging_mixin.py:190} INFO - [2024-12-04T17:18:24.707+0000] {dag.py:4180} INFO - Setting next_dagrun for example_bash_operator to 2024-12-03 00:00:00+00:00, run_after=2024-12-04 00:00:00+00:00
[2024-12-04T17:18:24.714+0000] {processor.py:208} INFO - Processing /home/airflow/.local/lib/python3.12/site-packages/airflow/example_dags/example_bash_operator.py took 0.044 seconds
[2024-12-04T17:18:55.652+0000] {processor.py:186} INFO - Started process (PID=894) to work on /home/airflow/.local/lib/python3.12/site-packages/airflow/example_dags/example_bash_operator.py
[2024-12-04T17:18:55.656+0000] {processor.py:914} INFO - Processing file /home/airflow/.local/lib/python3.12/site-packages/airflow/example_dags/example_bash_operator.py for tasks to queue
[2024-12-04T17:18:55.660+0000] {logging_mixin.py:190} INFO - [2024-12-04T17:18:55.660+0000] {dagbag.py:588} INFO - Filling up the DagBag from /home/airflow/.local/lib/python3.12/site-packages/airflow/example_dags/example_bash_operator.py
[2024-12-04T17:18:55.667+0000] {processor.py:925} INFO - DAG(s) 'example_bash_operator' retrieved from /home/airflow/.local/lib/python3.12/site-packages/airflow/example_dags/example_bash_operator.py
[2024-12-04T17:18:55.680+0000] {logging_mixin.py:190} INFO - [2024-12-04T17:18:55.680+0000] {dag.py:3239} INFO - Sync 1 DAGs
[2024-12-04T17:18:55.692+0000] {logging_mixin.py:190} INFO - [2024-12-04T17:18:55.692+0000] {dag.py:4180} INFO - Setting next_dagrun for example_bash_operator to 2024-12-03 00:00:00+00:00, run_after=2024-12-04 00:00:00+00:00
[2024-12-04T17:18:55.699+0000] {processor.py:208} INFO - Processing /home/airflow/.local/lib/python3.12/site-packages/airflow/example_dags/example_bash_operator.py took 0.050 seconds
[2024-12-04T17:19:26.129+0000] {processor.py:186} INFO - Started process (PID=957) to work on /home/airflow/.local/lib/python3.12/site-packages/airflow/example_dags/example_bash_operator.py
[2024-12-04T17:19:26.130+0000] {processor.py:914} INFO - Processing file /home/airflow/.local/lib/python3.12/site-packages/airflow/example_dags/example_bash_operator.py for tasks to queue
[2024-12-04T17:19:26.131+0000] {logging_mixin.py:190} INFO - [2024-12-04T17:19:26.131+0000] {dagbag.py:588} INFO - Filling up the DagBag from /home/airflow/.local/lib/python3.12/site-packages/airflow/example_dags/example_bash_operator.py
[2024-12-04T17:19:26.139+0000] {processor.py:925} INFO - DAG(s) 'example_bash_operator' retrieved from /home/airflow/.local/lib/python3.12/site-packages/airflow/example_dags/example_bash_operator.py
[2024-12-04T17:19:26.155+0000] {logging_mixin.py:190} INFO - [2024-12-04T17:19:26.155+0000] {dag.py:3239} INFO - Sync 1 DAGs
[2024-12-04T17:19:26.170+0000] {logging_mixin.py:190} INFO - [2024-12-04T17:19:26.170+0000] {dag.py:4180} INFO - Setting next_dagrun for example_bash_operator to 2024-12-03 00:00:00+00:00, run_after=2024-12-04 00:00:00+00:00
[2024-12-04T17:19:26.180+0000] {processor.py:208} INFO - Processing /home/airflow/.local/lib/python3.12/site-packages/airflow/example_dags/example_bash_operator.py took 0.055 seconds
[2024-12-04T17:19:56.441+0000] {processor.py:186} INFO - Started process (PID=1020) to work on /home/airflow/.local/lib/python3.12/site-packages/airflow/example_dags/example_bash_operator.py
[2024-12-04T17:19:56.443+0000] {processor.py:914} INFO - Processing file /home/airflow/.local/lib/python3.12/site-packages/airflow/example_dags/example_bash_operator.py for tasks to queue
[2024-12-04T17:19:56.444+0000] {logging_mixin.py:190} INFO - [2024-12-04T17:19:56.444+0000] {dagbag.py:588} INFO - Filling up the DagBag from /home/airflow/.local/lib/python3.12/site-packages/airflow/example_dags/example_bash_operator.py
[2024-12-04T17:19:56.451+0000] {processor.py:925} INFO - DAG(s) 'example_bash_operator' retrieved from /home/airflow/.local/lib/python3.12/site-packages/airflow/example_dags/example_bash_operator.py
[2024-12-04T17:19:56.465+0000] {logging_mixin.py:190} INFO - [2024-12-04T17:19:56.465+0000] {dag.py:3239} INFO - Sync 1 DAGs
[2024-12-04T17:19:56.480+0000] {logging_mixin.py:190} INFO - [2024-12-04T17:19:56.480+0000] {dag.py:4180} INFO - Setting next_dagrun for example_bash_operator to 2024-12-03 00:00:00+00:00, run_after=2024-12-04 00:00:00+00:00
[2024-12-04T17:19:56.491+0000] {processor.py:208} INFO - Processing /home/airflow/.local/lib/python3.12/site-packages/airflow/example_dags/example_bash_operator.py took 0.054 seconds
[2024-12-04T17:20:26.830+0000] {processor.py:186} INFO - Started process (PID=1083) to work on /home/airflow/.local/lib/python3.12/site-packages/airflow/example_dags/example_bash_operator.py
[2024-12-04T17:20:26.830+0000] {processor.py:914} INFO - Processing file /home/airflow/.local/lib/python3.12/site-packages/airflow/example_dags/example_bash_operator.py for tasks to queue
[2024-12-04T17:20:26.832+0000] {logging_mixin.py:190} INFO - [2024-12-04T17:20:26.832+0000] {dagbag.py:588} INFO - Filling up the DagBag from /home/airflow/.local/lib/python3.12/site-packages/airflow/example_dags/example_bash_operator.py
[2024-12-04T17:20:26.839+0000] {processor.py:925} INFO - DAG(s) 'example_bash_operator' retrieved from /home/airflow/.local/lib/python3.12/site-packages/airflow/example_dags/example_bash_operator.py
[2024-12-04T17:20:26.854+0000] {logging_mixin.py:190} INFO - [2024-12-04T17:20:26.854+0000] {dag.py:3239} INFO - Sync 1 DAGs
[2024-12-04T17:20:26.866+0000] {logging_mixin.py:190} INFO - [2024-12-04T17:20:26.866+0000] {dag.py:4180} INFO - Setting next_dagrun for example_bash_operator to 2024-12-03 00:00:00+00:00, run_after=2024-12-04 00:00:00+00:00
[2024-12-04T17:20:26.873+0000] {processor.py:208} INFO - Processing /home/airflow/.local/lib/python3.12/site-packages/airflow/example_dags/example_bash_operator.py took 0.047 seconds
[2024-12-04T17:20:57.070+0000] {processor.py:186} INFO - Started process (PID=1146) to work on /home/airflow/.local/lib/python3.12/site-packages/airflow/example_dags/example_bash_operator.py
[2024-12-04T17:20:57.071+0000] {processor.py:914} INFO - Processing file /home/airflow/.local/lib/python3.12/site-packages/airflow/example_dags/example_bash_operator.py for tasks to queue
[2024-12-04T17:20:57.072+0000] {logging_mixin.py:190} INFO - [2024-12-04T17:20:57.072+0000] {dagbag.py:588} INFO - Filling up the DagBag from /home/airflow/.local/lib/python3.12/site-packages/airflow/example_dags/example_bash_operator.py
[2024-12-04T17:20:57.078+0000] {processor.py:925} INFO - DAG(s) 'example_bash_operator' retrieved from /home/airflow/.local/lib/python3.12/site-packages/airflow/example_dags/example_bash_operator.py
[2024-12-04T17:20:57.090+0000] {logging_mixin.py:190} INFO - [2024-12-04T17:20:57.090+0000] {dag.py:3239} INFO - Sync 1 DAGs
[2024-12-04T17:20:57.102+0000] {logging_mixin.py:190} INFO - [2024-12-04T17:20:57.102+0000] {dag.py:4180} INFO - Setting next_dagrun for example_bash_operator to 2024-12-03 00:00:00+00:00, run_after=2024-12-04 00:00:00+00:00
[2024-12-04T17:20:57.110+0000] {processor.py:208} INFO - Processing /home/airflow/.local/lib/python3.12/site-packages/airflow/example_dags/example_bash_operator.py took 0.044 seconds
[2024-12-04T17:21:28.845+0000] {processor.py:186} INFO - Started process (PID=1209) to work on /home/airflow/.local/lib/python3.12/site-packages/airflow/example_dags/example_bash_operator.py
[2024-12-04T17:21:28.849+0000] {processor.py:914} INFO - Processing file /home/airflow/.local/lib/python3.12/site-packages/airflow/example_dags/example_bash_operator.py for tasks to queue
[2024-12-04T17:21:28.852+0000] {logging_mixin.py:190} INFO - [2024-12-04T17:21:28.851+0000] {dagbag.py:588} INFO - Filling up the DagBag from /home/airflow/.local/lib/python3.12/site-packages/airflow/example_dags/example_bash_operator.py
[2024-12-04T17:21:28.874+0000] {processor.py:925} INFO - DAG(s) 'example_bash_operator' retrieved from /home/airflow/.local/lib/python3.12/site-packages/airflow/example_dags/example_bash_operator.py
[2024-12-04T17:21:28.902+0000] {logging_mixin.py:190} INFO - [2024-12-04T17:21:28.902+0000] {dag.py:3239} INFO - Sync 1 DAGs
[2024-12-04T17:21:28.960+0000] {logging_mixin.py:190} INFO - [2024-12-04T17:21:28.960+0000] {dag.py:4180} INFO - Setting next_dagrun for example_bash_operator to 2024-12-03 00:00:00+00:00, run_after=2024-12-04 00:00:00+00:00
[2024-12-04T17:21:28.979+0000] {processor.py:208} INFO - Processing /home/airflow/.local/lib/python3.12/site-packages/airflow/example_dags/example_bash_operator.py took 0.141 seconds
[2024-12-04T17:21:59.985+0000] {processor.py:186} INFO - Started process (PID=1272) to work on /home/airflow/.local/lib/python3.12/site-packages/airflow/example_dags/example_bash_operator.py
[2024-12-04T17:21:59.987+0000] {processor.py:914} INFO - Processing file /home/airflow/.local/lib/python3.12/site-packages/airflow/example_dags/example_bash_operator.py for tasks to queue
[2024-12-04T17:21:59.990+0000] {logging_mixin.py:190} INFO - [2024-12-04T17:21:59.990+0000] {dagbag.py:588} INFO - Filling up the DagBag from /home/airflow/.local/lib/python3.12/site-packages/airflow/example_dags/example_bash_operator.py
[2024-12-04T17:22:00.015+0000] {processor.py:925} INFO - DAG(s) 'example_bash_operator' retrieved from /home/airflow/.local/lib/python3.12/site-packages/airflow/example_dags/example_bash_operator.py
[2024-12-04T17:22:00.061+0000] {logging_mixin.py:190} INFO - [2024-12-04T17:22:00.060+0000] {dag.py:3239} INFO - Sync 1 DAGs
[2024-12-04T17:22:00.113+0000] {logging_mixin.py:190} INFO - [2024-12-04T17:22:00.113+0000] {dag.py:4180} INFO - Setting next_dagrun for example_bash_operator to 2024-12-03 00:00:00+00:00, run_after=2024-12-04 00:00:00+00:00
[2024-12-04T17:22:00.128+0000] {processor.py:208} INFO - Processing /home/airflow/.local/lib/python3.12/site-packages/airflow/example_dags/example_bash_operator.py took 0.161 seconds
[2024-12-04T17:22:33.575+0000] {processor.py:186} INFO - Started process (PID=1335) to work on /home/airflow/.local/lib/python3.12/site-packages/airflow/example_dags/example_bash_operator.py
[2024-12-04T17:22:33.584+0000] {processor.py:914} INFO - Processing file /home/airflow/.local/lib/python3.12/site-packages/airflow/example_dags/example_bash_operator.py for tasks to queue
[2024-12-04T17:22:33.620+0000] {logging_mixin.py:190} INFO - [2024-12-04T17:22:33.618+0000] {dagbag.py:588} INFO - Filling up the DagBag from /home/airflow/.local/lib/python3.12/site-packages/airflow/example_dags/example_bash_operator.py
[2024-12-04T17:22:33.741+0000] {processor.py:925} INFO - DAG(s) 'example_bash_operator' retrieved from /home/airflow/.local/lib/python3.12/site-packages/airflow/example_dags/example_bash_operator.py
[2024-12-04T17:22:33.927+0000] {logging_mixin.py:190} INFO - [2024-12-04T17:22:33.924+0000] {dag.py:3239} INFO - Sync 1 DAGs
[2024-12-04T17:22:34.196+0000] {logging_mixin.py:190} INFO - [2024-12-04T17:22:34.190+0000] {dag.py:4180} INFO - Setting next_dagrun for example_bash_operator to 2024-12-03 00:00:00+00:00, run_after=2024-12-04 00:00:00+00:00
[2024-12-04T17:22:34.368+0000] {processor.py:208} INFO - Processing /home/airflow/.local/lib/python3.12/site-packages/airflow/example_dags/example_bash_operator.py took 0.837 seconds
[2024-12-04T17:23:17.175+0000] {processor.py:186} INFO - Started process (PID=1398) to work on /home/airflow/.local/lib/python3.12/site-packages/airflow/example_dags/example_bash_operator.py
[2024-12-04T17:23:17.181+0000] {processor.py:914} INFO - Processing file /home/airflow/.local/lib/python3.12/site-packages/airflow/example_dags/example_bash_operator.py for tasks to queue
[2024-12-04T17:23:17.198+0000] {logging_mixin.py:190} INFO - [2024-12-04T17:23:17.197+0000] {dagbag.py:588} INFO - Filling up the DagBag from /home/airflow/.local/lib/python3.12/site-packages/airflow/example_dags/example_bash_operator.py
[2024-12-04T17:23:17.290+0000] {processor.py:925} INFO - DAG(s) 'example_bash_operator' retrieved from /home/airflow/.local/lib/python3.12/site-packages/airflow/example_dags/example_bash_operator.py
[2024-12-04T17:23:17.404+0000] {logging_mixin.py:190} INFO - [2024-12-04T17:23:17.404+0000] {dag.py:3239} INFO - Sync 1 DAGs
[2024-12-04T17:23:17.470+0000] {logging_mixin.py:190} INFO - [2024-12-04T17:23:17.470+0000] {dag.py:4180} INFO - Setting next_dagrun for example_bash_operator to 2024-12-03 00:00:00+00:00, run_after=2024-12-04 00:00:00+00:00
[2024-12-04T17:23:17.502+0000] {processor.py:208} INFO - Processing /home/airflow/.local/lib/python3.12/site-packages/airflow/example_dags/example_bash_operator.py took 0.364 seconds
[2024-12-04T17:23:48.250+0000] {processor.py:186} INFO - Started process (PID=1461) to work on /home/airflow/.local/lib/python3.12/site-packages/airflow/example_dags/example_bash_operator.py
[2024-12-04T17:23:48.262+0000] {processor.py:914} INFO - Processing file /home/airflow/.local/lib/python3.12/site-packages/airflow/example_dags/example_bash_operator.py for tasks to queue
[2024-12-04T17:23:48.273+0000] {logging_mixin.py:190} INFO - [2024-12-04T17:23:48.273+0000] {dagbag.py:588} INFO - Filling up the DagBag from /home/airflow/.local/lib/python3.12/site-packages/airflow/example_dags/example_bash_operator.py
[2024-12-04T17:23:48.332+0000] {processor.py:925} INFO - DAG(s) 'example_bash_operator' retrieved from /home/airflow/.local/lib/python3.12/site-packages/airflow/example_dags/example_bash_operator.py
[2024-12-04T17:23:48.435+0000] {logging_mixin.py:190} INFO - [2024-12-04T17:23:48.435+0000] {dag.py:3239} INFO - Sync 1 DAGs
[2024-12-04T17:23:48.512+0000] {logging_mixin.py:190} INFO - [2024-12-04T17:23:48.511+0000] {dag.py:4180} INFO - Setting next_dagrun for example_bash_operator to 2024-12-03 00:00:00+00:00, run_after=2024-12-04 00:00:00+00:00
[2024-12-04T17:23:48.585+0000] {processor.py:208} INFO - Processing /home/airflow/.local/lib/python3.12/site-packages/airflow/example_dags/example_bash_operator.py took 0.366 seconds
[2024-12-04T17:24:19.368+0000] {processor.py:186} INFO - Started process (PID=1524) to work on /home/airflow/.local/lib/python3.12/site-packages/airflow/example_dags/example_bash_operator.py
[2024-12-04T17:24:19.370+0000] {processor.py:914} INFO - Processing file /home/airflow/.local/lib/python3.12/site-packages/airflow/example_dags/example_bash_operator.py for tasks to queue
[2024-12-04T17:24:19.376+0000] {logging_mixin.py:190} INFO - [2024-12-04T17:24:19.376+0000] {dagbag.py:588} INFO - Filling up the DagBag from /home/airflow/.local/lib/python3.12/site-packages/airflow/example_dags/example_bash_operator.py
[2024-12-04T17:24:19.423+0000] {processor.py:925} INFO - DAG(s) 'example_bash_operator' retrieved from /home/airflow/.local/lib/python3.12/site-packages/airflow/example_dags/example_bash_operator.py
[2024-12-04T17:24:19.478+0000] {logging_mixin.py:190} INFO - [2024-12-04T17:24:19.477+0000] {dag.py:3239} INFO - Sync 1 DAGs
[2024-12-04T17:24:19.518+0000] {logging_mixin.py:190} INFO - [2024-12-04T17:24:19.518+0000] {dag.py:4180} INFO - Setting next_dagrun for example_bash_operator to 2024-12-03 00:00:00+00:00, run_after=2024-12-04 00:00:00+00:00
[2024-12-04T17:24:19.542+0000] {processor.py:208} INFO - Processing /home/airflow/.local/lib/python3.12/site-packages/airflow/example_dags/example_bash_operator.py took 0.195 seconds
[2024-12-04T17:24:50.300+0000] {processor.py:186} INFO - Started process (PID=1586) to work on /home/airflow/.local/lib/python3.12/site-packages/airflow/example_dags/example_bash_operator.py
[2024-12-04T17:24:50.300+0000] {processor.py:914} INFO - Processing file /home/airflow/.local/lib/python3.12/site-packages/airflow/example_dags/example_bash_operator.py for tasks to queue
[2024-12-04T17:24:50.303+0000] {logging_mixin.py:190} INFO - [2024-12-04T17:24:50.303+0000] {dagbag.py:588} INFO - Filling up the DagBag from /home/airflow/.local/lib/python3.12/site-packages/airflow/example_dags/example_bash_operator.py
[2024-12-04T17:24:50.315+0000] {processor.py:925} INFO - DAG(s) 'example_bash_operator' retrieved from /home/airflow/.local/lib/python3.12/site-packages/airflow/example_dags/example_bash_operator.py
[2024-12-04T17:24:50.335+0000] {logging_mixin.py:190} INFO - [2024-12-04T17:24:50.335+0000] {dag.py:3239} INFO - Sync 1 DAGs
[2024-12-04T17:24:50.349+0000] {logging_mixin.py:190} INFO - [2024-12-04T17:24:50.349+0000] {dag.py:4180} INFO - Setting next_dagrun for example_bash_operator to 2024-12-03 00:00:00+00:00, run_after=2024-12-04 00:00:00+00:00
[2024-12-04T17:24:50.362+0000] {processor.py:208} INFO - Processing /home/airflow/.local/lib/python3.12/site-packages/airflow/example_dags/example_bash_operator.py took 0.067 seconds
[2024-12-04T17:25:20.617+0000] {processor.py:186} INFO - Started process (PID=1649) to work on /home/airflow/.local/lib/python3.12/site-packages/airflow/example_dags/example_bash_operator.py
[2024-12-04T17:25:20.620+0000] {processor.py:914} INFO - Processing file /home/airflow/.local/lib/python3.12/site-packages/airflow/example_dags/example_bash_operator.py for tasks to queue
[2024-12-04T17:25:20.623+0000] {logging_mixin.py:190} INFO - [2024-12-04T17:25:20.622+0000] {dagbag.py:588} INFO - Filling up the DagBag from /home/airflow/.local/lib/python3.12/site-packages/airflow/example_dags/example_bash_operator.py
[2024-12-04T17:25:20.635+0000] {processor.py:925} INFO - DAG(s) 'example_bash_operator' retrieved from /home/airflow/.local/lib/python3.12/site-packages/airflow/example_dags/example_bash_operator.py
[2024-12-04T17:25:20.663+0000] {logging_mixin.py:190} INFO - [2024-12-04T17:25:20.663+0000] {dag.py:3239} INFO - Sync 1 DAGs
[2024-12-04T17:25:20.681+0000] {logging_mixin.py:190} INFO - [2024-12-04T17:25:20.681+0000] {dag.py:4180} INFO - Setting next_dagrun for example_bash_operator to 2024-12-03 00:00:00+00:00, run_after=2024-12-04 00:00:00+00:00
[2024-12-04T17:25:20.691+0000] {processor.py:208} INFO - Processing /home/airflow/.local/lib/python3.12/site-packages/airflow/example_dags/example_bash_operator.py took 0.078 seconds
[2024-12-04T17:25:51.023+0000] {processor.py:186} INFO - Started process (PID=1712) to work on /home/airflow/.local/lib/python3.12/site-packages/airflow/example_dags/example_bash_operator.py
[2024-12-04T17:25:51.023+0000] {processor.py:914} INFO - Processing file /home/airflow/.local/lib/python3.12/site-packages/airflow/example_dags/example_bash_operator.py for tasks to queue
[2024-12-04T17:25:51.025+0000] {logging_mixin.py:190} INFO - [2024-12-04T17:25:51.025+0000] {dagbag.py:588} INFO - Filling up the DagBag from /home/airflow/.local/lib/python3.12/site-packages/airflow/example_dags/example_bash_operator.py
[2024-12-04T17:25:51.040+0000] {processor.py:925} INFO - DAG(s) 'example_bash_operator' retrieved from /home/airflow/.local/lib/python3.12/site-packages/airflow/example_dags/example_bash_operator.py
[2024-12-04T17:25:51.056+0000] {logging_mixin.py:190} INFO - [2024-12-04T17:25:51.056+0000] {dag.py:3239} INFO - Sync 1 DAGs
[2024-12-04T17:25:51.071+0000] {logging_mixin.py:190} INFO - [2024-12-04T17:25:51.071+0000] {dag.py:4180} INFO - Setting next_dagrun for example_bash_operator to 2024-12-03 00:00:00+00:00, run_after=2024-12-04 00:00:00+00:00
[2024-12-04T17:25:51.093+0000] {processor.py:208} INFO - Processing /home/airflow/.local/lib/python3.12/site-packages/airflow/example_dags/example_bash_operator.py took 0.075 seconds
[2024-12-04T17:26:23.272+0000] {processor.py:186} INFO - Started process (PID=1775) to work on /home/airflow/.local/lib/python3.12/site-packages/airflow/example_dags/example_bash_operator.py
[2024-12-04T17:26:23.273+0000] {processor.py:914} INFO - Processing file /home/airflow/.local/lib/python3.12/site-packages/airflow/example_dags/example_bash_operator.py for tasks to queue
[2024-12-04T17:26:23.275+0000] {logging_mixin.py:190} INFO - [2024-12-04T17:26:23.275+0000] {dagbag.py:588} INFO - Filling up the DagBag from /home/airflow/.local/lib/python3.12/site-packages/airflow/example_dags/example_bash_operator.py
[2024-12-04T17:26:23.292+0000] {processor.py:925} INFO - DAG(s) 'example_bash_operator' retrieved from /home/airflow/.local/lib/python3.12/site-packages/airflow/example_dags/example_bash_operator.py
[2024-12-04T17:26:23.323+0000] {logging_mixin.py:190} INFO - [2024-12-04T17:26:23.322+0000] {dag.py:3239} INFO - Sync 1 DAGs
[2024-12-04T17:26:23.356+0000] {logging_mixin.py:190} INFO - [2024-12-04T17:26:23.355+0000] {dag.py:4180} INFO - Setting next_dagrun for example_bash_operator to 2024-12-03 00:00:00+00:00, run_after=2024-12-04 00:00:00+00:00
[2024-12-04T17:26:23.396+0000] {processor.py:208} INFO - Processing /home/airflow/.local/lib/python3.12/site-packages/airflow/example_dags/example_bash_operator.py took 0.134 seconds
[2024-12-04T17:26:54.192+0000] {processor.py:186} INFO - Started process (PID=1830) to work on /home/airflow/.local/lib/python3.12/site-packages/airflow/example_dags/example_bash_operator.py
[2024-12-04T17:26:54.197+0000] {processor.py:914} INFO - Processing file /home/airflow/.local/lib/python3.12/site-packages/airflow/example_dags/example_bash_operator.py for tasks to queue
[2024-12-04T17:26:54.211+0000] {logging_mixin.py:190} INFO - [2024-12-04T17:26:54.209+0000] {dagbag.py:588} INFO - Filling up the DagBag from /home/airflow/.local/lib/python3.12/site-packages/airflow/example_dags/example_bash_operator.py
[2024-12-04T17:26:54.278+0000] {processor.py:925} INFO - DAG(s) 'example_bash_operator' retrieved from /home/airflow/.local/lib/python3.12/site-packages/airflow/example_dags/example_bash_operator.py
[2024-12-04T17:26:54.373+0000] {logging_mixin.py:190} INFO - [2024-12-04T17:26:54.372+0000] {dag.py:3239} INFO - Sync 1 DAGs
[2024-12-04T17:26:54.436+0000] {logging_mixin.py:190} INFO - [2024-12-04T17:26:54.436+0000] {dag.py:4180} INFO - Setting next_dagrun for example_bash_operator to 2024-12-03 00:00:00+00:00, run_after=2024-12-04 00:00:00+00:00
[2024-12-04T17:26:54.469+0000] {processor.py:208} INFO - Processing /home/airflow/.local/lib/python3.12/site-packages/airflow/example_dags/example_bash_operator.py took 0.301 seconds
[2024-12-04T17:27:25.559+0000] {processor.py:186} INFO - Started process (PID=1892) to work on /home/airflow/.local/lib/python3.12/site-packages/airflow/example_dags/example_bash_operator.py
[2024-12-04T17:27:25.569+0000] {processor.py:914} INFO - Processing file /home/airflow/.local/lib/python3.12/site-packages/airflow/example_dags/example_bash_operator.py for tasks to queue
[2024-12-04T17:27:25.579+0000] {logging_mixin.py:190} INFO - [2024-12-04T17:27:25.578+0000] {dagbag.py:588} INFO - Filling up the DagBag from /home/airflow/.local/lib/python3.12/site-packages/airflow/example_dags/example_bash_operator.py
[2024-12-04T17:27:25.627+0000] {processor.py:925} INFO - DAG(s) 'example_bash_operator' retrieved from /home/airflow/.local/lib/python3.12/site-packages/airflow/example_dags/example_bash_operator.py
[2024-12-04T17:27:25.678+0000] {logging_mixin.py:190} INFO - [2024-12-04T17:27:25.678+0000] {dag.py:3239} INFO - Sync 1 DAGs
[2024-12-04T17:27:25.738+0000] {logging_mixin.py:190} INFO - [2024-12-04T17:27:25.737+0000] {dag.py:4180} INFO - Setting next_dagrun for example_bash_operator to 2024-12-03 00:00:00+00:00, run_after=2024-12-04 00:00:00+00:00
[2024-12-04T17:27:25.798+0000] {processor.py:208} INFO - Processing /home/airflow/.local/lib/python3.12/site-packages/airflow/example_dags/example_bash_operator.py took 0.277 seconds
[2024-12-04T17:27:56.117+0000] {processor.py:186} INFO - Started process (PID=1955) to work on /home/airflow/.local/lib/python3.12/site-packages/airflow/example_dags/example_bash_operator.py
[2024-12-04T17:27:56.119+0000] {processor.py:914} INFO - Processing file /home/airflow/.local/lib/python3.12/site-packages/airflow/example_dags/example_bash_operator.py for tasks to queue
[2024-12-04T17:27:56.123+0000] {logging_mixin.py:190} INFO - [2024-12-04T17:27:56.123+0000] {dagbag.py:588} INFO - Filling up the DagBag from /home/airflow/.local/lib/python3.12/site-packages/airflow/example_dags/example_bash_operator.py
[2024-12-04T17:27:56.168+0000] {processor.py:925} INFO - DAG(s) 'example_bash_operator' retrieved from /home/airflow/.local/lib/python3.12/site-packages/airflow/example_dags/example_bash_operator.py
[2024-12-04T17:27:56.287+0000] {logging_mixin.py:190} INFO - [2024-12-04T17:27:56.286+0000] {dag.py:3239} INFO - Sync 1 DAGs
[2024-12-04T17:27:56.410+0000] {logging_mixin.py:190} INFO - [2024-12-04T17:27:56.410+0000] {dag.py:4180} INFO - Setting next_dagrun for example_bash_operator to 2024-12-03 00:00:00+00:00, run_after=2024-12-04 00:00:00+00:00
[2024-12-04T17:27:56.521+0000] {processor.py:208} INFO - Processing /home/airflow/.local/lib/python3.12/site-packages/airflow/example_dags/example_bash_operator.py took 0.417 seconds
[2024-12-04T17:28:26.736+0000] {processor.py:186} INFO - Started process (PID=2018) to work on /home/airflow/.local/lib/python3.12/site-packages/airflow/example_dags/example_bash_operator.py
[2024-12-04T17:28:26.742+0000] {processor.py:914} INFO - Processing file /home/airflow/.local/lib/python3.12/site-packages/airflow/example_dags/example_bash_operator.py for tasks to queue
[2024-12-04T17:28:26.747+0000] {logging_mixin.py:190} INFO - [2024-12-04T17:28:26.747+0000] {dagbag.py:588} INFO - Filling up the DagBag from /home/airflow/.local/lib/python3.12/site-packages/airflow/example_dags/example_bash_operator.py
[2024-12-04T17:28:26.774+0000] {processor.py:925} INFO - DAG(s) 'example_bash_operator' retrieved from /home/airflow/.local/lib/python3.12/site-packages/airflow/example_dags/example_bash_operator.py
[2024-12-04T17:28:26.817+0000] {logging_mixin.py:190} INFO - [2024-12-04T17:28:26.816+0000] {dag.py:3239} INFO - Sync 1 DAGs
[2024-12-04T17:28:26.855+0000] {logging_mixin.py:190} INFO - [2024-12-04T17:28:26.855+0000] {dag.py:4180} INFO - Setting next_dagrun for example_bash_operator to 2024-12-03 00:00:00+00:00, run_after=2024-12-04 00:00:00+00:00
[2024-12-04T17:28:26.876+0000] {processor.py:208} INFO - Processing /home/airflow/.local/lib/python3.12/site-packages/airflow/example_dags/example_bash_operator.py took 0.146 seconds
[2024-12-04T17:28:59.614+0000] {processor.py:186} INFO - Started process (PID=2087) to work on /home/airflow/.local/lib/python3.12/site-packages/airflow/example_dags/example_bash_operator.py
[2024-12-04T17:28:59.619+0000] {processor.py:914} INFO - Processing file /home/airflow/.local/lib/python3.12/site-packages/airflow/example_dags/example_bash_operator.py for tasks to queue
[2024-12-04T17:28:59.629+0000] {logging_mixin.py:190} INFO - [2024-12-04T17:28:59.627+0000] {dagbag.py:588} INFO - Filling up the DagBag from /home/airflow/.local/lib/python3.12/site-packages/airflow/example_dags/example_bash_operator.py
[2024-12-04T17:28:59.682+0000] {processor.py:925} INFO - DAG(s) 'example_bash_operator' retrieved from /home/airflow/.local/lib/python3.12/site-packages/airflow/example_dags/example_bash_operator.py
[2024-12-04T17:28:59.758+0000] {logging_mixin.py:190} INFO - [2024-12-04T17:28:59.757+0000] {dag.py:3239} INFO - Sync 1 DAGs
[2024-12-04T17:28:59.806+0000] {logging_mixin.py:190} INFO - [2024-12-04T17:28:59.805+0000] {dag.py:4180} INFO - Setting next_dagrun for example_bash_operator to 2024-12-03 00:00:00+00:00, run_after=2024-12-04 00:00:00+00:00
[2024-12-04T17:28:59.842+0000] {processor.py:208} INFO - Processing /home/airflow/.local/lib/python3.12/site-packages/airflow/example_dags/example_bash_operator.py took 0.248 seconds
[2024-12-04T17:29:30.875+0000] {processor.py:186} INFO - Started process (PID=2149) to work on /home/airflow/.local/lib/python3.12/site-packages/airflow/example_dags/example_bash_operator.py
[2024-12-04T17:29:30.883+0000] {processor.py:914} INFO - Processing file /home/airflow/.local/lib/python3.12/site-packages/airflow/example_dags/example_bash_operator.py for tasks to queue
[2024-12-04T17:29:30.895+0000] {logging_mixin.py:190} INFO - [2024-12-04T17:29:30.895+0000] {dagbag.py:588} INFO - Filling up the DagBag from /home/airflow/.local/lib/python3.12/site-packages/airflow/example_dags/example_bash_operator.py
[2024-12-04T17:29:30.953+0000] {processor.py:925} INFO - DAG(s) 'example_bash_operator' retrieved from /home/airflow/.local/lib/python3.12/site-packages/airflow/example_dags/example_bash_operator.py
[2024-12-04T17:29:31.014+0000] {logging_mixin.py:190} INFO - [2024-12-04T17:29:31.013+0000] {dag.py:3239} INFO - Sync 1 DAGs
[2024-12-04T17:29:31.074+0000] {logging_mixin.py:190} INFO - [2024-12-04T17:29:31.073+0000] {dag.py:4180} INFO - Setting next_dagrun for example_bash_operator to 2024-12-03 00:00:00+00:00, run_after=2024-12-04 00:00:00+00:00
[2024-12-04T17:29:31.144+0000] {processor.py:208} INFO - Processing /home/airflow/.local/lib/python3.12/site-packages/airflow/example_dags/example_bash_operator.py took 0.325 seconds
[2024-12-04T17:30:01.242+0000] {processor.py:186} INFO - Started process (PID=2212) to work on /home/airflow/.local/lib/python3.12/site-packages/airflow/example_dags/example_bash_operator.py
[2024-12-04T17:30:01.243+0000] {processor.py:914} INFO - Processing file /home/airflow/.local/lib/python3.12/site-packages/airflow/example_dags/example_bash_operator.py for tasks to queue
[2024-12-04T17:30:01.244+0000] {logging_mixin.py:190} INFO - [2024-12-04T17:30:01.244+0000] {dagbag.py:588} INFO - Filling up the DagBag from /home/airflow/.local/lib/python3.12/site-packages/airflow/example_dags/example_bash_operator.py
[2024-12-04T17:30:01.252+0000] {processor.py:925} INFO - DAG(s) 'example_bash_operator' retrieved from /home/airflow/.local/lib/python3.12/site-packages/airflow/example_dags/example_bash_operator.py
[2024-12-04T17:30:01.272+0000] {logging_mixin.py:190} INFO - [2024-12-04T17:30:01.272+0000] {dag.py:3239} INFO - Sync 1 DAGs
[2024-12-04T17:30:01.301+0000] {logging_mixin.py:190} INFO - [2024-12-04T17:30:01.301+0000] {dag.py:4180} INFO - Setting next_dagrun for example_bash_operator to 2024-12-03 00:00:00+00:00, run_after=2024-12-04 00:00:00+00:00
[2024-12-04T17:30:01.323+0000] {processor.py:208} INFO - Processing /home/airflow/.local/lib/python3.12/site-packages/airflow/example_dags/example_bash_operator.py took 0.085 seconds
[2024-12-04T17:30:31.446+0000] {processor.py:186} INFO - Started process (PID=2275) to work on /home/airflow/.local/lib/python3.12/site-packages/airflow/example_dags/example_bash_operator.py
[2024-12-04T17:30:31.448+0000] {processor.py:914} INFO - Processing file /home/airflow/.local/lib/python3.12/site-packages/airflow/example_dags/example_bash_operator.py for tasks to queue
[2024-12-04T17:30:31.450+0000] {logging_mixin.py:190} INFO - [2024-12-04T17:30:31.450+0000] {dagbag.py:588} INFO - Filling up the DagBag from /home/airflow/.local/lib/python3.12/site-packages/airflow/example_dags/example_bash_operator.py
[2024-12-04T17:30:31.470+0000] {processor.py:925} INFO - DAG(s) 'example_bash_operator' retrieved from /home/airflow/.local/lib/python3.12/site-packages/airflow/example_dags/example_bash_operator.py
[2024-12-04T17:30:31.498+0000] {logging_mixin.py:190} INFO - [2024-12-04T17:30:31.498+0000] {dag.py:3239} INFO - Sync 1 DAGs
[2024-12-04T17:30:31.516+0000] {logging_mixin.py:190} INFO - [2024-12-04T17:30:31.516+0000] {dag.py:4180} INFO - Setting next_dagrun for example_bash_operator to 2024-12-03 00:00:00+00:00, run_after=2024-12-04 00:00:00+00:00
[2024-12-04T17:30:31.536+0000] {processor.py:208} INFO - Processing /home/airflow/.local/lib/python3.12/site-packages/airflow/example_dags/example_bash_operator.py took 0.098 seconds
[2024-12-04T17:31:01.883+0000] {processor.py:186} INFO - Started process (PID=2338) to work on /home/airflow/.local/lib/python3.12/site-packages/airflow/example_dags/example_bash_operator.py
[2024-12-04T17:31:01.887+0000] {processor.py:914} INFO - Processing file /home/airflow/.local/lib/python3.12/site-packages/airflow/example_dags/example_bash_operator.py for tasks to queue
[2024-12-04T17:31:01.890+0000] {logging_mixin.py:190} INFO - [2024-12-04T17:31:01.890+0000] {dagbag.py:588} INFO - Filling up the DagBag from /home/airflow/.local/lib/python3.12/site-packages/airflow/example_dags/example_bash_operator.py
[2024-12-04T17:31:01.927+0000] {processor.py:925} INFO - DAG(s) 'example_bash_operator' retrieved from /home/airflow/.local/lib/python3.12/site-packages/airflow/example_dags/example_bash_operator.py
[2024-12-04T17:31:01.954+0000] {logging_mixin.py:190} INFO - [2024-12-04T17:31:01.954+0000] {dag.py:3239} INFO - Sync 1 DAGs
[2024-12-04T17:31:01.980+0000] {logging_mixin.py:190} INFO - [2024-12-04T17:31:01.979+0000] {dag.py:4180} INFO - Setting next_dagrun for example_bash_operator to 2024-12-03 00:00:00+00:00, run_after=2024-12-04 00:00:00+00:00
[2024-12-04T17:31:02.031+0000] {processor.py:208} INFO - Processing /home/airflow/.local/lib/python3.12/site-packages/airflow/example_dags/example_bash_operator.py took 0.171 seconds
[2024-12-04T17:31:32.654+0000] {processor.py:186} INFO - Started process (PID=2401) to work on /home/airflow/.local/lib/python3.12/site-packages/airflow/example_dags/example_bash_operator.py
[2024-12-04T17:31:32.654+0000] {processor.py:914} INFO - Processing file /home/airflow/.local/lib/python3.12/site-packages/airflow/example_dags/example_bash_operator.py for tasks to queue
[2024-12-04T17:31:32.657+0000] {logging_mixin.py:190} INFO - [2024-12-04T17:31:32.657+0000] {dagbag.py:588} INFO - Filling up the DagBag from /home/airflow/.local/lib/python3.12/site-packages/airflow/example_dags/example_bash_operator.py
[2024-12-04T17:31:32.675+0000] {processor.py:925} INFO - DAG(s) 'example_bash_operator' retrieved from /home/airflow/.local/lib/python3.12/site-packages/airflow/example_dags/example_bash_operator.py
[2024-12-04T17:31:32.699+0000] {logging_mixin.py:190} INFO - [2024-12-04T17:31:32.699+0000] {dag.py:3239} INFO - Sync 1 DAGs
[2024-12-04T17:31:32.715+0000] {logging_mixin.py:190} INFO - [2024-12-04T17:31:32.715+0000] {dag.py:4180} INFO - Setting next_dagrun for example_bash_operator to 2024-12-03 00:00:00+00:00, run_after=2024-12-04 00:00:00+00:00
[2024-12-04T17:31:32.726+0000] {processor.py:208} INFO - Processing /home/airflow/.local/lib/python3.12/site-packages/airflow/example_dags/example_bash_operator.py took 0.079 seconds
[2024-12-04T17:32:02.839+0000] {processor.py:186} INFO - Started process (PID=2464) to work on /home/airflow/.local/lib/python3.12/site-packages/airflow/example_dags/example_bash_operator.py
[2024-12-04T17:32:02.840+0000] {processor.py:914} INFO - Processing file /home/airflow/.local/lib/python3.12/site-packages/airflow/example_dags/example_bash_operator.py for tasks to queue
[2024-12-04T17:32:02.843+0000] {logging_mixin.py:190} INFO - [2024-12-04T17:32:02.842+0000] {dagbag.py:588} INFO - Filling up the DagBag from /home/airflow/.local/lib/python3.12/site-packages/airflow/example_dags/example_bash_operator.py
[2024-12-04T17:32:02.858+0000] {processor.py:925} INFO - DAG(s) 'example_bash_operator' retrieved from /home/airflow/.local/lib/python3.12/site-packages/airflow/example_dags/example_bash_operator.py
[2024-12-04T17:32:02.882+0000] {logging_mixin.py:190} INFO - [2024-12-04T17:32:02.882+0000] {dag.py:3239} INFO - Sync 1 DAGs
[2024-12-04T17:32:02.901+0000] {logging_mixin.py:190} INFO - [2024-12-04T17:32:02.900+0000] {dag.py:4180} INFO - Setting next_dagrun for example_bash_operator to 2024-12-03 00:00:00+00:00, run_after=2024-12-04 00:00:00+00:00
[2024-12-04T17:32:02.917+0000] {processor.py:208} INFO - Processing /home/airflow/.local/lib/python3.12/site-packages/airflow/example_dags/example_bash_operator.py took 0.086 seconds
[2024-12-04T17:32:33.354+0000] {processor.py:186} INFO - Started process (PID=2527) to work on /home/airflow/.local/lib/python3.12/site-packages/airflow/example_dags/example_bash_operator.py
[2024-12-04T17:32:33.355+0000] {processor.py:914} INFO - Processing file /home/airflow/.local/lib/python3.12/site-packages/airflow/example_dags/example_bash_operator.py for tasks to queue
[2024-12-04T17:32:33.358+0000] {logging_mixin.py:190} INFO - [2024-12-04T17:32:33.358+0000] {dagbag.py:588} INFO - Filling up the DagBag from /home/airflow/.local/lib/python3.12/site-packages/airflow/example_dags/example_bash_operator.py
[2024-12-04T17:32:33.395+0000] {processor.py:925} INFO - DAG(s) 'example_bash_operator' retrieved from /home/airflow/.local/lib/python3.12/site-packages/airflow/example_dags/example_bash_operator.py
[2024-12-04T17:32:33.427+0000] {logging_mixin.py:190} INFO - [2024-12-04T17:32:33.427+0000] {dag.py:3239} INFO - Sync 1 DAGs
[2024-12-04T17:32:33.448+0000] {logging_mixin.py:190} INFO - [2024-12-04T17:32:33.448+0000] {dag.py:4180} INFO - Setting next_dagrun for example_bash_operator to 2024-12-03 00:00:00+00:00, run_after=2024-12-04 00:00:00+00:00
[2024-12-04T17:32:33.471+0000] {processor.py:208} INFO - Processing /home/airflow/.local/lib/python3.12/site-packages/airflow/example_dags/example_bash_operator.py took 0.125 seconds
