[2024-12-04T17:12:21.456+0000] {processor.py:186} INFO - Started process (PID=83) to work on /home/airflow/.local/lib/python3.12/site-packages/airflow/example_dags/example_subdag_operator.py
[2024-12-04T17:12:21.457+0000] {processor.py:914} INFO - Processing file /home/airflow/.local/lib/python3.12/site-packages/airflow/example_dags/example_subdag_operator.py for tasks to queue
[2024-12-04T17:12:21.459+0000] {logging_mixin.py:190} INFO - [2024-12-04T17:12:21.459+0000] {dagbag.py:588} INFO - Filling up the DagBag from /home/airflow/.local/lib/python3.12/site-packages/airflow/example_dags/example_subdag_operator.py
[2024-12-04T17:12:21.478+0000] {processor.py:925} INFO - DAG(s) 'example_subdag_operator.section-1', 'example_subdag_operator.section-2', 'example_subdag_operator' retrieved from /home/airflow/.local/lib/python3.12/site-packages/airflow/example_dags/example_subdag_operator.py
[2024-12-04T17:12:21.542+0000] {logging_mixin.py:190} INFO - [2024-12-04T17:12:21.542+0000] {override.py:1911} INFO - Created Permission View: can read on DAG:example_subdag_operator
[2024-12-04T17:12:21.551+0000] {logging_mixin.py:190} INFO - [2024-12-04T17:12:21.551+0000] {override.py:1911} INFO - Created Permission View: can delete on DAG:example_subdag_operator
[2024-12-04T17:12:21.555+0000] {logging_mixin.py:190} INFO - [2024-12-04T17:12:21.555+0000] {override.py:1911} INFO - Created Permission View: can edit on DAG:example_subdag_operator
[2024-12-04T17:12:21.559+0000] {logging_mixin.py:190} INFO - [2024-12-04T17:12:21.559+0000] {override.py:1911} INFO - Created Permission View: menu access on DAG Run:example_subdag_operator
[2024-12-04T17:12:21.563+0000] {logging_mixin.py:190} INFO - [2024-12-04T17:12:21.563+0000] {override.py:1911} INFO - Created Permission View: can delete on DAG Run:example_subdag_operator
[2024-12-04T17:12:21.568+0000] {logging_mixin.py:190} INFO - [2024-12-04T17:12:21.567+0000] {override.py:1911} INFO - Created Permission View: can read on DAG Run:example_subdag_operator
[2024-12-04T17:12:21.571+0000] {logging_mixin.py:190} INFO - [2024-12-04T17:12:21.571+0000] {override.py:1911} INFO - Created Permission View: can create on DAG Run:example_subdag_operator
[2024-12-04T17:12:21.571+0000] {logging_mixin.py:190} INFO - [2024-12-04T17:12:21.571+0000] {dag.py:3239} INFO - Sync 3 DAGs
[2024-12-04T17:12:21.578+0000] {logging_mixin.py:190} INFO - [2024-12-04T17:12:21.578+0000] {dag.py:3262} INFO - Creating ORM DAG for example_subdag_operator.section-2
[2024-12-04T17:12:21.579+0000] {logging_mixin.py:190} INFO - [2024-12-04T17:12:21.579+0000] {dag.py:3262} INFO - Creating ORM DAG for example_subdag_operator
[2024-12-04T17:12:21.580+0000] {logging_mixin.py:190} INFO - [2024-12-04T17:12:21.579+0000] {dag.py:3262} INFO - Creating ORM DAG for example_subdag_operator.section-1
[2024-12-04T17:12:21.585+0000] {logging_mixin.py:190} INFO - [2024-12-04T17:12:21.585+0000] {dag.py:4180} INFO - Setting next_dagrun for example_subdag_operator to 2022-01-01 00:00:00+00:00, run_after=2022-01-01 00:00:00+00:00
[2024-12-04T17:12:21.586+0000] {logging_mixin.py:190} INFO - [2024-12-04T17:12:21.586+0000] {dag.py:4180} INFO - Setting next_dagrun for example_subdag_operator.section-1 to None, run_after=None
[2024-12-04T17:12:21.586+0000] {logging_mixin.py:190} INFO - [2024-12-04T17:12:21.586+0000] {dag.py:4180} INFO - Setting next_dagrun for example_subdag_operator.section-2 to None, run_after=None
[2024-12-04T17:12:21.593+0000] {logging_mixin.py:190} INFO - [2024-12-04T17:12:21.593+0000] {dag.py:3239} INFO - Sync 2 DAGs
[2024-12-04T17:12:21.599+0000] {logging_mixin.py:190} INFO - [2024-12-04T17:12:21.598+0000] {dag.py:4180} INFO - Setting next_dagrun for example_subdag_operator.section-1 to None, run_after=None
[2024-12-04T17:12:21.600+0000] {logging_mixin.py:190} INFO - [2024-12-04T17:12:21.600+0000] {dag.py:4180} INFO - Setting next_dagrun for example_subdag_operator.section-2 to None, run_after=None
[2024-12-04T17:12:21.609+0000] {processor.py:208} INFO - Processing /home/airflow/.local/lib/python3.12/site-packages/airflow/example_dags/example_subdag_operator.py took 0.157 seconds
[2024-12-04T17:12:52.680+0000] {processor.py:186} INFO - Started process (PID=152) to work on /home/airflow/.local/lib/python3.12/site-packages/airflow/example_dags/example_subdag_operator.py
[2024-12-04T17:12:52.681+0000] {processor.py:914} INFO - Processing file /home/airflow/.local/lib/python3.12/site-packages/airflow/example_dags/example_subdag_operator.py for tasks to queue
[2024-12-04T17:12:52.682+0000] {logging_mixin.py:190} INFO - [2024-12-04T17:12:52.682+0000] {dagbag.py:588} INFO - Filling up the DagBag from /home/airflow/.local/lib/python3.12/site-packages/airflow/example_dags/example_subdag_operator.py
[2024-12-04T17:12:52.698+0000] {processor.py:925} INFO - DAG(s) 'example_subdag_operator.section-1', 'example_subdag_operator.section-2', 'example_subdag_operator' retrieved from /home/airflow/.local/lib/python3.12/site-packages/airflow/example_dags/example_subdag_operator.py
[2024-12-04T17:12:52.711+0000] {logging_mixin.py:190} INFO - [2024-12-04T17:12:52.711+0000] {dag.py:3239} INFO - Sync 3 DAGs
[2024-12-04T17:12:52.727+0000] {logging_mixin.py:190} INFO - [2024-12-04T17:12:52.727+0000] {dag.py:4180} INFO - Setting next_dagrun for example_subdag_operator to 2022-01-01 00:00:00+00:00, run_after=2022-01-01 00:00:00+00:00
[2024-12-04T17:12:52.730+0000] {logging_mixin.py:190} INFO - [2024-12-04T17:12:52.730+0000] {dag.py:4180} INFO - Setting next_dagrun for example_subdag_operator.section-1 to None, run_after=None
[2024-12-04T17:12:52.731+0000] {logging_mixin.py:190} INFO - [2024-12-04T17:12:52.731+0000] {dag.py:4180} INFO - Setting next_dagrun for example_subdag_operator.section-2 to None, run_after=None
[2024-12-04T17:12:52.736+0000] {logging_mixin.py:190} INFO - [2024-12-04T17:12:52.736+0000] {dag.py:3239} INFO - Sync 2 DAGs
[2024-12-04T17:12:52.740+0000] {logging_mixin.py:190} INFO - [2024-12-04T17:12:52.740+0000] {dag.py:4180} INFO - Setting next_dagrun for example_subdag_operator.section-1 to None, run_after=None
[2024-12-04T17:12:52.741+0000] {logging_mixin.py:190} INFO - [2024-12-04T17:12:52.741+0000] {dag.py:4180} INFO - Setting next_dagrun for example_subdag_operator.section-2 to None, run_after=None
[2024-12-04T17:12:52.748+0000] {processor.py:208} INFO - Processing /home/airflow/.local/lib/python3.12/site-packages/airflow/example_dags/example_subdag_operator.py took 0.072 seconds
[2024-12-04T17:13:23.467+0000] {processor.py:186} INFO - Started process (PID=215) to work on /home/airflow/.local/lib/python3.12/site-packages/airflow/example_dags/example_subdag_operator.py
[2024-12-04T17:13:23.468+0000] {processor.py:914} INFO - Processing file /home/airflow/.local/lib/python3.12/site-packages/airflow/example_dags/example_subdag_operator.py for tasks to queue
[2024-12-04T17:13:23.469+0000] {logging_mixin.py:190} INFO - [2024-12-04T17:13:23.469+0000] {dagbag.py:588} INFO - Filling up the DagBag from /home/airflow/.local/lib/python3.12/site-packages/airflow/example_dags/example_subdag_operator.py
[2024-12-04T17:13:23.488+0000] {processor.py:925} INFO - DAG(s) 'example_subdag_operator.section-1', 'example_subdag_operator.section-2', 'example_subdag_operator' retrieved from /home/airflow/.local/lib/python3.12/site-packages/airflow/example_dags/example_subdag_operator.py
[2024-12-04T17:13:23.496+0000] {logging_mixin.py:190} INFO - [2024-12-04T17:13:23.496+0000] {dag.py:3239} INFO - Sync 3 DAGs
[2024-12-04T17:13:23.509+0000] {logging_mixin.py:190} INFO - [2024-12-04T17:13:23.509+0000] {dag.py:4180} INFO - Setting next_dagrun for example_subdag_operator to 2022-01-01 00:00:00+00:00, run_after=2022-01-01 00:00:00+00:00
[2024-12-04T17:13:23.511+0000] {logging_mixin.py:190} INFO - [2024-12-04T17:13:23.511+0000] {dag.py:4180} INFO - Setting next_dagrun for example_subdag_operator.section-1 to None, run_after=None
[2024-12-04T17:13:23.512+0000] {logging_mixin.py:190} INFO - [2024-12-04T17:13:23.512+0000] {dag.py:4180} INFO - Setting next_dagrun for example_subdag_operator.section-2 to None, run_after=None
[2024-12-04T17:13:23.515+0000] {logging_mixin.py:190} INFO - [2024-12-04T17:13:23.515+0000] {dag.py:3239} INFO - Sync 2 DAGs
[2024-12-04T17:13:23.518+0000] {logging_mixin.py:190} INFO - [2024-12-04T17:13:23.518+0000] {dag.py:4180} INFO - Setting next_dagrun for example_subdag_operator.section-1 to None, run_after=None
[2024-12-04T17:13:23.518+0000] {logging_mixin.py:190} INFO - [2024-12-04T17:13:23.518+0000] {dag.py:4180} INFO - Setting next_dagrun for example_subdag_operator.section-2 to None, run_after=None
[2024-12-04T17:13:23.522+0000] {processor.py:208} INFO - Processing /home/airflow/.local/lib/python3.12/site-packages/airflow/example_dags/example_subdag_operator.py took 0.058 seconds
[2024-12-04T17:13:54.958+0000] {processor.py:186} INFO - Started process (PID=278) to work on /home/airflow/.local/lib/python3.12/site-packages/airflow/example_dags/example_subdag_operator.py
[2024-12-04T17:13:54.959+0000] {processor.py:914} INFO - Processing file /home/airflow/.local/lib/python3.12/site-packages/airflow/example_dags/example_subdag_operator.py for tasks to queue
[2024-12-04T17:13:54.960+0000] {logging_mixin.py:190} INFO - [2024-12-04T17:13:54.960+0000] {dagbag.py:588} INFO - Filling up the DagBag from /home/airflow/.local/lib/python3.12/site-packages/airflow/example_dags/example_subdag_operator.py
[2024-12-04T17:13:54.977+0000] {processor.py:925} INFO - DAG(s) 'example_subdag_operator.section-1', 'example_subdag_operator.section-2', 'example_subdag_operator' retrieved from /home/airflow/.local/lib/python3.12/site-packages/airflow/example_dags/example_subdag_operator.py
[2024-12-04T17:13:54.986+0000] {logging_mixin.py:190} INFO - [2024-12-04T17:13:54.986+0000] {dag.py:3239} INFO - Sync 3 DAGs
[2024-12-04T17:13:54.997+0000] {logging_mixin.py:190} INFO - [2024-12-04T17:13:54.997+0000] {dag.py:4180} INFO - Setting next_dagrun for example_subdag_operator to 2022-01-01 00:00:00+00:00, run_after=2022-01-01 00:00:00+00:00
[2024-12-04T17:13:55.003+0000] {logging_mixin.py:190} INFO - [2024-12-04T17:13:55.003+0000] {dag.py:4180} INFO - Setting next_dagrun for example_subdag_operator.section-1 to None, run_after=None
[2024-12-04T17:13:55.004+0000] {logging_mixin.py:190} INFO - [2024-12-04T17:13:55.004+0000] {dag.py:4180} INFO - Setting next_dagrun for example_subdag_operator.section-2 to None, run_after=None
[2024-12-04T17:13:55.009+0000] {logging_mixin.py:190} INFO - [2024-12-04T17:13:55.009+0000] {dag.py:3239} INFO - Sync 2 DAGs
[2024-12-04T17:13:55.012+0000] {logging_mixin.py:190} INFO - [2024-12-04T17:13:55.012+0000] {dag.py:4180} INFO - Setting next_dagrun for example_subdag_operator.section-1 to None, run_after=None
[2024-12-04T17:13:55.013+0000] {logging_mixin.py:190} INFO - [2024-12-04T17:13:55.013+0000] {dag.py:4180} INFO - Setting next_dagrun for example_subdag_operator.section-2 to None, run_after=None
[2024-12-04T17:13:55.020+0000] {processor.py:208} INFO - Processing /home/airflow/.local/lib/python3.12/site-packages/airflow/example_dags/example_subdag_operator.py took 0.065 seconds
[2024-12-04T17:14:26.344+0000] {processor.py:186} INFO - Started process (PID=341) to work on /home/airflow/.local/lib/python3.12/site-packages/airflow/example_dags/example_subdag_operator.py
[2024-12-04T17:14:26.344+0000] {processor.py:914} INFO - Processing file /home/airflow/.local/lib/python3.12/site-packages/airflow/example_dags/example_subdag_operator.py for tasks to queue
[2024-12-04T17:14:26.346+0000] {logging_mixin.py:190} INFO - [2024-12-04T17:14:26.346+0000] {dagbag.py:588} INFO - Filling up the DagBag from /home/airflow/.local/lib/python3.12/site-packages/airflow/example_dags/example_subdag_operator.py
[2024-12-04T17:14:26.366+0000] {processor.py:925} INFO - DAG(s) 'example_subdag_operator.section-1', 'example_subdag_operator.section-2', 'example_subdag_operator' retrieved from /home/airflow/.local/lib/python3.12/site-packages/airflow/example_dags/example_subdag_operator.py
[2024-12-04T17:14:26.377+0000] {logging_mixin.py:190} INFO - [2024-12-04T17:14:26.377+0000] {dag.py:3239} INFO - Sync 3 DAGs
[2024-12-04T17:14:26.390+0000] {logging_mixin.py:190} INFO - [2024-12-04T17:14:26.390+0000] {dag.py:4180} INFO - Setting next_dagrun for example_subdag_operator to 2022-01-01 00:00:00+00:00, run_after=2022-01-01 00:00:00+00:00
[2024-12-04T17:14:26.393+0000] {logging_mixin.py:190} INFO - [2024-12-04T17:14:26.393+0000] {dag.py:4180} INFO - Setting next_dagrun for example_subdag_operator.section-1 to None, run_after=None
[2024-12-04T17:14:26.394+0000] {logging_mixin.py:190} INFO - [2024-12-04T17:14:26.394+0000] {dag.py:4180} INFO - Setting next_dagrun for example_subdag_operator.section-2 to None, run_after=None
[2024-12-04T17:14:26.398+0000] {logging_mixin.py:190} INFO - [2024-12-04T17:14:26.398+0000] {dag.py:3239} INFO - Sync 2 DAGs
[2024-12-04T17:14:26.402+0000] {logging_mixin.py:190} INFO - [2024-12-04T17:14:26.401+0000] {dag.py:4180} INFO - Setting next_dagrun for example_subdag_operator.section-1 to None, run_after=None
[2024-12-04T17:14:26.402+0000] {logging_mixin.py:190} INFO - [2024-12-04T17:14:26.402+0000] {dag.py:4180} INFO - Setting next_dagrun for example_subdag_operator.section-2 to None, run_after=None
[2024-12-04T17:14:26.407+0000] {processor.py:208} INFO - Processing /home/airflow/.local/lib/python3.12/site-packages/airflow/example_dags/example_subdag_operator.py took 0.067 seconds
[2024-12-04T17:14:57.863+0000] {processor.py:186} INFO - Started process (PID=404) to work on /home/airflow/.local/lib/python3.12/site-packages/airflow/example_dags/example_subdag_operator.py
[2024-12-04T17:14:57.867+0000] {processor.py:914} INFO - Processing file /home/airflow/.local/lib/python3.12/site-packages/airflow/example_dags/example_subdag_operator.py for tasks to queue
[2024-12-04T17:14:57.868+0000] {logging_mixin.py:190} INFO - [2024-12-04T17:14:57.868+0000] {dagbag.py:588} INFO - Filling up the DagBag from /home/airflow/.local/lib/python3.12/site-packages/airflow/example_dags/example_subdag_operator.py
[2024-12-04T17:14:57.894+0000] {processor.py:925} INFO - DAG(s) 'example_subdag_operator.section-1', 'example_subdag_operator.section-2', 'example_subdag_operator' retrieved from /home/airflow/.local/lib/python3.12/site-packages/airflow/example_dags/example_subdag_operator.py
[2024-12-04T17:14:57.909+0000] {logging_mixin.py:190} INFO - [2024-12-04T17:14:57.909+0000] {dag.py:3239} INFO - Sync 3 DAGs
[2024-12-04T17:14:57.924+0000] {logging_mixin.py:190} INFO - [2024-12-04T17:14:57.924+0000] {dag.py:4180} INFO - Setting next_dagrun for example_subdag_operator to 2022-01-01 00:00:00+00:00, run_after=2022-01-01 00:00:00+00:00
[2024-12-04T17:14:57.927+0000] {logging_mixin.py:190} INFO - [2024-12-04T17:14:57.927+0000] {dag.py:4180} INFO - Setting next_dagrun for example_subdag_operator.section-1 to None, run_after=None
[2024-12-04T17:14:57.928+0000] {logging_mixin.py:190} INFO - [2024-12-04T17:14:57.928+0000] {dag.py:4180} INFO - Setting next_dagrun for example_subdag_operator.section-2 to None, run_after=None
[2024-12-04T17:14:57.933+0000] {logging_mixin.py:190} INFO - [2024-12-04T17:14:57.933+0000] {dag.py:3239} INFO - Sync 2 DAGs
[2024-12-04T17:14:57.941+0000] {logging_mixin.py:190} INFO - [2024-12-04T17:14:57.941+0000] {dag.py:4180} INFO - Setting next_dagrun for example_subdag_operator.section-1 to None, run_after=None
[2024-12-04T17:14:57.942+0000] {logging_mixin.py:190} INFO - [2024-12-04T17:14:57.942+0000] {dag.py:4180} INFO - Setting next_dagrun for example_subdag_operator.section-2 to None, run_after=None
[2024-12-04T17:14:57.957+0000] {processor.py:208} INFO - Processing /home/airflow/.local/lib/python3.12/site-packages/airflow/example_dags/example_subdag_operator.py took 0.099 seconds
[2024-12-04T17:15:28.798+0000] {processor.py:186} INFO - Started process (PID=467) to work on /home/airflow/.local/lib/python3.12/site-packages/airflow/example_dags/example_subdag_operator.py
[2024-12-04T17:15:28.801+0000] {processor.py:914} INFO - Processing file /home/airflow/.local/lib/python3.12/site-packages/airflow/example_dags/example_subdag_operator.py for tasks to queue
[2024-12-04T17:15:28.803+0000] {logging_mixin.py:190} INFO - [2024-12-04T17:15:28.803+0000] {dagbag.py:588} INFO - Filling up the DagBag from /home/airflow/.local/lib/python3.12/site-packages/airflow/example_dags/example_subdag_operator.py
[2024-12-04T17:15:28.818+0000] {processor.py:925} INFO - DAG(s) 'example_subdag_operator.section-1', 'example_subdag_operator.section-2', 'example_subdag_operator' retrieved from /home/airflow/.local/lib/python3.12/site-packages/airflow/example_dags/example_subdag_operator.py
[2024-12-04T17:15:28.828+0000] {logging_mixin.py:190} INFO - [2024-12-04T17:15:28.828+0000] {dag.py:3239} INFO - Sync 3 DAGs
[2024-12-04T17:15:28.839+0000] {logging_mixin.py:190} INFO - [2024-12-04T17:15:28.839+0000] {dag.py:4180} INFO - Setting next_dagrun for example_subdag_operator to 2022-01-01 00:00:00+00:00, run_after=2022-01-01 00:00:00+00:00
[2024-12-04T17:15:28.841+0000] {logging_mixin.py:190} INFO - [2024-12-04T17:15:28.841+0000] {dag.py:4180} INFO - Setting next_dagrun for example_subdag_operator.section-1 to None, run_after=None
[2024-12-04T17:15:28.842+0000] {logging_mixin.py:190} INFO - [2024-12-04T17:15:28.842+0000] {dag.py:4180} INFO - Setting next_dagrun for example_subdag_operator.section-2 to None, run_after=None
[2024-12-04T17:15:28.847+0000] {logging_mixin.py:190} INFO - [2024-12-04T17:15:28.847+0000] {dag.py:3239} INFO - Sync 2 DAGs
[2024-12-04T17:15:28.850+0000] {logging_mixin.py:190} INFO - [2024-12-04T17:15:28.850+0000] {dag.py:4180} INFO - Setting next_dagrun for example_subdag_operator.section-1 to None, run_after=None
[2024-12-04T17:15:28.851+0000] {logging_mixin.py:190} INFO - [2024-12-04T17:15:28.851+0000] {dag.py:4180} INFO - Setting next_dagrun for example_subdag_operator.section-2 to None, run_after=None
[2024-12-04T17:15:28.856+0000] {processor.py:208} INFO - Processing /home/airflow/.local/lib/python3.12/site-packages/airflow/example_dags/example_subdag_operator.py took 0.062 seconds
[2024-12-04T17:16:00.319+0000] {processor.py:186} INFO - Started process (PID=530) to work on /home/airflow/.local/lib/python3.12/site-packages/airflow/example_dags/example_subdag_operator.py
[2024-12-04T17:16:00.320+0000] {processor.py:914} INFO - Processing file /home/airflow/.local/lib/python3.12/site-packages/airflow/example_dags/example_subdag_operator.py for tasks to queue
[2024-12-04T17:16:00.322+0000] {logging_mixin.py:190} INFO - [2024-12-04T17:16:00.322+0000] {dagbag.py:588} INFO - Filling up the DagBag from /home/airflow/.local/lib/python3.12/site-packages/airflow/example_dags/example_subdag_operator.py
[2024-12-04T17:16:00.336+0000] {processor.py:925} INFO - DAG(s) 'example_subdag_operator.section-1', 'example_subdag_operator.section-2', 'example_subdag_operator' retrieved from /home/airflow/.local/lib/python3.12/site-packages/airflow/example_dags/example_subdag_operator.py
[2024-12-04T17:16:00.343+0000] {logging_mixin.py:190} INFO - [2024-12-04T17:16:00.343+0000] {dag.py:3239} INFO - Sync 3 DAGs
[2024-12-04T17:16:00.355+0000] {logging_mixin.py:190} INFO - [2024-12-04T17:16:00.355+0000] {dag.py:4180} INFO - Setting next_dagrun for example_subdag_operator to 2022-01-01 00:00:00+00:00, run_after=2022-01-01 00:00:00+00:00
[2024-12-04T17:16:00.357+0000] {logging_mixin.py:190} INFO - [2024-12-04T17:16:00.357+0000] {dag.py:4180} INFO - Setting next_dagrun for example_subdag_operator.section-1 to None, run_after=None
[2024-12-04T17:16:00.358+0000] {logging_mixin.py:190} INFO - [2024-12-04T17:16:00.358+0000] {dag.py:4180} INFO - Setting next_dagrun for example_subdag_operator.section-2 to None, run_after=None
[2024-12-04T17:16:00.361+0000] {logging_mixin.py:190} INFO - [2024-12-04T17:16:00.361+0000] {dag.py:3239} INFO - Sync 2 DAGs
[2024-12-04T17:16:00.364+0000] {logging_mixin.py:190} INFO - [2024-12-04T17:16:00.364+0000] {dag.py:4180} INFO - Setting next_dagrun for example_subdag_operator.section-1 to None, run_after=None
[2024-12-04T17:16:00.365+0000] {logging_mixin.py:190} INFO - [2024-12-04T17:16:00.365+0000] {dag.py:4180} INFO - Setting next_dagrun for example_subdag_operator.section-2 to None, run_after=None
[2024-12-04T17:16:00.373+0000] {processor.py:208} INFO - Processing /home/airflow/.local/lib/python3.12/site-packages/airflow/example_dags/example_subdag_operator.py took 0.057 seconds
[2024-12-04T17:16:31.655+0000] {processor.py:186} INFO - Started process (PID=593) to work on /home/airflow/.local/lib/python3.12/site-packages/airflow/example_dags/example_subdag_operator.py
[2024-12-04T17:16:31.656+0000] {processor.py:914} INFO - Processing file /home/airflow/.local/lib/python3.12/site-packages/airflow/example_dags/example_subdag_operator.py for tasks to queue
[2024-12-04T17:16:31.659+0000] {logging_mixin.py:190} INFO - [2024-12-04T17:16:31.659+0000] {dagbag.py:588} INFO - Filling up the DagBag from /home/airflow/.local/lib/python3.12/site-packages/airflow/example_dags/example_subdag_operator.py
[2024-12-04T17:16:31.674+0000] {processor.py:925} INFO - DAG(s) 'example_subdag_operator.section-1', 'example_subdag_operator.section-2', 'example_subdag_operator' retrieved from /home/airflow/.local/lib/python3.12/site-packages/airflow/example_dags/example_subdag_operator.py
[2024-12-04T17:16:31.681+0000] {logging_mixin.py:190} INFO - [2024-12-04T17:16:31.681+0000] {dag.py:3239} INFO - Sync 3 DAGs
[2024-12-04T17:16:31.693+0000] {logging_mixin.py:190} INFO - [2024-12-04T17:16:31.693+0000] {dag.py:4180} INFO - Setting next_dagrun for example_subdag_operator to 2022-01-01 00:00:00+00:00, run_after=2022-01-01 00:00:00+00:00
[2024-12-04T17:16:31.695+0000] {logging_mixin.py:190} INFO - [2024-12-04T17:16:31.695+0000] {dag.py:4180} INFO - Setting next_dagrun for example_subdag_operator.section-1 to None, run_after=None
[2024-12-04T17:16:31.695+0000] {logging_mixin.py:190} INFO - [2024-12-04T17:16:31.695+0000] {dag.py:4180} INFO - Setting next_dagrun for example_subdag_operator.section-2 to None, run_after=None
[2024-12-04T17:16:31.699+0000] {logging_mixin.py:190} INFO - [2024-12-04T17:16:31.699+0000] {dag.py:3239} INFO - Sync 2 DAGs
[2024-12-04T17:16:31.702+0000] {logging_mixin.py:190} INFO - [2024-12-04T17:16:31.702+0000] {dag.py:4180} INFO - Setting next_dagrun for example_subdag_operator.section-1 to None, run_after=None
[2024-12-04T17:16:31.702+0000] {logging_mixin.py:190} INFO - [2024-12-04T17:16:31.702+0000] {dag.py:4180} INFO - Setting next_dagrun for example_subdag_operator.section-2 to None, run_after=None
[2024-12-04T17:16:31.708+0000] {processor.py:208} INFO - Processing /home/airflow/.local/lib/python3.12/site-packages/airflow/example_dags/example_subdag_operator.py took 0.056 seconds
[2024-12-04T17:17:02.441+0000] {processor.py:186} INFO - Started process (PID=656) to work on /home/airflow/.local/lib/python3.12/site-packages/airflow/example_dags/example_subdag_operator.py
[2024-12-04T17:17:02.442+0000] {processor.py:914} INFO - Processing file /home/airflow/.local/lib/python3.12/site-packages/airflow/example_dags/example_subdag_operator.py for tasks to queue
[2024-12-04T17:17:02.443+0000] {logging_mixin.py:190} INFO - [2024-12-04T17:17:02.443+0000] {dagbag.py:588} INFO - Filling up the DagBag from /home/airflow/.local/lib/python3.12/site-packages/airflow/example_dags/example_subdag_operator.py
[2024-12-04T17:17:02.460+0000] {processor.py:925} INFO - DAG(s) 'example_subdag_operator.section-1', 'example_subdag_operator.section-2', 'example_subdag_operator' retrieved from /home/airflow/.local/lib/python3.12/site-packages/airflow/example_dags/example_subdag_operator.py
[2024-12-04T17:17:02.470+0000] {logging_mixin.py:190} INFO - [2024-12-04T17:17:02.470+0000] {dag.py:3239} INFO - Sync 3 DAGs
[2024-12-04T17:17:02.482+0000] {logging_mixin.py:190} INFO - [2024-12-04T17:17:02.482+0000] {dag.py:4180} INFO - Setting next_dagrun for example_subdag_operator to 2022-01-01 00:00:00+00:00, run_after=2022-01-01 00:00:00+00:00
[2024-12-04T17:17:02.484+0000] {logging_mixin.py:190} INFO - [2024-12-04T17:17:02.483+0000] {dag.py:4180} INFO - Setting next_dagrun for example_subdag_operator.section-1 to None, run_after=None
[2024-12-04T17:17:02.484+0000] {logging_mixin.py:190} INFO - [2024-12-04T17:17:02.484+0000] {dag.py:4180} INFO - Setting next_dagrun for example_subdag_operator.section-2 to None, run_after=None
[2024-12-04T17:17:02.487+0000] {logging_mixin.py:190} INFO - [2024-12-04T17:17:02.487+0000] {dag.py:3239} INFO - Sync 2 DAGs
[2024-12-04T17:17:02.490+0000] {logging_mixin.py:190} INFO - [2024-12-04T17:17:02.490+0000] {dag.py:4180} INFO - Setting next_dagrun for example_subdag_operator.section-1 to None, run_after=None
[2024-12-04T17:17:02.490+0000] {logging_mixin.py:190} INFO - [2024-12-04T17:17:02.490+0000] {dag.py:4180} INFO - Setting next_dagrun for example_subdag_operator.section-2 to None, run_after=None
[2024-12-04T17:17:02.496+0000] {processor.py:208} INFO - Processing /home/airflow/.local/lib/python3.12/site-packages/airflow/example_dags/example_subdag_operator.py took 0.058 seconds
[2024-12-04T17:17:33.811+0000] {processor.py:186} INFO - Started process (PID=719) to work on /home/airflow/.local/lib/python3.12/site-packages/airflow/example_dags/example_subdag_operator.py
[2024-12-04T17:17:33.815+0000] {processor.py:914} INFO - Processing file /home/airflow/.local/lib/python3.12/site-packages/airflow/example_dags/example_subdag_operator.py for tasks to queue
[2024-12-04T17:17:33.816+0000] {logging_mixin.py:190} INFO - [2024-12-04T17:17:33.816+0000] {dagbag.py:588} INFO - Filling up the DagBag from /home/airflow/.local/lib/python3.12/site-packages/airflow/example_dags/example_subdag_operator.py
[2024-12-04T17:17:33.832+0000] {processor.py:925} INFO - DAG(s) 'example_subdag_operator.section-1', 'example_subdag_operator.section-2', 'example_subdag_operator' retrieved from /home/airflow/.local/lib/python3.12/site-packages/airflow/example_dags/example_subdag_operator.py
[2024-12-04T17:17:33.843+0000] {logging_mixin.py:190} INFO - [2024-12-04T17:17:33.843+0000] {dag.py:3239} INFO - Sync 3 DAGs
[2024-12-04T17:17:33.856+0000] {logging_mixin.py:190} INFO - [2024-12-04T17:17:33.856+0000] {dag.py:4180} INFO - Setting next_dagrun for example_subdag_operator to 2022-01-01 00:00:00+00:00, run_after=2022-01-01 00:00:00+00:00
[2024-12-04T17:17:33.859+0000] {logging_mixin.py:190} INFO - [2024-12-04T17:17:33.859+0000] {dag.py:4180} INFO - Setting next_dagrun for example_subdag_operator.section-1 to None, run_after=None
[2024-12-04T17:17:33.860+0000] {logging_mixin.py:190} INFO - [2024-12-04T17:17:33.860+0000] {dag.py:4180} INFO - Setting next_dagrun for example_subdag_operator.section-2 to None, run_after=None
[2024-12-04T17:17:33.863+0000] {logging_mixin.py:190} INFO - [2024-12-04T17:17:33.863+0000] {dag.py:3239} INFO - Sync 2 DAGs
[2024-12-04T17:17:33.867+0000] {logging_mixin.py:190} INFO - [2024-12-04T17:17:33.867+0000] {dag.py:4180} INFO - Setting next_dagrun for example_subdag_operator.section-1 to None, run_after=None
[2024-12-04T17:17:33.867+0000] {logging_mixin.py:190} INFO - [2024-12-04T17:17:33.867+0000] {dag.py:4180} INFO - Setting next_dagrun for example_subdag_operator.section-2 to None, run_after=None
[2024-12-04T17:17:33.874+0000] {processor.py:208} INFO - Processing /home/airflow/.local/lib/python3.12/site-packages/airflow/example_dags/example_subdag_operator.py took 0.066 seconds
[2024-12-04T17:18:05.415+0000] {processor.py:186} INFO - Started process (PID=782) to work on /home/airflow/.local/lib/python3.12/site-packages/airflow/example_dags/example_subdag_operator.py
[2024-12-04T17:18:05.417+0000] {processor.py:914} INFO - Processing file /home/airflow/.local/lib/python3.12/site-packages/airflow/example_dags/example_subdag_operator.py for tasks to queue
[2024-12-04T17:18:05.418+0000] {logging_mixin.py:190} INFO - [2024-12-04T17:18:05.418+0000] {dagbag.py:588} INFO - Filling up the DagBag from /home/airflow/.local/lib/python3.12/site-packages/airflow/example_dags/example_subdag_operator.py
[2024-12-04T17:18:05.431+0000] {processor.py:925} INFO - DAG(s) 'example_subdag_operator.section-1', 'example_subdag_operator.section-2', 'example_subdag_operator' retrieved from /home/airflow/.local/lib/python3.12/site-packages/airflow/example_dags/example_subdag_operator.py
[2024-12-04T17:18:05.439+0000] {logging_mixin.py:190} INFO - [2024-12-04T17:18:05.439+0000] {dag.py:3239} INFO - Sync 3 DAGs
[2024-12-04T17:18:05.455+0000] {logging_mixin.py:190} INFO - [2024-12-04T17:18:05.455+0000] {dag.py:4180} INFO - Setting next_dagrun for example_subdag_operator to 2022-01-01 00:00:00+00:00, run_after=2022-01-01 00:00:00+00:00
[2024-12-04T17:18:05.460+0000] {logging_mixin.py:190} INFO - [2024-12-04T17:18:05.459+0000] {dag.py:4180} INFO - Setting next_dagrun for example_subdag_operator.section-1 to None, run_after=None
[2024-12-04T17:18:05.464+0000] {logging_mixin.py:190} INFO - [2024-12-04T17:18:05.464+0000] {dag.py:4180} INFO - Setting next_dagrun for example_subdag_operator.section-2 to None, run_after=None
[2024-12-04T17:18:05.473+0000] {logging_mixin.py:190} INFO - [2024-12-04T17:18:05.472+0000] {dag.py:3239} INFO - Sync 2 DAGs
[2024-12-04T17:18:05.475+0000] {logging_mixin.py:190} INFO - [2024-12-04T17:18:05.475+0000] {dag.py:4180} INFO - Setting next_dagrun for example_subdag_operator.section-1 to None, run_after=None
[2024-12-04T17:18:05.476+0000] {logging_mixin.py:190} INFO - [2024-12-04T17:18:05.476+0000] {dag.py:4180} INFO - Setting next_dagrun for example_subdag_operator.section-2 to None, run_after=None
[2024-12-04T17:18:05.481+0000] {processor.py:208} INFO - Processing /home/airflow/.local/lib/python3.12/site-packages/airflow/example_dags/example_subdag_operator.py took 0.070 seconds
[2024-12-04T17:18:37.994+0000] {processor.py:186} INFO - Started process (PID=845) to work on /home/airflow/.local/lib/python3.12/site-packages/airflow/example_dags/example_subdag_operator.py
[2024-12-04T17:18:37.996+0000] {processor.py:914} INFO - Processing file /home/airflow/.local/lib/python3.12/site-packages/airflow/example_dags/example_subdag_operator.py for tasks to queue
[2024-12-04T17:18:37.998+0000] {logging_mixin.py:190} INFO - [2024-12-04T17:18:37.998+0000] {dagbag.py:588} INFO - Filling up the DagBag from /home/airflow/.local/lib/python3.12/site-packages/airflow/example_dags/example_subdag_operator.py
[2024-12-04T17:18:38.017+0000] {processor.py:925} INFO - DAG(s) 'example_subdag_operator.section-1', 'example_subdag_operator.section-2', 'example_subdag_operator' retrieved from /home/airflow/.local/lib/python3.12/site-packages/airflow/example_dags/example_subdag_operator.py
[2024-12-04T17:18:38.025+0000] {logging_mixin.py:190} INFO - [2024-12-04T17:18:38.025+0000] {dag.py:3239} INFO - Sync 3 DAGs
[2024-12-04T17:18:38.039+0000] {logging_mixin.py:190} INFO - [2024-12-04T17:18:38.038+0000] {dag.py:4180} INFO - Setting next_dagrun for example_subdag_operator to 2022-01-01 00:00:00+00:00, run_after=2022-01-01 00:00:00+00:00
[2024-12-04T17:18:38.041+0000] {logging_mixin.py:190} INFO - [2024-12-04T17:18:38.041+0000] {dag.py:4180} INFO - Setting next_dagrun for example_subdag_operator.section-1 to None, run_after=None
[2024-12-04T17:18:38.042+0000] {logging_mixin.py:190} INFO - [2024-12-04T17:18:38.041+0000] {dag.py:4180} INFO - Setting next_dagrun for example_subdag_operator.section-2 to None, run_after=None
[2024-12-04T17:18:38.046+0000] {logging_mixin.py:190} INFO - [2024-12-04T17:18:38.046+0000] {dag.py:3239} INFO - Sync 2 DAGs
[2024-12-04T17:18:38.049+0000] {logging_mixin.py:190} INFO - [2024-12-04T17:18:38.048+0000] {dag.py:4180} INFO - Setting next_dagrun for example_subdag_operator.section-1 to None, run_after=None
[2024-12-04T17:18:38.049+0000] {logging_mixin.py:190} INFO - [2024-12-04T17:18:38.049+0000] {dag.py:4180} INFO - Setting next_dagrun for example_subdag_operator.section-2 to None, run_after=None
[2024-12-04T17:18:38.054+0000] {processor.py:208} INFO - Processing /home/airflow/.local/lib/python3.12/site-packages/airflow/example_dags/example_subdag_operator.py took 0.064 seconds
[2024-12-04T17:19:08.925+0000] {processor.py:186} INFO - Started process (PID=908) to work on /home/airflow/.local/lib/python3.12/site-packages/airflow/example_dags/example_subdag_operator.py
[2024-12-04T17:19:08.928+0000] {processor.py:914} INFO - Processing file /home/airflow/.local/lib/python3.12/site-packages/airflow/example_dags/example_subdag_operator.py for tasks to queue
[2024-12-04T17:19:08.929+0000] {logging_mixin.py:190} INFO - [2024-12-04T17:19:08.929+0000] {dagbag.py:588} INFO - Filling up the DagBag from /home/airflow/.local/lib/python3.12/site-packages/airflow/example_dags/example_subdag_operator.py
[2024-12-04T17:19:08.942+0000] {processor.py:925} INFO - DAG(s) 'example_subdag_operator.section-1', 'example_subdag_operator.section-2', 'example_subdag_operator' retrieved from /home/airflow/.local/lib/python3.12/site-packages/airflow/example_dags/example_subdag_operator.py
[2024-12-04T17:19:08.949+0000] {logging_mixin.py:190} INFO - [2024-12-04T17:19:08.949+0000] {dag.py:3239} INFO - Sync 3 DAGs
[2024-12-04T17:19:08.960+0000] {logging_mixin.py:190} INFO - [2024-12-04T17:19:08.960+0000] {dag.py:4180} INFO - Setting next_dagrun for example_subdag_operator to 2022-01-01 00:00:00+00:00, run_after=2022-01-01 00:00:00+00:00
[2024-12-04T17:19:08.961+0000] {logging_mixin.py:190} INFO - [2024-12-04T17:19:08.961+0000] {dag.py:4180} INFO - Setting next_dagrun for example_subdag_operator.section-1 to None, run_after=None
[2024-12-04T17:19:08.962+0000] {logging_mixin.py:190} INFO - [2024-12-04T17:19:08.962+0000] {dag.py:4180} INFO - Setting next_dagrun for example_subdag_operator.section-2 to None, run_after=None
[2024-12-04T17:19:08.967+0000] {logging_mixin.py:190} INFO - [2024-12-04T17:19:08.967+0000] {dag.py:3239} INFO - Sync 2 DAGs
[2024-12-04T17:19:08.971+0000] {logging_mixin.py:190} INFO - [2024-12-04T17:19:08.971+0000] {dag.py:4180} INFO - Setting next_dagrun for example_subdag_operator.section-1 to None, run_after=None
[2024-12-04T17:19:08.971+0000] {logging_mixin.py:190} INFO - [2024-12-04T17:19:08.971+0000] {dag.py:4180} INFO - Setting next_dagrun for example_subdag_operator.section-2 to None, run_after=None
[2024-12-04T17:19:08.976+0000] {processor.py:208} INFO - Processing /home/airflow/.local/lib/python3.12/site-packages/airflow/example_dags/example_subdag_operator.py took 0.055 seconds
[2024-12-04T17:19:40.351+0000] {processor.py:186} INFO - Started process (PID=971) to work on /home/airflow/.local/lib/python3.12/site-packages/airflow/example_dags/example_subdag_operator.py
[2024-12-04T17:19:40.352+0000] {processor.py:914} INFO - Processing file /home/airflow/.local/lib/python3.12/site-packages/airflow/example_dags/example_subdag_operator.py for tasks to queue
[2024-12-04T17:19:40.353+0000] {logging_mixin.py:190} INFO - [2024-12-04T17:19:40.353+0000] {dagbag.py:588} INFO - Filling up the DagBag from /home/airflow/.local/lib/python3.12/site-packages/airflow/example_dags/example_subdag_operator.py
[2024-12-04T17:19:40.366+0000] {processor.py:925} INFO - DAG(s) 'example_subdag_operator.section-1', 'example_subdag_operator.section-2', 'example_subdag_operator' retrieved from /home/airflow/.local/lib/python3.12/site-packages/airflow/example_dags/example_subdag_operator.py
[2024-12-04T17:19:40.373+0000] {logging_mixin.py:190} INFO - [2024-12-04T17:19:40.373+0000] {dag.py:3239} INFO - Sync 3 DAGs
[2024-12-04T17:19:40.386+0000] {logging_mixin.py:190} INFO - [2024-12-04T17:19:40.385+0000] {dag.py:4180} INFO - Setting next_dagrun for example_subdag_operator to 2022-01-01 00:00:00+00:00, run_after=2022-01-01 00:00:00+00:00
[2024-12-04T17:19:40.388+0000] {logging_mixin.py:190} INFO - [2024-12-04T17:19:40.387+0000] {dag.py:4180} INFO - Setting next_dagrun for example_subdag_operator.section-1 to None, run_after=None
[2024-12-04T17:19:40.388+0000] {logging_mixin.py:190} INFO - [2024-12-04T17:19:40.388+0000] {dag.py:4180} INFO - Setting next_dagrun for example_subdag_operator.section-2 to None, run_after=None
[2024-12-04T17:19:40.392+0000] {logging_mixin.py:190} INFO - [2024-12-04T17:19:40.392+0000] {dag.py:3239} INFO - Sync 2 DAGs
[2024-12-04T17:19:40.394+0000] {logging_mixin.py:190} INFO - [2024-12-04T17:19:40.394+0000] {dag.py:4180} INFO - Setting next_dagrun for example_subdag_operator.section-1 to None, run_after=None
[2024-12-04T17:19:40.394+0000] {logging_mixin.py:190} INFO - [2024-12-04T17:19:40.394+0000] {dag.py:4180} INFO - Setting next_dagrun for example_subdag_operator.section-2 to None, run_after=None
[2024-12-04T17:19:40.399+0000] {processor.py:208} INFO - Processing /home/airflow/.local/lib/python3.12/site-packages/airflow/example_dags/example_subdag_operator.py took 0.051 seconds
[2024-12-04T17:20:11.648+0000] {processor.py:186} INFO - Started process (PID=1034) to work on /home/airflow/.local/lib/python3.12/site-packages/airflow/example_dags/example_subdag_operator.py
[2024-12-04T17:20:11.649+0000] {processor.py:914} INFO - Processing file /home/airflow/.local/lib/python3.12/site-packages/airflow/example_dags/example_subdag_operator.py for tasks to queue
[2024-12-04T17:20:11.651+0000] {logging_mixin.py:190} INFO - [2024-12-04T17:20:11.651+0000] {dagbag.py:588} INFO - Filling up the DagBag from /home/airflow/.local/lib/python3.12/site-packages/airflow/example_dags/example_subdag_operator.py
[2024-12-04T17:20:11.664+0000] {processor.py:925} INFO - DAG(s) 'example_subdag_operator.section-1', 'example_subdag_operator.section-2', 'example_subdag_operator' retrieved from /home/airflow/.local/lib/python3.12/site-packages/airflow/example_dags/example_subdag_operator.py
[2024-12-04T17:20:11.673+0000] {logging_mixin.py:190} INFO - [2024-12-04T17:20:11.673+0000] {dag.py:3239} INFO - Sync 3 DAGs
[2024-12-04T17:20:11.686+0000] {logging_mixin.py:190} INFO - [2024-12-04T17:20:11.686+0000] {dag.py:4180} INFO - Setting next_dagrun for example_subdag_operator to 2022-01-01 00:00:00+00:00, run_after=2022-01-01 00:00:00+00:00
[2024-12-04T17:20:11.688+0000] {logging_mixin.py:190} INFO - [2024-12-04T17:20:11.688+0000] {dag.py:4180} INFO - Setting next_dagrun for example_subdag_operator.section-1 to None, run_after=None
[2024-12-04T17:20:11.691+0000] {logging_mixin.py:190} INFO - [2024-12-04T17:20:11.691+0000] {dag.py:4180} INFO - Setting next_dagrun for example_subdag_operator.section-2 to None, run_after=None
[2024-12-04T17:20:11.695+0000] {logging_mixin.py:190} INFO - [2024-12-04T17:20:11.695+0000] {dag.py:3239} INFO - Sync 2 DAGs
[2024-12-04T17:20:11.698+0000] {logging_mixin.py:190} INFO - [2024-12-04T17:20:11.698+0000] {dag.py:4180} INFO - Setting next_dagrun for example_subdag_operator.section-1 to None, run_after=None
[2024-12-04T17:20:11.701+0000] {logging_mixin.py:190} INFO - [2024-12-04T17:20:11.701+0000] {dag.py:4180} INFO - Setting next_dagrun for example_subdag_operator.section-2 to None, run_after=None
[2024-12-04T17:20:11.707+0000] {processor.py:208} INFO - Processing /home/airflow/.local/lib/python3.12/site-packages/airflow/example_dags/example_subdag_operator.py took 0.062 seconds
[2024-12-04T17:20:43.085+0000] {processor.py:186} INFO - Started process (PID=1097) to work on /home/airflow/.local/lib/python3.12/site-packages/airflow/example_dags/example_subdag_operator.py
[2024-12-04T17:20:43.086+0000] {processor.py:914} INFO - Processing file /home/airflow/.local/lib/python3.12/site-packages/airflow/example_dags/example_subdag_operator.py for tasks to queue
[2024-12-04T17:20:43.087+0000] {logging_mixin.py:190} INFO - [2024-12-04T17:20:43.087+0000] {dagbag.py:588} INFO - Filling up the DagBag from /home/airflow/.local/lib/python3.12/site-packages/airflow/example_dags/example_subdag_operator.py
[2024-12-04T17:20:43.103+0000] {processor.py:925} INFO - DAG(s) 'example_subdag_operator.section-1', 'example_subdag_operator.section-2', 'example_subdag_operator' retrieved from /home/airflow/.local/lib/python3.12/site-packages/airflow/example_dags/example_subdag_operator.py
[2024-12-04T17:20:43.112+0000] {logging_mixin.py:190} INFO - [2024-12-04T17:20:43.112+0000] {dag.py:3239} INFO - Sync 3 DAGs
[2024-12-04T17:20:43.124+0000] {logging_mixin.py:190} INFO - [2024-12-04T17:20:43.123+0000] {dag.py:4180} INFO - Setting next_dagrun for example_subdag_operator to 2022-01-01 00:00:00+00:00, run_after=2022-01-01 00:00:00+00:00
[2024-12-04T17:20:43.129+0000] {logging_mixin.py:190} INFO - [2024-12-04T17:20:43.129+0000] {dag.py:4180} INFO - Setting next_dagrun for example_subdag_operator.section-1 to None, run_after=None
[2024-12-04T17:20:43.129+0000] {logging_mixin.py:190} INFO - [2024-12-04T17:20:43.129+0000] {dag.py:4180} INFO - Setting next_dagrun for example_subdag_operator.section-2 to None, run_after=None
[2024-12-04T17:20:43.133+0000] {logging_mixin.py:190} INFO - [2024-12-04T17:20:43.133+0000] {dag.py:3239} INFO - Sync 2 DAGs
[2024-12-04T17:20:43.136+0000] {logging_mixin.py:190} INFO - [2024-12-04T17:20:43.136+0000] {dag.py:4180} INFO - Setting next_dagrun for example_subdag_operator.section-1 to None, run_after=None
[2024-12-04T17:20:43.137+0000] {logging_mixin.py:190} INFO - [2024-12-04T17:20:43.137+0000] {dag.py:4180} INFO - Setting next_dagrun for example_subdag_operator.section-2 to None, run_after=None
[2024-12-04T17:20:43.142+0000] {processor.py:208} INFO - Processing /home/airflow/.local/lib/python3.12/site-packages/airflow/example_dags/example_subdag_operator.py took 0.061 seconds
[2024-12-04T17:21:14.477+0000] {processor.py:186} INFO - Started process (PID=1160) to work on /home/airflow/.local/lib/python3.12/site-packages/airflow/example_dags/example_subdag_operator.py
[2024-12-04T17:21:14.477+0000] {processor.py:914} INFO - Processing file /home/airflow/.local/lib/python3.12/site-packages/airflow/example_dags/example_subdag_operator.py for tasks to queue
[2024-12-04T17:21:14.479+0000] {logging_mixin.py:190} INFO - [2024-12-04T17:21:14.478+0000] {dagbag.py:588} INFO - Filling up the DagBag from /home/airflow/.local/lib/python3.12/site-packages/airflow/example_dags/example_subdag_operator.py
[2024-12-04T17:21:14.492+0000] {processor.py:925} INFO - DAG(s) 'example_subdag_operator.section-1', 'example_subdag_operator.section-2', 'example_subdag_operator' retrieved from /home/airflow/.local/lib/python3.12/site-packages/airflow/example_dags/example_subdag_operator.py
[2024-12-04T17:21:14.502+0000] {logging_mixin.py:190} INFO - [2024-12-04T17:21:14.502+0000] {dag.py:3239} INFO - Sync 3 DAGs
[2024-12-04T17:21:14.513+0000] {logging_mixin.py:190} INFO - [2024-12-04T17:21:14.513+0000] {dag.py:4180} INFO - Setting next_dagrun for example_subdag_operator to 2022-01-01 00:00:00+00:00, run_after=2022-01-01 00:00:00+00:00
[2024-12-04T17:21:14.515+0000] {logging_mixin.py:190} INFO - [2024-12-04T17:21:14.515+0000] {dag.py:4180} INFO - Setting next_dagrun for example_subdag_operator.section-1 to None, run_after=None
[2024-12-04T17:21:14.516+0000] {logging_mixin.py:190} INFO - [2024-12-04T17:21:14.516+0000] {dag.py:4180} INFO - Setting next_dagrun for example_subdag_operator.section-2 to None, run_after=None
[2024-12-04T17:21:14.523+0000] {logging_mixin.py:190} INFO - [2024-12-04T17:21:14.523+0000] {dag.py:3239} INFO - Sync 2 DAGs
[2024-12-04T17:21:14.526+0000] {logging_mixin.py:190} INFO - [2024-12-04T17:21:14.526+0000] {dag.py:4180} INFO - Setting next_dagrun for example_subdag_operator.section-1 to None, run_after=None
[2024-12-04T17:21:14.526+0000] {logging_mixin.py:190} INFO - [2024-12-04T17:21:14.526+0000] {dag.py:4180} INFO - Setting next_dagrun for example_subdag_operator.section-2 to None, run_after=None
[2024-12-04T17:21:14.533+0000] {processor.py:208} INFO - Processing /home/airflow/.local/lib/python3.12/site-packages/airflow/example_dags/example_subdag_operator.py took 0.060 seconds
[2024-12-04T17:21:45.829+0000] {processor.py:186} INFO - Started process (PID=1223) to work on /home/airflow/.local/lib/python3.12/site-packages/airflow/example_dags/example_subdag_operator.py
[2024-12-04T17:21:45.834+0000] {processor.py:914} INFO - Processing file /home/airflow/.local/lib/python3.12/site-packages/airflow/example_dags/example_subdag_operator.py for tasks to queue
[2024-12-04T17:21:45.837+0000] {logging_mixin.py:190} INFO - [2024-12-04T17:21:45.837+0000] {dagbag.py:588} INFO - Filling up the DagBag from /home/airflow/.local/lib/python3.12/site-packages/airflow/example_dags/example_subdag_operator.py
[2024-12-04T17:21:45.857+0000] {processor.py:925} INFO - DAG(s) 'example_subdag_operator.section-1', 'example_subdag_operator.section-2', 'example_subdag_operator' retrieved from /home/airflow/.local/lib/python3.12/site-packages/airflow/example_dags/example_subdag_operator.py
[2024-12-04T17:21:45.877+0000] {logging_mixin.py:190} INFO - [2024-12-04T17:21:45.877+0000] {dag.py:3239} INFO - Sync 3 DAGs
[2024-12-04T17:21:45.895+0000] {logging_mixin.py:190} INFO - [2024-12-04T17:21:45.895+0000] {dag.py:4180} INFO - Setting next_dagrun for example_subdag_operator to 2022-01-01 00:00:00+00:00, run_after=2022-01-01 00:00:00+00:00
[2024-12-04T17:21:45.899+0000] {logging_mixin.py:190} INFO - [2024-12-04T17:21:45.897+0000] {dag.py:4180} INFO - Setting next_dagrun for example_subdag_operator.section-1 to None, run_after=None
[2024-12-04T17:21:45.902+0000] {logging_mixin.py:190} INFO - [2024-12-04T17:21:45.902+0000] {dag.py:4180} INFO - Setting next_dagrun for example_subdag_operator.section-2 to None, run_after=None
[2024-12-04T17:21:45.907+0000] {logging_mixin.py:190} INFO - [2024-12-04T17:21:45.907+0000] {dag.py:3239} INFO - Sync 2 DAGs
[2024-12-04T17:21:45.910+0000] {logging_mixin.py:190} INFO - [2024-12-04T17:21:45.910+0000] {dag.py:4180} INFO - Setting next_dagrun for example_subdag_operator.section-1 to None, run_after=None
[2024-12-04T17:21:45.910+0000] {logging_mixin.py:190} INFO - [2024-12-04T17:21:45.910+0000] {dag.py:4180} INFO - Setting next_dagrun for example_subdag_operator.section-2 to None, run_after=None
[2024-12-04T17:21:45.915+0000] {processor.py:208} INFO - Processing /home/airflow/.local/lib/python3.12/site-packages/airflow/example_dags/example_subdag_operator.py took 0.121 seconds
[2024-12-04T17:22:17.057+0000] {processor.py:186} INFO - Started process (PID=1286) to work on /home/airflow/.local/lib/python3.12/site-packages/airflow/example_dags/example_subdag_operator.py
[2024-12-04T17:22:17.058+0000] {processor.py:914} INFO - Processing file /home/airflow/.local/lib/python3.12/site-packages/airflow/example_dags/example_subdag_operator.py for tasks to queue
[2024-12-04T17:22:17.059+0000] {logging_mixin.py:190} INFO - [2024-12-04T17:22:17.059+0000] {dagbag.py:588} INFO - Filling up the DagBag from /home/airflow/.local/lib/python3.12/site-packages/airflow/example_dags/example_subdag_operator.py
[2024-12-04T17:22:17.074+0000] {processor.py:925} INFO - DAG(s) 'example_subdag_operator.section-1', 'example_subdag_operator.section-2', 'example_subdag_operator' retrieved from /home/airflow/.local/lib/python3.12/site-packages/airflow/example_dags/example_subdag_operator.py
[2024-12-04T17:22:17.082+0000] {logging_mixin.py:190} INFO - [2024-12-04T17:22:17.082+0000] {dag.py:3239} INFO - Sync 3 DAGs
[2024-12-04T17:22:17.097+0000] {logging_mixin.py:190} INFO - [2024-12-04T17:22:17.097+0000] {dag.py:4180} INFO - Setting next_dagrun for example_subdag_operator to 2022-01-01 00:00:00+00:00, run_after=2022-01-01 00:00:00+00:00
[2024-12-04T17:22:17.099+0000] {logging_mixin.py:190} INFO - [2024-12-04T17:22:17.099+0000] {dag.py:4180} INFO - Setting next_dagrun for example_subdag_operator.section-1 to None, run_after=None
[2024-12-04T17:22:17.100+0000] {logging_mixin.py:190} INFO - [2024-12-04T17:22:17.100+0000] {dag.py:4180} INFO - Setting next_dagrun for example_subdag_operator.section-2 to None, run_after=None
[2024-12-04T17:22:17.105+0000] {logging_mixin.py:190} INFO - [2024-12-04T17:22:17.105+0000] {dag.py:3239} INFO - Sync 2 DAGs
[2024-12-04T17:22:17.108+0000] {logging_mixin.py:190} INFO - [2024-12-04T17:22:17.108+0000] {dag.py:4180} INFO - Setting next_dagrun for example_subdag_operator.section-1 to None, run_after=None
[2024-12-04T17:22:17.108+0000] {logging_mixin.py:190} INFO - [2024-12-04T17:22:17.108+0000] {dag.py:4180} INFO - Setting next_dagrun for example_subdag_operator.section-2 to None, run_after=None
[2024-12-04T17:22:17.114+0000] {processor.py:208} INFO - Processing /home/airflow/.local/lib/python3.12/site-packages/airflow/example_dags/example_subdag_operator.py took 0.060 seconds
[2024-12-04T17:22:55.116+0000] {processor.py:186} INFO - Started process (PID=1355) to work on /home/airflow/.local/lib/python3.12/site-packages/airflow/example_dags/example_subdag_operator.py
[2024-12-04T17:22:55.125+0000] {processor.py:914} INFO - Processing file /home/airflow/.local/lib/python3.12/site-packages/airflow/example_dags/example_subdag_operator.py for tasks to queue
[2024-12-04T17:22:55.133+0000] {logging_mixin.py:190} INFO - [2024-12-04T17:22:55.133+0000] {dagbag.py:588} INFO - Filling up the DagBag from /home/airflow/.local/lib/python3.12/site-packages/airflow/example_dags/example_subdag_operator.py
[2024-12-04T17:22:55.278+0000] {processor.py:925} INFO - DAG(s) 'example_subdag_operator.section-1', 'example_subdag_operator.section-2', 'example_subdag_operator' retrieved from /home/airflow/.local/lib/python3.12/site-packages/airflow/example_dags/example_subdag_operator.py
[2024-12-04T17:22:55.316+0000] {logging_mixin.py:190} INFO - [2024-12-04T17:22:55.316+0000] {dag.py:3239} INFO - Sync 3 DAGs
[2024-12-04T17:22:55.394+0000] {logging_mixin.py:190} INFO - [2024-12-04T17:22:55.393+0000] {dag.py:4180} INFO - Setting next_dagrun for example_subdag_operator to 2022-01-01 00:00:00+00:00, run_after=2022-01-01 00:00:00+00:00
[2024-12-04T17:22:55.407+0000] {logging_mixin.py:190} INFO - [2024-12-04T17:22:55.406+0000] {dag.py:4180} INFO - Setting next_dagrun for example_subdag_operator.section-1 to None, run_after=None
[2024-12-04T17:22:55.411+0000] {logging_mixin.py:190} INFO - [2024-12-04T17:22:55.411+0000] {dag.py:4180} INFO - Setting next_dagrun for example_subdag_operator.section-2 to None, run_after=None
[2024-12-04T17:22:55.429+0000] {logging_mixin.py:190} INFO - [2024-12-04T17:22:55.429+0000] {dag.py:3239} INFO - Sync 2 DAGs
[2024-12-04T17:22:55.435+0000] {logging_mixin.py:190} INFO - [2024-12-04T17:22:55.435+0000] {dag.py:4180} INFO - Setting next_dagrun for example_subdag_operator.section-1 to None, run_after=None
[2024-12-04T17:22:55.435+0000] {logging_mixin.py:190} INFO - [2024-12-04T17:22:55.435+0000] {dag.py:4180} INFO - Setting next_dagrun for example_subdag_operator.section-2 to None, run_after=None
[2024-12-04T17:22:55.465+0000] {processor.py:208} INFO - Processing /home/airflow/.local/lib/python3.12/site-packages/airflow/example_dags/example_subdag_operator.py took 0.390 seconds
[2024-12-04T17:23:25.622+0000] {processor.py:186} INFO - Started process (PID=1418) to work on /home/airflow/.local/lib/python3.12/site-packages/airflow/example_dags/example_subdag_operator.py
[2024-12-04T17:23:25.623+0000] {processor.py:914} INFO - Processing file /home/airflow/.local/lib/python3.12/site-packages/airflow/example_dags/example_subdag_operator.py for tasks to queue
[2024-12-04T17:23:25.624+0000] {logging_mixin.py:190} INFO - [2024-12-04T17:23:25.624+0000] {dagbag.py:588} INFO - Filling up the DagBag from /home/airflow/.local/lib/python3.12/site-packages/airflow/example_dags/example_subdag_operator.py
[2024-12-04T17:23:25.644+0000] {processor.py:925} INFO - DAG(s) 'example_subdag_operator.section-1', 'example_subdag_operator.section-2', 'example_subdag_operator' retrieved from /home/airflow/.local/lib/python3.12/site-packages/airflow/example_dags/example_subdag_operator.py
[2024-12-04T17:23:25.655+0000] {logging_mixin.py:190} INFO - [2024-12-04T17:23:25.654+0000] {dag.py:3239} INFO - Sync 3 DAGs
[2024-12-04T17:23:25.672+0000] {logging_mixin.py:190} INFO - [2024-12-04T17:23:25.672+0000] {dag.py:4180} INFO - Setting next_dagrun for example_subdag_operator to 2022-01-01 00:00:00+00:00, run_after=2022-01-01 00:00:00+00:00
[2024-12-04T17:23:25.676+0000] {logging_mixin.py:190} INFO - [2024-12-04T17:23:25.675+0000] {dag.py:4180} INFO - Setting next_dagrun for example_subdag_operator.section-1 to None, run_after=None
[2024-12-04T17:23:25.679+0000] {logging_mixin.py:190} INFO - [2024-12-04T17:23:25.679+0000] {dag.py:4180} INFO - Setting next_dagrun for example_subdag_operator.section-2 to None, run_after=None
[2024-12-04T17:23:25.690+0000] {logging_mixin.py:190} INFO - [2024-12-04T17:23:25.690+0000] {dag.py:3239} INFO - Sync 2 DAGs
[2024-12-04T17:23:25.695+0000] {logging_mixin.py:190} INFO - [2024-12-04T17:23:25.695+0000] {dag.py:4180} INFO - Setting next_dagrun for example_subdag_operator.section-1 to None, run_after=None
[2024-12-04T17:23:25.696+0000] {logging_mixin.py:190} INFO - [2024-12-04T17:23:25.696+0000] {dag.py:4180} INFO - Setting next_dagrun for example_subdag_operator.section-2 to None, run_after=None
[2024-12-04T17:23:25.708+0000] {processor.py:208} INFO - Processing /home/airflow/.local/lib/python3.12/site-packages/airflow/example_dags/example_subdag_operator.py took 0.090 seconds
[2024-12-04T17:23:58.494+0000] {processor.py:186} INFO - Started process (PID=1481) to work on /home/airflow/.local/lib/python3.12/site-packages/airflow/example_dags/example_subdag_operator.py
[2024-12-04T17:23:58.496+0000] {processor.py:914} INFO - Processing file /home/airflow/.local/lib/python3.12/site-packages/airflow/example_dags/example_subdag_operator.py for tasks to queue
[2024-12-04T17:23:58.501+0000] {logging_mixin.py:190} INFO - [2024-12-04T17:23:58.500+0000] {dagbag.py:588} INFO - Filling up the DagBag from /home/airflow/.local/lib/python3.12/site-packages/airflow/example_dags/example_subdag_operator.py
[2024-12-04T17:23:58.547+0000] {processor.py:925} INFO - DAG(s) 'example_subdag_operator.section-1', 'example_subdag_operator.section-2', 'example_subdag_operator' retrieved from /home/airflow/.local/lib/python3.12/site-packages/airflow/example_dags/example_subdag_operator.py
[2024-12-04T17:23:58.569+0000] {logging_mixin.py:190} INFO - [2024-12-04T17:23:58.569+0000] {dag.py:3239} INFO - Sync 3 DAGs
[2024-12-04T17:23:58.611+0000] {logging_mixin.py:190} INFO - [2024-12-04T17:23:58.611+0000] {dag.py:4180} INFO - Setting next_dagrun for example_subdag_operator to 2022-01-01 00:00:00+00:00, run_after=2022-01-01 00:00:00+00:00
[2024-12-04T17:23:58.616+0000] {logging_mixin.py:190} INFO - [2024-12-04T17:23:58.615+0000] {dag.py:4180} INFO - Setting next_dagrun for example_subdag_operator.section-1 to None, run_after=None
[2024-12-04T17:23:58.617+0000] {logging_mixin.py:190} INFO - [2024-12-04T17:23:58.617+0000] {dag.py:4180} INFO - Setting next_dagrun for example_subdag_operator.section-2 to None, run_after=None
[2024-12-04T17:23:58.628+0000] {logging_mixin.py:190} INFO - [2024-12-04T17:23:58.628+0000] {dag.py:3239} INFO - Sync 2 DAGs
[2024-12-04T17:23:58.633+0000] {logging_mixin.py:190} INFO - [2024-12-04T17:23:58.633+0000] {dag.py:4180} INFO - Setting next_dagrun for example_subdag_operator.section-1 to None, run_after=None
[2024-12-04T17:23:58.638+0000] {logging_mixin.py:190} INFO - [2024-12-04T17:23:58.637+0000] {dag.py:4180} INFO - Setting next_dagrun for example_subdag_operator.section-2 to None, run_after=None
[2024-12-04T17:23:58.657+0000] {processor.py:208} INFO - Processing /home/airflow/.local/lib/python3.12/site-packages/airflow/example_dags/example_subdag_operator.py took 0.185 seconds
[2024-12-04T17:24:34.966+0000] {processor.py:186} INFO - Started process (PID=1543) to work on /home/airflow/.local/lib/python3.12/site-packages/airflow/example_dags/example_subdag_operator.py
[2024-12-04T17:24:34.969+0000] {processor.py:914} INFO - Processing file /home/airflow/.local/lib/python3.12/site-packages/airflow/example_dags/example_subdag_operator.py for tasks to queue
[2024-12-04T17:24:34.982+0000] {logging_mixin.py:190} INFO - [2024-12-04T17:24:34.982+0000] {dagbag.py:588} INFO - Filling up the DagBag from /home/airflow/.local/lib/python3.12/site-packages/airflow/example_dags/example_subdag_operator.py
[2024-12-04T17:24:35.047+0000] {processor.py:925} INFO - DAG(s) 'example_subdag_operator.section-1', 'example_subdag_operator.section-2', 'example_subdag_operator' retrieved from /home/airflow/.local/lib/python3.12/site-packages/airflow/example_dags/example_subdag_operator.py
[2024-12-04T17:24:35.070+0000] {logging_mixin.py:190} INFO - [2024-12-04T17:24:35.070+0000] {dag.py:3239} INFO - Sync 3 DAGs
[2024-12-04T17:24:35.098+0000] {logging_mixin.py:190} INFO - [2024-12-04T17:24:35.097+0000] {dag.py:4180} INFO - Setting next_dagrun for example_subdag_operator to 2022-01-01 00:00:00+00:00, run_after=2022-01-01 00:00:00+00:00
[2024-12-04T17:24:35.100+0000] {logging_mixin.py:190} INFO - [2024-12-04T17:24:35.100+0000] {dag.py:4180} INFO - Setting next_dagrun for example_subdag_operator.section-1 to None, run_after=None
[2024-12-04T17:24:35.101+0000] {logging_mixin.py:190} INFO - [2024-12-04T17:24:35.101+0000] {dag.py:4180} INFO - Setting next_dagrun for example_subdag_operator.section-2 to None, run_after=None
[2024-12-04T17:24:35.108+0000] {logging_mixin.py:190} INFO - [2024-12-04T17:24:35.108+0000] {dag.py:3239} INFO - Sync 2 DAGs
[2024-12-04T17:24:35.115+0000] {logging_mixin.py:190} INFO - [2024-12-04T17:24:35.114+0000] {dag.py:4180} INFO - Setting next_dagrun for example_subdag_operator.section-1 to None, run_after=None
[2024-12-04T17:24:35.115+0000] {logging_mixin.py:190} INFO - [2024-12-04T17:24:35.115+0000] {dag.py:4180} INFO - Setting next_dagrun for example_subdag_operator.section-2 to None, run_after=None
[2024-12-04T17:24:35.129+0000] {processor.py:208} INFO - Processing /home/airflow/.local/lib/python3.12/site-packages/airflow/example_dags/example_subdag_operator.py took 0.190 seconds
[2024-12-04T17:25:05.458+0000] {processor.py:186} INFO - Started process (PID=1606) to work on /home/airflow/.local/lib/python3.12/site-packages/airflow/example_dags/example_subdag_operator.py
[2024-12-04T17:25:05.459+0000] {processor.py:914} INFO - Processing file /home/airflow/.local/lib/python3.12/site-packages/airflow/example_dags/example_subdag_operator.py for tasks to queue
[2024-12-04T17:25:05.461+0000] {logging_mixin.py:190} INFO - [2024-12-04T17:25:05.461+0000] {dagbag.py:588} INFO - Filling up the DagBag from /home/airflow/.local/lib/python3.12/site-packages/airflow/example_dags/example_subdag_operator.py
[2024-12-04T17:25:05.487+0000] {processor.py:925} INFO - DAG(s) 'example_subdag_operator.section-1', 'example_subdag_operator.section-2', 'example_subdag_operator' retrieved from /home/airflow/.local/lib/python3.12/site-packages/airflow/example_dags/example_subdag_operator.py
[2024-12-04T17:25:05.498+0000] {logging_mixin.py:190} INFO - [2024-12-04T17:25:05.497+0000] {dag.py:3239} INFO - Sync 3 DAGs
[2024-12-04T17:25:05.513+0000] {logging_mixin.py:190} INFO - [2024-12-04T17:25:05.513+0000] {dag.py:4180} INFO - Setting next_dagrun for example_subdag_operator to 2022-01-01 00:00:00+00:00, run_after=2022-01-01 00:00:00+00:00
[2024-12-04T17:25:05.516+0000] {logging_mixin.py:190} INFO - [2024-12-04T17:25:05.515+0000] {dag.py:4180} INFO - Setting next_dagrun for example_subdag_operator.section-1 to None, run_after=None
[2024-12-04T17:25:05.517+0000] {logging_mixin.py:190} INFO - [2024-12-04T17:25:05.516+0000] {dag.py:4180} INFO - Setting next_dagrun for example_subdag_operator.section-2 to None, run_after=None
[2024-12-04T17:25:05.523+0000] {logging_mixin.py:190} INFO - [2024-12-04T17:25:05.523+0000] {dag.py:3239} INFO - Sync 2 DAGs
[2024-12-04T17:25:05.527+0000] {logging_mixin.py:190} INFO - [2024-12-04T17:25:05.527+0000] {dag.py:4180} INFO - Setting next_dagrun for example_subdag_operator.section-1 to None, run_after=None
[2024-12-04T17:25:05.527+0000] {logging_mixin.py:190} INFO - [2024-12-04T17:25:05.527+0000] {dag.py:4180} INFO - Setting next_dagrun for example_subdag_operator.section-2 to None, run_after=None
[2024-12-04T17:25:05.534+0000] {processor.py:208} INFO - Processing /home/airflow/.local/lib/python3.12/site-packages/airflow/example_dags/example_subdag_operator.py took 0.081 seconds
[2024-12-04T17:25:35.729+0000] {processor.py:186} INFO - Started process (PID=1669) to work on /home/airflow/.local/lib/python3.12/site-packages/airflow/example_dags/example_subdag_operator.py
[2024-12-04T17:25:35.730+0000] {processor.py:914} INFO - Processing file /home/airflow/.local/lib/python3.12/site-packages/airflow/example_dags/example_subdag_operator.py for tasks to queue
[2024-12-04T17:25:35.732+0000] {logging_mixin.py:190} INFO - [2024-12-04T17:25:35.732+0000] {dagbag.py:588} INFO - Filling up the DagBag from /home/airflow/.local/lib/python3.12/site-packages/airflow/example_dags/example_subdag_operator.py
[2024-12-04T17:25:35.748+0000] {processor.py:925} INFO - DAG(s) 'example_subdag_operator.section-1', 'example_subdag_operator.section-2', 'example_subdag_operator' retrieved from /home/airflow/.local/lib/python3.12/site-packages/airflow/example_dags/example_subdag_operator.py
[2024-12-04T17:25:35.755+0000] {logging_mixin.py:190} INFO - [2024-12-04T17:25:35.755+0000] {dag.py:3239} INFO - Sync 3 DAGs
[2024-12-04T17:25:35.770+0000] {logging_mixin.py:190} INFO - [2024-12-04T17:25:35.770+0000] {dag.py:4180} INFO - Setting next_dagrun for example_subdag_operator to 2022-01-01 00:00:00+00:00, run_after=2022-01-01 00:00:00+00:00
[2024-12-04T17:25:35.772+0000] {logging_mixin.py:190} INFO - [2024-12-04T17:25:35.772+0000] {dag.py:4180} INFO - Setting next_dagrun for example_subdag_operator.section-1 to None, run_after=None
[2024-12-04T17:25:35.773+0000] {logging_mixin.py:190} INFO - [2024-12-04T17:25:35.773+0000] {dag.py:4180} INFO - Setting next_dagrun for example_subdag_operator.section-2 to None, run_after=None
[2024-12-04T17:25:35.776+0000] {logging_mixin.py:190} INFO - [2024-12-04T17:25:35.776+0000] {dag.py:3239} INFO - Sync 2 DAGs
[2024-12-04T17:25:35.778+0000] {logging_mixin.py:190} INFO - [2024-12-04T17:25:35.778+0000] {dag.py:4180} INFO - Setting next_dagrun for example_subdag_operator.section-1 to None, run_after=None
[2024-12-04T17:25:35.778+0000] {logging_mixin.py:190} INFO - [2024-12-04T17:25:35.778+0000] {dag.py:4180} INFO - Setting next_dagrun for example_subdag_operator.section-2 to None, run_after=None
[2024-12-04T17:25:35.783+0000] {processor.py:208} INFO - Processing /home/airflow/.local/lib/python3.12/site-packages/airflow/example_dags/example_subdag_operator.py took 0.058 seconds
[2024-12-04T17:26:06.680+0000] {processor.py:186} INFO - Started process (PID=1732) to work on /home/airflow/.local/lib/python3.12/site-packages/airflow/example_dags/example_subdag_operator.py
[2024-12-04T17:26:06.682+0000] {processor.py:914} INFO - Processing file /home/airflow/.local/lib/python3.12/site-packages/airflow/example_dags/example_subdag_operator.py for tasks to queue
[2024-12-04T17:26:06.684+0000] {logging_mixin.py:190} INFO - [2024-12-04T17:26:06.683+0000] {dagbag.py:588} INFO - Filling up the DagBag from /home/airflow/.local/lib/python3.12/site-packages/airflow/example_dags/example_subdag_operator.py
[2024-12-04T17:26:06.724+0000] {processor.py:925} INFO - DAG(s) 'example_subdag_operator.section-1', 'example_subdag_operator.section-2', 'example_subdag_operator' retrieved from /home/airflow/.local/lib/python3.12/site-packages/airflow/example_dags/example_subdag_operator.py
[2024-12-04T17:26:06.747+0000] {logging_mixin.py:190} INFO - [2024-12-04T17:26:06.747+0000] {dag.py:3239} INFO - Sync 3 DAGs
[2024-12-04T17:26:06.783+0000] {logging_mixin.py:190} INFO - [2024-12-04T17:26:06.783+0000] {dag.py:4180} INFO - Setting next_dagrun for example_subdag_operator to 2022-01-01 00:00:00+00:00, run_after=2022-01-01 00:00:00+00:00
[2024-12-04T17:26:06.786+0000] {logging_mixin.py:190} INFO - [2024-12-04T17:26:06.786+0000] {dag.py:4180} INFO - Setting next_dagrun for example_subdag_operator.section-1 to None, run_after=None
[2024-12-04T17:26:06.787+0000] {logging_mixin.py:190} INFO - [2024-12-04T17:26:06.787+0000] {dag.py:4180} INFO - Setting next_dagrun for example_subdag_operator.section-2 to None, run_after=None
[2024-12-04T17:26:06.796+0000] {logging_mixin.py:190} INFO - [2024-12-04T17:26:06.795+0000] {dag.py:3239} INFO - Sync 2 DAGs
[2024-12-04T17:26:06.806+0000] {logging_mixin.py:190} INFO - [2024-12-04T17:26:06.806+0000] {dag.py:4180} INFO - Setting next_dagrun for example_subdag_operator.section-1 to None, run_after=None
[2024-12-04T17:26:06.807+0000] {logging_mixin.py:190} INFO - [2024-12-04T17:26:06.807+0000] {dag.py:4180} INFO - Setting next_dagrun for example_subdag_operator.section-2 to None, run_after=None
[2024-12-04T17:26:06.817+0000] {processor.py:208} INFO - Processing /home/airflow/.local/lib/python3.12/site-packages/airflow/example_dags/example_subdag_operator.py took 0.143 seconds
[2024-12-04T17:26:38.001+0000] {processor.py:186} INFO - Started process (PID=1794) to work on /home/airflow/.local/lib/python3.12/site-packages/airflow/example_dags/example_subdag_operator.py
[2024-12-04T17:26:38.002+0000] {processor.py:914} INFO - Processing file /home/airflow/.local/lib/python3.12/site-packages/airflow/example_dags/example_subdag_operator.py for tasks to queue
[2024-12-04T17:26:38.004+0000] {logging_mixin.py:190} INFO - [2024-12-04T17:26:38.004+0000] {dagbag.py:588} INFO - Filling up the DagBag from /home/airflow/.local/lib/python3.12/site-packages/airflow/example_dags/example_subdag_operator.py
[2024-12-04T17:26:38.032+0000] {processor.py:925} INFO - DAG(s) 'example_subdag_operator.section-1', 'example_subdag_operator.section-2', 'example_subdag_operator' retrieved from /home/airflow/.local/lib/python3.12/site-packages/airflow/example_dags/example_subdag_operator.py
[2024-12-04T17:26:38.046+0000] {logging_mixin.py:190} INFO - [2024-12-04T17:26:38.046+0000] {dag.py:3239} INFO - Sync 3 DAGs
[2024-12-04T17:26:38.066+0000] {logging_mixin.py:190} INFO - [2024-12-04T17:26:38.065+0000] {dag.py:4180} INFO - Setting next_dagrun for example_subdag_operator to 2022-01-01 00:00:00+00:00, run_after=2022-01-01 00:00:00+00:00
[2024-12-04T17:26:38.069+0000] {logging_mixin.py:190} INFO - [2024-12-04T17:26:38.069+0000] {dag.py:4180} INFO - Setting next_dagrun for example_subdag_operator.section-1 to None, run_after=None
[2024-12-04T17:26:38.070+0000] {logging_mixin.py:190} INFO - [2024-12-04T17:26:38.070+0000] {dag.py:4180} INFO - Setting next_dagrun for example_subdag_operator.section-2 to None, run_after=None
[2024-12-04T17:26:38.076+0000] {logging_mixin.py:190} INFO - [2024-12-04T17:26:38.075+0000] {dag.py:3239} INFO - Sync 2 DAGs
[2024-12-04T17:26:38.079+0000] {logging_mixin.py:190} INFO - [2024-12-04T17:26:38.079+0000] {dag.py:4180} INFO - Setting next_dagrun for example_subdag_operator.section-1 to None, run_after=None
[2024-12-04T17:26:38.080+0000] {logging_mixin.py:190} INFO - [2024-12-04T17:26:38.080+0000] {dag.py:4180} INFO - Setting next_dagrun for example_subdag_operator.section-2 to None, run_after=None
[2024-12-04T17:26:38.087+0000] {processor.py:208} INFO - Processing /home/airflow/.local/lib/python3.12/site-packages/airflow/example_dags/example_subdag_operator.py took 0.090 seconds
[2024-12-04T17:27:09.558+0000] {processor.py:186} INFO - Started process (PID=1857) to work on /home/airflow/.local/lib/python3.12/site-packages/airflow/example_dags/example_subdag_operator.py
[2024-12-04T17:27:09.559+0000] {processor.py:914} INFO - Processing file /home/airflow/.local/lib/python3.12/site-packages/airflow/example_dags/example_subdag_operator.py for tasks to queue
[2024-12-04T17:27:09.562+0000] {logging_mixin.py:190} INFO - [2024-12-04T17:27:09.561+0000] {dagbag.py:588} INFO - Filling up the DagBag from /home/airflow/.local/lib/python3.12/site-packages/airflow/example_dags/example_subdag_operator.py
[2024-12-04T17:27:09.594+0000] {processor.py:925} INFO - DAG(s) 'example_subdag_operator.section-1', 'example_subdag_operator.section-2', 'example_subdag_operator' retrieved from /home/airflow/.local/lib/python3.12/site-packages/airflow/example_dags/example_subdag_operator.py
[2024-12-04T17:27:09.610+0000] {logging_mixin.py:190} INFO - [2024-12-04T17:27:09.610+0000] {dag.py:3239} INFO - Sync 3 DAGs
[2024-12-04T17:27:09.639+0000] {logging_mixin.py:190} INFO - [2024-12-04T17:27:09.638+0000] {dag.py:4180} INFO - Setting next_dagrun for example_subdag_operator to 2022-01-01 00:00:00+00:00, run_after=2022-01-01 00:00:00+00:00
[2024-12-04T17:27:09.642+0000] {logging_mixin.py:190} INFO - [2024-12-04T17:27:09.642+0000] {dag.py:4180} INFO - Setting next_dagrun for example_subdag_operator.section-1 to None, run_after=None
[2024-12-04T17:27:09.643+0000] {logging_mixin.py:190} INFO - [2024-12-04T17:27:09.642+0000] {dag.py:4180} INFO - Setting next_dagrun for example_subdag_operator.section-2 to None, run_after=None
[2024-12-04T17:27:09.648+0000] {logging_mixin.py:190} INFO - [2024-12-04T17:27:09.647+0000] {dag.py:3239} INFO - Sync 2 DAGs
[2024-12-04T17:27:09.653+0000] {logging_mixin.py:190} INFO - [2024-12-04T17:27:09.653+0000] {dag.py:4180} INFO - Setting next_dagrun for example_subdag_operator.section-1 to None, run_after=None
[2024-12-04T17:27:09.654+0000] {logging_mixin.py:190} INFO - [2024-12-04T17:27:09.654+0000] {dag.py:4180} INFO - Setting next_dagrun for example_subdag_operator.section-2 to None, run_after=None
[2024-12-04T17:27:09.665+0000] {processor.py:208} INFO - Processing /home/airflow/.local/lib/python3.12/site-packages/airflow/example_dags/example_subdag_operator.py took 0.111 seconds
[2024-12-04T17:27:43.708+0000] {processor.py:186} INFO - Started process (PID=1920) to work on /home/airflow/.local/lib/python3.12/site-packages/airflow/example_dags/example_subdag_operator.py
[2024-12-04T17:27:43.713+0000] {processor.py:914} INFO - Processing file /home/airflow/.local/lib/python3.12/site-packages/airflow/example_dags/example_subdag_operator.py for tasks to queue
[2024-12-04T17:27:43.717+0000] {logging_mixin.py:190} INFO - [2024-12-04T17:27:43.716+0000] {dagbag.py:588} INFO - Filling up the DagBag from /home/airflow/.local/lib/python3.12/site-packages/airflow/example_dags/example_subdag_operator.py
[2024-12-04T17:27:43.777+0000] {processor.py:925} INFO - DAG(s) 'example_subdag_operator.section-1', 'example_subdag_operator.section-2', 'example_subdag_operator' retrieved from /home/airflow/.local/lib/python3.12/site-packages/airflow/example_dags/example_subdag_operator.py
[2024-12-04T17:27:43.802+0000] {logging_mixin.py:190} INFO - [2024-12-04T17:27:43.801+0000] {dag.py:3239} INFO - Sync 3 DAGs
[2024-12-04T17:27:43.850+0000] {logging_mixin.py:190} INFO - [2024-12-04T17:27:43.850+0000] {dag.py:4180} INFO - Setting next_dagrun for example_subdag_operator to 2022-01-01 00:00:00+00:00, run_after=2022-01-01 00:00:00+00:00
[2024-12-04T17:27:43.853+0000] {logging_mixin.py:190} INFO - [2024-12-04T17:27:43.853+0000] {dag.py:4180} INFO - Setting next_dagrun for example_subdag_operator.section-1 to None, run_after=None
[2024-12-04T17:27:43.856+0000] {logging_mixin.py:190} INFO - [2024-12-04T17:27:43.856+0000] {dag.py:4180} INFO - Setting next_dagrun for example_subdag_operator.section-2 to None, run_after=None
[2024-12-04T17:27:43.873+0000] {logging_mixin.py:190} INFO - [2024-12-04T17:27:43.872+0000] {dag.py:3239} INFO - Sync 2 DAGs
[2024-12-04T17:27:43.884+0000] {logging_mixin.py:190} INFO - [2024-12-04T17:27:43.883+0000] {dag.py:4180} INFO - Setting next_dagrun for example_subdag_operator.section-1 to None, run_after=None
[2024-12-04T17:27:43.884+0000] {logging_mixin.py:190} INFO - [2024-12-04T17:27:43.884+0000] {dag.py:4180} INFO - Setting next_dagrun for example_subdag_operator.section-2 to None, run_after=None
[2024-12-04T17:27:43.900+0000] {processor.py:208} INFO - Processing /home/airflow/.local/lib/python3.12/site-packages/airflow/example_dags/example_subdag_operator.py took 0.205 seconds
[2024-12-04T17:28:16.330+0000] {processor.py:186} INFO - Started process (PID=1983) to work on /home/airflow/.local/lib/python3.12/site-packages/airflow/example_dags/example_subdag_operator.py
[2024-12-04T17:28:16.337+0000] {processor.py:914} INFO - Processing file /home/airflow/.local/lib/python3.12/site-packages/airflow/example_dags/example_subdag_operator.py for tasks to queue
[2024-12-04T17:28:16.343+0000] {logging_mixin.py:190} INFO - [2024-12-04T17:28:16.342+0000] {dagbag.py:588} INFO - Filling up the DagBag from /home/airflow/.local/lib/python3.12/site-packages/airflow/example_dags/example_subdag_operator.py
[2024-12-04T17:28:16.401+0000] {processor.py:925} INFO - DAG(s) 'example_subdag_operator.section-1', 'example_subdag_operator.section-2', 'example_subdag_operator' retrieved from /home/airflow/.local/lib/python3.12/site-packages/airflow/example_dags/example_subdag_operator.py
[2024-12-04T17:28:16.414+0000] {logging_mixin.py:190} INFO - [2024-12-04T17:28:16.414+0000] {dag.py:3239} INFO - Sync 3 DAGs
[2024-12-04T17:28:16.478+0000] {logging_mixin.py:190} INFO - [2024-12-04T17:28:16.477+0000] {dag.py:4180} INFO - Setting next_dagrun for example_subdag_operator to 2022-01-01 00:00:00+00:00, run_after=2022-01-01 00:00:00+00:00
[2024-12-04T17:28:16.485+0000] {logging_mixin.py:190} INFO - [2024-12-04T17:28:16.485+0000] {dag.py:4180} INFO - Setting next_dagrun for example_subdag_operator.section-1 to None, run_after=None
[2024-12-04T17:28:16.488+0000] {logging_mixin.py:190} INFO - [2024-12-04T17:28:16.487+0000] {dag.py:4180} INFO - Setting next_dagrun for example_subdag_operator.section-2 to None, run_after=None
[2024-12-04T17:28:16.508+0000] {logging_mixin.py:190} INFO - [2024-12-04T17:28:16.507+0000] {dag.py:3239} INFO - Sync 2 DAGs
[2024-12-04T17:28:16.526+0000] {logging_mixin.py:190} INFO - [2024-12-04T17:28:16.525+0000] {dag.py:4180} INFO - Setting next_dagrun for example_subdag_operator.section-1 to None, run_after=None
[2024-12-04T17:28:16.527+0000] {logging_mixin.py:190} INFO - [2024-12-04T17:28:16.526+0000] {dag.py:4180} INFO - Setting next_dagrun for example_subdag_operator.section-2 to None, run_after=None
[2024-12-04T17:28:16.538+0000] {processor.py:208} INFO - Processing /home/airflow/.local/lib/python3.12/site-packages/airflow/example_dags/example_subdag_operator.py took 0.228 seconds
[2024-12-04T17:28:48.672+0000] {processor.py:186} INFO - Started process (PID=2046) to work on /home/airflow/.local/lib/python3.12/site-packages/airflow/example_dags/example_subdag_operator.py
[2024-12-04T17:28:48.676+0000] {processor.py:914} INFO - Processing file /home/airflow/.local/lib/python3.12/site-packages/airflow/example_dags/example_subdag_operator.py for tasks to queue
[2024-12-04T17:28:48.679+0000] {logging_mixin.py:190} INFO - [2024-12-04T17:28:48.679+0000] {dagbag.py:588} INFO - Filling up the DagBag from /home/airflow/.local/lib/python3.12/site-packages/airflow/example_dags/example_subdag_operator.py
[2024-12-04T17:28:48.731+0000] {processor.py:925} INFO - DAG(s) 'example_subdag_operator.section-1', 'example_subdag_operator.section-2', 'example_subdag_operator' retrieved from /home/airflow/.local/lib/python3.12/site-packages/airflow/example_dags/example_subdag_operator.py
[2024-12-04T17:28:48.750+0000] {logging_mixin.py:190} INFO - [2024-12-04T17:28:48.749+0000] {dag.py:3239} INFO - Sync 3 DAGs
[2024-12-04T17:28:48.799+0000] {logging_mixin.py:190} INFO - [2024-12-04T17:28:48.799+0000] {dag.py:4180} INFO - Setting next_dagrun for example_subdag_operator to 2022-01-01 00:00:00+00:00, run_after=2022-01-01 00:00:00+00:00
[2024-12-04T17:28:48.802+0000] {logging_mixin.py:190} INFO - [2024-12-04T17:28:48.802+0000] {dag.py:4180} INFO - Setting next_dagrun for example_subdag_operator.section-1 to None, run_after=None
[2024-12-04T17:28:48.803+0000] {logging_mixin.py:190} INFO - [2024-12-04T17:28:48.803+0000] {dag.py:4180} INFO - Setting next_dagrun for example_subdag_operator.section-2 to None, run_after=None
[2024-12-04T17:28:48.809+0000] {logging_mixin.py:190} INFO - [2024-12-04T17:28:48.809+0000] {dag.py:3239} INFO - Sync 2 DAGs
[2024-12-04T17:28:48.816+0000] {logging_mixin.py:190} INFO - [2024-12-04T17:28:48.816+0000] {dag.py:4180} INFO - Setting next_dagrun for example_subdag_operator.section-1 to None, run_after=None
[2024-12-04T17:28:48.816+0000] {logging_mixin.py:190} INFO - [2024-12-04T17:28:48.816+0000] {dag.py:4180} INFO - Setting next_dagrun for example_subdag_operator.section-2 to None, run_after=None
[2024-12-04T17:28:48.832+0000] {processor.py:208} INFO - Processing /home/airflow/.local/lib/python3.12/site-packages/airflow/example_dags/example_subdag_operator.py took 0.175 seconds
[2024-12-04T17:29:22.395+0000] {processor.py:186} INFO - Started process (PID=2109) to work on /home/airflow/.local/lib/python3.12/site-packages/airflow/example_dags/example_subdag_operator.py
[2024-12-04T17:29:22.402+0000] {processor.py:914} INFO - Processing file /home/airflow/.local/lib/python3.12/site-packages/airflow/example_dags/example_subdag_operator.py for tasks to queue
[2024-12-04T17:29:22.414+0000] {logging_mixin.py:190} INFO - [2024-12-04T17:29:22.414+0000] {dagbag.py:588} INFO - Filling up the DagBag from /home/airflow/.local/lib/python3.12/site-packages/airflow/example_dags/example_subdag_operator.py
[2024-12-04T17:29:22.526+0000] {processor.py:925} INFO - DAG(s) 'example_subdag_operator.section-1', 'example_subdag_operator.section-2', 'example_subdag_operator' retrieved from /home/airflow/.local/lib/python3.12/site-packages/airflow/example_dags/example_subdag_operator.py
[2024-12-04T17:29:22.560+0000] {logging_mixin.py:190} INFO - [2024-12-04T17:29:22.559+0000] {dag.py:3239} INFO - Sync 3 DAGs
[2024-12-04T17:29:22.619+0000] {logging_mixin.py:190} INFO - [2024-12-04T17:29:22.619+0000] {dag.py:4180} INFO - Setting next_dagrun for example_subdag_operator to 2022-01-01 00:00:00+00:00, run_after=2022-01-01 00:00:00+00:00
[2024-12-04T17:29:22.628+0000] {logging_mixin.py:190} INFO - [2024-12-04T17:29:22.628+0000] {dag.py:4180} INFO - Setting next_dagrun for example_subdag_operator.section-1 to None, run_after=None
[2024-12-04T17:29:22.631+0000] {logging_mixin.py:190} INFO - [2024-12-04T17:29:22.631+0000] {dag.py:4180} INFO - Setting next_dagrun for example_subdag_operator.section-2 to None, run_after=None
[2024-12-04T17:29:22.645+0000] {logging_mixin.py:190} INFO - [2024-12-04T17:29:22.644+0000] {dag.py:3239} INFO - Sync 2 DAGs
[2024-12-04T17:29:22.650+0000] {logging_mixin.py:190} INFO - [2024-12-04T17:29:22.650+0000] {dag.py:4180} INFO - Setting next_dagrun for example_subdag_operator.section-1 to None, run_after=None
[2024-12-04T17:29:22.651+0000] {logging_mixin.py:190} INFO - [2024-12-04T17:29:22.651+0000] {dag.py:4180} INFO - Setting next_dagrun for example_subdag_operator.section-2 to None, run_after=None
[2024-12-04T17:29:22.666+0000] {processor.py:208} INFO - Processing /home/airflow/.local/lib/python3.12/site-packages/airflow/example_dags/example_subdag_operator.py took 0.285 seconds
[2024-12-04T17:29:52.886+0000] {processor.py:186} INFO - Started process (PID=2172) to work on /home/airflow/.local/lib/python3.12/site-packages/airflow/example_dags/example_subdag_operator.py
[2024-12-04T17:29:52.890+0000] {processor.py:914} INFO - Processing file /home/airflow/.local/lib/python3.12/site-packages/airflow/example_dags/example_subdag_operator.py for tasks to queue
[2024-12-04T17:29:52.891+0000] {logging_mixin.py:190} INFO - [2024-12-04T17:29:52.891+0000] {dagbag.py:588} INFO - Filling up the DagBag from /home/airflow/.local/lib/python3.12/site-packages/airflow/example_dags/example_subdag_operator.py
[2024-12-04T17:29:52.907+0000] {processor.py:925} INFO - DAG(s) 'example_subdag_operator.section-1', 'example_subdag_operator.section-2', 'example_subdag_operator' retrieved from /home/airflow/.local/lib/python3.12/site-packages/airflow/example_dags/example_subdag_operator.py
[2024-12-04T17:29:52.917+0000] {logging_mixin.py:190} INFO - [2024-12-04T17:29:52.916+0000] {dag.py:3239} INFO - Sync 3 DAGs
[2024-12-04T17:29:52.928+0000] {logging_mixin.py:190} INFO - [2024-12-04T17:29:52.928+0000] {dag.py:4180} INFO - Setting next_dagrun for example_subdag_operator to 2022-01-01 00:00:00+00:00, run_after=2022-01-01 00:00:00+00:00
[2024-12-04T17:29:52.932+0000] {logging_mixin.py:190} INFO - [2024-12-04T17:29:52.932+0000] {dag.py:4180} INFO - Setting next_dagrun for example_subdag_operator.section-1 to None, run_after=None
[2024-12-04T17:29:52.934+0000] {logging_mixin.py:190} INFO - [2024-12-04T17:29:52.934+0000] {dag.py:4180} INFO - Setting next_dagrun for example_subdag_operator.section-2 to None, run_after=None
[2024-12-04T17:29:52.937+0000] {logging_mixin.py:190} INFO - [2024-12-04T17:29:52.937+0000] {dag.py:3239} INFO - Sync 2 DAGs
[2024-12-04T17:29:52.941+0000] {logging_mixin.py:190} INFO - [2024-12-04T17:29:52.941+0000] {dag.py:4180} INFO - Setting next_dagrun for example_subdag_operator.section-1 to None, run_after=None
[2024-12-04T17:29:52.944+0000] {logging_mixin.py:190} INFO - [2024-12-04T17:29:52.944+0000] {dag.py:4180} INFO - Setting next_dagrun for example_subdag_operator.section-2 to None, run_after=None
[2024-12-04T17:29:52.953+0000] {processor.py:208} INFO - Processing /home/airflow/.local/lib/python3.12/site-packages/airflow/example_dags/example_subdag_operator.py took 0.070 seconds
[2024-12-04T17:30:24.233+0000] {processor.py:186} INFO - Started process (PID=2235) to work on /home/airflow/.local/lib/python3.12/site-packages/airflow/example_dags/example_subdag_operator.py
[2024-12-04T17:30:24.235+0000] {processor.py:914} INFO - Processing file /home/airflow/.local/lib/python3.12/site-packages/airflow/example_dags/example_subdag_operator.py for tasks to queue
[2024-12-04T17:30:24.241+0000] {logging_mixin.py:190} INFO - [2024-12-04T17:30:24.241+0000] {dagbag.py:588} INFO - Filling up the DagBag from /home/airflow/.local/lib/python3.12/site-packages/airflow/example_dags/example_subdag_operator.py
[2024-12-04T17:30:24.284+0000] {processor.py:925} INFO - DAG(s) 'example_subdag_operator.section-1', 'example_subdag_operator.section-2', 'example_subdag_operator' retrieved from /home/airflow/.local/lib/python3.12/site-packages/airflow/example_dags/example_subdag_operator.py
[2024-12-04T17:30:24.294+0000] {logging_mixin.py:190} INFO - [2024-12-04T17:30:24.294+0000] {dag.py:3239} INFO - Sync 3 DAGs
[2024-12-04T17:30:24.328+0000] {logging_mixin.py:190} INFO - [2024-12-04T17:30:24.328+0000] {dag.py:4180} INFO - Setting next_dagrun for example_subdag_operator to 2022-01-01 00:00:00+00:00, run_after=2022-01-01 00:00:00+00:00
[2024-12-04T17:30:24.330+0000] {logging_mixin.py:190} INFO - [2024-12-04T17:30:24.330+0000] {dag.py:4180} INFO - Setting next_dagrun for example_subdag_operator.section-1 to None, run_after=None
[2024-12-04T17:30:24.333+0000] {logging_mixin.py:190} INFO - [2024-12-04T17:30:24.333+0000] {dag.py:4180} INFO - Setting next_dagrun for example_subdag_operator.section-2 to None, run_after=None
[2024-12-04T17:30:24.340+0000] {logging_mixin.py:190} INFO - [2024-12-04T17:30:24.340+0000] {dag.py:3239} INFO - Sync 2 DAGs
[2024-12-04T17:30:24.346+0000] {logging_mixin.py:190} INFO - [2024-12-04T17:30:24.346+0000] {dag.py:4180} INFO - Setting next_dagrun for example_subdag_operator.section-1 to None, run_after=None
[2024-12-04T17:30:24.346+0000] {logging_mixin.py:190} INFO - [2024-12-04T17:30:24.346+0000] {dag.py:4180} INFO - Setting next_dagrun for example_subdag_operator.section-2 to None, run_after=None
[2024-12-04T17:30:24.358+0000] {processor.py:208} INFO - Processing /home/airflow/.local/lib/python3.12/site-packages/airflow/example_dags/example_subdag_operator.py took 0.132 seconds
[2024-12-04T17:30:55.495+0000] {processor.py:186} INFO - Started process (PID=2298) to work on /home/airflow/.local/lib/python3.12/site-packages/airflow/example_dags/example_subdag_operator.py
[2024-12-04T17:30:55.497+0000] {processor.py:914} INFO - Processing file /home/airflow/.local/lib/python3.12/site-packages/airflow/example_dags/example_subdag_operator.py for tasks to queue
[2024-12-04T17:30:55.501+0000] {logging_mixin.py:190} INFO - [2024-12-04T17:30:55.501+0000] {dagbag.py:588} INFO - Filling up the DagBag from /home/airflow/.local/lib/python3.12/site-packages/airflow/example_dags/example_subdag_operator.py
[2024-12-04T17:30:55.535+0000] {processor.py:925} INFO - DAG(s) 'example_subdag_operator.section-1', 'example_subdag_operator.section-2', 'example_subdag_operator' retrieved from /home/airflow/.local/lib/python3.12/site-packages/airflow/example_dags/example_subdag_operator.py
[2024-12-04T17:30:55.551+0000] {logging_mixin.py:190} INFO - [2024-12-04T17:30:55.551+0000] {dag.py:3239} INFO - Sync 3 DAGs
[2024-12-04T17:30:55.568+0000] {logging_mixin.py:190} INFO - [2024-12-04T17:30:55.568+0000] {dag.py:4180} INFO - Setting next_dagrun for example_subdag_operator to 2022-01-01 00:00:00+00:00, run_after=2022-01-01 00:00:00+00:00
[2024-12-04T17:30:55.570+0000] {logging_mixin.py:190} INFO - [2024-12-04T17:30:55.570+0000] {dag.py:4180} INFO - Setting next_dagrun for example_subdag_operator.section-1 to None, run_after=None
[2024-12-04T17:30:55.572+0000] {logging_mixin.py:190} INFO - [2024-12-04T17:30:55.572+0000] {dag.py:4180} INFO - Setting next_dagrun for example_subdag_operator.section-2 to None, run_after=None
[2024-12-04T17:30:55.578+0000] {logging_mixin.py:190} INFO - [2024-12-04T17:30:55.578+0000] {dag.py:3239} INFO - Sync 2 DAGs
[2024-12-04T17:30:55.581+0000] {logging_mixin.py:190} INFO - [2024-12-04T17:30:55.581+0000] {dag.py:4180} INFO - Setting next_dagrun for example_subdag_operator.section-1 to None, run_after=None
[2024-12-04T17:30:55.581+0000] {logging_mixin.py:190} INFO - [2024-12-04T17:30:55.581+0000] {dag.py:4180} INFO - Setting next_dagrun for example_subdag_operator.section-2 to None, run_after=None
[2024-12-04T17:30:55.592+0000] {processor.py:208} INFO - Processing /home/airflow/.local/lib/python3.12/site-packages/airflow/example_dags/example_subdag_operator.py took 0.101 seconds
[2024-12-04T17:31:26.273+0000] {processor.py:186} INFO - Started process (PID=2361) to work on /home/airflow/.local/lib/python3.12/site-packages/airflow/example_dags/example_subdag_operator.py
[2024-12-04T17:31:26.273+0000] {processor.py:914} INFO - Processing file /home/airflow/.local/lib/python3.12/site-packages/airflow/example_dags/example_subdag_operator.py for tasks to queue
[2024-12-04T17:31:26.274+0000] {logging_mixin.py:190} INFO - [2024-12-04T17:31:26.274+0000] {dagbag.py:588} INFO - Filling up the DagBag from /home/airflow/.local/lib/python3.12/site-packages/airflow/example_dags/example_subdag_operator.py
[2024-12-04T17:31:26.288+0000] {processor.py:925} INFO - DAG(s) 'example_subdag_operator.section-1', 'example_subdag_operator.section-2', 'example_subdag_operator' retrieved from /home/airflow/.local/lib/python3.12/site-packages/airflow/example_dags/example_subdag_operator.py
[2024-12-04T17:31:26.296+0000] {logging_mixin.py:190} INFO - [2024-12-04T17:31:26.296+0000] {dag.py:3239} INFO - Sync 3 DAGs
[2024-12-04T17:31:26.312+0000] {logging_mixin.py:190} INFO - [2024-12-04T17:31:26.312+0000] {dag.py:4180} INFO - Setting next_dagrun for example_subdag_operator to 2022-01-01 00:00:00+00:00, run_after=2022-01-01 00:00:00+00:00
[2024-12-04T17:31:26.314+0000] {logging_mixin.py:190} INFO - [2024-12-04T17:31:26.313+0000] {dag.py:4180} INFO - Setting next_dagrun for example_subdag_operator.section-1 to None, run_after=None
[2024-12-04T17:31:26.315+0000] {logging_mixin.py:190} INFO - [2024-12-04T17:31:26.315+0000] {dag.py:4180} INFO - Setting next_dagrun for example_subdag_operator.section-2 to None, run_after=None
[2024-12-04T17:31:26.321+0000] {logging_mixin.py:190} INFO - [2024-12-04T17:31:26.321+0000] {dag.py:3239} INFO - Sync 2 DAGs
[2024-12-04T17:31:26.325+0000] {logging_mixin.py:190} INFO - [2024-12-04T17:31:26.324+0000] {dag.py:4180} INFO - Setting next_dagrun for example_subdag_operator.section-1 to None, run_after=None
[2024-12-04T17:31:26.325+0000] {logging_mixin.py:190} INFO - [2024-12-04T17:31:26.325+0000] {dag.py:4180} INFO - Setting next_dagrun for example_subdag_operator.section-2 to None, run_after=None
[2024-12-04T17:31:26.331+0000] {processor.py:208} INFO - Processing /home/airflow/.local/lib/python3.12/site-packages/airflow/example_dags/example_subdag_operator.py took 0.061 seconds
[2024-12-04T17:31:57.283+0000] {processor.py:186} INFO - Started process (PID=2424) to work on /home/airflow/.local/lib/python3.12/site-packages/airflow/example_dags/example_subdag_operator.py
[2024-12-04T17:31:57.285+0000] {processor.py:914} INFO - Processing file /home/airflow/.local/lib/python3.12/site-packages/airflow/example_dags/example_subdag_operator.py for tasks to queue
[2024-12-04T17:31:57.287+0000] {logging_mixin.py:190} INFO - [2024-12-04T17:31:57.286+0000] {dagbag.py:588} INFO - Filling up the DagBag from /home/airflow/.local/lib/python3.12/site-packages/airflow/example_dags/example_subdag_operator.py
[2024-12-04T17:31:57.308+0000] {processor.py:925} INFO - DAG(s) 'example_subdag_operator.section-1', 'example_subdag_operator.section-2', 'example_subdag_operator' retrieved from /home/airflow/.local/lib/python3.12/site-packages/airflow/example_dags/example_subdag_operator.py
[2024-12-04T17:31:57.326+0000] {logging_mixin.py:190} INFO - [2024-12-04T17:31:57.326+0000] {dag.py:3239} INFO - Sync 3 DAGs
[2024-12-04T17:31:57.344+0000] {logging_mixin.py:190} INFO - [2024-12-04T17:31:57.344+0000] {dag.py:4180} INFO - Setting next_dagrun for example_subdag_operator to 2022-01-01 00:00:00+00:00, run_after=2022-01-01 00:00:00+00:00
[2024-12-04T17:31:57.347+0000] {logging_mixin.py:190} INFO - [2024-12-04T17:31:57.347+0000] {dag.py:4180} INFO - Setting next_dagrun for example_subdag_operator.section-1 to None, run_after=None
[2024-12-04T17:31:57.348+0000] {logging_mixin.py:190} INFO - [2024-12-04T17:31:57.348+0000] {dag.py:4180} INFO - Setting next_dagrun for example_subdag_operator.section-2 to None, run_after=None
[2024-12-04T17:31:57.353+0000] {logging_mixin.py:190} INFO - [2024-12-04T17:31:57.353+0000] {dag.py:3239} INFO - Sync 2 DAGs
[2024-12-04T17:31:57.357+0000] {logging_mixin.py:190} INFO - [2024-12-04T17:31:57.356+0000] {dag.py:4180} INFO - Setting next_dagrun for example_subdag_operator.section-1 to None, run_after=None
[2024-12-04T17:31:57.357+0000] {logging_mixin.py:190} INFO - [2024-12-04T17:31:57.357+0000] {dag.py:4180} INFO - Setting next_dagrun for example_subdag_operator.section-2 to None, run_after=None
[2024-12-04T17:31:57.363+0000] {processor.py:208} INFO - Processing /home/airflow/.local/lib/python3.12/site-packages/airflow/example_dags/example_subdag_operator.py took 0.084 seconds
[2024-12-04T17:32:28.192+0000] {processor.py:186} INFO - Started process (PID=2495) to work on /home/airflow/.local/lib/python3.12/site-packages/airflow/example_dags/example_subdag_operator.py
[2024-12-04T17:32:28.194+0000] {processor.py:914} INFO - Processing file /home/airflow/.local/lib/python3.12/site-packages/airflow/example_dags/example_subdag_operator.py for tasks to queue
[2024-12-04T17:32:28.197+0000] {logging_mixin.py:190} INFO - [2024-12-04T17:32:28.196+0000] {dagbag.py:588} INFO - Filling up the DagBag from /home/airflow/.local/lib/python3.12/site-packages/airflow/example_dags/example_subdag_operator.py
[2024-12-04T17:32:28.212+0000] {processor.py:925} INFO - DAG(s) 'example_subdag_operator.section-1', 'example_subdag_operator.section-2', 'example_subdag_operator' retrieved from /home/airflow/.local/lib/python3.12/site-packages/airflow/example_dags/example_subdag_operator.py
[2024-12-04T17:32:28.221+0000] {logging_mixin.py:190} INFO - [2024-12-04T17:32:28.220+0000] {dag.py:3239} INFO - Sync 3 DAGs
[2024-12-04T17:32:28.234+0000] {logging_mixin.py:190} INFO - [2024-12-04T17:32:28.234+0000] {dag.py:4180} INFO - Setting next_dagrun for example_subdag_operator to 2022-01-01 00:00:00+00:00, run_after=2022-01-01 00:00:00+00:00
[2024-12-04T17:32:28.237+0000] {logging_mixin.py:190} INFO - [2024-12-04T17:32:28.237+0000] {dag.py:4180} INFO - Setting next_dagrun for example_subdag_operator.section-1 to None, run_after=None
[2024-12-04T17:32:28.237+0000] {logging_mixin.py:190} INFO - [2024-12-04T17:32:28.237+0000] {dag.py:4180} INFO - Setting next_dagrun for example_subdag_operator.section-2 to None, run_after=None
[2024-12-04T17:32:28.241+0000] {logging_mixin.py:190} INFO - [2024-12-04T17:32:28.241+0000] {dag.py:3239} INFO - Sync 2 DAGs
[2024-12-04T17:32:28.244+0000] {logging_mixin.py:190} INFO - [2024-12-04T17:32:28.244+0000] {dag.py:4180} INFO - Setting next_dagrun for example_subdag_operator.section-1 to None, run_after=None
[2024-12-04T17:32:28.244+0000] {logging_mixin.py:190} INFO - [2024-12-04T17:32:28.244+0000] {dag.py:4180} INFO - Setting next_dagrun for example_subdag_operator.section-2 to None, run_after=None
[2024-12-04T17:32:28.249+0000] {processor.py:208} INFO - Processing /home/airflow/.local/lib/python3.12/site-packages/airflow/example_dags/example_subdag_operator.py took 0.061 seconds
