[2024-12-04T17:12:23.253+0000] {processor.py:186} INFO - Started process (PID=106) to work on /home/airflow/.local/lib/python3.12/site-packages/airflow/example_dags/example_outlet_event_extra.py
[2024-12-04T17:12:23.254+0000] {processor.py:914} INFO - Processing file /home/airflow/.local/lib/python3.12/site-packages/airflow/example_dags/example_outlet_event_extra.py for tasks to queue
[2024-12-04T17:12:23.256+0000] {logging_mixin.py:190} INFO - [2024-12-04T17:12:23.256+0000] {dagbag.py:588} INFO - Filling up the DagBag from /home/airflow/.local/lib/python3.12/site-packages/airflow/example_dags/example_outlet_event_extra.py
[2024-12-04T17:12:23.639+0000] {processor.py:925} INFO - DAG(s) 'dataset_with_extra_from_classic_operator', 'dataset_with_extra_by_yield', 'dataset_with_extra_by_context' retrieved from /home/airflow/.local/lib/python3.12/site-packages/airflow/example_dags/example_outlet_event_extra.py
[2024-12-04T17:12:23.723+0000] {logging_mixin.py:190} INFO - [2024-12-04T17:12:23.722+0000] {override.py:1911} INFO - Created Permission View: can read on DAG:dataset_with_extra_from_classic_operator
[2024-12-04T17:12:23.729+0000] {logging_mixin.py:190} INFO - [2024-12-04T17:12:23.729+0000] {override.py:1911} INFO - Created Permission View: can delete on DAG:dataset_with_extra_from_classic_operator
[2024-12-04T17:12:23.733+0000] {logging_mixin.py:190} INFO - [2024-12-04T17:12:23.733+0000] {override.py:1911} INFO - Created Permission View: can edit on DAG:dataset_with_extra_from_classic_operator
[2024-12-04T17:12:23.742+0000] {logging_mixin.py:190} INFO - [2024-12-04T17:12:23.741+0000] {override.py:1911} INFO - Created Permission View: menu access on DAG Run:dataset_with_extra_from_classic_operator
[2024-12-04T17:12:23.746+0000] {logging_mixin.py:190} INFO - [2024-12-04T17:12:23.746+0000] {override.py:1911} INFO - Created Permission View: can delete on DAG Run:dataset_with_extra_from_classic_operator
[2024-12-04T17:12:23.751+0000] {logging_mixin.py:190} INFO - [2024-12-04T17:12:23.751+0000] {override.py:1911} INFO - Created Permission View: can read on DAG Run:dataset_with_extra_from_classic_operator
[2024-12-04T17:12:23.756+0000] {logging_mixin.py:190} INFO - [2024-12-04T17:12:23.755+0000] {override.py:1911} INFO - Created Permission View: can create on DAG Run:dataset_with_extra_from_classic_operator
[2024-12-04T17:12:23.763+0000] {logging_mixin.py:190} INFO - [2024-12-04T17:12:23.763+0000] {override.py:1911} INFO - Created Permission View: can read on DAG:dataset_with_extra_by_yield
[2024-12-04T17:12:23.767+0000] {logging_mixin.py:190} INFO - [2024-12-04T17:12:23.767+0000] {override.py:1911} INFO - Created Permission View: can delete on DAG:dataset_with_extra_by_yield
[2024-12-04T17:12:23.770+0000] {logging_mixin.py:190} INFO - [2024-12-04T17:12:23.770+0000] {override.py:1911} INFO - Created Permission View: can edit on DAG:dataset_with_extra_by_yield
[2024-12-04T17:12:23.774+0000] {logging_mixin.py:190} INFO - [2024-12-04T17:12:23.773+0000] {override.py:1911} INFO - Created Permission View: menu access on DAG Run:dataset_with_extra_by_yield
[2024-12-04T17:12:23.777+0000] {logging_mixin.py:190} INFO - [2024-12-04T17:12:23.776+0000] {override.py:1911} INFO - Created Permission View: can delete on DAG Run:dataset_with_extra_by_yield
[2024-12-04T17:12:23.780+0000] {logging_mixin.py:190} INFO - [2024-12-04T17:12:23.780+0000] {override.py:1911} INFO - Created Permission View: can read on DAG Run:dataset_with_extra_by_yield
[2024-12-04T17:12:23.783+0000] {logging_mixin.py:190} INFO - [2024-12-04T17:12:23.783+0000] {override.py:1911} INFO - Created Permission View: can create on DAG Run:dataset_with_extra_by_yield
[2024-12-04T17:12:23.788+0000] {logging_mixin.py:190} INFO - [2024-12-04T17:12:23.788+0000] {override.py:1911} INFO - Created Permission View: can read on DAG:dataset_with_extra_by_context
[2024-12-04T17:12:23.791+0000] {logging_mixin.py:190} INFO - [2024-12-04T17:12:23.790+0000] {override.py:1911} INFO - Created Permission View: can delete on DAG:dataset_with_extra_by_context
[2024-12-04T17:12:23.793+0000] {logging_mixin.py:190} INFO - [2024-12-04T17:12:23.793+0000] {override.py:1911} INFO - Created Permission View: can edit on DAG:dataset_with_extra_by_context
[2024-12-04T17:12:23.796+0000] {logging_mixin.py:190} INFO - [2024-12-04T17:12:23.796+0000] {override.py:1911} INFO - Created Permission View: menu access on DAG Run:dataset_with_extra_by_context
[2024-12-04T17:12:23.799+0000] {logging_mixin.py:190} INFO - [2024-12-04T17:12:23.799+0000] {override.py:1911} INFO - Created Permission View: can delete on DAG Run:dataset_with_extra_by_context
[2024-12-04T17:12:23.802+0000] {logging_mixin.py:190} INFO - [2024-12-04T17:12:23.802+0000] {override.py:1911} INFO - Created Permission View: can read on DAG Run:dataset_with_extra_by_context
[2024-12-04T17:12:23.805+0000] {logging_mixin.py:190} INFO - [2024-12-04T17:12:23.805+0000] {override.py:1911} INFO - Created Permission View: can create on DAG Run:dataset_with_extra_by_context
[2024-12-04T17:12:23.805+0000] {logging_mixin.py:190} INFO - [2024-12-04T17:12:23.805+0000] {dag.py:3239} INFO - Sync 3 DAGs
[2024-12-04T17:12:23.813+0000] {logging_mixin.py:190} INFO - [2024-12-04T17:12:23.813+0000] {dag.py:3262} INFO - Creating ORM DAG for dataset_with_extra_by_yield
[2024-12-04T17:12:23.813+0000] {logging_mixin.py:190} INFO - [2024-12-04T17:12:23.813+0000] {dag.py:3262} INFO - Creating ORM DAG for dataset_with_extra_from_classic_operator
[2024-12-04T17:12:23.814+0000] {logging_mixin.py:190} INFO - [2024-12-04T17:12:23.814+0000] {dag.py:3262} INFO - Creating ORM DAG for dataset_with_extra_by_context
[2024-12-04T17:12:23.821+0000] {logging_mixin.py:190} INFO - [2024-12-04T17:12:23.820+0000] {dag.py:4180} INFO - Setting next_dagrun for dataset_with_extra_by_context to 2024-12-03 00:00:00+00:00, run_after=2024-12-04 00:00:00+00:00
[2024-12-04T17:12:23.821+0000] {logging_mixin.py:190} INFO - [2024-12-04T17:12:23.821+0000] {dag.py:4180} INFO - Setting next_dagrun for dataset_with_extra_by_yield to 2024-12-03 00:00:00+00:00, run_after=2024-12-04 00:00:00+00:00
[2024-12-04T17:12:23.822+0000] {logging_mixin.py:190} INFO - [2024-12-04T17:12:23.822+0000] {dag.py:4180} INFO - Setting next_dagrun for dataset_with_extra_from_classic_operator to 2024-12-03 00:00:00+00:00, run_after=2024-12-04 00:00:00+00:00
[2024-12-04T17:12:23.834+0000] {processor.py:208} INFO - Processing /home/airflow/.local/lib/python3.12/site-packages/airflow/example_dags/example_outlet_event_extra.py took 0.585 seconds
[2024-12-04T17:12:54.708+0000] {processor.py:186} INFO - Started process (PID=170) to work on /home/airflow/.local/lib/python3.12/site-packages/airflow/example_dags/example_outlet_event_extra.py
[2024-12-04T17:12:54.709+0000] {processor.py:914} INFO - Processing file /home/airflow/.local/lib/python3.12/site-packages/airflow/example_dags/example_outlet_event_extra.py for tasks to queue
[2024-12-04T17:12:54.712+0000] {logging_mixin.py:190} INFO - [2024-12-04T17:12:54.711+0000] {dagbag.py:588} INFO - Filling up the DagBag from /home/airflow/.local/lib/python3.12/site-packages/airflow/example_dags/example_outlet_event_extra.py
[2024-12-04T17:12:55.139+0000] {processor.py:925} INFO - DAG(s) 'dataset_with_extra_by_yield', 'dataset_with_extra_from_classic_operator', 'dataset_with_extra_by_context' retrieved from /home/airflow/.local/lib/python3.12/site-packages/airflow/example_dags/example_outlet_event_extra.py
[2024-12-04T17:12:55.156+0000] {logging_mixin.py:190} INFO - [2024-12-04T17:12:55.156+0000] {dag.py:3239} INFO - Sync 3 DAGs
[2024-12-04T17:12:55.168+0000] {logging_mixin.py:190} INFO - [2024-12-04T17:12:55.168+0000] {dag.py:4180} INFO - Setting next_dagrun for dataset_with_extra_by_context to 2024-12-03 00:00:00+00:00, run_after=2024-12-04 00:00:00+00:00
[2024-12-04T17:12:55.170+0000] {logging_mixin.py:190} INFO - [2024-12-04T17:12:55.170+0000] {dag.py:4180} INFO - Setting next_dagrun for dataset_with_extra_by_yield to 2024-12-03 00:00:00+00:00, run_after=2024-12-04 00:00:00+00:00
[2024-12-04T17:12:55.172+0000] {logging_mixin.py:190} INFO - [2024-12-04T17:12:55.172+0000] {dag.py:4180} INFO - Setting next_dagrun for dataset_with_extra_from_classic_operator to 2024-12-03 00:00:00+00:00, run_after=2024-12-04 00:00:00+00:00
[2024-12-04T17:12:55.186+0000] {processor.py:208} INFO - Processing /home/airflow/.local/lib/python3.12/site-packages/airflow/example_dags/example_outlet_event_extra.py took 0.486 seconds
[2024-12-04T17:13:25.266+0000] {processor.py:186} INFO - Started process (PID=233) to work on /home/airflow/.local/lib/python3.12/site-packages/airflow/example_dags/example_outlet_event_extra.py
[2024-12-04T17:13:25.267+0000] {processor.py:914} INFO - Processing file /home/airflow/.local/lib/python3.12/site-packages/airflow/example_dags/example_outlet_event_extra.py for tasks to queue
[2024-12-04T17:13:25.270+0000] {logging_mixin.py:190} INFO - [2024-12-04T17:13:25.270+0000] {dagbag.py:588} INFO - Filling up the DagBag from /home/airflow/.local/lib/python3.12/site-packages/airflow/example_dags/example_outlet_event_extra.py
[2024-12-04T17:13:25.598+0000] {processor.py:925} INFO - DAG(s) 'dataset_with_extra_from_classic_operator', 'dataset_with_extra_by_context', 'dataset_with_extra_by_yield' retrieved from /home/airflow/.local/lib/python3.12/site-packages/airflow/example_dags/example_outlet_event_extra.py
[2024-12-04T17:13:25.618+0000] {logging_mixin.py:190} INFO - [2024-12-04T17:13:25.618+0000] {dag.py:3239} INFO - Sync 3 DAGs
[2024-12-04T17:13:25.631+0000] {logging_mixin.py:190} INFO - [2024-12-04T17:13:25.631+0000] {dag.py:4180} INFO - Setting next_dagrun for dataset_with_extra_by_context to 2024-12-03 00:00:00+00:00, run_after=2024-12-04 00:00:00+00:00
[2024-12-04T17:13:25.634+0000] {logging_mixin.py:190} INFO - [2024-12-04T17:13:25.634+0000] {dag.py:4180} INFO - Setting next_dagrun for dataset_with_extra_by_yield to 2024-12-03 00:00:00+00:00, run_after=2024-12-04 00:00:00+00:00
[2024-12-04T17:13:25.635+0000] {logging_mixin.py:190} INFO - [2024-12-04T17:13:25.635+0000] {dag.py:4180} INFO - Setting next_dagrun for dataset_with_extra_from_classic_operator to 2024-12-03 00:00:00+00:00, run_after=2024-12-04 00:00:00+00:00
[2024-12-04T17:13:25.647+0000] {processor.py:208} INFO - Processing /home/airflow/.local/lib/python3.12/site-packages/airflow/example_dags/example_outlet_event_extra.py took 0.389 seconds
[2024-12-04T17:13:55.712+0000] {processor.py:186} INFO - Started process (PID=296) to work on /home/airflow/.local/lib/python3.12/site-packages/airflow/example_dags/example_outlet_event_extra.py
[2024-12-04T17:13:55.712+0000] {processor.py:914} INFO - Processing file /home/airflow/.local/lib/python3.12/site-packages/airflow/example_dags/example_outlet_event_extra.py for tasks to queue
[2024-12-04T17:13:55.714+0000] {logging_mixin.py:190} INFO - [2024-12-04T17:13:55.713+0000] {dagbag.py:588} INFO - Filling up the DagBag from /home/airflow/.local/lib/python3.12/site-packages/airflow/example_dags/example_outlet_event_extra.py
[2024-12-04T17:13:56.041+0000] {processor.py:925} INFO - DAG(s) 'dataset_with_extra_by_yield', 'dataset_with_extra_from_classic_operator', 'dataset_with_extra_by_context' retrieved from /home/airflow/.local/lib/python3.12/site-packages/airflow/example_dags/example_outlet_event_extra.py
[2024-12-04T17:13:56.054+0000] {logging_mixin.py:190} INFO - [2024-12-04T17:13:56.054+0000] {dag.py:3239} INFO - Sync 3 DAGs
[2024-12-04T17:13:56.066+0000] {logging_mixin.py:190} INFO - [2024-12-04T17:13:56.066+0000] {dag.py:4180} INFO - Setting next_dagrun for dataset_with_extra_by_context to 2024-12-03 00:00:00+00:00, run_after=2024-12-04 00:00:00+00:00
[2024-12-04T17:13:56.068+0000] {logging_mixin.py:190} INFO - [2024-12-04T17:13:56.068+0000] {dag.py:4180} INFO - Setting next_dagrun for dataset_with_extra_by_yield to 2024-12-03 00:00:00+00:00, run_after=2024-12-04 00:00:00+00:00
[2024-12-04T17:13:56.070+0000] {logging_mixin.py:190} INFO - [2024-12-04T17:13:56.070+0000] {dag.py:4180} INFO - Setting next_dagrun for dataset_with_extra_from_classic_operator to 2024-12-03 00:00:00+00:00, run_after=2024-12-04 00:00:00+00:00
[2024-12-04T17:13:56.080+0000] {processor.py:208} INFO - Processing /home/airflow/.local/lib/python3.12/site-packages/airflow/example_dags/example_outlet_event_extra.py took 0.371 seconds
[2024-12-04T17:14:27.003+0000] {processor.py:186} INFO - Started process (PID=358) to work on /home/airflow/.local/lib/python3.12/site-packages/airflow/example_dags/example_outlet_event_extra.py
[2024-12-04T17:14:27.004+0000] {processor.py:914} INFO - Processing file /home/airflow/.local/lib/python3.12/site-packages/airflow/example_dags/example_outlet_event_extra.py for tasks to queue
[2024-12-04T17:14:27.005+0000] {logging_mixin.py:190} INFO - [2024-12-04T17:14:27.005+0000] {dagbag.py:588} INFO - Filling up the DagBag from /home/airflow/.local/lib/python3.12/site-packages/airflow/example_dags/example_outlet_event_extra.py
[2024-12-04T17:14:27.318+0000] {processor.py:925} INFO - DAG(s) 'dataset_with_extra_from_classic_operator', 'dataset_with_extra_by_yield', 'dataset_with_extra_by_context' retrieved from /home/airflow/.local/lib/python3.12/site-packages/airflow/example_dags/example_outlet_event_extra.py
[2024-12-04T17:14:27.333+0000] {logging_mixin.py:190} INFO - [2024-12-04T17:14:27.333+0000] {dag.py:3239} INFO - Sync 3 DAGs
[2024-12-04T17:14:27.347+0000] {logging_mixin.py:190} INFO - [2024-12-04T17:14:27.347+0000] {dag.py:4180} INFO - Setting next_dagrun for dataset_with_extra_by_context to 2024-12-03 00:00:00+00:00, run_after=2024-12-04 00:00:00+00:00
[2024-12-04T17:14:27.351+0000] {logging_mixin.py:190} INFO - [2024-12-04T17:14:27.351+0000] {dag.py:4180} INFO - Setting next_dagrun for dataset_with_extra_by_yield to 2024-12-03 00:00:00+00:00, run_after=2024-12-04 00:00:00+00:00
[2024-12-04T17:14:27.353+0000] {logging_mixin.py:190} INFO - [2024-12-04T17:14:27.353+0000] {dag.py:4180} INFO - Setting next_dagrun for dataset_with_extra_from_classic_operator to 2024-12-03 00:00:00+00:00, run_after=2024-12-04 00:00:00+00:00
[2024-12-04T17:14:27.367+0000] {processor.py:208} INFO - Processing /home/airflow/.local/lib/python3.12/site-packages/airflow/example_dags/example_outlet_event_extra.py took 0.366 seconds
[2024-12-04T17:14:58.656+0000] {processor.py:186} INFO - Started process (PID=421) to work on /home/airflow/.local/lib/python3.12/site-packages/airflow/example_dags/example_outlet_event_extra.py
[2024-12-04T17:14:58.657+0000] {processor.py:914} INFO - Processing file /home/airflow/.local/lib/python3.12/site-packages/airflow/example_dags/example_outlet_event_extra.py for tasks to queue
[2024-12-04T17:14:58.659+0000] {logging_mixin.py:190} INFO - [2024-12-04T17:14:58.659+0000] {dagbag.py:588} INFO - Filling up the DagBag from /home/airflow/.local/lib/python3.12/site-packages/airflow/example_dags/example_outlet_event_extra.py
[2024-12-04T17:14:59.197+0000] {processor.py:925} INFO - DAG(s) 'dataset_with_extra_by_yield', 'dataset_with_extra_from_classic_operator', 'dataset_with_extra_by_context' retrieved from /home/airflow/.local/lib/python3.12/site-packages/airflow/example_dags/example_outlet_event_extra.py
[2024-12-04T17:14:59.213+0000] {logging_mixin.py:190} INFO - [2024-12-04T17:14:59.212+0000] {dag.py:3239} INFO - Sync 3 DAGs
[2024-12-04T17:14:59.224+0000] {logging_mixin.py:190} INFO - [2024-12-04T17:14:59.224+0000] {dag.py:4180} INFO - Setting next_dagrun for dataset_with_extra_by_context to 2024-12-03 00:00:00+00:00, run_after=2024-12-04 00:00:00+00:00
[2024-12-04T17:14:59.226+0000] {logging_mixin.py:190} INFO - [2024-12-04T17:14:59.226+0000] {dag.py:4180} INFO - Setting next_dagrun for dataset_with_extra_by_yield to 2024-12-03 00:00:00+00:00, run_after=2024-12-04 00:00:00+00:00
[2024-12-04T17:14:59.228+0000] {logging_mixin.py:190} INFO - [2024-12-04T17:14:59.228+0000] {dag.py:4180} INFO - Setting next_dagrun for dataset_with_extra_from_classic_operator to 2024-12-03 00:00:00+00:00, run_after=2024-12-04 00:00:00+00:00
[2024-12-04T17:14:59.239+0000] {processor.py:208} INFO - Processing /home/airflow/.local/lib/python3.12/site-packages/airflow/example_dags/example_outlet_event_extra.py took 0.588 seconds
[2024-12-04T17:15:29.393+0000] {processor.py:186} INFO - Started process (PID=484) to work on /home/airflow/.local/lib/python3.12/site-packages/airflow/example_dags/example_outlet_event_extra.py
[2024-12-04T17:15:29.394+0000] {processor.py:914} INFO - Processing file /home/airflow/.local/lib/python3.12/site-packages/airflow/example_dags/example_outlet_event_extra.py for tasks to queue
[2024-12-04T17:15:29.396+0000] {logging_mixin.py:190} INFO - [2024-12-04T17:15:29.396+0000] {dagbag.py:588} INFO - Filling up the DagBag from /home/airflow/.local/lib/python3.12/site-packages/airflow/example_dags/example_outlet_event_extra.py
[2024-12-04T17:15:29.834+0000] {processor.py:925} INFO - DAG(s) 'dataset_with_extra_by_yield', 'dataset_with_extra_from_classic_operator', 'dataset_with_extra_by_context' retrieved from /home/airflow/.local/lib/python3.12/site-packages/airflow/example_dags/example_outlet_event_extra.py
[2024-12-04T17:15:29.865+0000] {logging_mixin.py:190} INFO - [2024-12-04T17:15:29.865+0000] {dag.py:3239} INFO - Sync 3 DAGs
[2024-12-04T17:15:29.882+0000] {logging_mixin.py:190} INFO - [2024-12-04T17:15:29.881+0000] {dag.py:4180} INFO - Setting next_dagrun for dataset_with_extra_by_context to 2024-12-03 00:00:00+00:00, run_after=2024-12-04 00:00:00+00:00
[2024-12-04T17:15:29.884+0000] {logging_mixin.py:190} INFO - [2024-12-04T17:15:29.884+0000] {dag.py:4180} INFO - Setting next_dagrun for dataset_with_extra_by_yield to 2024-12-03 00:00:00+00:00, run_after=2024-12-04 00:00:00+00:00
[2024-12-04T17:15:29.885+0000] {logging_mixin.py:190} INFO - [2024-12-04T17:15:29.885+0000] {dag.py:4180} INFO - Setting next_dagrun for dataset_with_extra_from_classic_operator to 2024-12-03 00:00:00+00:00, run_after=2024-12-04 00:00:00+00:00
[2024-12-04T17:15:29.898+0000] {processor.py:208} INFO - Processing /home/airflow/.local/lib/python3.12/site-packages/airflow/example_dags/example_outlet_event_extra.py took 0.509 seconds
[2024-12-04T17:16:00.863+0000] {processor.py:186} INFO - Started process (PID=547) to work on /home/airflow/.local/lib/python3.12/site-packages/airflow/example_dags/example_outlet_event_extra.py
[2024-12-04T17:16:00.865+0000] {processor.py:914} INFO - Processing file /home/airflow/.local/lib/python3.12/site-packages/airflow/example_dags/example_outlet_event_extra.py for tasks to queue
[2024-12-04T17:16:00.867+0000] {logging_mixin.py:190} INFO - [2024-12-04T17:16:00.867+0000] {dagbag.py:588} INFO - Filling up the DagBag from /home/airflow/.local/lib/python3.12/site-packages/airflow/example_dags/example_outlet_event_extra.py
[2024-12-04T17:16:01.204+0000] {processor.py:925} INFO - DAG(s) 'dataset_with_extra_by_yield', 'dataset_with_extra_from_classic_operator', 'dataset_with_extra_by_context' retrieved from /home/airflow/.local/lib/python3.12/site-packages/airflow/example_dags/example_outlet_event_extra.py
[2024-12-04T17:16:01.217+0000] {logging_mixin.py:190} INFO - [2024-12-04T17:16:01.217+0000] {dag.py:3239} INFO - Sync 3 DAGs
[2024-12-04T17:16:01.229+0000] {logging_mixin.py:190} INFO - [2024-12-04T17:16:01.228+0000] {dag.py:4180} INFO - Setting next_dagrun for dataset_with_extra_by_context to 2024-12-03 00:00:00+00:00, run_after=2024-12-04 00:00:00+00:00
[2024-12-04T17:16:01.231+0000] {logging_mixin.py:190} INFO - [2024-12-04T17:16:01.231+0000] {dag.py:4180} INFO - Setting next_dagrun for dataset_with_extra_by_yield to 2024-12-03 00:00:00+00:00, run_after=2024-12-04 00:00:00+00:00
[2024-12-04T17:16:01.232+0000] {logging_mixin.py:190} INFO - [2024-12-04T17:16:01.232+0000] {dag.py:4180} INFO - Setting next_dagrun for dataset_with_extra_from_classic_operator to 2024-12-03 00:00:00+00:00, run_after=2024-12-04 00:00:00+00:00
[2024-12-04T17:16:01.242+0000] {processor.py:208} INFO - Processing /home/airflow/.local/lib/python3.12/site-packages/airflow/example_dags/example_outlet_event_extra.py took 0.382 seconds
[2024-12-04T17:16:32.195+0000] {processor.py:186} INFO - Started process (PID=610) to work on /home/airflow/.local/lib/python3.12/site-packages/airflow/example_dags/example_outlet_event_extra.py
[2024-12-04T17:16:32.196+0000] {processor.py:914} INFO - Processing file /home/airflow/.local/lib/python3.12/site-packages/airflow/example_dags/example_outlet_event_extra.py for tasks to queue
[2024-12-04T17:16:32.198+0000] {logging_mixin.py:190} INFO - [2024-12-04T17:16:32.198+0000] {dagbag.py:588} INFO - Filling up the DagBag from /home/airflow/.local/lib/python3.12/site-packages/airflow/example_dags/example_outlet_event_extra.py
[2024-12-04T17:16:32.564+0000] {processor.py:925} INFO - DAG(s) 'dataset_with_extra_by_yield', 'dataset_with_extra_from_classic_operator', 'dataset_with_extra_by_context' retrieved from /home/airflow/.local/lib/python3.12/site-packages/airflow/example_dags/example_outlet_event_extra.py
[2024-12-04T17:16:32.589+0000] {logging_mixin.py:190} INFO - [2024-12-04T17:16:32.588+0000] {dag.py:3239} INFO - Sync 3 DAGs
[2024-12-04T17:16:32.607+0000] {logging_mixin.py:190} INFO - [2024-12-04T17:16:32.607+0000] {dag.py:4180} INFO - Setting next_dagrun for dataset_with_extra_by_context to 2024-12-03 00:00:00+00:00, run_after=2024-12-04 00:00:00+00:00
[2024-12-04T17:16:32.610+0000] {logging_mixin.py:190} INFO - [2024-12-04T17:16:32.610+0000] {dag.py:4180} INFO - Setting next_dagrun for dataset_with_extra_by_yield to 2024-12-03 00:00:00+00:00, run_after=2024-12-04 00:00:00+00:00
[2024-12-04T17:16:32.611+0000] {logging_mixin.py:190} INFO - [2024-12-04T17:16:32.611+0000] {dag.py:4180} INFO - Setting next_dagrun for dataset_with_extra_from_classic_operator to 2024-12-03 00:00:00+00:00, run_after=2024-12-04 00:00:00+00:00
[2024-12-04T17:16:32.625+0000] {processor.py:208} INFO - Processing /home/airflow/.local/lib/python3.12/site-packages/airflow/example_dags/example_outlet_event_extra.py took 0.433 seconds
[2024-12-04T17:17:02.978+0000] {processor.py:186} INFO - Started process (PID=673) to work on /home/airflow/.local/lib/python3.12/site-packages/airflow/example_dags/example_outlet_event_extra.py
[2024-12-04T17:17:02.979+0000] {processor.py:914} INFO - Processing file /home/airflow/.local/lib/python3.12/site-packages/airflow/example_dags/example_outlet_event_extra.py for tasks to queue
[2024-12-04T17:17:02.981+0000] {logging_mixin.py:190} INFO - [2024-12-04T17:17:02.981+0000] {dagbag.py:588} INFO - Filling up the DagBag from /home/airflow/.local/lib/python3.12/site-packages/airflow/example_dags/example_outlet_event_extra.py
[2024-12-04T17:17:03.316+0000] {processor.py:925} INFO - DAG(s) 'dataset_with_extra_by_yield', 'dataset_with_extra_from_classic_operator', 'dataset_with_extra_by_context' retrieved from /home/airflow/.local/lib/python3.12/site-packages/airflow/example_dags/example_outlet_event_extra.py
[2024-12-04T17:17:03.329+0000] {logging_mixin.py:190} INFO - [2024-12-04T17:17:03.329+0000] {dag.py:3239} INFO - Sync 3 DAGs
[2024-12-04T17:17:03.341+0000] {logging_mixin.py:190} INFO - [2024-12-04T17:17:03.341+0000] {dag.py:4180} INFO - Setting next_dagrun for dataset_with_extra_by_context to 2024-12-03 00:00:00+00:00, run_after=2024-12-04 00:00:00+00:00
[2024-12-04T17:17:03.345+0000] {logging_mixin.py:190} INFO - [2024-12-04T17:17:03.344+0000] {dag.py:4180} INFO - Setting next_dagrun for dataset_with_extra_by_yield to 2024-12-03 00:00:00+00:00, run_after=2024-12-04 00:00:00+00:00
[2024-12-04T17:17:03.347+0000] {logging_mixin.py:190} INFO - [2024-12-04T17:17:03.346+0000] {dag.py:4180} INFO - Setting next_dagrun for dataset_with_extra_from_classic_operator to 2024-12-03 00:00:00+00:00, run_after=2024-12-04 00:00:00+00:00
[2024-12-04T17:17:03.357+0000] {processor.py:208} INFO - Processing /home/airflow/.local/lib/python3.12/site-packages/airflow/example_dags/example_outlet_event_extra.py took 0.383 seconds
[2024-12-04T17:17:34.865+0000] {processor.py:186} INFO - Started process (PID=736) to work on /home/airflow/.local/lib/python3.12/site-packages/airflow/example_dags/example_outlet_event_extra.py
[2024-12-04T17:17:34.866+0000] {processor.py:914} INFO - Processing file /home/airflow/.local/lib/python3.12/site-packages/airflow/example_dags/example_outlet_event_extra.py for tasks to queue
[2024-12-04T17:17:34.867+0000] {logging_mixin.py:190} INFO - [2024-12-04T17:17:34.867+0000] {dagbag.py:588} INFO - Filling up the DagBag from /home/airflow/.local/lib/python3.12/site-packages/airflow/example_dags/example_outlet_event_extra.py
[2024-12-04T17:17:35.198+0000] {processor.py:925} INFO - DAG(s) 'dataset_with_extra_by_yield', 'dataset_with_extra_by_context', 'dataset_with_extra_from_classic_operator' retrieved from /home/airflow/.local/lib/python3.12/site-packages/airflow/example_dags/example_outlet_event_extra.py
[2024-12-04T17:17:35.209+0000] {logging_mixin.py:190} INFO - [2024-12-04T17:17:35.208+0000] {dag.py:3239} INFO - Sync 3 DAGs
[2024-12-04T17:17:35.220+0000] {logging_mixin.py:190} INFO - [2024-12-04T17:17:35.220+0000] {dag.py:4180} INFO - Setting next_dagrun for dataset_with_extra_by_context to 2024-12-03 00:00:00+00:00, run_after=2024-12-04 00:00:00+00:00
[2024-12-04T17:17:35.222+0000] {logging_mixin.py:190} INFO - [2024-12-04T17:17:35.222+0000] {dag.py:4180} INFO - Setting next_dagrun for dataset_with_extra_by_yield to 2024-12-03 00:00:00+00:00, run_after=2024-12-04 00:00:00+00:00
[2024-12-04T17:17:35.223+0000] {logging_mixin.py:190} INFO - [2024-12-04T17:17:35.223+0000] {dag.py:4180} INFO - Setting next_dagrun for dataset_with_extra_from_classic_operator to 2024-12-03 00:00:00+00:00, run_after=2024-12-04 00:00:00+00:00
[2024-12-04T17:17:35.232+0000] {processor.py:208} INFO - Processing /home/airflow/.local/lib/python3.12/site-packages/airflow/example_dags/example_outlet_event_extra.py took 0.371 seconds
[2024-12-04T17:18:06.079+0000] {processor.py:186} INFO - Started process (PID=799) to work on /home/airflow/.local/lib/python3.12/site-packages/airflow/example_dags/example_outlet_event_extra.py
[2024-12-04T17:18:06.080+0000] {processor.py:914} INFO - Processing file /home/airflow/.local/lib/python3.12/site-packages/airflow/example_dags/example_outlet_event_extra.py for tasks to queue
[2024-12-04T17:18:06.081+0000] {logging_mixin.py:190} INFO - [2024-12-04T17:18:06.081+0000] {dagbag.py:588} INFO - Filling up the DagBag from /home/airflow/.local/lib/python3.12/site-packages/airflow/example_dags/example_outlet_event_extra.py
[2024-12-04T17:18:06.514+0000] {processor.py:925} INFO - DAG(s) 'dataset_with_extra_by_yield', 'dataset_with_extra_from_classic_operator', 'dataset_with_extra_by_context' retrieved from /home/airflow/.local/lib/python3.12/site-packages/airflow/example_dags/example_outlet_event_extra.py
[2024-12-04T17:18:06.529+0000] {logging_mixin.py:190} INFO - [2024-12-04T17:18:06.529+0000] {dag.py:3239} INFO - Sync 3 DAGs
[2024-12-04T17:18:06.543+0000] {logging_mixin.py:190} INFO - [2024-12-04T17:18:06.543+0000] {dag.py:4180} INFO - Setting next_dagrun for dataset_with_extra_by_context to 2024-12-03 00:00:00+00:00, run_after=2024-12-04 00:00:00+00:00
[2024-12-04T17:18:06.545+0000] {logging_mixin.py:190} INFO - [2024-12-04T17:18:06.545+0000] {dag.py:4180} INFO - Setting next_dagrun for dataset_with_extra_by_yield to 2024-12-03 00:00:00+00:00, run_after=2024-12-04 00:00:00+00:00
[2024-12-04T17:18:06.548+0000] {logging_mixin.py:190} INFO - [2024-12-04T17:18:06.548+0000] {dag.py:4180} INFO - Setting next_dagrun for dataset_with_extra_from_classic_operator to 2024-12-03 00:00:00+00:00, run_after=2024-12-04 00:00:00+00:00
[2024-12-04T17:18:06.558+0000] {processor.py:208} INFO - Processing /home/airflow/.local/lib/python3.12/site-packages/airflow/example_dags/example_outlet_event_extra.py took 0.482 seconds
[2024-12-04T17:18:38.623+0000] {processor.py:186} INFO - Started process (PID=862) to work on /home/airflow/.local/lib/python3.12/site-packages/airflow/example_dags/example_outlet_event_extra.py
[2024-12-04T17:18:38.624+0000] {processor.py:914} INFO - Processing file /home/airflow/.local/lib/python3.12/site-packages/airflow/example_dags/example_outlet_event_extra.py for tasks to queue
[2024-12-04T17:18:38.625+0000] {logging_mixin.py:190} INFO - [2024-12-04T17:18:38.625+0000] {dagbag.py:588} INFO - Filling up the DagBag from /home/airflow/.local/lib/python3.12/site-packages/airflow/example_dags/example_outlet_event_extra.py
[2024-12-04T17:18:39.131+0000] {processor.py:925} INFO - DAG(s) 'dataset_with_extra_by_context', 'dataset_with_extra_by_yield', 'dataset_with_extra_from_classic_operator' retrieved from /home/airflow/.local/lib/python3.12/site-packages/airflow/example_dags/example_outlet_event_extra.py
[2024-12-04T17:18:39.155+0000] {logging_mixin.py:190} INFO - [2024-12-04T17:18:39.154+0000] {dag.py:3239} INFO - Sync 3 DAGs
[2024-12-04T17:18:39.171+0000] {logging_mixin.py:190} INFO - [2024-12-04T17:18:39.171+0000] {dag.py:4180} INFO - Setting next_dagrun for dataset_with_extra_by_context to 2024-12-03 00:00:00+00:00, run_after=2024-12-04 00:00:00+00:00
[2024-12-04T17:18:39.175+0000] {logging_mixin.py:190} INFO - [2024-12-04T17:18:39.174+0000] {dag.py:4180} INFO - Setting next_dagrun for dataset_with_extra_by_yield to 2024-12-03 00:00:00+00:00, run_after=2024-12-04 00:00:00+00:00
[2024-12-04T17:18:39.176+0000] {logging_mixin.py:190} INFO - [2024-12-04T17:18:39.176+0000] {dag.py:4180} INFO - Setting next_dagrun for dataset_with_extra_from_classic_operator to 2024-12-03 00:00:00+00:00, run_after=2024-12-04 00:00:00+00:00
[2024-12-04T17:18:39.187+0000] {processor.py:208} INFO - Processing /home/airflow/.local/lib/python3.12/site-packages/airflow/example_dags/example_outlet_event_extra.py took 0.568 seconds
[2024-12-04T17:19:09.432+0000] {processor.py:186} INFO - Started process (PID=925) to work on /home/airflow/.local/lib/python3.12/site-packages/airflow/example_dags/example_outlet_event_extra.py
[2024-12-04T17:19:09.433+0000] {processor.py:914} INFO - Processing file /home/airflow/.local/lib/python3.12/site-packages/airflow/example_dags/example_outlet_event_extra.py for tasks to queue
[2024-12-04T17:19:09.435+0000] {logging_mixin.py:190} INFO - [2024-12-04T17:19:09.434+0000] {dagbag.py:588} INFO - Filling up the DagBag from /home/airflow/.local/lib/python3.12/site-packages/airflow/example_dags/example_outlet_event_extra.py
[2024-12-04T17:19:09.749+0000] {processor.py:925} INFO - DAG(s) 'dataset_with_extra_by_yield', 'dataset_with_extra_from_classic_operator', 'dataset_with_extra_by_context' retrieved from /home/airflow/.local/lib/python3.12/site-packages/airflow/example_dags/example_outlet_event_extra.py
[2024-12-04T17:19:09.761+0000] {logging_mixin.py:190} INFO - [2024-12-04T17:19:09.761+0000] {dag.py:3239} INFO - Sync 3 DAGs
[2024-12-04T17:19:09.772+0000] {logging_mixin.py:190} INFO - [2024-12-04T17:19:09.771+0000] {dag.py:4180} INFO - Setting next_dagrun for dataset_with_extra_by_context to 2024-12-03 00:00:00+00:00, run_after=2024-12-04 00:00:00+00:00
[2024-12-04T17:19:09.775+0000] {logging_mixin.py:190} INFO - [2024-12-04T17:19:09.775+0000] {dag.py:4180} INFO - Setting next_dagrun for dataset_with_extra_by_yield to 2024-12-03 00:00:00+00:00, run_after=2024-12-04 00:00:00+00:00
[2024-12-04T17:19:09.776+0000] {logging_mixin.py:190} INFO - [2024-12-04T17:19:09.776+0000] {dag.py:4180} INFO - Setting next_dagrun for dataset_with_extra_from_classic_operator to 2024-12-03 00:00:00+00:00, run_after=2024-12-04 00:00:00+00:00
[2024-12-04T17:19:09.787+0000] {processor.py:208} INFO - Processing /home/airflow/.local/lib/python3.12/site-packages/airflow/example_dags/example_outlet_event_extra.py took 0.359 seconds
[2024-12-04T17:19:40.892+0000] {processor.py:186} INFO - Started process (PID=988) to work on /home/airflow/.local/lib/python3.12/site-packages/airflow/example_dags/example_outlet_event_extra.py
[2024-12-04T17:19:40.893+0000] {processor.py:914} INFO - Processing file /home/airflow/.local/lib/python3.12/site-packages/airflow/example_dags/example_outlet_event_extra.py for tasks to queue
[2024-12-04T17:19:40.894+0000] {logging_mixin.py:190} INFO - [2024-12-04T17:19:40.894+0000] {dagbag.py:588} INFO - Filling up the DagBag from /home/airflow/.local/lib/python3.12/site-packages/airflow/example_dags/example_outlet_event_extra.py
[2024-12-04T17:19:41.191+0000] {processor.py:925} INFO - DAG(s) 'dataset_with_extra_by_yield', 'dataset_with_extra_from_classic_operator', 'dataset_with_extra_by_context' retrieved from /home/airflow/.local/lib/python3.12/site-packages/airflow/example_dags/example_outlet_event_extra.py
[2024-12-04T17:19:41.203+0000] {logging_mixin.py:190} INFO - [2024-12-04T17:19:41.202+0000] {dag.py:3239} INFO - Sync 3 DAGs
[2024-12-04T17:19:41.214+0000] {logging_mixin.py:190} INFO - [2024-12-04T17:19:41.213+0000] {dag.py:4180} INFO - Setting next_dagrun for dataset_with_extra_by_context to 2024-12-03 00:00:00+00:00, run_after=2024-12-04 00:00:00+00:00
[2024-12-04T17:19:41.216+0000] {logging_mixin.py:190} INFO - [2024-12-04T17:19:41.216+0000] {dag.py:4180} INFO - Setting next_dagrun for dataset_with_extra_by_yield to 2024-12-03 00:00:00+00:00, run_after=2024-12-04 00:00:00+00:00
[2024-12-04T17:19:41.219+0000] {logging_mixin.py:190} INFO - [2024-12-04T17:19:41.219+0000] {dag.py:4180} INFO - Setting next_dagrun for dataset_with_extra_from_classic_operator to 2024-12-03 00:00:00+00:00, run_after=2024-12-04 00:00:00+00:00
[2024-12-04T17:19:41.234+0000] {processor.py:208} INFO - Processing /home/airflow/.local/lib/python3.12/site-packages/airflow/example_dags/example_outlet_event_extra.py took 0.345 seconds
[2024-12-04T17:20:12.281+0000] {processor.py:186} INFO - Started process (PID=1051) to work on /home/airflow/.local/lib/python3.12/site-packages/airflow/example_dags/example_outlet_event_extra.py
[2024-12-04T17:20:12.282+0000] {processor.py:914} INFO - Processing file /home/airflow/.local/lib/python3.12/site-packages/airflow/example_dags/example_outlet_event_extra.py for tasks to queue
[2024-12-04T17:20:12.284+0000] {logging_mixin.py:190} INFO - [2024-12-04T17:20:12.283+0000] {dagbag.py:588} INFO - Filling up the DagBag from /home/airflow/.local/lib/python3.12/site-packages/airflow/example_dags/example_outlet_event_extra.py
[2024-12-04T17:20:12.662+0000] {processor.py:925} INFO - DAG(s) 'dataset_with_extra_by_yield', 'dataset_with_extra_by_context', 'dataset_with_extra_from_classic_operator' retrieved from /home/airflow/.local/lib/python3.12/site-packages/airflow/example_dags/example_outlet_event_extra.py
[2024-12-04T17:20:12.680+0000] {logging_mixin.py:190} INFO - [2024-12-04T17:20:12.680+0000] {dag.py:3239} INFO - Sync 3 DAGs
[2024-12-04T17:20:12.692+0000] {logging_mixin.py:190} INFO - [2024-12-04T17:20:12.692+0000] {dag.py:4180} INFO - Setting next_dagrun for dataset_with_extra_by_context to 2024-12-03 00:00:00+00:00, run_after=2024-12-04 00:00:00+00:00
[2024-12-04T17:20:12.694+0000] {logging_mixin.py:190} INFO - [2024-12-04T17:20:12.694+0000] {dag.py:4180} INFO - Setting next_dagrun for dataset_with_extra_by_yield to 2024-12-03 00:00:00+00:00, run_after=2024-12-04 00:00:00+00:00
[2024-12-04T17:20:12.696+0000] {logging_mixin.py:190} INFO - [2024-12-04T17:20:12.696+0000] {dag.py:4180} INFO - Setting next_dagrun for dataset_with_extra_from_classic_operator to 2024-12-03 00:00:00+00:00, run_after=2024-12-04 00:00:00+00:00
[2024-12-04T17:20:12.705+0000] {processor.py:208} INFO - Processing /home/airflow/.local/lib/python3.12/site-packages/airflow/example_dags/example_outlet_event_extra.py took 0.431 seconds
[2024-12-04T17:20:43.631+0000] {processor.py:186} INFO - Started process (PID=1114) to work on /home/airflow/.local/lib/python3.12/site-packages/airflow/example_dags/example_outlet_event_extra.py
[2024-12-04T17:20:43.632+0000] {processor.py:914} INFO - Processing file /home/airflow/.local/lib/python3.12/site-packages/airflow/example_dags/example_outlet_event_extra.py for tasks to queue
[2024-12-04T17:20:43.634+0000] {logging_mixin.py:190} INFO - [2024-12-04T17:20:43.634+0000] {dagbag.py:588} INFO - Filling up the DagBag from /home/airflow/.local/lib/python3.12/site-packages/airflow/example_dags/example_outlet_event_extra.py
[2024-12-04T17:20:43.978+0000] {processor.py:925} INFO - DAG(s) 'dataset_with_extra_by_context', 'dataset_with_extra_by_yield', 'dataset_with_extra_from_classic_operator' retrieved from /home/airflow/.local/lib/python3.12/site-packages/airflow/example_dags/example_outlet_event_extra.py
[2024-12-04T17:20:43.994+0000] {logging_mixin.py:190} INFO - [2024-12-04T17:20:43.993+0000] {dag.py:3239} INFO - Sync 3 DAGs
[2024-12-04T17:20:44.012+0000] {logging_mixin.py:190} INFO - [2024-12-04T17:20:44.012+0000] {dag.py:4180} INFO - Setting next_dagrun for dataset_with_extra_by_context to 2024-12-03 00:00:00+00:00, run_after=2024-12-04 00:00:00+00:00
[2024-12-04T17:20:44.016+0000] {logging_mixin.py:190} INFO - [2024-12-04T17:20:44.015+0000] {dag.py:4180} INFO - Setting next_dagrun for dataset_with_extra_by_yield to 2024-12-03 00:00:00+00:00, run_after=2024-12-04 00:00:00+00:00
[2024-12-04T17:20:44.017+0000] {logging_mixin.py:190} INFO - [2024-12-04T17:20:44.017+0000] {dag.py:4180} INFO - Setting next_dagrun for dataset_with_extra_from_classic_operator to 2024-12-03 00:00:00+00:00, run_after=2024-12-04 00:00:00+00:00
[2024-12-04T17:20:44.028+0000] {processor.py:208} INFO - Processing /home/airflow/.local/lib/python3.12/site-packages/airflow/example_dags/example_outlet_event_extra.py took 0.402 seconds
[2024-12-04T17:21:16.090+0000] {processor.py:186} INFO - Started process (PID=1177) to work on /home/airflow/.local/lib/python3.12/site-packages/airflow/example_dags/example_outlet_event_extra.py
[2024-12-04T17:21:16.092+0000] {processor.py:914} INFO - Processing file /home/airflow/.local/lib/python3.12/site-packages/airflow/example_dags/example_outlet_event_extra.py for tasks to queue
[2024-12-04T17:21:16.096+0000] {logging_mixin.py:190} INFO - [2024-12-04T17:21:16.095+0000] {dagbag.py:588} INFO - Filling up the DagBag from /home/airflow/.local/lib/python3.12/site-packages/airflow/example_dags/example_outlet_event_extra.py
[2024-12-04T17:21:17.446+0000] {processor.py:925} INFO - DAG(s) 'dataset_with_extra_by_yield', 'dataset_with_extra_from_classic_operator', 'dataset_with_extra_by_context' retrieved from /home/airflow/.local/lib/python3.12/site-packages/airflow/example_dags/example_outlet_event_extra.py
[2024-12-04T17:21:17.489+0000] {logging_mixin.py:190} INFO - [2024-12-04T17:21:17.489+0000] {dag.py:3239} INFO - Sync 3 DAGs
[2024-12-04T17:21:17.514+0000] {logging_mixin.py:190} INFO - [2024-12-04T17:21:17.514+0000] {dag.py:4180} INFO - Setting next_dagrun for dataset_with_extra_by_context to 2024-12-03 00:00:00+00:00, run_after=2024-12-04 00:00:00+00:00
[2024-12-04T17:21:17.518+0000] {logging_mixin.py:190} INFO - [2024-12-04T17:21:17.518+0000] {dag.py:4180} INFO - Setting next_dagrun for dataset_with_extra_by_yield to 2024-12-03 00:00:00+00:00, run_after=2024-12-04 00:00:00+00:00
[2024-12-04T17:21:17.520+0000] {logging_mixin.py:190} INFO - [2024-12-04T17:21:17.519+0000] {dag.py:4180} INFO - Setting next_dagrun for dataset_with_extra_from_classic_operator to 2024-12-03 00:00:00+00:00, run_after=2024-12-04 00:00:00+00:00
[2024-12-04T17:21:17.537+0000] {processor.py:208} INFO - Processing /home/airflow/.local/lib/python3.12/site-packages/airflow/example_dags/example_outlet_event_extra.py took 1.462 seconds
[2024-12-04T17:21:47.686+0000] {processor.py:186} INFO - Started process (PID=1241) to work on /home/airflow/.local/lib/python3.12/site-packages/airflow/example_dags/example_outlet_event_extra.py
[2024-12-04T17:21:47.686+0000] {processor.py:914} INFO - Processing file /home/airflow/.local/lib/python3.12/site-packages/airflow/example_dags/example_outlet_event_extra.py for tasks to queue
[2024-12-04T17:21:47.688+0000] {logging_mixin.py:190} INFO - [2024-12-04T17:21:47.688+0000] {dagbag.py:588} INFO - Filling up the DagBag from /home/airflow/.local/lib/python3.12/site-packages/airflow/example_dags/example_outlet_event_extra.py
[2024-12-04T17:21:48.820+0000] {processor.py:925} INFO - DAG(s) 'dataset_with_extra_by_yield', 'dataset_with_extra_from_classic_operator', 'dataset_with_extra_by_context' retrieved from /home/airflow/.local/lib/python3.12/site-packages/airflow/example_dags/example_outlet_event_extra.py
[2024-12-04T17:21:48.890+0000] {logging_mixin.py:190} INFO - [2024-12-04T17:21:48.890+0000] {dag.py:3239} INFO - Sync 3 DAGs
[2024-12-04T17:21:48.928+0000] {logging_mixin.py:190} INFO - [2024-12-04T17:21:48.927+0000] {dag.py:4180} INFO - Setting next_dagrun for dataset_with_extra_by_context to 2024-12-03 00:00:00+00:00, run_after=2024-12-04 00:00:00+00:00
[2024-12-04T17:21:48.934+0000] {logging_mixin.py:190} INFO - [2024-12-04T17:21:48.934+0000] {dag.py:4180} INFO - Setting next_dagrun for dataset_with_extra_by_yield to 2024-12-03 00:00:00+00:00, run_after=2024-12-04 00:00:00+00:00
[2024-12-04T17:21:48.936+0000] {logging_mixin.py:190} INFO - [2024-12-04T17:21:48.936+0000] {dag.py:4180} INFO - Setting next_dagrun for dataset_with_extra_from_classic_operator to 2024-12-03 00:00:00+00:00, run_after=2024-12-04 00:00:00+00:00
[2024-12-04T17:21:48.949+0000] {processor.py:208} INFO - Processing /home/airflow/.local/lib/python3.12/site-packages/airflow/example_dags/example_outlet_event_extra.py took 1.270 seconds
[2024-12-04T17:22:19.872+0000] {processor.py:186} INFO - Started process (PID=1304) to work on /home/airflow/.local/lib/python3.12/site-packages/airflow/example_dags/example_outlet_event_extra.py
[2024-12-04T17:22:19.879+0000] {processor.py:914} INFO - Processing file /home/airflow/.local/lib/python3.12/site-packages/airflow/example_dags/example_outlet_event_extra.py for tasks to queue
[2024-12-04T17:22:19.885+0000] {logging_mixin.py:190} INFO - [2024-12-04T17:22:19.884+0000] {dagbag.py:588} INFO - Filling up the DagBag from /home/airflow/.local/lib/python3.12/site-packages/airflow/example_dags/example_outlet_event_extra.py
[2024-12-04T17:22:20.633+0000] {processor.py:925} INFO - DAG(s) 'dataset_with_extra_by_yield', 'dataset_with_extra_from_classic_operator', 'dataset_with_extra_by_context' retrieved from /home/airflow/.local/lib/python3.12/site-packages/airflow/example_dags/example_outlet_event_extra.py
[2024-12-04T17:22:20.658+0000] {logging_mixin.py:190} INFO - [2024-12-04T17:22:20.658+0000] {dag.py:3239} INFO - Sync 3 DAGs
[2024-12-04T17:22:20.678+0000] {logging_mixin.py:190} INFO - [2024-12-04T17:22:20.678+0000] {dag.py:4180} INFO - Setting next_dagrun for dataset_with_extra_by_context to 2024-12-03 00:00:00+00:00, run_after=2024-12-04 00:00:00+00:00
[2024-12-04T17:22:20.680+0000] {logging_mixin.py:190} INFO - [2024-12-04T17:22:20.680+0000] {dag.py:4180} INFO - Setting next_dagrun for dataset_with_extra_by_yield to 2024-12-03 00:00:00+00:00, run_after=2024-12-04 00:00:00+00:00
[2024-12-04T17:22:20.683+0000] {logging_mixin.py:190} INFO - [2024-12-04T17:22:20.683+0000] {dag.py:4180} INFO - Setting next_dagrun for dataset_with_extra_from_classic_operator to 2024-12-03 00:00:00+00:00, run_after=2024-12-04 00:00:00+00:00
[2024-12-04T17:22:20.704+0000] {processor.py:208} INFO - Processing /home/airflow/.local/lib/python3.12/site-packages/airflow/example_dags/example_outlet_event_extra.py took 0.864 seconds
[2024-12-04T17:23:03.843+0000] {processor.py:186} INFO - Started process (PID=1372) to work on /home/airflow/.local/lib/python3.12/site-packages/airflow/example_dags/example_outlet_event_extra.py
[2024-12-04T17:23:03.858+0000] {processor.py:914} INFO - Processing file /home/airflow/.local/lib/python3.12/site-packages/airflow/example_dags/example_outlet_event_extra.py for tasks to queue
[2024-12-04T17:23:03.914+0000] {logging_mixin.py:190} INFO - [2024-12-04T17:23:03.911+0000] {dagbag.py:588} INFO - Filling up the DagBag from /home/airflow/.local/lib/python3.12/site-packages/airflow/example_dags/example_outlet_event_extra.py
[2024-12-04T17:23:11.113+0000] {processor.py:925} INFO - DAG(s) 'dataset_with_extra_from_classic_operator', 'dataset_with_extra_by_context', 'dataset_with_extra_by_yield' retrieved from /home/airflow/.local/lib/python3.12/site-packages/airflow/example_dags/example_outlet_event_extra.py
[2024-12-04T17:23:11.340+0000] {logging_mixin.py:190} INFO - [2024-12-04T17:23:11.335+0000] {dag.py:3239} INFO - Sync 3 DAGs
[2024-12-04T17:23:11.583+0000] {logging_mixin.py:190} INFO - [2024-12-04T17:23:11.578+0000] {dag.py:4180} INFO - Setting next_dagrun for dataset_with_extra_by_context to 2024-12-03 00:00:00+00:00, run_after=2024-12-04 00:00:00+00:00
[2024-12-04T17:23:11.600+0000] {logging_mixin.py:190} INFO - [2024-12-04T17:23:11.600+0000] {dag.py:4180} INFO - Setting next_dagrun for dataset_with_extra_by_yield to 2024-12-03 00:00:00+00:00, run_after=2024-12-04 00:00:00+00:00
[2024-12-04T17:23:11.607+0000] {logging_mixin.py:190} INFO - [2024-12-04T17:23:11.606+0000] {dag.py:4180} INFO - Setting next_dagrun for dataset_with_extra_from_classic_operator to 2024-12-03 00:00:00+00:00, run_after=2024-12-04 00:00:00+00:00
[2024-12-04T17:23:11.733+0000] {processor.py:208} INFO - Processing /home/airflow/.local/lib/python3.12/site-packages/airflow/example_dags/example_outlet_event_extra.py took 7.938 seconds
[2024-12-04T17:23:42.631+0000] {processor.py:186} INFO - Started process (PID=1436) to work on /home/airflow/.local/lib/python3.12/site-packages/airflow/example_dags/example_outlet_event_extra.py
[2024-12-04T17:23:42.635+0000] {processor.py:914} INFO - Processing file /home/airflow/.local/lib/python3.12/site-packages/airflow/example_dags/example_outlet_event_extra.py for tasks to queue
[2024-12-04T17:23:42.646+0000] {logging_mixin.py:190} INFO - [2024-12-04T17:23:42.645+0000] {dagbag.py:588} INFO - Filling up the DagBag from /home/airflow/.local/lib/python3.12/site-packages/airflow/example_dags/example_outlet_event_extra.py
[2024-12-04T17:23:43.892+0000] {processor.py:925} INFO - DAG(s) 'dataset_with_extra_from_classic_operator', 'dataset_with_extra_by_yield', 'dataset_with_extra_by_context' retrieved from /home/airflow/.local/lib/python3.12/site-packages/airflow/example_dags/example_outlet_event_extra.py
[2024-12-04T17:23:43.960+0000] {logging_mixin.py:190} INFO - [2024-12-04T17:23:43.960+0000] {dag.py:3239} INFO - Sync 3 DAGs
[2024-12-04T17:23:43.981+0000] {logging_mixin.py:190} INFO - [2024-12-04T17:23:43.981+0000] {dag.py:4180} INFO - Setting next_dagrun for dataset_with_extra_by_context to 2024-12-03 00:00:00+00:00, run_after=2024-12-04 00:00:00+00:00
[2024-12-04T17:23:43.986+0000] {logging_mixin.py:190} INFO - [2024-12-04T17:23:43.985+0000] {dag.py:4180} INFO - Setting next_dagrun for dataset_with_extra_by_yield to 2024-12-03 00:00:00+00:00, run_after=2024-12-04 00:00:00+00:00
[2024-12-04T17:23:43.987+0000] {logging_mixin.py:190} INFO - [2024-12-04T17:23:43.987+0000] {dag.py:4180} INFO - Setting next_dagrun for dataset_with_extra_from_classic_operator to 2024-12-03 00:00:00+00:00, run_after=2024-12-04 00:00:00+00:00
[2024-12-04T17:23:44.032+0000] {processor.py:208} INFO - Processing /home/airflow/.local/lib/python3.12/site-packages/airflow/example_dags/example_outlet_event_extra.py took 1.428 seconds
[2024-12-04T17:24:14.359+0000] {processor.py:186} INFO - Started process (PID=1499) to work on /home/airflow/.local/lib/python3.12/site-packages/airflow/example_dags/example_outlet_event_extra.py
[2024-12-04T17:24:14.364+0000] {processor.py:914} INFO - Processing file /home/airflow/.local/lib/python3.12/site-packages/airflow/example_dags/example_outlet_event_extra.py for tasks to queue
[2024-12-04T17:24:14.382+0000] {logging_mixin.py:190} INFO - [2024-12-04T17:24:14.381+0000] {dagbag.py:588} INFO - Filling up the DagBag from /home/airflow/.local/lib/python3.12/site-packages/airflow/example_dags/example_outlet_event_extra.py
[2024-12-04T17:24:15.772+0000] {processor.py:925} INFO - DAG(s) 'dataset_with_extra_by_context', 'dataset_with_extra_from_classic_operator', 'dataset_with_extra_by_yield' retrieved from /home/airflow/.local/lib/python3.12/site-packages/airflow/example_dags/example_outlet_event_extra.py
[2024-12-04T17:24:15.902+0000] {logging_mixin.py:190} INFO - [2024-12-04T17:24:15.901+0000] {dag.py:3239} INFO - Sync 3 DAGs
[2024-12-04T17:24:15.937+0000] {logging_mixin.py:190} INFO - [2024-12-04T17:24:15.936+0000] {dag.py:4180} INFO - Setting next_dagrun for dataset_with_extra_by_context to 2024-12-03 00:00:00+00:00, run_after=2024-12-04 00:00:00+00:00
[2024-12-04T17:24:15.944+0000] {logging_mixin.py:190} INFO - [2024-12-04T17:24:15.944+0000] {dag.py:4180} INFO - Setting next_dagrun for dataset_with_extra_by_yield to 2024-12-03 00:00:00+00:00, run_after=2024-12-04 00:00:00+00:00
[2024-12-04T17:24:15.951+0000] {logging_mixin.py:190} INFO - [2024-12-04T17:24:15.951+0000] {dag.py:4180} INFO - Setting next_dagrun for dataset_with_extra_from_classic_operator to 2024-12-03 00:00:00+00:00, run_after=2024-12-04 00:00:00+00:00
[2024-12-04T17:24:16.015+0000] {processor.py:208} INFO - Processing /home/airflow/.local/lib/python3.12/site-packages/airflow/example_dags/example_outlet_event_extra.py took 1.697 seconds
[2024-12-04T17:24:46.825+0000] {processor.py:186} INFO - Started process (PID=1563) to work on /home/airflow/.local/lib/python3.12/site-packages/airflow/example_dags/example_outlet_event_extra.py
[2024-12-04T17:24:46.826+0000] {processor.py:914} INFO - Processing file /home/airflow/.local/lib/python3.12/site-packages/airflow/example_dags/example_outlet_event_extra.py for tasks to queue
[2024-12-04T17:24:46.828+0000] {logging_mixin.py:190} INFO - [2024-12-04T17:24:46.828+0000] {dagbag.py:588} INFO - Filling up the DagBag from /home/airflow/.local/lib/python3.12/site-packages/airflow/example_dags/example_outlet_event_extra.py
[2024-12-04T17:24:47.417+0000] {processor.py:925} INFO - DAG(s) 'dataset_with_extra_from_classic_operator', 'dataset_with_extra_by_context', 'dataset_with_extra_by_yield' retrieved from /home/airflow/.local/lib/python3.12/site-packages/airflow/example_dags/example_outlet_event_extra.py
[2024-12-04T17:24:47.429+0000] {logging_mixin.py:190} INFO - [2024-12-04T17:24:47.429+0000] {dag.py:3239} INFO - Sync 3 DAGs
[2024-12-04T17:24:47.441+0000] {logging_mixin.py:190} INFO - [2024-12-04T17:24:47.441+0000] {dag.py:4180} INFO - Setting next_dagrun for dataset_with_extra_by_context to 2024-12-03 00:00:00+00:00, run_after=2024-12-04 00:00:00+00:00
[2024-12-04T17:24:47.444+0000] {logging_mixin.py:190} INFO - [2024-12-04T17:24:47.444+0000] {dag.py:4180} INFO - Setting next_dagrun for dataset_with_extra_by_yield to 2024-12-03 00:00:00+00:00, run_after=2024-12-04 00:00:00+00:00
[2024-12-04T17:24:47.445+0000] {logging_mixin.py:190} INFO - [2024-12-04T17:24:47.445+0000] {dag.py:4180} INFO - Setting next_dagrun for dataset_with_extra_from_classic_operator to 2024-12-03 00:00:00+00:00, run_after=2024-12-04 00:00:00+00:00
[2024-12-04T17:24:47.454+0000] {processor.py:208} INFO - Processing /home/airflow/.local/lib/python3.12/site-packages/airflow/example_dags/example_outlet_event_extra.py took 0.636 seconds
[2024-12-04T17:25:18.449+0000] {processor.py:186} INFO - Started process (PID=1630) to work on /home/airflow/.local/lib/python3.12/site-packages/airflow/example_dags/example_outlet_event_extra.py
[2024-12-04T17:25:18.450+0000] {processor.py:914} INFO - Processing file /home/airflow/.local/lib/python3.12/site-packages/airflow/example_dags/example_outlet_event_extra.py for tasks to queue
[2024-12-04T17:25:18.451+0000] {logging_mixin.py:190} INFO - [2024-12-04T17:25:18.451+0000] {dagbag.py:588} INFO - Filling up the DagBag from /home/airflow/.local/lib/python3.12/site-packages/airflow/example_dags/example_outlet_event_extra.py
[2024-12-04T17:25:18.835+0000] {processor.py:925} INFO - DAG(s) 'dataset_with_extra_from_classic_operator', 'dataset_with_extra_by_yield', 'dataset_with_extra_by_context' retrieved from /home/airflow/.local/lib/python3.12/site-packages/airflow/example_dags/example_outlet_event_extra.py
[2024-12-04T17:25:18.850+0000] {logging_mixin.py:190} INFO - [2024-12-04T17:25:18.850+0000] {dag.py:3239} INFO - Sync 3 DAGs
[2024-12-04T17:25:18.877+0000] {logging_mixin.py:190} INFO - [2024-12-04T17:25:18.877+0000] {dag.py:4180} INFO - Setting next_dagrun for dataset_with_extra_by_context to 2024-12-03 00:00:00+00:00, run_after=2024-12-04 00:00:00+00:00
[2024-12-04T17:25:18.879+0000] {logging_mixin.py:190} INFO - [2024-12-04T17:25:18.879+0000] {dag.py:4180} INFO - Setting next_dagrun for dataset_with_extra_by_yield to 2024-12-03 00:00:00+00:00, run_after=2024-12-04 00:00:00+00:00
[2024-12-04T17:25:18.880+0000] {logging_mixin.py:190} INFO - [2024-12-04T17:25:18.880+0000] {dag.py:4180} INFO - Setting next_dagrun for dataset_with_extra_from_classic_operator to 2024-12-03 00:00:00+00:00, run_after=2024-12-04 00:00:00+00:00
[2024-12-04T17:25:18.891+0000] {processor.py:208} INFO - Processing /home/airflow/.local/lib/python3.12/site-packages/airflow/example_dags/example_outlet_event_extra.py took 0.445 seconds
[2024-12-04T17:25:48.958+0000] {processor.py:186} INFO - Started process (PID=1693) to work on /home/airflow/.local/lib/python3.12/site-packages/airflow/example_dags/example_outlet_event_extra.py
[2024-12-04T17:25:48.959+0000] {processor.py:914} INFO - Processing file /home/airflow/.local/lib/python3.12/site-packages/airflow/example_dags/example_outlet_event_extra.py for tasks to queue
[2024-12-04T17:25:48.960+0000] {logging_mixin.py:190} INFO - [2024-12-04T17:25:48.960+0000] {dagbag.py:588} INFO - Filling up the DagBag from /home/airflow/.local/lib/python3.12/site-packages/airflow/example_dags/example_outlet_event_extra.py
[2024-12-04T17:25:49.307+0000] {processor.py:925} INFO - DAG(s) 'dataset_with_extra_from_classic_operator', 'dataset_with_extra_by_yield', 'dataset_with_extra_by_context' retrieved from /home/airflow/.local/lib/python3.12/site-packages/airflow/example_dags/example_outlet_event_extra.py
[2024-12-04T17:25:49.318+0000] {logging_mixin.py:190} INFO - [2024-12-04T17:25:49.318+0000] {dag.py:3239} INFO - Sync 3 DAGs
[2024-12-04T17:25:49.329+0000] {logging_mixin.py:190} INFO - [2024-12-04T17:25:49.329+0000] {dag.py:4180} INFO - Setting next_dagrun for dataset_with_extra_by_context to 2024-12-03 00:00:00+00:00, run_after=2024-12-04 00:00:00+00:00
[2024-12-04T17:25:49.331+0000] {logging_mixin.py:190} INFO - [2024-12-04T17:25:49.331+0000] {dag.py:4180} INFO - Setting next_dagrun for dataset_with_extra_by_yield to 2024-12-03 00:00:00+00:00, run_after=2024-12-04 00:00:00+00:00
[2024-12-04T17:25:49.332+0000] {logging_mixin.py:190} INFO - [2024-12-04T17:25:49.332+0000] {dag.py:4180} INFO - Setting next_dagrun for dataset_with_extra_from_classic_operator to 2024-12-03 00:00:00+00:00, run_after=2024-12-04 00:00:00+00:00
[2024-12-04T17:25:49.339+0000] {processor.py:208} INFO - Processing /home/airflow/.local/lib/python3.12/site-packages/airflow/example_dags/example_outlet_event_extra.py took 0.385 seconds
[2024-12-04T17:26:19.996+0000] {processor.py:186} INFO - Started process (PID=1756) to work on /home/airflow/.local/lib/python3.12/site-packages/airflow/example_dags/example_outlet_event_extra.py
[2024-12-04T17:26:19.999+0000] {processor.py:914} INFO - Processing file /home/airflow/.local/lib/python3.12/site-packages/airflow/example_dags/example_outlet_event_extra.py for tasks to queue
[2024-12-04T17:26:20.003+0000] {logging_mixin.py:190} INFO - [2024-12-04T17:26:20.003+0000] {dagbag.py:588} INFO - Filling up the DagBag from /home/airflow/.local/lib/python3.12/site-packages/airflow/example_dags/example_outlet_event_extra.py
[2024-12-04T17:26:21.302+0000] {processor.py:925} INFO - DAG(s) 'dataset_with_extra_by_context', 'dataset_with_extra_from_classic_operator', 'dataset_with_extra_by_yield' retrieved from /home/airflow/.local/lib/python3.12/site-packages/airflow/example_dags/example_outlet_event_extra.py
[2024-12-04T17:26:21.358+0000] {logging_mixin.py:190} INFO - [2024-12-04T17:26:21.357+0000] {dag.py:3239} INFO - Sync 3 DAGs
[2024-12-04T17:26:21.435+0000] {logging_mixin.py:190} INFO - [2024-12-04T17:26:21.435+0000] {dag.py:4180} INFO - Setting next_dagrun for dataset_with_extra_by_context to 2024-12-03 00:00:00+00:00, run_after=2024-12-04 00:00:00+00:00
[2024-12-04T17:26:21.442+0000] {logging_mixin.py:190} INFO - [2024-12-04T17:26:21.442+0000] {dag.py:4180} INFO - Setting next_dagrun for dataset_with_extra_by_yield to 2024-12-03 00:00:00+00:00, run_after=2024-12-04 00:00:00+00:00
[2024-12-04T17:26:21.445+0000] {logging_mixin.py:190} INFO - [2024-12-04T17:26:21.444+0000] {dag.py:4180} INFO - Setting next_dagrun for dataset_with_extra_from_classic_operator to 2024-12-03 00:00:00+00:00, run_after=2024-12-04 00:00:00+00:00
[2024-12-04T17:26:21.479+0000] {processor.py:208} INFO - Processing /home/airflow/.local/lib/python3.12/site-packages/airflow/example_dags/example_outlet_event_extra.py took 1.502 seconds
[2024-12-04T17:26:52.257+0000] {processor.py:186} INFO - Started process (PID=1824) to work on /home/airflow/.local/lib/python3.12/site-packages/airflow/example_dags/example_outlet_event_extra.py
[2024-12-04T17:26:52.259+0000] {processor.py:914} INFO - Processing file /home/airflow/.local/lib/python3.12/site-packages/airflow/example_dags/example_outlet_event_extra.py for tasks to queue
[2024-12-04T17:26:52.262+0000] {logging_mixin.py:190} INFO - [2024-12-04T17:26:52.261+0000] {dagbag.py:588} INFO - Filling up the DagBag from /home/airflow/.local/lib/python3.12/site-packages/airflow/example_dags/example_outlet_event_extra.py
[2024-12-04T17:26:54.833+0000] {processor.py:925} INFO - DAG(s) 'dataset_with_extra_by_context', 'dataset_with_extra_by_yield', 'dataset_with_extra_from_classic_operator' retrieved from /home/airflow/.local/lib/python3.12/site-packages/airflow/example_dags/example_outlet_event_extra.py
[2024-12-04T17:26:54.915+0000] {logging_mixin.py:190} INFO - [2024-12-04T17:26:54.914+0000] {dag.py:3239} INFO - Sync 3 DAGs
[2024-12-04T17:26:54.981+0000] {logging_mixin.py:190} INFO - [2024-12-04T17:26:54.981+0000] {dag.py:4180} INFO - Setting next_dagrun for dataset_with_extra_by_context to 2024-12-03 00:00:00+00:00, run_after=2024-12-04 00:00:00+00:00
[2024-12-04T17:26:54.988+0000] {logging_mixin.py:190} INFO - [2024-12-04T17:26:54.988+0000] {dag.py:4180} INFO - Setting next_dagrun for dataset_with_extra_by_yield to 2024-12-03 00:00:00+00:00, run_after=2024-12-04 00:00:00+00:00
[2024-12-04T17:26:54.991+0000] {logging_mixin.py:190} INFO - [2024-12-04T17:26:54.990+0000] {dag.py:4180} INFO - Setting next_dagrun for dataset_with_extra_from_classic_operator to 2024-12-03 00:00:00+00:00, run_after=2024-12-04 00:00:00+00:00
[2024-12-04T17:26:55.015+0000] {processor.py:208} INFO - Processing /home/airflow/.local/lib/python3.12/site-packages/airflow/example_dags/example_outlet_event_extra.py took 2.780 seconds
[2024-12-04T17:27:25.912+0000] {processor.py:186} INFO - Started process (PID=1894) to work on /home/airflow/.local/lib/python3.12/site-packages/airflow/example_dags/example_outlet_event_extra.py
[2024-12-04T17:27:25.917+0000] {processor.py:914} INFO - Processing file /home/airflow/.local/lib/python3.12/site-packages/airflow/example_dags/example_outlet_event_extra.py for tasks to queue
[2024-12-04T17:27:25.922+0000] {logging_mixin.py:190} INFO - [2024-12-04T17:27:25.922+0000] {dagbag.py:588} INFO - Filling up the DagBag from /home/airflow/.local/lib/python3.12/site-packages/airflow/example_dags/example_outlet_event_extra.py
[2024-12-04T17:27:28.671+0000] {processor.py:925} INFO - DAG(s) 'dataset_with_extra_by_yield', 'dataset_with_extra_from_classic_operator', 'dataset_with_extra_by_context' retrieved from /home/airflow/.local/lib/python3.12/site-packages/airflow/example_dags/example_outlet_event_extra.py
[2024-12-04T17:27:28.735+0000] {logging_mixin.py:190} INFO - [2024-12-04T17:27:28.734+0000] {dag.py:3239} INFO - Sync 3 DAGs
[2024-12-04T17:27:28.775+0000] {logging_mixin.py:190} INFO - [2024-12-04T17:27:28.775+0000] {dag.py:4180} INFO - Setting next_dagrun for dataset_with_extra_by_context to 2024-12-03 00:00:00+00:00, run_after=2024-12-04 00:00:00+00:00
[2024-12-04T17:27:28.782+0000] {logging_mixin.py:190} INFO - [2024-12-04T17:27:28.781+0000] {dag.py:4180} INFO - Setting next_dagrun for dataset_with_extra_by_yield to 2024-12-03 00:00:00+00:00, run_after=2024-12-04 00:00:00+00:00
[2024-12-04T17:27:28.787+0000] {logging_mixin.py:190} INFO - [2024-12-04T17:27:28.787+0000] {dag.py:4180} INFO - Setting next_dagrun for dataset_with_extra_from_classic_operator to 2024-12-03 00:00:00+00:00, run_after=2024-12-04 00:00:00+00:00
[2024-12-04T17:27:28.827+0000] {processor.py:208} INFO - Processing /home/airflow/.local/lib/python3.12/site-packages/airflow/example_dags/example_outlet_event_extra.py took 2.937 seconds
[2024-12-04T17:27:59.744+0000] {processor.py:186} INFO - Started process (PID=1974) to work on /home/airflow/.local/lib/python3.12/site-packages/airflow/example_dags/example_outlet_event_extra.py
[2024-12-04T17:27:59.748+0000] {processor.py:914} INFO - Processing file /home/airflow/.local/lib/python3.12/site-packages/airflow/example_dags/example_outlet_event_extra.py for tasks to queue
[2024-12-04T17:27:59.765+0000] {logging_mixin.py:190} INFO - [2024-12-04T17:27:59.763+0000] {dagbag.py:588} INFO - Filling up the DagBag from /home/airflow/.local/lib/python3.12/site-packages/airflow/example_dags/example_outlet_event_extra.py
[2024-12-04T17:28:04.443+0000] {processor.py:925} INFO - DAG(s) 'dataset_with_extra_by_yield', 'dataset_with_extra_by_context', 'dataset_with_extra_from_classic_operator' retrieved from /home/airflow/.local/lib/python3.12/site-packages/airflow/example_dags/example_outlet_event_extra.py
[2024-12-04T17:28:04.550+0000] {logging_mixin.py:190} INFO - [2024-12-04T17:28:04.550+0000] {dag.py:3239} INFO - Sync 3 DAGs
[2024-12-04T17:28:04.642+0000] {logging_mixin.py:190} INFO - [2024-12-04T17:28:04.641+0000] {dag.py:4180} INFO - Setting next_dagrun for dataset_with_extra_by_context to 2024-12-03 00:00:00+00:00, run_after=2024-12-04 00:00:00+00:00
[2024-12-04T17:28:04.657+0000] {logging_mixin.py:190} INFO - [2024-12-04T17:28:04.656+0000] {dag.py:4180} INFO - Setting next_dagrun for dataset_with_extra_by_yield to 2024-12-03 00:00:00+00:00, run_after=2024-12-04 00:00:00+00:00
[2024-12-04T17:28:04.666+0000] {logging_mixin.py:190} INFO - [2024-12-04T17:28:04.665+0000] {dag.py:4180} INFO - Setting next_dagrun for dataset_with_extra_from_classic_operator to 2024-12-03 00:00:00+00:00, run_after=2024-12-04 00:00:00+00:00
[2024-12-04T17:28:04.709+0000] {processor.py:208} INFO - Processing /home/airflow/.local/lib/python3.12/site-packages/airflow/example_dags/example_outlet_event_extra.py took 4.988 seconds
[2024-12-04T17:28:35.417+0000] {processor.py:186} INFO - Started process (PID=2037) to work on /home/airflow/.local/lib/python3.12/site-packages/airflow/example_dags/example_outlet_event_extra.py
[2024-12-04T17:28:35.421+0000] {processor.py:914} INFO - Processing file /home/airflow/.local/lib/python3.12/site-packages/airflow/example_dags/example_outlet_event_extra.py for tasks to queue
[2024-12-04T17:28:35.428+0000] {logging_mixin.py:190} INFO - [2024-12-04T17:28:35.425+0000] {dagbag.py:588} INFO - Filling up the DagBag from /home/airflow/.local/lib/python3.12/site-packages/airflow/example_dags/example_outlet_event_extra.py
[2024-12-04T17:28:38.667+0000] {processor.py:925} INFO - DAG(s) 'dataset_with_extra_by_context', 'dataset_with_extra_from_classic_operator', 'dataset_with_extra_by_yield' retrieved from /home/airflow/.local/lib/python3.12/site-packages/airflow/example_dags/example_outlet_event_extra.py
[2024-12-04T17:28:38.819+0000] {logging_mixin.py:190} INFO - [2024-12-04T17:28:38.817+0000] {dag.py:3239} INFO - Sync 3 DAGs
[2024-12-04T17:28:38.897+0000] {logging_mixin.py:190} INFO - [2024-12-04T17:28:38.896+0000] {dag.py:4180} INFO - Setting next_dagrun for dataset_with_extra_by_context to 2024-12-03 00:00:00+00:00, run_after=2024-12-04 00:00:00+00:00
[2024-12-04T17:28:38.914+0000] {logging_mixin.py:190} INFO - [2024-12-04T17:28:38.914+0000] {dag.py:4180} INFO - Setting next_dagrun for dataset_with_extra_by_yield to 2024-12-03 00:00:00+00:00, run_after=2024-12-04 00:00:00+00:00
[2024-12-04T17:28:38.925+0000] {logging_mixin.py:190} INFO - [2024-12-04T17:28:38.925+0000] {dag.py:4180} INFO - Setting next_dagrun for dataset_with_extra_from_classic_operator to 2024-12-03 00:00:00+00:00, run_after=2024-12-04 00:00:00+00:00
[2024-12-04T17:28:39.031+0000] {processor.py:208} INFO - Processing /home/airflow/.local/lib/python3.12/site-packages/airflow/example_dags/example_outlet_event_extra.py took 3.650 seconds
[2024-12-04T17:29:09.382+0000] {processor.py:186} INFO - Started process (PID=2100) to work on /home/airflow/.local/lib/python3.12/site-packages/airflow/example_dags/example_outlet_event_extra.py
[2024-12-04T17:29:09.385+0000] {processor.py:914} INFO - Processing file /home/airflow/.local/lib/python3.12/site-packages/airflow/example_dags/example_outlet_event_extra.py for tasks to queue
[2024-12-04T17:29:09.391+0000] {logging_mixin.py:190} INFO - [2024-12-04T17:29:09.390+0000] {dagbag.py:588} INFO - Filling up the DagBag from /home/airflow/.local/lib/python3.12/site-packages/airflow/example_dags/example_outlet_event_extra.py
[2024-12-04T17:29:11.197+0000] {processor.py:925} INFO - DAG(s) 'dataset_with_extra_from_classic_operator', 'dataset_with_extra_by_context', 'dataset_with_extra_by_yield' retrieved from /home/airflow/.local/lib/python3.12/site-packages/airflow/example_dags/example_outlet_event_extra.py
[2024-12-04T17:29:11.302+0000] {logging_mixin.py:190} INFO - [2024-12-04T17:29:11.301+0000] {dag.py:3239} INFO - Sync 3 DAGs
[2024-12-04T17:29:11.346+0000] {logging_mixin.py:190} INFO - [2024-12-04T17:29:11.346+0000] {dag.py:4180} INFO - Setting next_dagrun for dataset_with_extra_by_context to 2024-12-03 00:00:00+00:00, run_after=2024-12-04 00:00:00+00:00
[2024-12-04T17:29:11.355+0000] {logging_mixin.py:190} INFO - [2024-12-04T17:29:11.354+0000] {dag.py:4180} INFO - Setting next_dagrun for dataset_with_extra_by_yield to 2024-12-03 00:00:00+00:00, run_after=2024-12-04 00:00:00+00:00
[2024-12-04T17:29:11.357+0000] {logging_mixin.py:190} INFO - [2024-12-04T17:29:11.357+0000] {dag.py:4180} INFO - Setting next_dagrun for dataset_with_extra_from_classic_operator to 2024-12-03 00:00:00+00:00, run_after=2024-12-04 00:00:00+00:00
[2024-12-04T17:29:11.395+0000] {processor.py:208} INFO - Processing /home/airflow/.local/lib/python3.12/site-packages/airflow/example_dags/example_outlet_event_extra.py took 2.050 seconds
[2024-12-04T17:29:42.027+0000] {processor.py:186} INFO - Started process (PID=2163) to work on /home/airflow/.local/lib/python3.12/site-packages/airflow/example_dags/example_outlet_event_extra.py
[2024-12-04T17:29:42.036+0000] {processor.py:914} INFO - Processing file /home/airflow/.local/lib/python3.12/site-packages/airflow/example_dags/example_outlet_event_extra.py for tasks to queue
[2024-12-04T17:29:42.057+0000] {logging_mixin.py:190} INFO - [2024-12-04T17:29:42.056+0000] {dagbag.py:588} INFO - Filling up the DagBag from /home/airflow/.local/lib/python3.12/site-packages/airflow/example_dags/example_outlet_event_extra.py
[2024-12-04T17:29:43.165+0000] {processor.py:925} INFO - DAG(s) 'dataset_with_extra_by_yield', 'dataset_with_extra_by_context', 'dataset_with_extra_from_classic_operator' retrieved from /home/airflow/.local/lib/python3.12/site-packages/airflow/example_dags/example_outlet_event_extra.py
[2024-12-04T17:29:43.207+0000] {logging_mixin.py:190} INFO - [2024-12-04T17:29:43.207+0000] {dag.py:3239} INFO - Sync 3 DAGs
[2024-12-04T17:29:43.227+0000] {logging_mixin.py:190} INFO - [2024-12-04T17:29:43.227+0000] {dag.py:4180} INFO - Setting next_dagrun for dataset_with_extra_by_context to 2024-12-03 00:00:00+00:00, run_after=2024-12-04 00:00:00+00:00
[2024-12-04T17:29:43.230+0000] {logging_mixin.py:190} INFO - [2024-12-04T17:29:43.229+0000] {dag.py:4180} INFO - Setting next_dagrun for dataset_with_extra_by_yield to 2024-12-03 00:00:00+00:00, run_after=2024-12-04 00:00:00+00:00
[2024-12-04T17:29:43.232+0000] {logging_mixin.py:190} INFO - [2024-12-04T17:29:43.232+0000] {dag.py:4180} INFO - Setting next_dagrun for dataset_with_extra_from_classic_operator to 2024-12-03 00:00:00+00:00, run_after=2024-12-04 00:00:00+00:00
[2024-12-04T17:29:43.250+0000] {processor.py:208} INFO - Processing /home/airflow/.local/lib/python3.12/site-packages/airflow/example_dags/example_outlet_event_extra.py took 1.249 seconds
[2024-12-04T17:30:13.374+0000] {processor.py:186} INFO - Started process (PID=2226) to work on /home/airflow/.local/lib/python3.12/site-packages/airflow/example_dags/example_outlet_event_extra.py
[2024-12-04T17:30:13.376+0000] {processor.py:914} INFO - Processing file /home/airflow/.local/lib/python3.12/site-packages/airflow/example_dags/example_outlet_event_extra.py for tasks to queue
[2024-12-04T17:30:13.380+0000] {logging_mixin.py:190} INFO - [2024-12-04T17:30:13.380+0000] {dagbag.py:588} INFO - Filling up the DagBag from /home/airflow/.local/lib/python3.12/site-packages/airflow/example_dags/example_outlet_event_extra.py
[2024-12-04T17:30:13.760+0000] {processor.py:925} INFO - DAG(s) 'dataset_with_extra_by_yield', 'dataset_with_extra_by_context', 'dataset_with_extra_from_classic_operator' retrieved from /home/airflow/.local/lib/python3.12/site-packages/airflow/example_dags/example_outlet_event_extra.py
[2024-12-04T17:30:13.778+0000] {logging_mixin.py:190} INFO - [2024-12-04T17:30:13.778+0000] {dag.py:3239} INFO - Sync 3 DAGs
[2024-12-04T17:30:13.794+0000] {logging_mixin.py:190} INFO - [2024-12-04T17:30:13.793+0000] {dag.py:4180} INFO - Setting next_dagrun for dataset_with_extra_by_context to 2024-12-03 00:00:00+00:00, run_after=2024-12-04 00:00:00+00:00
[2024-12-04T17:30:13.796+0000] {logging_mixin.py:190} INFO - [2024-12-04T17:30:13.795+0000] {dag.py:4180} INFO - Setting next_dagrun for dataset_with_extra_by_yield to 2024-12-03 00:00:00+00:00, run_after=2024-12-04 00:00:00+00:00
[2024-12-04T17:30:13.797+0000] {logging_mixin.py:190} INFO - [2024-12-04T17:30:13.796+0000] {dag.py:4180} INFO - Setting next_dagrun for dataset_with_extra_from_classic_operator to 2024-12-03 00:00:00+00:00, run_after=2024-12-04 00:00:00+00:00
[2024-12-04T17:30:13.810+0000] {processor.py:208} INFO - Processing /home/airflow/.local/lib/python3.12/site-packages/airflow/example_dags/example_outlet_event_extra.py took 0.445 seconds
[2024-12-04T17:30:44.485+0000] {processor.py:186} INFO - Started process (PID=2289) to work on /home/airflow/.local/lib/python3.12/site-packages/airflow/example_dags/example_outlet_event_extra.py
[2024-12-04T17:30:44.487+0000] {processor.py:914} INFO - Processing file /home/airflow/.local/lib/python3.12/site-packages/airflow/example_dags/example_outlet_event_extra.py for tasks to queue
[2024-12-04T17:30:44.492+0000] {logging_mixin.py:190} INFO - [2024-12-04T17:30:44.492+0000] {dagbag.py:588} INFO - Filling up the DagBag from /home/airflow/.local/lib/python3.12/site-packages/airflow/example_dags/example_outlet_event_extra.py
[2024-12-04T17:30:45.162+0000] {processor.py:925} INFO - DAG(s) 'dataset_with_extra_from_classic_operator', 'dataset_with_extra_by_context', 'dataset_with_extra_by_yield' retrieved from /home/airflow/.local/lib/python3.12/site-packages/airflow/example_dags/example_outlet_event_extra.py
[2024-12-04T17:30:45.189+0000] {logging_mixin.py:190} INFO - [2024-12-04T17:30:45.189+0000] {dag.py:3239} INFO - Sync 3 DAGs
[2024-12-04T17:30:45.205+0000] {logging_mixin.py:190} INFO - [2024-12-04T17:30:45.204+0000] {dag.py:4180} INFO - Setting next_dagrun for dataset_with_extra_by_context to 2024-12-03 00:00:00+00:00, run_after=2024-12-04 00:00:00+00:00
[2024-12-04T17:30:45.210+0000] {logging_mixin.py:190} INFO - [2024-12-04T17:30:45.210+0000] {dag.py:4180} INFO - Setting next_dagrun for dataset_with_extra_by_yield to 2024-12-03 00:00:00+00:00, run_after=2024-12-04 00:00:00+00:00
[2024-12-04T17:30:45.212+0000] {logging_mixin.py:190} INFO - [2024-12-04T17:30:45.212+0000] {dag.py:4180} INFO - Setting next_dagrun for dataset_with_extra_from_classic_operator to 2024-12-03 00:00:00+00:00, run_after=2024-12-04 00:00:00+00:00
[2024-12-04T17:30:45.224+0000] {processor.py:208} INFO - Processing /home/airflow/.local/lib/python3.12/site-packages/airflow/example_dags/example_outlet_event_extra.py took 0.756 seconds
[2024-12-04T17:31:15.639+0000] {processor.py:186} INFO - Started process (PID=2352) to work on /home/airflow/.local/lib/python3.12/site-packages/airflow/example_dags/example_outlet_event_extra.py
[2024-12-04T17:31:15.643+0000] {processor.py:914} INFO - Processing file /home/airflow/.local/lib/python3.12/site-packages/airflow/example_dags/example_outlet_event_extra.py for tasks to queue
[2024-12-04T17:31:15.649+0000] {logging_mixin.py:190} INFO - [2024-12-04T17:31:15.649+0000] {dagbag.py:588} INFO - Filling up the DagBag from /home/airflow/.local/lib/python3.12/site-packages/airflow/example_dags/example_outlet_event_extra.py
[2024-12-04T17:31:16.275+0000] {processor.py:925} INFO - DAG(s) 'dataset_with_extra_by_context', 'dataset_with_extra_by_yield', 'dataset_with_extra_from_classic_operator' retrieved from /home/airflow/.local/lib/python3.12/site-packages/airflow/example_dags/example_outlet_event_extra.py
[2024-12-04T17:31:16.297+0000] {logging_mixin.py:190} INFO - [2024-12-04T17:31:16.297+0000] {dag.py:3239} INFO - Sync 3 DAGs
[2024-12-04T17:31:16.311+0000] {logging_mixin.py:190} INFO - [2024-12-04T17:31:16.310+0000] {dag.py:4180} INFO - Setting next_dagrun for dataset_with_extra_by_context to 2024-12-03 00:00:00+00:00, run_after=2024-12-04 00:00:00+00:00
[2024-12-04T17:31:16.314+0000] {logging_mixin.py:190} INFO - [2024-12-04T17:31:16.314+0000] {dag.py:4180} INFO - Setting next_dagrun for dataset_with_extra_by_yield to 2024-12-03 00:00:00+00:00, run_after=2024-12-04 00:00:00+00:00
[2024-12-04T17:31:16.316+0000] {logging_mixin.py:190} INFO - [2024-12-04T17:31:16.316+0000] {dag.py:4180} INFO - Setting next_dagrun for dataset_with_extra_from_classic_operator to 2024-12-03 00:00:00+00:00, run_after=2024-12-04 00:00:00+00:00
[2024-12-04T17:31:16.331+0000] {processor.py:208} INFO - Processing /home/airflow/.local/lib/python3.12/site-packages/airflow/example_dags/example_outlet_event_extra.py took 0.707 seconds
[2024-12-04T17:31:46.846+0000] {processor.py:186} INFO - Started process (PID=2415) to work on /home/airflow/.local/lib/python3.12/site-packages/airflow/example_dags/example_outlet_event_extra.py
[2024-12-04T17:31:46.850+0000] {processor.py:914} INFO - Processing file /home/airflow/.local/lib/python3.12/site-packages/airflow/example_dags/example_outlet_event_extra.py for tasks to queue
[2024-12-04T17:31:46.864+0000] {logging_mixin.py:190} INFO - [2024-12-04T17:31:46.863+0000] {dagbag.py:588} INFO - Filling up the DagBag from /home/airflow/.local/lib/python3.12/site-packages/airflow/example_dags/example_outlet_event_extra.py
[2024-12-04T17:31:47.456+0000] {processor.py:925} INFO - DAG(s) 'dataset_with_extra_from_classic_operator', 'dataset_with_extra_by_context', 'dataset_with_extra_by_yield' retrieved from /home/airflow/.local/lib/python3.12/site-packages/airflow/example_dags/example_outlet_event_extra.py
[2024-12-04T17:31:47.478+0000] {logging_mixin.py:190} INFO - [2024-12-04T17:31:47.477+0000] {dag.py:3239} INFO - Sync 3 DAGs
[2024-12-04T17:31:47.493+0000] {logging_mixin.py:190} INFO - [2024-12-04T17:31:47.493+0000] {dag.py:4180} INFO - Setting next_dagrun for dataset_with_extra_by_context to 2024-12-03 00:00:00+00:00, run_after=2024-12-04 00:00:00+00:00
[2024-12-04T17:31:47.495+0000] {logging_mixin.py:190} INFO - [2024-12-04T17:31:47.495+0000] {dag.py:4180} INFO - Setting next_dagrun for dataset_with_extra_by_yield to 2024-12-03 00:00:00+00:00, run_after=2024-12-04 00:00:00+00:00
[2024-12-04T17:31:47.498+0000] {logging_mixin.py:190} INFO - [2024-12-04T17:31:47.498+0000] {dag.py:4180} INFO - Setting next_dagrun for dataset_with_extra_from_classic_operator to 2024-12-03 00:00:00+00:00, run_after=2024-12-04 00:00:00+00:00
[2024-12-04T17:31:47.514+0000] {processor.py:208} INFO - Processing /home/airflow/.local/lib/python3.12/site-packages/airflow/example_dags/example_outlet_event_extra.py took 0.679 seconds
[2024-12-04T17:32:18.091+0000] {processor.py:186} INFO - Started process (PID=2479) to work on /home/airflow/.local/lib/python3.12/site-packages/airflow/example_dags/example_outlet_event_extra.py
[2024-12-04T17:32:18.091+0000] {processor.py:914} INFO - Processing file /home/airflow/.local/lib/python3.12/site-packages/airflow/example_dags/example_outlet_event_extra.py for tasks to queue
[2024-12-04T17:32:18.093+0000] {logging_mixin.py:190} INFO - [2024-12-04T17:32:18.093+0000] {dagbag.py:588} INFO - Filling up the DagBag from /home/airflow/.local/lib/python3.12/site-packages/airflow/example_dags/example_outlet_event_extra.py
[2024-12-04T17:32:18.347+0000] {processor.py:925} INFO - DAG(s) 'dataset_with_extra_from_classic_operator', 'dataset_with_extra_by_context', 'dataset_with_extra_by_yield' retrieved from /home/airflow/.local/lib/python3.12/site-packages/airflow/example_dags/example_outlet_event_extra.py
[2024-12-04T17:32:18.359+0000] {logging_mixin.py:190} INFO - [2024-12-04T17:32:18.359+0000] {dag.py:3239} INFO - Sync 3 DAGs
[2024-12-04T17:32:18.370+0000] {logging_mixin.py:190} INFO - [2024-12-04T17:32:18.370+0000] {dag.py:4180} INFO - Setting next_dagrun for dataset_with_extra_by_context to 2024-12-03 00:00:00+00:00, run_after=2024-12-04 00:00:00+00:00
[2024-12-04T17:32:18.372+0000] {logging_mixin.py:190} INFO - [2024-12-04T17:32:18.372+0000] {dag.py:4180} INFO - Setting next_dagrun for dataset_with_extra_by_yield to 2024-12-03 00:00:00+00:00, run_after=2024-12-04 00:00:00+00:00
[2024-12-04T17:32:18.374+0000] {logging_mixin.py:190} INFO - [2024-12-04T17:32:18.374+0000] {dag.py:4180} INFO - Setting next_dagrun for dataset_with_extra_from_classic_operator to 2024-12-03 00:00:00+00:00, run_after=2024-12-04 00:00:00+00:00
[2024-12-04T17:32:18.383+0000] {processor.py:208} INFO - Processing /home/airflow/.local/lib/python3.12/site-packages/airflow/example_dags/example_outlet_event_extra.py took 0.295 seconds
