[2024-12-04T17:12:24.384+0000] {processor.py:186} INFO - Started process (PID=115) to work on /home/airflow/.local/lib/python3.12/site-packages/airflow/example_dags/example_external_task_marker_dag.py
[2024-12-04T17:12:24.385+0000] {processor.py:914} INFO - Processing file /home/airflow/.local/lib/python3.12/site-packages/airflow/example_dags/example_external_task_marker_dag.py for tasks to queue
[2024-12-04T17:12:24.388+0000] {logging_mixin.py:190} INFO - [2024-12-04T17:12:24.388+0000] {dagbag.py:588} INFO - Filling up the DagBag from /home/airflow/.local/lib/python3.12/site-packages/airflow/example_dags/example_external_task_marker_dag.py
[2024-12-04T17:12:24.394+0000] {processor.py:925} INFO - DAG(s) 'example_external_task_marker_child', 'example_external_task_marker_parent' retrieved from /home/airflow/.local/lib/python3.12/site-packages/airflow/example_dags/example_external_task_marker_dag.py
[2024-12-04T17:12:24.467+0000] {logging_mixin.py:190} INFO - [2024-12-04T17:12:24.467+0000] {override.py:1911} INFO - Created Permission View: can read on DAG:example_external_task_marker_child
[2024-12-04T17:12:24.475+0000] {logging_mixin.py:190} INFO - [2024-12-04T17:12:24.475+0000] {override.py:1911} INFO - Created Permission View: can delete on DAG:example_external_task_marker_child
[2024-12-04T17:12:24.479+0000] {logging_mixin.py:190} INFO - [2024-12-04T17:12:24.479+0000] {override.py:1911} INFO - Created Permission View: can edit on DAG:example_external_task_marker_child
[2024-12-04T17:12:24.482+0000] {logging_mixin.py:190} INFO - [2024-12-04T17:12:24.482+0000] {override.py:1911} INFO - Created Permission View: menu access on DAG Run:example_external_task_marker_child
[2024-12-04T17:12:24.485+0000] {logging_mixin.py:190} INFO - [2024-12-04T17:12:24.485+0000] {override.py:1911} INFO - Created Permission View: can delete on DAG Run:example_external_task_marker_child
[2024-12-04T17:12:24.494+0000] {logging_mixin.py:190} INFO - [2024-12-04T17:12:24.493+0000] {override.py:1911} INFO - Created Permission View: can read on DAG Run:example_external_task_marker_child
[2024-12-04T17:12:24.497+0000] {logging_mixin.py:190} INFO - [2024-12-04T17:12:24.497+0000] {override.py:1911} INFO - Created Permission View: can create on DAG Run:example_external_task_marker_child
[2024-12-04T17:12:24.507+0000] {logging_mixin.py:190} INFO - [2024-12-04T17:12:24.507+0000] {override.py:1911} INFO - Created Permission View: can read on DAG:example_external_task_marker_parent
[2024-12-04T17:12:24.517+0000] {logging_mixin.py:190} INFO - [2024-12-04T17:12:24.516+0000] {override.py:1911} INFO - Created Permission View: can delete on DAG:example_external_task_marker_parent
[2024-12-04T17:12:24.524+0000] {logging_mixin.py:190} INFO - [2024-12-04T17:12:24.524+0000] {override.py:1911} INFO - Created Permission View: can edit on DAG:example_external_task_marker_parent
[2024-12-04T17:12:24.530+0000] {logging_mixin.py:190} INFO - [2024-12-04T17:12:24.530+0000] {override.py:1911} INFO - Created Permission View: menu access on DAG Run:example_external_task_marker_parent
[2024-12-04T17:12:24.539+0000] {logging_mixin.py:190} INFO - [2024-12-04T17:12:24.539+0000] {override.py:1911} INFO - Created Permission View: can delete on DAG Run:example_external_task_marker_parent
[2024-12-04T17:12:24.547+0000] {logging_mixin.py:190} INFO - [2024-12-04T17:12:24.547+0000] {override.py:1911} INFO - Created Permission View: can read on DAG Run:example_external_task_marker_parent
[2024-12-04T17:12:24.552+0000] {logging_mixin.py:190} INFO - [2024-12-04T17:12:24.552+0000] {override.py:1911} INFO - Created Permission View: can create on DAG Run:example_external_task_marker_parent
[2024-12-04T17:12:24.552+0000] {logging_mixin.py:190} INFO - [2024-12-04T17:12:24.552+0000] {dag.py:3239} INFO - Sync 2 DAGs
[2024-12-04T17:12:24.561+0000] {logging_mixin.py:190} INFO - [2024-12-04T17:12:24.561+0000] {dag.py:3262} INFO - Creating ORM DAG for example_external_task_marker_parent
[2024-12-04T17:12:24.562+0000] {logging_mixin.py:190} INFO - [2024-12-04T17:12:24.561+0000] {dag.py:3262} INFO - Creating ORM DAG for example_external_task_marker_child
[2024-12-04T17:12:24.562+0000] {logging_mixin.py:190} INFO - [2024-12-04T17:12:24.562+0000] {dag.py:4180} INFO - Setting next_dagrun for example_external_task_marker_child to None, run_after=None
[2024-12-04T17:12:24.563+0000] {logging_mixin.py:190} INFO - [2024-12-04T17:12:24.563+0000] {dag.py:4180} INFO - Setting next_dagrun for example_external_task_marker_parent to None, run_after=None
[2024-12-04T17:12:24.580+0000] {processor.py:208} INFO - Processing /home/airflow/.local/lib/python3.12/site-packages/airflow/example_dags/example_external_task_marker_dag.py took 0.201 seconds
[2024-12-04T17:12:55.404+0000] {processor.py:186} INFO - Started process (PID=178) to work on /home/airflow/.local/lib/python3.12/site-packages/airflow/example_dags/example_external_task_marker_dag.py
[2024-12-04T17:12:55.407+0000] {processor.py:914} INFO - Processing file /home/airflow/.local/lib/python3.12/site-packages/airflow/example_dags/example_external_task_marker_dag.py for tasks to queue
[2024-12-04T17:12:55.408+0000] {logging_mixin.py:190} INFO - [2024-12-04T17:12:55.408+0000] {dagbag.py:588} INFO - Filling up the DagBag from /home/airflow/.local/lib/python3.12/site-packages/airflow/example_dags/example_external_task_marker_dag.py
[2024-12-04T17:12:55.416+0000] {processor.py:925} INFO - DAG(s) 'example_external_task_marker_parent', 'example_external_task_marker_child' retrieved from /home/airflow/.local/lib/python3.12/site-packages/airflow/example_dags/example_external_task_marker_dag.py
[2024-12-04T17:12:55.430+0000] {logging_mixin.py:190} INFO - [2024-12-04T17:12:55.430+0000] {dag.py:3239} INFO - Sync 2 DAGs
[2024-12-04T17:12:55.437+0000] {logging_mixin.py:190} INFO - [2024-12-04T17:12:55.437+0000] {dag.py:4180} INFO - Setting next_dagrun for example_external_task_marker_child to None, run_after=None
[2024-12-04T17:12:55.441+0000] {logging_mixin.py:190} INFO - [2024-12-04T17:12:55.440+0000] {dag.py:4180} INFO - Setting next_dagrun for example_external_task_marker_parent to None, run_after=None
[2024-12-04T17:12:55.451+0000] {processor.py:208} INFO - Processing /home/airflow/.local/lib/python3.12/site-packages/airflow/example_dags/example_external_task_marker_dag.py took 0.051 seconds
[2024-12-04T17:13:25.884+0000] {processor.py:186} INFO - Started process (PID=241) to work on /home/airflow/.local/lib/python3.12/site-packages/airflow/example_dags/example_external_task_marker_dag.py
[2024-12-04T17:13:25.885+0000] {processor.py:914} INFO - Processing file /home/airflow/.local/lib/python3.12/site-packages/airflow/example_dags/example_external_task_marker_dag.py for tasks to queue
[2024-12-04T17:13:25.886+0000] {logging_mixin.py:190} INFO - [2024-12-04T17:13:25.886+0000] {dagbag.py:588} INFO - Filling up the DagBag from /home/airflow/.local/lib/python3.12/site-packages/airflow/example_dags/example_external_task_marker_dag.py
[2024-12-04T17:13:25.890+0000] {processor.py:925} INFO - DAG(s) 'example_external_task_marker_child', 'example_external_task_marker_parent' retrieved from /home/airflow/.local/lib/python3.12/site-packages/airflow/example_dags/example_external_task_marker_dag.py
[2024-12-04T17:13:25.905+0000] {logging_mixin.py:190} INFO - [2024-12-04T17:13:25.905+0000] {dag.py:3239} INFO - Sync 2 DAGs
[2024-12-04T17:13:25.913+0000] {logging_mixin.py:190} INFO - [2024-12-04T17:13:25.912+0000] {dag.py:4180} INFO - Setting next_dagrun for example_external_task_marker_child to None, run_after=None
[2024-12-04T17:13:25.917+0000] {logging_mixin.py:190} INFO - [2024-12-04T17:13:25.917+0000] {dag.py:4180} INFO - Setting next_dagrun for example_external_task_marker_parent to None, run_after=None
[2024-12-04T17:13:25.927+0000] {processor.py:208} INFO - Processing /home/airflow/.local/lib/python3.12/site-packages/airflow/example_dags/example_external_task_marker_dag.py took 0.046 seconds
[2024-12-04T17:13:56.308+0000] {processor.py:186} INFO - Started process (PID=304) to work on /home/airflow/.local/lib/python3.12/site-packages/airflow/example_dags/example_external_task_marker_dag.py
[2024-12-04T17:13:56.309+0000] {processor.py:914} INFO - Processing file /home/airflow/.local/lib/python3.12/site-packages/airflow/example_dags/example_external_task_marker_dag.py for tasks to queue
[2024-12-04T17:13:56.310+0000] {logging_mixin.py:190} INFO - [2024-12-04T17:13:56.310+0000] {dagbag.py:588} INFO - Filling up the DagBag from /home/airflow/.local/lib/python3.12/site-packages/airflow/example_dags/example_external_task_marker_dag.py
[2024-12-04T17:13:56.318+0000] {processor.py:925} INFO - DAG(s) 'example_external_task_marker_parent', 'example_external_task_marker_child' retrieved from /home/airflow/.local/lib/python3.12/site-packages/airflow/example_dags/example_external_task_marker_dag.py
[2024-12-04T17:13:56.339+0000] {logging_mixin.py:190} INFO - [2024-12-04T17:13:56.338+0000] {dag.py:3239} INFO - Sync 2 DAGs
[2024-12-04T17:13:56.348+0000] {logging_mixin.py:190} INFO - [2024-12-04T17:13:56.348+0000] {dag.py:4180} INFO - Setting next_dagrun for example_external_task_marker_child to None, run_after=None
[2024-12-04T17:13:56.350+0000] {logging_mixin.py:190} INFO - [2024-12-04T17:13:56.350+0000] {dag.py:4180} INFO - Setting next_dagrun for example_external_task_marker_parent to None, run_after=None
[2024-12-04T17:13:56.358+0000] {processor.py:208} INFO - Processing /home/airflow/.local/lib/python3.12/site-packages/airflow/example_dags/example_external_task_marker_dag.py took 0.054 seconds
[2024-12-04T17:14:27.885+0000] {processor.py:186} INFO - Started process (PID=367) to work on /home/airflow/.local/lib/python3.12/site-packages/airflow/example_dags/example_external_task_marker_dag.py
[2024-12-04T17:14:27.886+0000] {processor.py:914} INFO - Processing file /home/airflow/.local/lib/python3.12/site-packages/airflow/example_dags/example_external_task_marker_dag.py for tasks to queue
[2024-12-04T17:14:27.888+0000] {logging_mixin.py:190} INFO - [2024-12-04T17:14:27.887+0000] {dagbag.py:588} INFO - Filling up the DagBag from /home/airflow/.local/lib/python3.12/site-packages/airflow/example_dags/example_external_task_marker_dag.py
[2024-12-04T17:14:27.895+0000] {processor.py:925} INFO - DAG(s) 'example_external_task_marker_child', 'example_external_task_marker_parent' retrieved from /home/airflow/.local/lib/python3.12/site-packages/airflow/example_dags/example_external_task_marker_dag.py
[2024-12-04T17:14:27.909+0000] {logging_mixin.py:190} INFO - [2024-12-04T17:14:27.908+0000] {dag.py:3239} INFO - Sync 2 DAGs
[2024-12-04T17:14:27.918+0000] {logging_mixin.py:190} INFO - [2024-12-04T17:14:27.918+0000] {dag.py:4180} INFO - Setting next_dagrun for example_external_task_marker_child to None, run_after=None
[2024-12-04T17:14:27.924+0000] {logging_mixin.py:190} INFO - [2024-12-04T17:14:27.924+0000] {dag.py:4180} INFO - Setting next_dagrun for example_external_task_marker_parent to None, run_after=None
[2024-12-04T17:14:27.943+0000] {processor.py:208} INFO - Processing /home/airflow/.local/lib/python3.12/site-packages/airflow/example_dags/example_external_task_marker_dag.py took 0.062 seconds
[2024-12-04T17:14:59.709+0000] {processor.py:186} INFO - Started process (PID=430) to work on /home/airflow/.local/lib/python3.12/site-packages/airflow/example_dags/example_external_task_marker_dag.py
[2024-12-04T17:14:59.710+0000] {processor.py:914} INFO - Processing file /home/airflow/.local/lib/python3.12/site-packages/airflow/example_dags/example_external_task_marker_dag.py for tasks to queue
[2024-12-04T17:14:59.714+0000] {logging_mixin.py:190} INFO - [2024-12-04T17:14:59.713+0000] {dagbag.py:588} INFO - Filling up the DagBag from /home/airflow/.local/lib/python3.12/site-packages/airflow/example_dags/example_external_task_marker_dag.py
[2024-12-04T17:14:59.719+0000] {processor.py:925} INFO - DAG(s) 'example_external_task_marker_child', 'example_external_task_marker_parent' retrieved from /home/airflow/.local/lib/python3.12/site-packages/airflow/example_dags/example_external_task_marker_dag.py
[2024-12-04T17:14:59.735+0000] {logging_mixin.py:190} INFO - [2024-12-04T17:14:59.735+0000] {dag.py:3239} INFO - Sync 2 DAGs
[2024-12-04T17:14:59.744+0000] {logging_mixin.py:190} INFO - [2024-12-04T17:14:59.744+0000] {dag.py:4180} INFO - Setting next_dagrun for example_external_task_marker_child to None, run_after=None
[2024-12-04T17:14:59.746+0000] {logging_mixin.py:190} INFO - [2024-12-04T17:14:59.746+0000] {dag.py:4180} INFO - Setting next_dagrun for example_external_task_marker_parent to None, run_after=None
[2024-12-04T17:14:59.755+0000] {processor.py:208} INFO - Processing /home/airflow/.local/lib/python3.12/site-packages/airflow/example_dags/example_external_task_marker_dag.py took 0.049 seconds
[2024-12-04T17:15:30.404+0000] {processor.py:186} INFO - Started process (PID=493) to work on /home/airflow/.local/lib/python3.12/site-packages/airflow/example_dags/example_external_task_marker_dag.py
[2024-12-04T17:15:30.405+0000] {processor.py:914} INFO - Processing file /home/airflow/.local/lib/python3.12/site-packages/airflow/example_dags/example_external_task_marker_dag.py for tasks to queue
[2024-12-04T17:15:30.407+0000] {logging_mixin.py:190} INFO - [2024-12-04T17:15:30.407+0000] {dagbag.py:588} INFO - Filling up the DagBag from /home/airflow/.local/lib/python3.12/site-packages/airflow/example_dags/example_external_task_marker_dag.py
[2024-12-04T17:15:30.412+0000] {processor.py:925} INFO - DAG(s) 'example_external_task_marker_parent', 'example_external_task_marker_child' retrieved from /home/airflow/.local/lib/python3.12/site-packages/airflow/example_dags/example_external_task_marker_dag.py
[2024-12-04T17:15:30.426+0000] {logging_mixin.py:190} INFO - [2024-12-04T17:15:30.426+0000] {dag.py:3239} INFO - Sync 2 DAGs
[2024-12-04T17:15:30.435+0000] {logging_mixin.py:190} INFO - [2024-12-04T17:15:30.435+0000] {dag.py:4180} INFO - Setting next_dagrun for example_external_task_marker_child to None, run_after=None
[2024-12-04T17:15:30.439+0000] {logging_mixin.py:190} INFO - [2024-12-04T17:15:30.439+0000] {dag.py:4180} INFO - Setting next_dagrun for example_external_task_marker_parent to None, run_after=None
[2024-12-04T17:15:30.453+0000] {processor.py:208} INFO - Processing /home/airflow/.local/lib/python3.12/site-packages/airflow/example_dags/example_external_task_marker_dag.py took 0.053 seconds
[2024-12-04T17:16:01.722+0000] {processor.py:186} INFO - Started process (PID=556) to work on /home/airflow/.local/lib/python3.12/site-packages/airflow/example_dags/example_external_task_marker_dag.py
[2024-12-04T17:16:01.722+0000] {processor.py:914} INFO - Processing file /home/airflow/.local/lib/python3.12/site-packages/airflow/example_dags/example_external_task_marker_dag.py for tasks to queue
[2024-12-04T17:16:01.724+0000] {logging_mixin.py:190} INFO - [2024-12-04T17:16:01.723+0000] {dagbag.py:588} INFO - Filling up the DagBag from /home/airflow/.local/lib/python3.12/site-packages/airflow/example_dags/example_external_task_marker_dag.py
[2024-12-04T17:16:01.729+0000] {processor.py:925} INFO - DAG(s) 'example_external_task_marker_parent', 'example_external_task_marker_child' retrieved from /home/airflow/.local/lib/python3.12/site-packages/airflow/example_dags/example_external_task_marker_dag.py
[2024-12-04T17:16:01.745+0000] {logging_mixin.py:190} INFO - [2024-12-04T17:16:01.745+0000] {dag.py:3239} INFO - Sync 2 DAGs
[2024-12-04T17:16:01.754+0000] {logging_mixin.py:190} INFO - [2024-12-04T17:16:01.753+0000] {dag.py:4180} INFO - Setting next_dagrun for example_external_task_marker_child to None, run_after=None
[2024-12-04T17:16:01.757+0000] {logging_mixin.py:190} INFO - [2024-12-04T17:16:01.757+0000] {dag.py:4180} INFO - Setting next_dagrun for example_external_task_marker_parent to None, run_after=None
[2024-12-04T17:16:01.768+0000] {processor.py:208} INFO - Processing /home/airflow/.local/lib/python3.12/site-packages/airflow/example_dags/example_external_task_marker_dag.py took 0.051 seconds
[2024-12-04T17:16:33.151+0000] {processor.py:186} INFO - Started process (PID=619) to work on /home/airflow/.local/lib/python3.12/site-packages/airflow/example_dags/example_external_task_marker_dag.py
[2024-12-04T17:16:33.153+0000] {processor.py:914} INFO - Processing file /home/airflow/.local/lib/python3.12/site-packages/airflow/example_dags/example_external_task_marker_dag.py for tasks to queue
[2024-12-04T17:16:33.154+0000] {logging_mixin.py:190} INFO - [2024-12-04T17:16:33.154+0000] {dagbag.py:588} INFO - Filling up the DagBag from /home/airflow/.local/lib/python3.12/site-packages/airflow/example_dags/example_external_task_marker_dag.py
[2024-12-04T17:16:33.160+0000] {processor.py:925} INFO - DAG(s) 'example_external_task_marker_child', 'example_external_task_marker_parent' retrieved from /home/airflow/.local/lib/python3.12/site-packages/airflow/example_dags/example_external_task_marker_dag.py
[2024-12-04T17:16:33.197+0000] {logging_mixin.py:190} INFO - [2024-12-04T17:16:33.197+0000] {dag.py:3239} INFO - Sync 2 DAGs
[2024-12-04T17:16:33.209+0000] {logging_mixin.py:190} INFO - [2024-12-04T17:16:33.209+0000] {dag.py:4180} INFO - Setting next_dagrun for example_external_task_marker_child to None, run_after=None
[2024-12-04T17:16:33.212+0000] {logging_mixin.py:190} INFO - [2024-12-04T17:16:33.211+0000] {dag.py:4180} INFO - Setting next_dagrun for example_external_task_marker_parent to None, run_after=None
[2024-12-04T17:16:33.222+0000] {processor.py:208} INFO - Processing /home/airflow/.local/lib/python3.12/site-packages/airflow/example_dags/example_external_task_marker_dag.py took 0.075 seconds
[2024-12-04T17:17:03.681+0000] {processor.py:186} INFO - Started process (PID=682) to work on /home/airflow/.local/lib/python3.12/site-packages/airflow/example_dags/example_external_task_marker_dag.py
[2024-12-04T17:17:03.682+0000] {processor.py:914} INFO - Processing file /home/airflow/.local/lib/python3.12/site-packages/airflow/example_dags/example_external_task_marker_dag.py for tasks to queue
[2024-12-04T17:17:03.684+0000] {logging_mixin.py:190} INFO - [2024-12-04T17:17:03.683+0000] {dagbag.py:588} INFO - Filling up the DagBag from /home/airflow/.local/lib/python3.12/site-packages/airflow/example_dags/example_external_task_marker_dag.py
[2024-12-04T17:17:03.688+0000] {processor.py:925} INFO - DAG(s) 'example_external_task_marker_parent', 'example_external_task_marker_child' retrieved from /home/airflow/.local/lib/python3.12/site-packages/airflow/example_dags/example_external_task_marker_dag.py
[2024-12-04T17:17:03.706+0000] {logging_mixin.py:190} INFO - [2024-12-04T17:17:03.705+0000] {dag.py:3239} INFO - Sync 2 DAGs
[2024-12-04T17:17:03.723+0000] {logging_mixin.py:190} INFO - [2024-12-04T17:17:03.723+0000] {dag.py:4180} INFO - Setting next_dagrun for example_external_task_marker_child to None, run_after=None
[2024-12-04T17:17:03.727+0000] {logging_mixin.py:190} INFO - [2024-12-04T17:17:03.727+0000] {dag.py:4180} INFO - Setting next_dagrun for example_external_task_marker_parent to None, run_after=None
[2024-12-04T17:17:03.741+0000] {processor.py:208} INFO - Processing /home/airflow/.local/lib/python3.12/site-packages/airflow/example_dags/example_external_task_marker_dag.py took 0.064 seconds
[2024-12-04T17:17:35.440+0000] {processor.py:186} INFO - Started process (PID=745) to work on /home/airflow/.local/lib/python3.12/site-packages/airflow/example_dags/example_external_task_marker_dag.py
[2024-12-04T17:17:35.443+0000] {processor.py:914} INFO - Processing file /home/airflow/.local/lib/python3.12/site-packages/airflow/example_dags/example_external_task_marker_dag.py for tasks to queue
[2024-12-04T17:17:35.444+0000] {logging_mixin.py:190} INFO - [2024-12-04T17:17:35.444+0000] {dagbag.py:588} INFO - Filling up the DagBag from /home/airflow/.local/lib/python3.12/site-packages/airflow/example_dags/example_external_task_marker_dag.py
[2024-12-04T17:17:35.449+0000] {processor.py:925} INFO - DAG(s) 'example_external_task_marker_child', 'example_external_task_marker_parent' retrieved from /home/airflow/.local/lib/python3.12/site-packages/airflow/example_dags/example_external_task_marker_dag.py
[2024-12-04T17:17:35.466+0000] {logging_mixin.py:190} INFO - [2024-12-04T17:17:35.465+0000] {dag.py:3239} INFO - Sync 2 DAGs
[2024-12-04T17:17:35.476+0000] {logging_mixin.py:190} INFO - [2024-12-04T17:17:35.476+0000] {dag.py:4180} INFO - Setting next_dagrun for example_external_task_marker_child to None, run_after=None
[2024-12-04T17:17:35.479+0000] {logging_mixin.py:190} INFO - [2024-12-04T17:17:35.479+0000] {dag.py:4180} INFO - Setting next_dagrun for example_external_task_marker_parent to None, run_after=None
[2024-12-04T17:17:35.490+0000] {processor.py:208} INFO - Processing /home/airflow/.local/lib/python3.12/site-packages/airflow/example_dags/example_external_task_marker_dag.py took 0.053 seconds
[2024-12-04T17:18:06.889+0000] {processor.py:186} INFO - Started process (PID=808) to work on /home/airflow/.local/lib/python3.12/site-packages/airflow/example_dags/example_external_task_marker_dag.py
[2024-12-04T17:18:06.890+0000] {processor.py:914} INFO - Processing file /home/airflow/.local/lib/python3.12/site-packages/airflow/example_dags/example_external_task_marker_dag.py for tasks to queue
[2024-12-04T17:18:06.891+0000] {logging_mixin.py:190} INFO - [2024-12-04T17:18:06.891+0000] {dagbag.py:588} INFO - Filling up the DagBag from /home/airflow/.local/lib/python3.12/site-packages/airflow/example_dags/example_external_task_marker_dag.py
[2024-12-04T17:18:06.896+0000] {processor.py:925} INFO - DAG(s) 'example_external_task_marker_child', 'example_external_task_marker_parent' retrieved from /home/airflow/.local/lib/python3.12/site-packages/airflow/example_dags/example_external_task_marker_dag.py
[2024-12-04T17:18:06.909+0000] {logging_mixin.py:190} INFO - [2024-12-04T17:18:06.909+0000] {dag.py:3239} INFO - Sync 2 DAGs
[2024-12-04T17:18:06.916+0000] {logging_mixin.py:190} INFO - [2024-12-04T17:18:06.916+0000] {dag.py:4180} INFO - Setting next_dagrun for example_external_task_marker_child to None, run_after=None
[2024-12-04T17:18:06.918+0000] {logging_mixin.py:190} INFO - [2024-12-04T17:18:06.918+0000] {dag.py:4180} INFO - Setting next_dagrun for example_external_task_marker_parent to None, run_after=None
[2024-12-04T17:18:06.926+0000] {processor.py:208} INFO - Processing /home/airflow/.local/lib/python3.12/site-packages/airflow/example_dags/example_external_task_marker_dag.py took 0.041 seconds
[2024-12-04T17:18:39.854+0000] {processor.py:186} INFO - Started process (PID=871) to work on /home/airflow/.local/lib/python3.12/site-packages/airflow/example_dags/example_external_task_marker_dag.py
[2024-12-04T17:18:39.854+0000] {processor.py:914} INFO - Processing file /home/airflow/.local/lib/python3.12/site-packages/airflow/example_dags/example_external_task_marker_dag.py for tasks to queue
[2024-12-04T17:18:39.856+0000] {logging_mixin.py:190} INFO - [2024-12-04T17:18:39.856+0000] {dagbag.py:588} INFO - Filling up the DagBag from /home/airflow/.local/lib/python3.12/site-packages/airflow/example_dags/example_external_task_marker_dag.py
[2024-12-04T17:18:39.863+0000] {processor.py:925} INFO - DAG(s) 'example_external_task_marker_parent', 'example_external_task_marker_child' retrieved from /home/airflow/.local/lib/python3.12/site-packages/airflow/example_dags/example_external_task_marker_dag.py
[2024-12-04T17:18:39.878+0000] {logging_mixin.py:190} INFO - [2024-12-04T17:18:39.878+0000] {dag.py:3239} INFO - Sync 2 DAGs
[2024-12-04T17:18:39.890+0000] {logging_mixin.py:190} INFO - [2024-12-04T17:18:39.890+0000] {dag.py:4180} INFO - Setting next_dagrun for example_external_task_marker_child to None, run_after=None
[2024-12-04T17:18:39.893+0000] {logging_mixin.py:190} INFO - [2024-12-04T17:18:39.893+0000] {dag.py:4180} INFO - Setting next_dagrun for example_external_task_marker_parent to None, run_after=None
[2024-12-04T17:18:39.902+0000] {processor.py:208} INFO - Processing /home/airflow/.local/lib/python3.12/site-packages/airflow/example_dags/example_external_task_marker_dag.py took 0.054 seconds
[2024-12-04T17:19:10.271+0000] {processor.py:186} INFO - Started process (PID=934) to work on /home/airflow/.local/lib/python3.12/site-packages/airflow/example_dags/example_external_task_marker_dag.py
[2024-12-04T17:19:10.271+0000] {processor.py:914} INFO - Processing file /home/airflow/.local/lib/python3.12/site-packages/airflow/example_dags/example_external_task_marker_dag.py for tasks to queue
[2024-12-04T17:19:10.273+0000] {logging_mixin.py:190} INFO - [2024-12-04T17:19:10.272+0000] {dagbag.py:588} INFO - Filling up the DagBag from /home/airflow/.local/lib/python3.12/site-packages/airflow/example_dags/example_external_task_marker_dag.py
[2024-12-04T17:19:10.277+0000] {processor.py:925} INFO - DAG(s) 'example_external_task_marker_parent', 'example_external_task_marker_child' retrieved from /home/airflow/.local/lib/python3.12/site-packages/airflow/example_dags/example_external_task_marker_dag.py
[2024-12-04T17:19:10.290+0000] {logging_mixin.py:190} INFO - [2024-12-04T17:19:10.290+0000] {dag.py:3239} INFO - Sync 2 DAGs
[2024-12-04T17:19:10.299+0000] {logging_mixin.py:190} INFO - [2024-12-04T17:19:10.298+0000] {dag.py:4180} INFO - Setting next_dagrun for example_external_task_marker_child to None, run_after=None
[2024-12-04T17:19:10.301+0000] {logging_mixin.py:190} INFO - [2024-12-04T17:19:10.301+0000] {dag.py:4180} INFO - Setting next_dagrun for example_external_task_marker_parent to None, run_after=None
[2024-12-04T17:19:10.310+0000] {processor.py:208} INFO - Processing /home/airflow/.local/lib/python3.12/site-packages/airflow/example_dags/example_external_task_marker_dag.py took 0.042 seconds
[2024-12-04T17:19:41.691+0000] {processor.py:186} INFO - Started process (PID=997) to work on /home/airflow/.local/lib/python3.12/site-packages/airflow/example_dags/example_external_task_marker_dag.py
[2024-12-04T17:19:41.691+0000] {processor.py:914} INFO - Processing file /home/airflow/.local/lib/python3.12/site-packages/airflow/example_dags/example_external_task_marker_dag.py for tasks to queue
[2024-12-04T17:19:41.693+0000] {logging_mixin.py:190} INFO - [2024-12-04T17:19:41.692+0000] {dagbag.py:588} INFO - Filling up the DagBag from /home/airflow/.local/lib/python3.12/site-packages/airflow/example_dags/example_external_task_marker_dag.py
[2024-12-04T17:19:41.697+0000] {processor.py:925} INFO - DAG(s) 'example_external_task_marker_parent', 'example_external_task_marker_child' retrieved from /home/airflow/.local/lib/python3.12/site-packages/airflow/example_dags/example_external_task_marker_dag.py
[2024-12-04T17:19:41.707+0000] {logging_mixin.py:190} INFO - [2024-12-04T17:19:41.707+0000] {dag.py:3239} INFO - Sync 2 DAGs
[2024-12-04T17:19:41.714+0000] {logging_mixin.py:190} INFO - [2024-12-04T17:19:41.714+0000] {dag.py:4180} INFO - Setting next_dagrun for example_external_task_marker_child to None, run_after=None
[2024-12-04T17:19:41.716+0000] {logging_mixin.py:190} INFO - [2024-12-04T17:19:41.716+0000] {dag.py:4180} INFO - Setting next_dagrun for example_external_task_marker_parent to None, run_after=None
[2024-12-04T17:19:41.725+0000] {processor.py:208} INFO - Processing /home/airflow/.local/lib/python3.12/site-packages/airflow/example_dags/example_external_task_marker_dag.py took 0.037 seconds
[2024-12-04T17:20:13.116+0000] {processor.py:186} INFO - Started process (PID=1060) to work on /home/airflow/.local/lib/python3.12/site-packages/airflow/example_dags/example_external_task_marker_dag.py
[2024-12-04T17:20:13.116+0000] {processor.py:914} INFO - Processing file /home/airflow/.local/lib/python3.12/site-packages/airflow/example_dags/example_external_task_marker_dag.py for tasks to queue
[2024-12-04T17:20:13.118+0000] {logging_mixin.py:190} INFO - [2024-12-04T17:20:13.118+0000] {dagbag.py:588} INFO - Filling up the DagBag from /home/airflow/.local/lib/python3.12/site-packages/airflow/example_dags/example_external_task_marker_dag.py
[2024-12-04T17:20:13.122+0000] {processor.py:925} INFO - DAG(s) 'example_external_task_marker_parent', 'example_external_task_marker_child' retrieved from /home/airflow/.local/lib/python3.12/site-packages/airflow/example_dags/example_external_task_marker_dag.py
[2024-12-04T17:20:13.135+0000] {logging_mixin.py:190} INFO - [2024-12-04T17:20:13.135+0000] {dag.py:3239} INFO - Sync 2 DAGs
[2024-12-04T17:20:13.144+0000] {logging_mixin.py:190} INFO - [2024-12-04T17:20:13.143+0000] {dag.py:4180} INFO - Setting next_dagrun for example_external_task_marker_child to None, run_after=None
[2024-12-04T17:20:13.147+0000] {logging_mixin.py:190} INFO - [2024-12-04T17:20:13.147+0000] {dag.py:4180} INFO - Setting next_dagrun for example_external_task_marker_parent to None, run_after=None
[2024-12-04T17:20:13.155+0000] {processor.py:208} INFO - Processing /home/airflow/.local/lib/python3.12/site-packages/airflow/example_dags/example_external_task_marker_dag.py took 0.043 seconds
[2024-12-04T17:20:44.410+0000] {processor.py:186} INFO - Started process (PID=1123) to work on /home/airflow/.local/lib/python3.12/site-packages/airflow/example_dags/example_external_task_marker_dag.py
[2024-12-04T17:20:44.411+0000] {processor.py:914} INFO - Processing file /home/airflow/.local/lib/python3.12/site-packages/airflow/example_dags/example_external_task_marker_dag.py for tasks to queue
[2024-12-04T17:20:44.414+0000] {logging_mixin.py:190} INFO - [2024-12-04T17:20:44.414+0000] {dagbag.py:588} INFO - Filling up the DagBag from /home/airflow/.local/lib/python3.12/site-packages/airflow/example_dags/example_external_task_marker_dag.py
[2024-12-04T17:20:44.419+0000] {processor.py:925} INFO - DAG(s) 'example_external_task_marker_parent', 'example_external_task_marker_child' retrieved from /home/airflow/.local/lib/python3.12/site-packages/airflow/example_dags/example_external_task_marker_dag.py
[2024-12-04T17:20:44.431+0000] {logging_mixin.py:190} INFO - [2024-12-04T17:20:44.431+0000] {dag.py:3239} INFO - Sync 2 DAGs
[2024-12-04T17:20:44.438+0000] {logging_mixin.py:190} INFO - [2024-12-04T17:20:44.438+0000] {dag.py:4180} INFO - Setting next_dagrun for example_external_task_marker_child to None, run_after=None
[2024-12-04T17:20:44.440+0000] {logging_mixin.py:190} INFO - [2024-12-04T17:20:44.440+0000] {dag.py:4180} INFO - Setting next_dagrun for example_external_task_marker_parent to None, run_after=None
[2024-12-04T17:20:44.447+0000] {processor.py:208} INFO - Processing /home/airflow/.local/lib/python3.12/site-packages/airflow/example_dags/example_external_task_marker_dag.py took 0.040 seconds
[2024-12-04T17:21:18.298+0000] {processor.py:186} INFO - Started process (PID=1186) to work on /home/airflow/.local/lib/python3.12/site-packages/airflow/example_dags/example_external_task_marker_dag.py
[2024-12-04T17:21:18.301+0000] {processor.py:914} INFO - Processing file /home/airflow/.local/lib/python3.12/site-packages/airflow/example_dags/example_external_task_marker_dag.py for tasks to queue
[2024-12-04T17:21:18.304+0000] {logging_mixin.py:190} INFO - [2024-12-04T17:21:18.304+0000] {dagbag.py:588} INFO - Filling up the DagBag from /home/airflow/.local/lib/python3.12/site-packages/airflow/example_dags/example_external_task_marker_dag.py
[2024-12-04T17:21:18.311+0000] {processor.py:925} INFO - DAG(s) 'example_external_task_marker_parent', 'example_external_task_marker_child' retrieved from /home/airflow/.local/lib/python3.12/site-packages/airflow/example_dags/example_external_task_marker_dag.py
[2024-12-04T17:21:18.328+0000] {logging_mixin.py:190} INFO - [2024-12-04T17:21:18.327+0000] {dag.py:3239} INFO - Sync 2 DAGs
[2024-12-04T17:21:18.336+0000] {logging_mixin.py:190} INFO - [2024-12-04T17:21:18.335+0000] {dag.py:4180} INFO - Setting next_dagrun for example_external_task_marker_child to None, run_after=None
[2024-12-04T17:21:18.339+0000] {logging_mixin.py:190} INFO - [2024-12-04T17:21:18.339+0000] {dag.py:4180} INFO - Setting next_dagrun for example_external_task_marker_parent to None, run_after=None
[2024-12-04T17:21:18.352+0000] {processor.py:208} INFO - Processing /home/airflow/.local/lib/python3.12/site-packages/airflow/example_dags/example_external_task_marker_dag.py took 0.060 seconds
[2024-12-04T17:21:49.804+0000] {processor.py:186} INFO - Started process (PID=1249) to work on /home/airflow/.local/lib/python3.12/site-packages/airflow/example_dags/example_external_task_marker_dag.py
[2024-12-04T17:21:49.805+0000] {processor.py:914} INFO - Processing file /home/airflow/.local/lib/python3.12/site-packages/airflow/example_dags/example_external_task_marker_dag.py for tasks to queue
[2024-12-04T17:21:49.810+0000] {logging_mixin.py:190} INFO - [2024-12-04T17:21:49.809+0000] {dagbag.py:588} INFO - Filling up the DagBag from /home/airflow/.local/lib/python3.12/site-packages/airflow/example_dags/example_external_task_marker_dag.py
[2024-12-04T17:21:49.834+0000] {processor.py:925} INFO - DAG(s) 'example_external_task_marker_parent', 'example_external_task_marker_child' retrieved from /home/airflow/.local/lib/python3.12/site-packages/airflow/example_dags/example_external_task_marker_dag.py
[2024-12-04T17:21:50.027+0000] {logging_mixin.py:190} INFO - [2024-12-04T17:21:50.025+0000] {dag.py:3239} INFO - Sync 2 DAGs
[2024-12-04T17:21:50.086+0000] {logging_mixin.py:190} INFO - [2024-12-04T17:21:50.085+0000] {dag.py:4180} INFO - Setting next_dagrun for example_external_task_marker_child to None, run_after=None
[2024-12-04T17:21:50.098+0000] {logging_mixin.py:190} INFO - [2024-12-04T17:21:50.098+0000] {dag.py:4180} INFO - Setting next_dagrun for example_external_task_marker_parent to None, run_after=None
[2024-12-04T17:21:50.131+0000] {processor.py:208} INFO - Processing /home/airflow/.local/lib/python3.12/site-packages/airflow/example_dags/example_external_task_marker_dag.py took 0.351 seconds
[2024-12-04T17:22:21.312+0000] {processor.py:186} INFO - Started process (PID=1312) to work on /home/airflow/.local/lib/python3.12/site-packages/airflow/example_dags/example_external_task_marker_dag.py
[2024-12-04T17:22:21.315+0000] {processor.py:914} INFO - Processing file /home/airflow/.local/lib/python3.12/site-packages/airflow/example_dags/example_external_task_marker_dag.py for tasks to queue
[2024-12-04T17:22:21.320+0000] {logging_mixin.py:190} INFO - [2024-12-04T17:22:21.319+0000] {dagbag.py:588} INFO - Filling up the DagBag from /home/airflow/.local/lib/python3.12/site-packages/airflow/example_dags/example_external_task_marker_dag.py
[2024-12-04T17:22:21.326+0000] {processor.py:925} INFO - DAG(s) 'example_external_task_marker_child', 'example_external_task_marker_parent' retrieved from /home/airflow/.local/lib/python3.12/site-packages/airflow/example_dags/example_external_task_marker_dag.py
[2024-12-04T17:22:21.373+0000] {logging_mixin.py:190} INFO - [2024-12-04T17:22:21.372+0000] {dag.py:3239} INFO - Sync 2 DAGs
[2024-12-04T17:22:21.383+0000] {logging_mixin.py:190} INFO - [2024-12-04T17:22:21.383+0000] {dag.py:4180} INFO - Setting next_dagrun for example_external_task_marker_child to None, run_after=None
[2024-12-04T17:22:21.386+0000] {logging_mixin.py:190} INFO - [2024-12-04T17:22:21.386+0000] {dag.py:4180} INFO - Setting next_dagrun for example_external_task_marker_parent to None, run_after=None
[2024-12-04T17:22:21.395+0000] {processor.py:208} INFO - Processing /home/airflow/.local/lib/python3.12/site-packages/airflow/example_dags/example_external_task_marker_dag.py took 0.087 seconds
[2024-12-04T17:23:12.990+0000] {processor.py:186} INFO - Started process (PID=1381) to work on /home/airflow/.local/lib/python3.12/site-packages/airflow/example_dags/example_external_task_marker_dag.py
[2024-12-04T17:23:12.994+0000] {processor.py:914} INFO - Processing file /home/airflow/.local/lib/python3.12/site-packages/airflow/example_dags/example_external_task_marker_dag.py for tasks to queue
[2024-12-04T17:23:13.015+0000] {logging_mixin.py:190} INFO - [2024-12-04T17:23:13.009+0000] {dagbag.py:588} INFO - Filling up the DagBag from /home/airflow/.local/lib/python3.12/site-packages/airflow/example_dags/example_external_task_marker_dag.py
[2024-12-04T17:23:13.092+0000] {processor.py:925} INFO - DAG(s) 'example_external_task_marker_child', 'example_external_task_marker_parent' retrieved from /home/airflow/.local/lib/python3.12/site-packages/airflow/example_dags/example_external_task_marker_dag.py
[2024-12-04T17:23:13.187+0000] {logging_mixin.py:190} INFO - [2024-12-04T17:23:13.185+0000] {dag.py:3239} INFO - Sync 2 DAGs
[2024-12-04T17:23:13.281+0000] {logging_mixin.py:190} INFO - [2024-12-04T17:23:13.279+0000] {dag.py:4180} INFO - Setting next_dagrun for example_external_task_marker_child to None, run_after=None
[2024-12-04T17:23:13.299+0000] {logging_mixin.py:190} INFO - [2024-12-04T17:23:13.298+0000] {dag.py:4180} INFO - Setting next_dagrun for example_external_task_marker_parent to None, run_after=None
[2024-12-04T17:23:13.363+0000] {processor.py:208} INFO - Processing /home/airflow/.local/lib/python3.12/site-packages/airflow/example_dags/example_external_task_marker_dag.py took 0.397 seconds
[2024-12-04T17:23:44.712+0000] {processor.py:186} INFO - Started process (PID=1444) to work on /home/airflow/.local/lib/python3.12/site-packages/airflow/example_dags/example_external_task_marker_dag.py
[2024-12-04T17:23:44.714+0000] {processor.py:914} INFO - Processing file /home/airflow/.local/lib/python3.12/site-packages/airflow/example_dags/example_external_task_marker_dag.py for tasks to queue
[2024-12-04T17:23:44.720+0000] {logging_mixin.py:190} INFO - [2024-12-04T17:23:44.720+0000] {dagbag.py:588} INFO - Filling up the DagBag from /home/airflow/.local/lib/python3.12/site-packages/airflow/example_dags/example_external_task_marker_dag.py
[2024-12-04T17:23:44.730+0000] {processor.py:925} INFO - DAG(s) 'example_external_task_marker_parent', 'example_external_task_marker_child' retrieved from /home/airflow/.local/lib/python3.12/site-packages/airflow/example_dags/example_external_task_marker_dag.py
[2024-12-04T17:23:44.755+0000] {logging_mixin.py:190} INFO - [2024-12-04T17:23:44.754+0000] {dag.py:3239} INFO - Sync 2 DAGs
[2024-12-04T17:23:44.777+0000] {logging_mixin.py:190} INFO - [2024-12-04T17:23:44.777+0000] {dag.py:4180} INFO - Setting next_dagrun for example_external_task_marker_child to None, run_after=None
[2024-12-04T17:23:44.784+0000] {logging_mixin.py:190} INFO - [2024-12-04T17:23:44.783+0000] {dag.py:4180} INFO - Setting next_dagrun for example_external_task_marker_parent to None, run_after=None
[2024-12-04T17:23:44.804+0000] {processor.py:208} INFO - Processing /home/airflow/.local/lib/python3.12/site-packages/airflow/example_dags/example_external_task_marker_dag.py took 0.104 seconds
[2024-12-04T17:24:17.051+0000] {processor.py:186} INFO - Started process (PID=1510) to work on /home/airflow/.local/lib/python3.12/site-packages/airflow/example_dags/example_external_task_marker_dag.py
[2024-12-04T17:24:17.056+0000] {processor.py:914} INFO - Processing file /home/airflow/.local/lib/python3.12/site-packages/airflow/example_dags/example_external_task_marker_dag.py for tasks to queue
[2024-12-04T17:24:17.064+0000] {logging_mixin.py:190} INFO - [2024-12-04T17:24:17.064+0000] {dagbag.py:588} INFO - Filling up the DagBag from /home/airflow/.local/lib/python3.12/site-packages/airflow/example_dags/example_external_task_marker_dag.py
[2024-12-04T17:24:17.082+0000] {processor.py:925} INFO - DAG(s) 'example_external_task_marker_child', 'example_external_task_marker_parent' retrieved from /home/airflow/.local/lib/python3.12/site-packages/airflow/example_dags/example_external_task_marker_dag.py
[2024-12-04T17:24:17.128+0000] {logging_mixin.py:190} INFO - [2024-12-04T17:24:17.128+0000] {dag.py:3239} INFO - Sync 2 DAGs
[2024-12-04T17:24:17.149+0000] {logging_mixin.py:190} INFO - [2024-12-04T17:24:17.149+0000] {dag.py:4180} INFO - Setting next_dagrun for example_external_task_marker_child to None, run_after=None
[2024-12-04T17:24:17.153+0000] {logging_mixin.py:190} INFO - [2024-12-04T17:24:17.152+0000] {dag.py:4180} INFO - Setting next_dagrun for example_external_task_marker_parent to None, run_after=None
[2024-12-04T17:24:17.183+0000] {processor.py:208} INFO - Processing /home/airflow/.local/lib/python3.12/site-packages/airflow/example_dags/example_external_task_marker_dag.py took 0.150 seconds
[2024-12-04T17:24:47.865+0000] {processor.py:186} INFO - Started process (PID=1572) to work on /home/airflow/.local/lib/python3.12/site-packages/airflow/example_dags/example_external_task_marker_dag.py
[2024-12-04T17:24:47.866+0000] {processor.py:914} INFO - Processing file /home/airflow/.local/lib/python3.12/site-packages/airflow/example_dags/example_external_task_marker_dag.py for tasks to queue
[2024-12-04T17:24:47.868+0000] {logging_mixin.py:190} INFO - [2024-12-04T17:24:47.868+0000] {dagbag.py:588} INFO - Filling up the DagBag from /home/airflow/.local/lib/python3.12/site-packages/airflow/example_dags/example_external_task_marker_dag.py
[2024-12-04T17:24:47.873+0000] {processor.py:925} INFO - DAG(s) 'example_external_task_marker_parent', 'example_external_task_marker_child' retrieved from /home/airflow/.local/lib/python3.12/site-packages/airflow/example_dags/example_external_task_marker_dag.py
[2024-12-04T17:24:47.899+0000] {logging_mixin.py:190} INFO - [2024-12-04T17:24:47.898+0000] {dag.py:3239} INFO - Sync 2 DAGs
[2024-12-04T17:24:47.908+0000] {logging_mixin.py:190} INFO - [2024-12-04T17:24:47.908+0000] {dag.py:4180} INFO - Setting next_dagrun for example_external_task_marker_child to None, run_after=None
[2024-12-04T17:24:47.910+0000] {logging_mixin.py:190} INFO - [2024-12-04T17:24:47.910+0000] {dag.py:4180} INFO - Setting next_dagrun for example_external_task_marker_parent to None, run_after=None
[2024-12-04T17:24:47.921+0000] {processor.py:208} INFO - Processing /home/airflow/.local/lib/python3.12/site-packages/airflow/example_dags/example_external_task_marker_dag.py took 0.059 seconds
[2024-12-04T17:25:19.327+0000] {processor.py:186} INFO - Started process (PID=1638) to work on /home/airflow/.local/lib/python3.12/site-packages/airflow/example_dags/example_external_task_marker_dag.py
[2024-12-04T17:25:19.329+0000] {processor.py:914} INFO - Processing file /home/airflow/.local/lib/python3.12/site-packages/airflow/example_dags/example_external_task_marker_dag.py for tasks to queue
[2024-12-04T17:25:19.332+0000] {logging_mixin.py:190} INFO - [2024-12-04T17:25:19.332+0000] {dagbag.py:588} INFO - Filling up the DagBag from /home/airflow/.local/lib/python3.12/site-packages/airflow/example_dags/example_external_task_marker_dag.py
[2024-12-04T17:25:19.338+0000] {processor.py:925} INFO - DAG(s) 'example_external_task_marker_child', 'example_external_task_marker_parent' retrieved from /home/airflow/.local/lib/python3.12/site-packages/airflow/example_dags/example_external_task_marker_dag.py
[2024-12-04T17:25:19.354+0000] {logging_mixin.py:190} INFO - [2024-12-04T17:25:19.354+0000] {dag.py:3239} INFO - Sync 2 DAGs
[2024-12-04T17:25:19.364+0000] {logging_mixin.py:190} INFO - [2024-12-04T17:25:19.364+0000] {dag.py:4180} INFO - Setting next_dagrun for example_external_task_marker_child to None, run_after=None
[2024-12-04T17:25:19.367+0000] {logging_mixin.py:190} INFO - [2024-12-04T17:25:19.367+0000] {dag.py:4180} INFO - Setting next_dagrun for example_external_task_marker_parent to None, run_after=None
[2024-12-04T17:25:19.376+0000] {processor.py:208} INFO - Processing /home/airflow/.local/lib/python3.12/site-packages/airflow/example_dags/example_external_task_marker_dag.py took 0.053 seconds
[2024-12-04T17:25:49.595+0000] {processor.py:186} INFO - Started process (PID=1701) to work on /home/airflow/.local/lib/python3.12/site-packages/airflow/example_dags/example_external_task_marker_dag.py
[2024-12-04T17:25:49.598+0000] {processor.py:914} INFO - Processing file /home/airflow/.local/lib/python3.12/site-packages/airflow/example_dags/example_external_task_marker_dag.py for tasks to queue
[2024-12-04T17:25:49.599+0000] {logging_mixin.py:190} INFO - [2024-12-04T17:25:49.599+0000] {dagbag.py:588} INFO - Filling up the DagBag from /home/airflow/.local/lib/python3.12/site-packages/airflow/example_dags/example_external_task_marker_dag.py
[2024-12-04T17:25:49.604+0000] {processor.py:925} INFO - DAG(s) 'example_external_task_marker_child', 'example_external_task_marker_parent' retrieved from /home/airflow/.local/lib/python3.12/site-packages/airflow/example_dags/example_external_task_marker_dag.py
[2024-12-04T17:25:49.616+0000] {logging_mixin.py:190} INFO - [2024-12-04T17:25:49.616+0000] {dag.py:3239} INFO - Sync 2 DAGs
[2024-12-04T17:25:49.624+0000] {logging_mixin.py:190} INFO - [2024-12-04T17:25:49.623+0000] {dag.py:4180} INFO - Setting next_dagrun for example_external_task_marker_child to None, run_after=None
[2024-12-04T17:25:49.626+0000] {logging_mixin.py:190} INFO - [2024-12-04T17:25:49.625+0000] {dag.py:4180} INFO - Setting next_dagrun for example_external_task_marker_parent to None, run_after=None
[2024-12-04T17:25:49.634+0000] {processor.py:208} INFO - Processing /home/airflow/.local/lib/python3.12/site-packages/airflow/example_dags/example_external_task_marker_dag.py took 0.043 seconds
[2024-12-04T17:26:22.505+0000] {processor.py:186} INFO - Started process (PID=1767) to work on /home/airflow/.local/lib/python3.12/site-packages/airflow/example_dags/example_external_task_marker_dag.py
[2024-12-04T17:26:22.513+0000] {processor.py:914} INFO - Processing file /home/airflow/.local/lib/python3.12/site-packages/airflow/example_dags/example_external_task_marker_dag.py for tasks to queue
[2024-12-04T17:26:22.530+0000] {logging_mixin.py:190} INFO - [2024-12-04T17:26:22.529+0000] {dagbag.py:588} INFO - Filling up the DagBag from /home/airflow/.local/lib/python3.12/site-packages/airflow/example_dags/example_external_task_marker_dag.py
[2024-12-04T17:26:22.576+0000] {processor.py:925} INFO - DAG(s) 'example_external_task_marker_parent', 'example_external_task_marker_child' retrieved from /home/airflow/.local/lib/python3.12/site-packages/airflow/example_dags/example_external_task_marker_dag.py
[2024-12-04T17:26:22.680+0000] {logging_mixin.py:190} INFO - [2024-12-04T17:26:22.679+0000] {dag.py:3239} INFO - Sync 2 DAGs
[2024-12-04T17:26:22.704+0000] {logging_mixin.py:190} INFO - [2024-12-04T17:26:22.704+0000] {dag.py:4180} INFO - Setting next_dagrun for example_external_task_marker_child to None, run_after=None
[2024-12-04T17:26:22.708+0000] {logging_mixin.py:190} INFO - [2024-12-04T17:26:22.708+0000] {dag.py:4180} INFO - Setting next_dagrun for example_external_task_marker_parent to None, run_after=None
[2024-12-04T17:26:22.729+0000] {processor.py:208} INFO - Processing /home/airflow/.local/lib/python3.12/site-packages/airflow/example_dags/example_external_task_marker_dag.py took 0.239 seconds
[2024-12-04T17:26:53.292+0000] {processor.py:186} INFO - Started process (PID=1828) to work on /home/airflow/.local/lib/python3.12/site-packages/airflow/example_dags/example_external_task_marker_dag.py
[2024-12-04T17:26:53.298+0000] {processor.py:914} INFO - Processing file /home/airflow/.local/lib/python3.12/site-packages/airflow/example_dags/example_external_task_marker_dag.py for tasks to queue
[2024-12-04T17:26:53.306+0000] {logging_mixin.py:190} INFO - [2024-12-04T17:26:53.305+0000] {dagbag.py:588} INFO - Filling up the DagBag from /home/airflow/.local/lib/python3.12/site-packages/airflow/example_dags/example_external_task_marker_dag.py
[2024-12-04T17:26:53.353+0000] {processor.py:925} INFO - DAG(s) 'example_external_task_marker_child', 'example_external_task_marker_parent' retrieved from /home/airflow/.local/lib/python3.12/site-packages/airflow/example_dags/example_external_task_marker_dag.py
[2024-12-04T17:26:53.452+0000] {logging_mixin.py:190} INFO - [2024-12-04T17:26:53.450+0000] {dag.py:3239} INFO - Sync 2 DAGs
[2024-12-04T17:26:53.510+0000] {logging_mixin.py:190} INFO - [2024-12-04T17:26:53.509+0000] {dag.py:4180} INFO - Setting next_dagrun for example_external_task_marker_child to None, run_after=None
[2024-12-04T17:26:53.519+0000] {logging_mixin.py:190} INFO - [2024-12-04T17:26:53.518+0000] {dag.py:4180} INFO - Setting next_dagrun for example_external_task_marker_parent to None, run_after=None
[2024-12-04T17:26:53.567+0000] {processor.py:208} INFO - Processing /home/airflow/.local/lib/python3.12/site-packages/airflow/example_dags/example_external_task_marker_dag.py took 0.312 seconds
[2024-12-04T17:27:24.119+0000] {processor.py:186} INFO - Started process (PID=1890) to work on /home/airflow/.local/lib/python3.12/site-packages/airflow/example_dags/example_external_task_marker_dag.py
[2024-12-04T17:27:24.121+0000] {processor.py:914} INFO - Processing file /home/airflow/.local/lib/python3.12/site-packages/airflow/example_dags/example_external_task_marker_dag.py for tasks to queue
[2024-12-04T17:27:24.125+0000] {logging_mixin.py:190} INFO - [2024-12-04T17:27:24.124+0000] {dagbag.py:588} INFO - Filling up the DagBag from /home/airflow/.local/lib/python3.12/site-packages/airflow/example_dags/example_external_task_marker_dag.py
[2024-12-04T17:27:24.162+0000] {processor.py:925} INFO - DAG(s) 'example_external_task_marker_parent', 'example_external_task_marker_child' retrieved from /home/airflow/.local/lib/python3.12/site-packages/airflow/example_dags/example_external_task_marker_dag.py
[2024-12-04T17:27:24.238+0000] {logging_mixin.py:190} INFO - [2024-12-04T17:27:24.238+0000] {dag.py:3239} INFO - Sync 2 DAGs
[2024-12-04T17:27:24.270+0000] {logging_mixin.py:190} INFO - [2024-12-04T17:27:24.270+0000] {dag.py:4180} INFO - Setting next_dagrun for example_external_task_marker_child to None, run_after=None
[2024-12-04T17:27:24.275+0000] {logging_mixin.py:190} INFO - [2024-12-04T17:27:24.275+0000] {dag.py:4180} INFO - Setting next_dagrun for example_external_task_marker_parent to None, run_after=None
[2024-12-04T17:27:24.309+0000] {processor.py:208} INFO - Processing /home/airflow/.local/lib/python3.12/site-packages/airflow/example_dags/example_external_task_marker_dag.py took 0.204 seconds
[2024-12-04T17:27:55.881+0000] {processor.py:186} INFO - Started process (PID=1954) to work on /home/airflow/.local/lib/python3.12/site-packages/airflow/example_dags/example_external_task_marker_dag.py
[2024-12-04T17:27:55.883+0000] {processor.py:914} INFO - Processing file /home/airflow/.local/lib/python3.12/site-packages/airflow/example_dags/example_external_task_marker_dag.py for tasks to queue
[2024-12-04T17:27:55.888+0000] {logging_mixin.py:190} INFO - [2024-12-04T17:27:55.887+0000] {dagbag.py:588} INFO - Filling up the DagBag from /home/airflow/.local/lib/python3.12/site-packages/airflow/example_dags/example_external_task_marker_dag.py
[2024-12-04T17:27:55.917+0000] {processor.py:925} INFO - DAG(s) 'example_external_task_marker_parent', 'example_external_task_marker_child' retrieved from /home/airflow/.local/lib/python3.12/site-packages/airflow/example_dags/example_external_task_marker_dag.py
[2024-12-04T17:27:55.974+0000] {logging_mixin.py:190} INFO - [2024-12-04T17:27:55.973+0000] {dag.py:3239} INFO - Sync 2 DAGs
[2024-12-04T17:27:56.010+0000] {logging_mixin.py:190} INFO - [2024-12-04T17:27:56.010+0000] {dag.py:4180} INFO - Setting next_dagrun for example_external_task_marker_child to None, run_after=None
[2024-12-04T17:27:56.014+0000] {logging_mixin.py:190} INFO - [2024-12-04T17:27:56.014+0000] {dag.py:4180} INFO - Setting next_dagrun for example_external_task_marker_parent to None, run_after=None
[2024-12-04T17:27:56.049+0000] {processor.py:208} INFO - Processing /home/airflow/.local/lib/python3.12/site-packages/airflow/example_dags/example_external_task_marker_dag.py took 0.182 seconds
[2024-12-04T17:28:26.698+0000] {processor.py:186} INFO - Started process (PID=2017) to work on /home/airflow/.local/lib/python3.12/site-packages/airflow/example_dags/example_external_task_marker_dag.py
[2024-12-04T17:28:26.701+0000] {processor.py:914} INFO - Processing file /home/airflow/.local/lib/python3.12/site-packages/airflow/example_dags/example_external_task_marker_dag.py for tasks to queue
[2024-12-04T17:28:26.704+0000] {logging_mixin.py:190} INFO - [2024-12-04T17:28:26.704+0000] {dagbag.py:588} INFO - Filling up the DagBag from /home/airflow/.local/lib/python3.12/site-packages/airflow/example_dags/example_external_task_marker_dag.py
[2024-12-04T17:28:26.721+0000] {processor.py:925} INFO - DAG(s) 'example_external_task_marker_child', 'example_external_task_marker_parent' retrieved from /home/airflow/.local/lib/python3.12/site-packages/airflow/example_dags/example_external_task_marker_dag.py
[2024-12-04T17:28:26.750+0000] {logging_mixin.py:190} INFO - [2024-12-04T17:28:26.750+0000] {dag.py:3239} INFO - Sync 2 DAGs
[2024-12-04T17:28:26.769+0000] {logging_mixin.py:190} INFO - [2024-12-04T17:28:26.769+0000] {dag.py:4180} INFO - Setting next_dagrun for example_external_task_marker_child to None, run_after=None
[2024-12-04T17:28:26.772+0000] {logging_mixin.py:190} INFO - [2024-12-04T17:28:26.772+0000] {dag.py:4180} INFO - Setting next_dagrun for example_external_task_marker_parent to None, run_after=None
[2024-12-04T17:28:26.794+0000] {processor.py:208} INFO - Processing /home/airflow/.local/lib/python3.12/site-packages/airflow/example_dags/example_external_task_marker_dag.py took 0.102 seconds
[2024-12-04T17:28:59.186+0000] {processor.py:186} INFO - Started process (PID=2086) to work on /home/airflow/.local/lib/python3.12/site-packages/airflow/example_dags/example_external_task_marker_dag.py
[2024-12-04T17:28:59.187+0000] {processor.py:914} INFO - Processing file /home/airflow/.local/lib/python3.12/site-packages/airflow/example_dags/example_external_task_marker_dag.py for tasks to queue
[2024-12-04T17:28:59.191+0000] {logging_mixin.py:190} INFO - [2024-12-04T17:28:59.190+0000] {dagbag.py:588} INFO - Filling up the DagBag from /home/airflow/.local/lib/python3.12/site-packages/airflow/example_dags/example_external_task_marker_dag.py
[2024-12-04T17:28:59.248+0000] {processor.py:925} INFO - DAG(s) 'example_external_task_marker_child', 'example_external_task_marker_parent' retrieved from /home/airflow/.local/lib/python3.12/site-packages/airflow/example_dags/example_external_task_marker_dag.py
[2024-12-04T17:28:59.332+0000] {logging_mixin.py:190} INFO - [2024-12-04T17:28:59.330+0000] {dag.py:3239} INFO - Sync 2 DAGs
[2024-12-04T17:28:59.438+0000] {logging_mixin.py:190} INFO - [2024-12-04T17:28:59.438+0000] {dag.py:4180} INFO - Setting next_dagrun for example_external_task_marker_child to None, run_after=None
[2024-12-04T17:28:59.445+0000] {logging_mixin.py:190} INFO - [2024-12-04T17:28:59.445+0000] {dag.py:4180} INFO - Setting next_dagrun for example_external_task_marker_parent to None, run_after=None
[2024-12-04T17:28:59.509+0000] {processor.py:208} INFO - Processing /home/airflow/.local/lib/python3.12/site-packages/airflow/example_dags/example_external_task_marker_dag.py took 0.334 seconds
[2024-12-04T17:29:29.647+0000] {processor.py:186} INFO - Started process (PID=2148) to work on /home/airflow/.local/lib/python3.12/site-packages/airflow/example_dags/example_external_task_marker_dag.py
[2024-12-04T17:29:29.651+0000] {processor.py:914} INFO - Processing file /home/airflow/.local/lib/python3.12/site-packages/airflow/example_dags/example_external_task_marker_dag.py for tasks to queue
[2024-12-04T17:29:29.655+0000] {logging_mixin.py:190} INFO - [2024-12-04T17:29:29.654+0000] {dagbag.py:588} INFO - Filling up the DagBag from /home/airflow/.local/lib/python3.12/site-packages/airflow/example_dags/example_external_task_marker_dag.py
[2024-12-04T17:29:29.670+0000] {processor.py:925} INFO - DAG(s) 'example_external_task_marker_parent', 'example_external_task_marker_child' retrieved from /home/airflow/.local/lib/python3.12/site-packages/airflow/example_dags/example_external_task_marker_dag.py
[2024-12-04T17:29:29.702+0000] {logging_mixin.py:190} INFO - [2024-12-04T17:29:29.701+0000] {dag.py:3239} INFO - Sync 2 DAGs
[2024-12-04T17:29:29.725+0000] {logging_mixin.py:190} INFO - [2024-12-04T17:29:29.724+0000] {dag.py:4180} INFO - Setting next_dagrun for example_external_task_marker_child to None, run_after=None
[2024-12-04T17:29:29.729+0000] {logging_mixin.py:190} INFO - [2024-12-04T17:29:29.728+0000] {dag.py:4180} INFO - Setting next_dagrun for example_external_task_marker_parent to None, run_after=None
[2024-12-04T17:29:29.754+0000] {processor.py:208} INFO - Processing /home/airflow/.local/lib/python3.12/site-packages/airflow/example_dags/example_external_task_marker_dag.py took 0.118 seconds
[2024-12-04T17:30:00.229+0000] {processor.py:186} INFO - Started process (PID=2211) to work on /home/airflow/.local/lib/python3.12/site-packages/airflow/example_dags/example_external_task_marker_dag.py
[2024-12-04T17:30:00.229+0000] {processor.py:914} INFO - Processing file /home/airflow/.local/lib/python3.12/site-packages/airflow/example_dags/example_external_task_marker_dag.py for tasks to queue
[2024-12-04T17:30:00.230+0000] {logging_mixin.py:190} INFO - [2024-12-04T17:30:00.230+0000] {dagbag.py:588} INFO - Filling up the DagBag from /home/airflow/.local/lib/python3.12/site-packages/airflow/example_dags/example_external_task_marker_dag.py
[2024-12-04T17:30:00.235+0000] {processor.py:925} INFO - DAG(s) 'example_external_task_marker_parent', 'example_external_task_marker_child' retrieved from /home/airflow/.local/lib/python3.12/site-packages/airflow/example_dags/example_external_task_marker_dag.py
[2024-12-04T17:30:00.246+0000] {logging_mixin.py:190} INFO - [2024-12-04T17:30:00.246+0000] {dag.py:3239} INFO - Sync 2 DAGs
[2024-12-04T17:30:00.253+0000] {logging_mixin.py:190} INFO - [2024-12-04T17:30:00.253+0000] {dag.py:4180} INFO - Setting next_dagrun for example_external_task_marker_child to None, run_after=None
[2024-12-04T17:30:00.255+0000] {logging_mixin.py:190} INFO - [2024-12-04T17:30:00.255+0000] {dag.py:4180} INFO - Setting next_dagrun for example_external_task_marker_parent to None, run_after=None
[2024-12-04T17:30:00.263+0000] {processor.py:208} INFO - Processing /home/airflow/.local/lib/python3.12/site-packages/airflow/example_dags/example_external_task_marker_dag.py took 0.038 seconds
[2024-12-04T17:30:30.419+0000] {processor.py:186} INFO - Started process (PID=2274) to work on /home/airflow/.local/lib/python3.12/site-packages/airflow/example_dags/example_external_task_marker_dag.py
[2024-12-04T17:30:30.420+0000] {processor.py:914} INFO - Processing file /home/airflow/.local/lib/python3.12/site-packages/airflow/example_dags/example_external_task_marker_dag.py for tasks to queue
[2024-12-04T17:30:30.422+0000] {logging_mixin.py:190} INFO - [2024-12-04T17:30:30.422+0000] {dagbag.py:588} INFO - Filling up the DagBag from /home/airflow/.local/lib/python3.12/site-packages/airflow/example_dags/example_external_task_marker_dag.py
[2024-12-04T17:30:30.433+0000] {processor.py:925} INFO - DAG(s) 'example_external_task_marker_parent', 'example_external_task_marker_child' retrieved from /home/airflow/.local/lib/python3.12/site-packages/airflow/example_dags/example_external_task_marker_dag.py
[2024-12-04T17:30:30.463+0000] {logging_mixin.py:190} INFO - [2024-12-04T17:30:30.463+0000] {dag.py:3239} INFO - Sync 2 DAGs
[2024-12-04T17:30:30.476+0000] {logging_mixin.py:190} INFO - [2024-12-04T17:30:30.476+0000] {dag.py:4180} INFO - Setting next_dagrun for example_external_task_marker_child to None, run_after=None
[2024-12-04T17:30:30.478+0000] {logging_mixin.py:190} INFO - [2024-12-04T17:30:30.478+0000] {dag.py:4180} INFO - Setting next_dagrun for example_external_task_marker_parent to None, run_after=None
[2024-12-04T17:30:30.488+0000] {processor.py:208} INFO - Processing /home/airflow/.local/lib/python3.12/site-packages/airflow/example_dags/example_external_task_marker_dag.py took 0.074 seconds
[2024-12-04T17:31:00.832+0000] {processor.py:186} INFO - Started process (PID=2337) to work on /home/airflow/.local/lib/python3.12/site-packages/airflow/example_dags/example_external_task_marker_dag.py
[2024-12-04T17:31:00.833+0000] {processor.py:914} INFO - Processing file /home/airflow/.local/lib/python3.12/site-packages/airflow/example_dags/example_external_task_marker_dag.py for tasks to queue
[2024-12-04T17:31:00.834+0000] {logging_mixin.py:190} INFO - [2024-12-04T17:31:00.834+0000] {dagbag.py:588} INFO - Filling up the DagBag from /home/airflow/.local/lib/python3.12/site-packages/airflow/example_dags/example_external_task_marker_dag.py
[2024-12-04T17:31:00.838+0000] {processor.py:925} INFO - DAG(s) 'example_external_task_marker_parent', 'example_external_task_marker_child' retrieved from /home/airflow/.local/lib/python3.12/site-packages/airflow/example_dags/example_external_task_marker_dag.py
[2024-12-04T17:31:00.849+0000] {logging_mixin.py:190} INFO - [2024-12-04T17:31:00.849+0000] {dag.py:3239} INFO - Sync 2 DAGs
[2024-12-04T17:31:00.856+0000] {logging_mixin.py:190} INFO - [2024-12-04T17:31:00.856+0000] {dag.py:4180} INFO - Setting next_dagrun for example_external_task_marker_child to None, run_after=None
[2024-12-04T17:31:00.858+0000] {logging_mixin.py:190} INFO - [2024-12-04T17:31:00.858+0000] {dag.py:4180} INFO - Setting next_dagrun for example_external_task_marker_parent to None, run_after=None
[2024-12-04T17:31:00.865+0000] {processor.py:208} INFO - Processing /home/airflow/.local/lib/python3.12/site-packages/airflow/example_dags/example_external_task_marker_dag.py took 0.035 seconds
[2024-12-04T17:31:31.631+0000] {processor.py:186} INFO - Started process (PID=2400) to work on /home/airflow/.local/lib/python3.12/site-packages/airflow/example_dags/example_external_task_marker_dag.py
[2024-12-04T17:31:31.632+0000] {processor.py:914} INFO - Processing file /home/airflow/.local/lib/python3.12/site-packages/airflow/example_dags/example_external_task_marker_dag.py for tasks to queue
[2024-12-04T17:31:31.633+0000] {logging_mixin.py:190} INFO - [2024-12-04T17:31:31.633+0000] {dagbag.py:588} INFO - Filling up the DagBag from /home/airflow/.local/lib/python3.12/site-packages/airflow/example_dags/example_external_task_marker_dag.py
[2024-12-04T17:31:31.637+0000] {processor.py:925} INFO - DAG(s) 'example_external_task_marker_child', 'example_external_task_marker_parent' retrieved from /home/airflow/.local/lib/python3.12/site-packages/airflow/example_dags/example_external_task_marker_dag.py
[2024-12-04T17:31:31.648+0000] {logging_mixin.py:190} INFO - [2024-12-04T17:31:31.648+0000] {dag.py:3239} INFO - Sync 2 DAGs
[2024-12-04T17:31:31.655+0000] {logging_mixin.py:190} INFO - [2024-12-04T17:31:31.654+0000] {dag.py:4180} INFO - Setting next_dagrun for example_external_task_marker_child to None, run_after=None
[2024-12-04T17:31:31.656+0000] {logging_mixin.py:190} INFO - [2024-12-04T17:31:31.656+0000] {dag.py:4180} INFO - Setting next_dagrun for example_external_task_marker_parent to None, run_after=None
[2024-12-04T17:31:31.663+0000] {processor.py:208} INFO - Processing /home/airflow/.local/lib/python3.12/site-packages/airflow/example_dags/example_external_task_marker_dag.py took 0.035 seconds
[2024-12-04T17:32:01.807+0000] {processor.py:186} INFO - Started process (PID=2463) to work on /home/airflow/.local/lib/python3.12/site-packages/airflow/example_dags/example_external_task_marker_dag.py
[2024-12-04T17:32:01.808+0000] {processor.py:914} INFO - Processing file /home/airflow/.local/lib/python3.12/site-packages/airflow/example_dags/example_external_task_marker_dag.py for tasks to queue
[2024-12-04T17:32:01.809+0000] {logging_mixin.py:190} INFO - [2024-12-04T17:32:01.809+0000] {dagbag.py:588} INFO - Filling up the DagBag from /home/airflow/.local/lib/python3.12/site-packages/airflow/example_dags/example_external_task_marker_dag.py
[2024-12-04T17:32:01.813+0000] {processor.py:925} INFO - DAG(s) 'example_external_task_marker_child', 'example_external_task_marker_parent' retrieved from /home/airflow/.local/lib/python3.12/site-packages/airflow/example_dags/example_external_task_marker_dag.py
[2024-12-04T17:32:01.826+0000] {logging_mixin.py:190} INFO - [2024-12-04T17:32:01.826+0000] {dag.py:3239} INFO - Sync 2 DAGs
[2024-12-04T17:32:01.833+0000] {logging_mixin.py:190} INFO - [2024-12-04T17:32:01.832+0000] {dag.py:4180} INFO - Setting next_dagrun for example_external_task_marker_child to None, run_after=None
[2024-12-04T17:32:01.834+0000] {logging_mixin.py:190} INFO - [2024-12-04T17:32:01.834+0000] {dag.py:4180} INFO - Setting next_dagrun for example_external_task_marker_parent to None, run_after=None
[2024-12-04T17:32:01.841+0000] {processor.py:208} INFO - Processing /home/airflow/.local/lib/python3.12/site-packages/airflow/example_dags/example_external_task_marker_dag.py took 0.038 seconds
[2024-12-04T17:32:32.337+0000] {processor.py:186} INFO - Started process (PID=2526) to work on /home/airflow/.local/lib/python3.12/site-packages/airflow/example_dags/example_external_task_marker_dag.py
[2024-12-04T17:32:32.337+0000] {processor.py:914} INFO - Processing file /home/airflow/.local/lib/python3.12/site-packages/airflow/example_dags/example_external_task_marker_dag.py for tasks to queue
[2024-12-04T17:32:32.338+0000] {logging_mixin.py:190} INFO - [2024-12-04T17:32:32.338+0000] {dagbag.py:588} INFO - Filling up the DagBag from /home/airflow/.local/lib/python3.12/site-packages/airflow/example_dags/example_external_task_marker_dag.py
[2024-12-04T17:32:32.342+0000] {processor.py:925} INFO - DAG(s) 'example_external_task_marker_parent', 'example_external_task_marker_child' retrieved from /home/airflow/.local/lib/python3.12/site-packages/airflow/example_dags/example_external_task_marker_dag.py
[2024-12-04T17:32:32.354+0000] {logging_mixin.py:190} INFO - [2024-12-04T17:32:32.354+0000] {dag.py:3239} INFO - Sync 2 DAGs
[2024-12-04T17:32:32.361+0000] {logging_mixin.py:190} INFO - [2024-12-04T17:32:32.360+0000] {dag.py:4180} INFO - Setting next_dagrun for example_external_task_marker_child to None, run_after=None
[2024-12-04T17:32:32.362+0000] {logging_mixin.py:190} INFO - [2024-12-04T17:32:32.362+0000] {dag.py:4180} INFO - Setting next_dagrun for example_external_task_marker_parent to None, run_after=None
[2024-12-04T17:32:32.369+0000] {processor.py:208} INFO - Processing /home/airflow/.local/lib/python3.12/site-packages/airflow/example_dags/example_external_task_marker_dag.py took 0.035 seconds
