[2024-12-04T17:12:22.817+0000] {processor.py:186} INFO - Started process (PID=100) to work on /home/airflow/.local/lib/python3.12/site-packages/airflow/example_dags/example_nested_branch_dag.py
[2024-12-04T17:12:22.817+0000] {processor.py:914} INFO - Processing file /home/airflow/.local/lib/python3.12/site-packages/airflow/example_dags/example_nested_branch_dag.py for tasks to queue
[2024-12-04T17:12:22.819+0000] {logging_mixin.py:190} INFO - [2024-12-04T17:12:22.819+0000] {dagbag.py:588} INFO - Filling up the DagBag from /home/airflow/.local/lib/python3.12/site-packages/airflow/example_dags/example_nested_branch_dag.py
[2024-12-04T17:12:22.826+0000] {processor.py:925} INFO - DAG(s) 'example_nested_branch_dag' retrieved from /home/airflow/.local/lib/python3.12/site-packages/airflow/example_dags/example_nested_branch_dag.py
[2024-12-04T17:12:22.887+0000] {logging_mixin.py:190} INFO - [2024-12-04T17:12:22.887+0000] {override.py:1911} INFO - Created Permission View: can read on DAG:example_nested_branch_dag
[2024-12-04T17:12:22.893+0000] {logging_mixin.py:190} INFO - [2024-12-04T17:12:22.893+0000] {override.py:1911} INFO - Created Permission View: can delete on DAG:example_nested_branch_dag
[2024-12-04T17:12:22.898+0000] {logging_mixin.py:190} INFO - [2024-12-04T17:12:22.898+0000] {override.py:1911} INFO - Created Permission View: can edit on DAG:example_nested_branch_dag
[2024-12-04T17:12:22.904+0000] {logging_mixin.py:190} INFO - [2024-12-04T17:12:22.903+0000] {override.py:1911} INFO - Created Permission View: menu access on DAG Run:example_nested_branch_dag
[2024-12-04T17:12:22.907+0000] {logging_mixin.py:190} INFO - [2024-12-04T17:12:22.907+0000] {override.py:1911} INFO - Created Permission View: can delete on DAG Run:example_nested_branch_dag
[2024-12-04T17:12:22.911+0000] {logging_mixin.py:190} INFO - [2024-12-04T17:12:22.911+0000] {override.py:1911} INFO - Created Permission View: can read on DAG Run:example_nested_branch_dag
[2024-12-04T17:12:22.914+0000] {logging_mixin.py:190} INFO - [2024-12-04T17:12:22.914+0000] {override.py:1911} INFO - Created Permission View: can create on DAG Run:example_nested_branch_dag
[2024-12-04T17:12:22.915+0000] {logging_mixin.py:190} INFO - [2024-12-04T17:12:22.915+0000] {dag.py:3239} INFO - Sync 1 DAGs
[2024-12-04T17:12:22.921+0000] {logging_mixin.py:190} INFO - [2024-12-04T17:12:22.921+0000] {dag.py:3262} INFO - Creating ORM DAG for example_nested_branch_dag
[2024-12-04T17:12:22.929+0000] {logging_mixin.py:190} INFO - [2024-12-04T17:12:22.929+0000] {dag.py:4180} INFO - Setting next_dagrun for example_nested_branch_dag to 2024-12-03 00:00:00+00:00, run_after=2024-12-04 00:00:00+00:00
[2024-12-04T17:12:22.943+0000] {processor.py:208} INFO - Processing /home/airflow/.local/lib/python3.12/site-packages/airflow/example_dags/example_nested_branch_dag.py took 0.131 seconds
[2024-12-04T17:12:53.461+0000] {processor.py:186} INFO - Started process (PID=163) to work on /home/airflow/.local/lib/python3.12/site-packages/airflow/example_dags/example_nested_branch_dag.py
[2024-12-04T17:12:53.461+0000] {processor.py:914} INFO - Processing file /home/airflow/.local/lib/python3.12/site-packages/airflow/example_dags/example_nested_branch_dag.py for tasks to queue
[2024-12-04T17:12:53.463+0000] {logging_mixin.py:190} INFO - [2024-12-04T17:12:53.462+0000] {dagbag.py:588} INFO - Filling up the DagBag from /home/airflow/.local/lib/python3.12/site-packages/airflow/example_dags/example_nested_branch_dag.py
[2024-12-04T17:12:53.469+0000] {processor.py:925} INFO - DAG(s) 'example_nested_branch_dag' retrieved from /home/airflow/.local/lib/python3.12/site-packages/airflow/example_dags/example_nested_branch_dag.py
[2024-12-04T17:12:53.481+0000] {logging_mixin.py:190} INFO - [2024-12-04T17:12:53.481+0000] {dag.py:3239} INFO - Sync 1 DAGs
[2024-12-04T17:12:53.492+0000] {logging_mixin.py:190} INFO - [2024-12-04T17:12:53.492+0000] {dag.py:4180} INFO - Setting next_dagrun for example_nested_branch_dag to 2024-12-03 00:00:00+00:00, run_after=2024-12-04 00:00:00+00:00
[2024-12-04T17:12:53.499+0000] {processor.py:208} INFO - Processing /home/airflow/.local/lib/python3.12/site-packages/airflow/example_dags/example_nested_branch_dag.py took 0.042 seconds
[2024-12-04T17:13:23.919+0000] {processor.py:186} INFO - Started process (PID=226) to work on /home/airflow/.local/lib/python3.12/site-packages/airflow/example_dags/example_nested_branch_dag.py
[2024-12-04T17:13:23.919+0000] {processor.py:914} INFO - Processing file /home/airflow/.local/lib/python3.12/site-packages/airflow/example_dags/example_nested_branch_dag.py for tasks to queue
[2024-12-04T17:13:23.921+0000] {logging_mixin.py:190} INFO - [2024-12-04T17:13:23.921+0000] {dagbag.py:588} INFO - Filling up the DagBag from /home/airflow/.local/lib/python3.12/site-packages/airflow/example_dags/example_nested_branch_dag.py
[2024-12-04T17:13:23.929+0000] {processor.py:925} INFO - DAG(s) 'example_nested_branch_dag' retrieved from /home/airflow/.local/lib/python3.12/site-packages/airflow/example_dags/example_nested_branch_dag.py
[2024-12-04T17:13:23.944+0000] {logging_mixin.py:190} INFO - [2024-12-04T17:13:23.944+0000] {dag.py:3239} INFO - Sync 1 DAGs
[2024-12-04T17:13:23.963+0000] {logging_mixin.py:190} INFO - [2024-12-04T17:13:23.963+0000] {dag.py:4180} INFO - Setting next_dagrun for example_nested_branch_dag to 2024-12-03 00:00:00+00:00, run_after=2024-12-04 00:00:00+00:00
[2024-12-04T17:13:23.981+0000] {processor.py:208} INFO - Processing /home/airflow/.local/lib/python3.12/site-packages/airflow/example_dags/example_nested_branch_dag.py took 0.066 seconds
[2024-12-04T17:13:55.299+0000] {processor.py:186} INFO - Started process (PID=288) to work on /home/airflow/.local/lib/python3.12/site-packages/airflow/example_dags/example_nested_branch_dag.py
[2024-12-04T17:13:55.302+0000] {processor.py:914} INFO - Processing file /home/airflow/.local/lib/python3.12/site-packages/airflow/example_dags/example_nested_branch_dag.py for tasks to queue
[2024-12-04T17:13:55.305+0000] {logging_mixin.py:190} INFO - [2024-12-04T17:13:55.305+0000] {dagbag.py:588} INFO - Filling up the DagBag from /home/airflow/.local/lib/python3.12/site-packages/airflow/example_dags/example_nested_branch_dag.py
[2024-12-04T17:13:55.312+0000] {processor.py:925} INFO - DAG(s) 'example_nested_branch_dag' retrieved from /home/airflow/.local/lib/python3.12/site-packages/airflow/example_dags/example_nested_branch_dag.py
[2024-12-04T17:13:55.322+0000] {logging_mixin.py:190} INFO - [2024-12-04T17:13:55.322+0000] {dag.py:3239} INFO - Sync 1 DAGs
[2024-12-04T17:13:55.334+0000] {logging_mixin.py:190} INFO - [2024-12-04T17:13:55.334+0000] {dag.py:4180} INFO - Setting next_dagrun for example_nested_branch_dag to 2024-12-03 00:00:00+00:00, run_after=2024-12-04 00:00:00+00:00
[2024-12-04T17:13:55.346+0000] {processor.py:208} INFO - Processing /home/airflow/.local/lib/python3.12/site-packages/airflow/example_dags/example_nested_branch_dag.py took 0.050 seconds
[2024-12-04T17:14:26.774+0000] {processor.py:186} INFO - Started process (PID=351) to work on /home/airflow/.local/lib/python3.12/site-packages/airflow/example_dags/example_nested_branch_dag.py
[2024-12-04T17:14:26.775+0000] {processor.py:914} INFO - Processing file /home/airflow/.local/lib/python3.12/site-packages/airflow/example_dags/example_nested_branch_dag.py for tasks to queue
[2024-12-04T17:14:26.776+0000] {logging_mixin.py:190} INFO - [2024-12-04T17:14:26.776+0000] {dagbag.py:588} INFO - Filling up the DagBag from /home/airflow/.local/lib/python3.12/site-packages/airflow/example_dags/example_nested_branch_dag.py
[2024-12-04T17:14:26.782+0000] {processor.py:925} INFO - DAG(s) 'example_nested_branch_dag' retrieved from /home/airflow/.local/lib/python3.12/site-packages/airflow/example_dags/example_nested_branch_dag.py
[2024-12-04T17:14:26.793+0000] {logging_mixin.py:190} INFO - [2024-12-04T17:14:26.792+0000] {dag.py:3239} INFO - Sync 1 DAGs
[2024-12-04T17:14:26.807+0000] {logging_mixin.py:190} INFO - [2024-12-04T17:14:26.807+0000] {dag.py:4180} INFO - Setting next_dagrun for example_nested_branch_dag to 2024-12-03 00:00:00+00:00, run_after=2024-12-04 00:00:00+00:00
[2024-12-04T17:14:26.816+0000] {processor.py:208} INFO - Processing /home/airflow/.local/lib/python3.12/site-packages/airflow/example_dags/example_nested_branch_dag.py took 0.045 seconds
[2024-12-04T17:14:58.345+0000] {processor.py:186} INFO - Started process (PID=414) to work on /home/airflow/.local/lib/python3.12/site-packages/airflow/example_dags/example_nested_branch_dag.py
[2024-12-04T17:14:58.346+0000] {processor.py:914} INFO - Processing file /home/airflow/.local/lib/python3.12/site-packages/airflow/example_dags/example_nested_branch_dag.py for tasks to queue
[2024-12-04T17:14:58.348+0000] {logging_mixin.py:190} INFO - [2024-12-04T17:14:58.347+0000] {dagbag.py:588} INFO - Filling up the DagBag from /home/airflow/.local/lib/python3.12/site-packages/airflow/example_dags/example_nested_branch_dag.py
[2024-12-04T17:14:58.354+0000] {processor.py:925} INFO - DAG(s) 'example_nested_branch_dag' retrieved from /home/airflow/.local/lib/python3.12/site-packages/airflow/example_dags/example_nested_branch_dag.py
[2024-12-04T17:14:58.366+0000] {logging_mixin.py:190} INFO - [2024-12-04T17:14:58.366+0000] {dag.py:3239} INFO - Sync 1 DAGs
[2024-12-04T17:14:58.379+0000] {logging_mixin.py:190} INFO - [2024-12-04T17:14:58.379+0000] {dag.py:4180} INFO - Setting next_dagrun for example_nested_branch_dag to 2024-12-03 00:00:00+00:00, run_after=2024-12-04 00:00:00+00:00
[2024-12-04T17:14:58.390+0000] {processor.py:208} INFO - Processing /home/airflow/.local/lib/python3.12/site-packages/airflow/example_dags/example_nested_branch_dag.py took 0.048 seconds
[2024-12-04T17:15:29.149+0000] {processor.py:186} INFO - Started process (PID=477) to work on /home/airflow/.local/lib/python3.12/site-packages/airflow/example_dags/example_nested_branch_dag.py
[2024-12-04T17:15:29.150+0000] {processor.py:914} INFO - Processing file /home/airflow/.local/lib/python3.12/site-packages/airflow/example_dags/example_nested_branch_dag.py for tasks to queue
[2024-12-04T17:15:29.151+0000] {logging_mixin.py:190} INFO - [2024-12-04T17:15:29.151+0000] {dagbag.py:588} INFO - Filling up the DagBag from /home/airflow/.local/lib/python3.12/site-packages/airflow/example_dags/example_nested_branch_dag.py
[2024-12-04T17:15:29.158+0000] {processor.py:925} INFO - DAG(s) 'example_nested_branch_dag' retrieved from /home/airflow/.local/lib/python3.12/site-packages/airflow/example_dags/example_nested_branch_dag.py
[2024-12-04T17:15:29.171+0000] {logging_mixin.py:190} INFO - [2024-12-04T17:15:29.171+0000] {dag.py:3239} INFO - Sync 1 DAGs
[2024-12-04T17:15:29.184+0000] {logging_mixin.py:190} INFO - [2024-12-04T17:15:29.184+0000] {dag.py:4180} INFO - Setting next_dagrun for example_nested_branch_dag to 2024-12-03 00:00:00+00:00, run_after=2024-12-04 00:00:00+00:00
[2024-12-04T17:15:29.197+0000] {processor.py:208} INFO - Processing /home/airflow/.local/lib/python3.12/site-packages/airflow/example_dags/example_nested_branch_dag.py took 0.052 seconds
[2024-12-04T17:16:00.637+0000] {processor.py:186} INFO - Started process (PID=540) to work on /home/airflow/.local/lib/python3.12/site-packages/airflow/example_dags/example_nested_branch_dag.py
[2024-12-04T17:16:00.639+0000] {processor.py:914} INFO - Processing file /home/airflow/.local/lib/python3.12/site-packages/airflow/example_dags/example_nested_branch_dag.py for tasks to queue
[2024-12-04T17:16:00.641+0000] {logging_mixin.py:190} INFO - [2024-12-04T17:16:00.641+0000] {dagbag.py:588} INFO - Filling up the DagBag from /home/airflow/.local/lib/python3.12/site-packages/airflow/example_dags/example_nested_branch_dag.py
[2024-12-04T17:16:00.649+0000] {processor.py:925} INFO - DAG(s) 'example_nested_branch_dag' retrieved from /home/airflow/.local/lib/python3.12/site-packages/airflow/example_dags/example_nested_branch_dag.py
[2024-12-04T17:16:00.669+0000] {logging_mixin.py:190} INFO - [2024-12-04T17:16:00.669+0000] {dag.py:3239} INFO - Sync 1 DAGs
[2024-12-04T17:16:00.682+0000] {logging_mixin.py:190} INFO - [2024-12-04T17:16:00.682+0000] {dag.py:4180} INFO - Setting next_dagrun for example_nested_branch_dag to 2024-12-03 00:00:00+00:00, run_after=2024-12-04 00:00:00+00:00
[2024-12-04T17:16:00.692+0000] {processor.py:208} INFO - Processing /home/airflow/.local/lib/python3.12/site-packages/airflow/example_dags/example_nested_branch_dag.py took 0.058 seconds
[2024-12-04T17:16:31.976+0000] {processor.py:186} INFO - Started process (PID=603) to work on /home/airflow/.local/lib/python3.12/site-packages/airflow/example_dags/example_nested_branch_dag.py
[2024-12-04T17:16:31.978+0000] {processor.py:914} INFO - Processing file /home/airflow/.local/lib/python3.12/site-packages/airflow/example_dags/example_nested_branch_dag.py for tasks to queue
[2024-12-04T17:16:31.979+0000] {logging_mixin.py:190} INFO - [2024-12-04T17:16:31.979+0000] {dagbag.py:588} INFO - Filling up the DagBag from /home/airflow/.local/lib/python3.12/site-packages/airflow/example_dags/example_nested_branch_dag.py
[2024-12-04T17:16:31.985+0000] {processor.py:925} INFO - DAG(s) 'example_nested_branch_dag' retrieved from /home/airflow/.local/lib/python3.12/site-packages/airflow/example_dags/example_nested_branch_dag.py
[2024-12-04T17:16:31.996+0000] {logging_mixin.py:190} INFO - [2024-12-04T17:16:31.996+0000] {dag.py:3239} INFO - Sync 1 DAGs
[2024-12-04T17:16:32.008+0000] {logging_mixin.py:190} INFO - [2024-12-04T17:16:32.008+0000] {dag.py:4180} INFO - Setting next_dagrun for example_nested_branch_dag to 2024-12-03 00:00:00+00:00, run_after=2024-12-04 00:00:00+00:00
[2024-12-04T17:16:32.021+0000] {processor.py:208} INFO - Processing /home/airflow/.local/lib/python3.12/site-packages/airflow/example_dags/example_nested_branch_dag.py took 0.048 seconds
[2024-12-04T17:17:02.757+0000] {processor.py:186} INFO - Started process (PID=666) to work on /home/airflow/.local/lib/python3.12/site-packages/airflow/example_dags/example_nested_branch_dag.py
[2024-12-04T17:17:02.758+0000] {processor.py:914} INFO - Processing file /home/airflow/.local/lib/python3.12/site-packages/airflow/example_dags/example_nested_branch_dag.py for tasks to queue
[2024-12-04T17:17:02.760+0000] {logging_mixin.py:190} INFO - [2024-12-04T17:17:02.759+0000] {dagbag.py:588} INFO - Filling up the DagBag from /home/airflow/.local/lib/python3.12/site-packages/airflow/example_dags/example_nested_branch_dag.py
[2024-12-04T17:17:02.767+0000] {processor.py:925} INFO - DAG(s) 'example_nested_branch_dag' retrieved from /home/airflow/.local/lib/python3.12/site-packages/airflow/example_dags/example_nested_branch_dag.py
[2024-12-04T17:17:02.782+0000] {logging_mixin.py:190} INFO - [2024-12-04T17:17:02.782+0000] {dag.py:3239} INFO - Sync 1 DAGs
[2024-12-04T17:17:02.795+0000] {logging_mixin.py:190} INFO - [2024-12-04T17:17:02.795+0000] {dag.py:4180} INFO - Setting next_dagrun for example_nested_branch_dag to 2024-12-03 00:00:00+00:00, run_after=2024-12-04 00:00:00+00:00
[2024-12-04T17:17:02.804+0000] {processor.py:208} INFO - Processing /home/airflow/.local/lib/python3.12/site-packages/airflow/example_dags/example_nested_branch_dag.py took 0.050 seconds
[2024-12-04T17:17:34.248+0000] {processor.py:186} INFO - Started process (PID=729) to work on /home/airflow/.local/lib/python3.12/site-packages/airflow/example_dags/example_nested_branch_dag.py
[2024-12-04T17:17:34.251+0000] {processor.py:914} INFO - Processing file /home/airflow/.local/lib/python3.12/site-packages/airflow/example_dags/example_nested_branch_dag.py for tasks to queue
[2024-12-04T17:17:34.253+0000] {logging_mixin.py:190} INFO - [2024-12-04T17:17:34.253+0000] {dagbag.py:588} INFO - Filling up the DagBag from /home/airflow/.local/lib/python3.12/site-packages/airflow/example_dags/example_nested_branch_dag.py
[2024-12-04T17:17:34.260+0000] {processor.py:925} INFO - DAG(s) 'example_nested_branch_dag' retrieved from /home/airflow/.local/lib/python3.12/site-packages/airflow/example_dags/example_nested_branch_dag.py
[2024-12-04T17:17:34.272+0000] {logging_mixin.py:190} INFO - [2024-12-04T17:17:34.272+0000] {dag.py:3239} INFO - Sync 1 DAGs
[2024-12-04T17:17:34.286+0000] {logging_mixin.py:190} INFO - [2024-12-04T17:17:34.286+0000] {dag.py:4180} INFO - Setting next_dagrun for example_nested_branch_dag to 2024-12-03 00:00:00+00:00, run_after=2024-12-04 00:00:00+00:00
[2024-12-04T17:17:34.295+0000] {processor.py:208} INFO - Processing /home/airflow/.local/lib/python3.12/site-packages/airflow/example_dags/example_nested_branch_dag.py took 0.051 seconds
[2024-12-04T17:18:05.766+0000] {processor.py:186} INFO - Started process (PID=792) to work on /home/airflow/.local/lib/python3.12/site-packages/airflow/example_dags/example_nested_branch_dag.py
[2024-12-04T17:18:05.770+0000] {processor.py:914} INFO - Processing file /home/airflow/.local/lib/python3.12/site-packages/airflow/example_dags/example_nested_branch_dag.py for tasks to queue
[2024-12-04T17:18:05.772+0000] {logging_mixin.py:190} INFO - [2024-12-04T17:18:05.772+0000] {dagbag.py:588} INFO - Filling up the DagBag from /home/airflow/.local/lib/python3.12/site-packages/airflow/example_dags/example_nested_branch_dag.py
[2024-12-04T17:18:05.780+0000] {processor.py:925} INFO - DAG(s) 'example_nested_branch_dag' retrieved from /home/airflow/.local/lib/python3.12/site-packages/airflow/example_dags/example_nested_branch_dag.py
[2024-12-04T17:18:05.795+0000] {logging_mixin.py:190} INFO - [2024-12-04T17:18:05.795+0000] {dag.py:3239} INFO - Sync 1 DAGs
[2024-12-04T17:18:05.813+0000] {logging_mixin.py:190} INFO - [2024-12-04T17:18:05.812+0000] {dag.py:4180} INFO - Setting next_dagrun for example_nested_branch_dag to 2024-12-03 00:00:00+00:00, run_after=2024-12-04 00:00:00+00:00
[2024-12-04T17:18:05.825+0000] {processor.py:208} INFO - Processing /home/airflow/.local/lib/python3.12/site-packages/airflow/example_dags/example_nested_branch_dag.py took 0.064 seconds
[2024-12-04T17:18:38.366+0000] {processor.py:186} INFO - Started process (PID=855) to work on /home/airflow/.local/lib/python3.12/site-packages/airflow/example_dags/example_nested_branch_dag.py
[2024-12-04T17:18:38.369+0000] {processor.py:914} INFO - Processing file /home/airflow/.local/lib/python3.12/site-packages/airflow/example_dags/example_nested_branch_dag.py for tasks to queue
[2024-12-04T17:18:38.371+0000] {logging_mixin.py:190} INFO - [2024-12-04T17:18:38.371+0000] {dagbag.py:588} INFO - Filling up the DagBag from /home/airflow/.local/lib/python3.12/site-packages/airflow/example_dags/example_nested_branch_dag.py
[2024-12-04T17:18:38.379+0000] {processor.py:925} INFO - DAG(s) 'example_nested_branch_dag' retrieved from /home/airflow/.local/lib/python3.12/site-packages/airflow/example_dags/example_nested_branch_dag.py
[2024-12-04T17:18:38.390+0000] {logging_mixin.py:190} INFO - [2024-12-04T17:18:38.390+0000] {dag.py:3239} INFO - Sync 1 DAGs
[2024-12-04T17:18:38.405+0000] {logging_mixin.py:190} INFO - [2024-12-04T17:18:38.405+0000] {dag.py:4180} INFO - Setting next_dagrun for example_nested_branch_dag to 2024-12-03 00:00:00+00:00, run_after=2024-12-04 00:00:00+00:00
[2024-12-04T17:18:38.415+0000] {processor.py:208} INFO - Processing /home/airflow/.local/lib/python3.12/site-packages/airflow/example_dags/example_nested_branch_dag.py took 0.053 seconds
[2024-12-04T17:19:09.220+0000] {processor.py:186} INFO - Started process (PID=918) to work on /home/airflow/.local/lib/python3.12/site-packages/airflow/example_dags/example_nested_branch_dag.py
[2024-12-04T17:19:09.220+0000] {processor.py:914} INFO - Processing file /home/airflow/.local/lib/python3.12/site-packages/airflow/example_dags/example_nested_branch_dag.py for tasks to queue
[2024-12-04T17:19:09.222+0000] {logging_mixin.py:190} INFO - [2024-12-04T17:19:09.222+0000] {dagbag.py:588} INFO - Filling up the DagBag from /home/airflow/.local/lib/python3.12/site-packages/airflow/example_dags/example_nested_branch_dag.py
[2024-12-04T17:19:09.228+0000] {processor.py:925} INFO - DAG(s) 'example_nested_branch_dag' retrieved from /home/airflow/.local/lib/python3.12/site-packages/airflow/example_dags/example_nested_branch_dag.py
[2024-12-04T17:19:09.241+0000] {logging_mixin.py:190} INFO - [2024-12-04T17:19:09.241+0000] {dag.py:3239} INFO - Sync 1 DAGs
[2024-12-04T17:19:09.257+0000] {logging_mixin.py:190} INFO - [2024-12-04T17:19:09.257+0000] {dag.py:4180} INFO - Setting next_dagrun for example_nested_branch_dag to 2024-12-03 00:00:00+00:00, run_after=2024-12-04 00:00:00+00:00
[2024-12-04T17:19:09.270+0000] {processor.py:208} INFO - Processing /home/airflow/.local/lib/python3.12/site-packages/airflow/example_dags/example_nested_branch_dag.py took 0.053 seconds
[2024-12-04T17:19:40.659+0000] {processor.py:186} INFO - Started process (PID=981) to work on /home/airflow/.local/lib/python3.12/site-packages/airflow/example_dags/example_nested_branch_dag.py
[2024-12-04T17:19:40.660+0000] {processor.py:914} INFO - Processing file /home/airflow/.local/lib/python3.12/site-packages/airflow/example_dags/example_nested_branch_dag.py for tasks to queue
[2024-12-04T17:19:40.662+0000] {logging_mixin.py:190} INFO - [2024-12-04T17:19:40.661+0000] {dagbag.py:588} INFO - Filling up the DagBag from /home/airflow/.local/lib/python3.12/site-packages/airflow/example_dags/example_nested_branch_dag.py
[2024-12-04T17:19:40.669+0000] {processor.py:925} INFO - DAG(s) 'example_nested_branch_dag' retrieved from /home/airflow/.local/lib/python3.12/site-packages/airflow/example_dags/example_nested_branch_dag.py
[2024-12-04T17:19:40.680+0000] {logging_mixin.py:190} INFO - [2024-12-04T17:19:40.680+0000] {dag.py:3239} INFO - Sync 1 DAGs
[2024-12-04T17:19:40.694+0000] {logging_mixin.py:190} INFO - [2024-12-04T17:19:40.694+0000] {dag.py:4180} INFO - Setting next_dagrun for example_nested_branch_dag to 2024-12-03 00:00:00+00:00, run_after=2024-12-04 00:00:00+00:00
[2024-12-04T17:19:40.705+0000] {processor.py:208} INFO - Processing /home/airflow/.local/lib/python3.12/site-packages/airflow/example_dags/example_nested_branch_dag.py took 0.049 seconds
[2024-12-04T17:20:11.982+0000] {processor.py:186} INFO - Started process (PID=1044) to work on /home/airflow/.local/lib/python3.12/site-packages/airflow/example_dags/example_nested_branch_dag.py
[2024-12-04T17:20:11.983+0000] {processor.py:914} INFO - Processing file /home/airflow/.local/lib/python3.12/site-packages/airflow/example_dags/example_nested_branch_dag.py for tasks to queue
[2024-12-04T17:20:11.984+0000] {logging_mixin.py:190} INFO - [2024-12-04T17:20:11.984+0000] {dagbag.py:588} INFO - Filling up the DagBag from /home/airflow/.local/lib/python3.12/site-packages/airflow/example_dags/example_nested_branch_dag.py
[2024-12-04T17:20:11.990+0000] {processor.py:925} INFO - DAG(s) 'example_nested_branch_dag' retrieved from /home/airflow/.local/lib/python3.12/site-packages/airflow/example_dags/example_nested_branch_dag.py
[2024-12-04T17:20:12.005+0000] {logging_mixin.py:190} INFO - [2024-12-04T17:20:12.005+0000] {dag.py:3239} INFO - Sync 1 DAGs
[2024-12-04T17:20:12.017+0000] {logging_mixin.py:190} INFO - [2024-12-04T17:20:12.017+0000] {dag.py:4180} INFO - Setting next_dagrun for example_nested_branch_dag to 2024-12-03 00:00:00+00:00, run_after=2024-12-04 00:00:00+00:00
[2024-12-04T17:20:12.026+0000] {processor.py:208} INFO - Processing /home/airflow/.local/lib/python3.12/site-packages/airflow/example_dags/example_nested_branch_dag.py took 0.048 seconds
[2024-12-04T17:20:43.394+0000] {processor.py:186} INFO - Started process (PID=1107) to work on /home/airflow/.local/lib/python3.12/site-packages/airflow/example_dags/example_nested_branch_dag.py
[2024-12-04T17:20:43.395+0000] {processor.py:914} INFO - Processing file /home/airflow/.local/lib/python3.12/site-packages/airflow/example_dags/example_nested_branch_dag.py for tasks to queue
[2024-12-04T17:20:43.396+0000] {logging_mixin.py:190} INFO - [2024-12-04T17:20:43.396+0000] {dagbag.py:588} INFO - Filling up the DagBag from /home/airflow/.local/lib/python3.12/site-packages/airflow/example_dags/example_nested_branch_dag.py
[2024-12-04T17:20:43.402+0000] {processor.py:925} INFO - DAG(s) 'example_nested_branch_dag' retrieved from /home/airflow/.local/lib/python3.12/site-packages/airflow/example_dags/example_nested_branch_dag.py
[2024-12-04T17:20:43.413+0000] {logging_mixin.py:190} INFO - [2024-12-04T17:20:43.413+0000] {dag.py:3239} INFO - Sync 1 DAGs
[2024-12-04T17:20:43.427+0000] {logging_mixin.py:190} INFO - [2024-12-04T17:20:43.427+0000] {dag.py:4180} INFO - Setting next_dagrun for example_nested_branch_dag to 2024-12-03 00:00:00+00:00, run_after=2024-12-04 00:00:00+00:00
[2024-12-04T17:20:43.435+0000] {processor.py:208} INFO - Processing /home/airflow/.local/lib/python3.12/site-packages/airflow/example_dags/example_nested_branch_dag.py took 0.044 seconds
[2024-12-04T17:21:15.385+0000] {processor.py:186} INFO - Started process (PID=1170) to work on /home/airflow/.local/lib/python3.12/site-packages/airflow/example_dags/example_nested_branch_dag.py
[2024-12-04T17:21:15.386+0000] {processor.py:914} INFO - Processing file /home/airflow/.local/lib/python3.12/site-packages/airflow/example_dags/example_nested_branch_dag.py for tasks to queue
[2024-12-04T17:21:15.389+0000] {logging_mixin.py:190} INFO - [2024-12-04T17:21:15.389+0000] {dagbag.py:588} INFO - Filling up the DagBag from /home/airflow/.local/lib/python3.12/site-packages/airflow/example_dags/example_nested_branch_dag.py
[2024-12-04T17:21:15.412+0000] {processor.py:925} INFO - DAG(s) 'example_nested_branch_dag' retrieved from /home/airflow/.local/lib/python3.12/site-packages/airflow/example_dags/example_nested_branch_dag.py
[2024-12-04T17:21:15.456+0000] {logging_mixin.py:190} INFO - [2024-12-04T17:21:15.456+0000] {dag.py:3239} INFO - Sync 1 DAGs
[2024-12-04T17:21:15.473+0000] {logging_mixin.py:190} INFO - [2024-12-04T17:21:15.473+0000] {dag.py:4180} INFO - Setting next_dagrun for example_nested_branch_dag to 2024-12-03 00:00:00+00:00, run_after=2024-12-04 00:00:00+00:00
[2024-12-04T17:21:15.489+0000] {processor.py:208} INFO - Processing /home/airflow/.local/lib/python3.12/site-packages/airflow/example_dags/example_nested_branch_dag.py took 0.109 seconds
[2024-12-04T17:21:46.199+0000] {processor.py:186} INFO - Started process (PID=1233) to work on /home/airflow/.local/lib/python3.12/site-packages/airflow/example_dags/example_nested_branch_dag.py
[2024-12-04T17:21:46.200+0000] {processor.py:914} INFO - Processing file /home/airflow/.local/lib/python3.12/site-packages/airflow/example_dags/example_nested_branch_dag.py for tasks to queue
[2024-12-04T17:21:46.202+0000] {logging_mixin.py:190} INFO - [2024-12-04T17:21:46.202+0000] {dagbag.py:588} INFO - Filling up the DagBag from /home/airflow/.local/lib/python3.12/site-packages/airflow/example_dags/example_nested_branch_dag.py
[2024-12-04T17:21:46.226+0000] {processor.py:925} INFO - DAG(s) 'example_nested_branch_dag' retrieved from /home/airflow/.local/lib/python3.12/site-packages/airflow/example_dags/example_nested_branch_dag.py
[2024-12-04T17:21:46.251+0000] {logging_mixin.py:190} INFO - [2024-12-04T17:21:46.251+0000] {dag.py:3239} INFO - Sync 1 DAGs
[2024-12-04T17:21:46.283+0000] {logging_mixin.py:190} INFO - [2024-12-04T17:21:46.282+0000] {dag.py:4180} INFO - Setting next_dagrun for example_nested_branch_dag to 2024-12-03 00:00:00+00:00, run_after=2024-12-04 00:00:00+00:00
[2024-12-04T17:21:46.302+0000] {processor.py:208} INFO - Processing /home/airflow/.local/lib/python3.12/site-packages/airflow/example_dags/example_nested_branch_dag.py took 0.106 seconds
[2024-12-04T17:22:17.460+0000] {processor.py:186} INFO - Started process (PID=1296) to work on /home/airflow/.local/lib/python3.12/site-packages/airflow/example_dags/example_nested_branch_dag.py
[2024-12-04T17:22:17.461+0000] {processor.py:914} INFO - Processing file /home/airflow/.local/lib/python3.12/site-packages/airflow/example_dags/example_nested_branch_dag.py for tasks to queue
[2024-12-04T17:22:17.462+0000] {logging_mixin.py:190} INFO - [2024-12-04T17:22:17.462+0000] {dagbag.py:588} INFO - Filling up the DagBag from /home/airflow/.local/lib/python3.12/site-packages/airflow/example_dags/example_nested_branch_dag.py
[2024-12-04T17:22:17.469+0000] {processor.py:925} INFO - DAG(s) 'example_nested_branch_dag' retrieved from /home/airflow/.local/lib/python3.12/site-packages/airflow/example_dags/example_nested_branch_dag.py
[2024-12-04T17:22:17.481+0000] {logging_mixin.py:190} INFO - [2024-12-04T17:22:17.480+0000] {dag.py:3239} INFO - Sync 1 DAGs
[2024-12-04T17:22:17.496+0000] {logging_mixin.py:190} INFO - [2024-12-04T17:22:17.496+0000] {dag.py:4180} INFO - Setting next_dagrun for example_nested_branch_dag to 2024-12-03 00:00:00+00:00, run_after=2024-12-04 00:00:00+00:00
[2024-12-04T17:22:17.506+0000] {processor.py:208} INFO - Processing /home/airflow/.local/lib/python3.12/site-packages/airflow/example_dags/example_nested_branch_dag.py took 0.050 seconds
[2024-12-04T17:22:59.296+0000] {processor.py:186} INFO - Started process (PID=1365) to work on /home/airflow/.local/lib/python3.12/site-packages/airflow/example_dags/example_nested_branch_dag.py
[2024-12-04T17:22:59.307+0000] {processor.py:914} INFO - Processing file /home/airflow/.local/lib/python3.12/site-packages/airflow/example_dags/example_nested_branch_dag.py for tasks to queue
[2024-12-04T17:22:59.315+0000] {logging_mixin.py:190} INFO - [2024-12-04T17:22:59.314+0000] {dagbag.py:588} INFO - Filling up the DagBag from /home/airflow/.local/lib/python3.12/site-packages/airflow/example_dags/example_nested_branch_dag.py
[2024-12-04T17:22:59.355+0000] {processor.py:925} INFO - DAG(s) 'example_nested_branch_dag' retrieved from /home/airflow/.local/lib/python3.12/site-packages/airflow/example_dags/example_nested_branch_dag.py
[2024-12-04T17:22:59.420+0000] {logging_mixin.py:190} INFO - [2024-12-04T17:22:59.420+0000] {dag.py:3239} INFO - Sync 1 DAGs
[2024-12-04T17:22:59.452+0000] {logging_mixin.py:190} INFO - [2024-12-04T17:22:59.452+0000] {dag.py:4180} INFO - Setting next_dagrun for example_nested_branch_dag to 2024-12-03 00:00:00+00:00, run_after=2024-12-04 00:00:00+00:00
[2024-12-04T17:22:59.481+0000] {processor.py:208} INFO - Processing /home/airflow/.local/lib/python3.12/site-packages/airflow/example_dags/example_nested_branch_dag.py took 0.232 seconds
[2024-12-04T17:23:30.345+0000] {processor.py:186} INFO - Started process (PID=1428) to work on /home/airflow/.local/lib/python3.12/site-packages/airflow/example_dags/example_nested_branch_dag.py
[2024-12-04T17:23:30.351+0000] {processor.py:914} INFO - Processing file /home/airflow/.local/lib/python3.12/site-packages/airflow/example_dags/example_nested_branch_dag.py for tasks to queue
[2024-12-04T17:23:30.367+0000] {logging_mixin.py:190} INFO - [2024-12-04T17:23:30.366+0000] {dagbag.py:588} INFO - Filling up the DagBag from /home/airflow/.local/lib/python3.12/site-packages/airflow/example_dags/example_nested_branch_dag.py
[2024-12-04T17:23:30.401+0000] {processor.py:925} INFO - DAG(s) 'example_nested_branch_dag' retrieved from /home/airflow/.local/lib/python3.12/site-packages/airflow/example_dags/example_nested_branch_dag.py
[2024-12-04T17:23:30.465+0000] {logging_mixin.py:190} INFO - [2024-12-04T17:23:30.465+0000] {dag.py:3239} INFO - Sync 1 DAGs
[2024-12-04T17:23:30.511+0000] {logging_mixin.py:190} INFO - [2024-12-04T17:23:30.510+0000] {dag.py:4180} INFO - Setting next_dagrun for example_nested_branch_dag to 2024-12-03 00:00:00+00:00, run_after=2024-12-04 00:00:00+00:00
[2024-12-04T17:23:30.573+0000] {processor.py:208} INFO - Processing /home/airflow/.local/lib/python3.12/site-packages/airflow/example_dags/example_nested_branch_dag.py took 0.261 seconds
[2024-12-04T17:24:00.628+0000] {processor.py:186} INFO - Started process (PID=1491) to work on /home/airflow/.local/lib/python3.12/site-packages/airflow/example_dags/example_nested_branch_dag.py
[2024-12-04T17:24:00.629+0000] {processor.py:914} INFO - Processing file /home/airflow/.local/lib/python3.12/site-packages/airflow/example_dags/example_nested_branch_dag.py for tasks to queue
[2024-12-04T17:24:00.631+0000] {logging_mixin.py:190} INFO - [2024-12-04T17:24:00.630+0000] {dagbag.py:588} INFO - Filling up the DagBag from /home/airflow/.local/lib/python3.12/site-packages/airflow/example_dags/example_nested_branch_dag.py
[2024-12-04T17:24:00.639+0000] {processor.py:925} INFO - DAG(s) 'example_nested_branch_dag' retrieved from /home/airflow/.local/lib/python3.12/site-packages/airflow/example_dags/example_nested_branch_dag.py
[2024-12-04T17:24:00.661+0000] {logging_mixin.py:190} INFO - [2024-12-04T17:24:00.660+0000] {dag.py:3239} INFO - Sync 1 DAGs
[2024-12-04T17:24:00.679+0000] {logging_mixin.py:190} INFO - [2024-12-04T17:24:00.678+0000] {dag.py:4180} INFO - Setting next_dagrun for example_nested_branch_dag to 2024-12-03 00:00:00+00:00, run_after=2024-12-04 00:00:00+00:00
[2024-12-04T17:24:00.694+0000] {processor.py:208} INFO - Processing /home/airflow/.local/lib/python3.12/site-packages/airflow/example_dags/example_nested_branch_dag.py took 0.072 seconds
[2024-12-04T17:24:36.207+0000] {processor.py:186} INFO - Started process (PID=1553) to work on /home/airflow/.local/lib/python3.12/site-packages/airflow/example_dags/example_nested_branch_dag.py
[2024-12-04T17:24:36.210+0000] {processor.py:914} INFO - Processing file /home/airflow/.local/lib/python3.12/site-packages/airflow/example_dags/example_nested_branch_dag.py for tasks to queue
[2024-12-04T17:24:36.218+0000] {logging_mixin.py:190} INFO - [2024-12-04T17:24:36.217+0000] {dagbag.py:588} INFO - Filling up the DagBag from /home/airflow/.local/lib/python3.12/site-packages/airflow/example_dags/example_nested_branch_dag.py
[2024-12-04T17:24:36.250+0000] {processor.py:925} INFO - DAG(s) 'example_nested_branch_dag' retrieved from /home/airflow/.local/lib/python3.12/site-packages/airflow/example_dags/example_nested_branch_dag.py
[2024-12-04T17:24:36.328+0000] {logging_mixin.py:190} INFO - [2024-12-04T17:24:36.327+0000] {dag.py:3239} INFO - Sync 1 DAGs
[2024-12-04T17:24:36.390+0000] {logging_mixin.py:190} INFO - [2024-12-04T17:24:36.389+0000] {dag.py:4180} INFO - Setting next_dagrun for example_nested_branch_dag to 2024-12-03 00:00:00+00:00, run_after=2024-12-04 00:00:00+00:00
[2024-12-04T17:24:36.427+0000] {processor.py:208} INFO - Processing /home/airflow/.local/lib/python3.12/site-packages/airflow/example_dags/example_nested_branch_dag.py took 0.233 seconds
[2024-12-04T17:25:06.883+0000] {processor.py:186} INFO - Started process (PID=1616) to work on /home/airflow/.local/lib/python3.12/site-packages/airflow/example_dags/example_nested_branch_dag.py
[2024-12-04T17:25:06.884+0000] {processor.py:914} INFO - Processing file /home/airflow/.local/lib/python3.12/site-packages/airflow/example_dags/example_nested_branch_dag.py for tasks to queue
[2024-12-04T17:25:06.885+0000] {logging_mixin.py:190} INFO - [2024-12-04T17:25:06.885+0000] {dagbag.py:588} INFO - Filling up the DagBag from /home/airflow/.local/lib/python3.12/site-packages/airflow/example_dags/example_nested_branch_dag.py
[2024-12-04T17:25:06.891+0000] {processor.py:925} INFO - DAG(s) 'example_nested_branch_dag' retrieved from /home/airflow/.local/lib/python3.12/site-packages/airflow/example_dags/example_nested_branch_dag.py
[2024-12-04T17:25:06.904+0000] {logging_mixin.py:190} INFO - [2024-12-04T17:25:06.904+0000] {dag.py:3239} INFO - Sync 1 DAGs
[2024-12-04T17:25:06.918+0000] {logging_mixin.py:190} INFO - [2024-12-04T17:25:06.918+0000] {dag.py:4180} INFO - Setting next_dagrun for example_nested_branch_dag to 2024-12-03 00:00:00+00:00, run_after=2024-12-04 00:00:00+00:00
[2024-12-04T17:25:06.931+0000] {processor.py:208} INFO - Processing /home/airflow/.local/lib/python3.12/site-packages/airflow/example_dags/example_nested_branch_dag.py took 0.051 seconds
[2024-12-04T17:25:37.219+0000] {processor.py:186} INFO - Started process (PID=1679) to work on /home/airflow/.local/lib/python3.12/site-packages/airflow/example_dags/example_nested_branch_dag.py
[2024-12-04T17:25:37.220+0000] {processor.py:914} INFO - Processing file /home/airflow/.local/lib/python3.12/site-packages/airflow/example_dags/example_nested_branch_dag.py for tasks to queue
[2024-12-04T17:25:37.221+0000] {logging_mixin.py:190} INFO - [2024-12-04T17:25:37.221+0000] {dagbag.py:588} INFO - Filling up the DagBag from /home/airflow/.local/lib/python3.12/site-packages/airflow/example_dags/example_nested_branch_dag.py
[2024-12-04T17:25:37.234+0000] {processor.py:925} INFO - DAG(s) 'example_nested_branch_dag' retrieved from /home/airflow/.local/lib/python3.12/site-packages/airflow/example_dags/example_nested_branch_dag.py
[2024-12-04T17:25:37.254+0000] {logging_mixin.py:190} INFO - [2024-12-04T17:25:37.254+0000] {dag.py:3239} INFO - Sync 1 DAGs
[2024-12-04T17:25:37.270+0000] {logging_mixin.py:190} INFO - [2024-12-04T17:25:37.269+0000] {dag.py:4180} INFO - Setting next_dagrun for example_nested_branch_dag to 2024-12-03 00:00:00+00:00, run_after=2024-12-04 00:00:00+00:00
[2024-12-04T17:25:37.282+0000] {processor.py:208} INFO - Processing /home/airflow/.local/lib/python3.12/site-packages/airflow/example_dags/example_nested_branch_dag.py took 0.067 seconds
[2024-12-04T17:26:07.438+0000] {processor.py:186} INFO - Started process (PID=1742) to work on /home/airflow/.local/lib/python3.12/site-packages/airflow/example_dags/example_nested_branch_dag.py
[2024-12-04T17:26:07.440+0000] {processor.py:914} INFO - Processing file /home/airflow/.local/lib/python3.12/site-packages/airflow/example_dags/example_nested_branch_dag.py for tasks to queue
[2024-12-04T17:26:07.445+0000] {logging_mixin.py:190} INFO - [2024-12-04T17:26:07.444+0000] {dagbag.py:588} INFO - Filling up the DagBag from /home/airflow/.local/lib/python3.12/site-packages/airflow/example_dags/example_nested_branch_dag.py
[2024-12-04T17:26:07.467+0000] {processor.py:925} INFO - DAG(s) 'example_nested_branch_dag' retrieved from /home/airflow/.local/lib/python3.12/site-packages/airflow/example_dags/example_nested_branch_dag.py
[2024-12-04T17:26:07.580+0000] {logging_mixin.py:190} INFO - [2024-12-04T17:26:07.575+0000] {dag.py:3239} INFO - Sync 1 DAGs
[2024-12-04T17:26:07.711+0000] {logging_mixin.py:190} INFO - [2024-12-04T17:26:07.711+0000] {dag.py:4180} INFO - Setting next_dagrun for example_nested_branch_dag to 2024-12-03 00:00:00+00:00, run_after=2024-12-04 00:00:00+00:00
[2024-12-04T17:26:07.791+0000] {processor.py:208} INFO - Processing /home/airflow/.local/lib/python3.12/site-packages/airflow/example_dags/example_nested_branch_dag.py took 0.360 seconds
[2024-12-04T17:26:38.422+0000] {processor.py:186} INFO - Started process (PID=1804) to work on /home/airflow/.local/lib/python3.12/site-packages/airflow/example_dags/example_nested_branch_dag.py
[2024-12-04T17:26:38.422+0000] {processor.py:914} INFO - Processing file /home/airflow/.local/lib/python3.12/site-packages/airflow/example_dags/example_nested_branch_dag.py for tasks to queue
[2024-12-04T17:26:38.424+0000] {logging_mixin.py:190} INFO - [2024-12-04T17:26:38.424+0000] {dagbag.py:588} INFO - Filling up the DagBag from /home/airflow/.local/lib/python3.12/site-packages/airflow/example_dags/example_nested_branch_dag.py
[2024-12-04T17:26:38.431+0000] {processor.py:925} INFO - DAG(s) 'example_nested_branch_dag' retrieved from /home/airflow/.local/lib/python3.12/site-packages/airflow/example_dags/example_nested_branch_dag.py
[2024-12-04T17:26:38.444+0000] {logging_mixin.py:190} INFO - [2024-12-04T17:26:38.443+0000] {dag.py:3239} INFO - Sync 1 DAGs
[2024-12-04T17:26:38.457+0000] {logging_mixin.py:190} INFO - [2024-12-04T17:26:38.457+0000] {dag.py:4180} INFO - Setting next_dagrun for example_nested_branch_dag to 2024-12-03 00:00:00+00:00, run_after=2024-12-04 00:00:00+00:00
[2024-12-04T17:26:38.472+0000] {processor.py:208} INFO - Processing /home/airflow/.local/lib/python3.12/site-packages/airflow/example_dags/example_nested_branch_dag.py took 0.054 seconds
[2024-12-04T17:27:10.580+0000] {processor.py:186} INFO - Started process (PID=1867) to work on /home/airflow/.local/lib/python3.12/site-packages/airflow/example_dags/example_nested_branch_dag.py
[2024-12-04T17:27:10.586+0000] {processor.py:914} INFO - Processing file /home/airflow/.local/lib/python3.12/site-packages/airflow/example_dags/example_nested_branch_dag.py for tasks to queue
[2024-12-04T17:27:10.592+0000] {logging_mixin.py:190} INFO - [2024-12-04T17:27:10.592+0000] {dagbag.py:588} INFO - Filling up the DagBag from /home/airflow/.local/lib/python3.12/site-packages/airflow/example_dags/example_nested_branch_dag.py
[2024-12-04T17:27:10.612+0000] {processor.py:925} INFO - DAG(s) 'example_nested_branch_dag' retrieved from /home/airflow/.local/lib/python3.12/site-packages/airflow/example_dags/example_nested_branch_dag.py
[2024-12-04T17:27:10.653+0000] {logging_mixin.py:190} INFO - [2024-12-04T17:27:10.653+0000] {dag.py:3239} INFO - Sync 1 DAGs
[2024-12-04T17:27:10.702+0000] {logging_mixin.py:190} INFO - [2024-12-04T17:27:10.702+0000] {dag.py:4180} INFO - Setting next_dagrun for example_nested_branch_dag to 2024-12-03 00:00:00+00:00, run_after=2024-12-04 00:00:00+00:00
[2024-12-04T17:27:10.725+0000] {processor.py:208} INFO - Processing /home/airflow/.local/lib/python3.12/site-packages/airflow/example_dags/example_nested_branch_dag.py took 0.154 seconds
[2024-12-04T17:27:44.810+0000] {processor.py:186} INFO - Started process (PID=1930) to work on /home/airflow/.local/lib/python3.12/site-packages/airflow/example_dags/example_nested_branch_dag.py
[2024-12-04T17:27:44.812+0000] {processor.py:914} INFO - Processing file /home/airflow/.local/lib/python3.12/site-packages/airflow/example_dags/example_nested_branch_dag.py for tasks to queue
[2024-12-04T17:27:44.816+0000] {logging_mixin.py:190} INFO - [2024-12-04T17:27:44.815+0000] {dagbag.py:588} INFO - Filling up the DagBag from /home/airflow/.local/lib/python3.12/site-packages/airflow/example_dags/example_nested_branch_dag.py
[2024-12-04T17:27:44.838+0000] {processor.py:925} INFO - DAG(s) 'example_nested_branch_dag' retrieved from /home/airflow/.local/lib/python3.12/site-packages/airflow/example_dags/example_nested_branch_dag.py
[2024-12-04T17:27:44.874+0000] {logging_mixin.py:190} INFO - [2024-12-04T17:27:44.873+0000] {dag.py:3239} INFO - Sync 1 DAGs
[2024-12-04T17:27:44.909+0000] {logging_mixin.py:190} INFO - [2024-12-04T17:27:44.908+0000] {dag.py:4180} INFO - Setting next_dagrun for example_nested_branch_dag to 2024-12-03 00:00:00+00:00, run_after=2024-12-04 00:00:00+00:00
[2024-12-04T17:27:44.937+0000] {processor.py:208} INFO - Processing /home/airflow/.local/lib/python3.12/site-packages/airflow/example_dags/example_nested_branch_dag.py took 0.138 seconds
[2024-12-04T17:28:17.784+0000] {processor.py:186} INFO - Started process (PID=1993) to work on /home/airflow/.local/lib/python3.12/site-packages/airflow/example_dags/example_nested_branch_dag.py
[2024-12-04T17:28:17.787+0000] {processor.py:914} INFO - Processing file /home/airflow/.local/lib/python3.12/site-packages/airflow/example_dags/example_nested_branch_dag.py for tasks to queue
[2024-12-04T17:28:17.791+0000] {logging_mixin.py:190} INFO - [2024-12-04T17:28:17.791+0000] {dagbag.py:588} INFO - Filling up the DagBag from /home/airflow/.local/lib/python3.12/site-packages/airflow/example_dags/example_nested_branch_dag.py
[2024-12-04T17:28:17.816+0000] {processor.py:925} INFO - DAG(s) 'example_nested_branch_dag' retrieved from /home/airflow/.local/lib/python3.12/site-packages/airflow/example_dags/example_nested_branch_dag.py
[2024-12-04T17:28:17.858+0000] {logging_mixin.py:190} INFO - [2024-12-04T17:28:17.858+0000] {dag.py:3239} INFO - Sync 1 DAGs
[2024-12-04T17:28:17.896+0000] {logging_mixin.py:190} INFO - [2024-12-04T17:28:17.896+0000] {dag.py:4180} INFO - Setting next_dagrun for example_nested_branch_dag to 2024-12-03 00:00:00+00:00, run_after=2024-12-04 00:00:00+00:00
[2024-12-04T17:28:17.917+0000] {processor.py:208} INFO - Processing /home/airflow/.local/lib/python3.12/site-packages/airflow/example_dags/example_nested_branch_dag.py took 0.153 seconds
[2024-12-04T17:28:49.783+0000] {processor.py:186} INFO - Started process (PID=2056) to work on /home/airflow/.local/lib/python3.12/site-packages/airflow/example_dags/example_nested_branch_dag.py
[2024-12-04T17:28:49.785+0000] {processor.py:914} INFO - Processing file /home/airflow/.local/lib/python3.12/site-packages/airflow/example_dags/example_nested_branch_dag.py for tasks to queue
[2024-12-04T17:28:49.787+0000] {logging_mixin.py:190} INFO - [2024-12-04T17:28:49.787+0000] {dagbag.py:588} INFO - Filling up the DagBag from /home/airflow/.local/lib/python3.12/site-packages/airflow/example_dags/example_nested_branch_dag.py
[2024-12-04T17:28:49.808+0000] {processor.py:925} INFO - DAG(s) 'example_nested_branch_dag' retrieved from /home/airflow/.local/lib/python3.12/site-packages/airflow/example_dags/example_nested_branch_dag.py
[2024-12-04T17:28:49.837+0000] {logging_mixin.py:190} INFO - [2024-12-04T17:28:49.837+0000] {dag.py:3239} INFO - Sync 1 DAGs
[2024-12-04T17:28:49.868+0000] {logging_mixin.py:190} INFO - [2024-12-04T17:28:49.867+0000] {dag.py:4180} INFO - Setting next_dagrun for example_nested_branch_dag to 2024-12-03 00:00:00+00:00, run_after=2024-12-04 00:00:00+00:00
[2024-12-04T17:28:49.895+0000] {processor.py:208} INFO - Processing /home/airflow/.local/lib/python3.12/site-packages/airflow/example_dags/example_nested_branch_dag.py took 0.119 seconds
[2024-12-04T17:29:23.692+0000] {processor.py:186} INFO - Started process (PID=2119) to work on /home/airflow/.local/lib/python3.12/site-packages/airflow/example_dags/example_nested_branch_dag.py
[2024-12-04T17:29:23.694+0000] {processor.py:914} INFO - Processing file /home/airflow/.local/lib/python3.12/site-packages/airflow/example_dags/example_nested_branch_dag.py for tasks to queue
[2024-12-04T17:29:23.700+0000] {logging_mixin.py:190} INFO - [2024-12-04T17:29:23.700+0000] {dagbag.py:588} INFO - Filling up the DagBag from /home/airflow/.local/lib/python3.12/site-packages/airflow/example_dags/example_nested_branch_dag.py
[2024-12-04T17:29:23.715+0000] {processor.py:925} INFO - DAG(s) 'example_nested_branch_dag' retrieved from /home/airflow/.local/lib/python3.12/site-packages/airflow/example_dags/example_nested_branch_dag.py
[2024-12-04T17:29:23.770+0000] {logging_mixin.py:190} INFO - [2024-12-04T17:29:23.769+0000] {dag.py:3239} INFO - Sync 1 DAGs
[2024-12-04T17:29:23.805+0000] {logging_mixin.py:190} INFO - [2024-12-04T17:29:23.804+0000] {dag.py:4180} INFO - Setting next_dagrun for example_nested_branch_dag to 2024-12-03 00:00:00+00:00, run_after=2024-12-04 00:00:00+00:00
[2024-12-04T17:29:23.844+0000] {processor.py:208} INFO - Processing /home/airflow/.local/lib/python3.12/site-packages/airflow/example_dags/example_nested_branch_dag.py took 0.166 seconds
[2024-12-04T17:29:54.233+0000] {processor.py:186} INFO - Started process (PID=2182) to work on /home/airflow/.local/lib/python3.12/site-packages/airflow/example_dags/example_nested_branch_dag.py
[2024-12-04T17:29:54.234+0000] {processor.py:914} INFO - Processing file /home/airflow/.local/lib/python3.12/site-packages/airflow/example_dags/example_nested_branch_dag.py for tasks to queue
[2024-12-04T17:29:54.236+0000] {logging_mixin.py:190} INFO - [2024-12-04T17:29:54.236+0000] {dagbag.py:588} INFO - Filling up the DagBag from /home/airflow/.local/lib/python3.12/site-packages/airflow/example_dags/example_nested_branch_dag.py
[2024-12-04T17:29:54.242+0000] {processor.py:925} INFO - DAG(s) 'example_nested_branch_dag' retrieved from /home/airflow/.local/lib/python3.12/site-packages/airflow/example_dags/example_nested_branch_dag.py
[2024-12-04T17:29:54.253+0000] {logging_mixin.py:190} INFO - [2024-12-04T17:29:54.253+0000] {dag.py:3239} INFO - Sync 1 DAGs
[2024-12-04T17:29:54.265+0000] {logging_mixin.py:190} INFO - [2024-12-04T17:29:54.264+0000] {dag.py:4180} INFO - Setting next_dagrun for example_nested_branch_dag to 2024-12-03 00:00:00+00:00, run_after=2024-12-04 00:00:00+00:00
[2024-12-04T17:29:54.275+0000] {processor.py:208} INFO - Processing /home/airflow/.local/lib/python3.12/site-packages/airflow/example_dags/example_nested_branch_dag.py took 0.045 seconds
[2024-12-04T17:30:24.894+0000] {processor.py:186} INFO - Started process (PID=2245) to work on /home/airflow/.local/lib/python3.12/site-packages/airflow/example_dags/example_nested_branch_dag.py
[2024-12-04T17:30:24.896+0000] {processor.py:914} INFO - Processing file /home/airflow/.local/lib/python3.12/site-packages/airflow/example_dags/example_nested_branch_dag.py for tasks to queue
[2024-12-04T17:30:24.901+0000] {logging_mixin.py:190} INFO - [2024-12-04T17:30:24.901+0000] {dagbag.py:588} INFO - Filling up the DagBag from /home/airflow/.local/lib/python3.12/site-packages/airflow/example_dags/example_nested_branch_dag.py
[2024-12-04T17:30:24.913+0000] {processor.py:925} INFO - DAG(s) 'example_nested_branch_dag' retrieved from /home/airflow/.local/lib/python3.12/site-packages/airflow/example_dags/example_nested_branch_dag.py
[2024-12-04T17:30:24.935+0000] {logging_mixin.py:190} INFO - [2024-12-04T17:30:24.935+0000] {dag.py:3239} INFO - Sync 1 DAGs
[2024-12-04T17:30:24.954+0000] {logging_mixin.py:190} INFO - [2024-12-04T17:30:24.954+0000] {dag.py:4180} INFO - Setting next_dagrun for example_nested_branch_dag to 2024-12-03 00:00:00+00:00, run_after=2024-12-04 00:00:00+00:00
[2024-12-04T17:30:24.971+0000] {processor.py:208} INFO - Processing /home/airflow/.local/lib/python3.12/site-packages/airflow/example_dags/example_nested_branch_dag.py took 0.086 seconds
[2024-12-04T17:30:55.927+0000] {processor.py:186} INFO - Started process (PID=2308) to work on /home/airflow/.local/lib/python3.12/site-packages/airflow/example_dags/example_nested_branch_dag.py
[2024-12-04T17:30:55.928+0000] {processor.py:914} INFO - Processing file /home/airflow/.local/lib/python3.12/site-packages/airflow/example_dags/example_nested_branch_dag.py for tasks to queue
[2024-12-04T17:30:55.929+0000] {logging_mixin.py:190} INFO - [2024-12-04T17:30:55.929+0000] {dagbag.py:588} INFO - Filling up the DagBag from /home/airflow/.local/lib/python3.12/site-packages/airflow/example_dags/example_nested_branch_dag.py
[2024-12-04T17:30:55.937+0000] {processor.py:925} INFO - DAG(s) 'example_nested_branch_dag' retrieved from /home/airflow/.local/lib/python3.12/site-packages/airflow/example_dags/example_nested_branch_dag.py
[2024-12-04T17:30:55.950+0000] {logging_mixin.py:190} INFO - [2024-12-04T17:30:55.950+0000] {dag.py:3239} INFO - Sync 1 DAGs
[2024-12-04T17:30:55.964+0000] {logging_mixin.py:190} INFO - [2024-12-04T17:30:55.964+0000] {dag.py:4180} INFO - Setting next_dagrun for example_nested_branch_dag to 2024-12-03 00:00:00+00:00, run_after=2024-12-04 00:00:00+00:00
[2024-12-04T17:30:55.976+0000] {processor.py:208} INFO - Processing /home/airflow/.local/lib/python3.12/site-packages/airflow/example_dags/example_nested_branch_dag.py took 0.052 seconds
[2024-12-04T17:31:26.675+0000] {processor.py:186} INFO - Started process (PID=2371) to work on /home/airflow/.local/lib/python3.12/site-packages/airflow/example_dags/example_nested_branch_dag.py
[2024-12-04T17:31:26.676+0000] {processor.py:914} INFO - Processing file /home/airflow/.local/lib/python3.12/site-packages/airflow/example_dags/example_nested_branch_dag.py for tasks to queue
[2024-12-04T17:31:26.677+0000] {logging_mixin.py:190} INFO - [2024-12-04T17:31:26.677+0000] {dagbag.py:588} INFO - Filling up the DagBag from /home/airflow/.local/lib/python3.12/site-packages/airflow/example_dags/example_nested_branch_dag.py
[2024-12-04T17:31:26.684+0000] {processor.py:925} INFO - DAG(s) 'example_nested_branch_dag' retrieved from /home/airflow/.local/lib/python3.12/site-packages/airflow/example_dags/example_nested_branch_dag.py
[2024-12-04T17:31:26.698+0000] {logging_mixin.py:190} INFO - [2024-12-04T17:31:26.698+0000] {dag.py:3239} INFO - Sync 1 DAGs
[2024-12-04T17:31:26.710+0000] {logging_mixin.py:190} INFO - [2024-12-04T17:31:26.710+0000] {dag.py:4180} INFO - Setting next_dagrun for example_nested_branch_dag to 2024-12-03 00:00:00+00:00, run_after=2024-12-04 00:00:00+00:00
[2024-12-04T17:31:26.722+0000] {processor.py:208} INFO - Processing /home/airflow/.local/lib/python3.12/site-packages/airflow/example_dags/example_nested_branch_dag.py took 0.051 seconds
[2024-12-04T17:31:57.780+0000] {processor.py:186} INFO - Started process (PID=2436) to work on /home/airflow/.local/lib/python3.12/site-packages/airflow/example_dags/example_nested_branch_dag.py
[2024-12-04T17:31:57.783+0000] {processor.py:914} INFO - Processing file /home/airflow/.local/lib/python3.12/site-packages/airflow/example_dags/example_nested_branch_dag.py for tasks to queue
[2024-12-04T17:31:57.785+0000] {logging_mixin.py:190} INFO - [2024-12-04T17:31:57.785+0000] {dagbag.py:588} INFO - Filling up the DagBag from /home/airflow/.local/lib/python3.12/site-packages/airflow/example_dags/example_nested_branch_dag.py
[2024-12-04T17:31:57.792+0000] {processor.py:925} INFO - DAG(s) 'example_nested_branch_dag' retrieved from /home/airflow/.local/lib/python3.12/site-packages/airflow/example_dags/example_nested_branch_dag.py
[2024-12-04T17:31:57.806+0000] {logging_mixin.py:190} INFO - [2024-12-04T17:31:57.806+0000] {dag.py:3239} INFO - Sync 1 DAGs
[2024-12-04T17:31:57.818+0000] {logging_mixin.py:190} INFO - [2024-12-04T17:31:57.818+0000] {dag.py:4180} INFO - Setting next_dagrun for example_nested_branch_dag to 2024-12-03 00:00:00+00:00, run_after=2024-12-04 00:00:00+00:00
[2024-12-04T17:31:57.830+0000] {processor.py:208} INFO - Processing /home/airflow/.local/lib/python3.12/site-packages/airflow/example_dags/example_nested_branch_dag.py took 0.054 seconds
[2024-12-04T17:32:28.511+0000] {processor.py:186} INFO - Started process (PID=2505) to work on /home/airflow/.local/lib/python3.12/site-packages/airflow/example_dags/example_nested_branch_dag.py
[2024-12-04T17:32:28.512+0000] {processor.py:914} INFO - Processing file /home/airflow/.local/lib/python3.12/site-packages/airflow/example_dags/example_nested_branch_dag.py for tasks to queue
[2024-12-04T17:32:28.513+0000] {logging_mixin.py:190} INFO - [2024-12-04T17:32:28.513+0000] {dagbag.py:588} INFO - Filling up the DagBag from /home/airflow/.local/lib/python3.12/site-packages/airflow/example_dags/example_nested_branch_dag.py
[2024-12-04T17:32:28.520+0000] {processor.py:925} INFO - DAG(s) 'example_nested_branch_dag' retrieved from /home/airflow/.local/lib/python3.12/site-packages/airflow/example_dags/example_nested_branch_dag.py
[2024-12-04T17:32:28.532+0000] {logging_mixin.py:190} INFO - [2024-12-04T17:32:28.532+0000] {dag.py:3239} INFO - Sync 1 DAGs
[2024-12-04T17:32:28.545+0000] {logging_mixin.py:190} INFO - [2024-12-04T17:32:28.544+0000] {dag.py:4180} INFO - Setting next_dagrun for example_nested_branch_dag to 2024-12-03 00:00:00+00:00, run_after=2024-12-04 00:00:00+00:00
[2024-12-04T17:32:28.555+0000] {processor.py:208} INFO - Processing /home/airflow/.local/lib/python3.12/site-packages/airflow/example_dags/example_nested_branch_dag.py took 0.047 seconds
