[2024-12-04T17:12:17.613+0000] {processor.py:186} INFO - Started process (PID=59) to work on /home/airflow/.local/lib/python3.12/site-packages/airflow/example_dags/example_setup_teardown.py
[2024-12-04T17:12:17.614+0000] {processor.py:914} INFO - Processing file /home/airflow/.local/lib/python3.12/site-packages/airflow/example_dags/example_setup_teardown.py for tasks to queue
[2024-12-04T17:12:17.619+0000] {logging_mixin.py:190} INFO - [2024-12-04T17:12:17.618+0000] {dagbag.py:588} INFO - Filling up the DagBag from /home/airflow/.local/lib/python3.12/site-packages/airflow/example_dags/example_setup_teardown.py
[2024-12-04T17:12:17.649+0000] {processor.py:925} INFO - DAG(s) 'example_setup_teardown' retrieved from /home/airflow/.local/lib/python3.12/site-packages/airflow/example_dags/example_setup_teardown.py
[2024-12-04T17:12:17.876+0000] {logging_mixin.py:190} INFO - [2024-12-04T17:12:17.876+0000] {override.py:1911} INFO - Created Permission View: can read on DAG:example_setup_teardown
[2024-12-04T17:12:17.883+0000] {logging_mixin.py:190} INFO - [2024-12-04T17:12:17.883+0000] {override.py:1911} INFO - Created Permission View: can delete on DAG:example_setup_teardown
[2024-12-04T17:12:17.887+0000] {logging_mixin.py:190} INFO - [2024-12-04T17:12:17.887+0000] {override.py:1911} INFO - Created Permission View: can edit on DAG:example_setup_teardown
[2024-12-04T17:12:17.891+0000] {logging_mixin.py:190} INFO - [2024-12-04T17:12:17.891+0000] {override.py:1911} INFO - Created Permission View: menu access on DAG Run:example_setup_teardown
[2024-12-04T17:12:17.894+0000] {logging_mixin.py:190} INFO - [2024-12-04T17:12:17.894+0000] {override.py:1911} INFO - Created Permission View: can delete on DAG Run:example_setup_teardown
[2024-12-04T17:12:17.898+0000] {logging_mixin.py:190} INFO - [2024-12-04T17:12:17.898+0000] {override.py:1911} INFO - Created Permission View: can read on DAG Run:example_setup_teardown
[2024-12-04T17:12:17.902+0000] {logging_mixin.py:190} INFO - [2024-12-04T17:12:17.902+0000] {override.py:1911} INFO - Created Permission View: can create on DAG Run:example_setup_teardown
[2024-12-04T17:12:17.902+0000] {logging_mixin.py:190} INFO - [2024-12-04T17:12:17.902+0000] {dag.py:3239} INFO - Sync 1 DAGs
[2024-12-04T17:12:17.919+0000] {logging_mixin.py:190} INFO - [2024-12-04T17:12:17.919+0000] {dag.py:3262} INFO - Creating ORM DAG for example_setup_teardown
[2024-12-04T17:12:17.923+0000] {logging_mixin.py:190} INFO - [2024-12-04T17:12:17.923+0000] {dag.py:4180} INFO - Setting next_dagrun for example_setup_teardown to None, run_after=None
[2024-12-04T17:12:17.933+0000] {processor.py:208} INFO - Processing /home/airflow/.local/lib/python3.12/site-packages/airflow/example_dags/example_setup_teardown.py took 0.331 seconds
[2024-12-04T17:12:48.239+0000] {processor.py:186} INFO - Started process (PID=122) to work on /home/airflow/.local/lib/python3.12/site-packages/airflow/example_dags/example_setup_teardown.py
[2024-12-04T17:12:48.240+0000] {processor.py:914} INFO - Processing file /home/airflow/.local/lib/python3.12/site-packages/airflow/example_dags/example_setup_teardown.py for tasks to queue
[2024-12-04T17:12:48.255+0000] {logging_mixin.py:190} INFO - [2024-12-04T17:12:48.254+0000] {dagbag.py:588} INFO - Filling up the DagBag from /home/airflow/.local/lib/python3.12/site-packages/airflow/example_dags/example_setup_teardown.py
[2024-12-04T17:12:48.294+0000] {processor.py:925} INFO - DAG(s) 'example_setup_teardown' retrieved from /home/airflow/.local/lib/python3.12/site-packages/airflow/example_dags/example_setup_teardown.py
[2024-12-04T17:12:48.321+0000] {logging_mixin.py:190} INFO - [2024-12-04T17:12:48.321+0000] {dag.py:3239} INFO - Sync 1 DAGs
[2024-12-04T17:12:48.345+0000] {logging_mixin.py:190} INFO - [2024-12-04T17:12:48.344+0000] {dag.py:4180} INFO - Setting next_dagrun for example_setup_teardown to None, run_after=None
[2024-12-04T17:12:48.363+0000] {processor.py:208} INFO - Processing /home/airflow/.local/lib/python3.12/site-packages/airflow/example_dags/example_setup_teardown.py took 0.138 seconds
[2024-12-04T17:13:18.873+0000] {processor.py:186} INFO - Started process (PID=185) to work on /home/airflow/.local/lib/python3.12/site-packages/airflow/example_dags/example_setup_teardown.py
[2024-12-04T17:13:18.878+0000] {processor.py:914} INFO - Processing file /home/airflow/.local/lib/python3.12/site-packages/airflow/example_dags/example_setup_teardown.py for tasks to queue
[2024-12-04T17:13:18.880+0000] {logging_mixin.py:190} INFO - [2024-12-04T17:13:18.880+0000] {dagbag.py:588} INFO - Filling up the DagBag from /home/airflow/.local/lib/python3.12/site-packages/airflow/example_dags/example_setup_teardown.py
[2024-12-04T17:13:18.905+0000] {processor.py:925} INFO - DAG(s) 'example_setup_teardown' retrieved from /home/airflow/.local/lib/python3.12/site-packages/airflow/example_dags/example_setup_teardown.py
[2024-12-04T17:13:18.925+0000] {logging_mixin.py:190} INFO - [2024-12-04T17:13:18.925+0000] {dag.py:3239} INFO - Sync 1 DAGs
[2024-12-04T17:13:18.939+0000] {logging_mixin.py:190} INFO - [2024-12-04T17:13:18.939+0000] {dag.py:4180} INFO - Setting next_dagrun for example_setup_teardown to None, run_after=None
[2024-12-04T17:13:18.954+0000] {processor.py:208} INFO - Processing /home/airflow/.local/lib/python3.12/site-packages/airflow/example_dags/example_setup_teardown.py took 0.091 seconds
[2024-12-04T17:13:49.376+0000] {processor.py:186} INFO - Started process (PID=248) to work on /home/airflow/.local/lib/python3.12/site-packages/airflow/example_dags/example_setup_teardown.py
[2024-12-04T17:13:49.380+0000] {processor.py:914} INFO - Processing file /home/airflow/.local/lib/python3.12/site-packages/airflow/example_dags/example_setup_teardown.py for tasks to queue
[2024-12-04T17:13:49.385+0000] {logging_mixin.py:190} INFO - [2024-12-04T17:13:49.384+0000] {dagbag.py:588} INFO - Filling up the DagBag from /home/airflow/.local/lib/python3.12/site-packages/airflow/example_dags/example_setup_teardown.py
[2024-12-04T17:13:49.401+0000] {processor.py:925} INFO - DAG(s) 'example_setup_teardown' retrieved from /home/airflow/.local/lib/python3.12/site-packages/airflow/example_dags/example_setup_teardown.py
[2024-12-04T17:13:49.438+0000] {logging_mixin.py:190} INFO - [2024-12-04T17:13:49.438+0000] {dag.py:3239} INFO - Sync 1 DAGs
[2024-12-04T17:13:49.457+0000] {logging_mixin.py:190} INFO - [2024-12-04T17:13:49.457+0000] {dag.py:4180} INFO - Setting next_dagrun for example_setup_teardown to None, run_after=None
[2024-12-04T17:13:49.475+0000] {processor.py:208} INFO - Processing /home/airflow/.local/lib/python3.12/site-packages/airflow/example_dags/example_setup_teardown.py took 0.107 seconds
[2024-12-04T17:14:19.812+0000] {processor.py:186} INFO - Started process (PID=311) to work on /home/airflow/.local/lib/python3.12/site-packages/airflow/example_dags/example_setup_teardown.py
[2024-12-04T17:14:19.813+0000] {processor.py:914} INFO - Processing file /home/airflow/.local/lib/python3.12/site-packages/airflow/example_dags/example_setup_teardown.py for tasks to queue
[2024-12-04T17:14:19.817+0000] {logging_mixin.py:190} INFO - [2024-12-04T17:14:19.817+0000] {dagbag.py:588} INFO - Filling up the DagBag from /home/airflow/.local/lib/python3.12/site-packages/airflow/example_dags/example_setup_teardown.py
[2024-12-04T17:14:19.830+0000] {processor.py:925} INFO - DAG(s) 'example_setup_teardown' retrieved from /home/airflow/.local/lib/python3.12/site-packages/airflow/example_dags/example_setup_teardown.py
[2024-12-04T17:14:19.850+0000] {logging_mixin.py:190} INFO - [2024-12-04T17:14:19.850+0000] {dag.py:3239} INFO - Sync 1 DAGs
[2024-12-04T17:14:19.877+0000] {logging_mixin.py:190} INFO - [2024-12-04T17:14:19.876+0000] {dag.py:4180} INFO - Setting next_dagrun for example_setup_teardown to None, run_after=None
[2024-12-04T17:14:19.898+0000] {processor.py:208} INFO - Processing /home/airflow/.local/lib/python3.12/site-packages/airflow/example_dags/example_setup_teardown.py took 0.096 seconds
[2024-12-04T17:14:50.319+0000] {processor.py:186} INFO - Started process (PID=374) to work on /home/airflow/.local/lib/python3.12/site-packages/airflow/example_dags/example_setup_teardown.py
[2024-12-04T17:14:50.321+0000] {processor.py:914} INFO - Processing file /home/airflow/.local/lib/python3.12/site-packages/airflow/example_dags/example_setup_teardown.py for tasks to queue
[2024-12-04T17:14:50.331+0000] {logging_mixin.py:190} INFO - [2024-12-04T17:14:50.330+0000] {dagbag.py:588} INFO - Filling up the DagBag from /home/airflow/.local/lib/python3.12/site-packages/airflow/example_dags/example_setup_teardown.py
[2024-12-04T17:14:50.360+0000] {processor.py:925} INFO - DAG(s) 'example_setup_teardown' retrieved from /home/airflow/.local/lib/python3.12/site-packages/airflow/example_dags/example_setup_teardown.py
[2024-12-04T17:14:50.382+0000] {logging_mixin.py:190} INFO - [2024-12-04T17:14:50.382+0000] {dag.py:3239} INFO - Sync 1 DAGs
[2024-12-04T17:14:50.394+0000] {logging_mixin.py:190} INFO - [2024-12-04T17:14:50.394+0000] {dag.py:4180} INFO - Setting next_dagrun for example_setup_teardown to None, run_after=None
[2024-12-04T17:14:50.410+0000] {processor.py:208} INFO - Processing /home/airflow/.local/lib/python3.12/site-packages/airflow/example_dags/example_setup_teardown.py took 0.107 seconds
[2024-12-04T17:15:21.185+0000] {processor.py:186} INFO - Started process (PID=437) to work on /home/airflow/.local/lib/python3.12/site-packages/airflow/example_dags/example_setup_teardown.py
[2024-12-04T17:15:21.187+0000] {processor.py:914} INFO - Processing file /home/airflow/.local/lib/python3.12/site-packages/airflow/example_dags/example_setup_teardown.py for tasks to queue
[2024-12-04T17:15:21.191+0000] {logging_mixin.py:190} INFO - [2024-12-04T17:15:21.190+0000] {dagbag.py:588} INFO - Filling up the DagBag from /home/airflow/.local/lib/python3.12/site-packages/airflow/example_dags/example_setup_teardown.py
[2024-12-04T17:15:21.219+0000] {processor.py:925} INFO - DAG(s) 'example_setup_teardown' retrieved from /home/airflow/.local/lib/python3.12/site-packages/airflow/example_dags/example_setup_teardown.py
[2024-12-04T17:15:21.243+0000] {logging_mixin.py:190} INFO - [2024-12-04T17:15:21.243+0000] {dag.py:3239} INFO - Sync 1 DAGs
[2024-12-04T17:15:21.257+0000] {logging_mixin.py:190} INFO - [2024-12-04T17:15:21.257+0000] {dag.py:4180} INFO - Setting next_dagrun for example_setup_teardown to None, run_after=None
[2024-12-04T17:15:21.269+0000] {processor.py:208} INFO - Processing /home/airflow/.local/lib/python3.12/site-packages/airflow/example_dags/example_setup_teardown.py took 0.100 seconds
[2024-12-04T17:15:51.822+0000] {processor.py:186} INFO - Started process (PID=500) to work on /home/airflow/.local/lib/python3.12/site-packages/airflow/example_dags/example_setup_teardown.py
[2024-12-04T17:15:51.824+0000] {processor.py:914} INFO - Processing file /home/airflow/.local/lib/python3.12/site-packages/airflow/example_dags/example_setup_teardown.py for tasks to queue
[2024-12-04T17:15:51.830+0000] {logging_mixin.py:190} INFO - [2024-12-04T17:15:51.830+0000] {dagbag.py:588} INFO - Filling up the DagBag from /home/airflow/.local/lib/python3.12/site-packages/airflow/example_dags/example_setup_teardown.py
[2024-12-04T17:15:51.846+0000] {processor.py:925} INFO - DAG(s) 'example_setup_teardown' retrieved from /home/airflow/.local/lib/python3.12/site-packages/airflow/example_dags/example_setup_teardown.py
[2024-12-04T17:15:51.867+0000] {logging_mixin.py:190} INFO - [2024-12-04T17:15:51.867+0000] {dag.py:3239} INFO - Sync 1 DAGs
[2024-12-04T17:15:51.877+0000] {logging_mixin.py:190} INFO - [2024-12-04T17:15:51.877+0000] {dag.py:4180} INFO - Setting next_dagrun for example_setup_teardown to None, run_after=None
[2024-12-04T17:15:51.892+0000] {processor.py:208} INFO - Processing /home/airflow/.local/lib/python3.12/site-packages/airflow/example_dags/example_setup_teardown.py took 0.087 seconds
[2024-12-04T17:16:22.116+0000] {processor.py:186} INFO - Started process (PID=563) to work on /home/airflow/.local/lib/python3.12/site-packages/airflow/example_dags/example_setup_teardown.py
[2024-12-04T17:16:22.120+0000] {processor.py:914} INFO - Processing file /home/airflow/.local/lib/python3.12/site-packages/airflow/example_dags/example_setup_teardown.py for tasks to queue
[2024-12-04T17:16:22.133+0000] {logging_mixin.py:190} INFO - [2024-12-04T17:16:22.132+0000] {dagbag.py:588} INFO - Filling up the DagBag from /home/airflow/.local/lib/python3.12/site-packages/airflow/example_dags/example_setup_teardown.py
[2024-12-04T17:16:22.151+0000] {processor.py:925} INFO - DAG(s) 'example_setup_teardown' retrieved from /home/airflow/.local/lib/python3.12/site-packages/airflow/example_dags/example_setup_teardown.py
[2024-12-04T17:16:22.172+0000] {logging_mixin.py:190} INFO - [2024-12-04T17:16:22.172+0000] {dag.py:3239} INFO - Sync 1 DAGs
[2024-12-04T17:16:22.183+0000] {logging_mixin.py:190} INFO - [2024-12-04T17:16:22.183+0000] {dag.py:4180} INFO - Setting next_dagrun for example_setup_teardown to None, run_after=None
[2024-12-04T17:16:22.194+0000] {processor.py:208} INFO - Processing /home/airflow/.local/lib/python3.12/site-packages/airflow/example_dags/example_setup_teardown.py took 0.095 seconds
[2024-12-04T17:16:52.611+0000] {processor.py:186} INFO - Started process (PID=626) to work on /home/airflow/.local/lib/python3.12/site-packages/airflow/example_dags/example_setup_teardown.py
[2024-12-04T17:16:52.616+0000] {processor.py:914} INFO - Processing file /home/airflow/.local/lib/python3.12/site-packages/airflow/example_dags/example_setup_teardown.py for tasks to queue
[2024-12-04T17:16:52.623+0000] {logging_mixin.py:190} INFO - [2024-12-04T17:16:52.622+0000] {dagbag.py:588} INFO - Filling up the DagBag from /home/airflow/.local/lib/python3.12/site-packages/airflow/example_dags/example_setup_teardown.py
[2024-12-04T17:16:52.647+0000] {processor.py:925} INFO - DAG(s) 'example_setup_teardown' retrieved from /home/airflow/.local/lib/python3.12/site-packages/airflow/example_dags/example_setup_teardown.py
[2024-12-04T17:16:52.674+0000] {logging_mixin.py:190} INFO - [2024-12-04T17:16:52.674+0000] {dag.py:3239} INFO - Sync 1 DAGs
[2024-12-04T17:16:52.689+0000] {logging_mixin.py:190} INFO - [2024-12-04T17:16:52.689+0000] {dag.py:4180} INFO - Setting next_dagrun for example_setup_teardown to None, run_after=None
[2024-12-04T17:16:52.706+0000] {processor.py:208} INFO - Processing /home/airflow/.local/lib/python3.12/site-packages/airflow/example_dags/example_setup_teardown.py took 0.111 seconds
[2024-12-04T17:17:23.242+0000] {processor.py:186} INFO - Started process (PID=695) to work on /home/airflow/.local/lib/python3.12/site-packages/airflow/example_dags/example_setup_teardown.py
[2024-12-04T17:17:23.244+0000] {processor.py:914} INFO - Processing file /home/airflow/.local/lib/python3.12/site-packages/airflow/example_dags/example_setup_teardown.py for tasks to queue
[2024-12-04T17:17:23.248+0000] {logging_mixin.py:190} INFO - [2024-12-04T17:17:23.247+0000] {dagbag.py:588} INFO - Filling up the DagBag from /home/airflow/.local/lib/python3.12/site-packages/airflow/example_dags/example_setup_teardown.py
[2024-12-04T17:17:23.258+0000] {processor.py:925} INFO - DAG(s) 'example_setup_teardown' retrieved from /home/airflow/.local/lib/python3.12/site-packages/airflow/example_dags/example_setup_teardown.py
[2024-12-04T17:17:23.276+0000] {logging_mixin.py:190} INFO - [2024-12-04T17:17:23.275+0000] {dag.py:3239} INFO - Sync 1 DAGs
[2024-12-04T17:17:23.293+0000] {logging_mixin.py:190} INFO - [2024-12-04T17:17:23.293+0000] {dag.py:4180} INFO - Setting next_dagrun for example_setup_teardown to None, run_after=None
[2024-12-04T17:17:23.308+0000] {processor.py:208} INFO - Processing /home/airflow/.local/lib/python3.12/site-packages/airflow/example_dags/example_setup_teardown.py took 0.077 seconds
[2024-12-04T17:17:53.780+0000] {processor.py:186} INFO - Started process (PID=758) to work on /home/airflow/.local/lib/python3.12/site-packages/airflow/example_dags/example_setup_teardown.py
[2024-12-04T17:17:53.785+0000] {processor.py:914} INFO - Processing file /home/airflow/.local/lib/python3.12/site-packages/airflow/example_dags/example_setup_teardown.py for tasks to queue
[2024-12-04T17:17:53.802+0000] {logging_mixin.py:190} INFO - [2024-12-04T17:17:53.802+0000] {dagbag.py:588} INFO - Filling up the DagBag from /home/airflow/.local/lib/python3.12/site-packages/airflow/example_dags/example_setup_teardown.py
[2024-12-04T17:17:53.818+0000] {processor.py:925} INFO - DAG(s) 'example_setup_teardown' retrieved from /home/airflow/.local/lib/python3.12/site-packages/airflow/example_dags/example_setup_teardown.py
[2024-12-04T17:17:53.862+0000] {logging_mixin.py:190} INFO - [2024-12-04T17:17:53.862+0000] {dag.py:3239} INFO - Sync 1 DAGs
[2024-12-04T17:17:53.876+0000] {logging_mixin.py:190} INFO - [2024-12-04T17:17:53.876+0000] {dag.py:4180} INFO - Setting next_dagrun for example_setup_teardown to None, run_after=None
[2024-12-04T17:17:53.896+0000] {processor.py:208} INFO - Processing /home/airflow/.local/lib/python3.12/site-packages/airflow/example_dags/example_setup_teardown.py took 0.132 seconds
[2024-12-04T17:18:24.262+0000] {processor.py:186} INFO - Started process (PID=821) to work on /home/airflow/.local/lib/python3.12/site-packages/airflow/example_dags/example_setup_teardown.py
[2024-12-04T17:18:24.266+0000] {processor.py:914} INFO - Processing file /home/airflow/.local/lib/python3.12/site-packages/airflow/example_dags/example_setup_teardown.py for tasks to queue
[2024-12-04T17:18:24.272+0000] {logging_mixin.py:190} INFO - [2024-12-04T17:18:24.271+0000] {dagbag.py:588} INFO - Filling up the DagBag from /home/airflow/.local/lib/python3.12/site-packages/airflow/example_dags/example_setup_teardown.py
[2024-12-04T17:18:24.298+0000] {processor.py:925} INFO - DAG(s) 'example_setup_teardown' retrieved from /home/airflow/.local/lib/python3.12/site-packages/airflow/example_dags/example_setup_teardown.py
[2024-12-04T17:18:24.327+0000] {logging_mixin.py:190} INFO - [2024-12-04T17:18:24.327+0000] {dag.py:3239} INFO - Sync 1 DAGs
[2024-12-04T17:18:24.338+0000] {logging_mixin.py:190} INFO - [2024-12-04T17:18:24.338+0000] {dag.py:4180} INFO - Setting next_dagrun for example_setup_teardown to None, run_after=None
[2024-12-04T17:18:24.351+0000] {processor.py:208} INFO - Processing /home/airflow/.local/lib/python3.12/site-packages/airflow/example_dags/example_setup_teardown.py took 0.103 seconds
[2024-12-04T17:18:55.235+0000] {processor.py:186} INFO - Started process (PID=884) to work on /home/airflow/.local/lib/python3.12/site-packages/airflow/example_dags/example_setup_teardown.py
[2024-12-04T17:18:55.237+0000] {processor.py:914} INFO - Processing file /home/airflow/.local/lib/python3.12/site-packages/airflow/example_dags/example_setup_teardown.py for tasks to queue
[2024-12-04T17:18:55.246+0000] {logging_mixin.py:190} INFO - [2024-12-04T17:18:55.245+0000] {dagbag.py:588} INFO - Filling up the DagBag from /home/airflow/.local/lib/python3.12/site-packages/airflow/example_dags/example_setup_teardown.py
[2024-12-04T17:18:55.263+0000] {processor.py:925} INFO - DAG(s) 'example_setup_teardown' retrieved from /home/airflow/.local/lib/python3.12/site-packages/airflow/example_dags/example_setup_teardown.py
[2024-12-04T17:18:55.296+0000] {logging_mixin.py:190} INFO - [2024-12-04T17:18:55.295+0000] {dag.py:3239} INFO - Sync 1 DAGs
[2024-12-04T17:18:55.307+0000] {logging_mixin.py:190} INFO - [2024-12-04T17:18:55.306+0000] {dag.py:4180} INFO - Setting next_dagrun for example_setup_teardown to None, run_after=None
[2024-12-04T17:18:55.319+0000] {processor.py:208} INFO - Processing /home/airflow/.local/lib/python3.12/site-packages/airflow/example_dags/example_setup_teardown.py took 0.107 seconds
[2024-12-04T17:19:25.699+0000] {processor.py:186} INFO - Started process (PID=947) to work on /home/airflow/.local/lib/python3.12/site-packages/airflow/example_dags/example_setup_teardown.py
[2024-12-04T17:19:25.702+0000] {processor.py:914} INFO - Processing file /home/airflow/.local/lib/python3.12/site-packages/airflow/example_dags/example_setup_teardown.py for tasks to queue
[2024-12-04T17:19:25.709+0000] {logging_mixin.py:190} INFO - [2024-12-04T17:19:25.709+0000] {dagbag.py:588} INFO - Filling up the DagBag from /home/airflow/.local/lib/python3.12/site-packages/airflow/example_dags/example_setup_teardown.py
[2024-12-04T17:19:25.729+0000] {processor.py:925} INFO - DAG(s) 'example_setup_teardown' retrieved from /home/airflow/.local/lib/python3.12/site-packages/airflow/example_dags/example_setup_teardown.py
[2024-12-04T17:19:25.751+0000] {logging_mixin.py:190} INFO - [2024-12-04T17:19:25.751+0000] {dag.py:3239} INFO - Sync 1 DAGs
[2024-12-04T17:19:25.763+0000] {logging_mixin.py:190} INFO - [2024-12-04T17:19:25.762+0000] {dag.py:4180} INFO - Setting next_dagrun for example_setup_teardown to None, run_after=None
[2024-12-04T17:19:25.778+0000] {processor.py:208} INFO - Processing /home/airflow/.local/lib/python3.12/site-packages/airflow/example_dags/example_setup_teardown.py took 0.094 seconds
[2024-12-04T17:19:56.036+0000] {processor.py:186} INFO - Started process (PID=1010) to work on /home/airflow/.local/lib/python3.12/site-packages/airflow/example_dags/example_setup_teardown.py
[2024-12-04T17:19:56.039+0000] {processor.py:914} INFO - Processing file /home/airflow/.local/lib/python3.12/site-packages/airflow/example_dags/example_setup_teardown.py for tasks to queue
[2024-12-04T17:19:56.046+0000] {logging_mixin.py:190} INFO - [2024-12-04T17:19:56.046+0000] {dagbag.py:588} INFO - Filling up the DagBag from /home/airflow/.local/lib/python3.12/site-packages/airflow/example_dags/example_setup_teardown.py
[2024-12-04T17:19:56.062+0000] {processor.py:925} INFO - DAG(s) 'example_setup_teardown' retrieved from /home/airflow/.local/lib/python3.12/site-packages/airflow/example_dags/example_setup_teardown.py
[2024-12-04T17:19:56.087+0000] {logging_mixin.py:190} INFO - [2024-12-04T17:19:56.087+0000] {dag.py:3239} INFO - Sync 1 DAGs
[2024-12-04T17:19:56.100+0000] {logging_mixin.py:190} INFO - [2024-12-04T17:19:56.099+0000] {dag.py:4180} INFO - Setting next_dagrun for example_setup_teardown to None, run_after=None
[2024-12-04T17:19:56.122+0000] {processor.py:208} INFO - Processing /home/airflow/.local/lib/python3.12/site-packages/airflow/example_dags/example_setup_teardown.py took 0.130 seconds
[2024-12-04T17:20:26.418+0000] {processor.py:186} INFO - Started process (PID=1073) to work on /home/airflow/.local/lib/python3.12/site-packages/airflow/example_dags/example_setup_teardown.py
[2024-12-04T17:20:26.420+0000] {processor.py:914} INFO - Processing file /home/airflow/.local/lib/python3.12/site-packages/airflow/example_dags/example_setup_teardown.py for tasks to queue
[2024-12-04T17:20:26.436+0000] {logging_mixin.py:190} INFO - [2024-12-04T17:20:26.434+0000] {dagbag.py:588} INFO - Filling up the DagBag from /home/airflow/.local/lib/python3.12/site-packages/airflow/example_dags/example_setup_teardown.py
[2024-12-04T17:20:26.450+0000] {processor.py:925} INFO - DAG(s) 'example_setup_teardown' retrieved from /home/airflow/.local/lib/python3.12/site-packages/airflow/example_dags/example_setup_teardown.py
[2024-12-04T17:20:26.475+0000] {logging_mixin.py:190} INFO - [2024-12-04T17:20:26.474+0000] {dag.py:3239} INFO - Sync 1 DAGs
[2024-12-04T17:20:26.500+0000] {logging_mixin.py:190} INFO - [2024-12-04T17:20:26.499+0000] {dag.py:4180} INFO - Setting next_dagrun for example_setup_teardown to None, run_after=None
[2024-12-04T17:20:26.512+0000] {processor.py:208} INFO - Processing /home/airflow/.local/lib/python3.12/site-packages/airflow/example_dags/example_setup_teardown.py took 0.108 seconds
[2024-12-04T17:20:56.628+0000] {processor.py:186} INFO - Started process (PID=1136) to work on /home/airflow/.local/lib/python3.12/site-packages/airflow/example_dags/example_setup_teardown.py
[2024-12-04T17:20:56.630+0000] {processor.py:914} INFO - Processing file /home/airflow/.local/lib/python3.12/site-packages/airflow/example_dags/example_setup_teardown.py for tasks to queue
[2024-12-04T17:20:56.634+0000] {logging_mixin.py:190} INFO - [2024-12-04T17:20:56.633+0000] {dagbag.py:588} INFO - Filling up the DagBag from /home/airflow/.local/lib/python3.12/site-packages/airflow/example_dags/example_setup_teardown.py
[2024-12-04T17:20:56.659+0000] {processor.py:925} INFO - DAG(s) 'example_setup_teardown' retrieved from /home/airflow/.local/lib/python3.12/site-packages/airflow/example_dags/example_setup_teardown.py
[2024-12-04T17:20:56.681+0000] {logging_mixin.py:190} INFO - [2024-12-04T17:20:56.681+0000] {dag.py:3239} INFO - Sync 1 DAGs
[2024-12-04T17:20:56.692+0000] {logging_mixin.py:190} INFO - [2024-12-04T17:20:56.692+0000] {dag.py:4180} INFO - Setting next_dagrun for example_setup_teardown to None, run_after=None
[2024-12-04T17:20:56.705+0000] {processor.py:208} INFO - Processing /home/airflow/.local/lib/python3.12/site-packages/airflow/example_dags/example_setup_teardown.py took 0.085 seconds
[2024-12-04T17:21:27.682+0000] {processor.py:186} INFO - Started process (PID=1199) to work on /home/airflow/.local/lib/python3.12/site-packages/airflow/example_dags/example_setup_teardown.py
[2024-12-04T17:21:27.684+0000] {processor.py:914} INFO - Processing file /home/airflow/.local/lib/python3.12/site-packages/airflow/example_dags/example_setup_teardown.py for tasks to queue
[2024-12-04T17:21:27.710+0000] {logging_mixin.py:190} INFO - [2024-12-04T17:21:27.709+0000] {dagbag.py:588} INFO - Filling up the DagBag from /home/airflow/.local/lib/python3.12/site-packages/airflow/example_dags/example_setup_teardown.py
[2024-12-04T17:21:27.735+0000] {processor.py:925} INFO - DAG(s) 'example_setup_teardown' retrieved from /home/airflow/.local/lib/python3.12/site-packages/airflow/example_dags/example_setup_teardown.py
[2024-12-04T17:21:27.808+0000] {logging_mixin.py:190} INFO - [2024-12-04T17:21:27.807+0000] {dag.py:3239} INFO - Sync 1 DAGs
[2024-12-04T17:21:27.870+0000] {logging_mixin.py:190} INFO - [2024-12-04T17:21:27.870+0000] {dag.py:4180} INFO - Setting next_dagrun for example_setup_teardown to None, run_after=None
[2024-12-04T17:21:27.919+0000] {processor.py:208} INFO - Processing /home/airflow/.local/lib/python3.12/site-packages/airflow/example_dags/example_setup_teardown.py took 0.256 seconds
[2024-12-04T17:21:58.484+0000] {processor.py:186} INFO - Started process (PID=1262) to work on /home/airflow/.local/lib/python3.12/site-packages/airflow/example_dags/example_setup_teardown.py
[2024-12-04T17:21:58.487+0000] {processor.py:914} INFO - Processing file /home/airflow/.local/lib/python3.12/site-packages/airflow/example_dags/example_setup_teardown.py for tasks to queue
[2024-12-04T17:21:58.497+0000] {logging_mixin.py:190} INFO - [2024-12-04T17:21:58.497+0000] {dagbag.py:588} INFO - Filling up the DagBag from /home/airflow/.local/lib/python3.12/site-packages/airflow/example_dags/example_setup_teardown.py
[2024-12-04T17:21:58.526+0000] {processor.py:925} INFO - DAG(s) 'example_setup_teardown' retrieved from /home/airflow/.local/lib/python3.12/site-packages/airflow/example_dags/example_setup_teardown.py
[2024-12-04T17:21:58.571+0000] {logging_mixin.py:190} INFO - [2024-12-04T17:21:58.571+0000] {dag.py:3239} INFO - Sync 1 DAGs
[2024-12-04T17:21:58.643+0000] {logging_mixin.py:190} INFO - [2024-12-04T17:21:58.642+0000] {dag.py:4180} INFO - Setting next_dagrun for example_setup_teardown to None, run_after=None
[2024-12-04T17:21:58.692+0000] {processor.py:208} INFO - Processing /home/airflow/.local/lib/python3.12/site-packages/airflow/example_dags/example_setup_teardown.py took 0.251 seconds
[2024-12-04T17:22:29.253+0000] {processor.py:186} INFO - Started process (PID=1325) to work on /home/airflow/.local/lib/python3.12/site-packages/airflow/example_dags/example_setup_teardown.py
[2024-12-04T17:22:29.291+0000] {processor.py:914} INFO - Processing file /home/airflow/.local/lib/python3.12/site-packages/airflow/example_dags/example_setup_teardown.py for tasks to queue
[2024-12-04T17:22:29.370+0000] {logging_mixin.py:190} INFO - [2024-12-04T17:22:29.363+0000] {dagbag.py:588} INFO - Filling up the DagBag from /home/airflow/.local/lib/python3.12/site-packages/airflow/example_dags/example_setup_teardown.py
[2024-12-04T17:22:29.550+0000] {processor.py:925} INFO - DAG(s) 'example_setup_teardown' retrieved from /home/airflow/.local/lib/python3.12/site-packages/airflow/example_dags/example_setup_teardown.py
[2024-12-04T17:22:29.667+0000] {logging_mixin.py:190} INFO - [2024-12-04T17:22:29.667+0000] {dag.py:3239} INFO - Sync 1 DAGs
[2024-12-04T17:22:29.746+0000] {logging_mixin.py:190} INFO - [2024-12-04T17:22:29.745+0000] {dag.py:4180} INFO - Setting next_dagrun for example_setup_teardown to None, run_after=None
[2024-12-04T17:22:29.849+0000] {processor.py:208} INFO - Processing /home/airflow/.local/lib/python3.12/site-packages/airflow/example_dags/example_setup_teardown.py took 0.732 seconds
[2024-12-04T17:23:14.513+0000] {processor.py:186} INFO - Started process (PID=1388) to work on /home/airflow/.local/lib/python3.12/site-packages/airflow/example_dags/example_setup_teardown.py
[2024-12-04T17:23:14.517+0000] {processor.py:914} INFO - Processing file /home/airflow/.local/lib/python3.12/site-packages/airflow/example_dags/example_setup_teardown.py for tasks to queue
[2024-12-04T17:23:14.523+0000] {logging_mixin.py:190} INFO - [2024-12-04T17:23:14.522+0000] {dagbag.py:588} INFO - Filling up the DagBag from /home/airflow/.local/lib/python3.12/site-packages/airflow/example_dags/example_setup_teardown.py
[2024-12-04T17:23:14.567+0000] {processor.py:925} INFO - DAG(s) 'example_setup_teardown' retrieved from /home/airflow/.local/lib/python3.12/site-packages/airflow/example_dags/example_setup_teardown.py
[2024-12-04T17:23:14.634+0000] {logging_mixin.py:190} INFO - [2024-12-04T17:23:14.633+0000] {dag.py:3239} INFO - Sync 1 DAGs
[2024-12-04T17:23:14.698+0000] {logging_mixin.py:190} INFO - [2024-12-04T17:23:14.697+0000] {dag.py:4180} INFO - Setting next_dagrun for example_setup_teardown to None, run_after=None
[2024-12-04T17:23:14.766+0000] {processor.py:208} INFO - Processing /home/airflow/.local/lib/python3.12/site-packages/airflow/example_dags/example_setup_teardown.py took 0.275 seconds
[2024-12-04T17:23:44.875+0000] {processor.py:186} INFO - Started process (PID=1449) to work on /home/airflow/.local/lib/python3.12/site-packages/airflow/example_dags/example_setup_teardown.py
[2024-12-04T17:23:44.876+0000] {processor.py:914} INFO - Processing file /home/airflow/.local/lib/python3.12/site-packages/airflow/example_dags/example_setup_teardown.py for tasks to queue
[2024-12-04T17:23:44.880+0000] {logging_mixin.py:190} INFO - [2024-12-04T17:23:44.879+0000] {dagbag.py:588} INFO - Filling up the DagBag from /home/airflow/.local/lib/python3.12/site-packages/airflow/example_dags/example_setup_teardown.py
[2024-12-04T17:23:44.887+0000] {processor.py:925} INFO - DAG(s) 'example_setup_teardown' retrieved from /home/airflow/.local/lib/python3.12/site-packages/airflow/example_dags/example_setup_teardown.py
[2024-12-04T17:23:44.908+0000] {logging_mixin.py:190} INFO - [2024-12-04T17:23:44.908+0000] {dag.py:3239} INFO - Sync 1 DAGs
[2024-12-04T17:23:44.927+0000] {logging_mixin.py:190} INFO - [2024-12-04T17:23:44.927+0000] {dag.py:4180} INFO - Setting next_dagrun for example_setup_teardown to None, run_after=None
[2024-12-04T17:23:44.939+0000] {processor.py:208} INFO - Processing /home/airflow/.local/lib/python3.12/site-packages/airflow/example_dags/example_setup_teardown.py took 0.068 seconds
[2024-12-04T17:24:16.403+0000] {processor.py:186} INFO - Started process (PID=1503) to work on /home/airflow/.local/lib/python3.12/site-packages/airflow/example_dags/example_setup_teardown.py
[2024-12-04T17:24:16.404+0000] {processor.py:914} INFO - Processing file /home/airflow/.local/lib/python3.12/site-packages/airflow/example_dags/example_setup_teardown.py for tasks to queue
[2024-12-04T17:24:16.407+0000] {logging_mixin.py:190} INFO - [2024-12-04T17:24:16.407+0000] {dagbag.py:588} INFO - Filling up the DagBag from /home/airflow/.local/lib/python3.12/site-packages/airflow/example_dags/example_setup_teardown.py
[2024-12-04T17:24:16.424+0000] {processor.py:925} INFO - DAG(s) 'example_setup_teardown' retrieved from /home/airflow/.local/lib/python3.12/site-packages/airflow/example_dags/example_setup_teardown.py
[2024-12-04T17:24:16.469+0000] {logging_mixin.py:190} INFO - [2024-12-04T17:24:16.469+0000] {dag.py:3239} INFO - Sync 1 DAGs
[2024-12-04T17:24:16.494+0000] {logging_mixin.py:190} INFO - [2024-12-04T17:24:16.494+0000] {dag.py:4180} INFO - Setting next_dagrun for example_setup_teardown to None, run_after=None
[2024-12-04T17:24:16.529+0000] {processor.py:208} INFO - Processing /home/airflow/.local/lib/python3.12/site-packages/airflow/example_dags/example_setup_teardown.py took 0.138 seconds
[2024-12-04T17:24:46.695+0000] {processor.py:186} INFO - Started process (PID=1561) to work on /home/airflow/.local/lib/python3.12/site-packages/airflow/example_dags/example_setup_teardown.py
[2024-12-04T17:24:46.697+0000] {processor.py:914} INFO - Processing file /home/airflow/.local/lib/python3.12/site-packages/airflow/example_dags/example_setup_teardown.py for tasks to queue
[2024-12-04T17:24:46.705+0000] {logging_mixin.py:190} INFO - [2024-12-04T17:24:46.704+0000] {dagbag.py:588} INFO - Filling up the DagBag from /home/airflow/.local/lib/python3.12/site-packages/airflow/example_dags/example_setup_teardown.py
[2024-12-04T17:24:46.728+0000] {processor.py:925} INFO - DAG(s) 'example_setup_teardown' retrieved from /home/airflow/.local/lib/python3.12/site-packages/airflow/example_dags/example_setup_teardown.py
[2024-12-04T17:24:46.764+0000] {logging_mixin.py:190} INFO - [2024-12-04T17:24:46.764+0000] {dag.py:3239} INFO - Sync 1 DAGs
[2024-12-04T17:24:46.778+0000] {logging_mixin.py:190} INFO - [2024-12-04T17:24:46.778+0000] {dag.py:4180} INFO - Setting next_dagrun for example_setup_teardown to None, run_after=None
[2024-12-04T17:24:46.801+0000] {processor.py:208} INFO - Processing /home/airflow/.local/lib/python3.12/site-packages/airflow/example_dags/example_setup_teardown.py took 0.119 seconds
[2024-12-04T17:25:17.281+0000] {processor.py:186} INFO - Started process (PID=1624) to work on /home/airflow/.local/lib/python3.12/site-packages/airflow/example_dags/example_setup_teardown.py
[2024-12-04T17:25:17.283+0000] {processor.py:914} INFO - Processing file /home/airflow/.local/lib/python3.12/site-packages/airflow/example_dags/example_setup_teardown.py for tasks to queue
[2024-12-04T17:25:17.287+0000] {logging_mixin.py:190} INFO - [2024-12-04T17:25:17.286+0000] {dagbag.py:588} INFO - Filling up the DagBag from /home/airflow/.local/lib/python3.12/site-packages/airflow/example_dags/example_setup_teardown.py
[2024-12-04T17:25:17.299+0000] {processor.py:925} INFO - DAG(s) 'example_setup_teardown' retrieved from /home/airflow/.local/lib/python3.12/site-packages/airflow/example_dags/example_setup_teardown.py
[2024-12-04T17:25:17.326+0000] {logging_mixin.py:190} INFO - [2024-12-04T17:25:17.326+0000] {dag.py:3239} INFO - Sync 1 DAGs
[2024-12-04T17:25:17.345+0000] {logging_mixin.py:190} INFO - [2024-12-04T17:25:17.344+0000] {dag.py:4180} INFO - Setting next_dagrun for example_setup_teardown to None, run_after=None
[2024-12-04T17:25:17.359+0000] {processor.py:208} INFO - Processing /home/airflow/.local/lib/python3.12/site-packages/airflow/example_dags/example_setup_teardown.py took 0.086 seconds
[2024-12-04T17:25:47.654+0000] {processor.py:186} INFO - Started process (PID=1687) to work on /home/airflow/.local/lib/python3.12/site-packages/airflow/example_dags/example_setup_teardown.py
[2024-12-04T17:25:47.656+0000] {processor.py:914} INFO - Processing file /home/airflow/.local/lib/python3.12/site-packages/airflow/example_dags/example_setup_teardown.py for tasks to queue
[2024-12-04T17:25:47.660+0000] {logging_mixin.py:190} INFO - [2024-12-04T17:25:47.660+0000] {dagbag.py:588} INFO - Filling up the DagBag from /home/airflow/.local/lib/python3.12/site-packages/airflow/example_dags/example_setup_teardown.py
[2024-12-04T17:25:47.670+0000] {processor.py:925} INFO - DAG(s) 'example_setup_teardown' retrieved from /home/airflow/.local/lib/python3.12/site-packages/airflow/example_dags/example_setup_teardown.py
[2024-12-04T17:25:47.693+0000] {logging_mixin.py:190} INFO - [2024-12-04T17:25:47.693+0000] {dag.py:3239} INFO - Sync 1 DAGs
[2024-12-04T17:25:47.706+0000] {logging_mixin.py:190} INFO - [2024-12-04T17:25:47.706+0000] {dag.py:4180} INFO - Setting next_dagrun for example_setup_teardown to None, run_after=None
[2024-12-04T17:25:47.718+0000] {processor.py:208} INFO - Processing /home/airflow/.local/lib/python3.12/site-packages/airflow/example_dags/example_setup_teardown.py took 0.072 seconds
[2024-12-04T17:26:18.255+0000] {processor.py:186} INFO - Started process (PID=1750) to work on /home/airflow/.local/lib/python3.12/site-packages/airflow/example_dags/example_setup_teardown.py
[2024-12-04T17:26:18.258+0000] {processor.py:914} INFO - Processing file /home/airflow/.local/lib/python3.12/site-packages/airflow/example_dags/example_setup_teardown.py for tasks to queue
[2024-12-04T17:26:18.271+0000] {logging_mixin.py:190} INFO - [2024-12-04T17:26:18.271+0000] {dagbag.py:588} INFO - Filling up the DagBag from /home/airflow/.local/lib/python3.12/site-packages/airflow/example_dags/example_setup_teardown.py
[2024-12-04T17:26:18.302+0000] {processor.py:925} INFO - DAG(s) 'example_setup_teardown' retrieved from /home/airflow/.local/lib/python3.12/site-packages/airflow/example_dags/example_setup_teardown.py
[2024-12-04T17:26:18.398+0000] {logging_mixin.py:190} INFO - [2024-12-04T17:26:18.398+0000] {dag.py:3239} INFO - Sync 1 DAGs
[2024-12-04T17:26:18.432+0000] {logging_mixin.py:190} INFO - [2024-12-04T17:26:18.432+0000] {dag.py:4180} INFO - Setting next_dagrun for example_setup_teardown to None, run_after=None
[2024-12-04T17:26:18.464+0000] {processor.py:208} INFO - Processing /home/airflow/.local/lib/python3.12/site-packages/airflow/example_dags/example_setup_teardown.py took 0.234 seconds
[2024-12-04T17:26:48.769+0000] {processor.py:186} INFO - Started process (PID=1812) to work on /home/airflow/.local/lib/python3.12/site-packages/airflow/example_dags/example_setup_teardown.py
[2024-12-04T17:26:48.771+0000] {processor.py:914} INFO - Processing file /home/airflow/.local/lib/python3.12/site-packages/airflow/example_dags/example_setup_teardown.py for tasks to queue
[2024-12-04T17:26:48.774+0000] {logging_mixin.py:190} INFO - [2024-12-04T17:26:48.773+0000] {dagbag.py:588} INFO - Filling up the DagBag from /home/airflow/.local/lib/python3.12/site-packages/airflow/example_dags/example_setup_teardown.py
[2024-12-04T17:26:48.785+0000] {processor.py:925} INFO - DAG(s) 'example_setup_teardown' retrieved from /home/airflow/.local/lib/python3.12/site-packages/airflow/example_dags/example_setup_teardown.py
[2024-12-04T17:26:48.818+0000] {logging_mixin.py:190} INFO - [2024-12-04T17:26:48.818+0000] {dag.py:3239} INFO - Sync 1 DAGs
[2024-12-04T17:26:48.831+0000] {logging_mixin.py:190} INFO - [2024-12-04T17:26:48.831+0000] {dag.py:4180} INFO - Setting next_dagrun for example_setup_teardown to None, run_after=None
[2024-12-04T17:26:48.844+0000] {processor.py:208} INFO - Processing /home/airflow/.local/lib/python3.12/site-packages/airflow/example_dags/example_setup_teardown.py took 0.084 seconds
[2024-12-04T17:27:19.726+0000] {processor.py:186} INFO - Started process (PID=1875) to work on /home/airflow/.local/lib/python3.12/site-packages/airflow/example_dags/example_setup_teardown.py
[2024-12-04T17:27:19.730+0000] {processor.py:914} INFO - Processing file /home/airflow/.local/lib/python3.12/site-packages/airflow/example_dags/example_setup_teardown.py for tasks to queue
[2024-12-04T17:27:19.741+0000] {logging_mixin.py:190} INFO - [2024-12-04T17:27:19.740+0000] {dagbag.py:588} INFO - Filling up the DagBag from /home/airflow/.local/lib/python3.12/site-packages/airflow/example_dags/example_setup_teardown.py
[2024-12-04T17:27:19.794+0000] {processor.py:925} INFO - DAG(s) 'example_setup_teardown' retrieved from /home/airflow/.local/lib/python3.12/site-packages/airflow/example_dags/example_setup_teardown.py
[2024-12-04T17:27:19.913+0000] {logging_mixin.py:190} INFO - [2024-12-04T17:27:19.912+0000] {dag.py:3239} INFO - Sync 1 DAGs
[2024-12-04T17:27:19.998+0000] {logging_mixin.py:190} INFO - [2024-12-04T17:27:19.997+0000] {dag.py:4180} INFO - Setting next_dagrun for example_setup_teardown to None, run_after=None
[2024-12-04T17:27:20.104+0000] {processor.py:208} INFO - Processing /home/airflow/.local/lib/python3.12/site-packages/airflow/example_dags/example_setup_teardown.py took 0.421 seconds
[2024-12-04T17:27:50.995+0000] {processor.py:186} INFO - Started process (PID=1937) to work on /home/airflow/.local/lib/python3.12/site-packages/airflow/example_dags/example_setup_teardown.py
[2024-12-04T17:27:51.003+0000] {processor.py:914} INFO - Processing file /home/airflow/.local/lib/python3.12/site-packages/airflow/example_dags/example_setup_teardown.py for tasks to queue
[2024-12-04T17:27:51.019+0000] {logging_mixin.py:190} INFO - [2024-12-04T17:27:51.017+0000] {dagbag.py:588} INFO - Filling up the DagBag from /home/airflow/.local/lib/python3.12/site-packages/airflow/example_dags/example_setup_teardown.py
[2024-12-04T17:27:51.049+0000] {processor.py:925} INFO - DAG(s) 'example_setup_teardown' retrieved from /home/airflow/.local/lib/python3.12/site-packages/airflow/example_dags/example_setup_teardown.py
[2024-12-04T17:27:51.136+0000] {logging_mixin.py:190} INFO - [2024-12-04T17:27:51.136+0000] {dag.py:3239} INFO - Sync 1 DAGs
[2024-12-04T17:27:51.165+0000] {logging_mixin.py:190} INFO - [2024-12-04T17:27:51.164+0000] {dag.py:4180} INFO - Setting next_dagrun for example_setup_teardown to None, run_after=None
[2024-12-04T17:27:51.208+0000] {processor.py:208} INFO - Processing /home/airflow/.local/lib/python3.12/site-packages/airflow/example_dags/example_setup_teardown.py took 0.228 seconds
[2024-12-04T17:28:21.679+0000] {processor.py:186} INFO - Started process (PID=2000) to work on /home/airflow/.local/lib/python3.12/site-packages/airflow/example_dags/example_setup_teardown.py
[2024-12-04T17:28:21.692+0000] {processor.py:914} INFO - Processing file /home/airflow/.local/lib/python3.12/site-packages/airflow/example_dags/example_setup_teardown.py for tasks to queue
[2024-12-04T17:28:21.709+0000] {logging_mixin.py:190} INFO - [2024-12-04T17:28:21.708+0000] {dagbag.py:588} INFO - Filling up the DagBag from /home/airflow/.local/lib/python3.12/site-packages/airflow/example_dags/example_setup_teardown.py
[2024-12-04T17:28:21.740+0000] {processor.py:925} INFO - DAG(s) 'example_setup_teardown' retrieved from /home/airflow/.local/lib/python3.12/site-packages/airflow/example_dags/example_setup_teardown.py
[2024-12-04T17:28:21.808+0000] {logging_mixin.py:190} INFO - [2024-12-04T17:28:21.807+0000] {dag.py:3239} INFO - Sync 1 DAGs
[2024-12-04T17:28:21.828+0000] {logging_mixin.py:190} INFO - [2024-12-04T17:28:21.828+0000] {dag.py:4180} INFO - Setting next_dagrun for example_setup_teardown to None, run_after=None
[2024-12-04T17:28:21.864+0000] {processor.py:208} INFO - Processing /home/airflow/.local/lib/python3.12/site-packages/airflow/example_dags/example_setup_teardown.py took 0.223 seconds
[2024-12-04T17:28:52.683+0000] {processor.py:186} INFO - Started process (PID=2063) to work on /home/airflow/.local/lib/python3.12/site-packages/airflow/example_dags/example_setup_teardown.py
[2024-12-04T17:28:52.686+0000] {processor.py:914} INFO - Processing file /home/airflow/.local/lib/python3.12/site-packages/airflow/example_dags/example_setup_teardown.py for tasks to queue
[2024-12-04T17:28:52.693+0000] {logging_mixin.py:190} INFO - [2024-12-04T17:28:52.692+0000] {dagbag.py:588} INFO - Filling up the DagBag from /home/airflow/.local/lib/python3.12/site-packages/airflow/example_dags/example_setup_teardown.py
[2024-12-04T17:28:52.732+0000] {processor.py:925} INFO - DAG(s) 'example_setup_teardown' retrieved from /home/airflow/.local/lib/python3.12/site-packages/airflow/example_dags/example_setup_teardown.py
[2024-12-04T17:28:52.811+0000] {logging_mixin.py:190} INFO - [2024-12-04T17:28:52.811+0000] {dag.py:3239} INFO - Sync 1 DAGs
[2024-12-04T17:28:52.848+0000] {logging_mixin.py:190} INFO - [2024-12-04T17:28:52.848+0000] {dag.py:4180} INFO - Setting next_dagrun for example_setup_teardown to None, run_after=None
[2024-12-04T17:28:52.893+0000] {processor.py:208} INFO - Processing /home/airflow/.local/lib/python3.12/site-packages/airflow/example_dags/example_setup_teardown.py took 0.232 seconds
[2024-12-04T17:29:24.568+0000] {processor.py:186} INFO - Started process (PID=2126) to work on /home/airflow/.local/lib/python3.12/site-packages/airflow/example_dags/example_setup_teardown.py
[2024-12-04T17:29:24.570+0000] {processor.py:914} INFO - Processing file /home/airflow/.local/lib/python3.12/site-packages/airflow/example_dags/example_setup_teardown.py for tasks to queue
[2024-12-04T17:29:24.574+0000] {logging_mixin.py:190} INFO - [2024-12-04T17:29:24.573+0000] {dagbag.py:588} INFO - Filling up the DagBag from /home/airflow/.local/lib/python3.12/site-packages/airflow/example_dags/example_setup_teardown.py
[2024-12-04T17:29:24.590+0000] {processor.py:925} INFO - DAG(s) 'example_setup_teardown' retrieved from /home/airflow/.local/lib/python3.12/site-packages/airflow/example_dags/example_setup_teardown.py
[2024-12-04T17:29:24.630+0000] {logging_mixin.py:190} INFO - [2024-12-04T17:29:24.630+0000] {dag.py:3239} INFO - Sync 1 DAGs
[2024-12-04T17:29:24.657+0000] {logging_mixin.py:190} INFO - [2024-12-04T17:29:24.656+0000] {dag.py:4180} INFO - Setting next_dagrun for example_setup_teardown to None, run_after=None
[2024-12-04T17:29:24.690+0000] {processor.py:208} INFO - Processing /home/airflow/.local/lib/python3.12/site-packages/airflow/example_dags/example_setup_teardown.py took 0.130 seconds
[2024-12-04T17:29:55.476+0000] {processor.py:186} INFO - Started process (PID=2187) to work on /home/airflow/.local/lib/python3.12/site-packages/airflow/example_dags/example_setup_teardown.py
[2024-12-04T17:29:55.477+0000] {processor.py:914} INFO - Processing file /home/airflow/.local/lib/python3.12/site-packages/airflow/example_dags/example_setup_teardown.py for tasks to queue
[2024-12-04T17:29:55.479+0000] {logging_mixin.py:190} INFO - [2024-12-04T17:29:55.479+0000] {dagbag.py:588} INFO - Filling up the DagBag from /home/airflow/.local/lib/python3.12/site-packages/airflow/example_dags/example_setup_teardown.py
[2024-12-04T17:29:55.487+0000] {processor.py:925} INFO - DAG(s) 'example_setup_teardown' retrieved from /home/airflow/.local/lib/python3.12/site-packages/airflow/example_dags/example_setup_teardown.py
[2024-12-04T17:29:55.505+0000] {logging_mixin.py:190} INFO - [2024-12-04T17:29:55.504+0000] {dag.py:3239} INFO - Sync 1 DAGs
[2024-12-04T17:29:55.514+0000] {logging_mixin.py:190} INFO - [2024-12-04T17:29:55.514+0000] {dag.py:4180} INFO - Setting next_dagrun for example_setup_teardown to None, run_after=None
[2024-12-04T17:29:55.530+0000] {processor.py:208} INFO - Processing /home/airflow/.local/lib/python3.12/site-packages/airflow/example_dags/example_setup_teardown.py took 0.061 seconds
[2024-12-04T17:30:26.201+0000] {processor.py:186} INFO - Started process (PID=2250) to work on /home/airflow/.local/lib/python3.12/site-packages/airflow/example_dags/example_setup_teardown.py
[2024-12-04T17:30:26.204+0000] {processor.py:914} INFO - Processing file /home/airflow/.local/lib/python3.12/site-packages/airflow/example_dags/example_setup_teardown.py for tasks to queue
[2024-12-04T17:30:26.209+0000] {logging_mixin.py:190} INFO - [2024-12-04T17:30:26.209+0000] {dagbag.py:588} INFO - Filling up the DagBag from /home/airflow/.local/lib/python3.12/site-packages/airflow/example_dags/example_setup_teardown.py
[2024-12-04T17:30:26.234+0000] {processor.py:925} INFO - DAG(s) 'example_setup_teardown' retrieved from /home/airflow/.local/lib/python3.12/site-packages/airflow/example_dags/example_setup_teardown.py
[2024-12-04T17:30:26.329+0000] {logging_mixin.py:190} INFO - [2024-12-04T17:30:26.328+0000] {dag.py:3239} INFO - Sync 1 DAGs
[2024-12-04T17:30:26.347+0000] {logging_mixin.py:190} INFO - [2024-12-04T17:30:26.346+0000] {dag.py:4180} INFO - Setting next_dagrun for example_setup_teardown to None, run_after=None
[2024-12-04T17:30:26.383+0000] {processor.py:208} INFO - Processing /home/airflow/.local/lib/python3.12/site-packages/airflow/example_dags/example_setup_teardown.py took 0.193 seconds
[2024-12-04T17:30:56.526+0000] {processor.py:186} INFO - Started process (PID=2313) to work on /home/airflow/.local/lib/python3.12/site-packages/airflow/example_dags/example_setup_teardown.py
[2024-12-04T17:30:56.534+0000] {processor.py:914} INFO - Processing file /home/airflow/.local/lib/python3.12/site-packages/airflow/example_dags/example_setup_teardown.py for tasks to queue
[2024-12-04T17:30:56.540+0000] {logging_mixin.py:190} INFO - [2024-12-04T17:30:56.540+0000] {dagbag.py:588} INFO - Filling up the DagBag from /home/airflow/.local/lib/python3.12/site-packages/airflow/example_dags/example_setup_teardown.py
[2024-12-04T17:30:56.552+0000] {processor.py:925} INFO - DAG(s) 'example_setup_teardown' retrieved from /home/airflow/.local/lib/python3.12/site-packages/airflow/example_dags/example_setup_teardown.py
[2024-12-04T17:30:56.619+0000] {logging_mixin.py:190} INFO - [2024-12-04T17:30:56.618+0000] {dag.py:3239} INFO - Sync 1 DAGs
[2024-12-04T17:30:56.695+0000] {logging_mixin.py:190} INFO - [2024-12-04T17:30:56.694+0000] {dag.py:4180} INFO - Setting next_dagrun for example_setup_teardown to None, run_after=None
[2024-12-04T17:30:56.745+0000] {processor.py:208} INFO - Processing /home/airflow/.local/lib/python3.12/site-packages/airflow/example_dags/example_setup_teardown.py took 0.238 seconds
[2024-12-04T17:31:26.791+0000] {processor.py:186} INFO - Started process (PID=2375) to work on /home/airflow/.local/lib/python3.12/site-packages/airflow/example_dags/example_setup_teardown.py
[2024-12-04T17:31:26.792+0000] {processor.py:914} INFO - Processing file /home/airflow/.local/lib/python3.12/site-packages/airflow/example_dags/example_setup_teardown.py for tasks to queue
[2024-12-04T17:31:26.793+0000] {logging_mixin.py:190} INFO - [2024-12-04T17:31:26.793+0000] {dagbag.py:588} INFO - Filling up the DagBag from /home/airflow/.local/lib/python3.12/site-packages/airflow/example_dags/example_setup_teardown.py
[2024-12-04T17:31:26.798+0000] {processor.py:925} INFO - DAG(s) 'example_setup_teardown' retrieved from /home/airflow/.local/lib/python3.12/site-packages/airflow/example_dags/example_setup_teardown.py
[2024-12-04T17:31:26.807+0000] {logging_mixin.py:190} INFO - [2024-12-04T17:31:26.807+0000] {dag.py:3239} INFO - Sync 1 DAGs
[2024-12-04T17:31:26.817+0000] {logging_mixin.py:190} INFO - [2024-12-04T17:31:26.817+0000] {dag.py:4180} INFO - Setting next_dagrun for example_setup_teardown to None, run_after=None
[2024-12-04T17:31:26.827+0000] {processor.py:208} INFO - Processing /home/airflow/.local/lib/python3.12/site-packages/airflow/example_dags/example_setup_teardown.py took 0.039 seconds
[2024-12-04T17:31:57.363+0000] {processor.py:186} INFO - Started process (PID=2425) to work on /home/airflow/.local/lib/python3.12/site-packages/airflow/example_dags/example_setup_teardown.py
[2024-12-04T17:31:57.364+0000] {processor.py:914} INFO - Processing file /home/airflow/.local/lib/python3.12/site-packages/airflow/example_dags/example_setup_teardown.py for tasks to queue
[2024-12-04T17:31:57.368+0000] {logging_mixin.py:190} INFO - [2024-12-04T17:31:57.367+0000] {dagbag.py:588} INFO - Filling up the DagBag from /home/airflow/.local/lib/python3.12/site-packages/airflow/example_dags/example_setup_teardown.py
[2024-12-04T17:31:57.373+0000] {processor.py:925} INFO - DAG(s) 'example_setup_teardown' retrieved from /home/airflow/.local/lib/python3.12/site-packages/airflow/example_dags/example_setup_teardown.py
[2024-12-04T17:31:57.390+0000] {logging_mixin.py:190} INFO - [2024-12-04T17:31:57.389+0000] {dag.py:3239} INFO - Sync 1 DAGs
[2024-12-04T17:31:57.403+0000] {logging_mixin.py:190} INFO - [2024-12-04T17:31:57.402+0000] {dag.py:4180} INFO - Setting next_dagrun for example_setup_teardown to None, run_after=None
[2024-12-04T17:31:57.417+0000] {processor.py:208} INFO - Processing /home/airflow/.local/lib/python3.12/site-packages/airflow/example_dags/example_setup_teardown.py took 0.063 seconds
[2024-12-04T17:32:27.988+0000] {processor.py:186} INFO - Started process (PID=2483) to work on /home/airflow/.local/lib/python3.12/site-packages/airflow/example_dags/example_setup_teardown.py
[2024-12-04T17:32:27.989+0000] {processor.py:914} INFO - Processing file /home/airflow/.local/lib/python3.12/site-packages/airflow/example_dags/example_setup_teardown.py for tasks to queue
[2024-12-04T17:32:27.991+0000] {logging_mixin.py:190} INFO - [2024-12-04T17:32:27.990+0000] {dagbag.py:588} INFO - Filling up the DagBag from /home/airflow/.local/lib/python3.12/site-packages/airflow/example_dags/example_setup_teardown.py
[2024-12-04T17:32:27.995+0000] {processor.py:925} INFO - DAG(s) 'example_setup_teardown' retrieved from /home/airflow/.local/lib/python3.12/site-packages/airflow/example_dags/example_setup_teardown.py
[2024-12-04T17:32:28.008+0000] {logging_mixin.py:190} INFO - [2024-12-04T17:32:28.008+0000] {dag.py:3239} INFO - Sync 1 DAGs
[2024-12-04T17:32:28.017+0000] {logging_mixin.py:190} INFO - [2024-12-04T17:32:28.017+0000] {dag.py:4180} INFO - Setting next_dagrun for example_setup_teardown to None, run_after=None
[2024-12-04T17:32:28.038+0000] {processor.py:208} INFO - Processing /home/airflow/.local/lib/python3.12/site-packages/airflow/example_dags/example_setup_teardown.py took 0.053 seconds
