[2024-12-04T17:12:19.279+0000] {processor.py:186} INFO - Started process (PID=72) to work on /home/airflow/.local/lib/python3.12/site-packages/airflow/example_dags/example_trigger_controller_dag.py
[2024-12-04T17:12:19.280+0000] {processor.py:914} INFO - Processing file /home/airflow/.local/lib/python3.12/site-packages/airflow/example_dags/example_trigger_controller_dag.py for tasks to queue
[2024-12-04T17:12:19.281+0000] {logging_mixin.py:190} INFO - [2024-12-04T17:12:19.281+0000] {dagbag.py:588} INFO - Filling up the DagBag from /home/airflow/.local/lib/python3.12/site-packages/airflow/example_dags/example_trigger_controller_dag.py
[2024-12-04T17:12:19.287+0000] {processor.py:925} INFO - DAG(s) 'example_trigger_controller_dag' retrieved from /home/airflow/.local/lib/python3.12/site-packages/airflow/example_dags/example_trigger_controller_dag.py
[2024-12-04T17:12:19.335+0000] {logging_mixin.py:190} INFO - [2024-12-04T17:12:19.334+0000] {override.py:1911} INFO - Created Permission View: can read on DAG:example_trigger_controller_dag
[2024-12-04T17:12:19.338+0000] {logging_mixin.py:190} INFO - [2024-12-04T17:12:19.338+0000] {override.py:1911} INFO - Created Permission View: can delete on DAG:example_trigger_controller_dag
[2024-12-04T17:12:19.340+0000] {logging_mixin.py:190} INFO - [2024-12-04T17:12:19.340+0000] {override.py:1911} INFO - Created Permission View: can edit on DAG:example_trigger_controller_dag
[2024-12-04T17:12:19.342+0000] {logging_mixin.py:190} INFO - [2024-12-04T17:12:19.342+0000] {override.py:1911} INFO - Created Permission View: menu access on DAG Run:example_trigger_controller_dag
[2024-12-04T17:12:19.344+0000] {logging_mixin.py:190} INFO - [2024-12-04T17:12:19.344+0000] {override.py:1911} INFO - Created Permission View: can delete on DAG Run:example_trigger_controller_dag
[2024-12-04T17:12:19.346+0000] {logging_mixin.py:190} INFO - [2024-12-04T17:12:19.346+0000] {override.py:1911} INFO - Created Permission View: can read on DAG Run:example_trigger_controller_dag
[2024-12-04T17:12:19.347+0000] {logging_mixin.py:190} INFO - [2024-12-04T17:12:19.347+0000] {override.py:1911} INFO - Created Permission View: can create on DAG Run:example_trigger_controller_dag
[2024-12-04T17:12:19.348+0000] {logging_mixin.py:190} INFO - [2024-12-04T17:12:19.348+0000] {dag.py:3239} INFO - Sync 1 DAGs
[2024-12-04T17:12:19.354+0000] {logging_mixin.py:190} INFO - [2024-12-04T17:12:19.354+0000] {dag.py:3262} INFO - Creating ORM DAG for example_trigger_controller_dag
[2024-12-04T17:12:19.362+0000] {logging_mixin.py:190} INFO - [2024-12-04T17:12:19.361+0000] {dag.py:4180} INFO - Setting next_dagrun for example_trigger_controller_dag to 2021-01-01 00:00:00+00:00, run_after=2021-01-01 00:00:00+00:00
[2024-12-04T17:12:19.370+0000] {processor.py:208} INFO - Processing /home/airflow/.local/lib/python3.12/site-packages/airflow/example_dags/example_trigger_controller_dag.py took 0.094 seconds
[2024-12-04T17:12:50.303+0000] {processor.py:186} INFO - Started process (PID=135) to work on /home/airflow/.local/lib/python3.12/site-packages/airflow/example_dags/example_trigger_controller_dag.py
[2024-12-04T17:12:50.304+0000] {processor.py:914} INFO - Processing file /home/airflow/.local/lib/python3.12/site-packages/airflow/example_dags/example_trigger_controller_dag.py for tasks to queue
[2024-12-04T17:12:50.307+0000] {logging_mixin.py:190} INFO - [2024-12-04T17:12:50.307+0000] {dagbag.py:588} INFO - Filling up the DagBag from /home/airflow/.local/lib/python3.12/site-packages/airflow/example_dags/example_trigger_controller_dag.py
[2024-12-04T17:12:50.315+0000] {processor.py:925} INFO - DAG(s) 'example_trigger_controller_dag' retrieved from /home/airflow/.local/lib/python3.12/site-packages/airflow/example_dags/example_trigger_controller_dag.py
[2024-12-04T17:12:50.334+0000] {logging_mixin.py:190} INFO - [2024-12-04T17:12:50.333+0000] {dag.py:3239} INFO - Sync 1 DAGs
[2024-12-04T17:12:50.361+0000] {logging_mixin.py:190} INFO - [2024-12-04T17:12:50.360+0000] {dag.py:4180} INFO - Setting next_dagrun for example_trigger_controller_dag to 2021-01-01 00:00:00+00:00, run_after=2021-01-01 00:00:00+00:00
[2024-12-04T17:12:50.376+0000] {processor.py:208} INFO - Processing /home/airflow/.local/lib/python3.12/site-packages/airflow/example_dags/example_trigger_controller_dag.py took 0.078 seconds
[2024-12-04T17:13:20.419+0000] {processor.py:186} INFO - Started process (PID=198) to work on /home/airflow/.local/lib/python3.12/site-packages/airflow/example_dags/example_trigger_controller_dag.py
[2024-12-04T17:13:20.422+0000] {processor.py:914} INFO - Processing file /home/airflow/.local/lib/python3.12/site-packages/airflow/example_dags/example_trigger_controller_dag.py for tasks to queue
[2024-12-04T17:13:20.423+0000] {logging_mixin.py:190} INFO - [2024-12-04T17:13:20.423+0000] {dagbag.py:588} INFO - Filling up the DagBag from /home/airflow/.local/lib/python3.12/site-packages/airflow/example_dags/example_trigger_controller_dag.py
[2024-12-04T17:13:20.427+0000] {processor.py:925} INFO - DAG(s) 'example_trigger_controller_dag' retrieved from /home/airflow/.local/lib/python3.12/site-packages/airflow/example_dags/example_trigger_controller_dag.py
[2024-12-04T17:13:20.439+0000] {logging_mixin.py:190} INFO - [2024-12-04T17:13:20.439+0000] {dag.py:3239} INFO - Sync 1 DAGs
[2024-12-04T17:13:20.452+0000] {logging_mixin.py:190} INFO - [2024-12-04T17:13:20.452+0000] {dag.py:4180} INFO - Setting next_dagrun for example_trigger_controller_dag to 2021-01-01 00:00:00+00:00, run_after=2021-01-01 00:00:00+00:00
[2024-12-04T17:13:20.464+0000] {processor.py:208} INFO - Processing /home/airflow/.local/lib/python3.12/site-packages/airflow/example_dags/example_trigger_controller_dag.py took 0.048 seconds
[2024-12-04T17:13:50.927+0000] {processor.py:186} INFO - Started process (PID=261) to work on /home/airflow/.local/lib/python3.12/site-packages/airflow/example_dags/example_trigger_controller_dag.py
[2024-12-04T17:13:50.927+0000] {processor.py:914} INFO - Processing file /home/airflow/.local/lib/python3.12/site-packages/airflow/example_dags/example_trigger_controller_dag.py for tasks to queue
[2024-12-04T17:13:50.929+0000] {logging_mixin.py:190} INFO - [2024-12-04T17:13:50.929+0000] {dagbag.py:588} INFO - Filling up the DagBag from /home/airflow/.local/lib/python3.12/site-packages/airflow/example_dags/example_trigger_controller_dag.py
[2024-12-04T17:13:50.933+0000] {processor.py:925} INFO - DAG(s) 'example_trigger_controller_dag' retrieved from /home/airflow/.local/lib/python3.12/site-packages/airflow/example_dags/example_trigger_controller_dag.py
[2024-12-04T17:13:50.943+0000] {logging_mixin.py:190} INFO - [2024-12-04T17:13:50.943+0000] {dag.py:3239} INFO - Sync 1 DAGs
[2024-12-04T17:13:50.956+0000] {logging_mixin.py:190} INFO - [2024-12-04T17:13:50.956+0000] {dag.py:4180} INFO - Setting next_dagrun for example_trigger_controller_dag to 2021-01-01 00:00:00+00:00, run_after=2021-01-01 00:00:00+00:00
[2024-12-04T17:13:50.967+0000] {processor.py:208} INFO - Processing /home/airflow/.local/lib/python3.12/site-packages/airflow/example_dags/example_trigger_controller_dag.py took 0.043 seconds
[2024-12-04T17:14:21.419+0000] {processor.py:186} INFO - Started process (PID=324) to work on /home/airflow/.local/lib/python3.12/site-packages/airflow/example_dags/example_trigger_controller_dag.py
[2024-12-04T17:14:21.420+0000] {processor.py:914} INFO - Processing file /home/airflow/.local/lib/python3.12/site-packages/airflow/example_dags/example_trigger_controller_dag.py for tasks to queue
[2024-12-04T17:14:21.423+0000] {logging_mixin.py:190} INFO - [2024-12-04T17:14:21.423+0000] {dagbag.py:588} INFO - Filling up the DagBag from /home/airflow/.local/lib/python3.12/site-packages/airflow/example_dags/example_trigger_controller_dag.py
[2024-12-04T17:14:21.431+0000] {processor.py:925} INFO - DAG(s) 'example_trigger_controller_dag' retrieved from /home/airflow/.local/lib/python3.12/site-packages/airflow/example_dags/example_trigger_controller_dag.py
[2024-12-04T17:14:21.449+0000] {logging_mixin.py:190} INFO - [2024-12-04T17:14:21.449+0000] {dag.py:3239} INFO - Sync 1 DAGs
[2024-12-04T17:14:21.469+0000] {logging_mixin.py:190} INFO - [2024-12-04T17:14:21.469+0000] {dag.py:4180} INFO - Setting next_dagrun for example_trigger_controller_dag to 2021-01-01 00:00:00+00:00, run_after=2021-01-01 00:00:00+00:00
[2024-12-04T17:14:21.486+0000] {processor.py:208} INFO - Processing /home/airflow/.local/lib/python3.12/site-packages/airflow/example_dags/example_trigger_controller_dag.py took 0.072 seconds
[2024-12-04T17:14:51.874+0000] {processor.py:186} INFO - Started process (PID=387) to work on /home/airflow/.local/lib/python3.12/site-packages/airflow/example_dags/example_trigger_controller_dag.py
[2024-12-04T17:14:51.875+0000] {processor.py:914} INFO - Processing file /home/airflow/.local/lib/python3.12/site-packages/airflow/example_dags/example_trigger_controller_dag.py for tasks to queue
[2024-12-04T17:14:51.877+0000] {logging_mixin.py:190} INFO - [2024-12-04T17:14:51.877+0000] {dagbag.py:588} INFO - Filling up the DagBag from /home/airflow/.local/lib/python3.12/site-packages/airflow/example_dags/example_trigger_controller_dag.py
[2024-12-04T17:14:51.884+0000] {processor.py:925} INFO - DAG(s) 'example_trigger_controller_dag' retrieved from /home/airflow/.local/lib/python3.12/site-packages/airflow/example_dags/example_trigger_controller_dag.py
[2024-12-04T17:14:51.901+0000] {logging_mixin.py:190} INFO - [2024-12-04T17:14:51.900+0000] {dag.py:3239} INFO - Sync 1 DAGs
[2024-12-04T17:14:51.916+0000] {logging_mixin.py:190} INFO - [2024-12-04T17:14:51.916+0000] {dag.py:4180} INFO - Setting next_dagrun for example_trigger_controller_dag to 2021-01-01 00:00:00+00:00, run_after=2021-01-01 00:00:00+00:00
[2024-12-04T17:14:51.936+0000] {processor.py:208} INFO - Processing /home/airflow/.local/lib/python3.12/site-packages/airflow/example_dags/example_trigger_controller_dag.py took 0.067 seconds
[2024-12-04T17:15:22.690+0000] {processor.py:186} INFO - Started process (PID=450) to work on /home/airflow/.local/lib/python3.12/site-packages/airflow/example_dags/example_trigger_controller_dag.py
[2024-12-04T17:15:22.692+0000] {processor.py:914} INFO - Processing file /home/airflow/.local/lib/python3.12/site-packages/airflow/example_dags/example_trigger_controller_dag.py for tasks to queue
[2024-12-04T17:15:22.695+0000] {logging_mixin.py:190} INFO - [2024-12-04T17:15:22.695+0000] {dagbag.py:588} INFO - Filling up the DagBag from /home/airflow/.local/lib/python3.12/site-packages/airflow/example_dags/example_trigger_controller_dag.py
[2024-12-04T17:15:22.699+0000] {processor.py:925} INFO - DAG(s) 'example_trigger_controller_dag' retrieved from /home/airflow/.local/lib/python3.12/site-packages/airflow/example_dags/example_trigger_controller_dag.py
[2024-12-04T17:15:22.710+0000] {logging_mixin.py:190} INFO - [2024-12-04T17:15:22.710+0000] {dag.py:3239} INFO - Sync 1 DAGs
[2024-12-04T17:15:22.722+0000] {logging_mixin.py:190} INFO - [2024-12-04T17:15:22.722+0000] {dag.py:4180} INFO - Setting next_dagrun for example_trigger_controller_dag to 2021-01-01 00:00:00+00:00, run_after=2021-01-01 00:00:00+00:00
[2024-12-04T17:15:22.731+0000] {processor.py:208} INFO - Processing /home/airflow/.local/lib/python3.12/site-packages/airflow/example_dags/example_trigger_controller_dag.py took 0.046 seconds
[2024-12-04T17:15:53.321+0000] {processor.py:186} INFO - Started process (PID=519) to work on /home/airflow/.local/lib/python3.12/site-packages/airflow/example_dags/example_trigger_controller_dag.py
[2024-12-04T17:15:53.322+0000] {processor.py:914} INFO - Processing file /home/airflow/.local/lib/python3.12/site-packages/airflow/example_dags/example_trigger_controller_dag.py for tasks to queue
[2024-12-04T17:15:53.324+0000] {logging_mixin.py:190} INFO - [2024-12-04T17:15:53.323+0000] {dagbag.py:588} INFO - Filling up the DagBag from /home/airflow/.local/lib/python3.12/site-packages/airflow/example_dags/example_trigger_controller_dag.py
[2024-12-04T17:15:53.328+0000] {processor.py:925} INFO - DAG(s) 'example_trigger_controller_dag' retrieved from /home/airflow/.local/lib/python3.12/site-packages/airflow/example_dags/example_trigger_controller_dag.py
[2024-12-04T17:15:53.340+0000] {logging_mixin.py:190} INFO - [2024-12-04T17:15:53.340+0000] {dag.py:3239} INFO - Sync 1 DAGs
[2024-12-04T17:15:53.352+0000] {logging_mixin.py:190} INFO - [2024-12-04T17:15:53.352+0000] {dag.py:4180} INFO - Setting next_dagrun for example_trigger_controller_dag to 2021-01-01 00:00:00+00:00, run_after=2021-01-01 00:00:00+00:00
[2024-12-04T17:15:53.363+0000] {processor.py:208} INFO - Processing /home/airflow/.local/lib/python3.12/site-packages/airflow/example_dags/example_trigger_controller_dag.py took 0.044 seconds
[2024-12-04T17:16:23.680+0000] {processor.py:186} INFO - Started process (PID=582) to work on /home/airflow/.local/lib/python3.12/site-packages/airflow/example_dags/example_trigger_controller_dag.py
[2024-12-04T17:16:23.681+0000] {processor.py:914} INFO - Processing file /home/airflow/.local/lib/python3.12/site-packages/airflow/example_dags/example_trigger_controller_dag.py for tasks to queue
[2024-12-04T17:16:23.683+0000] {logging_mixin.py:190} INFO - [2024-12-04T17:16:23.682+0000] {dagbag.py:588} INFO - Filling up the DagBag from /home/airflow/.local/lib/python3.12/site-packages/airflow/example_dags/example_trigger_controller_dag.py
[2024-12-04T17:16:23.689+0000] {processor.py:925} INFO - DAG(s) 'example_trigger_controller_dag' retrieved from /home/airflow/.local/lib/python3.12/site-packages/airflow/example_dags/example_trigger_controller_dag.py
[2024-12-04T17:16:23.703+0000] {logging_mixin.py:190} INFO - [2024-12-04T17:16:23.703+0000] {dag.py:3239} INFO - Sync 1 DAGs
[2024-12-04T17:16:23.717+0000] {logging_mixin.py:190} INFO - [2024-12-04T17:16:23.717+0000] {dag.py:4180} INFO - Setting next_dagrun for example_trigger_controller_dag to 2021-01-01 00:00:00+00:00, run_after=2021-01-01 00:00:00+00:00
[2024-12-04T17:16:23.727+0000] {processor.py:208} INFO - Processing /home/airflow/.local/lib/python3.12/site-packages/airflow/example_dags/example_trigger_controller_dag.py took 0.050 seconds
[2024-12-04T17:16:54.339+0000] {processor.py:186} INFO - Started process (PID=645) to work on /home/airflow/.local/lib/python3.12/site-packages/airflow/example_dags/example_trigger_controller_dag.py
[2024-12-04T17:16:54.340+0000] {processor.py:914} INFO - Processing file /home/airflow/.local/lib/python3.12/site-packages/airflow/example_dags/example_trigger_controller_dag.py for tasks to queue
[2024-12-04T17:16:54.341+0000] {logging_mixin.py:190} INFO - [2024-12-04T17:16:54.341+0000] {dagbag.py:588} INFO - Filling up the DagBag from /home/airflow/.local/lib/python3.12/site-packages/airflow/example_dags/example_trigger_controller_dag.py
[2024-12-04T17:16:54.347+0000] {processor.py:925} INFO - DAG(s) 'example_trigger_controller_dag' retrieved from /home/airflow/.local/lib/python3.12/site-packages/airflow/example_dags/example_trigger_controller_dag.py
[2024-12-04T17:16:54.362+0000] {logging_mixin.py:190} INFO - [2024-12-04T17:16:54.362+0000] {dag.py:3239} INFO - Sync 1 DAGs
[2024-12-04T17:16:54.376+0000] {logging_mixin.py:190} INFO - [2024-12-04T17:16:54.376+0000] {dag.py:4180} INFO - Setting next_dagrun for example_trigger_controller_dag to 2021-01-01 00:00:00+00:00, run_after=2021-01-01 00:00:00+00:00
[2024-12-04T17:16:54.385+0000] {processor.py:208} INFO - Processing /home/airflow/.local/lib/python3.12/site-packages/airflow/example_dags/example_trigger_controller_dag.py took 0.050 seconds
[2024-12-04T17:17:24.743+0000] {processor.py:186} INFO - Started process (PID=708) to work on /home/airflow/.local/lib/python3.12/site-packages/airflow/example_dags/example_trigger_controller_dag.py
[2024-12-04T17:17:24.744+0000] {processor.py:914} INFO - Processing file /home/airflow/.local/lib/python3.12/site-packages/airflow/example_dags/example_trigger_controller_dag.py for tasks to queue
[2024-12-04T17:17:24.745+0000] {logging_mixin.py:190} INFO - [2024-12-04T17:17:24.745+0000] {dagbag.py:588} INFO - Filling up the DagBag from /home/airflow/.local/lib/python3.12/site-packages/airflow/example_dags/example_trigger_controller_dag.py
[2024-12-04T17:17:24.749+0000] {processor.py:925} INFO - DAG(s) 'example_trigger_controller_dag' retrieved from /home/airflow/.local/lib/python3.12/site-packages/airflow/example_dags/example_trigger_controller_dag.py
[2024-12-04T17:17:24.759+0000] {logging_mixin.py:190} INFO - [2024-12-04T17:17:24.759+0000] {dag.py:3239} INFO - Sync 1 DAGs
[2024-12-04T17:17:24.772+0000] {logging_mixin.py:190} INFO - [2024-12-04T17:17:24.772+0000] {dag.py:4180} INFO - Setting next_dagrun for example_trigger_controller_dag to 2021-01-01 00:00:00+00:00, run_after=2021-01-01 00:00:00+00:00
[2024-12-04T17:17:24.781+0000] {processor.py:208} INFO - Processing /home/airflow/.local/lib/python3.12/site-packages/airflow/example_dags/example_trigger_controller_dag.py took 0.041 seconds
[2024-12-04T17:17:55.327+0000] {processor.py:186} INFO - Started process (PID=771) to work on /home/airflow/.local/lib/python3.12/site-packages/airflow/example_dags/example_trigger_controller_dag.py
[2024-12-04T17:17:55.331+0000] {processor.py:914} INFO - Processing file /home/airflow/.local/lib/python3.12/site-packages/airflow/example_dags/example_trigger_controller_dag.py for tasks to queue
[2024-12-04T17:17:55.333+0000] {logging_mixin.py:190} INFO - [2024-12-04T17:17:55.332+0000] {dagbag.py:588} INFO - Filling up the DagBag from /home/airflow/.local/lib/python3.12/site-packages/airflow/example_dags/example_trigger_controller_dag.py
[2024-12-04T17:17:55.338+0000] {processor.py:925} INFO - DAG(s) 'example_trigger_controller_dag' retrieved from /home/airflow/.local/lib/python3.12/site-packages/airflow/example_dags/example_trigger_controller_dag.py
[2024-12-04T17:17:55.352+0000] {logging_mixin.py:190} INFO - [2024-12-04T17:17:55.352+0000] {dag.py:3239} INFO - Sync 1 DAGs
[2024-12-04T17:17:55.365+0000] {logging_mixin.py:190} INFO - [2024-12-04T17:17:55.365+0000] {dag.py:4180} INFO - Setting next_dagrun for example_trigger_controller_dag to 2021-01-01 00:00:00+00:00, run_after=2021-01-01 00:00:00+00:00
[2024-12-04T17:17:55.381+0000] {processor.py:208} INFO - Processing /home/airflow/.local/lib/python3.12/site-packages/airflow/example_dags/example_trigger_controller_dag.py took 0.057 seconds
[2024-12-04T17:18:25.781+0000] {processor.py:186} INFO - Started process (PID=834) to work on /home/airflow/.local/lib/python3.12/site-packages/airflow/example_dags/example_trigger_controller_dag.py
[2024-12-04T17:18:25.783+0000] {processor.py:914} INFO - Processing file /home/airflow/.local/lib/python3.12/site-packages/airflow/example_dags/example_trigger_controller_dag.py for tasks to queue
[2024-12-04T17:18:25.784+0000] {logging_mixin.py:190} INFO - [2024-12-04T17:18:25.784+0000] {dagbag.py:588} INFO - Filling up the DagBag from /home/airflow/.local/lib/python3.12/site-packages/airflow/example_dags/example_trigger_controller_dag.py
[2024-12-04T17:18:25.788+0000] {processor.py:925} INFO - DAG(s) 'example_trigger_controller_dag' retrieved from /home/airflow/.local/lib/python3.12/site-packages/airflow/example_dags/example_trigger_controller_dag.py
[2024-12-04T17:18:25.798+0000] {logging_mixin.py:190} INFO - [2024-12-04T17:18:25.798+0000] {dag.py:3239} INFO - Sync 1 DAGs
[2024-12-04T17:18:25.809+0000] {logging_mixin.py:190} INFO - [2024-12-04T17:18:25.809+0000] {dag.py:4180} INFO - Setting next_dagrun for example_trigger_controller_dag to 2021-01-01 00:00:00+00:00, run_after=2021-01-01 00:00:00+00:00
[2024-12-04T17:18:25.819+0000] {processor.py:208} INFO - Processing /home/airflow/.local/lib/python3.12/site-packages/airflow/example_dags/example_trigger_controller_dag.py took 0.041 seconds
[2024-12-04T17:18:56.820+0000] {processor.py:186} INFO - Started process (PID=897) to work on /home/airflow/.local/lib/python3.12/site-packages/airflow/example_dags/example_trigger_controller_dag.py
[2024-12-04T17:18:56.821+0000] {processor.py:914} INFO - Processing file /home/airflow/.local/lib/python3.12/site-packages/airflow/example_dags/example_trigger_controller_dag.py for tasks to queue
[2024-12-04T17:18:56.822+0000] {logging_mixin.py:190} INFO - [2024-12-04T17:18:56.822+0000] {dagbag.py:588} INFO - Filling up the DagBag from /home/airflow/.local/lib/python3.12/site-packages/airflow/example_dags/example_trigger_controller_dag.py
[2024-12-04T17:18:56.827+0000] {processor.py:925} INFO - DAG(s) 'example_trigger_controller_dag' retrieved from /home/airflow/.local/lib/python3.12/site-packages/airflow/example_dags/example_trigger_controller_dag.py
[2024-12-04T17:18:56.840+0000] {logging_mixin.py:190} INFO - [2024-12-04T17:18:56.839+0000] {dag.py:3239} INFO - Sync 1 DAGs
[2024-12-04T17:18:56.862+0000] {logging_mixin.py:190} INFO - [2024-12-04T17:18:56.862+0000] {dag.py:4180} INFO - Setting next_dagrun for example_trigger_controller_dag to 2021-01-01 00:00:00+00:00, run_after=2021-01-01 00:00:00+00:00
[2024-12-04T17:18:56.875+0000] {processor.py:208} INFO - Processing /home/airflow/.local/lib/python3.12/site-packages/airflow/example_dags/example_trigger_controller_dag.py took 0.058 seconds
[2024-12-04T17:19:27.234+0000] {processor.py:186} INFO - Started process (PID=960) to work on /home/airflow/.local/lib/python3.12/site-packages/airflow/example_dags/example_trigger_controller_dag.py
[2024-12-04T17:19:27.234+0000] {processor.py:914} INFO - Processing file /home/airflow/.local/lib/python3.12/site-packages/airflow/example_dags/example_trigger_controller_dag.py for tasks to queue
[2024-12-04T17:19:27.236+0000] {logging_mixin.py:190} INFO - [2024-12-04T17:19:27.236+0000] {dagbag.py:588} INFO - Filling up the DagBag from /home/airflow/.local/lib/python3.12/site-packages/airflow/example_dags/example_trigger_controller_dag.py
[2024-12-04T17:19:27.240+0000] {processor.py:925} INFO - DAG(s) 'example_trigger_controller_dag' retrieved from /home/airflow/.local/lib/python3.12/site-packages/airflow/example_dags/example_trigger_controller_dag.py
[2024-12-04T17:19:27.252+0000] {logging_mixin.py:190} INFO - [2024-12-04T17:19:27.252+0000] {dag.py:3239} INFO - Sync 1 DAGs
[2024-12-04T17:19:27.263+0000] {logging_mixin.py:190} INFO - [2024-12-04T17:19:27.263+0000] {dag.py:4180} INFO - Setting next_dagrun for example_trigger_controller_dag to 2021-01-01 00:00:00+00:00, run_after=2021-01-01 00:00:00+00:00
[2024-12-04T17:19:27.271+0000] {processor.py:208} INFO - Processing /home/airflow/.local/lib/python3.12/site-packages/airflow/example_dags/example_trigger_controller_dag.py took 0.041 seconds
[2024-12-04T17:19:57.570+0000] {processor.py:186} INFO - Started process (PID=1023) to work on /home/airflow/.local/lib/python3.12/site-packages/airflow/example_dags/example_trigger_controller_dag.py
[2024-12-04T17:19:57.571+0000] {processor.py:914} INFO - Processing file /home/airflow/.local/lib/python3.12/site-packages/airflow/example_dags/example_trigger_controller_dag.py for tasks to queue
[2024-12-04T17:19:57.573+0000] {logging_mixin.py:190} INFO - [2024-12-04T17:19:57.573+0000] {dagbag.py:588} INFO - Filling up the DagBag from /home/airflow/.local/lib/python3.12/site-packages/airflow/example_dags/example_trigger_controller_dag.py
[2024-12-04T17:19:57.580+0000] {processor.py:925} INFO - DAG(s) 'example_trigger_controller_dag' retrieved from /home/airflow/.local/lib/python3.12/site-packages/airflow/example_dags/example_trigger_controller_dag.py
[2024-12-04T17:19:57.595+0000] {logging_mixin.py:190} INFO - [2024-12-04T17:19:57.594+0000] {dag.py:3239} INFO - Sync 1 DAGs
[2024-12-04T17:19:57.607+0000] {logging_mixin.py:190} INFO - [2024-12-04T17:19:57.607+0000] {dag.py:4180} INFO - Setting next_dagrun for example_trigger_controller_dag to 2021-01-01 00:00:00+00:00, run_after=2021-01-01 00:00:00+00:00
[2024-12-04T17:19:57.616+0000] {processor.py:208} INFO - Processing /home/airflow/.local/lib/python3.12/site-packages/airflow/example_dags/example_trigger_controller_dag.py took 0.050 seconds
[2024-12-04T17:20:27.975+0000] {processor.py:186} INFO - Started process (PID=1086) to work on /home/airflow/.local/lib/python3.12/site-packages/airflow/example_dags/example_trigger_controller_dag.py
[2024-12-04T17:20:27.976+0000] {processor.py:914} INFO - Processing file /home/airflow/.local/lib/python3.12/site-packages/airflow/example_dags/example_trigger_controller_dag.py for tasks to queue
[2024-12-04T17:20:27.977+0000] {logging_mixin.py:190} INFO - [2024-12-04T17:20:27.977+0000] {dagbag.py:588} INFO - Filling up the DagBag from /home/airflow/.local/lib/python3.12/site-packages/airflow/example_dags/example_trigger_controller_dag.py
[2024-12-04T17:20:27.981+0000] {processor.py:925} INFO - DAG(s) 'example_trigger_controller_dag' retrieved from /home/airflow/.local/lib/python3.12/site-packages/airflow/example_dags/example_trigger_controller_dag.py
[2024-12-04T17:20:27.992+0000] {logging_mixin.py:190} INFO - [2024-12-04T17:20:27.991+0000] {dag.py:3239} INFO - Sync 1 DAGs
[2024-12-04T17:20:28.003+0000] {logging_mixin.py:190} INFO - [2024-12-04T17:20:28.003+0000] {dag.py:4180} INFO - Setting next_dagrun for example_trigger_controller_dag to 2021-01-01 00:00:00+00:00, run_after=2021-01-01 00:00:00+00:00
[2024-12-04T17:20:28.011+0000] {processor.py:208} INFO - Processing /home/airflow/.local/lib/python3.12/site-packages/airflow/example_dags/example_trigger_controller_dag.py took 0.039 seconds
[2024-12-04T17:20:58.211+0000] {processor.py:186} INFO - Started process (PID=1149) to work on /home/airflow/.local/lib/python3.12/site-packages/airflow/example_dags/example_trigger_controller_dag.py
[2024-12-04T17:20:58.213+0000] {processor.py:914} INFO - Processing file /home/airflow/.local/lib/python3.12/site-packages/airflow/example_dags/example_trigger_controller_dag.py for tasks to queue
[2024-12-04T17:20:58.215+0000] {logging_mixin.py:190} INFO - [2024-12-04T17:20:58.215+0000] {dagbag.py:588} INFO - Filling up the DagBag from /home/airflow/.local/lib/python3.12/site-packages/airflow/example_dags/example_trigger_controller_dag.py
[2024-12-04T17:20:58.223+0000] {processor.py:925} INFO - DAG(s) 'example_trigger_controller_dag' retrieved from /home/airflow/.local/lib/python3.12/site-packages/airflow/example_dags/example_trigger_controller_dag.py
[2024-12-04T17:20:58.244+0000] {logging_mixin.py:190} INFO - [2024-12-04T17:20:58.244+0000] {dag.py:3239} INFO - Sync 1 DAGs
[2024-12-04T17:20:58.257+0000] {logging_mixin.py:190} INFO - [2024-12-04T17:20:58.257+0000] {dag.py:4180} INFO - Setting next_dagrun for example_trigger_controller_dag to 2021-01-01 00:00:00+00:00, run_after=2021-01-01 00:00:00+00:00
[2024-12-04T17:20:58.267+0000] {processor.py:208} INFO - Processing /home/airflow/.local/lib/python3.12/site-packages/airflow/example_dags/example_trigger_controller_dag.py took 0.060 seconds
[2024-12-04T17:21:29.132+0000] {processor.py:186} INFO - Started process (PID=1212) to work on /home/airflow/.local/lib/python3.12/site-packages/airflow/example_dags/example_trigger_controller_dag.py
[2024-12-04T17:21:29.132+0000] {processor.py:914} INFO - Processing file /home/airflow/.local/lib/python3.12/site-packages/airflow/example_dags/example_trigger_controller_dag.py for tasks to queue
[2024-12-04T17:21:29.133+0000] {logging_mixin.py:190} INFO - [2024-12-04T17:21:29.133+0000] {dagbag.py:588} INFO - Filling up the DagBag from /home/airflow/.local/lib/python3.12/site-packages/airflow/example_dags/example_trigger_controller_dag.py
[2024-12-04T17:21:29.138+0000] {processor.py:925} INFO - DAG(s) 'example_trigger_controller_dag' retrieved from /home/airflow/.local/lib/python3.12/site-packages/airflow/example_dags/example_trigger_controller_dag.py
[2024-12-04T17:21:29.171+0000] {logging_mixin.py:190} INFO - [2024-12-04T17:21:29.171+0000] {dag.py:3239} INFO - Sync 1 DAGs
[2024-12-04T17:21:29.183+0000] {logging_mixin.py:190} INFO - [2024-12-04T17:21:29.183+0000] {dag.py:4180} INFO - Setting next_dagrun for example_trigger_controller_dag to 2021-01-01 00:00:00+00:00, run_after=2021-01-01 00:00:00+00:00
[2024-12-04T17:21:29.195+0000] {processor.py:208} INFO - Processing /home/airflow/.local/lib/python3.12/site-packages/airflow/example_dags/example_trigger_controller_dag.py took 0.068 seconds
[2024-12-04T17:22:00.354+0000] {processor.py:186} INFO - Started process (PID=1275) to work on /home/airflow/.local/lib/python3.12/site-packages/airflow/example_dags/example_trigger_controller_dag.py
[2024-12-04T17:22:00.355+0000] {processor.py:914} INFO - Processing file /home/airflow/.local/lib/python3.12/site-packages/airflow/example_dags/example_trigger_controller_dag.py for tasks to queue
[2024-12-04T17:22:00.357+0000] {logging_mixin.py:190} INFO - [2024-12-04T17:22:00.357+0000] {dagbag.py:588} INFO - Filling up the DagBag from /home/airflow/.local/lib/python3.12/site-packages/airflow/example_dags/example_trigger_controller_dag.py
[2024-12-04T17:22:00.363+0000] {processor.py:925} INFO - DAG(s) 'example_trigger_controller_dag' retrieved from /home/airflow/.local/lib/python3.12/site-packages/airflow/example_dags/example_trigger_controller_dag.py
[2024-12-04T17:22:00.378+0000] {logging_mixin.py:190} INFO - [2024-12-04T17:22:00.378+0000] {dag.py:3239} INFO - Sync 1 DAGs
[2024-12-04T17:22:00.397+0000] {logging_mixin.py:190} INFO - [2024-12-04T17:22:00.396+0000] {dag.py:4180} INFO - Setting next_dagrun for example_trigger_controller_dag to 2021-01-01 00:00:00+00:00, run_after=2021-01-01 00:00:00+00:00
[2024-12-04T17:22:00.411+0000] {processor.py:208} INFO - Processing /home/airflow/.local/lib/python3.12/site-packages/airflow/example_dags/example_trigger_controller_dag.py took 0.063 seconds
[2024-12-04T17:22:36.285+0000] {processor.py:186} INFO - Started process (PID=1338) to work on /home/airflow/.local/lib/python3.12/site-packages/airflow/example_dags/example_trigger_controller_dag.py
[2024-12-04T17:22:36.301+0000] {processor.py:914} INFO - Processing file /home/airflow/.local/lib/python3.12/site-packages/airflow/example_dags/example_trigger_controller_dag.py for tasks to queue
[2024-12-04T17:22:36.363+0000] {logging_mixin.py:190} INFO - [2024-12-04T17:22:36.358+0000] {dagbag.py:588} INFO - Filling up the DagBag from /home/airflow/.local/lib/python3.12/site-packages/airflow/example_dags/example_trigger_controller_dag.py
[2024-12-04T17:22:36.603+0000] {processor.py:925} INFO - DAG(s) 'example_trigger_controller_dag' retrieved from /home/airflow/.local/lib/python3.12/site-packages/airflow/example_dags/example_trigger_controller_dag.py
[2024-12-04T17:22:36.919+0000] {logging_mixin.py:190} INFO - [2024-12-04T17:22:36.915+0000] {dag.py:3239} INFO - Sync 1 DAGs
[2024-12-04T17:22:37.054+0000] {logging_mixin.py:190} INFO - [2024-12-04T17:22:37.052+0000] {dag.py:4180} INFO - Setting next_dagrun for example_trigger_controller_dag to 2021-01-01 00:00:00+00:00, run_after=2021-01-01 00:00:00+00:00
[2024-12-04T17:22:37.188+0000] {processor.py:208} INFO - Processing /home/airflow/.local/lib/python3.12/site-packages/airflow/example_dags/example_trigger_controller_dag.py took 1.068 seconds
[2024-12-04T17:23:17.817+0000] {processor.py:186} INFO - Started process (PID=1401) to work on /home/airflow/.local/lib/python3.12/site-packages/airflow/example_dags/example_trigger_controller_dag.py
[2024-12-04T17:23:17.818+0000] {processor.py:914} INFO - Processing file /home/airflow/.local/lib/python3.12/site-packages/airflow/example_dags/example_trigger_controller_dag.py for tasks to queue
[2024-12-04T17:23:17.820+0000] {logging_mixin.py:190} INFO - [2024-12-04T17:23:17.819+0000] {dagbag.py:588} INFO - Filling up the DagBag from /home/airflow/.local/lib/python3.12/site-packages/airflow/example_dags/example_trigger_controller_dag.py
[2024-12-04T17:23:17.826+0000] {processor.py:925} INFO - DAG(s) 'example_trigger_controller_dag' retrieved from /home/airflow/.local/lib/python3.12/site-packages/airflow/example_dags/example_trigger_controller_dag.py
[2024-12-04T17:23:17.842+0000] {logging_mixin.py:190} INFO - [2024-12-04T17:23:17.842+0000] {dag.py:3239} INFO - Sync 1 DAGs
[2024-12-04T17:23:17.902+0000] {logging_mixin.py:190} INFO - [2024-12-04T17:23:17.902+0000] {dag.py:4180} INFO - Setting next_dagrun for example_trigger_controller_dag to 2021-01-01 00:00:00+00:00, run_after=2021-01-01 00:00:00+00:00
[2024-12-04T17:23:17.922+0000] {processor.py:208} INFO - Processing /home/airflow/.local/lib/python3.12/site-packages/airflow/example_dags/example_trigger_controller_dag.py took 0.109 seconds
[2024-12-04T17:23:49.204+0000] {processor.py:186} INFO - Started process (PID=1464) to work on /home/airflow/.local/lib/python3.12/site-packages/airflow/example_dags/example_trigger_controller_dag.py
[2024-12-04T17:23:49.211+0000] {processor.py:914} INFO - Processing file /home/airflow/.local/lib/python3.12/site-packages/airflow/example_dags/example_trigger_controller_dag.py for tasks to queue
[2024-12-04T17:23:49.223+0000] {logging_mixin.py:190} INFO - [2024-12-04T17:23:49.222+0000] {dagbag.py:588} INFO - Filling up the DagBag from /home/airflow/.local/lib/python3.12/site-packages/airflow/example_dags/example_trigger_controller_dag.py
[2024-12-04T17:23:49.257+0000] {processor.py:925} INFO - DAG(s) 'example_trigger_controller_dag' retrieved from /home/airflow/.local/lib/python3.12/site-packages/airflow/example_dags/example_trigger_controller_dag.py
[2024-12-04T17:23:49.360+0000] {logging_mixin.py:190} INFO - [2024-12-04T17:23:49.360+0000] {dag.py:3239} INFO - Sync 1 DAGs
[2024-12-04T17:23:49.425+0000] {logging_mixin.py:190} INFO - [2024-12-04T17:23:49.425+0000] {dag.py:4180} INFO - Setting next_dagrun for example_trigger_controller_dag to 2021-01-01 00:00:00+00:00, run_after=2021-01-01 00:00:00+00:00
[2024-12-04T17:23:49.490+0000] {processor.py:208} INFO - Processing /home/airflow/.local/lib/python3.12/site-packages/airflow/example_dags/example_trigger_controller_dag.py took 0.326 seconds
[2024-12-04T17:24:19.898+0000] {processor.py:186} INFO - Started process (PID=1527) to work on /home/airflow/.local/lib/python3.12/site-packages/airflow/example_dags/example_trigger_controller_dag.py
[2024-12-04T17:24:19.900+0000] {processor.py:914} INFO - Processing file /home/airflow/.local/lib/python3.12/site-packages/airflow/example_dags/example_trigger_controller_dag.py for tasks to queue
[2024-12-04T17:24:19.904+0000] {logging_mixin.py:190} INFO - [2024-12-04T17:24:19.903+0000] {dagbag.py:588} INFO - Filling up the DagBag from /home/airflow/.local/lib/python3.12/site-packages/airflow/example_dags/example_trigger_controller_dag.py
[2024-12-04T17:24:19.914+0000] {processor.py:925} INFO - DAG(s) 'example_trigger_controller_dag' retrieved from /home/airflow/.local/lib/python3.12/site-packages/airflow/example_dags/example_trigger_controller_dag.py
[2024-12-04T17:24:19.939+0000] {logging_mixin.py:190} INFO - [2024-12-04T17:24:19.939+0000] {dag.py:3239} INFO - Sync 1 DAGs
[2024-12-04T17:24:19.991+0000] {logging_mixin.py:190} INFO - [2024-12-04T17:24:19.990+0000] {dag.py:4180} INFO - Setting next_dagrun for example_trigger_controller_dag to 2021-01-01 00:00:00+00:00, run_after=2021-01-01 00:00:00+00:00
[2024-12-04T17:24:20.037+0000] {processor.py:208} INFO - Processing /home/airflow/.local/lib/python3.12/site-packages/airflow/example_dags/example_trigger_controller_dag.py took 0.148 seconds
[2024-12-04T17:24:50.446+0000] {processor.py:186} INFO - Started process (PID=1589) to work on /home/airflow/.local/lib/python3.12/site-packages/airflow/example_dags/example_trigger_controller_dag.py
[2024-12-04T17:24:50.447+0000] {processor.py:914} INFO - Processing file /home/airflow/.local/lib/python3.12/site-packages/airflow/example_dags/example_trigger_controller_dag.py for tasks to queue
[2024-12-04T17:24:50.450+0000] {logging_mixin.py:190} INFO - [2024-12-04T17:24:50.449+0000] {dagbag.py:588} INFO - Filling up the DagBag from /home/airflow/.local/lib/python3.12/site-packages/airflow/example_dags/example_trigger_controller_dag.py
[2024-12-04T17:24:50.456+0000] {processor.py:925} INFO - DAG(s) 'example_trigger_controller_dag' retrieved from /home/airflow/.local/lib/python3.12/site-packages/airflow/example_dags/example_trigger_controller_dag.py
[2024-12-04T17:24:50.467+0000] {logging_mixin.py:190} INFO - [2024-12-04T17:24:50.467+0000] {dag.py:3239} INFO - Sync 1 DAGs
[2024-12-04T17:24:50.480+0000] {logging_mixin.py:190} INFO - [2024-12-04T17:24:50.480+0000] {dag.py:4180} INFO - Setting next_dagrun for example_trigger_controller_dag to 2021-01-01 00:00:00+00:00, run_after=2021-01-01 00:00:00+00:00
[2024-12-04T17:24:50.494+0000] {processor.py:208} INFO - Processing /home/airflow/.local/lib/python3.12/site-packages/airflow/example_dags/example_trigger_controller_dag.py took 0.051 seconds
[2024-12-04T17:25:20.778+0000] {processor.py:186} INFO - Started process (PID=1652) to work on /home/airflow/.local/lib/python3.12/site-packages/airflow/example_dags/example_trigger_controller_dag.py
[2024-12-04T17:25:20.781+0000] {processor.py:914} INFO - Processing file /home/airflow/.local/lib/python3.12/site-packages/airflow/example_dags/example_trigger_controller_dag.py for tasks to queue
[2024-12-04T17:25:20.783+0000] {logging_mixin.py:190} INFO - [2024-12-04T17:25:20.783+0000] {dagbag.py:588} INFO - Filling up the DagBag from /home/airflow/.local/lib/python3.12/site-packages/airflow/example_dags/example_trigger_controller_dag.py
[2024-12-04T17:25:20.787+0000] {processor.py:925} INFO - DAG(s) 'example_trigger_controller_dag' retrieved from /home/airflow/.local/lib/python3.12/site-packages/airflow/example_dags/example_trigger_controller_dag.py
[2024-12-04T17:25:20.801+0000] {logging_mixin.py:190} INFO - [2024-12-04T17:25:20.801+0000] {dag.py:3239} INFO - Sync 1 DAGs
[2024-12-04T17:25:20.817+0000] {logging_mixin.py:190} INFO - [2024-12-04T17:25:20.817+0000] {dag.py:4180} INFO - Setting next_dagrun for example_trigger_controller_dag to 2021-01-01 00:00:00+00:00, run_after=2021-01-01 00:00:00+00:00
[2024-12-04T17:25:20.830+0000] {processor.py:208} INFO - Processing /home/airflow/.local/lib/python3.12/site-packages/airflow/example_dags/example_trigger_controller_dag.py took 0.056 seconds
[2024-12-04T17:25:51.189+0000] {processor.py:186} INFO - Started process (PID=1715) to work on /home/airflow/.local/lib/python3.12/site-packages/airflow/example_dags/example_trigger_controller_dag.py
[2024-12-04T17:25:51.190+0000] {processor.py:914} INFO - Processing file /home/airflow/.local/lib/python3.12/site-packages/airflow/example_dags/example_trigger_controller_dag.py for tasks to queue
[2024-12-04T17:25:51.191+0000] {logging_mixin.py:190} INFO - [2024-12-04T17:25:51.191+0000] {dagbag.py:588} INFO - Filling up the DagBag from /home/airflow/.local/lib/python3.12/site-packages/airflow/example_dags/example_trigger_controller_dag.py
[2024-12-04T17:25:51.194+0000] {processor.py:925} INFO - DAG(s) 'example_trigger_controller_dag' retrieved from /home/airflow/.local/lib/python3.12/site-packages/airflow/example_dags/example_trigger_controller_dag.py
[2024-12-04T17:25:51.205+0000] {logging_mixin.py:190} INFO - [2024-12-04T17:25:51.204+0000] {dag.py:3239} INFO - Sync 1 DAGs
[2024-12-04T17:25:51.214+0000] {logging_mixin.py:190} INFO - [2024-12-04T17:25:51.214+0000] {dag.py:4180} INFO - Setting next_dagrun for example_trigger_controller_dag to 2021-01-01 00:00:00+00:00, run_after=2021-01-01 00:00:00+00:00
[2024-12-04T17:25:51.221+0000] {processor.py:208} INFO - Processing /home/airflow/.local/lib/python3.12/site-packages/airflow/example_dags/example_trigger_controller_dag.py took 0.035 seconds
[2024-12-04T17:26:23.558+0000] {processor.py:186} INFO - Started process (PID=1778) to work on /home/airflow/.local/lib/python3.12/site-packages/airflow/example_dags/example_trigger_controller_dag.py
[2024-12-04T17:26:23.561+0000] {processor.py:914} INFO - Processing file /home/airflow/.local/lib/python3.12/site-packages/airflow/example_dags/example_trigger_controller_dag.py for tasks to queue
[2024-12-04T17:26:23.564+0000] {logging_mixin.py:190} INFO - [2024-12-04T17:26:23.564+0000] {dagbag.py:588} INFO - Filling up the DagBag from /home/airflow/.local/lib/python3.12/site-packages/airflow/example_dags/example_trigger_controller_dag.py
[2024-12-04T17:26:23.572+0000] {processor.py:925} INFO - DAG(s) 'example_trigger_controller_dag' retrieved from /home/airflow/.local/lib/python3.12/site-packages/airflow/example_dags/example_trigger_controller_dag.py
[2024-12-04T17:26:23.586+0000] {logging_mixin.py:190} INFO - [2024-12-04T17:26:23.586+0000] {dag.py:3239} INFO - Sync 1 DAGs
[2024-12-04T17:26:23.617+0000] {logging_mixin.py:190} INFO - [2024-12-04T17:26:23.616+0000] {dag.py:4180} INFO - Setting next_dagrun for example_trigger_controller_dag to 2021-01-01 00:00:00+00:00, run_after=2021-01-01 00:00:00+00:00
[2024-12-04T17:26:23.642+0000] {processor.py:208} INFO - Processing /home/airflow/.local/lib/python3.12/site-packages/airflow/example_dags/example_trigger_controller_dag.py took 0.093 seconds
[2024-12-04T17:26:56.514+0000] {processor.py:186} INFO - Started process (PID=1846) to work on /home/airflow/.local/lib/python3.12/site-packages/airflow/example_dags/example_trigger_controller_dag.py
[2024-12-04T17:26:56.519+0000] {processor.py:914} INFO - Processing file /home/airflow/.local/lib/python3.12/site-packages/airflow/example_dags/example_trigger_controller_dag.py for tasks to queue
[2024-12-04T17:26:56.537+0000] {logging_mixin.py:190} INFO - [2024-12-04T17:26:56.535+0000] {dagbag.py:588} INFO - Filling up the DagBag from /home/airflow/.local/lib/python3.12/site-packages/airflow/example_dags/example_trigger_controller_dag.py
[2024-12-04T17:26:56.608+0000] {processor.py:925} INFO - DAG(s) 'example_trigger_controller_dag' retrieved from /home/airflow/.local/lib/python3.12/site-packages/airflow/example_dags/example_trigger_controller_dag.py
[2024-12-04T17:26:56.774+0000] {logging_mixin.py:190} INFO - [2024-12-04T17:26:56.766+0000] {dag.py:3239} INFO - Sync 1 DAGs
[2024-12-04T17:26:56.852+0000] {logging_mixin.py:190} INFO - [2024-12-04T17:26:56.851+0000] {dag.py:4180} INFO - Setting next_dagrun for example_trigger_controller_dag to 2021-01-01 00:00:00+00:00, run_after=2021-01-01 00:00:00+00:00
[2024-12-04T17:26:56.892+0000] {processor.py:208} INFO - Processing /home/airflow/.local/lib/python3.12/site-packages/airflow/example_dags/example_trigger_controller_dag.py took 0.399 seconds
[2024-12-04T17:27:27.227+0000] {processor.py:186} INFO - Started process (PID=1904) to work on /home/airflow/.local/lib/python3.12/site-packages/airflow/example_dags/example_trigger_controller_dag.py
[2024-12-04T17:27:27.228+0000] {processor.py:914} INFO - Processing file /home/airflow/.local/lib/python3.12/site-packages/airflow/example_dags/example_trigger_controller_dag.py for tasks to queue
[2024-12-04T17:27:27.238+0000] {logging_mixin.py:190} INFO - [2024-12-04T17:27:27.236+0000] {dagbag.py:588} INFO - Filling up the DagBag from /home/airflow/.local/lib/python3.12/site-packages/airflow/example_dags/example_trigger_controller_dag.py
[2024-12-04T17:27:27.280+0000] {processor.py:925} INFO - DAG(s) 'example_trigger_controller_dag' retrieved from /home/airflow/.local/lib/python3.12/site-packages/airflow/example_dags/example_trigger_controller_dag.py
[2024-12-04T17:27:27.424+0000] {logging_mixin.py:190} INFO - [2024-12-04T17:27:27.423+0000] {dag.py:3239} INFO - Sync 1 DAGs
[2024-12-04T17:27:27.500+0000] {logging_mixin.py:190} INFO - [2024-12-04T17:27:27.500+0000] {dag.py:4180} INFO - Setting next_dagrun for example_trigger_controller_dag to 2021-01-01 00:00:00+00:00, run_after=2021-01-01 00:00:00+00:00
[2024-12-04T17:27:27.558+0000] {processor.py:208} INFO - Processing /home/airflow/.local/lib/python3.12/site-packages/airflow/example_dags/example_trigger_controller_dag.py took 0.365 seconds
[2024-12-04T17:27:57.773+0000] {processor.py:186} INFO - Started process (PID=1966) to work on /home/airflow/.local/lib/python3.12/site-packages/airflow/example_dags/example_trigger_controller_dag.py
[2024-12-04T17:27:57.775+0000] {processor.py:914} INFO - Processing file /home/airflow/.local/lib/python3.12/site-packages/airflow/example_dags/example_trigger_controller_dag.py for tasks to queue
[2024-12-04T17:27:57.782+0000] {logging_mixin.py:190} INFO - [2024-12-04T17:27:57.781+0000] {dagbag.py:588} INFO - Filling up the DagBag from /home/airflow/.local/lib/python3.12/site-packages/airflow/example_dags/example_trigger_controller_dag.py
[2024-12-04T17:27:57.825+0000] {processor.py:925} INFO - DAG(s) 'example_trigger_controller_dag' retrieved from /home/airflow/.local/lib/python3.12/site-packages/airflow/example_dags/example_trigger_controller_dag.py
[2024-12-04T17:27:57.943+0000] {logging_mixin.py:190} INFO - [2024-12-04T17:27:57.942+0000] {dag.py:3239} INFO - Sync 1 DAGs
[2024-12-04T17:27:58.066+0000] {logging_mixin.py:190} INFO - [2024-12-04T17:27:58.065+0000] {dag.py:4180} INFO - Setting next_dagrun for example_trigger_controller_dag to 2021-01-01 00:00:00+00:00, run_after=2021-01-01 00:00:00+00:00
[2024-12-04T17:27:58.142+0000] {processor.py:208} INFO - Processing /home/airflow/.local/lib/python3.12/site-packages/airflow/example_dags/example_trigger_controller_dag.py took 0.404 seconds
[2024-12-04T17:28:28.439+0000] {processor.py:186} INFO - Started process (PID=2029) to work on /home/airflow/.local/lib/python3.12/site-packages/airflow/example_dags/example_trigger_controller_dag.py
[2024-12-04T17:28:28.440+0000] {processor.py:914} INFO - Processing file /home/airflow/.local/lib/python3.12/site-packages/airflow/example_dags/example_trigger_controller_dag.py for tasks to queue
[2024-12-04T17:28:28.443+0000] {logging_mixin.py:190} INFO - [2024-12-04T17:28:28.443+0000] {dagbag.py:588} INFO - Filling up the DagBag from /home/airflow/.local/lib/python3.12/site-packages/airflow/example_dags/example_trigger_controller_dag.py
[2024-12-04T17:28:28.453+0000] {processor.py:925} INFO - DAG(s) 'example_trigger_controller_dag' retrieved from /home/airflow/.local/lib/python3.12/site-packages/airflow/example_dags/example_trigger_controller_dag.py
[2024-12-04T17:28:28.476+0000] {logging_mixin.py:190} INFO - [2024-12-04T17:28:28.476+0000] {dag.py:3239} INFO - Sync 1 DAGs
[2024-12-04T17:28:28.495+0000] {logging_mixin.py:190} INFO - [2024-12-04T17:28:28.495+0000] {dag.py:4180} INFO - Setting next_dagrun for example_trigger_controller_dag to 2021-01-01 00:00:00+00:00, run_after=2021-01-01 00:00:00+00:00
[2024-12-04T17:28:28.511+0000] {processor.py:208} INFO - Processing /home/airflow/.local/lib/python3.12/site-packages/airflow/example_dags/example_trigger_controller_dag.py took 0.086 seconds
[2024-12-04T17:29:00.279+0000] {processor.py:186} INFO - Started process (PID=2090) to work on /home/airflow/.local/lib/python3.12/site-packages/airflow/example_dags/example_trigger_controller_dag.py
[2024-12-04T17:29:00.280+0000] {processor.py:914} INFO - Processing file /home/airflow/.local/lib/python3.12/site-packages/airflow/example_dags/example_trigger_controller_dag.py for tasks to queue
[2024-12-04T17:29:00.283+0000] {logging_mixin.py:190} INFO - [2024-12-04T17:29:00.283+0000] {dagbag.py:588} INFO - Filling up the DagBag from /home/airflow/.local/lib/python3.12/site-packages/airflow/example_dags/example_trigger_controller_dag.py
[2024-12-04T17:29:00.294+0000] {processor.py:925} INFO - DAG(s) 'example_trigger_controller_dag' retrieved from /home/airflow/.local/lib/python3.12/site-packages/airflow/example_dags/example_trigger_controller_dag.py
[2024-12-04T17:29:00.316+0000] {logging_mixin.py:190} INFO - [2024-12-04T17:29:00.316+0000] {dag.py:3239} INFO - Sync 1 DAGs
[2024-12-04T17:29:00.351+0000] {logging_mixin.py:190} INFO - [2024-12-04T17:29:00.351+0000] {dag.py:4180} INFO - Setting next_dagrun for example_trigger_controller_dag to 2021-01-01 00:00:00+00:00, run_after=2021-01-01 00:00:00+00:00
[2024-12-04T17:29:00.371+0000] {processor.py:208} INFO - Processing /home/airflow/.local/lib/python3.12/site-packages/airflow/example_dags/example_trigger_controller_dag.py took 0.113 seconds
[2024-12-04T17:29:31.298+0000] {processor.py:186} INFO - Started process (PID=2152) to work on /home/airflow/.local/lib/python3.12/site-packages/airflow/example_dags/example_trigger_controller_dag.py
[2024-12-04T17:29:31.300+0000] {processor.py:914} INFO - Processing file /home/airflow/.local/lib/python3.12/site-packages/airflow/example_dags/example_trigger_controller_dag.py for tasks to queue
[2024-12-04T17:29:31.305+0000] {logging_mixin.py:190} INFO - [2024-12-04T17:29:31.304+0000] {dagbag.py:588} INFO - Filling up the DagBag from /home/airflow/.local/lib/python3.12/site-packages/airflow/example_dags/example_trigger_controller_dag.py
[2024-12-04T17:29:31.322+0000] {processor.py:925} INFO - DAG(s) 'example_trigger_controller_dag' retrieved from /home/airflow/.local/lib/python3.12/site-packages/airflow/example_dags/example_trigger_controller_dag.py
[2024-12-04T17:29:31.361+0000] {logging_mixin.py:190} INFO - [2024-12-04T17:29:31.361+0000] {dag.py:3239} INFO - Sync 1 DAGs
[2024-12-04T17:29:31.399+0000] {logging_mixin.py:190} INFO - [2024-12-04T17:29:31.398+0000] {dag.py:4180} INFO - Setting next_dagrun for example_trigger_controller_dag to 2021-01-01 00:00:00+00:00, run_after=2021-01-01 00:00:00+00:00
[2024-12-04T17:29:31.423+0000] {processor.py:208} INFO - Processing /home/airflow/.local/lib/python3.12/site-packages/airflow/example_dags/example_trigger_controller_dag.py took 0.140 seconds
[2024-12-04T17:30:02.361+0000] {processor.py:186} INFO - Started process (PID=2215) to work on /home/airflow/.local/lib/python3.12/site-packages/airflow/example_dags/example_trigger_controller_dag.py
[2024-12-04T17:30:02.367+0000] {processor.py:914} INFO - Processing file /home/airflow/.local/lib/python3.12/site-packages/airflow/example_dags/example_trigger_controller_dag.py for tasks to queue
[2024-12-04T17:30:02.369+0000] {logging_mixin.py:190} INFO - [2024-12-04T17:30:02.368+0000] {dagbag.py:588} INFO - Filling up the DagBag from /home/airflow/.local/lib/python3.12/site-packages/airflow/example_dags/example_trigger_controller_dag.py
[2024-12-04T17:30:02.376+0000] {processor.py:925} INFO - DAG(s) 'example_trigger_controller_dag' retrieved from /home/airflow/.local/lib/python3.12/site-packages/airflow/example_dags/example_trigger_controller_dag.py
[2024-12-04T17:30:02.401+0000] {logging_mixin.py:190} INFO - [2024-12-04T17:30:02.401+0000] {dag.py:3239} INFO - Sync 1 DAGs
[2024-12-04T17:30:02.415+0000] {logging_mixin.py:190} INFO - [2024-12-04T17:30:02.415+0000] {dag.py:4180} INFO - Setting next_dagrun for example_trigger_controller_dag to 2021-01-01 00:00:00+00:00, run_after=2021-01-01 00:00:00+00:00
[2024-12-04T17:30:02.430+0000] {processor.py:208} INFO - Processing /home/airflow/.local/lib/python3.12/site-packages/airflow/example_dags/example_trigger_controller_dag.py took 0.076 seconds
[2024-12-04T17:30:32.590+0000] {processor.py:186} INFO - Started process (PID=2278) to work on /home/airflow/.local/lib/python3.12/site-packages/airflow/example_dags/example_trigger_controller_dag.py
[2024-12-04T17:30:32.593+0000] {processor.py:914} INFO - Processing file /home/airflow/.local/lib/python3.12/site-packages/airflow/example_dags/example_trigger_controller_dag.py for tasks to queue
[2024-12-04T17:30:32.595+0000] {logging_mixin.py:190} INFO - [2024-12-04T17:30:32.595+0000] {dagbag.py:588} INFO - Filling up the DagBag from /home/airflow/.local/lib/python3.12/site-packages/airflow/example_dags/example_trigger_controller_dag.py
[2024-12-04T17:30:32.602+0000] {processor.py:925} INFO - DAG(s) 'example_trigger_controller_dag' retrieved from /home/airflow/.local/lib/python3.12/site-packages/airflow/example_dags/example_trigger_controller_dag.py
[2024-12-04T17:30:32.634+0000] {logging_mixin.py:190} INFO - [2024-12-04T17:30:32.633+0000] {dag.py:3239} INFO - Sync 1 DAGs
[2024-12-04T17:30:32.659+0000] {logging_mixin.py:190} INFO - [2024-12-04T17:30:32.659+0000] {dag.py:4180} INFO - Setting next_dagrun for example_trigger_controller_dag to 2021-01-01 00:00:00+00:00, run_after=2021-01-01 00:00:00+00:00
[2024-12-04T17:30:32.674+0000] {processor.py:208} INFO - Processing /home/airflow/.local/lib/python3.12/site-packages/airflow/example_dags/example_trigger_controller_dag.py took 0.090 seconds
[2024-12-04T17:31:03.093+0000] {processor.py:186} INFO - Started process (PID=2341) to work on /home/airflow/.local/lib/python3.12/site-packages/airflow/example_dags/example_trigger_controller_dag.py
[2024-12-04T17:31:03.100+0000] {processor.py:914} INFO - Processing file /home/airflow/.local/lib/python3.12/site-packages/airflow/example_dags/example_trigger_controller_dag.py for tasks to queue
[2024-12-04T17:31:03.105+0000] {logging_mixin.py:190} INFO - [2024-12-04T17:31:03.104+0000] {dagbag.py:588} INFO - Filling up the DagBag from /home/airflow/.local/lib/python3.12/site-packages/airflow/example_dags/example_trigger_controller_dag.py
[2024-12-04T17:31:03.111+0000] {processor.py:925} INFO - DAG(s) 'example_trigger_controller_dag' retrieved from /home/airflow/.local/lib/python3.12/site-packages/airflow/example_dags/example_trigger_controller_dag.py
[2024-12-04T17:31:03.136+0000] {logging_mixin.py:190} INFO - [2024-12-04T17:31:03.135+0000] {dag.py:3239} INFO - Sync 1 DAGs
[2024-12-04T17:31:03.149+0000] {logging_mixin.py:190} INFO - [2024-12-04T17:31:03.149+0000] {dag.py:4180} INFO - Setting next_dagrun for example_trigger_controller_dag to 2021-01-01 00:00:00+00:00, run_after=2021-01-01 00:00:00+00:00
[2024-12-04T17:31:03.162+0000] {processor.py:208} INFO - Processing /home/airflow/.local/lib/python3.12/site-packages/airflow/example_dags/example_trigger_controller_dag.py took 0.077 seconds
[2024-12-04T17:31:33.770+0000] {processor.py:186} INFO - Started process (PID=2404) to work on /home/airflow/.local/lib/python3.12/site-packages/airflow/example_dags/example_trigger_controller_dag.py
[2024-12-04T17:31:33.776+0000] {processor.py:914} INFO - Processing file /home/airflow/.local/lib/python3.12/site-packages/airflow/example_dags/example_trigger_controller_dag.py for tasks to queue
[2024-12-04T17:31:33.779+0000] {logging_mixin.py:190} INFO - [2024-12-04T17:31:33.779+0000] {dagbag.py:588} INFO - Filling up the DagBag from /home/airflow/.local/lib/python3.12/site-packages/airflow/example_dags/example_trigger_controller_dag.py
[2024-12-04T17:31:33.788+0000] {processor.py:925} INFO - DAG(s) 'example_trigger_controller_dag' retrieved from /home/airflow/.local/lib/python3.12/site-packages/airflow/example_dags/example_trigger_controller_dag.py
[2024-12-04T17:31:33.806+0000] {logging_mixin.py:190} INFO - [2024-12-04T17:31:33.805+0000] {dag.py:3239} INFO - Sync 1 DAGs
[2024-12-04T17:31:33.819+0000] {logging_mixin.py:190} INFO - [2024-12-04T17:31:33.819+0000] {dag.py:4180} INFO - Setting next_dagrun for example_trigger_controller_dag to 2021-01-01 00:00:00+00:00, run_after=2021-01-01 00:00:00+00:00
[2024-12-04T17:31:33.831+0000] {processor.py:208} INFO - Processing /home/airflow/.local/lib/python3.12/site-packages/airflow/example_dags/example_trigger_controller_dag.py took 0.067 seconds
[2024-12-04T17:32:03.958+0000] {processor.py:186} INFO - Started process (PID=2467) to work on /home/airflow/.local/lib/python3.12/site-packages/airflow/example_dags/example_trigger_controller_dag.py
[2024-12-04T17:32:03.961+0000] {processor.py:914} INFO - Processing file /home/airflow/.local/lib/python3.12/site-packages/airflow/example_dags/example_trigger_controller_dag.py for tasks to queue
[2024-12-04T17:32:03.964+0000] {logging_mixin.py:190} INFO - [2024-12-04T17:32:03.963+0000] {dagbag.py:588} INFO - Filling up the DagBag from /home/airflow/.local/lib/python3.12/site-packages/airflow/example_dags/example_trigger_controller_dag.py
[2024-12-04T17:32:03.973+0000] {processor.py:925} INFO - DAG(s) 'example_trigger_controller_dag' retrieved from /home/airflow/.local/lib/python3.12/site-packages/airflow/example_dags/example_trigger_controller_dag.py
[2024-12-04T17:32:03.988+0000] {logging_mixin.py:190} INFO - [2024-12-04T17:32:03.988+0000] {dag.py:3239} INFO - Sync 1 DAGs
[2024-12-04T17:32:04.007+0000] {logging_mixin.py:190} INFO - [2024-12-04T17:32:04.006+0000] {dag.py:4180} INFO - Setting next_dagrun for example_trigger_controller_dag to 2021-01-01 00:00:00+00:00, run_after=2021-01-01 00:00:00+00:00
[2024-12-04T17:32:04.026+0000] {processor.py:208} INFO - Processing /home/airflow/.local/lib/python3.12/site-packages/airflow/example_dags/example_trigger_controller_dag.py took 0.075 seconds
[2024-12-04T17:32:34.517+0000] {processor.py:186} INFO - Started process (PID=2530) to work on /home/airflow/.local/lib/python3.12/site-packages/airflow/example_dags/example_trigger_controller_dag.py
[2024-12-04T17:32:34.521+0000] {processor.py:914} INFO - Processing file /home/airflow/.local/lib/python3.12/site-packages/airflow/example_dags/example_trigger_controller_dag.py for tasks to queue
[2024-12-04T17:32:34.525+0000] {logging_mixin.py:190} INFO - [2024-12-04T17:32:34.525+0000] {dagbag.py:588} INFO - Filling up the DagBag from /home/airflow/.local/lib/python3.12/site-packages/airflow/example_dags/example_trigger_controller_dag.py
[2024-12-04T17:32:34.531+0000] {processor.py:925} INFO - DAG(s) 'example_trigger_controller_dag' retrieved from /home/airflow/.local/lib/python3.12/site-packages/airflow/example_dags/example_trigger_controller_dag.py
[2024-12-04T17:32:34.547+0000] {logging_mixin.py:190} INFO - [2024-12-04T17:32:34.547+0000] {dag.py:3239} INFO - Sync 1 DAGs
[2024-12-04T17:32:34.564+0000] {logging_mixin.py:190} INFO - [2024-12-04T17:32:34.564+0000] {dag.py:4180} INFO - Setting next_dagrun for example_trigger_controller_dag to 2021-01-01 00:00:00+00:00, run_after=2021-01-01 00:00:00+00:00
[2024-12-04T17:32:34.576+0000] {processor.py:208} INFO - Processing /home/airflow/.local/lib/python3.12/site-packages/airflow/example_dags/example_trigger_controller_dag.py took 0.066 seconds
