[2024-12-04T17:12:24.321+0000] {processor.py:186} INFO - Started process (PID=114) to work on /home/airflow/.local/lib/python3.12/site-packages/airflow/example_dags/example_params_ui_tutorial.py
[2024-12-04T17:12:24.322+0000] {processor.py:914} INFO - Processing file /home/airflow/.local/lib/python3.12/site-packages/airflow/example_dags/example_params_ui_tutorial.py for tasks to queue
[2024-12-04T17:12:24.324+0000] {logging_mixin.py:190} INFO - [2024-12-04T17:12:24.323+0000] {dagbag.py:588} INFO - Filling up the DagBag from /home/airflow/.local/lib/python3.12/site-packages/airflow/example_dags/example_params_ui_tutorial.py
[2024-12-04T17:12:24.329+0000] {processor.py:925} INFO - DAG(s) 'example_params_ui_tutorial' retrieved from /home/airflow/.local/lib/python3.12/site-packages/airflow/example_dags/example_params_ui_tutorial.py
[2024-12-04T17:12:24.424+0000] {logging_mixin.py:190} INFO - [2024-12-04T17:12:24.424+0000] {override.py:1911} INFO - Created Permission View: can read on DAG:example_params_ui_tutorial
[2024-12-04T17:12:24.432+0000] {logging_mixin.py:190} INFO - [2024-12-04T17:12:24.431+0000] {override.py:1911} INFO - Created Permission View: can delete on DAG:example_params_ui_tutorial
[2024-12-04T17:12:24.437+0000] {logging_mixin.py:190} INFO - [2024-12-04T17:12:24.437+0000] {override.py:1911} INFO - Created Permission View: can edit on DAG:example_params_ui_tutorial
[2024-12-04T17:12:24.440+0000] {logging_mixin.py:190} INFO - [2024-12-04T17:12:24.440+0000] {override.py:1911} INFO - Created Permission View: menu access on DAG Run:example_params_ui_tutorial
[2024-12-04T17:12:24.442+0000] {logging_mixin.py:190} INFO - [2024-12-04T17:12:24.442+0000] {override.py:1911} INFO - Created Permission View: can delete on DAG Run:example_params_ui_tutorial
[2024-12-04T17:12:24.445+0000] {logging_mixin.py:190} INFO - [2024-12-04T17:12:24.445+0000] {override.py:1911} INFO - Created Permission View: can read on DAG Run:example_params_ui_tutorial
[2024-12-04T17:12:24.447+0000] {logging_mixin.py:190} INFO - [2024-12-04T17:12:24.447+0000] {override.py:1911} INFO - Created Permission View: can create on DAG Run:example_params_ui_tutorial
[2024-12-04T17:12:24.448+0000] {logging_mixin.py:190} INFO - [2024-12-04T17:12:24.448+0000] {dag.py:3239} INFO - Sync 1 DAGs
[2024-12-04T17:12:24.455+0000] {logging_mixin.py:190} INFO - [2024-12-04T17:12:24.455+0000] {dag.py:3262} INFO - Creating ORM DAG for example_params_ui_tutorial
[2024-12-04T17:12:24.455+0000] {logging_mixin.py:190} INFO - [2024-12-04T17:12:24.455+0000] {dag.py:4180} INFO - Setting next_dagrun for example_params_ui_tutorial to None, run_after=None
[2024-12-04T17:12:24.467+0000] {processor.py:208} INFO - Processing /home/airflow/.local/lib/python3.12/site-packages/airflow/example_dags/example_params_ui_tutorial.py took 0.148 seconds
[2024-12-04T17:12:55.355+0000] {processor.py:186} INFO - Started process (PID=177) to work on /home/airflow/.local/lib/python3.12/site-packages/airflow/example_dags/example_params_ui_tutorial.py
[2024-12-04T17:12:55.355+0000] {processor.py:914} INFO - Processing file /home/airflow/.local/lib/python3.12/site-packages/airflow/example_dags/example_params_ui_tutorial.py for tasks to queue
[2024-12-04T17:12:55.356+0000] {logging_mixin.py:190} INFO - [2024-12-04T17:12:55.356+0000] {dagbag.py:588} INFO - Filling up the DagBag from /home/airflow/.local/lib/python3.12/site-packages/airflow/example_dags/example_params_ui_tutorial.py
[2024-12-04T17:12:55.361+0000] {processor.py:925} INFO - DAG(s) 'example_params_ui_tutorial' retrieved from /home/airflow/.local/lib/python3.12/site-packages/airflow/example_dags/example_params_ui_tutorial.py
[2024-12-04T17:12:55.378+0000] {logging_mixin.py:190} INFO - [2024-12-04T17:12:55.378+0000] {dag.py:3239} INFO - Sync 1 DAGs
[2024-12-04T17:12:55.384+0000] {logging_mixin.py:190} INFO - [2024-12-04T17:12:55.384+0000] {dag.py:4180} INFO - Setting next_dagrun for example_params_ui_tutorial to None, run_after=None
[2024-12-04T17:12:55.392+0000] {processor.py:208} INFO - Processing /home/airflow/.local/lib/python3.12/site-packages/airflow/example_dags/example_params_ui_tutorial.py took 0.040 seconds
[2024-12-04T17:13:25.833+0000] {processor.py:186} INFO - Started process (PID=240) to work on /home/airflow/.local/lib/python3.12/site-packages/airflow/example_dags/example_params_ui_tutorial.py
[2024-12-04T17:13:25.834+0000] {processor.py:914} INFO - Processing file /home/airflow/.local/lib/python3.12/site-packages/airflow/example_dags/example_params_ui_tutorial.py for tasks to queue
[2024-12-04T17:13:25.835+0000] {logging_mixin.py:190} INFO - [2024-12-04T17:13:25.835+0000] {dagbag.py:588} INFO - Filling up the DagBag from /home/airflow/.local/lib/python3.12/site-packages/airflow/example_dags/example_params_ui_tutorial.py
[2024-12-04T17:13:25.840+0000] {processor.py:925} INFO - DAG(s) 'example_params_ui_tutorial' retrieved from /home/airflow/.local/lib/python3.12/site-packages/airflow/example_dags/example_params_ui_tutorial.py
[2024-12-04T17:13:25.858+0000] {logging_mixin.py:190} INFO - [2024-12-04T17:13:25.858+0000] {dag.py:3239} INFO - Sync 1 DAGs
[2024-12-04T17:13:25.865+0000] {logging_mixin.py:190} INFO - [2024-12-04T17:13:25.865+0000] {dag.py:4180} INFO - Setting next_dagrun for example_params_ui_tutorial to None, run_after=None
[2024-12-04T17:13:25.872+0000] {processor.py:208} INFO - Processing /home/airflow/.local/lib/python3.12/site-packages/airflow/example_dags/example_params_ui_tutorial.py took 0.042 seconds
[2024-12-04T17:13:56.279+0000] {processor.py:186} INFO - Started process (PID=303) to work on /home/airflow/.local/lib/python3.12/site-packages/airflow/example_dags/example_params_ui_tutorial.py
[2024-12-04T17:13:56.281+0000] {processor.py:914} INFO - Processing file /home/airflow/.local/lib/python3.12/site-packages/airflow/example_dags/example_params_ui_tutorial.py for tasks to queue
[2024-12-04T17:13:56.282+0000] {logging_mixin.py:190} INFO - [2024-12-04T17:13:56.282+0000] {dagbag.py:588} INFO - Filling up the DagBag from /home/airflow/.local/lib/python3.12/site-packages/airflow/example_dags/example_params_ui_tutorial.py
[2024-12-04T17:13:56.287+0000] {processor.py:925} INFO - DAG(s) 'example_params_ui_tutorial' retrieved from /home/airflow/.local/lib/python3.12/site-packages/airflow/example_dags/example_params_ui_tutorial.py
[2024-12-04T17:13:56.311+0000] {logging_mixin.py:190} INFO - [2024-12-04T17:13:56.311+0000] {dag.py:3239} INFO - Sync 1 DAGs
[2024-12-04T17:13:56.328+0000] {logging_mixin.py:190} INFO - [2024-12-04T17:13:56.328+0000] {dag.py:4180} INFO - Setting next_dagrun for example_params_ui_tutorial to None, run_after=None
[2024-12-04T17:13:56.341+0000] {processor.py:208} INFO - Processing /home/airflow/.local/lib/python3.12/site-packages/airflow/example_dags/example_params_ui_tutorial.py took 0.065 seconds
[2024-12-04T17:14:27.825+0000] {processor.py:186} INFO - Started process (PID=366) to work on /home/airflow/.local/lib/python3.12/site-packages/airflow/example_dags/example_params_ui_tutorial.py
[2024-12-04T17:14:27.830+0000] {processor.py:914} INFO - Processing file /home/airflow/.local/lib/python3.12/site-packages/airflow/example_dags/example_params_ui_tutorial.py for tasks to queue
[2024-12-04T17:14:27.834+0000] {logging_mixin.py:190} INFO - [2024-12-04T17:14:27.834+0000] {dagbag.py:588} INFO - Filling up the DagBag from /home/airflow/.local/lib/python3.12/site-packages/airflow/example_dags/example_params_ui_tutorial.py
[2024-12-04T17:14:27.845+0000] {processor.py:925} INFO - DAG(s) 'example_params_ui_tutorial' retrieved from /home/airflow/.local/lib/python3.12/site-packages/airflow/example_dags/example_params_ui_tutorial.py
[2024-12-04T17:14:27.879+0000] {logging_mixin.py:190} INFO - [2024-12-04T17:14:27.879+0000] {dag.py:3239} INFO - Sync 1 DAGs
[2024-12-04T17:14:27.889+0000] {logging_mixin.py:190} INFO - [2024-12-04T17:14:27.889+0000] {dag.py:4180} INFO - Setting next_dagrun for example_params_ui_tutorial to None, run_after=None
[2024-12-04T17:14:27.901+0000] {processor.py:208} INFO - Processing /home/airflow/.local/lib/python3.12/site-packages/airflow/example_dags/example_params_ui_tutorial.py took 0.082 seconds
[2024-12-04T17:14:59.683+0000] {processor.py:186} INFO - Started process (PID=429) to work on /home/airflow/.local/lib/python3.12/site-packages/airflow/example_dags/example_params_ui_tutorial.py
[2024-12-04T17:14:59.685+0000] {processor.py:914} INFO - Processing file /home/airflow/.local/lib/python3.12/site-packages/airflow/example_dags/example_params_ui_tutorial.py for tasks to queue
[2024-12-04T17:14:59.687+0000] {logging_mixin.py:190} INFO - [2024-12-04T17:14:59.686+0000] {dagbag.py:588} INFO - Filling up the DagBag from /home/airflow/.local/lib/python3.12/site-packages/airflow/example_dags/example_params_ui_tutorial.py
[2024-12-04T17:14:59.692+0000] {processor.py:925} INFO - DAG(s) 'example_params_ui_tutorial' retrieved from /home/airflow/.local/lib/python3.12/site-packages/airflow/example_dags/example_params_ui_tutorial.py
[2024-12-04T17:14:59.714+0000] {logging_mixin.py:190} INFO - [2024-12-04T17:14:59.714+0000] {dag.py:3239} INFO - Sync 1 DAGs
[2024-12-04T17:14:59.723+0000] {logging_mixin.py:190} INFO - [2024-12-04T17:14:59.723+0000] {dag.py:4180} INFO - Setting next_dagrun for example_params_ui_tutorial to None, run_after=None
[2024-12-04T17:14:59.735+0000] {processor.py:208} INFO - Processing /home/airflow/.local/lib/python3.12/site-packages/airflow/example_dags/example_params_ui_tutorial.py took 0.058 seconds
[2024-12-04T17:15:30.351+0000] {processor.py:186} INFO - Started process (PID=492) to work on /home/airflow/.local/lib/python3.12/site-packages/airflow/example_dags/example_params_ui_tutorial.py
[2024-12-04T17:15:30.352+0000] {processor.py:914} INFO - Processing file /home/airflow/.local/lib/python3.12/site-packages/airflow/example_dags/example_params_ui_tutorial.py for tasks to queue
[2024-12-04T17:15:30.353+0000] {logging_mixin.py:190} INFO - [2024-12-04T17:15:30.353+0000] {dagbag.py:588} INFO - Filling up the DagBag from /home/airflow/.local/lib/python3.12/site-packages/airflow/example_dags/example_params_ui_tutorial.py
[2024-12-04T17:15:30.360+0000] {processor.py:925} INFO - DAG(s) 'example_params_ui_tutorial' retrieved from /home/airflow/.local/lib/python3.12/site-packages/airflow/example_dags/example_params_ui_tutorial.py
[2024-12-04T17:15:30.388+0000] {logging_mixin.py:190} INFO - [2024-12-04T17:15:30.388+0000] {dag.py:3239} INFO - Sync 1 DAGs
[2024-12-04T17:15:30.397+0000] {logging_mixin.py:190} INFO - [2024-12-04T17:15:30.397+0000] {dag.py:4180} INFO - Setting next_dagrun for example_params_ui_tutorial to None, run_after=None
[2024-12-04T17:15:30.408+0000] {processor.py:208} INFO - Processing /home/airflow/.local/lib/python3.12/site-packages/airflow/example_dags/example_params_ui_tutorial.py took 0.061 seconds
[2024-12-04T17:16:01.652+0000] {processor.py:186} INFO - Started process (PID=555) to work on /home/airflow/.local/lib/python3.12/site-packages/airflow/example_dags/example_params_ui_tutorial.py
[2024-12-04T17:16:01.653+0000] {processor.py:914} INFO - Processing file /home/airflow/.local/lib/python3.12/site-packages/airflow/example_dags/example_params_ui_tutorial.py for tasks to queue
[2024-12-04T17:16:01.655+0000] {logging_mixin.py:190} INFO - [2024-12-04T17:16:01.654+0000] {dagbag.py:588} INFO - Filling up the DagBag from /home/airflow/.local/lib/python3.12/site-packages/airflow/example_dags/example_params_ui_tutorial.py
[2024-12-04T17:16:01.661+0000] {processor.py:925} INFO - DAG(s) 'example_params_ui_tutorial' retrieved from /home/airflow/.local/lib/python3.12/site-packages/airflow/example_dags/example_params_ui_tutorial.py
[2024-12-04T17:16:01.688+0000] {logging_mixin.py:190} INFO - [2024-12-04T17:16:01.688+0000] {dag.py:3239} INFO - Sync 1 DAGs
[2024-12-04T17:16:01.702+0000] {logging_mixin.py:190} INFO - [2024-12-04T17:16:01.702+0000] {dag.py:4180} INFO - Setting next_dagrun for example_params_ui_tutorial to None, run_after=None
[2024-12-04T17:16:01.717+0000] {processor.py:208} INFO - Processing /home/airflow/.local/lib/python3.12/site-packages/airflow/example_dags/example_params_ui_tutorial.py took 0.068 seconds
[2024-12-04T17:16:33.030+0000] {processor.py:186} INFO - Started process (PID=618) to work on /home/airflow/.local/lib/python3.12/site-packages/airflow/example_dags/example_params_ui_tutorial.py
[2024-12-04T17:16:33.033+0000] {processor.py:914} INFO - Processing file /home/airflow/.local/lib/python3.12/site-packages/airflow/example_dags/example_params_ui_tutorial.py for tasks to queue
[2024-12-04T17:16:33.043+0000] {logging_mixin.py:190} INFO - [2024-12-04T17:16:33.042+0000] {dagbag.py:588} INFO - Filling up the DagBag from /home/airflow/.local/lib/python3.12/site-packages/airflow/example_dags/example_params_ui_tutorial.py
[2024-12-04T17:16:33.055+0000] {processor.py:925} INFO - DAG(s) 'example_params_ui_tutorial' retrieved from /home/airflow/.local/lib/python3.12/site-packages/airflow/example_dags/example_params_ui_tutorial.py
[2024-12-04T17:16:33.086+0000] {logging_mixin.py:190} INFO - [2024-12-04T17:16:33.086+0000] {dag.py:3239} INFO - Sync 1 DAGs
[2024-12-04T17:16:33.100+0000] {logging_mixin.py:190} INFO - [2024-12-04T17:16:33.100+0000] {dag.py:4180} INFO - Setting next_dagrun for example_params_ui_tutorial to None, run_after=None
[2024-12-04T17:16:33.114+0000] {processor.py:208} INFO - Processing /home/airflow/.local/lib/python3.12/site-packages/airflow/example_dags/example_params_ui_tutorial.py took 0.103 seconds
[2024-12-04T17:17:03.624+0000] {processor.py:186} INFO - Started process (PID=681) to work on /home/airflow/.local/lib/python3.12/site-packages/airflow/example_dags/example_params_ui_tutorial.py
[2024-12-04T17:17:03.624+0000] {processor.py:914} INFO - Processing file /home/airflow/.local/lib/python3.12/site-packages/airflow/example_dags/example_params_ui_tutorial.py for tasks to queue
[2024-12-04T17:17:03.626+0000] {logging_mixin.py:190} INFO - [2024-12-04T17:17:03.626+0000] {dagbag.py:588} INFO - Filling up the DagBag from /home/airflow/.local/lib/python3.12/site-packages/airflow/example_dags/example_params_ui_tutorial.py
[2024-12-04T17:17:03.631+0000] {processor.py:925} INFO - DAG(s) 'example_params_ui_tutorial' retrieved from /home/airflow/.local/lib/python3.12/site-packages/airflow/example_dags/example_params_ui_tutorial.py
[2024-12-04T17:17:03.652+0000] {logging_mixin.py:190} INFO - [2024-12-04T17:17:03.652+0000] {dag.py:3239} INFO - Sync 1 DAGs
[2024-12-04T17:17:03.660+0000] {logging_mixin.py:190} INFO - [2024-12-04T17:17:03.660+0000] {dag.py:4180} INFO - Setting next_dagrun for example_params_ui_tutorial to None, run_after=None
[2024-12-04T17:17:03.668+0000] {processor.py:208} INFO - Processing /home/airflow/.local/lib/python3.12/site-packages/airflow/example_dags/example_params_ui_tutorial.py took 0.048 seconds
[2024-12-04T17:17:35.408+0000] {processor.py:186} INFO - Started process (PID=744) to work on /home/airflow/.local/lib/python3.12/site-packages/airflow/example_dags/example_params_ui_tutorial.py
[2024-12-04T17:17:35.411+0000] {processor.py:914} INFO - Processing file /home/airflow/.local/lib/python3.12/site-packages/airflow/example_dags/example_params_ui_tutorial.py for tasks to queue
[2024-12-04T17:17:35.412+0000] {logging_mixin.py:190} INFO - [2024-12-04T17:17:35.412+0000] {dagbag.py:588} INFO - Filling up the DagBag from /home/airflow/.local/lib/python3.12/site-packages/airflow/example_dags/example_params_ui_tutorial.py
[2024-12-04T17:17:35.417+0000] {processor.py:925} INFO - DAG(s) 'example_params_ui_tutorial' retrieved from /home/airflow/.local/lib/python3.12/site-packages/airflow/example_dags/example_params_ui_tutorial.py
[2024-12-04T17:17:35.439+0000] {logging_mixin.py:190} INFO - [2024-12-04T17:17:35.439+0000] {dag.py:3239} INFO - Sync 1 DAGs
[2024-12-04T17:17:35.447+0000] {logging_mixin.py:190} INFO - [2024-12-04T17:17:35.447+0000] {dag.py:4180} INFO - Setting next_dagrun for example_params_ui_tutorial to None, run_after=None
[2024-12-04T17:17:35.458+0000] {processor.py:208} INFO - Processing /home/airflow/.local/lib/python3.12/site-packages/airflow/example_dags/example_params_ui_tutorial.py took 0.054 seconds
[2024-12-04T17:18:06.869+0000] {processor.py:186} INFO - Started process (PID=807) to work on /home/airflow/.local/lib/python3.12/site-packages/airflow/example_dags/example_params_ui_tutorial.py
[2024-12-04T17:18:06.870+0000] {processor.py:914} INFO - Processing file /home/airflow/.local/lib/python3.12/site-packages/airflow/example_dags/example_params_ui_tutorial.py for tasks to queue
[2024-12-04T17:18:06.871+0000] {logging_mixin.py:190} INFO - [2024-12-04T17:18:06.871+0000] {dagbag.py:588} INFO - Filling up the DagBag from /home/airflow/.local/lib/python3.12/site-packages/airflow/example_dags/example_params_ui_tutorial.py
[2024-12-04T17:18:06.877+0000] {processor.py:925} INFO - DAG(s) 'example_params_ui_tutorial' retrieved from /home/airflow/.local/lib/python3.12/site-packages/airflow/example_dags/example_params_ui_tutorial.py
[2024-12-04T17:18:06.904+0000] {logging_mixin.py:190} INFO - [2024-12-04T17:18:06.903+0000] {dag.py:3239} INFO - Sync 1 DAGs
[2024-12-04T17:18:06.910+0000] {logging_mixin.py:190} INFO - [2024-12-04T17:18:06.910+0000] {dag.py:4180} INFO - Setting next_dagrun for example_params_ui_tutorial to None, run_after=None
[2024-12-04T17:18:06.919+0000] {processor.py:208} INFO - Processing /home/airflow/.local/lib/python3.12/site-packages/airflow/example_dags/example_params_ui_tutorial.py took 0.053 seconds
[2024-12-04T17:18:39.832+0000] {processor.py:186} INFO - Started process (PID=870) to work on /home/airflow/.local/lib/python3.12/site-packages/airflow/example_dags/example_params_ui_tutorial.py
[2024-12-04T17:18:39.835+0000] {processor.py:914} INFO - Processing file /home/airflow/.local/lib/python3.12/site-packages/airflow/example_dags/example_params_ui_tutorial.py for tasks to queue
[2024-12-04T17:18:39.841+0000] {logging_mixin.py:190} INFO - [2024-12-04T17:18:39.841+0000] {dagbag.py:588} INFO - Filling up the DagBag from /home/airflow/.local/lib/python3.12/site-packages/airflow/example_dags/example_params_ui_tutorial.py
[2024-12-04T17:18:39.849+0000] {processor.py:925} INFO - DAG(s) 'example_params_ui_tutorial' retrieved from /home/airflow/.local/lib/python3.12/site-packages/airflow/example_dags/example_params_ui_tutorial.py
[2024-12-04T17:18:39.877+0000] {logging_mixin.py:190} INFO - [2024-12-04T17:18:39.877+0000] {dag.py:3239} INFO - Sync 1 DAGs
[2024-12-04T17:18:39.886+0000] {logging_mixin.py:190} INFO - [2024-12-04T17:18:39.886+0000] {dag.py:4180} INFO - Setting next_dagrun for example_params_ui_tutorial to None, run_after=None
[2024-12-04T17:18:39.896+0000] {processor.py:208} INFO - Processing /home/airflow/.local/lib/python3.12/site-packages/airflow/example_dags/example_params_ui_tutorial.py took 0.081 seconds
[2024-12-04T17:19:10.185+0000] {processor.py:186} INFO - Started process (PID=933) to work on /home/airflow/.local/lib/python3.12/site-packages/airflow/example_dags/example_params_ui_tutorial.py
[2024-12-04T17:19:10.186+0000] {processor.py:914} INFO - Processing file /home/airflow/.local/lib/python3.12/site-packages/airflow/example_dags/example_params_ui_tutorial.py for tasks to queue
[2024-12-04T17:19:10.189+0000] {logging_mixin.py:190} INFO - [2024-12-04T17:19:10.189+0000] {dagbag.py:588} INFO - Filling up the DagBag from /home/airflow/.local/lib/python3.12/site-packages/airflow/example_dags/example_params_ui_tutorial.py
[2024-12-04T17:19:10.199+0000] {processor.py:925} INFO - DAG(s) 'example_params_ui_tutorial' retrieved from /home/airflow/.local/lib/python3.12/site-packages/airflow/example_dags/example_params_ui_tutorial.py
[2024-12-04T17:19:10.229+0000] {logging_mixin.py:190} INFO - [2024-12-04T17:19:10.229+0000] {dag.py:3239} INFO - Sync 1 DAGs
[2024-12-04T17:19:10.243+0000] {logging_mixin.py:190} INFO - [2024-12-04T17:19:10.243+0000] {dag.py:4180} INFO - Setting next_dagrun for example_params_ui_tutorial to None, run_after=None
[2024-12-04T17:19:10.253+0000] {processor.py:208} INFO - Processing /home/airflow/.local/lib/python3.12/site-packages/airflow/example_dags/example_params_ui_tutorial.py took 0.076 seconds
[2024-12-04T17:19:41.638+0000] {processor.py:186} INFO - Started process (PID=996) to work on /home/airflow/.local/lib/python3.12/site-packages/airflow/example_dags/example_params_ui_tutorial.py
[2024-12-04T17:19:41.639+0000] {processor.py:914} INFO - Processing file /home/airflow/.local/lib/python3.12/site-packages/airflow/example_dags/example_params_ui_tutorial.py for tasks to queue
[2024-12-04T17:19:41.640+0000] {logging_mixin.py:190} INFO - [2024-12-04T17:19:41.640+0000] {dagbag.py:588} INFO - Filling up the DagBag from /home/airflow/.local/lib/python3.12/site-packages/airflow/example_dags/example_params_ui_tutorial.py
[2024-12-04T17:19:41.645+0000] {processor.py:925} INFO - DAG(s) 'example_params_ui_tutorial' retrieved from /home/airflow/.local/lib/python3.12/site-packages/airflow/example_dags/example_params_ui_tutorial.py
[2024-12-04T17:19:41.663+0000] {logging_mixin.py:190} INFO - [2024-12-04T17:19:41.663+0000] {dag.py:3239} INFO - Sync 1 DAGs
[2024-12-04T17:19:41.670+0000] {logging_mixin.py:190} INFO - [2024-12-04T17:19:41.670+0000] {dag.py:4180} INFO - Setting next_dagrun for example_params_ui_tutorial to None, run_after=None
[2024-12-04T17:19:41.678+0000] {processor.py:208} INFO - Processing /home/airflow/.local/lib/python3.12/site-packages/airflow/example_dags/example_params_ui_tutorial.py took 0.043 seconds
[2024-12-04T17:20:13.071+0000] {processor.py:186} INFO - Started process (PID=1059) to work on /home/airflow/.local/lib/python3.12/site-packages/airflow/example_dags/example_params_ui_tutorial.py
[2024-12-04T17:20:13.073+0000] {processor.py:914} INFO - Processing file /home/airflow/.local/lib/python3.12/site-packages/airflow/example_dags/example_params_ui_tutorial.py for tasks to queue
[2024-12-04T17:20:13.075+0000] {logging_mixin.py:190} INFO - [2024-12-04T17:20:13.075+0000] {dagbag.py:588} INFO - Filling up the DagBag from /home/airflow/.local/lib/python3.12/site-packages/airflow/example_dags/example_params_ui_tutorial.py
[2024-12-04T17:20:13.080+0000] {processor.py:925} INFO - DAG(s) 'example_params_ui_tutorial' retrieved from /home/airflow/.local/lib/python3.12/site-packages/airflow/example_dags/example_params_ui_tutorial.py
[2024-12-04T17:20:13.103+0000] {logging_mixin.py:190} INFO - [2024-12-04T17:20:13.102+0000] {dag.py:3239} INFO - Sync 1 DAGs
[2024-12-04T17:20:13.113+0000] {logging_mixin.py:190} INFO - [2024-12-04T17:20:13.113+0000] {dag.py:4180} INFO - Setting next_dagrun for example_params_ui_tutorial to None, run_after=None
[2024-12-04T17:20:13.123+0000] {processor.py:208} INFO - Processing /home/airflow/.local/lib/python3.12/site-packages/airflow/example_dags/example_params_ui_tutorial.py took 0.055 seconds
[2024-12-04T17:20:44.358+0000] {processor.py:186} INFO - Started process (PID=1122) to work on /home/airflow/.local/lib/python3.12/site-packages/airflow/example_dags/example_params_ui_tutorial.py
[2024-12-04T17:20:44.358+0000] {processor.py:914} INFO - Processing file /home/airflow/.local/lib/python3.12/site-packages/airflow/example_dags/example_params_ui_tutorial.py for tasks to queue
[2024-12-04T17:20:44.359+0000] {logging_mixin.py:190} INFO - [2024-12-04T17:20:44.359+0000] {dagbag.py:588} INFO - Filling up the DagBag from /home/airflow/.local/lib/python3.12/site-packages/airflow/example_dags/example_params_ui_tutorial.py
[2024-12-04T17:20:44.364+0000] {processor.py:925} INFO - DAG(s) 'example_params_ui_tutorial' retrieved from /home/airflow/.local/lib/python3.12/site-packages/airflow/example_dags/example_params_ui_tutorial.py
[2024-12-04T17:20:44.383+0000] {logging_mixin.py:190} INFO - [2024-12-04T17:20:44.382+0000] {dag.py:3239} INFO - Sync 1 DAGs
[2024-12-04T17:20:44.389+0000] {logging_mixin.py:190} INFO - [2024-12-04T17:20:44.389+0000] {dag.py:4180} INFO - Setting next_dagrun for example_params_ui_tutorial to None, run_after=None
[2024-12-04T17:20:44.397+0000] {processor.py:208} INFO - Processing /home/airflow/.local/lib/python3.12/site-packages/airflow/example_dags/example_params_ui_tutorial.py took 0.043 seconds
[2024-12-04T17:21:18.184+0000] {processor.py:186} INFO - Started process (PID=1185) to work on /home/airflow/.local/lib/python3.12/site-packages/airflow/example_dags/example_params_ui_tutorial.py
[2024-12-04T17:21:18.186+0000] {processor.py:914} INFO - Processing file /home/airflow/.local/lib/python3.12/site-packages/airflow/example_dags/example_params_ui_tutorial.py for tasks to queue
[2024-12-04T17:21:18.190+0000] {logging_mixin.py:190} INFO - [2024-12-04T17:21:18.189+0000] {dagbag.py:588} INFO - Filling up the DagBag from /home/airflow/.local/lib/python3.12/site-packages/airflow/example_dags/example_params_ui_tutorial.py
[2024-12-04T17:21:18.201+0000] {processor.py:925} INFO - DAG(s) 'example_params_ui_tutorial' retrieved from /home/airflow/.local/lib/python3.12/site-packages/airflow/example_dags/example_params_ui_tutorial.py
[2024-12-04T17:21:18.235+0000] {logging_mixin.py:190} INFO - [2024-12-04T17:21:18.235+0000] {dag.py:3239} INFO - Sync 1 DAGs
[2024-12-04T17:21:18.244+0000] {logging_mixin.py:190} INFO - [2024-12-04T17:21:18.244+0000] {dag.py:4180} INFO - Setting next_dagrun for example_params_ui_tutorial to None, run_after=None
[2024-12-04T17:21:18.264+0000] {processor.py:208} INFO - Processing /home/airflow/.local/lib/python3.12/site-packages/airflow/example_dags/example_params_ui_tutorial.py took 0.086 seconds
[2024-12-04T17:21:49.615+0000] {processor.py:186} INFO - Started process (PID=1248) to work on /home/airflow/.local/lib/python3.12/site-packages/airflow/example_dags/example_params_ui_tutorial.py
[2024-12-04T17:21:49.617+0000] {processor.py:914} INFO - Processing file /home/airflow/.local/lib/python3.12/site-packages/airflow/example_dags/example_params_ui_tutorial.py for tasks to queue
[2024-12-04T17:21:49.623+0000] {logging_mixin.py:190} INFO - [2024-12-04T17:21:49.622+0000] {dagbag.py:588} INFO - Filling up the DagBag from /home/airflow/.local/lib/python3.12/site-packages/airflow/example_dags/example_params_ui_tutorial.py
[2024-12-04T17:21:49.643+0000] {processor.py:925} INFO - DAG(s) 'example_params_ui_tutorial' retrieved from /home/airflow/.local/lib/python3.12/site-packages/airflow/example_dags/example_params_ui_tutorial.py
[2024-12-04T17:21:49.698+0000] {logging_mixin.py:190} INFO - [2024-12-04T17:21:49.697+0000] {dag.py:3239} INFO - Sync 1 DAGs
[2024-12-04T17:21:49.732+0000] {logging_mixin.py:190} INFO - [2024-12-04T17:21:49.732+0000] {dag.py:4180} INFO - Setting next_dagrun for example_params_ui_tutorial to None, run_after=None
[2024-12-04T17:21:49.748+0000] {processor.py:208} INFO - Processing /home/airflow/.local/lib/python3.12/site-packages/airflow/example_dags/example_params_ui_tutorial.py took 0.142 seconds
[2024-12-04T17:22:21.237+0000] {processor.py:186} INFO - Started process (PID=1310) to work on /home/airflow/.local/lib/python3.12/site-packages/airflow/example_dags/example_params_ui_tutorial.py
[2024-12-04T17:22:21.238+0000] {processor.py:914} INFO - Processing file /home/airflow/.local/lib/python3.12/site-packages/airflow/example_dags/example_params_ui_tutorial.py for tasks to queue
[2024-12-04T17:22:21.239+0000] {logging_mixin.py:190} INFO - [2024-12-04T17:22:21.239+0000] {dagbag.py:588} INFO - Filling up the DagBag from /home/airflow/.local/lib/python3.12/site-packages/airflow/example_dags/example_params_ui_tutorial.py
[2024-12-04T17:22:21.247+0000] {processor.py:925} INFO - DAG(s) 'example_params_ui_tutorial' retrieved from /home/airflow/.local/lib/python3.12/site-packages/airflow/example_dags/example_params_ui_tutorial.py
[2024-12-04T17:22:21.271+0000] {logging_mixin.py:190} INFO - [2024-12-04T17:22:21.271+0000] {dag.py:3239} INFO - Sync 1 DAGs
[2024-12-04T17:22:21.279+0000] {logging_mixin.py:190} INFO - [2024-12-04T17:22:21.279+0000] {dag.py:4180} INFO - Setting next_dagrun for example_params_ui_tutorial to None, run_after=None
[2024-12-04T17:22:21.289+0000] {processor.py:208} INFO - Processing /home/airflow/.local/lib/python3.12/site-packages/airflow/example_dags/example_params_ui_tutorial.py took 0.057 seconds
[2024-12-04T17:23:12.931+0000] {processor.py:186} INFO - Started process (PID=1380) to work on /home/airflow/.local/lib/python3.12/site-packages/airflow/example_dags/example_params_ui_tutorial.py
[2024-12-04T17:23:12.932+0000] {processor.py:914} INFO - Processing file /home/airflow/.local/lib/python3.12/site-packages/airflow/example_dags/example_params_ui_tutorial.py for tasks to queue
[2024-12-04T17:23:12.937+0000] {logging_mixin.py:190} INFO - [2024-12-04T17:23:12.936+0000] {dagbag.py:588} INFO - Filling up the DagBag from /home/airflow/.local/lib/python3.12/site-packages/airflow/example_dags/example_params_ui_tutorial.py
[2024-12-04T17:23:12.959+0000] {processor.py:925} INFO - DAG(s) 'example_params_ui_tutorial' retrieved from /home/airflow/.local/lib/python3.12/site-packages/airflow/example_dags/example_params_ui_tutorial.py
[2024-12-04T17:23:13.210+0000] {logging_mixin.py:190} INFO - [2024-12-04T17:23:13.208+0000] {dag.py:3239} INFO - Sync 1 DAGs
[2024-12-04T17:23:13.283+0000] {logging_mixin.py:190} INFO - [2024-12-04T17:23:13.282+0000] {dag.py:4180} INFO - Setting next_dagrun for example_params_ui_tutorial to None, run_after=None
[2024-12-04T17:23:13.364+0000] {processor.py:208} INFO - Processing /home/airflow/.local/lib/python3.12/site-packages/airflow/example_dags/example_params_ui_tutorial.py took 0.463 seconds
[2024-12-04T17:23:44.601+0000] {processor.py:186} INFO - Started process (PID=1443) to work on /home/airflow/.local/lib/python3.12/site-packages/airflow/example_dags/example_params_ui_tutorial.py
[2024-12-04T17:23:44.603+0000] {processor.py:914} INFO - Processing file /home/airflow/.local/lib/python3.12/site-packages/airflow/example_dags/example_params_ui_tutorial.py for tasks to queue
[2024-12-04T17:23:44.606+0000] {logging_mixin.py:190} INFO - [2024-12-04T17:23:44.605+0000] {dagbag.py:588} INFO - Filling up the DagBag from /home/airflow/.local/lib/python3.12/site-packages/airflow/example_dags/example_params_ui_tutorial.py
[2024-12-04T17:23:44.617+0000] {processor.py:925} INFO - DAG(s) 'example_params_ui_tutorial' retrieved from /home/airflow/.local/lib/python3.12/site-packages/airflow/example_dags/example_params_ui_tutorial.py
[2024-12-04T17:23:44.661+0000] {logging_mixin.py:190} INFO - [2024-12-04T17:23:44.661+0000] {dag.py:3239} INFO - Sync 1 DAGs
[2024-12-04T17:23:44.674+0000] {logging_mixin.py:190} INFO - [2024-12-04T17:23:44.674+0000] {dag.py:4180} INFO - Setting next_dagrun for example_params_ui_tutorial to None, run_after=None
[2024-12-04T17:23:44.686+0000] {processor.py:208} INFO - Processing /home/airflow/.local/lib/python3.12/site-packages/airflow/example_dags/example_params_ui_tutorial.py took 0.110 seconds
[2024-12-04T17:24:17.026+0000] {processor.py:186} INFO - Started process (PID=1509) to work on /home/airflow/.local/lib/python3.12/site-packages/airflow/example_dags/example_params_ui_tutorial.py
[2024-12-04T17:24:17.028+0000] {processor.py:914} INFO - Processing file /home/airflow/.local/lib/python3.12/site-packages/airflow/example_dags/example_params_ui_tutorial.py for tasks to queue
[2024-12-04T17:24:17.032+0000] {logging_mixin.py:190} INFO - [2024-12-04T17:24:17.031+0000] {dagbag.py:588} INFO - Filling up the DagBag from /home/airflow/.local/lib/python3.12/site-packages/airflow/example_dags/example_params_ui_tutorial.py
[2024-12-04T17:24:17.056+0000] {processor.py:925} INFO - DAG(s) 'example_params_ui_tutorial' retrieved from /home/airflow/.local/lib/python3.12/site-packages/airflow/example_dags/example_params_ui_tutorial.py
[2024-12-04T17:24:17.141+0000] {logging_mixin.py:190} INFO - [2024-12-04T17:24:17.141+0000] {dag.py:3239} INFO - Sync 1 DAGs
[2024-12-04T17:24:17.161+0000] {logging_mixin.py:190} INFO - [2024-12-04T17:24:17.160+0000] {dag.py:4180} INFO - Setting next_dagrun for example_params_ui_tutorial to None, run_after=None
[2024-12-04T17:24:17.189+0000] {processor.py:208} INFO - Processing /home/airflow/.local/lib/python3.12/site-packages/airflow/example_dags/example_params_ui_tutorial.py took 0.174 seconds
[2024-12-04T17:24:47.835+0000] {processor.py:186} INFO - Started process (PID=1571) to work on /home/airflow/.local/lib/python3.12/site-packages/airflow/example_dags/example_params_ui_tutorial.py
[2024-12-04T17:24:47.838+0000] {processor.py:914} INFO - Processing file /home/airflow/.local/lib/python3.12/site-packages/airflow/example_dags/example_params_ui_tutorial.py for tasks to queue
[2024-12-04T17:24:47.840+0000] {logging_mixin.py:190} INFO - [2024-12-04T17:24:47.840+0000] {dagbag.py:588} INFO - Filling up the DagBag from /home/airflow/.local/lib/python3.12/site-packages/airflow/example_dags/example_params_ui_tutorial.py
[2024-12-04T17:24:47.845+0000] {processor.py:925} INFO - DAG(s) 'example_params_ui_tutorial' retrieved from /home/airflow/.local/lib/python3.12/site-packages/airflow/example_dags/example_params_ui_tutorial.py
[2024-12-04T17:24:47.870+0000] {logging_mixin.py:190} INFO - [2024-12-04T17:24:47.870+0000] {dag.py:3239} INFO - Sync 1 DAGs
[2024-12-04T17:24:47.882+0000] {logging_mixin.py:190} INFO - [2024-12-04T17:24:47.881+0000] {dag.py:4180} INFO - Setting next_dagrun for example_params_ui_tutorial to None, run_after=None
[2024-12-04T17:24:47.895+0000] {processor.py:208} INFO - Processing /home/airflow/.local/lib/python3.12/site-packages/airflow/example_dags/example_params_ui_tutorial.py took 0.063 seconds
[2024-12-04T17:25:19.243+0000] {processor.py:186} INFO - Started process (PID=1637) to work on /home/airflow/.local/lib/python3.12/site-packages/airflow/example_dags/example_params_ui_tutorial.py
[2024-12-04T17:25:19.244+0000] {processor.py:914} INFO - Processing file /home/airflow/.local/lib/python3.12/site-packages/airflow/example_dags/example_params_ui_tutorial.py for tasks to queue
[2024-12-04T17:25:19.245+0000] {logging_mixin.py:190} INFO - [2024-12-04T17:25:19.245+0000] {dagbag.py:588} INFO - Filling up the DagBag from /home/airflow/.local/lib/python3.12/site-packages/airflow/example_dags/example_params_ui_tutorial.py
[2024-12-04T17:25:19.251+0000] {processor.py:925} INFO - DAG(s) 'example_params_ui_tutorial' retrieved from /home/airflow/.local/lib/python3.12/site-packages/airflow/example_dags/example_params_ui_tutorial.py
[2024-12-04T17:25:19.280+0000] {logging_mixin.py:190} INFO - [2024-12-04T17:25:19.280+0000] {dag.py:3239} INFO - Sync 1 DAGs
[2024-12-04T17:25:19.293+0000] {logging_mixin.py:190} INFO - [2024-12-04T17:25:19.293+0000] {dag.py:4180} INFO - Setting next_dagrun for example_params_ui_tutorial to None, run_after=None
[2024-12-04T17:25:19.312+0000] {processor.py:208} INFO - Processing /home/airflow/.local/lib/python3.12/site-packages/airflow/example_dags/example_params_ui_tutorial.py took 0.072 seconds
[2024-12-04T17:25:49.523+0000] {processor.py:186} INFO - Started process (PID=1699) to work on /home/airflow/.local/lib/python3.12/site-packages/airflow/example_dags/example_params_ui_tutorial.py
[2024-12-04T17:25:49.524+0000] {processor.py:914} INFO - Processing file /home/airflow/.local/lib/python3.12/site-packages/airflow/example_dags/example_params_ui_tutorial.py for tasks to queue
[2024-12-04T17:25:49.526+0000] {logging_mixin.py:190} INFO - [2024-12-04T17:25:49.526+0000] {dagbag.py:588} INFO - Filling up the DagBag from /home/airflow/.local/lib/python3.12/site-packages/airflow/example_dags/example_params_ui_tutorial.py
[2024-12-04T17:25:49.530+0000] {processor.py:925} INFO - DAG(s) 'example_params_ui_tutorial' retrieved from /home/airflow/.local/lib/python3.12/site-packages/airflow/example_dags/example_params_ui_tutorial.py
[2024-12-04T17:25:49.556+0000] {logging_mixin.py:190} INFO - [2024-12-04T17:25:49.556+0000] {dag.py:3239} INFO - Sync 1 DAGs
[2024-12-04T17:25:49.566+0000] {logging_mixin.py:190} INFO - [2024-12-04T17:25:49.566+0000] {dag.py:4180} INFO - Setting next_dagrun for example_params_ui_tutorial to None, run_after=None
[2024-12-04T17:25:49.580+0000] {processor.py:208} INFO - Processing /home/airflow/.local/lib/python3.12/site-packages/airflow/example_dags/example_params_ui_tutorial.py took 0.060 seconds
[2024-12-04T17:26:22.165+0000] {processor.py:186} INFO - Started process (PID=1766) to work on /home/airflow/.local/lib/python3.12/site-packages/airflow/example_dags/example_params_ui_tutorial.py
[2024-12-04T17:26:22.169+0000] {processor.py:914} INFO - Processing file /home/airflow/.local/lib/python3.12/site-packages/airflow/example_dags/example_params_ui_tutorial.py for tasks to queue
[2024-12-04T17:26:22.178+0000] {logging_mixin.py:190} INFO - [2024-12-04T17:26:22.178+0000] {dagbag.py:588} INFO - Filling up the DagBag from /home/airflow/.local/lib/python3.12/site-packages/airflow/example_dags/example_params_ui_tutorial.py
[2024-12-04T17:26:22.209+0000] {processor.py:925} INFO - DAG(s) 'example_params_ui_tutorial' retrieved from /home/airflow/.local/lib/python3.12/site-packages/airflow/example_dags/example_params_ui_tutorial.py
[2024-12-04T17:26:22.290+0000] {logging_mixin.py:190} INFO - [2024-12-04T17:26:22.290+0000] {dag.py:3239} INFO - Sync 1 DAGs
[2024-12-04T17:26:22.351+0000] {logging_mixin.py:190} INFO - [2024-12-04T17:26:22.351+0000] {dag.py:4180} INFO - Setting next_dagrun for example_params_ui_tutorial to None, run_after=None
[2024-12-04T17:26:22.398+0000] {processor.py:208} INFO - Processing /home/airflow/.local/lib/python3.12/site-packages/airflow/example_dags/example_params_ui_tutorial.py took 0.267 seconds
[2024-12-04T17:26:52.824+0000] {processor.py:186} INFO - Started process (PID=1827) to work on /home/airflow/.local/lib/python3.12/site-packages/airflow/example_dags/example_params_ui_tutorial.py
[2024-12-04T17:26:52.827+0000] {processor.py:914} INFO - Processing file /home/airflow/.local/lib/python3.12/site-packages/airflow/example_dags/example_params_ui_tutorial.py for tasks to queue
[2024-12-04T17:26:52.833+0000] {logging_mixin.py:190} INFO - [2024-12-04T17:26:52.831+0000] {dagbag.py:588} INFO - Filling up the DagBag from /home/airflow/.local/lib/python3.12/site-packages/airflow/example_dags/example_params_ui_tutorial.py
[2024-12-04T17:26:52.906+0000] {processor.py:925} INFO - DAG(s) 'example_params_ui_tutorial' retrieved from /home/airflow/.local/lib/python3.12/site-packages/airflow/example_dags/example_params_ui_tutorial.py
[2024-12-04T17:26:53.062+0000] {logging_mixin.py:190} INFO - [2024-12-04T17:26:53.060+0000] {dag.py:3239} INFO - Sync 1 DAGs
[2024-12-04T17:26:53.113+0000] {logging_mixin.py:190} INFO - [2024-12-04T17:26:53.112+0000] {dag.py:4180} INFO - Setting next_dagrun for example_params_ui_tutorial to None, run_after=None
[2024-12-04T17:26:53.150+0000] {processor.py:208} INFO - Processing /home/airflow/.local/lib/python3.12/site-packages/airflow/example_dags/example_params_ui_tutorial.py took 0.339 seconds
[2024-12-04T17:27:24.105+0000] {processor.py:186} INFO - Started process (PID=1889) to work on /home/airflow/.local/lib/python3.12/site-packages/airflow/example_dags/example_params_ui_tutorial.py
[2024-12-04T17:27:24.115+0000] {processor.py:914} INFO - Processing file /home/airflow/.local/lib/python3.12/site-packages/airflow/example_dags/example_params_ui_tutorial.py for tasks to queue
[2024-12-04T17:27:24.123+0000] {logging_mixin.py:190} INFO - [2024-12-04T17:27:24.123+0000] {dagbag.py:588} INFO - Filling up the DagBag from /home/airflow/.local/lib/python3.12/site-packages/airflow/example_dags/example_params_ui_tutorial.py
[2024-12-04T17:27:24.162+0000] {processor.py:925} INFO - DAG(s) 'example_params_ui_tutorial' retrieved from /home/airflow/.local/lib/python3.12/site-packages/airflow/example_dags/example_params_ui_tutorial.py
[2024-12-04T17:27:24.257+0000] {logging_mixin.py:190} INFO - [2024-12-04T17:27:24.257+0000] {dag.py:3239} INFO - Sync 1 DAGs
[2024-12-04T17:27:24.289+0000] {logging_mixin.py:190} INFO - [2024-12-04T17:27:24.288+0000] {dag.py:4180} INFO - Setting next_dagrun for example_params_ui_tutorial to None, run_after=None
[2024-12-04T17:27:24.316+0000] {processor.py:208} INFO - Processing /home/airflow/.local/lib/python3.12/site-packages/airflow/example_dags/example_params_ui_tutorial.py took 0.244 seconds
[2024-12-04T17:27:55.545+0000] {processor.py:186} INFO - Started process (PID=1953) to work on /home/airflow/.local/lib/python3.12/site-packages/airflow/example_dags/example_params_ui_tutorial.py
[2024-12-04T17:27:55.549+0000] {processor.py:914} INFO - Processing file /home/airflow/.local/lib/python3.12/site-packages/airflow/example_dags/example_params_ui_tutorial.py for tasks to queue
[2024-12-04T17:27:55.558+0000] {logging_mixin.py:190} INFO - [2024-12-04T17:27:55.558+0000] {dagbag.py:588} INFO - Filling up the DagBag from /home/airflow/.local/lib/python3.12/site-packages/airflow/example_dags/example_params_ui_tutorial.py
[2024-12-04T17:27:55.590+0000] {processor.py:925} INFO - DAG(s) 'example_params_ui_tutorial' retrieved from /home/airflow/.local/lib/python3.12/site-packages/airflow/example_dags/example_params_ui_tutorial.py
[2024-12-04T17:27:55.726+0000] {logging_mixin.py:190} INFO - [2024-12-04T17:27:55.725+0000] {dag.py:3239} INFO - Sync 1 DAGs
[2024-12-04T17:27:55.771+0000] {logging_mixin.py:190} INFO - [2024-12-04T17:27:55.770+0000] {dag.py:4180} INFO - Setting next_dagrun for example_params_ui_tutorial to None, run_after=None
[2024-12-04T17:27:55.823+0000] {processor.py:208} INFO - Processing /home/airflow/.local/lib/python3.12/site-packages/airflow/example_dags/example_params_ui_tutorial.py took 0.287 seconds
[2024-12-04T17:28:26.538+0000] {processor.py:186} INFO - Started process (PID=2016) to work on /home/airflow/.local/lib/python3.12/site-packages/airflow/example_dags/example_params_ui_tutorial.py
[2024-12-04T17:28:26.540+0000] {processor.py:914} INFO - Processing file /home/airflow/.local/lib/python3.12/site-packages/airflow/example_dags/example_params_ui_tutorial.py for tasks to queue
[2024-12-04T17:28:26.544+0000] {logging_mixin.py:190} INFO - [2024-12-04T17:28:26.544+0000] {dagbag.py:588} INFO - Filling up the DagBag from /home/airflow/.local/lib/python3.12/site-packages/airflow/example_dags/example_params_ui_tutorial.py
[2024-12-04T17:28:26.570+0000] {processor.py:925} INFO - DAG(s) 'example_params_ui_tutorial' retrieved from /home/airflow/.local/lib/python3.12/site-packages/airflow/example_dags/example_params_ui_tutorial.py
[2024-12-04T17:28:26.643+0000] {logging_mixin.py:190} INFO - [2024-12-04T17:28:26.643+0000] {dag.py:3239} INFO - Sync 1 DAGs
[2024-12-04T17:28:26.666+0000] {logging_mixin.py:190} INFO - [2024-12-04T17:28:26.666+0000] {dag.py:4180} INFO - Setting next_dagrun for example_params_ui_tutorial to None, run_after=None
[2024-12-04T17:28:26.695+0000] {processor.py:208} INFO - Processing /home/airflow/.local/lib/python3.12/site-packages/airflow/example_dags/example_params_ui_tutorial.py took 0.177 seconds
[2024-12-04T17:28:58.828+0000] {processor.py:186} INFO - Started process (PID=2085) to work on /home/airflow/.local/lib/python3.12/site-packages/airflow/example_dags/example_params_ui_tutorial.py
[2024-12-04T17:28:58.831+0000] {processor.py:914} INFO - Processing file /home/airflow/.local/lib/python3.12/site-packages/airflow/example_dags/example_params_ui_tutorial.py for tasks to queue
[2024-12-04T17:28:58.839+0000] {logging_mixin.py:190} INFO - [2024-12-04T17:28:58.838+0000] {dagbag.py:588} INFO - Filling up the DagBag from /home/airflow/.local/lib/python3.12/site-packages/airflow/example_dags/example_params_ui_tutorial.py
[2024-12-04T17:28:58.866+0000] {processor.py:925} INFO - DAG(s) 'example_params_ui_tutorial' retrieved from /home/airflow/.local/lib/python3.12/site-packages/airflow/example_dags/example_params_ui_tutorial.py
[2024-12-04T17:28:58.979+0000] {logging_mixin.py:190} INFO - [2024-12-04T17:28:58.976+0000] {dag.py:3239} INFO - Sync 1 DAGs
[2024-12-04T17:28:59.065+0000] {logging_mixin.py:190} INFO - [2024-12-04T17:28:59.064+0000] {dag.py:4180} INFO - Setting next_dagrun for example_params_ui_tutorial to None, run_after=None
[2024-12-04T17:28:59.100+0000] {processor.py:208} INFO - Processing /home/airflow/.local/lib/python3.12/site-packages/airflow/example_dags/example_params_ui_tutorial.py took 0.286 seconds
[2024-12-04T17:29:29.463+0000] {processor.py:186} INFO - Started process (PID=2147) to work on /home/airflow/.local/lib/python3.12/site-packages/airflow/example_dags/example_params_ui_tutorial.py
[2024-12-04T17:29:29.464+0000] {processor.py:914} INFO - Processing file /home/airflow/.local/lib/python3.12/site-packages/airflow/example_dags/example_params_ui_tutorial.py for tasks to queue
[2024-12-04T17:29:29.466+0000] {logging_mixin.py:190} INFO - [2024-12-04T17:29:29.466+0000] {dagbag.py:588} INFO - Filling up the DagBag from /home/airflow/.local/lib/python3.12/site-packages/airflow/example_dags/example_params_ui_tutorial.py
[2024-12-04T17:29:29.477+0000] {processor.py:925} INFO - DAG(s) 'example_params_ui_tutorial' retrieved from /home/airflow/.local/lib/python3.12/site-packages/airflow/example_dags/example_params_ui_tutorial.py
[2024-12-04T17:29:29.546+0000] {logging_mixin.py:190} INFO - [2024-12-04T17:29:29.546+0000] {dag.py:3239} INFO - Sync 1 DAGs
[2024-12-04T17:29:29.563+0000] {logging_mixin.py:190} INFO - [2024-12-04T17:29:29.563+0000] {dag.py:4180} INFO - Setting next_dagrun for example_params_ui_tutorial to None, run_after=None
[2024-12-04T17:29:29.587+0000] {processor.py:208} INFO - Processing /home/airflow/.local/lib/python3.12/site-packages/airflow/example_dags/example_params_ui_tutorial.py took 0.130 seconds
[2024-12-04T17:30:00.172+0000] {processor.py:186} INFO - Started process (PID=2210) to work on /home/airflow/.local/lib/python3.12/site-packages/airflow/example_dags/example_params_ui_tutorial.py
[2024-12-04T17:30:00.173+0000] {processor.py:914} INFO - Processing file /home/airflow/.local/lib/python3.12/site-packages/airflow/example_dags/example_params_ui_tutorial.py for tasks to queue
[2024-12-04T17:30:00.174+0000] {logging_mixin.py:190} INFO - [2024-12-04T17:30:00.174+0000] {dagbag.py:588} INFO - Filling up the DagBag from /home/airflow/.local/lib/python3.12/site-packages/airflow/example_dags/example_params_ui_tutorial.py
[2024-12-04T17:30:00.179+0000] {processor.py:925} INFO - DAG(s) 'example_params_ui_tutorial' retrieved from /home/airflow/.local/lib/python3.12/site-packages/airflow/example_dags/example_params_ui_tutorial.py
[2024-12-04T17:30:00.199+0000] {logging_mixin.py:190} INFO - [2024-12-04T17:30:00.199+0000] {dag.py:3239} INFO - Sync 1 DAGs
[2024-12-04T17:30:00.206+0000] {logging_mixin.py:190} INFO - [2024-12-04T17:30:00.206+0000] {dag.py:4180} INFO - Setting next_dagrun for example_params_ui_tutorial to None, run_after=None
[2024-12-04T17:30:00.215+0000] {processor.py:208} INFO - Processing /home/airflow/.local/lib/python3.12/site-packages/airflow/example_dags/example_params_ui_tutorial.py took 0.046 seconds
[2024-12-04T17:30:30.348+0000] {processor.py:186} INFO - Started process (PID=2273) to work on /home/airflow/.local/lib/python3.12/site-packages/airflow/example_dags/example_params_ui_tutorial.py
[2024-12-04T17:30:30.348+0000] {processor.py:914} INFO - Processing file /home/airflow/.local/lib/python3.12/site-packages/airflow/example_dags/example_params_ui_tutorial.py for tasks to queue
[2024-12-04T17:30:30.350+0000] {logging_mixin.py:190} INFO - [2024-12-04T17:30:30.350+0000] {dagbag.py:588} INFO - Filling up the DagBag from /home/airflow/.local/lib/python3.12/site-packages/airflow/example_dags/example_params_ui_tutorial.py
[2024-12-04T17:30:30.359+0000] {processor.py:925} INFO - DAG(s) 'example_params_ui_tutorial' retrieved from /home/airflow/.local/lib/python3.12/site-packages/airflow/example_dags/example_params_ui_tutorial.py
[2024-12-04T17:30:30.386+0000] {logging_mixin.py:190} INFO - [2024-12-04T17:30:30.385+0000] {dag.py:3239} INFO - Sync 1 DAGs
[2024-12-04T17:30:30.393+0000] {logging_mixin.py:190} INFO - [2024-12-04T17:30:30.393+0000] {dag.py:4180} INFO - Setting next_dagrun for example_params_ui_tutorial to None, run_after=None
[2024-12-04T17:30:30.403+0000] {processor.py:208} INFO - Processing /home/airflow/.local/lib/python3.12/site-packages/airflow/example_dags/example_params_ui_tutorial.py took 0.061 seconds
[2024-12-04T17:31:00.775+0000] {processor.py:186} INFO - Started process (PID=2336) to work on /home/airflow/.local/lib/python3.12/site-packages/airflow/example_dags/example_params_ui_tutorial.py
[2024-12-04T17:31:00.775+0000] {processor.py:914} INFO - Processing file /home/airflow/.local/lib/python3.12/site-packages/airflow/example_dags/example_params_ui_tutorial.py for tasks to queue
[2024-12-04T17:31:00.777+0000] {logging_mixin.py:190} INFO - [2024-12-04T17:31:00.776+0000] {dagbag.py:588} INFO - Filling up the DagBag from /home/airflow/.local/lib/python3.12/site-packages/airflow/example_dags/example_params_ui_tutorial.py
[2024-12-04T17:31:00.782+0000] {processor.py:925} INFO - DAG(s) 'example_params_ui_tutorial' retrieved from /home/airflow/.local/lib/python3.12/site-packages/airflow/example_dags/example_params_ui_tutorial.py
[2024-12-04T17:31:00.804+0000] {logging_mixin.py:190} INFO - [2024-12-04T17:31:00.804+0000] {dag.py:3239} INFO - Sync 1 DAGs
[2024-12-04T17:31:00.812+0000] {logging_mixin.py:190} INFO - [2024-12-04T17:31:00.812+0000] {dag.py:4180} INFO - Setting next_dagrun for example_params_ui_tutorial to None, run_after=None
[2024-12-04T17:31:00.820+0000] {processor.py:208} INFO - Processing /home/airflow/.local/lib/python3.12/site-packages/airflow/example_dags/example_params_ui_tutorial.py took 0.049 seconds
[2024-12-04T17:31:31.559+0000] {processor.py:186} INFO - Started process (PID=2399) to work on /home/airflow/.local/lib/python3.12/site-packages/airflow/example_dags/example_params_ui_tutorial.py
[2024-12-04T17:31:31.560+0000] {processor.py:914} INFO - Processing file /home/airflow/.local/lib/python3.12/site-packages/airflow/example_dags/example_params_ui_tutorial.py for tasks to queue
[2024-12-04T17:31:31.561+0000] {logging_mixin.py:190} INFO - [2024-12-04T17:31:31.561+0000] {dagbag.py:588} INFO - Filling up the DagBag from /home/airflow/.local/lib/python3.12/site-packages/airflow/example_dags/example_params_ui_tutorial.py
[2024-12-04T17:31:31.567+0000] {processor.py:925} INFO - DAG(s) 'example_params_ui_tutorial' retrieved from /home/airflow/.local/lib/python3.12/site-packages/airflow/example_dags/example_params_ui_tutorial.py
[2024-12-04T17:31:31.597+0000] {logging_mixin.py:190} INFO - [2024-12-04T17:31:31.597+0000] {dag.py:3239} INFO - Sync 1 DAGs
[2024-12-04T17:31:31.605+0000] {logging_mixin.py:190} INFO - [2024-12-04T17:31:31.605+0000] {dag.py:4180} INFO - Setting next_dagrun for example_params_ui_tutorial to None, run_after=None
[2024-12-04T17:31:31.615+0000] {processor.py:208} INFO - Processing /home/airflow/.local/lib/python3.12/site-packages/airflow/example_dags/example_params_ui_tutorial.py took 0.061 seconds
[2024-12-04T17:32:01.730+0000] {processor.py:186} INFO - Started process (PID=2462) to work on /home/airflow/.local/lib/python3.12/site-packages/airflow/example_dags/example_params_ui_tutorial.py
[2024-12-04T17:32:01.731+0000] {processor.py:914} INFO - Processing file /home/airflow/.local/lib/python3.12/site-packages/airflow/example_dags/example_params_ui_tutorial.py for tasks to queue
[2024-12-04T17:32:01.733+0000] {logging_mixin.py:190} INFO - [2024-12-04T17:32:01.733+0000] {dagbag.py:588} INFO - Filling up the DagBag from /home/airflow/.local/lib/python3.12/site-packages/airflow/example_dags/example_params_ui_tutorial.py
[2024-12-04T17:32:01.742+0000] {processor.py:925} INFO - DAG(s) 'example_params_ui_tutorial' retrieved from /home/airflow/.local/lib/python3.12/site-packages/airflow/example_dags/example_params_ui_tutorial.py
[2024-12-04T17:32:01.769+0000] {logging_mixin.py:190} INFO - [2024-12-04T17:32:01.769+0000] {dag.py:3239} INFO - Sync 1 DAGs
[2024-12-04T17:32:01.781+0000] {logging_mixin.py:190} INFO - [2024-12-04T17:32:01.781+0000] {dag.py:4180} INFO - Setting next_dagrun for example_params_ui_tutorial to None, run_after=None
[2024-12-04T17:32:01.790+0000] {processor.py:208} INFO - Processing /home/airflow/.local/lib/python3.12/site-packages/airflow/example_dags/example_params_ui_tutorial.py took 0.065 seconds
[2024-12-04T17:32:32.280+0000] {processor.py:186} INFO - Started process (PID=2525) to work on /home/airflow/.local/lib/python3.12/site-packages/airflow/example_dags/example_params_ui_tutorial.py
[2024-12-04T17:32:32.281+0000] {processor.py:914} INFO - Processing file /home/airflow/.local/lib/python3.12/site-packages/airflow/example_dags/example_params_ui_tutorial.py for tasks to queue
[2024-12-04T17:32:32.282+0000] {logging_mixin.py:190} INFO - [2024-12-04T17:32:32.282+0000] {dagbag.py:588} INFO - Filling up the DagBag from /home/airflow/.local/lib/python3.12/site-packages/airflow/example_dags/example_params_ui_tutorial.py
[2024-12-04T17:32:32.288+0000] {processor.py:925} INFO - DAG(s) 'example_params_ui_tutorial' retrieved from /home/airflow/.local/lib/python3.12/site-packages/airflow/example_dags/example_params_ui_tutorial.py
[2024-12-04T17:32:32.309+0000] {logging_mixin.py:190} INFO - [2024-12-04T17:32:32.309+0000] {dag.py:3239} INFO - Sync 1 DAGs
[2024-12-04T17:32:32.316+0000] {logging_mixin.py:190} INFO - [2024-12-04T17:32:32.316+0000] {dag.py:4180} INFO - Setting next_dagrun for example_params_ui_tutorial to None, run_after=None
[2024-12-04T17:32:32.324+0000] {processor.py:208} INFO - Processing /home/airflow/.local/lib/python3.12/site-packages/airflow/example_dags/example_params_ui_tutorial.py took 0.049 seconds
