[2024-12-04T17:12:19.392+0000] {processor.py:186} INFO - Started process (PID=74) to work on /home/airflow/.local/lib/python3.12/site-packages/airflow/example_dags/example_time_delta_sensor_async.py
[2024-12-04T17:12:19.394+0000] {processor.py:914} INFO - Processing file /home/airflow/.local/lib/python3.12/site-packages/airflow/example_dags/example_time_delta_sensor_async.py for tasks to queue
[2024-12-04T17:12:19.398+0000] {logging_mixin.py:190} INFO - [2024-12-04T17:12:19.398+0000] {dagbag.py:588} INFO - Filling up the DagBag from /home/airflow/.local/lib/python3.12/site-packages/airflow/example_dags/example_time_delta_sensor_async.py
[2024-12-04T17:12:19.403+0000] {processor.py:925} INFO - DAG(s) 'example_time_delta_sensor_async' retrieved from /home/airflow/.local/lib/python3.12/site-packages/airflow/example_dags/example_time_delta_sensor_async.py
[2024-12-04T17:12:19.467+0000] {logging_mixin.py:190} INFO - [2024-12-04T17:12:19.467+0000] {override.py:1911} INFO - Created Permission View: can read on DAG:example_time_delta_sensor_async
[2024-12-04T17:12:19.474+0000] {logging_mixin.py:190} INFO - [2024-12-04T17:12:19.474+0000] {override.py:1911} INFO - Created Permission View: can delete on DAG:example_time_delta_sensor_async
[2024-12-04T17:12:19.481+0000] {logging_mixin.py:190} INFO - [2024-12-04T17:12:19.481+0000] {override.py:1911} INFO - Created Permission View: can edit on DAG:example_time_delta_sensor_async
[2024-12-04T17:12:19.485+0000] {logging_mixin.py:190} INFO - [2024-12-04T17:12:19.485+0000] {override.py:1911} INFO - Created Permission View: menu access on DAG Run:example_time_delta_sensor_async
[2024-12-04T17:12:19.493+0000] {logging_mixin.py:190} INFO - [2024-12-04T17:12:19.493+0000] {override.py:1911} INFO - Created Permission View: can delete on DAG Run:example_time_delta_sensor_async
[2024-12-04T17:12:19.498+0000] {logging_mixin.py:190} INFO - [2024-12-04T17:12:19.498+0000] {override.py:1911} INFO - Created Permission View: can read on DAG Run:example_time_delta_sensor_async
[2024-12-04T17:12:19.505+0000] {logging_mixin.py:190} INFO - [2024-12-04T17:12:19.505+0000] {override.py:1911} INFO - Created Permission View: can create on DAG Run:example_time_delta_sensor_async
[2024-12-04T17:12:19.507+0000] {logging_mixin.py:190} INFO - [2024-12-04T17:12:19.507+0000] {dag.py:3239} INFO - Sync 1 DAGs
[2024-12-04T17:12:19.513+0000] {logging_mixin.py:190} INFO - [2024-12-04T17:12:19.513+0000] {dag.py:3262} INFO - Creating ORM DAG for example_time_delta_sensor_async
[2024-12-04T17:12:19.514+0000] {logging_mixin.py:190} INFO - [2024-12-04T17:12:19.514+0000] {dag.py:4180} INFO - Setting next_dagrun for example_time_delta_sensor_async to None, run_after=None
[2024-12-04T17:12:19.521+0000] {processor.py:208} INFO - Processing /home/airflow/.local/lib/python3.12/site-packages/airflow/example_dags/example_time_delta_sensor_async.py took 0.133 seconds
[2024-12-04T17:12:50.389+0000] {processor.py:186} INFO - Started process (PID=136) to work on /home/airflow/.local/lib/python3.12/site-packages/airflow/example_dags/example_time_delta_sensor_async.py
[2024-12-04T17:12:50.389+0000] {processor.py:914} INFO - Processing file /home/airflow/.local/lib/python3.12/site-packages/airflow/example_dags/example_time_delta_sensor_async.py for tasks to queue
[2024-12-04T17:12:50.391+0000] {logging_mixin.py:190} INFO - [2024-12-04T17:12:50.391+0000] {dagbag.py:588} INFO - Filling up the DagBag from /home/airflow/.local/lib/python3.12/site-packages/airflow/example_dags/example_time_delta_sensor_async.py
[2024-12-04T17:12:50.395+0000] {processor.py:925} INFO - DAG(s) 'example_time_delta_sensor_async' retrieved from /home/airflow/.local/lib/python3.12/site-packages/airflow/example_dags/example_time_delta_sensor_async.py
[2024-12-04T17:12:50.408+0000] {logging_mixin.py:190} INFO - [2024-12-04T17:12:50.408+0000] {dag.py:3239} INFO - Sync 1 DAGs
[2024-12-04T17:12:50.415+0000] {logging_mixin.py:190} INFO - [2024-12-04T17:12:50.415+0000] {dag.py:4180} INFO - Setting next_dagrun for example_time_delta_sensor_async to None, run_after=None
[2024-12-04T17:12:50.427+0000] {processor.py:208} INFO - Processing /home/airflow/.local/lib/python3.12/site-packages/airflow/example_dags/example_time_delta_sensor_async.py took 0.041 seconds
[2024-12-04T17:13:20.480+0000] {processor.py:186} INFO - Started process (PID=199) to work on /home/airflow/.local/lib/python3.12/site-packages/airflow/example_dags/example_time_delta_sensor_async.py
[2024-12-04T17:13:20.481+0000] {processor.py:914} INFO - Processing file /home/airflow/.local/lib/python3.12/site-packages/airflow/example_dags/example_time_delta_sensor_async.py for tasks to queue
[2024-12-04T17:13:20.483+0000] {logging_mixin.py:190} INFO - [2024-12-04T17:13:20.483+0000] {dagbag.py:588} INFO - Filling up the DagBag from /home/airflow/.local/lib/python3.12/site-packages/airflow/example_dags/example_time_delta_sensor_async.py
[2024-12-04T17:13:20.488+0000] {processor.py:925} INFO - DAG(s) 'example_time_delta_sensor_async' retrieved from /home/airflow/.local/lib/python3.12/site-packages/airflow/example_dags/example_time_delta_sensor_async.py
[2024-12-04T17:13:20.502+0000] {logging_mixin.py:190} INFO - [2024-12-04T17:13:20.502+0000] {dag.py:3239} INFO - Sync 1 DAGs
[2024-12-04T17:13:20.510+0000] {logging_mixin.py:190} INFO - [2024-12-04T17:13:20.510+0000] {dag.py:4180} INFO - Setting next_dagrun for example_time_delta_sensor_async to None, run_after=None
[2024-12-04T17:13:20.517+0000] {processor.py:208} INFO - Processing /home/airflow/.local/lib/python3.12/site-packages/airflow/example_dags/example_time_delta_sensor_async.py took 0.041 seconds
[2024-12-04T17:13:50.940+0000] {processor.py:186} INFO - Started process (PID=262) to work on /home/airflow/.local/lib/python3.12/site-packages/airflow/example_dags/example_time_delta_sensor_async.py
[2024-12-04T17:13:50.942+0000] {processor.py:914} INFO - Processing file /home/airflow/.local/lib/python3.12/site-packages/airflow/example_dags/example_time_delta_sensor_async.py for tasks to queue
[2024-12-04T17:13:50.944+0000] {logging_mixin.py:190} INFO - [2024-12-04T17:13:50.944+0000] {dagbag.py:588} INFO - Filling up the DagBag from /home/airflow/.local/lib/python3.12/site-packages/airflow/example_dags/example_time_delta_sensor_async.py
[2024-12-04T17:13:50.947+0000] {processor.py:925} INFO - DAG(s) 'example_time_delta_sensor_async' retrieved from /home/airflow/.local/lib/python3.12/site-packages/airflow/example_dags/example_time_delta_sensor_async.py
[2024-12-04T17:13:50.960+0000] {logging_mixin.py:190} INFO - [2024-12-04T17:13:50.960+0000] {dag.py:3239} INFO - Sync 1 DAGs
[2024-12-04T17:13:50.970+0000] {logging_mixin.py:190} INFO - [2024-12-04T17:13:50.969+0000] {dag.py:4180} INFO - Setting next_dagrun for example_time_delta_sensor_async to None, run_after=None
[2024-12-04T17:13:50.978+0000] {processor.py:208} INFO - Processing /home/airflow/.local/lib/python3.12/site-packages/airflow/example_dags/example_time_delta_sensor_async.py took 0.042 seconds
[2024-12-04T17:14:21.441+0000] {processor.py:186} INFO - Started process (PID=325) to work on /home/airflow/.local/lib/python3.12/site-packages/airflow/example_dags/example_time_delta_sensor_async.py
[2024-12-04T17:14:21.442+0000] {processor.py:914} INFO - Processing file /home/airflow/.local/lib/python3.12/site-packages/airflow/example_dags/example_time_delta_sensor_async.py for tasks to queue
[2024-12-04T17:14:21.444+0000] {logging_mixin.py:190} INFO - [2024-12-04T17:14:21.444+0000] {dagbag.py:588} INFO - Filling up the DagBag from /home/airflow/.local/lib/python3.12/site-packages/airflow/example_dags/example_time_delta_sensor_async.py
[2024-12-04T17:14:21.449+0000] {processor.py:925} INFO - DAG(s) 'example_time_delta_sensor_async' retrieved from /home/airflow/.local/lib/python3.12/site-packages/airflow/example_dags/example_time_delta_sensor_async.py
[2024-12-04T17:14:21.471+0000] {logging_mixin.py:190} INFO - [2024-12-04T17:14:21.471+0000] {dag.py:3239} INFO - Sync 1 DAGs
[2024-12-04T17:14:21.480+0000] {logging_mixin.py:190} INFO - [2024-12-04T17:14:21.480+0000] {dag.py:4180} INFO - Setting next_dagrun for example_time_delta_sensor_async to None, run_after=None
[2024-12-04T17:14:21.494+0000] {processor.py:208} INFO - Processing /home/airflow/.local/lib/python3.12/site-packages/airflow/example_dags/example_time_delta_sensor_async.py took 0.060 seconds
[2024-12-04T17:14:51.905+0000] {processor.py:186} INFO - Started process (PID=388) to work on /home/airflow/.local/lib/python3.12/site-packages/airflow/example_dags/example_time_delta_sensor_async.py
[2024-12-04T17:14:51.906+0000] {processor.py:914} INFO - Processing file /home/airflow/.local/lib/python3.12/site-packages/airflow/example_dags/example_time_delta_sensor_async.py for tasks to queue
[2024-12-04T17:14:51.909+0000] {logging_mixin.py:190} INFO - [2024-12-04T17:14:51.908+0000] {dagbag.py:588} INFO - Filling up the DagBag from /home/airflow/.local/lib/python3.12/site-packages/airflow/example_dags/example_time_delta_sensor_async.py
[2024-12-04T17:14:51.913+0000] {processor.py:925} INFO - DAG(s) 'example_time_delta_sensor_async' retrieved from /home/airflow/.local/lib/python3.12/site-packages/airflow/example_dags/example_time_delta_sensor_async.py
[2024-12-04T17:14:51.926+0000] {logging_mixin.py:190} INFO - [2024-12-04T17:14:51.926+0000] {dag.py:3239} INFO - Sync 1 DAGs
[2024-12-04T17:14:51.940+0000] {logging_mixin.py:190} INFO - [2024-12-04T17:14:51.939+0000] {dag.py:4180} INFO - Setting next_dagrun for example_time_delta_sensor_async to None, run_after=None
[2024-12-04T17:14:51.950+0000] {processor.py:208} INFO - Processing /home/airflow/.local/lib/python3.12/site-packages/airflow/example_dags/example_time_delta_sensor_async.py took 0.050 seconds
[2024-12-04T17:15:22.715+0000] {processor.py:186} INFO - Started process (PID=451) to work on /home/airflow/.local/lib/python3.12/site-packages/airflow/example_dags/example_time_delta_sensor_async.py
[2024-12-04T17:15:22.716+0000] {processor.py:914} INFO - Processing file /home/airflow/.local/lib/python3.12/site-packages/airflow/example_dags/example_time_delta_sensor_async.py for tasks to queue
[2024-12-04T17:15:22.717+0000] {logging_mixin.py:190} INFO - [2024-12-04T17:15:22.717+0000] {dagbag.py:588} INFO - Filling up the DagBag from /home/airflow/.local/lib/python3.12/site-packages/airflow/example_dags/example_time_delta_sensor_async.py
[2024-12-04T17:15:22.721+0000] {processor.py:925} INFO - DAG(s) 'example_time_delta_sensor_async' retrieved from /home/airflow/.local/lib/python3.12/site-packages/airflow/example_dags/example_time_delta_sensor_async.py
[2024-12-04T17:15:22.732+0000] {logging_mixin.py:190} INFO - [2024-12-04T17:15:22.732+0000] {dag.py:3239} INFO - Sync 1 DAGs
[2024-12-04T17:15:22.742+0000] {logging_mixin.py:190} INFO - [2024-12-04T17:15:22.741+0000] {dag.py:4180} INFO - Setting next_dagrun for example_time_delta_sensor_async to None, run_after=None
[2024-12-04T17:15:22.750+0000] {processor.py:208} INFO - Processing /home/airflow/.local/lib/python3.12/site-packages/airflow/example_dags/example_time_delta_sensor_async.py took 0.040 seconds
[2024-12-04T17:15:53.349+0000] {processor.py:186} INFO - Started process (PID=520) to work on /home/airflow/.local/lib/python3.12/site-packages/airflow/example_dags/example_time_delta_sensor_async.py
[2024-12-04T17:15:53.351+0000] {processor.py:914} INFO - Processing file /home/airflow/.local/lib/python3.12/site-packages/airflow/example_dags/example_time_delta_sensor_async.py for tasks to queue
[2024-12-04T17:15:53.353+0000] {logging_mixin.py:190} INFO - [2024-12-04T17:15:53.353+0000] {dagbag.py:588} INFO - Filling up the DagBag from /home/airflow/.local/lib/python3.12/site-packages/airflow/example_dags/example_time_delta_sensor_async.py
[2024-12-04T17:15:53.357+0000] {processor.py:925} INFO - DAG(s) 'example_time_delta_sensor_async' retrieved from /home/airflow/.local/lib/python3.12/site-packages/airflow/example_dags/example_time_delta_sensor_async.py
[2024-12-04T17:15:53.368+0000] {logging_mixin.py:190} INFO - [2024-12-04T17:15:53.368+0000] {dag.py:3239} INFO - Sync 1 DAGs
[2024-12-04T17:15:53.375+0000] {logging_mixin.py:190} INFO - [2024-12-04T17:15:53.375+0000] {dag.py:4180} INFO - Setting next_dagrun for example_time_delta_sensor_async to None, run_after=None
[2024-12-04T17:15:53.384+0000] {processor.py:208} INFO - Processing /home/airflow/.local/lib/python3.12/site-packages/airflow/example_dags/example_time_delta_sensor_async.py took 0.038 seconds
[2024-12-04T17:16:23.715+0000] {processor.py:186} INFO - Started process (PID=583) to work on /home/airflow/.local/lib/python3.12/site-packages/airflow/example_dags/example_time_delta_sensor_async.py
[2024-12-04T17:16:23.716+0000] {processor.py:914} INFO - Processing file /home/airflow/.local/lib/python3.12/site-packages/airflow/example_dags/example_time_delta_sensor_async.py for tasks to queue
[2024-12-04T17:16:23.718+0000] {logging_mixin.py:190} INFO - [2024-12-04T17:16:23.718+0000] {dagbag.py:588} INFO - Filling up the DagBag from /home/airflow/.local/lib/python3.12/site-packages/airflow/example_dags/example_time_delta_sensor_async.py
[2024-12-04T17:16:23.723+0000] {processor.py:925} INFO - DAG(s) 'example_time_delta_sensor_async' retrieved from /home/airflow/.local/lib/python3.12/site-packages/airflow/example_dags/example_time_delta_sensor_async.py
[2024-12-04T17:16:23.734+0000] {logging_mixin.py:190} INFO - [2024-12-04T17:16:23.734+0000] {dag.py:3239} INFO - Sync 1 DAGs
[2024-12-04T17:16:23.742+0000] {logging_mixin.py:190} INFO - [2024-12-04T17:16:23.742+0000] {dag.py:4180} INFO - Setting next_dagrun for example_time_delta_sensor_async to None, run_after=None
[2024-12-04T17:16:23.752+0000] {processor.py:208} INFO - Processing /home/airflow/.local/lib/python3.12/site-packages/airflow/example_dags/example_time_delta_sensor_async.py took 0.041 seconds
[2024-12-04T17:16:54.378+0000] {processor.py:186} INFO - Started process (PID=646) to work on /home/airflow/.local/lib/python3.12/site-packages/airflow/example_dags/example_time_delta_sensor_async.py
[2024-12-04T17:16:54.380+0000] {processor.py:914} INFO - Processing file /home/airflow/.local/lib/python3.12/site-packages/airflow/example_dags/example_time_delta_sensor_async.py for tasks to queue
[2024-12-04T17:16:54.381+0000] {logging_mixin.py:190} INFO - [2024-12-04T17:16:54.381+0000] {dagbag.py:588} INFO - Filling up the DagBag from /home/airflow/.local/lib/python3.12/site-packages/airflow/example_dags/example_time_delta_sensor_async.py
[2024-12-04T17:16:54.386+0000] {processor.py:925} INFO - DAG(s) 'example_time_delta_sensor_async' retrieved from /home/airflow/.local/lib/python3.12/site-packages/airflow/example_dags/example_time_delta_sensor_async.py
[2024-12-04T17:16:54.399+0000] {logging_mixin.py:190} INFO - [2024-12-04T17:16:54.399+0000] {dag.py:3239} INFO - Sync 1 DAGs
[2024-12-04T17:16:54.408+0000] {logging_mixin.py:190} INFO - [2024-12-04T17:16:54.408+0000] {dag.py:4180} INFO - Setting next_dagrun for example_time_delta_sensor_async to None, run_after=None
[2024-12-04T17:16:54.420+0000] {processor.py:208} INFO - Processing /home/airflow/.local/lib/python3.12/site-packages/airflow/example_dags/example_time_delta_sensor_async.py took 0.046 seconds
[2024-12-04T17:17:24.773+0000] {processor.py:186} INFO - Started process (PID=709) to work on /home/airflow/.local/lib/python3.12/site-packages/airflow/example_dags/example_time_delta_sensor_async.py
[2024-12-04T17:17:24.774+0000] {processor.py:914} INFO - Processing file /home/airflow/.local/lib/python3.12/site-packages/airflow/example_dags/example_time_delta_sensor_async.py for tasks to queue
[2024-12-04T17:17:24.775+0000] {logging_mixin.py:190} INFO - [2024-12-04T17:17:24.775+0000] {dagbag.py:588} INFO - Filling up the DagBag from /home/airflow/.local/lib/python3.12/site-packages/airflow/example_dags/example_time_delta_sensor_async.py
[2024-12-04T17:17:24.780+0000] {processor.py:925} INFO - DAG(s) 'example_time_delta_sensor_async' retrieved from /home/airflow/.local/lib/python3.12/site-packages/airflow/example_dags/example_time_delta_sensor_async.py
[2024-12-04T17:17:24.791+0000] {logging_mixin.py:190} INFO - [2024-12-04T17:17:24.791+0000] {dag.py:3239} INFO - Sync 1 DAGs
[2024-12-04T17:17:24.798+0000] {logging_mixin.py:190} INFO - [2024-12-04T17:17:24.798+0000] {dag.py:4180} INFO - Setting next_dagrun for example_time_delta_sensor_async to None, run_after=None
[2024-12-04T17:17:24.807+0000] {processor.py:208} INFO - Processing /home/airflow/.local/lib/python3.12/site-packages/airflow/example_dags/example_time_delta_sensor_async.py took 0.037 seconds
[2024-12-04T17:17:55.349+0000] {processor.py:186} INFO - Started process (PID=772) to work on /home/airflow/.local/lib/python3.12/site-packages/airflow/example_dags/example_time_delta_sensor_async.py
[2024-12-04T17:17:55.350+0000] {processor.py:914} INFO - Processing file /home/airflow/.local/lib/python3.12/site-packages/airflow/example_dags/example_time_delta_sensor_async.py for tasks to queue
[2024-12-04T17:17:55.352+0000] {logging_mixin.py:190} INFO - [2024-12-04T17:17:55.352+0000] {dagbag.py:588} INFO - Filling up the DagBag from /home/airflow/.local/lib/python3.12/site-packages/airflow/example_dags/example_time_delta_sensor_async.py
[2024-12-04T17:17:55.357+0000] {processor.py:925} INFO - DAG(s) 'example_time_delta_sensor_async' retrieved from /home/airflow/.local/lib/python3.12/site-packages/airflow/example_dags/example_time_delta_sensor_async.py
[2024-12-04T17:17:55.371+0000] {logging_mixin.py:190} INFO - [2024-12-04T17:17:55.371+0000] {dag.py:3239} INFO - Sync 1 DAGs
[2024-12-04T17:17:55.390+0000] {logging_mixin.py:190} INFO - [2024-12-04T17:17:55.390+0000] {dag.py:4180} INFO - Setting next_dagrun for example_time_delta_sensor_async to None, run_after=None
[2024-12-04T17:17:55.400+0000] {processor.py:208} INFO - Processing /home/airflow/.local/lib/python3.12/site-packages/airflow/example_dags/example_time_delta_sensor_async.py took 0.057 seconds
[2024-12-04T17:18:25.806+0000] {processor.py:186} INFO - Started process (PID=835) to work on /home/airflow/.local/lib/python3.12/site-packages/airflow/example_dags/example_time_delta_sensor_async.py
[2024-12-04T17:18:25.807+0000] {processor.py:914} INFO - Processing file /home/airflow/.local/lib/python3.12/site-packages/airflow/example_dags/example_time_delta_sensor_async.py for tasks to queue
[2024-12-04T17:18:25.808+0000] {logging_mixin.py:190} INFO - [2024-12-04T17:18:25.808+0000] {dagbag.py:588} INFO - Filling up the DagBag from /home/airflow/.local/lib/python3.12/site-packages/airflow/example_dags/example_time_delta_sensor_async.py
[2024-12-04T17:18:25.812+0000] {processor.py:925} INFO - DAG(s) 'example_time_delta_sensor_async' retrieved from /home/airflow/.local/lib/python3.12/site-packages/airflow/example_dags/example_time_delta_sensor_async.py
[2024-12-04T17:18:25.821+0000] {logging_mixin.py:190} INFO - [2024-12-04T17:18:25.821+0000] {dag.py:3239} INFO - Sync 1 DAGs
[2024-12-04T17:18:25.828+0000] {logging_mixin.py:190} INFO - [2024-12-04T17:18:25.828+0000] {dag.py:4180} INFO - Setting next_dagrun for example_time_delta_sensor_async to None, run_after=None
[2024-12-04T17:18:25.839+0000] {processor.py:208} INFO - Processing /home/airflow/.local/lib/python3.12/site-packages/airflow/example_dags/example_time_delta_sensor_async.py took 0.036 seconds
[2024-12-04T17:18:56.856+0000] {processor.py:186} INFO - Started process (PID=898) to work on /home/airflow/.local/lib/python3.12/site-packages/airflow/example_dags/example_time_delta_sensor_async.py
[2024-12-04T17:18:56.857+0000] {processor.py:914} INFO - Processing file /home/airflow/.local/lib/python3.12/site-packages/airflow/example_dags/example_time_delta_sensor_async.py for tasks to queue
[2024-12-04T17:18:56.860+0000] {logging_mixin.py:190} INFO - [2024-12-04T17:18:56.860+0000] {dagbag.py:588} INFO - Filling up the DagBag from /home/airflow/.local/lib/python3.12/site-packages/airflow/example_dags/example_time_delta_sensor_async.py
[2024-12-04T17:18:56.865+0000] {processor.py:925} INFO - DAG(s) 'example_time_delta_sensor_async' retrieved from /home/airflow/.local/lib/python3.12/site-packages/airflow/example_dags/example_time_delta_sensor_async.py
[2024-12-04T17:18:56.877+0000] {logging_mixin.py:190} INFO - [2024-12-04T17:18:56.876+0000] {dag.py:3239} INFO - Sync 1 DAGs
[2024-12-04T17:18:56.884+0000] {logging_mixin.py:190} INFO - [2024-12-04T17:18:56.884+0000] {dag.py:4180} INFO - Setting next_dagrun for example_time_delta_sensor_async to None, run_after=None
[2024-12-04T17:18:56.893+0000] {processor.py:208} INFO - Processing /home/airflow/.local/lib/python3.12/site-packages/airflow/example_dags/example_time_delta_sensor_async.py took 0.046 seconds
[2024-12-04T17:19:27.250+0000] {processor.py:186} INFO - Started process (PID=961) to work on /home/airflow/.local/lib/python3.12/site-packages/airflow/example_dags/example_time_delta_sensor_async.py
[2024-12-04T17:19:27.252+0000] {processor.py:914} INFO - Processing file /home/airflow/.local/lib/python3.12/site-packages/airflow/example_dags/example_time_delta_sensor_async.py for tasks to queue
[2024-12-04T17:19:27.253+0000] {logging_mixin.py:190} INFO - [2024-12-04T17:19:27.253+0000] {dagbag.py:588} INFO - Filling up the DagBag from /home/airflow/.local/lib/python3.12/site-packages/airflow/example_dags/example_time_delta_sensor_async.py
[2024-12-04T17:19:27.257+0000] {processor.py:925} INFO - DAG(s) 'example_time_delta_sensor_async' retrieved from /home/airflow/.local/lib/python3.12/site-packages/airflow/example_dags/example_time_delta_sensor_async.py
[2024-12-04T17:19:27.266+0000] {logging_mixin.py:190} INFO - [2024-12-04T17:19:27.266+0000] {dag.py:3239} INFO - Sync 1 DAGs
[2024-12-04T17:19:27.273+0000] {logging_mixin.py:190} INFO - [2024-12-04T17:19:27.273+0000] {dag.py:4180} INFO - Setting next_dagrun for example_time_delta_sensor_async to None, run_after=None
[2024-12-04T17:19:27.283+0000] {processor.py:208} INFO - Processing /home/airflow/.local/lib/python3.12/site-packages/airflow/example_dags/example_time_delta_sensor_async.py took 0.037 seconds
[2024-12-04T17:19:57.603+0000] {processor.py:186} INFO - Started process (PID=1024) to work on /home/airflow/.local/lib/python3.12/site-packages/airflow/example_dags/example_time_delta_sensor_async.py
[2024-12-04T17:19:57.604+0000] {processor.py:914} INFO - Processing file /home/airflow/.local/lib/python3.12/site-packages/airflow/example_dags/example_time_delta_sensor_async.py for tasks to queue
[2024-12-04T17:19:57.606+0000] {logging_mixin.py:190} INFO - [2024-12-04T17:19:57.606+0000] {dagbag.py:588} INFO - Filling up the DagBag from /home/airflow/.local/lib/python3.12/site-packages/airflow/example_dags/example_time_delta_sensor_async.py
[2024-12-04T17:19:57.610+0000] {processor.py:925} INFO - DAG(s) 'example_time_delta_sensor_async' retrieved from /home/airflow/.local/lib/python3.12/site-packages/airflow/example_dags/example_time_delta_sensor_async.py
[2024-12-04T17:19:57.622+0000] {logging_mixin.py:190} INFO - [2024-12-04T17:19:57.622+0000] {dag.py:3239} INFO - Sync 1 DAGs
[2024-12-04T17:19:57.633+0000] {logging_mixin.py:190} INFO - [2024-12-04T17:19:57.632+0000] {dag.py:4180} INFO - Setting next_dagrun for example_time_delta_sensor_async to None, run_after=None
[2024-12-04T17:19:57.641+0000] {processor.py:208} INFO - Processing /home/airflow/.local/lib/python3.12/site-packages/airflow/example_dags/example_time_delta_sensor_async.py took 0.042 seconds
[2024-12-04T17:20:27.992+0000] {processor.py:186} INFO - Started process (PID=1087) to work on /home/airflow/.local/lib/python3.12/site-packages/airflow/example_dags/example_time_delta_sensor_async.py
[2024-12-04T17:20:27.996+0000] {processor.py:914} INFO - Processing file /home/airflow/.local/lib/python3.12/site-packages/airflow/example_dags/example_time_delta_sensor_async.py for tasks to queue
[2024-12-04T17:20:27.998+0000] {logging_mixin.py:190} INFO - [2024-12-04T17:20:27.998+0000] {dagbag.py:588} INFO - Filling up the DagBag from /home/airflow/.local/lib/python3.12/site-packages/airflow/example_dags/example_time_delta_sensor_async.py
[2024-12-04T17:20:28.002+0000] {processor.py:925} INFO - DAG(s) 'example_time_delta_sensor_async' retrieved from /home/airflow/.local/lib/python3.12/site-packages/airflow/example_dags/example_time_delta_sensor_async.py
[2024-12-04T17:20:28.011+0000] {logging_mixin.py:190} INFO - [2024-12-04T17:20:28.011+0000] {dag.py:3239} INFO - Sync 1 DAGs
[2024-12-04T17:20:28.018+0000] {logging_mixin.py:190} INFO - [2024-12-04T17:20:28.018+0000] {dag.py:4180} INFO - Setting next_dagrun for example_time_delta_sensor_async to None, run_after=None
[2024-12-04T17:20:28.029+0000] {processor.py:208} INFO - Processing /home/airflow/.local/lib/python3.12/site-packages/airflow/example_dags/example_time_delta_sensor_async.py took 0.041 seconds
[2024-12-04T17:20:58.246+0000] {processor.py:186} INFO - Started process (PID=1150) to work on /home/airflow/.local/lib/python3.12/site-packages/airflow/example_dags/example_time_delta_sensor_async.py
[2024-12-04T17:20:58.248+0000] {processor.py:914} INFO - Processing file /home/airflow/.local/lib/python3.12/site-packages/airflow/example_dags/example_time_delta_sensor_async.py for tasks to queue
[2024-12-04T17:20:58.250+0000] {logging_mixin.py:190} INFO - [2024-12-04T17:20:58.250+0000] {dagbag.py:588} INFO - Filling up the DagBag from /home/airflow/.local/lib/python3.12/site-packages/airflow/example_dags/example_time_delta_sensor_async.py
[2024-12-04T17:20:58.254+0000] {processor.py:925} INFO - DAG(s) 'example_time_delta_sensor_async' retrieved from /home/airflow/.local/lib/python3.12/site-packages/airflow/example_dags/example_time_delta_sensor_async.py
[2024-12-04T17:20:58.266+0000] {logging_mixin.py:190} INFO - [2024-12-04T17:20:58.266+0000] {dag.py:3239} INFO - Sync 1 DAGs
[2024-12-04T17:20:58.275+0000] {logging_mixin.py:190} INFO - [2024-12-04T17:20:58.275+0000] {dag.py:4180} INFO - Setting next_dagrun for example_time_delta_sensor_async to None, run_after=None
[2024-12-04T17:20:58.287+0000] {processor.py:208} INFO - Processing /home/airflow/.local/lib/python3.12/site-packages/airflow/example_dags/example_time_delta_sensor_async.py took 0.045 seconds
[2024-12-04T17:21:29.216+0000] {processor.py:186} INFO - Started process (PID=1213) to work on /home/airflow/.local/lib/python3.12/site-packages/airflow/example_dags/example_time_delta_sensor_async.py
[2024-12-04T17:21:29.217+0000] {processor.py:914} INFO - Processing file /home/airflow/.local/lib/python3.12/site-packages/airflow/example_dags/example_time_delta_sensor_async.py for tasks to queue
[2024-12-04T17:21:29.219+0000] {logging_mixin.py:190} INFO - [2024-12-04T17:21:29.219+0000] {dagbag.py:588} INFO - Filling up the DagBag from /home/airflow/.local/lib/python3.12/site-packages/airflow/example_dags/example_time_delta_sensor_async.py
[2024-12-04T17:21:29.225+0000] {processor.py:925} INFO - DAG(s) 'example_time_delta_sensor_async' retrieved from /home/airflow/.local/lib/python3.12/site-packages/airflow/example_dags/example_time_delta_sensor_async.py
[2024-12-04T17:21:29.238+0000] {logging_mixin.py:190} INFO - [2024-12-04T17:21:29.238+0000] {dag.py:3239} INFO - Sync 1 DAGs
[2024-12-04T17:21:29.246+0000] {logging_mixin.py:190} INFO - [2024-12-04T17:21:29.246+0000] {dag.py:4180} INFO - Setting next_dagrun for example_time_delta_sensor_async to None, run_after=None
[2024-12-04T17:21:29.254+0000] {processor.py:208} INFO - Processing /home/airflow/.local/lib/python3.12/site-packages/airflow/example_dags/example_time_delta_sensor_async.py took 0.043 seconds
[2024-12-04T17:22:00.446+0000] {processor.py:186} INFO - Started process (PID=1276) to work on /home/airflow/.local/lib/python3.12/site-packages/airflow/example_dags/example_time_delta_sensor_async.py
[2024-12-04T17:22:00.447+0000] {processor.py:914} INFO - Processing file /home/airflow/.local/lib/python3.12/site-packages/airflow/example_dags/example_time_delta_sensor_async.py for tasks to queue
[2024-12-04T17:22:00.449+0000] {logging_mixin.py:190} INFO - [2024-12-04T17:22:00.448+0000] {dagbag.py:588} INFO - Filling up the DagBag from /home/airflow/.local/lib/python3.12/site-packages/airflow/example_dags/example_time_delta_sensor_async.py
[2024-12-04T17:22:00.454+0000] {processor.py:925} INFO - DAG(s) 'example_time_delta_sensor_async' retrieved from /home/airflow/.local/lib/python3.12/site-packages/airflow/example_dags/example_time_delta_sensor_async.py
[2024-12-04T17:22:00.476+0000] {logging_mixin.py:190} INFO - [2024-12-04T17:22:00.476+0000] {dag.py:3239} INFO - Sync 1 DAGs
[2024-12-04T17:22:00.486+0000] {logging_mixin.py:190} INFO - [2024-12-04T17:22:00.485+0000] {dag.py:4180} INFO - Setting next_dagrun for example_time_delta_sensor_async to None, run_after=None
[2024-12-04T17:22:00.497+0000] {processor.py:208} INFO - Processing /home/airflow/.local/lib/python3.12/site-packages/airflow/example_dags/example_time_delta_sensor_async.py took 0.072 seconds
[2024-12-04T17:22:37.012+0000] {processor.py:186} INFO - Started process (PID=1339) to work on /home/airflow/.local/lib/python3.12/site-packages/airflow/example_dags/example_time_delta_sensor_async.py
[2024-12-04T17:22:37.022+0000] {processor.py:914} INFO - Processing file /home/airflow/.local/lib/python3.12/site-packages/airflow/example_dags/example_time_delta_sensor_async.py for tasks to queue
[2024-12-04T17:22:37.045+0000] {logging_mixin.py:190} INFO - [2024-12-04T17:22:37.042+0000] {dagbag.py:588} INFO - Filling up the DagBag from /home/airflow/.local/lib/python3.12/site-packages/airflow/example_dags/example_time_delta_sensor_async.py
[2024-12-04T17:22:37.103+0000] {processor.py:925} INFO - DAG(s) 'example_time_delta_sensor_async' retrieved from /home/airflow/.local/lib/python3.12/site-packages/airflow/example_dags/example_time_delta_sensor_async.py
[2024-12-04T17:22:37.362+0000] {logging_mixin.py:190} INFO - [2024-12-04T17:22:37.357+0000] {dag.py:3239} INFO - Sync 1 DAGs
[2024-12-04T17:22:37.549+0000] {logging_mixin.py:190} INFO - [2024-12-04T17:22:37.546+0000] {dag.py:4180} INFO - Setting next_dagrun for example_time_delta_sensor_async to None, run_after=None
[2024-12-04T17:22:37.659+0000] {processor.py:208} INFO - Processing /home/airflow/.local/lib/python3.12/site-packages/airflow/example_dags/example_time_delta_sensor_async.py took 0.694 seconds
[2024-12-04T17:23:17.945+0000] {processor.py:186} INFO - Started process (PID=1402) to work on /home/airflow/.local/lib/python3.12/site-packages/airflow/example_dags/example_time_delta_sensor_async.py
[2024-12-04T17:23:17.946+0000] {processor.py:914} INFO - Processing file /home/airflow/.local/lib/python3.12/site-packages/airflow/example_dags/example_time_delta_sensor_async.py for tasks to queue
[2024-12-04T17:23:17.950+0000] {logging_mixin.py:190} INFO - [2024-12-04T17:23:17.950+0000] {dagbag.py:588} INFO - Filling up the DagBag from /home/airflow/.local/lib/python3.12/site-packages/airflow/example_dags/example_time_delta_sensor_async.py
[2024-12-04T17:23:17.960+0000] {processor.py:925} INFO - DAG(s) 'example_time_delta_sensor_async' retrieved from /home/airflow/.local/lib/python3.12/site-packages/airflow/example_dags/example_time_delta_sensor_async.py
[2024-12-04T17:23:17.994+0000] {logging_mixin.py:190} INFO - [2024-12-04T17:23:17.993+0000] {dag.py:3239} INFO - Sync 1 DAGs
[2024-12-04T17:23:18.006+0000] {logging_mixin.py:190} INFO - [2024-12-04T17:23:18.006+0000] {dag.py:4180} INFO - Setting next_dagrun for example_time_delta_sensor_async to None, run_after=None
[2024-12-04T17:23:18.017+0000] {processor.py:208} INFO - Processing /home/airflow/.local/lib/python3.12/site-packages/airflow/example_dags/example_time_delta_sensor_async.py took 0.079 seconds
[2024-12-04T17:23:49.298+0000] {processor.py:186} INFO - Started process (PID=1465) to work on /home/airflow/.local/lib/python3.12/site-packages/airflow/example_dags/example_time_delta_sensor_async.py
[2024-12-04T17:23:49.302+0000] {processor.py:914} INFO - Processing file /home/airflow/.local/lib/python3.12/site-packages/airflow/example_dags/example_time_delta_sensor_async.py for tasks to queue
[2024-12-04T17:23:49.310+0000] {logging_mixin.py:190} INFO - [2024-12-04T17:23:49.309+0000] {dagbag.py:588} INFO - Filling up the DagBag from /home/airflow/.local/lib/python3.12/site-packages/airflow/example_dags/example_time_delta_sensor_async.py
[2024-12-04T17:23:49.331+0000] {processor.py:925} INFO - DAG(s) 'example_time_delta_sensor_async' retrieved from /home/airflow/.local/lib/python3.12/site-packages/airflow/example_dags/example_time_delta_sensor_async.py
[2024-12-04T17:23:49.396+0000] {logging_mixin.py:190} INFO - [2024-12-04T17:23:49.395+0000] {dag.py:3239} INFO - Sync 1 DAGs
[2024-12-04T17:23:49.443+0000] {logging_mixin.py:190} INFO - [2024-12-04T17:23:49.442+0000] {dag.py:4180} INFO - Setting next_dagrun for example_time_delta_sensor_async to None, run_after=None
[2024-12-04T17:23:49.497+0000] {processor.py:208} INFO - Processing /home/airflow/.local/lib/python3.12/site-packages/airflow/example_dags/example_time_delta_sensor_async.py took 0.227 seconds
[2024-12-04T17:24:19.908+0000] {processor.py:186} INFO - Started process (PID=1528) to work on /home/airflow/.local/lib/python3.12/site-packages/airflow/example_dags/example_time_delta_sensor_async.py
[2024-12-04T17:24:19.912+0000] {processor.py:914} INFO - Processing file /home/airflow/.local/lib/python3.12/site-packages/airflow/example_dags/example_time_delta_sensor_async.py for tasks to queue
[2024-12-04T17:24:19.921+0000] {logging_mixin.py:190} INFO - [2024-12-04T17:24:19.921+0000] {dagbag.py:588} INFO - Filling up the DagBag from /home/airflow/.local/lib/python3.12/site-packages/airflow/example_dags/example_time_delta_sensor_async.py
[2024-12-04T17:24:19.927+0000] {processor.py:925} INFO - DAG(s) 'example_time_delta_sensor_async' retrieved from /home/airflow/.local/lib/python3.12/site-packages/airflow/example_dags/example_time_delta_sensor_async.py
[2024-12-04T17:24:19.963+0000] {logging_mixin.py:190} INFO - [2024-12-04T17:24:19.962+0000] {dag.py:3239} INFO - Sync 1 DAGs
[2024-12-04T17:24:19.998+0000] {logging_mixin.py:190} INFO - [2024-12-04T17:24:19.997+0000] {dag.py:4180} INFO - Setting next_dagrun for example_time_delta_sensor_async to None, run_after=None
[2024-12-04T17:24:20.046+0000] {processor.py:208} INFO - Processing /home/airflow/.local/lib/python3.12/site-packages/airflow/example_dags/example_time_delta_sensor_async.py took 0.146 seconds
[2024-12-04T17:24:50.508+0000] {processor.py:186} INFO - Started process (PID=1590) to work on /home/airflow/.local/lib/python3.12/site-packages/airflow/example_dags/example_time_delta_sensor_async.py
[2024-12-04T17:24:50.509+0000] {processor.py:914} INFO - Processing file /home/airflow/.local/lib/python3.12/site-packages/airflow/example_dags/example_time_delta_sensor_async.py for tasks to queue
[2024-12-04T17:24:50.511+0000] {logging_mixin.py:190} INFO - [2024-12-04T17:24:50.511+0000] {dagbag.py:588} INFO - Filling up the DagBag from /home/airflow/.local/lib/python3.12/site-packages/airflow/example_dags/example_time_delta_sensor_async.py
[2024-12-04T17:24:50.515+0000] {processor.py:925} INFO - DAG(s) 'example_time_delta_sensor_async' retrieved from /home/airflow/.local/lib/python3.12/site-packages/airflow/example_dags/example_time_delta_sensor_async.py
[2024-12-04T17:24:50.530+0000] {logging_mixin.py:190} INFO - [2024-12-04T17:24:50.529+0000] {dag.py:3239} INFO - Sync 1 DAGs
[2024-12-04T17:24:50.539+0000] {logging_mixin.py:190} INFO - [2024-12-04T17:24:50.539+0000] {dag.py:4180} INFO - Setting next_dagrun for example_time_delta_sensor_async to None, run_after=None
[2024-12-04T17:24:50.554+0000] {processor.py:208} INFO - Processing /home/airflow/.local/lib/python3.12/site-packages/airflow/example_dags/example_time_delta_sensor_async.py took 0.049 seconds
[2024-12-04T17:25:20.787+0000] {processor.py:186} INFO - Started process (PID=1653) to work on /home/airflow/.local/lib/python3.12/site-packages/airflow/example_dags/example_time_delta_sensor_async.py
[2024-12-04T17:25:20.788+0000] {processor.py:914} INFO - Processing file /home/airflow/.local/lib/python3.12/site-packages/airflow/example_dags/example_time_delta_sensor_async.py for tasks to queue
[2024-12-04T17:25:20.790+0000] {logging_mixin.py:190} INFO - [2024-12-04T17:25:20.789+0000] {dagbag.py:588} INFO - Filling up the DagBag from /home/airflow/.local/lib/python3.12/site-packages/airflow/example_dags/example_time_delta_sensor_async.py
[2024-12-04T17:25:20.795+0000] {processor.py:925} INFO - DAG(s) 'example_time_delta_sensor_async' retrieved from /home/airflow/.local/lib/python3.12/site-packages/airflow/example_dags/example_time_delta_sensor_async.py
[2024-12-04T17:25:20.806+0000] {logging_mixin.py:190} INFO - [2024-12-04T17:25:20.806+0000] {dag.py:3239} INFO - Sync 1 DAGs
[2024-12-04T17:25:20.815+0000] {logging_mixin.py:190} INFO - [2024-12-04T17:25:20.815+0000] {dag.py:4180} INFO - Setting next_dagrun for example_time_delta_sensor_async to None, run_after=None
[2024-12-04T17:25:20.829+0000] {processor.py:208} INFO - Processing /home/airflow/.local/lib/python3.12/site-packages/airflow/example_dags/example_time_delta_sensor_async.py took 0.045 seconds
[2024-12-04T17:25:51.237+0000] {processor.py:186} INFO - Started process (PID=1716) to work on /home/airflow/.local/lib/python3.12/site-packages/airflow/example_dags/example_time_delta_sensor_async.py
[2024-12-04T17:25:51.238+0000] {processor.py:914} INFO - Processing file /home/airflow/.local/lib/python3.12/site-packages/airflow/example_dags/example_time_delta_sensor_async.py for tasks to queue
[2024-12-04T17:25:51.239+0000] {logging_mixin.py:190} INFO - [2024-12-04T17:25:51.239+0000] {dagbag.py:588} INFO - Filling up the DagBag from /home/airflow/.local/lib/python3.12/site-packages/airflow/example_dags/example_time_delta_sensor_async.py
[2024-12-04T17:25:51.243+0000] {processor.py:925} INFO - DAG(s) 'example_time_delta_sensor_async' retrieved from /home/airflow/.local/lib/python3.12/site-packages/airflow/example_dags/example_time_delta_sensor_async.py
[2024-12-04T17:25:51.256+0000] {logging_mixin.py:190} INFO - [2024-12-04T17:25:51.256+0000] {dag.py:3239} INFO - Sync 1 DAGs
[2024-12-04T17:25:51.265+0000] {logging_mixin.py:190} INFO - [2024-12-04T17:25:51.265+0000] {dag.py:4180} INFO - Setting next_dagrun for example_time_delta_sensor_async to None, run_after=None
[2024-12-04T17:25:51.279+0000] {processor.py:208} INFO - Processing /home/airflow/.local/lib/python3.12/site-packages/airflow/example_dags/example_time_delta_sensor_async.py took 0.045 seconds
[2024-12-04T17:26:23.631+0000] {processor.py:186} INFO - Started process (PID=1779) to work on /home/airflow/.local/lib/python3.12/site-packages/airflow/example_dags/example_time_delta_sensor_async.py
[2024-12-04T17:26:23.633+0000] {processor.py:914} INFO - Processing file /home/airflow/.local/lib/python3.12/site-packages/airflow/example_dags/example_time_delta_sensor_async.py for tasks to queue
[2024-12-04T17:26:23.636+0000] {logging_mixin.py:190} INFO - [2024-12-04T17:26:23.635+0000] {dagbag.py:588} INFO - Filling up the DagBag from /home/airflow/.local/lib/python3.12/site-packages/airflow/example_dags/example_time_delta_sensor_async.py
[2024-12-04T17:26:23.645+0000] {processor.py:925} INFO - DAG(s) 'example_time_delta_sensor_async' retrieved from /home/airflow/.local/lib/python3.12/site-packages/airflow/example_dags/example_time_delta_sensor_async.py
[2024-12-04T17:26:23.664+0000] {logging_mixin.py:190} INFO - [2024-12-04T17:26:23.664+0000] {dag.py:3239} INFO - Sync 1 DAGs
[2024-12-04T17:26:23.681+0000] {logging_mixin.py:190} INFO - [2024-12-04T17:26:23.681+0000] {dag.py:4180} INFO - Setting next_dagrun for example_time_delta_sensor_async to None, run_after=None
[2024-12-04T17:26:23.695+0000] {processor.py:208} INFO - Processing /home/airflow/.local/lib/python3.12/site-packages/airflow/example_dags/example_time_delta_sensor_async.py took 0.079 seconds
[2024-12-04T17:26:57.032+0000] {processor.py:186} INFO - Started process (PID=1847) to work on /home/airflow/.local/lib/python3.12/site-packages/airflow/example_dags/example_time_delta_sensor_async.py
[2024-12-04T17:26:57.037+0000] {processor.py:914} INFO - Processing file /home/airflow/.local/lib/python3.12/site-packages/airflow/example_dags/example_time_delta_sensor_async.py for tasks to queue
[2024-12-04T17:26:57.057+0000] {logging_mixin.py:190} INFO - [2024-12-04T17:26:57.055+0000] {dagbag.py:588} INFO - Filling up the DagBag from /home/airflow/.local/lib/python3.12/site-packages/airflow/example_dags/example_time_delta_sensor_async.py
[2024-12-04T17:26:57.090+0000] {processor.py:925} INFO - DAG(s) 'example_time_delta_sensor_async' retrieved from /home/airflow/.local/lib/python3.12/site-packages/airflow/example_dags/example_time_delta_sensor_async.py
[2024-12-04T17:26:57.167+0000] {logging_mixin.py:190} INFO - [2024-12-04T17:26:57.166+0000] {dag.py:3239} INFO - Sync 1 DAGs
[2024-12-04T17:26:57.216+0000] {logging_mixin.py:190} INFO - [2024-12-04T17:26:57.216+0000] {dag.py:4180} INFO - Setting next_dagrun for example_time_delta_sensor_async to None, run_after=None
[2024-12-04T17:26:57.276+0000] {processor.py:208} INFO - Processing /home/airflow/.local/lib/python3.12/site-packages/airflow/example_dags/example_time_delta_sensor_async.py took 0.269 seconds
[2024-12-04T17:27:28.134+0000] {processor.py:186} INFO - Started process (PID=1909) to work on /home/airflow/.local/lib/python3.12/site-packages/airflow/example_dags/example_time_delta_sensor_async.py
[2024-12-04T17:27:28.140+0000] {processor.py:914} INFO - Processing file /home/airflow/.local/lib/python3.12/site-packages/airflow/example_dags/example_time_delta_sensor_async.py for tasks to queue
[2024-12-04T17:27:28.150+0000] {logging_mixin.py:190} INFO - [2024-12-04T17:27:28.148+0000] {dagbag.py:588} INFO - Filling up the DagBag from /home/airflow/.local/lib/python3.12/site-packages/airflow/example_dags/example_time_delta_sensor_async.py
[2024-12-04T17:27:28.189+0000] {processor.py:925} INFO - DAG(s) 'example_time_delta_sensor_async' retrieved from /home/airflow/.local/lib/python3.12/site-packages/airflow/example_dags/example_time_delta_sensor_async.py
[2024-12-04T17:27:28.243+0000] {logging_mixin.py:190} INFO - [2024-12-04T17:27:28.243+0000] {dag.py:3239} INFO - Sync 1 DAGs
[2024-12-04T17:27:28.283+0000] {logging_mixin.py:190} INFO - [2024-12-04T17:27:28.282+0000] {dag.py:4180} INFO - Setting next_dagrun for example_time_delta_sensor_async to None, run_after=None
[2024-12-04T17:27:28.307+0000] {processor.py:208} INFO - Processing /home/airflow/.local/lib/python3.12/site-packages/airflow/example_dags/example_time_delta_sensor_async.py took 0.195 seconds
[2024-12-04T17:27:58.745+0000] {processor.py:186} INFO - Started process (PID=1971) to work on /home/airflow/.local/lib/python3.12/site-packages/airflow/example_dags/example_time_delta_sensor_async.py
[2024-12-04T17:27:58.747+0000] {processor.py:914} INFO - Processing file /home/airflow/.local/lib/python3.12/site-packages/airflow/example_dags/example_time_delta_sensor_async.py for tasks to queue
[2024-12-04T17:27:58.756+0000] {logging_mixin.py:190} INFO - [2024-12-04T17:27:58.755+0000] {dagbag.py:588} INFO - Filling up the DagBag from /home/airflow/.local/lib/python3.12/site-packages/airflow/example_dags/example_time_delta_sensor_async.py
[2024-12-04T17:27:58.804+0000] {processor.py:925} INFO - DAG(s) 'example_time_delta_sensor_async' retrieved from /home/airflow/.local/lib/python3.12/site-packages/airflow/example_dags/example_time_delta_sensor_async.py
[2024-12-04T17:27:58.898+0000] {logging_mixin.py:190} INFO - [2024-12-04T17:27:58.897+0000] {dag.py:3239} INFO - Sync 1 DAGs
[2024-12-04T17:27:59.012+0000] {logging_mixin.py:190} INFO - [2024-12-04T17:27:59.010+0000] {dag.py:4180} INFO - Setting next_dagrun for example_time_delta_sensor_async to None, run_after=None
[2024-12-04T17:27:59.100+0000] {processor.py:208} INFO - Processing /home/airflow/.local/lib/python3.12/site-packages/airflow/example_dags/example_time_delta_sensor_async.py took 0.363 seconds
[2024-12-04T17:28:29.750+0000] {processor.py:186} INFO - Started process (PID=2033) to work on /home/airflow/.local/lib/python3.12/site-packages/airflow/example_dags/example_time_delta_sensor_async.py
[2024-12-04T17:28:29.753+0000] {processor.py:914} INFO - Processing file /home/airflow/.local/lib/python3.12/site-packages/airflow/example_dags/example_time_delta_sensor_async.py for tasks to queue
[2024-12-04T17:28:29.758+0000] {logging_mixin.py:190} INFO - [2024-12-04T17:28:29.758+0000] {dagbag.py:588} INFO - Filling up the DagBag from /home/airflow/.local/lib/python3.12/site-packages/airflow/example_dags/example_time_delta_sensor_async.py
[2024-12-04T17:28:29.793+0000] {processor.py:925} INFO - DAG(s) 'example_time_delta_sensor_async' retrieved from /home/airflow/.local/lib/python3.12/site-packages/airflow/example_dags/example_time_delta_sensor_async.py
[2024-12-04T17:28:29.856+0000] {logging_mixin.py:190} INFO - [2024-12-04T17:28:29.856+0000] {dag.py:3239} INFO - Sync 1 DAGs
[2024-12-04T17:28:29.885+0000] {logging_mixin.py:190} INFO - [2024-12-04T17:28:29.885+0000] {dag.py:4180} INFO - Setting next_dagrun for example_time_delta_sensor_async to None, run_after=None
[2024-12-04T17:28:29.913+0000] {processor.py:208} INFO - Processing /home/airflow/.local/lib/python3.12/site-packages/airflow/example_dags/example_time_delta_sensor_async.py took 0.203 seconds
[2024-12-04T17:29:00.591+0000] {processor.py:186} INFO - Started process (PID=2096) to work on /home/airflow/.local/lib/python3.12/site-packages/airflow/example_dags/example_time_delta_sensor_async.py
[2024-12-04T17:29:00.592+0000] {processor.py:914} INFO - Processing file /home/airflow/.local/lib/python3.12/site-packages/airflow/example_dags/example_time_delta_sensor_async.py for tasks to queue
[2024-12-04T17:29:00.594+0000] {logging_mixin.py:190} INFO - [2024-12-04T17:29:00.594+0000] {dagbag.py:588} INFO - Filling up the DagBag from /home/airflow/.local/lib/python3.12/site-packages/airflow/example_dags/example_time_delta_sensor_async.py
[2024-12-04T17:29:00.604+0000] {processor.py:925} INFO - DAG(s) 'example_time_delta_sensor_async' retrieved from /home/airflow/.local/lib/python3.12/site-packages/airflow/example_dags/example_time_delta_sensor_async.py
[2024-12-04T17:29:00.643+0000] {logging_mixin.py:190} INFO - [2024-12-04T17:29:00.643+0000] {dag.py:3239} INFO - Sync 1 DAGs
[2024-12-04T17:29:00.676+0000] {logging_mixin.py:190} INFO - [2024-12-04T17:29:00.675+0000] {dag.py:4180} INFO - Setting next_dagrun for example_time_delta_sensor_async to None, run_after=None
[2024-12-04T17:29:00.706+0000] {processor.py:208} INFO - Processing /home/airflow/.local/lib/python3.12/site-packages/airflow/example_dags/example_time_delta_sensor_async.py took 0.123 seconds
[2024-12-04T17:29:32.345+0000] {processor.py:186} INFO - Started process (PID=2159) to work on /home/airflow/.local/lib/python3.12/site-packages/airflow/example_dags/example_time_delta_sensor_async.py
[2024-12-04T17:29:32.349+0000] {processor.py:914} INFO - Processing file /home/airflow/.local/lib/python3.12/site-packages/airflow/example_dags/example_time_delta_sensor_async.py for tasks to queue
[2024-12-04T17:29:32.353+0000] {logging_mixin.py:190} INFO - [2024-12-04T17:29:32.352+0000] {dagbag.py:588} INFO - Filling up the DagBag from /home/airflow/.local/lib/python3.12/site-packages/airflow/example_dags/example_time_delta_sensor_async.py
[2024-12-04T17:29:32.368+0000] {processor.py:925} INFO - DAG(s) 'example_time_delta_sensor_async' retrieved from /home/airflow/.local/lib/python3.12/site-packages/airflow/example_dags/example_time_delta_sensor_async.py
[2024-12-04T17:29:32.489+0000] {logging_mixin.py:190} INFO - [2024-12-04T17:29:32.488+0000] {dag.py:3239} INFO - Sync 1 DAGs
[2024-12-04T17:29:32.525+0000] {logging_mixin.py:190} INFO - [2024-12-04T17:29:32.525+0000] {dag.py:4180} INFO - Setting next_dagrun for example_time_delta_sensor_async to None, run_after=None
[2024-12-04T17:29:32.573+0000] {processor.py:208} INFO - Processing /home/airflow/.local/lib/python3.12/site-packages/airflow/example_dags/example_time_delta_sensor_async.py took 0.238 seconds
[2024-12-04T17:30:03.598+0000] {processor.py:186} INFO - Started process (PID=2221) to work on /home/airflow/.local/lib/python3.12/site-packages/airflow/example_dags/example_time_delta_sensor_async.py
[2024-12-04T17:30:03.600+0000] {processor.py:914} INFO - Processing file /home/airflow/.local/lib/python3.12/site-packages/airflow/example_dags/example_time_delta_sensor_async.py for tasks to queue
[2024-12-04T17:30:03.602+0000] {logging_mixin.py:190} INFO - [2024-12-04T17:30:03.602+0000] {dagbag.py:588} INFO - Filling up the DagBag from /home/airflow/.local/lib/python3.12/site-packages/airflow/example_dags/example_time_delta_sensor_async.py
[2024-12-04T17:30:03.606+0000] {processor.py:925} INFO - DAG(s) 'example_time_delta_sensor_async' retrieved from /home/airflow/.local/lib/python3.12/site-packages/airflow/example_dags/example_time_delta_sensor_async.py
[2024-12-04T17:30:03.624+0000] {logging_mixin.py:190} INFO - [2024-12-04T17:30:03.624+0000] {dag.py:3239} INFO - Sync 1 DAGs
[2024-12-04T17:30:03.634+0000] {logging_mixin.py:190} INFO - [2024-12-04T17:30:03.634+0000] {dag.py:4180} INFO - Setting next_dagrun for example_time_delta_sensor_async to None, run_after=None
[2024-12-04T17:30:03.647+0000] {processor.py:208} INFO - Processing /home/airflow/.local/lib/python3.12/site-packages/airflow/example_dags/example_time_delta_sensor_async.py took 0.073 seconds
[2024-12-04T17:30:33.841+0000] {processor.py:186} INFO - Started process (PID=2284) to work on /home/airflow/.local/lib/python3.12/site-packages/airflow/example_dags/example_time_delta_sensor_async.py
[2024-12-04T17:30:33.844+0000] {processor.py:914} INFO - Processing file /home/airflow/.local/lib/python3.12/site-packages/airflow/example_dags/example_time_delta_sensor_async.py for tasks to queue
[2024-12-04T17:30:33.848+0000] {logging_mixin.py:190} INFO - [2024-12-04T17:30:33.847+0000] {dagbag.py:588} INFO - Filling up the DagBag from /home/airflow/.local/lib/python3.12/site-packages/airflow/example_dags/example_time_delta_sensor_async.py
[2024-12-04T17:30:33.857+0000] {processor.py:925} INFO - DAG(s) 'example_time_delta_sensor_async' retrieved from /home/airflow/.local/lib/python3.12/site-packages/airflow/example_dags/example_time_delta_sensor_async.py
[2024-12-04T17:30:33.892+0000] {logging_mixin.py:190} INFO - [2024-12-04T17:30:33.891+0000] {dag.py:3239} INFO - Sync 1 DAGs
[2024-12-04T17:30:33.909+0000] {logging_mixin.py:190} INFO - [2024-12-04T17:30:33.909+0000] {dag.py:4180} INFO - Setting next_dagrun for example_time_delta_sensor_async to None, run_after=None
[2024-12-04T17:30:33.925+0000] {processor.py:208} INFO - Processing /home/airflow/.local/lib/python3.12/site-packages/airflow/example_dags/example_time_delta_sensor_async.py took 0.100 seconds
[2024-12-04T17:31:04.287+0000] {processor.py:186} INFO - Started process (PID=2347) to work on /home/airflow/.local/lib/python3.12/site-packages/airflow/example_dags/example_time_delta_sensor_async.py
[2024-12-04T17:31:04.288+0000] {processor.py:914} INFO - Processing file /home/airflow/.local/lib/python3.12/site-packages/airflow/example_dags/example_time_delta_sensor_async.py for tasks to queue
[2024-12-04T17:31:04.291+0000] {logging_mixin.py:190} INFO - [2024-12-04T17:31:04.291+0000] {dagbag.py:588} INFO - Filling up the DagBag from /home/airflow/.local/lib/python3.12/site-packages/airflow/example_dags/example_time_delta_sensor_async.py
[2024-12-04T17:31:04.300+0000] {processor.py:925} INFO - DAG(s) 'example_time_delta_sensor_async' retrieved from /home/airflow/.local/lib/python3.12/site-packages/airflow/example_dags/example_time_delta_sensor_async.py
[2024-12-04T17:31:04.333+0000] {logging_mixin.py:190} INFO - [2024-12-04T17:31:04.333+0000] {dag.py:3239} INFO - Sync 1 DAGs
[2024-12-04T17:31:04.346+0000] {logging_mixin.py:190} INFO - [2024-12-04T17:31:04.346+0000] {dag.py:4180} INFO - Setting next_dagrun for example_time_delta_sensor_async to None, run_after=None
[2024-12-04T17:31:04.370+0000] {processor.py:208} INFO - Processing /home/airflow/.local/lib/python3.12/site-packages/airflow/example_dags/example_time_delta_sensor_async.py took 0.090 seconds
[2024-12-04T17:31:34.966+0000] {processor.py:186} INFO - Started process (PID=2410) to work on /home/airflow/.local/lib/python3.12/site-packages/airflow/example_dags/example_time_delta_sensor_async.py
[2024-12-04T17:31:34.970+0000] {processor.py:914} INFO - Processing file /home/airflow/.local/lib/python3.12/site-packages/airflow/example_dags/example_time_delta_sensor_async.py for tasks to queue
[2024-12-04T17:31:34.973+0000] {logging_mixin.py:190} INFO - [2024-12-04T17:31:34.973+0000] {dagbag.py:588} INFO - Filling up the DagBag from /home/airflow/.local/lib/python3.12/site-packages/airflow/example_dags/example_time_delta_sensor_async.py
[2024-12-04T17:31:34.984+0000] {processor.py:925} INFO - DAG(s) 'example_time_delta_sensor_async' retrieved from /home/airflow/.local/lib/python3.12/site-packages/airflow/example_dags/example_time_delta_sensor_async.py
[2024-12-04T17:31:35.002+0000] {logging_mixin.py:190} INFO - [2024-12-04T17:31:35.002+0000] {dag.py:3239} INFO - Sync 1 DAGs
[2024-12-04T17:31:35.013+0000] {logging_mixin.py:190} INFO - [2024-12-04T17:31:35.013+0000] {dag.py:4180} INFO - Setting next_dagrun for example_time_delta_sensor_async to None, run_after=None
[2024-12-04T17:31:35.026+0000] {processor.py:208} INFO - Processing /home/airflow/.local/lib/python3.12/site-packages/airflow/example_dags/example_time_delta_sensor_async.py took 0.071 seconds
[2024-12-04T17:32:05.197+0000] {processor.py:186} INFO - Started process (PID=2473) to work on /home/airflow/.local/lib/python3.12/site-packages/airflow/example_dags/example_time_delta_sensor_async.py
[2024-12-04T17:32:05.201+0000] {processor.py:914} INFO - Processing file /home/airflow/.local/lib/python3.12/site-packages/airflow/example_dags/example_time_delta_sensor_async.py for tasks to queue
[2024-12-04T17:32:05.206+0000] {logging_mixin.py:190} INFO - [2024-12-04T17:32:05.206+0000] {dagbag.py:588} INFO - Filling up the DagBag from /home/airflow/.local/lib/python3.12/site-packages/airflow/example_dags/example_time_delta_sensor_async.py
[2024-12-04T17:32:05.219+0000] {processor.py:925} INFO - DAG(s) 'example_time_delta_sensor_async' retrieved from /home/airflow/.local/lib/python3.12/site-packages/airflow/example_dags/example_time_delta_sensor_async.py
[2024-12-04T17:32:05.245+0000] {logging_mixin.py:190} INFO - [2024-12-04T17:32:05.244+0000] {dag.py:3239} INFO - Sync 1 DAGs
[2024-12-04T17:32:05.258+0000] {logging_mixin.py:190} INFO - [2024-12-04T17:32:05.258+0000] {dag.py:4180} INFO - Setting next_dagrun for example_time_delta_sensor_async to None, run_after=None
[2024-12-04T17:32:05.275+0000] {processor.py:208} INFO - Processing /home/airflow/.local/lib/python3.12/site-packages/airflow/example_dags/example_time_delta_sensor_async.py took 0.092 seconds
[2024-12-04T17:32:35.751+0000] {processor.py:186} INFO - Started process (PID=2536) to work on /home/airflow/.local/lib/python3.12/site-packages/airflow/example_dags/example_time_delta_sensor_async.py
[2024-12-04T17:32:35.752+0000] {processor.py:914} INFO - Processing file /home/airflow/.local/lib/python3.12/site-packages/airflow/example_dags/example_time_delta_sensor_async.py for tasks to queue
[2024-12-04T17:32:35.755+0000] {logging_mixin.py:190} INFO - [2024-12-04T17:32:35.755+0000] {dagbag.py:588} INFO - Filling up the DagBag from /home/airflow/.local/lib/python3.12/site-packages/airflow/example_dags/example_time_delta_sensor_async.py
[2024-12-04T17:32:35.765+0000] {processor.py:925} INFO - DAG(s) 'example_time_delta_sensor_async' retrieved from /home/airflow/.local/lib/python3.12/site-packages/airflow/example_dags/example_time_delta_sensor_async.py
[2024-12-04T17:32:35.785+0000] {logging_mixin.py:190} INFO - [2024-12-04T17:32:35.785+0000] {dag.py:3239} INFO - Sync 1 DAGs
[2024-12-04T17:32:35.798+0000] {logging_mixin.py:190} INFO - [2024-12-04T17:32:35.797+0000] {dag.py:4180} INFO - Setting next_dagrun for example_time_delta_sensor_async to None, run_after=None
[2024-12-04T17:32:35.814+0000] {processor.py:208} INFO - Processing /home/airflow/.local/lib/python3.12/site-packages/airflow/example_dags/example_time_delta_sensor_async.py took 0.073 seconds
