[2024-12-04T17:12:22.821+0000] {processor.py:186} INFO - Started process (PID=101) to work on /home/airflow/.local/lib/python3.12/site-packages/airflow/example_dags/example_sla_dag.py
[2024-12-04T17:12:22.824+0000] {processor.py:914} INFO - Processing file /home/airflow/.local/lib/python3.12/site-packages/airflow/example_dags/example_sla_dag.py for tasks to queue
[2024-12-04T17:12:22.826+0000] {logging_mixin.py:190} INFO - [2024-12-04T17:12:22.826+0000] {dagbag.py:588} INFO - Filling up the DagBag from /home/airflow/.local/lib/python3.12/site-packages/airflow/example_dags/example_sla_dag.py
[2024-12-04T17:12:22.834+0000] {processor.py:925} INFO - DAG(s) 'example_sla_dag' retrieved from /home/airflow/.local/lib/python3.12/site-packages/airflow/example_dags/example_sla_dag.py
[2024-12-04T17:12:22.892+0000] {logging_mixin.py:190} INFO - [2024-12-04T17:12:22.892+0000] {override.py:1911} INFO - Created Permission View: can read on DAG:example_sla_dag
[2024-12-04T17:12:22.900+0000] {logging_mixin.py:190} INFO - [2024-12-04T17:12:22.900+0000] {override.py:1911} INFO - Created Permission View: can delete on DAG:example_sla_dag
[2024-12-04T17:12:22.904+0000] {logging_mixin.py:190} INFO - [2024-12-04T17:12:22.904+0000] {override.py:1911} INFO - Created Permission View: can edit on DAG:example_sla_dag
[2024-12-04T17:12:22.907+0000] {logging_mixin.py:190} INFO - [2024-12-04T17:12:22.907+0000] {override.py:1911} INFO - Created Permission View: menu access on DAG Run:example_sla_dag
[2024-12-04T17:12:22.911+0000] {logging_mixin.py:190} INFO - [2024-12-04T17:12:22.911+0000] {override.py:1911} INFO - Created Permission View: can delete on DAG Run:example_sla_dag
[2024-12-04T17:12:22.914+0000] {logging_mixin.py:190} INFO - [2024-12-04T17:12:22.914+0000] {override.py:1911} INFO - Created Permission View: can read on DAG Run:example_sla_dag
[2024-12-04T17:12:22.920+0000] {logging_mixin.py:190} INFO - [2024-12-04T17:12:22.920+0000] {override.py:1911} INFO - Created Permission View: can create on DAG Run:example_sla_dag
[2024-12-04T17:12:22.921+0000] {logging_mixin.py:190} INFO - [2024-12-04T17:12:22.921+0000] {dag.py:3239} INFO - Sync 1 DAGs
[2024-12-04T17:12:22.933+0000] {logging_mixin.py:190} INFO - [2024-12-04T17:12:22.933+0000] {dag.py:3262} INFO - Creating ORM DAG for example_sla_dag
[2024-12-04T17:12:22.941+0000] {logging_mixin.py:190} INFO - [2024-12-04T17:12:22.941+0000] {dag.py:4180} INFO - Setting next_dagrun for example_sla_dag to 2024-12-04 17:10:00+00:00, run_after=2024-12-04 17:12:00+00:00
[2024-12-04T17:12:22.950+0000] {processor.py:208} INFO - Processing /home/airflow/.local/lib/python3.12/site-packages/airflow/example_dags/example_sla_dag.py took 0.133 seconds
[2024-12-04T17:12:53.512+0000] {processor.py:186} INFO - Started process (PID=164) to work on /home/airflow/.local/lib/python3.12/site-packages/airflow/example_dags/example_sla_dag.py
[2024-12-04T17:12:53.516+0000] {processor.py:914} INFO - Processing file /home/airflow/.local/lib/python3.12/site-packages/airflow/example_dags/example_sla_dag.py for tasks to queue
[2024-12-04T17:12:53.517+0000] {logging_mixin.py:190} INFO - [2024-12-04T17:12:53.517+0000] {dagbag.py:588} INFO - Filling up the DagBag from /home/airflow/.local/lib/python3.12/site-packages/airflow/example_dags/example_sla_dag.py
[2024-12-04T17:12:53.524+0000] {processor.py:925} INFO - DAG(s) 'example_sla_dag' retrieved from /home/airflow/.local/lib/python3.12/site-packages/airflow/example_dags/example_sla_dag.py
[2024-12-04T17:12:53.539+0000] {logging_mixin.py:190} INFO - [2024-12-04T17:12:53.539+0000] {dag.py:3239} INFO - Sync 1 DAGs
[2024-12-04T17:12:53.554+0000] {logging_mixin.py:190} INFO - [2024-12-04T17:12:53.554+0000] {dag.py:4180} INFO - Setting next_dagrun for example_sla_dag to 2024-12-04 17:10:00+00:00, run_after=2024-12-04 17:12:00+00:00
[2024-12-04T17:12:53.564+0000] {processor.py:208} INFO - Processing /home/airflow/.local/lib/python3.12/site-packages/airflow/example_dags/example_sla_dag.py took 0.055 seconds
[2024-12-04T17:13:23.995+0000] {processor.py:186} INFO - Started process (PID=227) to work on /home/airflow/.local/lib/python3.12/site-packages/airflow/example_dags/example_sla_dag.py
[2024-12-04T17:13:23.996+0000] {processor.py:914} INFO - Processing file /home/airflow/.local/lib/python3.12/site-packages/airflow/example_dags/example_sla_dag.py for tasks to queue
[2024-12-04T17:13:23.997+0000] {logging_mixin.py:190} INFO - [2024-12-04T17:13:23.997+0000] {dagbag.py:588} INFO - Filling up the DagBag from /home/airflow/.local/lib/python3.12/site-packages/airflow/example_dags/example_sla_dag.py
[2024-12-04T17:13:24.003+0000] {processor.py:925} INFO - DAG(s) 'example_sla_dag' retrieved from /home/airflow/.local/lib/python3.12/site-packages/airflow/example_dags/example_sla_dag.py
[2024-12-04T17:13:24.015+0000] {logging_mixin.py:190} INFO - [2024-12-04T17:13:24.014+0000] {dag.py:3239} INFO - Sync 1 DAGs
[2024-12-04T17:13:24.029+0000] {logging_mixin.py:190} INFO - [2024-12-04T17:13:24.029+0000] {dag.py:4180} INFO - Setting next_dagrun for example_sla_dag to 2024-12-04 17:10:00+00:00, run_after=2024-12-04 17:12:00+00:00
[2024-12-04T17:13:24.037+0000] {processor.py:208} INFO - Processing /home/airflow/.local/lib/python3.12/site-packages/airflow/example_dags/example_sla_dag.py took 0.046 seconds
[2024-12-04T17:13:55.354+0000] {processor.py:186} INFO - Started process (PID=289) to work on /home/airflow/.local/lib/python3.12/site-packages/airflow/example_dags/example_sla_dag.py
[2024-12-04T17:13:55.355+0000] {processor.py:914} INFO - Processing file /home/airflow/.local/lib/python3.12/site-packages/airflow/example_dags/example_sla_dag.py for tasks to queue
[2024-12-04T17:13:55.356+0000] {logging_mixin.py:190} INFO - [2024-12-04T17:13:55.356+0000] {dagbag.py:588} INFO - Filling up the DagBag from /home/airflow/.local/lib/python3.12/site-packages/airflow/example_dags/example_sla_dag.py
[2024-12-04T17:13:55.361+0000] {processor.py:925} INFO - DAG(s) 'example_sla_dag' retrieved from /home/airflow/.local/lib/python3.12/site-packages/airflow/example_dags/example_sla_dag.py
[2024-12-04T17:13:55.370+0000] {logging_mixin.py:190} INFO - [2024-12-04T17:13:55.370+0000] {dag.py:3239} INFO - Sync 1 DAGs
[2024-12-04T17:13:55.381+0000] {logging_mixin.py:190} INFO - [2024-12-04T17:13:55.381+0000] {dag.py:4180} INFO - Setting next_dagrun for example_sla_dag to 2024-12-04 17:10:00+00:00, run_after=2024-12-04 17:12:00+00:00
[2024-12-04T17:13:55.388+0000] {processor.py:208} INFO - Processing /home/airflow/.local/lib/python3.12/site-packages/airflow/example_dags/example_sla_dag.py took 0.037 seconds
[2024-12-04T17:14:26.808+0000] {processor.py:186} INFO - Started process (PID=352) to work on /home/airflow/.local/lib/python3.12/site-packages/airflow/example_dags/example_sla_dag.py
[2024-12-04T17:14:26.809+0000] {processor.py:914} INFO - Processing file /home/airflow/.local/lib/python3.12/site-packages/airflow/example_dags/example_sla_dag.py for tasks to queue
[2024-12-04T17:14:26.810+0000] {logging_mixin.py:190} INFO - [2024-12-04T17:14:26.810+0000] {dagbag.py:588} INFO - Filling up the DagBag from /home/airflow/.local/lib/python3.12/site-packages/airflow/example_dags/example_sla_dag.py
[2024-12-04T17:14:26.815+0000] {processor.py:925} INFO - DAG(s) 'example_sla_dag' retrieved from /home/airflow/.local/lib/python3.12/site-packages/airflow/example_dags/example_sla_dag.py
[2024-12-04T17:14:26.825+0000] {logging_mixin.py:190} INFO - [2024-12-04T17:14:26.825+0000] {dag.py:3239} INFO - Sync 1 DAGs
[2024-12-04T17:14:26.839+0000] {logging_mixin.py:190} INFO - [2024-12-04T17:14:26.839+0000] {dag.py:4180} INFO - Setting next_dagrun for example_sla_dag to 2024-12-04 17:12:00+00:00, run_after=2024-12-04 17:14:00+00:00
[2024-12-04T17:14:26.853+0000] {processor.py:208} INFO - Processing /home/airflow/.local/lib/python3.12/site-packages/airflow/example_dags/example_sla_dag.py took 0.048 seconds
[2024-12-04T17:14:58.388+0000] {processor.py:186} INFO - Started process (PID=415) to work on /home/airflow/.local/lib/python3.12/site-packages/airflow/example_dags/example_sla_dag.py
[2024-12-04T17:14:58.389+0000] {processor.py:914} INFO - Processing file /home/airflow/.local/lib/python3.12/site-packages/airflow/example_dags/example_sla_dag.py for tasks to queue
[2024-12-04T17:14:58.392+0000] {logging_mixin.py:190} INFO - [2024-12-04T17:14:58.392+0000] {dagbag.py:588} INFO - Filling up the DagBag from /home/airflow/.local/lib/python3.12/site-packages/airflow/example_dags/example_sla_dag.py
[2024-12-04T17:14:58.401+0000] {processor.py:925} INFO - DAG(s) 'example_sla_dag' retrieved from /home/airflow/.local/lib/python3.12/site-packages/airflow/example_dags/example_sla_dag.py
[2024-12-04T17:14:58.415+0000] {logging_mixin.py:190} INFO - [2024-12-04T17:14:58.415+0000] {dag.py:3239} INFO - Sync 1 DAGs
[2024-12-04T17:14:58.431+0000] {logging_mixin.py:190} INFO - [2024-12-04T17:14:58.431+0000] {dag.py:4180} INFO - Setting next_dagrun for example_sla_dag to 2024-12-04 17:12:00+00:00, run_after=2024-12-04 17:14:00+00:00
[2024-12-04T17:14:58.448+0000] {processor.py:208} INFO - Processing /home/airflow/.local/lib/python3.12/site-packages/airflow/example_dags/example_sla_dag.py took 0.063 seconds
[2024-12-04T17:15:29.187+0000] {processor.py:186} INFO - Started process (PID=478) to work on /home/airflow/.local/lib/python3.12/site-packages/airflow/example_dags/example_sla_dag.py
[2024-12-04T17:15:29.188+0000] {processor.py:914} INFO - Processing file /home/airflow/.local/lib/python3.12/site-packages/airflow/example_dags/example_sla_dag.py for tasks to queue
[2024-12-04T17:15:29.189+0000] {logging_mixin.py:190} INFO - [2024-12-04T17:15:29.189+0000] {dagbag.py:588} INFO - Filling up the DagBag from /home/airflow/.local/lib/python3.12/site-packages/airflow/example_dags/example_sla_dag.py
[2024-12-04T17:15:29.196+0000] {processor.py:925} INFO - DAG(s) 'example_sla_dag' retrieved from /home/airflow/.local/lib/python3.12/site-packages/airflow/example_dags/example_sla_dag.py
[2024-12-04T17:15:29.209+0000] {logging_mixin.py:190} INFO - [2024-12-04T17:15:29.209+0000] {dag.py:3239} INFO - Sync 1 DAGs
[2024-12-04T17:15:29.224+0000] {logging_mixin.py:190} INFO - [2024-12-04T17:15:29.224+0000] {dag.py:4180} INFO - Setting next_dagrun for example_sla_dag to 2024-12-04 17:12:00+00:00, run_after=2024-12-04 17:14:00+00:00
[2024-12-04T17:15:29.235+0000] {processor.py:208} INFO - Processing /home/airflow/.local/lib/python3.12/site-packages/airflow/example_dags/example_sla_dag.py took 0.052 seconds
[2024-12-04T17:16:00.689+0000] {processor.py:186} INFO - Started process (PID=541) to work on /home/airflow/.local/lib/python3.12/site-packages/airflow/example_dags/example_sla_dag.py
[2024-12-04T17:16:00.690+0000] {processor.py:914} INFO - Processing file /home/airflow/.local/lib/python3.12/site-packages/airflow/example_dags/example_sla_dag.py for tasks to queue
[2024-12-04T17:16:00.691+0000] {logging_mixin.py:190} INFO - [2024-12-04T17:16:00.691+0000] {dagbag.py:588} INFO - Filling up the DagBag from /home/airflow/.local/lib/python3.12/site-packages/airflow/example_dags/example_sla_dag.py
[2024-12-04T17:16:00.697+0000] {processor.py:925} INFO - DAG(s) 'example_sla_dag' retrieved from /home/airflow/.local/lib/python3.12/site-packages/airflow/example_dags/example_sla_dag.py
[2024-12-04T17:16:00.707+0000] {logging_mixin.py:190} INFO - [2024-12-04T17:16:00.707+0000] {dag.py:3239} INFO - Sync 1 DAGs
[2024-12-04T17:16:00.721+0000] {logging_mixin.py:190} INFO - [2024-12-04T17:16:00.721+0000] {dag.py:4180} INFO - Setting next_dagrun for example_sla_dag to 2024-12-04 17:14:00+00:00, run_after=2024-12-04 17:16:00+00:00
[2024-12-04T17:16:00.734+0000] {processor.py:208} INFO - Processing /home/airflow/.local/lib/python3.12/site-packages/airflow/example_dags/example_sla_dag.py took 0.049 seconds
[2024-12-04T17:16:32.010+0000] {processor.py:186} INFO - Started process (PID=604) to work on /home/airflow/.local/lib/python3.12/site-packages/airflow/example_dags/example_sla_dag.py
[2024-12-04T17:16:32.012+0000] {processor.py:914} INFO - Processing file /home/airflow/.local/lib/python3.12/site-packages/airflow/example_dags/example_sla_dag.py for tasks to queue
[2024-12-04T17:16:32.014+0000] {logging_mixin.py:190} INFO - [2024-12-04T17:16:32.014+0000] {dagbag.py:588} INFO - Filling up the DagBag from /home/airflow/.local/lib/python3.12/site-packages/airflow/example_dags/example_sla_dag.py
[2024-12-04T17:16:32.020+0000] {processor.py:925} INFO - DAG(s) 'example_sla_dag' retrieved from /home/airflow/.local/lib/python3.12/site-packages/airflow/example_dags/example_sla_dag.py
[2024-12-04T17:16:32.031+0000] {logging_mixin.py:190} INFO - [2024-12-04T17:16:32.030+0000] {dag.py:3239} INFO - Sync 1 DAGs
[2024-12-04T17:16:32.043+0000] {logging_mixin.py:190} INFO - [2024-12-04T17:16:32.043+0000] {dag.py:4180} INFO - Setting next_dagrun for example_sla_dag to 2024-12-04 17:14:00+00:00, run_after=2024-12-04 17:16:00+00:00
[2024-12-04T17:16:32.054+0000] {processor.py:208} INFO - Processing /home/airflow/.local/lib/python3.12/site-packages/airflow/example_dags/example_sla_dag.py took 0.047 seconds
[2024-12-04T17:17:02.796+0000] {processor.py:186} INFO - Started process (PID=667) to work on /home/airflow/.local/lib/python3.12/site-packages/airflow/example_dags/example_sla_dag.py
[2024-12-04T17:17:02.797+0000] {processor.py:914} INFO - Processing file /home/airflow/.local/lib/python3.12/site-packages/airflow/example_dags/example_sla_dag.py for tasks to queue
[2024-12-04T17:17:02.798+0000] {logging_mixin.py:190} INFO - [2024-12-04T17:17:02.798+0000] {dagbag.py:588} INFO - Filling up the DagBag from /home/airflow/.local/lib/python3.12/site-packages/airflow/example_dags/example_sla_dag.py
[2024-12-04T17:17:02.803+0000] {processor.py:925} INFO - DAG(s) 'example_sla_dag' retrieved from /home/airflow/.local/lib/python3.12/site-packages/airflow/example_dags/example_sla_dag.py
[2024-12-04T17:17:02.813+0000] {logging_mixin.py:190} INFO - [2024-12-04T17:17:02.813+0000] {dag.py:3239} INFO - Sync 1 DAGs
[2024-12-04T17:17:02.827+0000] {logging_mixin.py:190} INFO - [2024-12-04T17:17:02.827+0000] {dag.py:4180} INFO - Setting next_dagrun for example_sla_dag to 2024-12-04 17:14:00+00:00, run_after=2024-12-04 17:16:00+00:00
[2024-12-04T17:17:02.836+0000] {processor.py:208} INFO - Processing /home/airflow/.local/lib/python3.12/site-packages/airflow/example_dags/example_sla_dag.py took 0.043 seconds
[2024-12-04T17:17:34.308+0000] {processor.py:186} INFO - Started process (PID=730) to work on /home/airflow/.local/lib/python3.12/site-packages/airflow/example_dags/example_sla_dag.py
[2024-12-04T17:17:34.308+0000] {processor.py:914} INFO - Processing file /home/airflow/.local/lib/python3.12/site-packages/airflow/example_dags/example_sla_dag.py for tasks to queue
[2024-12-04T17:17:34.309+0000] {logging_mixin.py:190} INFO - [2024-12-04T17:17:34.309+0000] {dagbag.py:588} INFO - Filling up the DagBag from /home/airflow/.local/lib/python3.12/site-packages/airflow/example_dags/example_sla_dag.py
[2024-12-04T17:17:34.315+0000] {processor.py:925} INFO - DAG(s) 'example_sla_dag' retrieved from /home/airflow/.local/lib/python3.12/site-packages/airflow/example_dags/example_sla_dag.py
[2024-12-04T17:17:34.324+0000] {logging_mixin.py:190} INFO - [2024-12-04T17:17:34.324+0000] {dag.py:3239} INFO - Sync 1 DAGs
[2024-12-04T17:17:34.335+0000] {logging_mixin.py:190} INFO - [2024-12-04T17:17:34.335+0000] {dag.py:4180} INFO - Setting next_dagrun for example_sla_dag to 2024-12-04 17:14:00+00:00, run_after=2024-12-04 17:16:00+00:00
[2024-12-04T17:17:34.342+0000] {processor.py:208} INFO - Processing /home/airflow/.local/lib/python3.12/site-packages/airflow/example_dags/example_sla_dag.py took 0.037 seconds
[2024-12-04T17:18:05.819+0000] {processor.py:186} INFO - Started process (PID=793) to work on /home/airflow/.local/lib/python3.12/site-packages/airflow/example_dags/example_sla_dag.py
[2024-12-04T17:18:05.820+0000] {processor.py:914} INFO - Processing file /home/airflow/.local/lib/python3.12/site-packages/airflow/example_dags/example_sla_dag.py for tasks to queue
[2024-12-04T17:18:05.822+0000] {logging_mixin.py:190} INFO - [2024-12-04T17:18:05.821+0000] {dagbag.py:588} INFO - Filling up the DagBag from /home/airflow/.local/lib/python3.12/site-packages/airflow/example_dags/example_sla_dag.py
[2024-12-04T17:18:05.830+0000] {processor.py:925} INFO - DAG(s) 'example_sla_dag' retrieved from /home/airflow/.local/lib/python3.12/site-packages/airflow/example_dags/example_sla_dag.py
[2024-12-04T17:18:05.845+0000] {logging_mixin.py:190} INFO - [2024-12-04T17:18:05.845+0000] {dag.py:3239} INFO - Sync 1 DAGs
[2024-12-04T17:18:05.862+0000] {logging_mixin.py:190} INFO - [2024-12-04T17:18:05.862+0000] {dag.py:4180} INFO - Setting next_dagrun for example_sla_dag to 2024-12-04 17:16:00+00:00, run_after=2024-12-04 17:18:00+00:00
[2024-12-04T17:18:05.876+0000] {processor.py:208} INFO - Processing /home/airflow/.local/lib/python3.12/site-packages/airflow/example_dags/example_sla_dag.py took 0.062 seconds
[2024-12-04T17:18:38.407+0000] {processor.py:186} INFO - Started process (PID=856) to work on /home/airflow/.local/lib/python3.12/site-packages/airflow/example_dags/example_sla_dag.py
[2024-12-04T17:18:38.408+0000] {processor.py:914} INFO - Processing file /home/airflow/.local/lib/python3.12/site-packages/airflow/example_dags/example_sla_dag.py for tasks to queue
[2024-12-04T17:18:38.410+0000] {logging_mixin.py:190} INFO - [2024-12-04T17:18:38.410+0000] {dagbag.py:588} INFO - Filling up the DagBag from /home/airflow/.local/lib/python3.12/site-packages/airflow/example_dags/example_sla_dag.py
[2024-12-04T17:18:38.416+0000] {processor.py:925} INFO - DAG(s) 'example_sla_dag' retrieved from /home/airflow/.local/lib/python3.12/site-packages/airflow/example_dags/example_sla_dag.py
[2024-12-04T17:18:38.432+0000] {logging_mixin.py:190} INFO - [2024-12-04T17:18:38.432+0000] {dag.py:3239} INFO - Sync 1 DAGs
[2024-12-04T17:18:38.447+0000] {logging_mixin.py:190} INFO - [2024-12-04T17:18:38.447+0000] {dag.py:4180} INFO - Setting next_dagrun for example_sla_dag to 2024-12-04 17:16:00+00:00, run_after=2024-12-04 17:18:00+00:00
[2024-12-04T17:18:38.461+0000] {processor.py:208} INFO - Processing /home/airflow/.local/lib/python3.12/site-packages/airflow/example_dags/example_sla_dag.py took 0.056 seconds
[2024-12-04T17:19:09.265+0000] {processor.py:186} INFO - Started process (PID=919) to work on /home/airflow/.local/lib/python3.12/site-packages/airflow/example_dags/example_sla_dag.py
[2024-12-04T17:19:09.266+0000] {processor.py:914} INFO - Processing file /home/airflow/.local/lib/python3.12/site-packages/airflow/example_dags/example_sla_dag.py for tasks to queue
[2024-12-04T17:19:09.267+0000] {logging_mixin.py:190} INFO - [2024-12-04T17:19:09.267+0000] {dagbag.py:588} INFO - Filling up the DagBag from /home/airflow/.local/lib/python3.12/site-packages/airflow/example_dags/example_sla_dag.py
[2024-12-04T17:19:09.273+0000] {processor.py:925} INFO - DAG(s) 'example_sla_dag' retrieved from /home/airflow/.local/lib/python3.12/site-packages/airflow/example_dags/example_sla_dag.py
[2024-12-04T17:19:09.289+0000] {logging_mixin.py:190} INFO - [2024-12-04T17:19:09.289+0000] {dag.py:3239} INFO - Sync 1 DAGs
[2024-12-04T17:19:09.302+0000] {logging_mixin.py:190} INFO - [2024-12-04T17:19:09.302+0000] {dag.py:4180} INFO - Setting next_dagrun for example_sla_dag to 2024-12-04 17:16:00+00:00, run_after=2024-12-04 17:18:00+00:00
[2024-12-04T17:19:09.310+0000] {processor.py:208} INFO - Processing /home/airflow/.local/lib/python3.12/site-packages/airflow/example_dags/example_sla_dag.py took 0.049 seconds
[2024-12-04T17:19:40.696+0000] {processor.py:186} INFO - Started process (PID=982) to work on /home/airflow/.local/lib/python3.12/site-packages/airflow/example_dags/example_sla_dag.py
[2024-12-04T17:19:40.698+0000] {processor.py:914} INFO - Processing file /home/airflow/.local/lib/python3.12/site-packages/airflow/example_dags/example_sla_dag.py for tasks to queue
[2024-12-04T17:19:40.700+0000] {logging_mixin.py:190} INFO - [2024-12-04T17:19:40.699+0000] {dagbag.py:588} INFO - Filling up the DagBag from /home/airflow/.local/lib/python3.12/site-packages/airflow/example_dags/example_sla_dag.py
[2024-12-04T17:19:40.709+0000] {processor.py:925} INFO - DAG(s) 'example_sla_dag' retrieved from /home/airflow/.local/lib/python3.12/site-packages/airflow/example_dags/example_sla_dag.py
[2024-12-04T17:19:40.725+0000] {logging_mixin.py:190} INFO - [2024-12-04T17:19:40.725+0000] {dag.py:3239} INFO - Sync 1 DAGs
[2024-12-04T17:19:40.745+0000] {logging_mixin.py:190} INFO - [2024-12-04T17:19:40.744+0000] {dag.py:4180} INFO - Setting next_dagrun for example_sla_dag to 2024-12-04 17:16:00+00:00, run_after=2024-12-04 17:18:00+00:00
[2024-12-04T17:19:40.756+0000] {processor.py:208} INFO - Processing /home/airflow/.local/lib/python3.12/site-packages/airflow/example_dags/example_sla_dag.py took 0.062 seconds
[2024-12-04T17:20:12.007+0000] {processor.py:186} INFO - Started process (PID=1045) to work on /home/airflow/.local/lib/python3.12/site-packages/airflow/example_dags/example_sla_dag.py
[2024-12-04T17:20:12.009+0000] {processor.py:914} INFO - Processing file /home/airflow/.local/lib/python3.12/site-packages/airflow/example_dags/example_sla_dag.py for tasks to queue
[2024-12-04T17:20:12.011+0000] {logging_mixin.py:190} INFO - [2024-12-04T17:20:12.010+0000] {dagbag.py:588} INFO - Filling up the DagBag from /home/airflow/.local/lib/python3.12/site-packages/airflow/example_dags/example_sla_dag.py
[2024-12-04T17:20:12.016+0000] {processor.py:925} INFO - DAG(s) 'example_sla_dag' retrieved from /home/airflow/.local/lib/python3.12/site-packages/airflow/example_dags/example_sla_dag.py
[2024-12-04T17:20:12.027+0000] {logging_mixin.py:190} INFO - [2024-12-04T17:20:12.027+0000] {dag.py:3239} INFO - Sync 1 DAGs
[2024-12-04T17:20:12.042+0000] {logging_mixin.py:190} INFO - [2024-12-04T17:20:12.042+0000] {dag.py:4180} INFO - Setting next_dagrun for example_sla_dag to 2024-12-04 17:18:00+00:00, run_after=2024-12-04 17:20:00+00:00
[2024-12-04T17:20:12.054+0000] {processor.py:208} INFO - Processing /home/airflow/.local/lib/python3.12/site-packages/airflow/example_dags/example_sla_dag.py took 0.051 seconds
[2024-12-04T17:20:43.426+0000] {processor.py:186} INFO - Started process (PID=1108) to work on /home/airflow/.local/lib/python3.12/site-packages/airflow/example_dags/example_sla_dag.py
[2024-12-04T17:20:43.427+0000] {processor.py:914} INFO - Processing file /home/airflow/.local/lib/python3.12/site-packages/airflow/example_dags/example_sla_dag.py for tasks to queue
[2024-12-04T17:20:43.429+0000] {logging_mixin.py:190} INFO - [2024-12-04T17:20:43.429+0000] {dagbag.py:588} INFO - Filling up the DagBag from /home/airflow/.local/lib/python3.12/site-packages/airflow/example_dags/example_sla_dag.py
[2024-12-04T17:20:43.435+0000] {processor.py:925} INFO - DAG(s) 'example_sla_dag' retrieved from /home/airflow/.local/lib/python3.12/site-packages/airflow/example_dags/example_sla_dag.py
[2024-12-04T17:20:43.444+0000] {logging_mixin.py:190} INFO - [2024-12-04T17:20:43.444+0000] {dag.py:3239} INFO - Sync 1 DAGs
[2024-12-04T17:20:43.457+0000] {logging_mixin.py:190} INFO - [2024-12-04T17:20:43.457+0000] {dag.py:4180} INFO - Setting next_dagrun for example_sla_dag to 2024-12-04 17:18:00+00:00, run_after=2024-12-04 17:20:00+00:00
[2024-12-04T17:20:43.467+0000] {processor.py:208} INFO - Processing /home/airflow/.local/lib/python3.12/site-packages/airflow/example_dags/example_sla_dag.py took 0.045 seconds
[2024-12-04T17:21:15.475+0000] {processor.py:186} INFO - Started process (PID=1171) to work on /home/airflow/.local/lib/python3.12/site-packages/airflow/example_dags/example_sla_dag.py
[2024-12-04T17:21:15.476+0000] {processor.py:914} INFO - Processing file /home/airflow/.local/lib/python3.12/site-packages/airflow/example_dags/example_sla_dag.py for tasks to queue
[2024-12-04T17:21:15.477+0000] {logging_mixin.py:190} INFO - [2024-12-04T17:21:15.477+0000] {dagbag.py:588} INFO - Filling up the DagBag from /home/airflow/.local/lib/python3.12/site-packages/airflow/example_dags/example_sla_dag.py
[2024-12-04T17:21:15.487+0000] {processor.py:925} INFO - DAG(s) 'example_sla_dag' retrieved from /home/airflow/.local/lib/python3.12/site-packages/airflow/example_dags/example_sla_dag.py
[2024-12-04T17:21:15.507+0000] {logging_mixin.py:190} INFO - [2024-12-04T17:21:15.507+0000] {dag.py:3239} INFO - Sync 1 DAGs
[2024-12-04T17:21:15.596+0000] {logging_mixin.py:190} INFO - [2024-12-04T17:21:15.595+0000] {dag.py:4180} INFO - Setting next_dagrun for example_sla_dag to 2024-12-04 17:18:00+00:00, run_after=2024-12-04 17:20:00+00:00
[2024-12-04T17:21:15.651+0000] {processor.py:208} INFO - Processing /home/airflow/.local/lib/python3.12/site-packages/airflow/example_dags/example_sla_dag.py took 0.180 seconds
[2024-12-04T17:21:46.306+0000] {processor.py:186} INFO - Started process (PID=1234) to work on /home/airflow/.local/lib/python3.12/site-packages/airflow/example_dags/example_sla_dag.py
[2024-12-04T17:21:46.307+0000] {processor.py:914} INFO - Processing file /home/airflow/.local/lib/python3.12/site-packages/airflow/example_dags/example_sla_dag.py for tasks to queue
[2024-12-04T17:21:46.308+0000] {logging_mixin.py:190} INFO - [2024-12-04T17:21:46.308+0000] {dagbag.py:588} INFO - Filling up the DagBag from /home/airflow/.local/lib/python3.12/site-packages/airflow/example_dags/example_sla_dag.py
[2024-12-04T17:21:46.319+0000] {processor.py:925} INFO - DAG(s) 'example_sla_dag' retrieved from /home/airflow/.local/lib/python3.12/site-packages/airflow/example_dags/example_sla_dag.py
[2024-12-04T17:21:46.340+0000] {logging_mixin.py:190} INFO - [2024-12-04T17:21:46.340+0000] {dag.py:3239} INFO - Sync 1 DAGs
[2024-12-04T17:21:46.357+0000] {logging_mixin.py:190} INFO - [2024-12-04T17:21:46.357+0000] {dag.py:4180} INFO - Setting next_dagrun for example_sla_dag to 2024-12-04 17:18:00+00:00, run_after=2024-12-04 17:20:00+00:00
[2024-12-04T17:21:46.367+0000] {processor.py:208} INFO - Processing /home/airflow/.local/lib/python3.12/site-packages/airflow/example_dags/example_sla_dag.py took 0.065 seconds
[2024-12-04T17:22:17.497+0000] {processor.py:186} INFO - Started process (PID=1297) to work on /home/airflow/.local/lib/python3.12/site-packages/airflow/example_dags/example_sla_dag.py
[2024-12-04T17:22:17.498+0000] {processor.py:914} INFO - Processing file /home/airflow/.local/lib/python3.12/site-packages/airflow/example_dags/example_sla_dag.py for tasks to queue
[2024-12-04T17:22:17.500+0000] {logging_mixin.py:190} INFO - [2024-12-04T17:22:17.499+0000] {dagbag.py:588} INFO - Filling up the DagBag from /home/airflow/.local/lib/python3.12/site-packages/airflow/example_dags/example_sla_dag.py
[2024-12-04T17:22:17.506+0000] {processor.py:925} INFO - DAG(s) 'example_sla_dag' retrieved from /home/airflow/.local/lib/python3.12/site-packages/airflow/example_dags/example_sla_dag.py
[2024-12-04T17:22:17.518+0000] {logging_mixin.py:190} INFO - [2024-12-04T17:22:17.518+0000] {dag.py:3239} INFO - Sync 1 DAGs
[2024-12-04T17:22:17.540+0000] {logging_mixin.py:190} INFO - [2024-12-04T17:22:17.540+0000] {dag.py:4180} INFO - Setting next_dagrun for example_sla_dag to 2024-12-04 17:20:00+00:00, run_after=2024-12-04 17:22:00+00:00
[2024-12-04T17:22:17.561+0000] {processor.py:208} INFO - Processing /home/airflow/.local/lib/python3.12/site-packages/airflow/example_dags/example_sla_dag.py took 0.068 seconds
[2024-12-04T17:22:59.307+0000] {processor.py:186} INFO - Started process (PID=1366) to work on /home/airflow/.local/lib/python3.12/site-packages/airflow/example_dags/example_sla_dag.py
[2024-12-04T17:22:59.309+0000] {processor.py:914} INFO - Processing file /home/airflow/.local/lib/python3.12/site-packages/airflow/example_dags/example_sla_dag.py for tasks to queue
[2024-12-04T17:22:59.315+0000] {logging_mixin.py:190} INFO - [2024-12-04T17:22:59.314+0000] {dagbag.py:588} INFO - Filling up the DagBag from /home/airflow/.local/lib/python3.12/site-packages/airflow/example_dags/example_sla_dag.py
[2024-12-04T17:22:59.355+0000] {processor.py:925} INFO - DAG(s) 'example_sla_dag' retrieved from /home/airflow/.local/lib/python3.12/site-packages/airflow/example_dags/example_sla_dag.py
[2024-12-04T17:22:59.419+0000] {logging_mixin.py:190} INFO - [2024-12-04T17:22:59.419+0000] {dag.py:3239} INFO - Sync 1 DAGs
[2024-12-04T17:22:59.454+0000] {logging_mixin.py:190} INFO - [2024-12-04T17:22:59.453+0000] {dag.py:4180} INFO - Setting next_dagrun for example_sla_dag to 2024-12-04 17:20:00+00:00, run_after=2024-12-04 17:22:00+00:00
[2024-12-04T17:22:59.480+0000] {processor.py:208} INFO - Processing /home/airflow/.local/lib/python3.12/site-packages/airflow/example_dags/example_sla_dag.py took 0.215 seconds
[2024-12-04T17:23:30.345+0000] {processor.py:186} INFO - Started process (PID=1429) to work on /home/airflow/.local/lib/python3.12/site-packages/airflow/example_dags/example_sla_dag.py
[2024-12-04T17:23:30.351+0000] {processor.py:914} INFO - Processing file /home/airflow/.local/lib/python3.12/site-packages/airflow/example_dags/example_sla_dag.py for tasks to queue
[2024-12-04T17:23:30.367+0000] {logging_mixin.py:190} INFO - [2024-12-04T17:23:30.367+0000] {dagbag.py:588} INFO - Filling up the DagBag from /home/airflow/.local/lib/python3.12/site-packages/airflow/example_dags/example_sla_dag.py
[2024-12-04T17:23:30.401+0000] {processor.py:925} INFO - DAG(s) 'example_sla_dag' retrieved from /home/airflow/.local/lib/python3.12/site-packages/airflow/example_dags/example_sla_dag.py
[2024-12-04T17:23:30.466+0000] {logging_mixin.py:190} INFO - [2024-12-04T17:23:30.466+0000] {dag.py:3239} INFO - Sync 1 DAGs
[2024-12-04T17:23:30.505+0000] {logging_mixin.py:190} INFO - [2024-12-04T17:23:30.504+0000] {dag.py:4180} INFO - Setting next_dagrun for example_sla_dag to 2024-12-04 17:20:00+00:00, run_after=2024-12-04 17:22:00+00:00
[2024-12-04T17:23:30.572+0000] {processor.py:208} INFO - Processing /home/airflow/.local/lib/python3.12/site-packages/airflow/example_dags/example_sla_dag.py took 0.259 seconds
[2024-12-04T17:24:00.722+0000] {processor.py:186} INFO - Started process (PID=1492) to work on /home/airflow/.local/lib/python3.12/site-packages/airflow/example_dags/example_sla_dag.py
[2024-12-04T17:24:00.725+0000] {processor.py:914} INFO - Processing file /home/airflow/.local/lib/python3.12/site-packages/airflow/example_dags/example_sla_dag.py for tasks to queue
[2024-12-04T17:24:00.737+0000] {logging_mixin.py:190} INFO - [2024-12-04T17:24:00.736+0000] {dagbag.py:588} INFO - Filling up the DagBag from /home/airflow/.local/lib/python3.12/site-packages/airflow/example_dags/example_sla_dag.py
[2024-12-04T17:24:00.774+0000] {processor.py:925} INFO - DAG(s) 'example_sla_dag' retrieved from /home/airflow/.local/lib/python3.12/site-packages/airflow/example_dags/example_sla_dag.py
[2024-12-04T17:24:00.818+0000] {logging_mixin.py:190} INFO - [2024-12-04T17:24:00.817+0000] {dag.py:3239} INFO - Sync 1 DAGs
[2024-12-04T17:24:00.857+0000] {logging_mixin.py:190} INFO - [2024-12-04T17:24:00.856+0000] {dag.py:4180} INFO - Setting next_dagrun for example_sla_dag to 2024-12-04 17:22:00+00:00, run_after=2024-12-04 17:24:00+00:00
[2024-12-04T17:24:00.880+0000] {processor.py:208} INFO - Processing /home/airflow/.local/lib/python3.12/site-packages/airflow/example_dags/example_sla_dag.py took 0.165 seconds
[2024-12-04T17:24:36.512+0000] {processor.py:186} INFO - Started process (PID=1554) to work on /home/airflow/.local/lib/python3.12/site-packages/airflow/example_dags/example_sla_dag.py
[2024-12-04T17:24:36.514+0000] {processor.py:914} INFO - Processing file /home/airflow/.local/lib/python3.12/site-packages/airflow/example_dags/example_sla_dag.py for tasks to queue
[2024-12-04T17:24:36.517+0000] {logging_mixin.py:190} INFO - [2024-12-04T17:24:36.516+0000] {dagbag.py:588} INFO - Filling up the DagBag from /home/airflow/.local/lib/python3.12/site-packages/airflow/example_dags/example_sla_dag.py
[2024-12-04T17:24:36.549+0000] {processor.py:925} INFO - DAG(s) 'example_sla_dag' retrieved from /home/airflow/.local/lib/python3.12/site-packages/airflow/example_dags/example_sla_dag.py
[2024-12-04T17:24:36.602+0000] {logging_mixin.py:190} INFO - [2024-12-04T17:24:36.601+0000] {dag.py:3239} INFO - Sync 1 DAGs
[2024-12-04T17:24:36.650+0000] {logging_mixin.py:190} INFO - [2024-12-04T17:24:36.649+0000] {dag.py:4180} INFO - Setting next_dagrun for example_sla_dag to 2024-12-04 17:22:00+00:00, run_after=2024-12-04 17:24:00+00:00
[2024-12-04T17:24:36.678+0000] {processor.py:208} INFO - Processing /home/airflow/.local/lib/python3.12/site-packages/airflow/example_dags/example_sla_dag.py took 0.183 seconds
[2024-12-04T17:25:06.946+0000] {processor.py:186} INFO - Started process (PID=1617) to work on /home/airflow/.local/lib/python3.12/site-packages/airflow/example_dags/example_sla_dag.py
[2024-12-04T17:25:06.947+0000] {processor.py:914} INFO - Processing file /home/airflow/.local/lib/python3.12/site-packages/airflow/example_dags/example_sla_dag.py for tasks to queue
[2024-12-04T17:25:06.948+0000] {logging_mixin.py:190} INFO - [2024-12-04T17:25:06.948+0000] {dagbag.py:588} INFO - Filling up the DagBag from /home/airflow/.local/lib/python3.12/site-packages/airflow/example_dags/example_sla_dag.py
[2024-12-04T17:25:06.953+0000] {processor.py:925} INFO - DAG(s) 'example_sla_dag' retrieved from /home/airflow/.local/lib/python3.12/site-packages/airflow/example_dags/example_sla_dag.py
[2024-12-04T17:25:06.967+0000] {logging_mixin.py:190} INFO - [2024-12-04T17:25:06.966+0000] {dag.py:3239} INFO - Sync 1 DAGs
[2024-12-04T17:25:06.978+0000] {logging_mixin.py:190} INFO - [2024-12-04T17:25:06.978+0000] {dag.py:4180} INFO - Setting next_dagrun for example_sla_dag to 2024-12-04 17:22:00+00:00, run_after=2024-12-04 17:24:00+00:00
[2024-12-04T17:25:06.993+0000] {processor.py:208} INFO - Processing /home/airflow/.local/lib/python3.12/site-packages/airflow/example_dags/example_sla_dag.py took 0.050 seconds
[2024-12-04T17:25:37.303+0000] {processor.py:186} INFO - Started process (PID=1680) to work on /home/airflow/.local/lib/python3.12/site-packages/airflow/example_dags/example_sla_dag.py
[2024-12-04T17:25:37.304+0000] {processor.py:914} INFO - Processing file /home/airflow/.local/lib/python3.12/site-packages/airflow/example_dags/example_sla_dag.py for tasks to queue
[2024-12-04T17:25:37.306+0000] {logging_mixin.py:190} INFO - [2024-12-04T17:25:37.306+0000] {dagbag.py:588} INFO - Filling up the DagBag from /home/airflow/.local/lib/python3.12/site-packages/airflow/example_dags/example_sla_dag.py
[2024-12-04T17:25:37.312+0000] {processor.py:925} INFO - DAG(s) 'example_sla_dag' retrieved from /home/airflow/.local/lib/python3.12/site-packages/airflow/example_dags/example_sla_dag.py
[2024-12-04T17:25:37.336+0000] {logging_mixin.py:190} INFO - [2024-12-04T17:25:37.336+0000] {dag.py:3239} INFO - Sync 1 DAGs
[2024-12-04T17:25:37.355+0000] {logging_mixin.py:190} INFO - [2024-12-04T17:25:37.355+0000] {dag.py:4180} INFO - Setting next_dagrun for example_sla_dag to 2024-12-04 17:22:00+00:00, run_after=2024-12-04 17:24:00+00:00
[2024-12-04T17:25:37.378+0000] {processor.py:208} INFO - Processing /home/airflow/.local/lib/python3.12/site-packages/airflow/example_dags/example_sla_dag.py took 0.082 seconds
[2024-12-04T17:26:07.886+0000] {processor.py:186} INFO - Started process (PID=1743) to work on /home/airflow/.local/lib/python3.12/site-packages/airflow/example_dags/example_sla_dag.py
[2024-12-04T17:26:07.887+0000] {processor.py:914} INFO - Processing file /home/airflow/.local/lib/python3.12/site-packages/airflow/example_dags/example_sla_dag.py for tasks to queue
[2024-12-04T17:26:07.890+0000] {logging_mixin.py:190} INFO - [2024-12-04T17:26:07.889+0000] {dagbag.py:588} INFO - Filling up the DagBag from /home/airflow/.local/lib/python3.12/site-packages/airflow/example_dags/example_sla_dag.py
[2024-12-04T17:26:07.910+0000] {processor.py:925} INFO - DAG(s) 'example_sla_dag' retrieved from /home/airflow/.local/lib/python3.12/site-packages/airflow/example_dags/example_sla_dag.py
[2024-12-04T17:26:07.968+0000] {logging_mixin.py:190} INFO - [2024-12-04T17:26:07.967+0000] {dag.py:3239} INFO - Sync 1 DAGs
[2024-12-04T17:26:08.010+0000] {logging_mixin.py:190} INFO - [2024-12-04T17:26:08.010+0000] {dag.py:4180} INFO - Setting next_dagrun for example_sla_dag to 2024-12-04 17:24:00+00:00, run_after=2024-12-04 17:26:00+00:00
[2024-12-04T17:26:08.051+0000] {processor.py:208} INFO - Processing /home/airflow/.local/lib/python3.12/site-packages/airflow/example_dags/example_sla_dag.py took 0.182 seconds
[2024-12-04T17:26:38.446+0000] {processor.py:186} INFO - Started process (PID=1805) to work on /home/airflow/.local/lib/python3.12/site-packages/airflow/example_dags/example_sla_dag.py
[2024-12-04T17:26:38.447+0000] {processor.py:914} INFO - Processing file /home/airflow/.local/lib/python3.12/site-packages/airflow/example_dags/example_sla_dag.py for tasks to queue
[2024-12-04T17:26:38.450+0000] {logging_mixin.py:190} INFO - [2024-12-04T17:26:38.450+0000] {dagbag.py:588} INFO - Filling up the DagBag from /home/airflow/.local/lib/python3.12/site-packages/airflow/example_dags/example_sla_dag.py
[2024-12-04T17:26:38.457+0000] {processor.py:925} INFO - DAG(s) 'example_sla_dag' retrieved from /home/airflow/.local/lib/python3.12/site-packages/airflow/example_dags/example_sla_dag.py
[2024-12-04T17:26:38.471+0000] {logging_mixin.py:190} INFO - [2024-12-04T17:26:38.471+0000] {dag.py:3239} INFO - Sync 1 DAGs
[2024-12-04T17:26:38.490+0000] {logging_mixin.py:190} INFO - [2024-12-04T17:26:38.490+0000] {dag.py:4180} INFO - Setting next_dagrun for example_sla_dag to 2024-12-04 17:24:00+00:00, run_after=2024-12-04 17:26:00+00:00
[2024-12-04T17:26:38.501+0000] {processor.py:208} INFO - Processing /home/airflow/.local/lib/python3.12/site-packages/airflow/example_dags/example_sla_dag.py took 0.059 seconds
[2024-12-04T17:27:10.763+0000] {processor.py:186} INFO - Started process (PID=1868) to work on /home/airflow/.local/lib/python3.12/site-packages/airflow/example_dags/example_sla_dag.py
[2024-12-04T17:27:10.765+0000] {processor.py:914} INFO - Processing file /home/airflow/.local/lib/python3.12/site-packages/airflow/example_dags/example_sla_dag.py for tasks to queue
[2024-12-04T17:27:10.767+0000] {logging_mixin.py:190} INFO - [2024-12-04T17:27:10.767+0000] {dagbag.py:588} INFO - Filling up the DagBag from /home/airflow/.local/lib/python3.12/site-packages/airflow/example_dags/example_sla_dag.py
[2024-12-04T17:27:10.778+0000] {processor.py:925} INFO - DAG(s) 'example_sla_dag' retrieved from /home/airflow/.local/lib/python3.12/site-packages/airflow/example_dags/example_sla_dag.py
[2024-12-04T17:27:10.796+0000] {logging_mixin.py:190} INFO - [2024-12-04T17:27:10.796+0000] {dag.py:3239} INFO - Sync 1 DAGs
[2024-12-04T17:27:10.820+0000] {logging_mixin.py:190} INFO - [2024-12-04T17:27:10.820+0000] {dag.py:4180} INFO - Setting next_dagrun for example_sla_dag to 2024-12-04 17:24:00+00:00, run_after=2024-12-04 17:26:00+00:00
[2024-12-04T17:27:10.839+0000] {processor.py:208} INFO - Processing /home/airflow/.local/lib/python3.12/site-packages/airflow/example_dags/example_sla_dag.py took 0.082 seconds
[2024-12-04T17:27:44.991+0000] {processor.py:186} INFO - Started process (PID=1931) to work on /home/airflow/.local/lib/python3.12/site-packages/airflow/example_dags/example_sla_dag.py
[2024-12-04T17:27:44.993+0000] {processor.py:914} INFO - Processing file /home/airflow/.local/lib/python3.12/site-packages/airflow/example_dags/example_sla_dag.py for tasks to queue
[2024-12-04T17:27:44.996+0000] {logging_mixin.py:190} INFO - [2024-12-04T17:27:44.995+0000] {dagbag.py:588} INFO - Filling up the DagBag from /home/airflow/.local/lib/python3.12/site-packages/airflow/example_dags/example_sla_dag.py
[2024-12-04T17:27:45.013+0000] {processor.py:925} INFO - DAG(s) 'example_sla_dag' retrieved from /home/airflow/.local/lib/python3.12/site-packages/airflow/example_dags/example_sla_dag.py
[2024-12-04T17:27:45.049+0000] {logging_mixin.py:190} INFO - [2024-12-04T17:27:45.048+0000] {dag.py:3239} INFO - Sync 1 DAGs
[2024-12-04T17:27:45.075+0000] {logging_mixin.py:190} INFO - [2024-12-04T17:27:45.074+0000] {dag.py:4180} INFO - Setting next_dagrun for example_sla_dag to 2024-12-04 17:24:00+00:00, run_after=2024-12-04 17:26:00+00:00
[2024-12-04T17:27:45.093+0000] {processor.py:208} INFO - Processing /home/airflow/.local/lib/python3.12/site-packages/airflow/example_dags/example_sla_dag.py took 0.109 seconds
[2024-12-04T17:28:17.784+0000] {processor.py:186} INFO - Started process (PID=1994) to work on /home/airflow/.local/lib/python3.12/site-packages/airflow/example_dags/example_sla_dag.py
[2024-12-04T17:28:17.786+0000] {processor.py:914} INFO - Processing file /home/airflow/.local/lib/python3.12/site-packages/airflow/example_dags/example_sla_dag.py for tasks to queue
[2024-12-04T17:28:17.792+0000] {logging_mixin.py:190} INFO - [2024-12-04T17:28:17.792+0000] {dagbag.py:588} INFO - Filling up the DagBag from /home/airflow/.local/lib/python3.12/site-packages/airflow/example_dags/example_sla_dag.py
[2024-12-04T17:28:17.816+0000] {processor.py:925} INFO - DAG(s) 'example_sla_dag' retrieved from /home/airflow/.local/lib/python3.12/site-packages/airflow/example_dags/example_sla_dag.py
[2024-12-04T17:28:17.859+0000] {logging_mixin.py:190} INFO - [2024-12-04T17:28:17.858+0000] {dag.py:3239} INFO - Sync 1 DAGs
[2024-12-04T17:28:17.897+0000] {logging_mixin.py:190} INFO - [2024-12-04T17:28:17.897+0000] {dag.py:4180} INFO - Setting next_dagrun for example_sla_dag to 2024-12-04 17:26:00+00:00, run_after=2024-12-04 17:28:00+00:00
[2024-12-04T17:28:17.923+0000] {processor.py:208} INFO - Processing /home/airflow/.local/lib/python3.12/site-packages/airflow/example_dags/example_sla_dag.py took 0.149 seconds
[2024-12-04T17:28:49.877+0000] {processor.py:186} INFO - Started process (PID=2057) to work on /home/airflow/.local/lib/python3.12/site-packages/airflow/example_dags/example_sla_dag.py
[2024-12-04T17:28:49.880+0000] {processor.py:914} INFO - Processing file /home/airflow/.local/lib/python3.12/site-packages/airflow/example_dags/example_sla_dag.py for tasks to queue
[2024-12-04T17:28:49.887+0000] {logging_mixin.py:190} INFO - [2024-12-04T17:28:49.886+0000] {dagbag.py:588} INFO - Filling up the DagBag from /home/airflow/.local/lib/python3.12/site-packages/airflow/example_dags/example_sla_dag.py
[2024-12-04T17:28:49.915+0000] {processor.py:925} INFO - DAG(s) 'example_sla_dag' retrieved from /home/airflow/.local/lib/python3.12/site-packages/airflow/example_dags/example_sla_dag.py
[2024-12-04T17:28:49.946+0000] {logging_mixin.py:190} INFO - [2024-12-04T17:28:49.945+0000] {dag.py:3239} INFO - Sync 1 DAGs
[2024-12-04T17:28:49.983+0000] {logging_mixin.py:190} INFO - [2024-12-04T17:28:49.983+0000] {dag.py:4180} INFO - Setting next_dagrun for example_sla_dag to 2024-12-04 17:26:00+00:00, run_after=2024-12-04 17:28:00+00:00
[2024-12-04T17:28:50.009+0000] {processor.py:208} INFO - Processing /home/airflow/.local/lib/python3.12/site-packages/airflow/example_dags/example_sla_dag.py took 0.140 seconds
[2024-12-04T17:29:23.702+0000] {processor.py:186} INFO - Started process (PID=2120) to work on /home/airflow/.local/lib/python3.12/site-packages/airflow/example_dags/example_sla_dag.py
[2024-12-04T17:29:23.704+0000] {processor.py:914} INFO - Processing file /home/airflow/.local/lib/python3.12/site-packages/airflow/example_dags/example_sla_dag.py for tasks to queue
[2024-12-04T17:29:23.708+0000] {logging_mixin.py:190} INFO - [2024-12-04T17:29:23.708+0000] {dagbag.py:588} INFO - Filling up the DagBag from /home/airflow/.local/lib/python3.12/site-packages/airflow/example_dags/example_sla_dag.py
[2024-12-04T17:29:23.736+0000] {processor.py:925} INFO - DAG(s) 'example_sla_dag' retrieved from /home/airflow/.local/lib/python3.12/site-packages/airflow/example_dags/example_sla_dag.py
[2024-12-04T17:29:23.775+0000] {logging_mixin.py:190} INFO - [2024-12-04T17:29:23.775+0000] {dag.py:3239} INFO - Sync 1 DAGs
[2024-12-04T17:29:23.806+0000] {logging_mixin.py:190} INFO - [2024-12-04T17:29:23.806+0000] {dag.py:4180} INFO - Setting next_dagrun for example_sla_dag to 2024-12-04 17:26:00+00:00, run_after=2024-12-04 17:28:00+00:00
[2024-12-04T17:29:23.844+0000] {processor.py:208} INFO - Processing /home/airflow/.local/lib/python3.12/site-packages/airflow/example_dags/example_sla_dag.py took 0.156 seconds
[2024-12-04T17:29:54.292+0000] {processor.py:186} INFO - Started process (PID=2183) to work on /home/airflow/.local/lib/python3.12/site-packages/airflow/example_dags/example_sla_dag.py
[2024-12-04T17:29:54.293+0000] {processor.py:914} INFO - Processing file /home/airflow/.local/lib/python3.12/site-packages/airflow/example_dags/example_sla_dag.py for tasks to queue
[2024-12-04T17:29:54.295+0000] {logging_mixin.py:190} INFO - [2024-12-04T17:29:54.294+0000] {dagbag.py:588} INFO - Filling up the DagBag from /home/airflow/.local/lib/python3.12/site-packages/airflow/example_dags/example_sla_dag.py
[2024-12-04T17:29:54.301+0000] {processor.py:925} INFO - DAG(s) 'example_sla_dag' retrieved from /home/airflow/.local/lib/python3.12/site-packages/airflow/example_dags/example_sla_dag.py
[2024-12-04T17:29:54.324+0000] {logging_mixin.py:190} INFO - [2024-12-04T17:29:54.324+0000] {dag.py:3239} INFO - Sync 1 DAGs
[2024-12-04T17:29:54.339+0000] {logging_mixin.py:190} INFO - [2024-12-04T17:29:54.339+0000] {dag.py:4180} INFO - Setting next_dagrun for example_sla_dag to 2024-12-04 17:26:00+00:00, run_after=2024-12-04 17:28:00+00:00
[2024-12-04T17:29:54.360+0000] {processor.py:208} INFO - Processing /home/airflow/.local/lib/python3.12/site-packages/airflow/example_dags/example_sla_dag.py took 0.075 seconds
[2024-12-04T17:30:24.961+0000] {processor.py:186} INFO - Started process (PID=2246) to work on /home/airflow/.local/lib/python3.12/site-packages/airflow/example_dags/example_sla_dag.py
[2024-12-04T17:30:24.961+0000] {processor.py:914} INFO - Processing file /home/airflow/.local/lib/python3.12/site-packages/airflow/example_dags/example_sla_dag.py for tasks to queue
[2024-12-04T17:30:24.963+0000] {logging_mixin.py:190} INFO - [2024-12-04T17:30:24.963+0000] {dagbag.py:588} INFO - Filling up the DagBag from /home/airflow/.local/lib/python3.12/site-packages/airflow/example_dags/example_sla_dag.py
[2024-12-04T17:30:24.980+0000] {processor.py:925} INFO - DAG(s) 'example_sla_dag' retrieved from /home/airflow/.local/lib/python3.12/site-packages/airflow/example_dags/example_sla_dag.py
[2024-12-04T17:30:25.001+0000] {logging_mixin.py:190} INFO - [2024-12-04T17:30:25.000+0000] {dag.py:3239} INFO - Sync 1 DAGs
[2024-12-04T17:30:25.021+0000] {logging_mixin.py:190} INFO - [2024-12-04T17:30:25.021+0000] {dag.py:4180} INFO - Setting next_dagrun for example_sla_dag to 2024-12-04 17:28:00+00:00, run_after=2024-12-04 17:30:00+00:00
[2024-12-04T17:30:25.045+0000] {processor.py:208} INFO - Processing /home/airflow/.local/lib/python3.12/site-packages/airflow/example_dags/example_sla_dag.py took 0.092 seconds
[2024-12-04T17:30:55.979+0000] {processor.py:186} INFO - Started process (PID=2309) to work on /home/airflow/.local/lib/python3.12/site-packages/airflow/example_dags/example_sla_dag.py
[2024-12-04T17:30:55.982+0000] {processor.py:914} INFO - Processing file /home/airflow/.local/lib/python3.12/site-packages/airflow/example_dags/example_sla_dag.py for tasks to queue
[2024-12-04T17:30:55.984+0000] {logging_mixin.py:190} INFO - [2024-12-04T17:30:55.983+0000] {dagbag.py:588} INFO - Filling up the DagBag from /home/airflow/.local/lib/python3.12/site-packages/airflow/example_dags/example_sla_dag.py
[2024-12-04T17:30:55.992+0000] {processor.py:925} INFO - DAG(s) 'example_sla_dag' retrieved from /home/airflow/.local/lib/python3.12/site-packages/airflow/example_dags/example_sla_dag.py
[2024-12-04T17:30:56.007+0000] {logging_mixin.py:190} INFO - [2024-12-04T17:30:56.007+0000] {dag.py:3239} INFO - Sync 1 DAGs
[2024-12-04T17:30:56.023+0000] {logging_mixin.py:190} INFO - [2024-12-04T17:30:56.023+0000] {dag.py:4180} INFO - Setting next_dagrun for example_sla_dag to 2024-12-04 17:28:00+00:00, run_after=2024-12-04 17:30:00+00:00
[2024-12-04T17:30:56.037+0000] {processor.py:208} INFO - Processing /home/airflow/.local/lib/python3.12/site-packages/airflow/example_dags/example_sla_dag.py took 0.064 seconds
[2024-12-04T17:31:26.693+0000] {processor.py:186} INFO - Started process (PID=2372) to work on /home/airflow/.local/lib/python3.12/site-packages/airflow/example_dags/example_sla_dag.py
[2024-12-04T17:31:26.695+0000] {processor.py:914} INFO - Processing file /home/airflow/.local/lib/python3.12/site-packages/airflow/example_dags/example_sla_dag.py for tasks to queue
[2024-12-04T17:31:26.696+0000] {logging_mixin.py:190} INFO - [2024-12-04T17:31:26.696+0000] {dagbag.py:588} INFO - Filling up the DagBag from /home/airflow/.local/lib/python3.12/site-packages/airflow/example_dags/example_sla_dag.py
[2024-12-04T17:31:26.702+0000] {processor.py:925} INFO - DAG(s) 'example_sla_dag' retrieved from /home/airflow/.local/lib/python3.12/site-packages/airflow/example_dags/example_sla_dag.py
[2024-12-04T17:31:26.713+0000] {logging_mixin.py:190} INFO - [2024-12-04T17:31:26.713+0000] {dag.py:3239} INFO - Sync 1 DAGs
[2024-12-04T17:31:26.727+0000] {logging_mixin.py:190} INFO - [2024-12-04T17:31:26.727+0000] {dag.py:4180} INFO - Setting next_dagrun for example_sla_dag to 2024-12-04 17:28:00+00:00, run_after=2024-12-04 17:30:00+00:00
[2024-12-04T17:31:26.735+0000] {processor.py:208} INFO - Processing /home/airflow/.local/lib/python3.12/site-packages/airflow/example_dags/example_sla_dag.py took 0.046 seconds
[2024-12-04T17:31:57.822+0000] {processor.py:186} INFO - Started process (PID=2437) to work on /home/airflow/.local/lib/python3.12/site-packages/airflow/example_dags/example_sla_dag.py
[2024-12-04T17:31:57.823+0000] {processor.py:914} INFO - Processing file /home/airflow/.local/lib/python3.12/site-packages/airflow/example_dags/example_sla_dag.py for tasks to queue
[2024-12-04T17:31:57.825+0000] {logging_mixin.py:190} INFO - [2024-12-04T17:31:57.825+0000] {dagbag.py:588} INFO - Filling up the DagBag from /home/airflow/.local/lib/python3.12/site-packages/airflow/example_dags/example_sla_dag.py
[2024-12-04T17:31:57.834+0000] {processor.py:925} INFO - DAG(s) 'example_sla_dag' retrieved from /home/airflow/.local/lib/python3.12/site-packages/airflow/example_dags/example_sla_dag.py
[2024-12-04T17:31:57.846+0000] {logging_mixin.py:190} INFO - [2024-12-04T17:31:57.846+0000] {dag.py:3239} INFO - Sync 1 DAGs
[2024-12-04T17:31:57.861+0000] {logging_mixin.py:190} INFO - [2024-12-04T17:31:57.861+0000] {dag.py:4180} INFO - Setting next_dagrun for example_sla_dag to 2024-12-04 17:28:00+00:00, run_after=2024-12-04 17:30:00+00:00
[2024-12-04T17:31:57.874+0000] {processor.py:208} INFO - Processing /home/airflow/.local/lib/python3.12/site-packages/airflow/example_dags/example_sla_dag.py took 0.055 seconds
[2024-12-04T17:32:28.555+0000] {processor.py:186} INFO - Started process (PID=2506) to work on /home/airflow/.local/lib/python3.12/site-packages/airflow/example_dags/example_sla_dag.py
[2024-12-04T17:32:28.558+0000] {processor.py:914} INFO - Processing file /home/airflow/.local/lib/python3.12/site-packages/airflow/example_dags/example_sla_dag.py for tasks to queue
[2024-12-04T17:32:28.560+0000] {logging_mixin.py:190} INFO - [2024-12-04T17:32:28.560+0000] {dagbag.py:588} INFO - Filling up the DagBag from /home/airflow/.local/lib/python3.12/site-packages/airflow/example_dags/example_sla_dag.py
[2024-12-04T17:32:28.569+0000] {processor.py:925} INFO - DAG(s) 'example_sla_dag' retrieved from /home/airflow/.local/lib/python3.12/site-packages/airflow/example_dags/example_sla_dag.py
[2024-12-04T17:32:28.593+0000] {logging_mixin.py:190} INFO - [2024-12-04T17:32:28.593+0000] {dag.py:3239} INFO - Sync 1 DAGs
[2024-12-04T17:32:28.612+0000] {logging_mixin.py:190} INFO - [2024-12-04T17:32:28.612+0000] {dag.py:4180} INFO - Setting next_dagrun for example_sla_dag to 2024-12-04 17:30:00+00:00, run_after=2024-12-04 17:32:00+00:00
[2024-12-04T17:32:28.625+0000] {processor.py:208} INFO - Processing /home/airflow/.local/lib/python3.12/site-packages/airflow/example_dags/example_sla_dag.py took 0.074 seconds
