[2024-12-04T17:12:21.343+0000] {processor.py:186} INFO - Started process (PID=82) to work on /home/airflow/.local/lib/python3.12/site-packages/airflow/example_dags/example_sensors.py
[2024-12-04T17:12:21.344+0000] {processor.py:914} INFO - Processing file /home/airflow/.local/lib/python3.12/site-packages/airflow/example_dags/example_sensors.py for tasks to queue
[2024-12-04T17:12:21.345+0000] {logging_mixin.py:190} INFO - [2024-12-04T17:12:21.345+0000] {dagbag.py:588} INFO - Filling up the DagBag from /home/airflow/.local/lib/python3.12/site-packages/airflow/example_dags/example_sensors.py
[2024-12-04T17:12:21.354+0000] {processor.py:925} INFO - DAG(s) 'example_sensors' retrieved from /home/airflow/.local/lib/python3.12/site-packages/airflow/example_dags/example_sensors.py
[2024-12-04T17:12:21.417+0000] {logging_mixin.py:190} INFO - [2024-12-04T17:12:21.417+0000] {override.py:1911} INFO - Created Permission View: can read on DAG:example_sensors
[2024-12-04T17:12:21.423+0000] {logging_mixin.py:190} INFO - [2024-12-04T17:12:21.422+0000] {override.py:1911} INFO - Created Permission View: can delete on DAG:example_sensors
[2024-12-04T17:12:21.430+0000] {logging_mixin.py:190} INFO - [2024-12-04T17:12:21.430+0000] {override.py:1911} INFO - Created Permission View: can edit on DAG:example_sensors
[2024-12-04T17:12:21.434+0000] {logging_mixin.py:190} INFO - [2024-12-04T17:12:21.434+0000] {override.py:1911} INFO - Created Permission View: menu access on DAG Run:example_sensors
[2024-12-04T17:12:21.438+0000] {logging_mixin.py:190} INFO - [2024-12-04T17:12:21.438+0000] {override.py:1911} INFO - Created Permission View: can delete on DAG Run:example_sensors
[2024-12-04T17:12:21.443+0000] {logging_mixin.py:190} INFO - [2024-12-04T17:12:21.443+0000] {override.py:1911} INFO - Created Permission View: can read on DAG Run:example_sensors
[2024-12-04T17:12:21.446+0000] {logging_mixin.py:190} INFO - [2024-12-04T17:12:21.446+0000] {override.py:1911} INFO - Created Permission View: can create on DAG Run:example_sensors
[2024-12-04T17:12:21.446+0000] {logging_mixin.py:190} INFO - [2024-12-04T17:12:21.446+0000] {dag.py:3239} INFO - Sync 1 DAGs
[2024-12-04T17:12:21.453+0000] {logging_mixin.py:190} INFO - [2024-12-04T17:12:21.453+0000] {dag.py:3262} INFO - Creating ORM DAG for example_sensors
[2024-12-04T17:12:21.453+0000] {logging_mixin.py:190} INFO - [2024-12-04T17:12:21.453+0000] {dag.py:4180} INFO - Setting next_dagrun for example_sensors to None, run_after=None
[2024-12-04T17:12:21.464+0000] {processor.py:208} INFO - Processing /home/airflow/.local/lib/python3.12/site-packages/airflow/example_dags/example_sensors.py took 0.124 seconds
[2024-12-04T17:12:52.639+0000] {processor.py:186} INFO - Started process (PID=151) to work on /home/airflow/.local/lib/python3.12/site-packages/airflow/example_dags/example_sensors.py
[2024-12-04T17:12:52.640+0000] {processor.py:914} INFO - Processing file /home/airflow/.local/lib/python3.12/site-packages/airflow/example_dags/example_sensors.py for tasks to queue
[2024-12-04T17:12:52.641+0000] {logging_mixin.py:190} INFO - [2024-12-04T17:12:52.641+0000] {dagbag.py:588} INFO - Filling up the DagBag from /home/airflow/.local/lib/python3.12/site-packages/airflow/example_dags/example_sensors.py
[2024-12-04T17:12:52.647+0000] {processor.py:925} INFO - DAG(s) 'example_sensors' retrieved from /home/airflow/.local/lib/python3.12/site-packages/airflow/example_dags/example_sensors.py
[2024-12-04T17:12:52.659+0000] {logging_mixin.py:190} INFO - [2024-12-04T17:12:52.659+0000] {dag.py:3239} INFO - Sync 1 DAGs
[2024-12-04T17:12:52.666+0000] {logging_mixin.py:190} INFO - [2024-12-04T17:12:52.666+0000] {dag.py:4180} INFO - Setting next_dagrun for example_sensors to None, run_after=None
[2024-12-04T17:12:52.675+0000] {processor.py:208} INFO - Processing /home/airflow/.local/lib/python3.12/site-packages/airflow/example_dags/example_sensors.py took 0.040 seconds
[2024-12-04T17:13:23.407+0000] {processor.py:186} INFO - Started process (PID=214) to work on /home/airflow/.local/lib/python3.12/site-packages/airflow/example_dags/example_sensors.py
[2024-12-04T17:13:23.408+0000] {processor.py:914} INFO - Processing file /home/airflow/.local/lib/python3.12/site-packages/airflow/example_dags/example_sensors.py for tasks to queue
[2024-12-04T17:13:23.410+0000] {logging_mixin.py:190} INFO - [2024-12-04T17:13:23.410+0000] {dagbag.py:588} INFO - Filling up the DagBag from /home/airflow/.local/lib/python3.12/site-packages/airflow/example_dags/example_sensors.py
[2024-12-04T17:13:23.416+0000] {processor.py:925} INFO - DAG(s) 'example_sensors' retrieved from /home/airflow/.local/lib/python3.12/site-packages/airflow/example_dags/example_sensors.py
[2024-12-04T17:13:23.433+0000] {logging_mixin.py:190} INFO - [2024-12-04T17:13:23.433+0000] {dag.py:3239} INFO - Sync 1 DAGs
[2024-12-04T17:13:23.443+0000] {logging_mixin.py:190} INFO - [2024-12-04T17:13:23.443+0000] {dag.py:4180} INFO - Setting next_dagrun for example_sensors to None, run_after=None
[2024-12-04T17:13:23.455+0000] {processor.py:208} INFO - Processing /home/airflow/.local/lib/python3.12/site-packages/airflow/example_dags/example_sensors.py took 0.051 seconds
[2024-12-04T17:13:54.906+0000] {processor.py:186} INFO - Started process (PID=277) to work on /home/airflow/.local/lib/python3.12/site-packages/airflow/example_dags/example_sensors.py
[2024-12-04T17:13:54.907+0000] {processor.py:914} INFO - Processing file /home/airflow/.local/lib/python3.12/site-packages/airflow/example_dags/example_sensors.py for tasks to queue
[2024-12-04T17:13:54.908+0000] {logging_mixin.py:190} INFO - [2024-12-04T17:13:54.908+0000] {dagbag.py:588} INFO - Filling up the DagBag from /home/airflow/.local/lib/python3.12/site-packages/airflow/example_dags/example_sensors.py
[2024-12-04T17:13:54.915+0000] {processor.py:925} INFO - DAG(s) 'example_sensors' retrieved from /home/airflow/.local/lib/python3.12/site-packages/airflow/example_dags/example_sensors.py
[2024-12-04T17:13:54.932+0000] {logging_mixin.py:190} INFO - [2024-12-04T17:13:54.932+0000] {dag.py:3239} INFO - Sync 1 DAGs
[2024-12-04T17:13:54.939+0000] {logging_mixin.py:190} INFO - [2024-12-04T17:13:54.939+0000] {dag.py:4180} INFO - Setting next_dagrun for example_sensors to None, run_after=None
[2024-12-04T17:13:54.950+0000] {processor.py:208} INFO - Processing /home/airflow/.local/lib/python3.12/site-packages/airflow/example_dags/example_sensors.py took 0.047 seconds
[2024-12-04T17:14:26.333+0000] {processor.py:186} INFO - Started process (PID=340) to work on /home/airflow/.local/lib/python3.12/site-packages/airflow/example_dags/example_sensors.py
[2024-12-04T17:14:26.333+0000] {processor.py:914} INFO - Processing file /home/airflow/.local/lib/python3.12/site-packages/airflow/example_dags/example_sensors.py for tasks to queue
[2024-12-04T17:14:26.335+0000] {logging_mixin.py:190} INFO - [2024-12-04T17:14:26.335+0000] {dagbag.py:588} INFO - Filling up the DagBag from /home/airflow/.local/lib/python3.12/site-packages/airflow/example_dags/example_sensors.py
[2024-12-04T17:14:26.341+0000] {processor.py:925} INFO - DAG(s) 'example_sensors' retrieved from /home/airflow/.local/lib/python3.12/site-packages/airflow/example_dags/example_sensors.py
[2024-12-04T17:14:26.358+0000] {logging_mixin.py:190} INFO - [2024-12-04T17:14:26.358+0000] {dag.py:3239} INFO - Sync 1 DAGs
[2024-12-04T17:14:26.368+0000] {logging_mixin.py:190} INFO - [2024-12-04T17:14:26.367+0000] {dag.py:4180} INFO - Setting next_dagrun for example_sensors to None, run_after=None
[2024-12-04T17:14:26.379+0000] {processor.py:208} INFO - Processing /home/airflow/.local/lib/python3.12/site-packages/airflow/example_dags/example_sensors.py took 0.051 seconds
[2024-12-04T17:14:57.856+0000] {processor.py:186} INFO - Started process (PID=403) to work on /home/airflow/.local/lib/python3.12/site-packages/airflow/example_dags/example_sensors.py
[2024-12-04T17:14:57.857+0000] {processor.py:914} INFO - Processing file /home/airflow/.local/lib/python3.12/site-packages/airflow/example_dags/example_sensors.py for tasks to queue
[2024-12-04T17:14:57.859+0000] {logging_mixin.py:190} INFO - [2024-12-04T17:14:57.859+0000] {dagbag.py:588} INFO - Filling up the DagBag from /home/airflow/.local/lib/python3.12/site-packages/airflow/example_dags/example_sensors.py
[2024-12-04T17:14:57.866+0000] {processor.py:925} INFO - DAG(s) 'example_sensors' retrieved from /home/airflow/.local/lib/python3.12/site-packages/airflow/example_dags/example_sensors.py
[2024-12-04T17:14:57.891+0000] {logging_mixin.py:190} INFO - [2024-12-04T17:14:57.891+0000] {dag.py:3239} INFO - Sync 1 DAGs
[2024-12-04T17:14:57.900+0000] {logging_mixin.py:190} INFO - [2024-12-04T17:14:57.900+0000] {dag.py:4180} INFO - Setting next_dagrun for example_sensors to None, run_after=None
[2024-12-04T17:14:57.917+0000] {processor.py:208} INFO - Processing /home/airflow/.local/lib/python3.12/site-packages/airflow/example_dags/example_sensors.py took 0.066 seconds
[2024-12-04T17:15:28.792+0000] {processor.py:186} INFO - Started process (PID=466) to work on /home/airflow/.local/lib/python3.12/site-packages/airflow/example_dags/example_sensors.py
[2024-12-04T17:15:28.793+0000] {processor.py:914} INFO - Processing file /home/airflow/.local/lib/python3.12/site-packages/airflow/example_dags/example_sensors.py for tasks to queue
[2024-12-04T17:15:28.794+0000] {logging_mixin.py:190} INFO - [2024-12-04T17:15:28.794+0000] {dagbag.py:588} INFO - Filling up the DagBag from /home/airflow/.local/lib/python3.12/site-packages/airflow/example_dags/example_sensors.py
[2024-12-04T17:15:28.800+0000] {processor.py:925} INFO - DAG(s) 'example_sensors' retrieved from /home/airflow/.local/lib/python3.12/site-packages/airflow/example_dags/example_sensors.py
[2024-12-04T17:15:28.818+0000] {logging_mixin.py:190} INFO - [2024-12-04T17:15:28.818+0000] {dag.py:3239} INFO - Sync 1 DAGs
[2024-12-04T17:15:28.829+0000] {logging_mixin.py:190} INFO - [2024-12-04T17:15:28.829+0000] {dag.py:4180} INFO - Setting next_dagrun for example_sensors to None, run_after=None
[2024-12-04T17:15:28.845+0000] {processor.py:208} INFO - Processing /home/airflow/.local/lib/python3.12/site-packages/airflow/example_dags/example_sensors.py took 0.057 seconds
[2024-12-04T17:16:00.309+0000] {processor.py:186} INFO - Started process (PID=529) to work on /home/airflow/.local/lib/python3.12/site-packages/airflow/example_dags/example_sensors.py
[2024-12-04T17:16:00.309+0000] {processor.py:914} INFO - Processing file /home/airflow/.local/lib/python3.12/site-packages/airflow/example_dags/example_sensors.py for tasks to queue
[2024-12-04T17:16:00.311+0000] {logging_mixin.py:190} INFO - [2024-12-04T17:16:00.310+0000] {dagbag.py:588} INFO - Filling up the DagBag from /home/airflow/.local/lib/python3.12/site-packages/airflow/example_dags/example_sensors.py
[2024-12-04T17:16:00.318+0000] {processor.py:925} INFO - DAG(s) 'example_sensors' retrieved from /home/airflow/.local/lib/python3.12/site-packages/airflow/example_dags/example_sensors.py
[2024-12-04T17:16:00.332+0000] {logging_mixin.py:190} INFO - [2024-12-04T17:16:00.332+0000] {dag.py:3239} INFO - Sync 1 DAGs
[2024-12-04T17:16:00.339+0000] {logging_mixin.py:190} INFO - [2024-12-04T17:16:00.339+0000] {dag.py:4180} INFO - Setting next_dagrun for example_sensors to None, run_after=None
[2024-12-04T17:16:00.348+0000] {processor.py:208} INFO - Processing /home/airflow/.local/lib/python3.12/site-packages/airflow/example_dags/example_sensors.py took 0.043 seconds
[2024-12-04T17:16:31.651+0000] {processor.py:186} INFO - Started process (PID=592) to work on /home/airflow/.local/lib/python3.12/site-packages/airflow/example_dags/example_sensors.py
[2024-12-04T17:16:31.651+0000] {processor.py:914} INFO - Processing file /home/airflow/.local/lib/python3.12/site-packages/airflow/example_dags/example_sensors.py for tasks to queue
[2024-12-04T17:16:31.653+0000] {logging_mixin.py:190} INFO - [2024-12-04T17:16:31.652+0000] {dagbag.py:588} INFO - Filling up the DagBag from /home/airflow/.local/lib/python3.12/site-packages/airflow/example_dags/example_sensors.py
[2024-12-04T17:16:31.659+0000] {processor.py:925} INFO - DAG(s) 'example_sensors' retrieved from /home/airflow/.local/lib/python3.12/site-packages/airflow/example_dags/example_sensors.py
[2024-12-04T17:16:31.674+0000] {logging_mixin.py:190} INFO - [2024-12-04T17:16:31.674+0000] {dag.py:3239} INFO - Sync 1 DAGs
[2024-12-04T17:16:31.681+0000] {logging_mixin.py:190} INFO - [2024-12-04T17:16:31.681+0000] {dag.py:4180} INFO - Setting next_dagrun for example_sensors to None, run_after=None
[2024-12-04T17:16:31.690+0000] {processor.py:208} INFO - Processing /home/airflow/.local/lib/python3.12/site-packages/airflow/example_dags/example_sensors.py took 0.042 seconds
[2024-12-04T17:17:02.436+0000] {processor.py:186} INFO - Started process (PID=655) to work on /home/airflow/.local/lib/python3.12/site-packages/airflow/example_dags/example_sensors.py
[2024-12-04T17:17:02.437+0000] {processor.py:914} INFO - Processing file /home/airflow/.local/lib/python3.12/site-packages/airflow/example_dags/example_sensors.py for tasks to queue
[2024-12-04T17:17:02.438+0000] {logging_mixin.py:190} INFO - [2024-12-04T17:17:02.438+0000] {dagbag.py:588} INFO - Filling up the DagBag from /home/airflow/.local/lib/python3.12/site-packages/airflow/example_dags/example_sensors.py
[2024-12-04T17:17:02.444+0000] {processor.py:925} INFO - DAG(s) 'example_sensors' retrieved from /home/airflow/.local/lib/python3.12/site-packages/airflow/example_dags/example_sensors.py
[2024-12-04T17:17:02.459+0000] {logging_mixin.py:190} INFO - [2024-12-04T17:17:02.459+0000] {dag.py:3239} INFO - Sync 1 DAGs
[2024-12-04T17:17:02.465+0000] {logging_mixin.py:190} INFO - [2024-12-04T17:17:02.465+0000] {dag.py:4180} INFO - Setting next_dagrun for example_sensors to None, run_after=None
[2024-12-04T17:17:02.474+0000] {processor.py:208} INFO - Processing /home/airflow/.local/lib/python3.12/site-packages/airflow/example_dags/example_sensors.py took 0.042 seconds
[2024-12-04T17:17:33.808+0000] {processor.py:186} INFO - Started process (PID=718) to work on /home/airflow/.local/lib/python3.12/site-packages/airflow/example_dags/example_sensors.py
[2024-12-04T17:17:33.809+0000] {processor.py:914} INFO - Processing file /home/airflow/.local/lib/python3.12/site-packages/airflow/example_dags/example_sensors.py for tasks to queue
[2024-12-04T17:17:33.811+0000] {logging_mixin.py:190} INFO - [2024-12-04T17:17:33.810+0000] {dagbag.py:588} INFO - Filling up the DagBag from /home/airflow/.local/lib/python3.12/site-packages/airflow/example_dags/example_sensors.py
[2024-12-04T17:17:33.816+0000] {processor.py:925} INFO - DAG(s) 'example_sensors' retrieved from /home/airflow/.local/lib/python3.12/site-packages/airflow/example_dags/example_sensors.py
[2024-12-04T17:17:33.831+0000] {logging_mixin.py:190} INFO - [2024-12-04T17:17:33.831+0000] {dag.py:3239} INFO - Sync 1 DAGs
[2024-12-04T17:17:33.839+0000] {logging_mixin.py:190} INFO - [2024-12-04T17:17:33.838+0000] {dag.py:4180} INFO - Setting next_dagrun for example_sensors to None, run_after=None
[2024-12-04T17:17:33.848+0000] {processor.py:208} INFO - Processing /home/airflow/.local/lib/python3.12/site-packages/airflow/example_dags/example_sensors.py took 0.045 seconds
[2024-12-04T17:18:05.411+0000] {processor.py:186} INFO - Started process (PID=781) to work on /home/airflow/.local/lib/python3.12/site-packages/airflow/example_dags/example_sensors.py
[2024-12-04T17:18:05.412+0000] {processor.py:914} INFO - Processing file /home/airflow/.local/lib/python3.12/site-packages/airflow/example_dags/example_sensors.py for tasks to queue
[2024-12-04T17:18:05.413+0000] {logging_mixin.py:190} INFO - [2024-12-04T17:18:05.413+0000] {dagbag.py:588} INFO - Filling up the DagBag from /home/airflow/.local/lib/python3.12/site-packages/airflow/example_dags/example_sensors.py
[2024-12-04T17:18:05.419+0000] {processor.py:925} INFO - DAG(s) 'example_sensors' retrieved from /home/airflow/.local/lib/python3.12/site-packages/airflow/example_dags/example_sensors.py
[2024-12-04T17:18:05.432+0000] {logging_mixin.py:190} INFO - [2024-12-04T17:18:05.432+0000] {dag.py:3239} INFO - Sync 1 DAGs
[2024-12-04T17:18:05.440+0000] {logging_mixin.py:190} INFO - [2024-12-04T17:18:05.440+0000] {dag.py:4180} INFO - Setting next_dagrun for example_sensors to None, run_after=None
[2024-12-04T17:18:05.450+0000] {processor.py:208} INFO - Processing /home/airflow/.local/lib/python3.12/site-packages/airflow/example_dags/example_sensors.py took 0.043 seconds
[2024-12-04T17:18:37.950+0000] {processor.py:186} INFO - Started process (PID=844) to work on /home/airflow/.local/lib/python3.12/site-packages/airflow/example_dags/example_sensors.py
[2024-12-04T17:18:37.951+0000] {processor.py:914} INFO - Processing file /home/airflow/.local/lib/python3.12/site-packages/airflow/example_dags/example_sensors.py for tasks to queue
[2024-12-04T17:18:37.952+0000] {logging_mixin.py:190} INFO - [2024-12-04T17:18:37.952+0000] {dagbag.py:588} INFO - Filling up the DagBag from /home/airflow/.local/lib/python3.12/site-packages/airflow/example_dags/example_sensors.py
[2024-12-04T17:18:37.959+0000] {processor.py:925} INFO - DAG(s) 'example_sensors' retrieved from /home/airflow/.local/lib/python3.12/site-packages/airflow/example_dags/example_sensors.py
[2024-12-04T17:18:37.972+0000] {logging_mixin.py:190} INFO - [2024-12-04T17:18:37.972+0000] {dag.py:3239} INFO - Sync 1 DAGs
[2024-12-04T17:18:37.979+0000] {logging_mixin.py:190} INFO - [2024-12-04T17:18:37.979+0000] {dag.py:4180} INFO - Setting next_dagrun for example_sensors to None, run_after=None
[2024-12-04T17:18:37.993+0000] {processor.py:208} INFO - Processing /home/airflow/.local/lib/python3.12/site-packages/airflow/example_dags/example_sensors.py took 0.046 seconds
[2024-12-04T17:19:08.883+0000] {processor.py:186} INFO - Started process (PID=907) to work on /home/airflow/.local/lib/python3.12/site-packages/airflow/example_dags/example_sensors.py
[2024-12-04T17:19:08.883+0000] {processor.py:914} INFO - Processing file /home/airflow/.local/lib/python3.12/site-packages/airflow/example_dags/example_sensors.py for tasks to queue
[2024-12-04T17:19:08.884+0000] {logging_mixin.py:190} INFO - [2024-12-04T17:19:08.884+0000] {dagbag.py:588} INFO - Filling up the DagBag from /home/airflow/.local/lib/python3.12/site-packages/airflow/example_dags/example_sensors.py
[2024-12-04T17:19:08.891+0000] {processor.py:925} INFO - DAG(s) 'example_sensors' retrieved from /home/airflow/.local/lib/python3.12/site-packages/airflow/example_dags/example_sensors.py
[2024-12-04T17:19:08.903+0000] {logging_mixin.py:190} INFO - [2024-12-04T17:19:08.902+0000] {dag.py:3239} INFO - Sync 1 DAGs
[2024-12-04T17:19:08.910+0000] {logging_mixin.py:190} INFO - [2024-12-04T17:19:08.910+0000] {dag.py:4180} INFO - Setting next_dagrun for example_sensors to None, run_after=None
[2024-12-04T17:19:08.918+0000] {processor.py:208} INFO - Processing /home/airflow/.local/lib/python3.12/site-packages/airflow/example_dags/example_sensors.py took 0.039 seconds
[2024-12-04T17:19:40.330+0000] {processor.py:186} INFO - Started process (PID=970) to work on /home/airflow/.local/lib/python3.12/site-packages/airflow/example_dags/example_sensors.py
[2024-12-04T17:19:40.331+0000] {processor.py:914} INFO - Processing file /home/airflow/.local/lib/python3.12/site-packages/airflow/example_dags/example_sensors.py for tasks to queue
[2024-12-04T17:19:40.332+0000] {logging_mixin.py:190} INFO - [2024-12-04T17:19:40.332+0000] {dagbag.py:588} INFO - Filling up the DagBag from /home/airflow/.local/lib/python3.12/site-packages/airflow/example_dags/example_sensors.py
[2024-12-04T17:19:40.338+0000] {processor.py:925} INFO - DAG(s) 'example_sensors' retrieved from /home/airflow/.local/lib/python3.12/site-packages/airflow/example_dags/example_sensors.py
[2024-12-04T17:19:40.353+0000] {logging_mixin.py:190} INFO - [2024-12-04T17:19:40.353+0000] {dag.py:3239} INFO - Sync 1 DAGs
[2024-12-04T17:19:40.363+0000] {logging_mixin.py:190} INFO - [2024-12-04T17:19:40.363+0000] {dag.py:4180} INFO - Setting next_dagrun for example_sensors to None, run_after=None
[2024-12-04T17:19:40.371+0000] {processor.py:208} INFO - Processing /home/airflow/.local/lib/python3.12/site-packages/airflow/example_dags/example_sensors.py took 0.045 seconds
[2024-12-04T17:20:11.626+0000] {processor.py:186} INFO - Started process (PID=1033) to work on /home/airflow/.local/lib/python3.12/site-packages/airflow/example_dags/example_sensors.py
[2024-12-04T17:20:11.627+0000] {processor.py:914} INFO - Processing file /home/airflow/.local/lib/python3.12/site-packages/airflow/example_dags/example_sensors.py for tasks to queue
[2024-12-04T17:20:11.629+0000] {logging_mixin.py:190} INFO - [2024-12-04T17:20:11.628+0000] {dagbag.py:588} INFO - Filling up the DagBag from /home/airflow/.local/lib/python3.12/site-packages/airflow/example_dags/example_sensors.py
[2024-12-04T17:20:11.636+0000] {processor.py:925} INFO - DAG(s) 'example_sensors' retrieved from /home/airflow/.local/lib/python3.12/site-packages/airflow/example_dags/example_sensors.py
[2024-12-04T17:20:11.653+0000] {logging_mixin.py:190} INFO - [2024-12-04T17:20:11.653+0000] {dag.py:3239} INFO - Sync 1 DAGs
[2024-12-04T17:20:11.660+0000] {logging_mixin.py:190} INFO - [2024-12-04T17:20:11.660+0000] {dag.py:4180} INFO - Setting next_dagrun for example_sensors to None, run_after=None
[2024-12-04T17:20:11.670+0000] {processor.py:208} INFO - Processing /home/airflow/.local/lib/python3.12/site-packages/airflow/example_dags/example_sensors.py took 0.048 seconds
[2024-12-04T17:20:43.055+0000] {processor.py:186} INFO - Started process (PID=1096) to work on /home/airflow/.local/lib/python3.12/site-packages/airflow/example_dags/example_sensors.py
[2024-12-04T17:20:43.056+0000] {processor.py:914} INFO - Processing file /home/airflow/.local/lib/python3.12/site-packages/airflow/example_dags/example_sensors.py for tasks to queue
[2024-12-04T17:20:43.057+0000] {logging_mixin.py:190} INFO - [2024-12-04T17:20:43.057+0000] {dagbag.py:588} INFO - Filling up the DagBag from /home/airflow/.local/lib/python3.12/site-packages/airflow/example_dags/example_sensors.py
[2024-12-04T17:20:43.063+0000] {processor.py:925} INFO - DAG(s) 'example_sensors' retrieved from /home/airflow/.local/lib/python3.12/site-packages/airflow/example_dags/example_sensors.py
[2024-12-04T17:20:43.078+0000] {logging_mixin.py:190} INFO - [2024-12-04T17:20:43.077+0000] {dag.py:3239} INFO - Sync 1 DAGs
[2024-12-04T17:20:43.086+0000] {logging_mixin.py:190} INFO - [2024-12-04T17:20:43.086+0000] {dag.py:4180} INFO - Setting next_dagrun for example_sensors to None, run_after=None
[2024-12-04T17:20:43.097+0000] {processor.py:208} INFO - Processing /home/airflow/.local/lib/python3.12/site-packages/airflow/example_dags/example_sensors.py took 0.045 seconds
[2024-12-04T17:21:14.473+0000] {processor.py:186} INFO - Started process (PID=1159) to work on /home/airflow/.local/lib/python3.12/site-packages/airflow/example_dags/example_sensors.py
[2024-12-04T17:21:14.474+0000] {processor.py:914} INFO - Processing file /home/airflow/.local/lib/python3.12/site-packages/airflow/example_dags/example_sensors.py for tasks to queue
[2024-12-04T17:21:14.476+0000] {logging_mixin.py:190} INFO - [2024-12-04T17:21:14.475+0000] {dagbag.py:588} INFO - Filling up the DagBag from /home/airflow/.local/lib/python3.12/site-packages/airflow/example_dags/example_sensors.py
[2024-12-04T17:21:14.481+0000] {processor.py:925} INFO - DAG(s) 'example_sensors' retrieved from /home/airflow/.local/lib/python3.12/site-packages/airflow/example_dags/example_sensors.py
[2024-12-04T17:21:14.495+0000] {logging_mixin.py:190} INFO - [2024-12-04T17:21:14.495+0000] {dag.py:3239} INFO - Sync 1 DAGs
[2024-12-04T17:21:14.502+0000] {logging_mixin.py:190} INFO - [2024-12-04T17:21:14.501+0000] {dag.py:4180} INFO - Setting next_dagrun for example_sensors to None, run_after=None
[2024-12-04T17:21:14.510+0000] {processor.py:208} INFO - Processing /home/airflow/.local/lib/python3.12/site-packages/airflow/example_dags/example_sensors.py took 0.041 seconds
[2024-12-04T17:21:45.787+0000] {processor.py:186} INFO - Started process (PID=1222) to work on /home/airflow/.local/lib/python3.12/site-packages/airflow/example_dags/example_sensors.py
[2024-12-04T17:21:45.790+0000] {processor.py:914} INFO - Processing file /home/airflow/.local/lib/python3.12/site-packages/airflow/example_dags/example_sensors.py for tasks to queue
[2024-12-04T17:21:45.797+0000] {logging_mixin.py:190} INFO - [2024-12-04T17:21:45.795+0000] {dagbag.py:588} INFO - Filling up the DagBag from /home/airflow/.local/lib/python3.12/site-packages/airflow/example_dags/example_sensors.py
[2024-12-04T17:21:45.839+0000] {processor.py:925} INFO - DAG(s) 'example_sensors' retrieved from /home/airflow/.local/lib/python3.12/site-packages/airflow/example_dags/example_sensors.py
[2024-12-04T17:21:45.858+0000] {logging_mixin.py:190} INFO - [2024-12-04T17:21:45.858+0000] {dag.py:3239} INFO - Sync 1 DAGs
[2024-12-04T17:21:45.878+0000] {logging_mixin.py:190} INFO - [2024-12-04T17:21:45.878+0000] {dag.py:4180} INFO - Setting next_dagrun for example_sensors to None, run_after=None
[2024-12-04T17:21:45.890+0000] {processor.py:208} INFO - Processing /home/airflow/.local/lib/python3.12/site-packages/airflow/example_dags/example_sensors.py took 0.114 seconds
[2024-12-04T17:22:17.021+0000] {processor.py:186} INFO - Started process (PID=1285) to work on /home/airflow/.local/lib/python3.12/site-packages/airflow/example_dags/example_sensors.py
[2024-12-04T17:22:17.022+0000] {processor.py:914} INFO - Processing file /home/airflow/.local/lib/python3.12/site-packages/airflow/example_dags/example_sensors.py for tasks to queue
[2024-12-04T17:22:17.023+0000] {logging_mixin.py:190} INFO - [2024-12-04T17:22:17.023+0000] {dagbag.py:588} INFO - Filling up the DagBag from /home/airflow/.local/lib/python3.12/site-packages/airflow/example_dags/example_sensors.py
[2024-12-04T17:22:17.029+0000] {processor.py:925} INFO - DAG(s) 'example_sensors' retrieved from /home/airflow/.local/lib/python3.12/site-packages/airflow/example_dags/example_sensors.py
[2024-12-04T17:22:17.043+0000] {logging_mixin.py:190} INFO - [2024-12-04T17:22:17.043+0000] {dag.py:3239} INFO - Sync 1 DAGs
[2024-12-04T17:22:17.054+0000] {logging_mixin.py:190} INFO - [2024-12-04T17:22:17.054+0000] {dag.py:4180} INFO - Setting next_dagrun for example_sensors to None, run_after=None
[2024-12-04T17:22:17.065+0000] {processor.py:208} INFO - Processing /home/airflow/.local/lib/python3.12/site-packages/airflow/example_dags/example_sensors.py took 0.047 seconds
[2024-12-04T17:22:54.526+0000] {processor.py:186} INFO - Started process (PID=1348) to work on /home/airflow/.local/lib/python3.12/site-packages/airflow/example_dags/example_sensors.py
[2024-12-04T17:22:54.536+0000] {processor.py:914} INFO - Processing file /home/airflow/.local/lib/python3.12/site-packages/airflow/example_dags/example_sensors.py for tasks to queue
[2024-12-04T17:22:54.548+0000] {logging_mixin.py:190} INFO - [2024-12-04T17:22:54.547+0000] {dagbag.py:588} INFO - Filling up the DagBag from /home/airflow/.local/lib/python3.12/site-packages/airflow/example_dags/example_sensors.py
[2024-12-04T17:22:54.581+0000] {processor.py:925} INFO - DAG(s) 'example_sensors' retrieved from /home/airflow/.local/lib/python3.12/site-packages/airflow/example_dags/example_sensors.py
[2024-12-04T17:22:54.794+0000] {logging_mixin.py:190} INFO - [2024-12-04T17:22:54.790+0000] {dag.py:3239} INFO - Sync 1 DAGs
[2024-12-04T17:22:54.874+0000] {logging_mixin.py:190} INFO - [2024-12-04T17:22:54.873+0000] {dag.py:4180} INFO - Setting next_dagrun for example_sensors to None, run_after=None
[2024-12-04T17:22:54.960+0000] {processor.py:208} INFO - Processing /home/airflow/.local/lib/python3.12/site-packages/airflow/example_dags/example_sensors.py took 0.460 seconds
[2024-12-04T17:23:25.565+0000] {processor.py:186} INFO - Started process (PID=1417) to work on /home/airflow/.local/lib/python3.12/site-packages/airflow/example_dags/example_sensors.py
[2024-12-04T17:23:25.566+0000] {processor.py:914} INFO - Processing file /home/airflow/.local/lib/python3.12/site-packages/airflow/example_dags/example_sensors.py for tasks to queue
[2024-12-04T17:23:25.567+0000] {logging_mixin.py:190} INFO - [2024-12-04T17:23:25.567+0000] {dagbag.py:588} INFO - Filling up the DagBag from /home/airflow/.local/lib/python3.12/site-packages/airflow/example_dags/example_sensors.py
[2024-12-04T17:23:25.575+0000] {processor.py:925} INFO - DAG(s) 'example_sensors' retrieved from /home/airflow/.local/lib/python3.12/site-packages/airflow/example_dags/example_sensors.py
[2024-12-04T17:23:25.590+0000] {logging_mixin.py:190} INFO - [2024-12-04T17:23:25.590+0000] {dag.py:3239} INFO - Sync 1 DAGs
[2024-12-04T17:23:25.597+0000] {logging_mixin.py:190} INFO - [2024-12-04T17:23:25.597+0000] {dag.py:4180} INFO - Setting next_dagrun for example_sensors to None, run_after=None
[2024-12-04T17:23:25.607+0000] {processor.py:208} INFO - Processing /home/airflow/.local/lib/python3.12/site-packages/airflow/example_dags/example_sensors.py took 0.046 seconds
[2024-12-04T17:23:58.462+0000] {processor.py:186} INFO - Started process (PID=1480) to work on /home/airflow/.local/lib/python3.12/site-packages/airflow/example_dags/example_sensors.py
[2024-12-04T17:23:58.463+0000] {processor.py:914} INFO - Processing file /home/airflow/.local/lib/python3.12/site-packages/airflow/example_dags/example_sensors.py for tasks to queue
[2024-12-04T17:23:58.467+0000] {logging_mixin.py:190} INFO - [2024-12-04T17:23:58.467+0000] {dagbag.py:588} INFO - Filling up the DagBag from /home/airflow/.local/lib/python3.12/site-packages/airflow/example_dags/example_sensors.py
[2024-12-04T17:23:58.491+0000] {processor.py:925} INFO - DAG(s) 'example_sensors' retrieved from /home/airflow/.local/lib/python3.12/site-packages/airflow/example_dags/example_sensors.py
[2024-12-04T17:23:58.524+0000] {logging_mixin.py:190} INFO - [2024-12-04T17:23:58.524+0000] {dag.py:3239} INFO - Sync 1 DAGs
[2024-12-04T17:23:58.549+0000] {logging_mixin.py:190} INFO - [2024-12-04T17:23:58.548+0000] {dag.py:4180} INFO - Setting next_dagrun for example_sensors to None, run_after=None
[2024-12-04T17:23:58.575+0000] {processor.py:208} INFO - Processing /home/airflow/.local/lib/python3.12/site-packages/airflow/example_dags/example_sensors.py took 0.120 seconds
[2024-12-04T17:24:34.409+0000] {processor.py:186} INFO - Started process (PID=1542) to work on /home/airflow/.local/lib/python3.12/site-packages/airflow/example_dags/example_sensors.py
[2024-12-04T17:24:34.417+0000] {processor.py:914} INFO - Processing file /home/airflow/.local/lib/python3.12/site-packages/airflow/example_dags/example_sensors.py for tasks to queue
[2024-12-04T17:24:34.429+0000] {logging_mixin.py:190} INFO - [2024-12-04T17:24:34.428+0000] {dagbag.py:588} INFO - Filling up the DagBag from /home/airflow/.local/lib/python3.12/site-packages/airflow/example_dags/example_sensors.py
[2024-12-04T17:24:34.483+0000] {processor.py:925} INFO - DAG(s) 'example_sensors' retrieved from /home/airflow/.local/lib/python3.12/site-packages/airflow/example_dags/example_sensors.py
[2024-12-04T17:24:34.624+0000] {logging_mixin.py:190} INFO - [2024-12-04T17:24:34.623+0000] {dag.py:3239} INFO - Sync 1 DAGs
[2024-12-04T17:24:34.782+0000] {logging_mixin.py:190} INFO - [2024-12-04T17:24:34.778+0000] {dag.py:4180} INFO - Setting next_dagrun for example_sensors to None, run_after=None
[2024-12-04T17:24:34.855+0000] {processor.py:208} INFO - Processing /home/airflow/.local/lib/python3.12/site-packages/airflow/example_dags/example_sensors.py took 0.475 seconds
[2024-12-04T17:25:05.338+0000] {processor.py:186} INFO - Started process (PID=1605) to work on /home/airflow/.local/lib/python3.12/site-packages/airflow/example_dags/example_sensors.py
[2024-12-04T17:25:05.344+0000] {processor.py:914} INFO - Processing file /home/airflow/.local/lib/python3.12/site-packages/airflow/example_dags/example_sensors.py for tasks to queue
[2024-12-04T17:25:05.349+0000] {logging_mixin.py:190} INFO - [2024-12-04T17:25:05.349+0000] {dagbag.py:588} INFO - Filling up the DagBag from /home/airflow/.local/lib/python3.12/site-packages/airflow/example_dags/example_sensors.py
[2024-12-04T17:25:05.371+0000] {processor.py:925} INFO - DAG(s) 'example_sensors' retrieved from /home/airflow/.local/lib/python3.12/site-packages/airflow/example_dags/example_sensors.py
[2024-12-04T17:25:05.407+0000] {logging_mixin.py:190} INFO - [2024-12-04T17:25:05.406+0000] {dag.py:3239} INFO - Sync 1 DAGs
[2024-12-04T17:25:05.418+0000] {logging_mixin.py:190} INFO - [2024-12-04T17:25:05.418+0000] {dag.py:4180} INFO - Setting next_dagrun for example_sensors to None, run_after=None
[2024-12-04T17:25:05.439+0000] {processor.py:208} INFO - Processing /home/airflow/.local/lib/python3.12/site-packages/airflow/example_dags/example_sensors.py took 0.107 seconds
[2024-12-04T17:25:35.647+0000] {processor.py:186} INFO - Started process (PID=1668) to work on /home/airflow/.local/lib/python3.12/site-packages/airflow/example_dags/example_sensors.py
[2024-12-04T17:25:35.649+0000] {processor.py:914} INFO - Processing file /home/airflow/.local/lib/python3.12/site-packages/airflow/example_dags/example_sensors.py for tasks to queue
[2024-12-04T17:25:35.656+0000] {logging_mixin.py:190} INFO - [2024-12-04T17:25:35.656+0000] {dagbag.py:588} INFO - Filling up the DagBag from /home/airflow/.local/lib/python3.12/site-packages/airflow/example_dags/example_sensors.py
[2024-12-04T17:25:35.666+0000] {processor.py:925} INFO - DAG(s) 'example_sensors' retrieved from /home/airflow/.local/lib/python3.12/site-packages/airflow/example_dags/example_sensors.py
[2024-12-04T17:25:35.690+0000] {logging_mixin.py:190} INFO - [2024-12-04T17:25:35.690+0000] {dag.py:3239} INFO - Sync 1 DAGs
[2024-12-04T17:25:35.700+0000] {logging_mixin.py:190} INFO - [2024-12-04T17:25:35.700+0000] {dag.py:4180} INFO - Setting next_dagrun for example_sensors to None, run_after=None
[2024-12-04T17:25:35.712+0000] {processor.py:208} INFO - Processing /home/airflow/.local/lib/python3.12/site-packages/airflow/example_dags/example_sensors.py took 0.069 seconds
[2024-12-04T17:26:06.666+0000] {processor.py:186} INFO - Started process (PID=1731) to work on /home/airflow/.local/lib/python3.12/site-packages/airflow/example_dags/example_sensors.py
[2024-12-04T17:26:06.670+0000] {processor.py:914} INFO - Processing file /home/airflow/.local/lib/python3.12/site-packages/airflow/example_dags/example_sensors.py for tasks to queue
[2024-12-04T17:26:06.673+0000] {logging_mixin.py:190} INFO - [2024-12-04T17:26:06.673+0000] {dagbag.py:588} INFO - Filling up the DagBag from /home/airflow/.local/lib/python3.12/site-packages/airflow/example_dags/example_sensors.py
[2024-12-04T17:26:06.686+0000] {processor.py:925} INFO - DAG(s) 'example_sensors' retrieved from /home/airflow/.local/lib/python3.12/site-packages/airflow/example_dags/example_sensors.py
[2024-12-04T17:26:06.730+0000] {logging_mixin.py:190} INFO - [2024-12-04T17:26:06.729+0000] {dag.py:3239} INFO - Sync 1 DAGs
[2024-12-04T17:26:06.747+0000] {logging_mixin.py:190} INFO - [2024-12-04T17:26:06.747+0000] {dag.py:4180} INFO - Setting next_dagrun for example_sensors to None, run_after=None
[2024-12-04T17:26:06.776+0000] {processor.py:208} INFO - Processing /home/airflow/.local/lib/python3.12/site-packages/airflow/example_dags/example_sensors.py took 0.118 seconds
[2024-12-04T17:26:37.983+0000] {processor.py:186} INFO - Started process (PID=1793) to work on /home/airflow/.local/lib/python3.12/site-packages/airflow/example_dags/example_sensors.py
[2024-12-04T17:26:37.984+0000] {processor.py:914} INFO - Processing file /home/airflow/.local/lib/python3.12/site-packages/airflow/example_dags/example_sensors.py for tasks to queue
[2024-12-04T17:26:37.986+0000] {logging_mixin.py:190} INFO - [2024-12-04T17:26:37.986+0000] {dagbag.py:588} INFO - Filling up the DagBag from /home/airflow/.local/lib/python3.12/site-packages/airflow/example_dags/example_sensors.py
[2024-12-04T17:26:37.998+0000] {processor.py:925} INFO - DAG(s) 'example_sensors' retrieved from /home/airflow/.local/lib/python3.12/site-packages/airflow/example_dags/example_sensors.py
[2024-12-04T17:26:38.020+0000] {logging_mixin.py:190} INFO - [2024-12-04T17:26:38.019+0000] {dag.py:3239} INFO - Sync 1 DAGs
[2024-12-04T17:26:38.034+0000] {logging_mixin.py:190} INFO - [2024-12-04T17:26:38.034+0000] {dag.py:4180} INFO - Setting next_dagrun for example_sensors to None, run_after=None
[2024-12-04T17:26:38.050+0000] {processor.py:208} INFO - Processing /home/airflow/.local/lib/python3.12/site-packages/airflow/example_dags/example_sensors.py took 0.071 seconds
[2024-12-04T17:27:09.547+0000] {processor.py:186} INFO - Started process (PID=1856) to work on /home/airflow/.local/lib/python3.12/site-packages/airflow/example_dags/example_sensors.py
[2024-12-04T17:27:09.548+0000] {processor.py:914} INFO - Processing file /home/airflow/.local/lib/python3.12/site-packages/airflow/example_dags/example_sensors.py for tasks to queue
[2024-12-04T17:27:09.550+0000] {logging_mixin.py:190} INFO - [2024-12-04T17:27:09.549+0000] {dagbag.py:588} INFO - Filling up the DagBag from /home/airflow/.local/lib/python3.12/site-packages/airflow/example_dags/example_sensors.py
[2024-12-04T17:27:09.559+0000] {processor.py:925} INFO - DAG(s) 'example_sensors' retrieved from /home/airflow/.local/lib/python3.12/site-packages/airflow/example_dags/example_sensors.py
[2024-12-04T17:27:09.594+0000] {logging_mixin.py:190} INFO - [2024-12-04T17:27:09.593+0000] {dag.py:3239} INFO - Sync 1 DAGs
[2024-12-04T17:27:09.610+0000] {logging_mixin.py:190} INFO - [2024-12-04T17:27:09.610+0000] {dag.py:4180} INFO - Setting next_dagrun for example_sensors to None, run_after=None
[2024-12-04T17:27:09.629+0000] {processor.py:208} INFO - Processing /home/airflow/.local/lib/python3.12/site-packages/airflow/example_dags/example_sensors.py took 0.087 seconds
[2024-12-04T17:27:43.693+0000] {processor.py:186} INFO - Started process (PID=1919) to work on /home/airflow/.local/lib/python3.12/site-packages/airflow/example_dags/example_sensors.py
[2024-12-04T17:27:43.694+0000] {processor.py:914} INFO - Processing file /home/airflow/.local/lib/python3.12/site-packages/airflow/example_dags/example_sensors.py for tasks to queue
[2024-12-04T17:27:43.697+0000] {logging_mixin.py:190} INFO - [2024-12-04T17:27:43.696+0000] {dagbag.py:588} INFO - Filling up the DagBag from /home/airflow/.local/lib/python3.12/site-packages/airflow/example_dags/example_sensors.py
[2024-12-04T17:27:43.712+0000] {processor.py:925} INFO - DAG(s) 'example_sensors' retrieved from /home/airflow/.local/lib/python3.12/site-packages/airflow/example_dags/example_sensors.py
[2024-12-04T17:27:43.766+0000] {logging_mixin.py:190} INFO - [2024-12-04T17:27:43.765+0000] {dag.py:3239} INFO - Sync 1 DAGs
[2024-12-04T17:27:43.795+0000] {logging_mixin.py:190} INFO - [2024-12-04T17:27:43.794+0000] {dag.py:4180} INFO - Setting next_dagrun for example_sensors to None, run_after=None
[2024-12-04T17:27:43.829+0000] {processor.py:208} INFO - Processing /home/airflow/.local/lib/python3.12/site-packages/airflow/example_dags/example_sensors.py took 0.142 seconds
[2024-12-04T17:28:16.314+0000] {processor.py:186} INFO - Started process (PID=1982) to work on /home/airflow/.local/lib/python3.12/site-packages/airflow/example_dags/example_sensors.py
[2024-12-04T17:28:16.316+0000] {processor.py:914} INFO - Processing file /home/airflow/.local/lib/python3.12/site-packages/airflow/example_dags/example_sensors.py for tasks to queue
[2024-12-04T17:28:16.320+0000] {logging_mixin.py:190} INFO - [2024-12-04T17:28:16.320+0000] {dagbag.py:588} INFO - Filling up the DagBag from /home/airflow/.local/lib/python3.12/site-packages/airflow/example_dags/example_sensors.py
[2024-12-04T17:28:16.338+0000] {processor.py:925} INFO - DAG(s) 'example_sensors' retrieved from /home/airflow/.local/lib/python3.12/site-packages/airflow/example_dags/example_sensors.py
[2024-12-04T17:28:16.390+0000] {logging_mixin.py:190} INFO - [2024-12-04T17:28:16.389+0000] {dag.py:3239} INFO - Sync 1 DAGs
[2024-12-04T17:28:16.411+0000] {logging_mixin.py:190} INFO - [2024-12-04T17:28:16.411+0000] {dag.py:4180} INFO - Setting next_dagrun for example_sensors to None, run_after=None
[2024-12-04T17:28:16.453+0000] {processor.py:208} INFO - Processing /home/airflow/.local/lib/python3.12/site-packages/airflow/example_dags/example_sensors.py took 0.152 seconds
[2024-12-04T17:28:48.655+0000] {processor.py:186} INFO - Started process (PID=2045) to work on /home/airflow/.local/lib/python3.12/site-packages/airflow/example_dags/example_sensors.py
[2024-12-04T17:28:48.657+0000] {processor.py:914} INFO - Processing file /home/airflow/.local/lib/python3.12/site-packages/airflow/example_dags/example_sensors.py for tasks to queue
[2024-12-04T17:28:48.661+0000] {logging_mixin.py:190} INFO - [2024-12-04T17:28:48.660+0000] {dagbag.py:588} INFO - Filling up the DagBag from /home/airflow/.local/lib/python3.12/site-packages/airflow/example_dags/example_sensors.py
[2024-12-04T17:28:48.679+0000] {processor.py:925} INFO - DAG(s) 'example_sensors' retrieved from /home/airflow/.local/lib/python3.12/site-packages/airflow/example_dags/example_sensors.py
[2024-12-04T17:28:48.716+0000] {logging_mixin.py:190} INFO - [2024-12-04T17:28:48.715+0000] {dag.py:3239} INFO - Sync 1 DAGs
[2024-12-04T17:28:48.738+0000] {logging_mixin.py:190} INFO - [2024-12-04T17:28:48.738+0000] {dag.py:4180} INFO - Setting next_dagrun for example_sensors to None, run_after=None
[2024-12-04T17:28:48.768+0000] {processor.py:208} INFO - Processing /home/airflow/.local/lib/python3.12/site-packages/airflow/example_dags/example_sensors.py took 0.122 seconds
[2024-12-04T17:29:22.378+0000] {processor.py:186} INFO - Started process (PID=2108) to work on /home/airflow/.local/lib/python3.12/site-packages/airflow/example_dags/example_sensors.py
[2024-12-04T17:29:22.379+0000] {processor.py:914} INFO - Processing file /home/airflow/.local/lib/python3.12/site-packages/airflow/example_dags/example_sensors.py for tasks to queue
[2024-12-04T17:29:22.381+0000] {logging_mixin.py:190} INFO - [2024-12-04T17:29:22.381+0000] {dagbag.py:588} INFO - Filling up the DagBag from /home/airflow/.local/lib/python3.12/site-packages/airflow/example_dags/example_sensors.py
[2024-12-04T17:29:22.413+0000] {processor.py:925} INFO - DAG(s) 'example_sensors' retrieved from /home/airflow/.local/lib/python3.12/site-packages/airflow/example_dags/example_sensors.py
[2024-12-04T17:29:22.500+0000] {logging_mixin.py:190} INFO - [2024-12-04T17:29:22.499+0000] {dag.py:3239} INFO - Sync 1 DAGs
[2024-12-04T17:29:22.529+0000] {logging_mixin.py:190} INFO - [2024-12-04T17:29:22.528+0000] {dag.py:4180} INFO - Setting next_dagrun for example_sensors to None, run_after=None
[2024-12-04T17:29:22.580+0000] {processor.py:208} INFO - Processing /home/airflow/.local/lib/python3.12/site-packages/airflow/example_dags/example_sensors.py took 0.212 seconds
[2024-12-04T17:29:52.864+0000] {processor.py:186} INFO - Started process (PID=2171) to work on /home/airflow/.local/lib/python3.12/site-packages/airflow/example_dags/example_sensors.py
[2024-12-04T17:29:52.865+0000] {processor.py:914} INFO - Processing file /home/airflow/.local/lib/python3.12/site-packages/airflow/example_dags/example_sensors.py for tasks to queue
[2024-12-04T17:29:52.867+0000] {logging_mixin.py:190} INFO - [2024-12-04T17:29:52.867+0000] {dagbag.py:588} INFO - Filling up the DagBag from /home/airflow/.local/lib/python3.12/site-packages/airflow/example_dags/example_sensors.py
[2024-12-04T17:29:52.872+0000] {processor.py:925} INFO - DAG(s) 'example_sensors' retrieved from /home/airflow/.local/lib/python3.12/site-packages/airflow/example_dags/example_sensors.py
[2024-12-04T17:29:52.886+0000] {logging_mixin.py:190} INFO - [2024-12-04T17:29:52.886+0000] {dag.py:3239} INFO - Sync 1 DAGs
[2024-12-04T17:29:52.893+0000] {logging_mixin.py:190} INFO - [2024-12-04T17:29:52.893+0000] {dag.py:4180} INFO - Setting next_dagrun for example_sensors to None, run_after=None
[2024-12-04T17:29:52.907+0000] {processor.py:208} INFO - Processing /home/airflow/.local/lib/python3.12/site-packages/airflow/example_dags/example_sensors.py took 0.046 seconds
[2024-12-04T17:30:24.229+0000] {processor.py:186} INFO - Started process (PID=2234) to work on /home/airflow/.local/lib/python3.12/site-packages/airflow/example_dags/example_sensors.py
[2024-12-04T17:30:24.233+0000] {processor.py:914} INFO - Processing file /home/airflow/.local/lib/python3.12/site-packages/airflow/example_dags/example_sensors.py for tasks to queue
[2024-12-04T17:30:24.239+0000] {logging_mixin.py:190} INFO - [2024-12-04T17:30:24.239+0000] {dagbag.py:588} INFO - Filling up the DagBag from /home/airflow/.local/lib/python3.12/site-packages/airflow/example_dags/example_sensors.py
[2024-12-04T17:30:24.260+0000] {processor.py:925} INFO - DAG(s) 'example_sensors' retrieved from /home/airflow/.local/lib/python3.12/site-packages/airflow/example_dags/example_sensors.py
[2024-12-04T17:30:24.290+0000] {logging_mixin.py:190} INFO - [2024-12-04T17:30:24.290+0000] {dag.py:3239} INFO - Sync 1 DAGs
[2024-12-04T17:30:24.310+0000] {logging_mixin.py:190} INFO - [2024-12-04T17:30:24.310+0000] {dag.py:4180} INFO - Setting next_dagrun for example_sensors to None, run_after=None
[2024-12-04T17:30:24.338+0000] {processor.py:208} INFO - Processing /home/airflow/.local/lib/python3.12/site-packages/airflow/example_dags/example_sensors.py took 0.117 seconds
[2024-12-04T17:30:55.442+0000] {processor.py:186} INFO - Started process (PID=2297) to work on /home/airflow/.local/lib/python3.12/site-packages/airflow/example_dags/example_sensors.py
[2024-12-04T17:30:55.443+0000] {processor.py:914} INFO - Processing file /home/airflow/.local/lib/python3.12/site-packages/airflow/example_dags/example_sensors.py for tasks to queue
[2024-12-04T17:30:55.444+0000] {logging_mixin.py:190} INFO - [2024-12-04T17:30:55.444+0000] {dagbag.py:588} INFO - Filling up the DagBag from /home/airflow/.local/lib/python3.12/site-packages/airflow/example_dags/example_sensors.py
[2024-12-04T17:30:55.451+0000] {processor.py:925} INFO - DAG(s) 'example_sensors' retrieved from /home/airflow/.local/lib/python3.12/site-packages/airflow/example_dags/example_sensors.py
[2024-12-04T17:30:55.465+0000] {logging_mixin.py:190} INFO - [2024-12-04T17:30:55.465+0000] {dag.py:3239} INFO - Sync 1 DAGs
[2024-12-04T17:30:55.472+0000] {logging_mixin.py:190} INFO - [2024-12-04T17:30:55.472+0000] {dag.py:4180} INFO - Setting next_dagrun for example_sensors to None, run_after=None
[2024-12-04T17:30:55.481+0000] {processor.py:208} INFO - Processing /home/airflow/.local/lib/python3.12/site-packages/airflow/example_dags/example_sensors.py took 0.042 seconds
[2024-12-04T17:31:26.271+0000] {processor.py:186} INFO - Started process (PID=2360) to work on /home/airflow/.local/lib/python3.12/site-packages/airflow/example_dags/example_sensors.py
[2024-12-04T17:31:26.273+0000] {processor.py:914} INFO - Processing file /home/airflow/.local/lib/python3.12/site-packages/airflow/example_dags/example_sensors.py for tasks to queue
[2024-12-04T17:31:26.275+0000] {logging_mixin.py:190} INFO - [2024-12-04T17:31:26.274+0000] {dagbag.py:588} INFO - Filling up the DagBag from /home/airflow/.local/lib/python3.12/site-packages/airflow/example_dags/example_sensors.py
[2024-12-04T17:31:26.283+0000] {processor.py:925} INFO - DAG(s) 'example_sensors' retrieved from /home/airflow/.local/lib/python3.12/site-packages/airflow/example_dags/example_sensors.py
[2024-12-04T17:31:26.301+0000] {logging_mixin.py:190} INFO - [2024-12-04T17:31:26.301+0000] {dag.py:3239} INFO - Sync 1 DAGs
[2024-12-04T17:31:26.310+0000] {logging_mixin.py:190} INFO - [2024-12-04T17:31:26.310+0000] {dag.py:4180} INFO - Setting next_dagrun for example_sensors to None, run_after=None
[2024-12-04T17:31:26.322+0000] {processor.py:208} INFO - Processing /home/airflow/.local/lib/python3.12/site-packages/airflow/example_dags/example_sensors.py took 0.054 seconds
[2024-12-04T17:31:57.278+0000] {processor.py:186} INFO - Started process (PID=2423) to work on /home/airflow/.local/lib/python3.12/site-packages/airflow/example_dags/example_sensors.py
[2024-12-04T17:31:57.278+0000] {processor.py:914} INFO - Processing file /home/airflow/.local/lib/python3.12/site-packages/airflow/example_dags/example_sensors.py for tasks to queue
[2024-12-04T17:31:57.280+0000] {logging_mixin.py:190} INFO - [2024-12-04T17:31:57.279+0000] {dagbag.py:588} INFO - Filling up the DagBag from /home/airflow/.local/lib/python3.12/site-packages/airflow/example_dags/example_sensors.py
[2024-12-04T17:31:57.288+0000] {processor.py:925} INFO - DAG(s) 'example_sensors' retrieved from /home/airflow/.local/lib/python3.12/site-packages/airflow/example_dags/example_sensors.py
[2024-12-04T17:31:57.308+0000] {logging_mixin.py:190} INFO - [2024-12-04T17:31:57.308+0000] {dag.py:3239} INFO - Sync 1 DAGs
[2024-12-04T17:31:57.315+0000] {logging_mixin.py:190} INFO - [2024-12-04T17:31:57.315+0000] {dag.py:4180} INFO - Setting next_dagrun for example_sensors to None, run_after=None
[2024-12-04T17:31:57.336+0000] {processor.py:208} INFO - Processing /home/airflow/.local/lib/python3.12/site-packages/airflow/example_dags/example_sensors.py took 0.061 seconds
[2024-12-04T17:32:28.186+0000] {processor.py:186} INFO - Started process (PID=2494) to work on /home/airflow/.local/lib/python3.12/site-packages/airflow/example_dags/example_sensors.py
[2024-12-04T17:32:28.187+0000] {processor.py:914} INFO - Processing file /home/airflow/.local/lib/python3.12/site-packages/airflow/example_dags/example_sensors.py for tasks to queue
[2024-12-04T17:32:28.188+0000] {logging_mixin.py:190} INFO - [2024-12-04T17:32:28.188+0000] {dagbag.py:588} INFO - Filling up the DagBag from /home/airflow/.local/lib/python3.12/site-packages/airflow/example_dags/example_sensors.py
[2024-12-04T17:32:28.194+0000] {processor.py:925} INFO - DAG(s) 'example_sensors' retrieved from /home/airflow/.local/lib/python3.12/site-packages/airflow/example_dags/example_sensors.py
[2024-12-04T17:32:28.211+0000] {logging_mixin.py:190} INFO - [2024-12-04T17:32:28.211+0000] {dag.py:3239} INFO - Sync 1 DAGs
[2024-12-04T17:32:28.220+0000] {logging_mixin.py:190} INFO - [2024-12-04T17:32:28.220+0000] {dag.py:4180} INFO - Setting next_dagrun for example_sensors to None, run_after=None
[2024-12-04T17:32:28.232+0000] {processor.py:208} INFO - Processing /home/airflow/.local/lib/python3.12/site-packages/airflow/example_dags/example_sensors.py took 0.049 seconds
