[2024-12-04T17:12:22.959+0000] {processor.py:186} INFO - Started process (PID=102) to work on /home/airflow/.local/lib/python3.12/site-packages/airflow/example_dags/example_python_decorator.py
[2024-12-04T17:12:22.960+0000] {processor.py:914} INFO - Processing file /home/airflow/.local/lib/python3.12/site-packages/airflow/example_dags/example_python_decorator.py for tasks to queue
[2024-12-04T17:12:22.962+0000] {logging_mixin.py:190} INFO - [2024-12-04T17:12:22.962+0000] {dagbag.py:588} INFO - Filling up the DagBag from /home/airflow/.local/lib/python3.12/site-packages/airflow/example_dags/example_python_decorator.py
[2024-12-04T17:12:22.970+0000] {processor.py:925} INFO - DAG(s) 'example_python_decorator' retrieved from /home/airflow/.local/lib/python3.12/site-packages/airflow/example_dags/example_python_decorator.py
[2024-12-04T17:12:23.033+0000] {logging_mixin.py:190} INFO - [2024-12-04T17:12:23.032+0000] {override.py:1911} INFO - Created Permission View: can read on DAG:example_python_decorator
[2024-12-04T17:12:23.037+0000] {logging_mixin.py:190} INFO - [2024-12-04T17:12:23.037+0000] {override.py:1911} INFO - Created Permission View: can delete on DAG:example_python_decorator
[2024-12-04T17:12:23.040+0000] {logging_mixin.py:190} INFO - [2024-12-04T17:12:23.040+0000] {override.py:1911} INFO - Created Permission View: can edit on DAG:example_python_decorator
[2024-12-04T17:12:23.045+0000] {logging_mixin.py:190} INFO - [2024-12-04T17:12:23.045+0000] {override.py:1911} INFO - Created Permission View: menu access on DAG Run:example_python_decorator
[2024-12-04T17:12:23.050+0000] {logging_mixin.py:190} INFO - [2024-12-04T17:12:23.050+0000] {override.py:1911} INFO - Created Permission View: can delete on DAG Run:example_python_decorator
[2024-12-04T17:12:23.054+0000] {logging_mixin.py:190} INFO - [2024-12-04T17:12:23.054+0000] {override.py:1911} INFO - Created Permission View: can read on DAG Run:example_python_decorator
[2024-12-04T17:12:23.058+0000] {logging_mixin.py:190} INFO - [2024-12-04T17:12:23.058+0000] {override.py:1911} INFO - Created Permission View: can create on DAG Run:example_python_decorator
[2024-12-04T17:12:23.058+0000] {logging_mixin.py:190} INFO - [2024-12-04T17:12:23.058+0000] {dag.py:3239} INFO - Sync 1 DAGs
[2024-12-04T17:12:23.067+0000] {logging_mixin.py:190} INFO - [2024-12-04T17:12:23.067+0000] {dag.py:3262} INFO - Creating ORM DAG for example_python_decorator
[2024-12-04T17:12:23.067+0000] {logging_mixin.py:190} INFO - [2024-12-04T17:12:23.067+0000] {dag.py:4180} INFO - Setting next_dagrun for example_python_decorator to None, run_after=None
[2024-12-04T17:12:23.081+0000] {processor.py:208} INFO - Processing /home/airflow/.local/lib/python3.12/site-packages/airflow/example_dags/example_python_decorator.py took 0.125 seconds
[2024-12-04T17:12:53.515+0000] {processor.py:186} INFO - Started process (PID=165) to work on /home/airflow/.local/lib/python3.12/site-packages/airflow/example_dags/example_python_decorator.py
[2024-12-04T17:12:53.515+0000] {processor.py:914} INFO - Processing file /home/airflow/.local/lib/python3.12/site-packages/airflow/example_dags/example_python_decorator.py for tasks to queue
[2024-12-04T17:12:53.517+0000] {logging_mixin.py:190} INFO - [2024-12-04T17:12:53.517+0000] {dagbag.py:588} INFO - Filling up the DagBag from /home/airflow/.local/lib/python3.12/site-packages/airflow/example_dags/example_python_decorator.py
[2024-12-04T17:12:53.525+0000] {processor.py:925} INFO - DAG(s) 'example_python_decorator' retrieved from /home/airflow/.local/lib/python3.12/site-packages/airflow/example_dags/example_python_decorator.py
[2024-12-04T17:12:53.537+0000] {logging_mixin.py:190} INFO - [2024-12-04T17:12:53.537+0000] {dag.py:3239} INFO - Sync 1 DAGs
[2024-12-04T17:12:53.544+0000] {logging_mixin.py:190} INFO - [2024-12-04T17:12:53.544+0000] {dag.py:4180} INFO - Setting next_dagrun for example_python_decorator to None, run_after=None
[2024-12-04T17:12:53.555+0000] {processor.py:208} INFO - Processing /home/airflow/.local/lib/python3.12/site-packages/airflow/example_dags/example_python_decorator.py took 0.043 seconds
[2024-12-04T17:13:24.050+0000] {processor.py:186} INFO - Started process (PID=228) to work on /home/airflow/.local/lib/python3.12/site-packages/airflow/example_dags/example_python_decorator.py
[2024-12-04T17:13:24.050+0000] {processor.py:914} INFO - Processing file /home/airflow/.local/lib/python3.12/site-packages/airflow/example_dags/example_python_decorator.py for tasks to queue
[2024-12-04T17:13:24.052+0000] {logging_mixin.py:190} INFO - [2024-12-04T17:13:24.052+0000] {dagbag.py:588} INFO - Filling up the DagBag from /home/airflow/.local/lib/python3.12/site-packages/airflow/example_dags/example_python_decorator.py
[2024-12-04T17:13:24.062+0000] {processor.py:925} INFO - DAG(s) 'example_python_decorator' retrieved from /home/airflow/.local/lib/python3.12/site-packages/airflow/example_dags/example_python_decorator.py
[2024-12-04T17:13:24.072+0000] {logging_mixin.py:190} INFO - [2024-12-04T17:13:24.072+0000] {dag.py:3239} INFO - Sync 1 DAGs
[2024-12-04T17:13:24.079+0000] {logging_mixin.py:190} INFO - [2024-12-04T17:13:24.079+0000] {dag.py:4180} INFO - Setting next_dagrun for example_python_decorator to None, run_after=None
[2024-12-04T17:13:24.087+0000] {processor.py:208} INFO - Processing /home/airflow/.local/lib/python3.12/site-packages/airflow/example_dags/example_python_decorator.py took 0.040 seconds
[2024-12-04T17:13:55.407+0000] {processor.py:186} INFO - Started process (PID=291) to work on /home/airflow/.local/lib/python3.12/site-packages/airflow/example_dags/example_python_decorator.py
[2024-12-04T17:13:55.413+0000] {processor.py:914} INFO - Processing file /home/airflow/.local/lib/python3.12/site-packages/airflow/example_dags/example_python_decorator.py for tasks to queue
[2024-12-04T17:13:55.417+0000] {logging_mixin.py:190} INFO - [2024-12-04T17:13:55.417+0000] {dagbag.py:588} INFO - Filling up the DagBag from /home/airflow/.local/lib/python3.12/site-packages/airflow/example_dags/example_python_decorator.py
[2024-12-04T17:13:55.424+0000] {processor.py:925} INFO - DAG(s) 'example_python_decorator' retrieved from /home/airflow/.local/lib/python3.12/site-packages/airflow/example_dags/example_python_decorator.py
[2024-12-04T17:13:55.436+0000] {logging_mixin.py:190} INFO - [2024-12-04T17:13:55.436+0000] {dag.py:3239} INFO - Sync 1 DAGs
[2024-12-04T17:13:55.444+0000] {logging_mixin.py:190} INFO - [2024-12-04T17:13:55.443+0000] {dag.py:4180} INFO - Setting next_dagrun for example_python_decorator to None, run_after=None
[2024-12-04T17:13:55.452+0000] {processor.py:208} INFO - Processing /home/airflow/.local/lib/python3.12/site-packages/airflow/example_dags/example_python_decorator.py took 0.049 seconds
[2024-12-04T17:14:26.830+0000] {processor.py:186} INFO - Started process (PID=353) to work on /home/airflow/.local/lib/python3.12/site-packages/airflow/example_dags/example_python_decorator.py
[2024-12-04T17:14:26.832+0000] {processor.py:914} INFO - Processing file /home/airflow/.local/lib/python3.12/site-packages/airflow/example_dags/example_python_decorator.py for tasks to queue
[2024-12-04T17:14:26.833+0000] {logging_mixin.py:190} INFO - [2024-12-04T17:14:26.833+0000] {dagbag.py:588} INFO - Filling up the DagBag from /home/airflow/.local/lib/python3.12/site-packages/airflow/example_dags/example_python_decorator.py
[2024-12-04T17:14:26.841+0000] {processor.py:925} INFO - DAG(s) 'example_python_decorator' retrieved from /home/airflow/.local/lib/python3.12/site-packages/airflow/example_dags/example_python_decorator.py
[2024-12-04T17:14:26.854+0000] {logging_mixin.py:190} INFO - [2024-12-04T17:14:26.854+0000] {dag.py:3239} INFO - Sync 1 DAGs
[2024-12-04T17:14:26.863+0000] {logging_mixin.py:190} INFO - [2024-12-04T17:14:26.863+0000] {dag.py:4180} INFO - Setting next_dagrun for example_python_decorator to None, run_after=None
[2024-12-04T17:14:26.872+0000] {processor.py:208} INFO - Processing /home/airflow/.local/lib/python3.12/site-packages/airflow/example_dags/example_python_decorator.py took 0.045 seconds
[2024-12-04T17:14:58.410+0000] {processor.py:186} INFO - Started process (PID=416) to work on /home/airflow/.local/lib/python3.12/site-packages/airflow/example_dags/example_python_decorator.py
[2024-12-04T17:14:58.414+0000] {processor.py:914} INFO - Processing file /home/airflow/.local/lib/python3.12/site-packages/airflow/example_dags/example_python_decorator.py for tasks to queue
[2024-12-04T17:14:58.417+0000] {logging_mixin.py:190} INFO - [2024-12-04T17:14:58.417+0000] {dagbag.py:588} INFO - Filling up the DagBag from /home/airflow/.local/lib/python3.12/site-packages/airflow/example_dags/example_python_decorator.py
[2024-12-04T17:14:58.427+0000] {processor.py:925} INFO - DAG(s) 'example_python_decorator' retrieved from /home/airflow/.local/lib/python3.12/site-packages/airflow/example_dags/example_python_decorator.py
[2024-12-04T17:14:58.449+0000] {logging_mixin.py:190} INFO - [2024-12-04T17:14:58.449+0000] {dag.py:3239} INFO - Sync 1 DAGs
[2024-12-04T17:14:58.475+0000] {logging_mixin.py:190} INFO - [2024-12-04T17:14:58.475+0000] {dag.py:4180} INFO - Setting next_dagrun for example_python_decorator to None, run_after=None
[2024-12-04T17:14:58.490+0000] {processor.py:208} INFO - Processing /home/airflow/.local/lib/python3.12/site-packages/airflow/example_dags/example_python_decorator.py took 0.085 seconds
[2024-12-04T17:15:29.217+0000] {processor.py:186} INFO - Started process (PID=479) to work on /home/airflow/.local/lib/python3.12/site-packages/airflow/example_dags/example_python_decorator.py
[2024-12-04T17:15:29.218+0000] {processor.py:914} INFO - Processing file /home/airflow/.local/lib/python3.12/site-packages/airflow/example_dags/example_python_decorator.py for tasks to queue
[2024-12-04T17:15:29.219+0000] {logging_mixin.py:190} INFO - [2024-12-04T17:15:29.219+0000] {dagbag.py:588} INFO - Filling up the DagBag from /home/airflow/.local/lib/python3.12/site-packages/airflow/example_dags/example_python_decorator.py
[2024-12-04T17:15:29.229+0000] {processor.py:925} INFO - DAG(s) 'example_python_decorator' retrieved from /home/airflow/.local/lib/python3.12/site-packages/airflow/example_dags/example_python_decorator.py
[2024-12-04T17:15:29.242+0000] {logging_mixin.py:190} INFO - [2024-12-04T17:15:29.242+0000] {dag.py:3239} INFO - Sync 1 DAGs
[2024-12-04T17:15:29.250+0000] {logging_mixin.py:190} INFO - [2024-12-04T17:15:29.250+0000] {dag.py:4180} INFO - Setting next_dagrun for example_python_decorator to None, run_after=None
[2024-12-04T17:15:29.265+0000] {processor.py:208} INFO - Processing /home/airflow/.local/lib/python3.12/site-packages/airflow/example_dags/example_python_decorator.py took 0.052 seconds
[2024-12-04T17:16:00.710+0000] {processor.py:186} INFO - Started process (PID=542) to work on /home/airflow/.local/lib/python3.12/site-packages/airflow/example_dags/example_python_decorator.py
[2024-12-04T17:16:00.712+0000] {processor.py:914} INFO - Processing file /home/airflow/.local/lib/python3.12/site-packages/airflow/example_dags/example_python_decorator.py for tasks to queue
[2024-12-04T17:16:00.713+0000] {logging_mixin.py:190} INFO - [2024-12-04T17:16:00.713+0000] {dagbag.py:588} INFO - Filling up the DagBag from /home/airflow/.local/lib/python3.12/site-packages/airflow/example_dags/example_python_decorator.py
[2024-12-04T17:16:00.721+0000] {processor.py:925} INFO - DAG(s) 'example_python_decorator' retrieved from /home/airflow/.local/lib/python3.12/site-packages/airflow/example_dags/example_python_decorator.py
[2024-12-04T17:16:00.735+0000] {logging_mixin.py:190} INFO - [2024-12-04T17:16:00.735+0000] {dag.py:3239} INFO - Sync 1 DAGs
[2024-12-04T17:16:00.745+0000] {logging_mixin.py:190} INFO - [2024-12-04T17:16:00.744+0000] {dag.py:4180} INFO - Setting next_dagrun for example_python_decorator to None, run_after=None
[2024-12-04T17:16:00.754+0000] {processor.py:208} INFO - Processing /home/airflow/.local/lib/python3.12/site-packages/airflow/example_dags/example_python_decorator.py took 0.047 seconds
[2024-12-04T17:16:32.039+0000] {processor.py:186} INFO - Started process (PID=605) to work on /home/airflow/.local/lib/python3.12/site-packages/airflow/example_dags/example_python_decorator.py
[2024-12-04T17:16:32.040+0000] {processor.py:914} INFO - Processing file /home/airflow/.local/lib/python3.12/site-packages/airflow/example_dags/example_python_decorator.py for tasks to queue
[2024-12-04T17:16:32.041+0000] {logging_mixin.py:190} INFO - [2024-12-04T17:16:32.041+0000] {dagbag.py:588} INFO - Filling up the DagBag from /home/airflow/.local/lib/python3.12/site-packages/airflow/example_dags/example_python_decorator.py
[2024-12-04T17:16:32.049+0000] {processor.py:925} INFO - DAG(s) 'example_python_decorator' retrieved from /home/airflow/.local/lib/python3.12/site-packages/airflow/example_dags/example_python_decorator.py
[2024-12-04T17:16:32.063+0000] {logging_mixin.py:190} INFO - [2024-12-04T17:16:32.063+0000] {dag.py:3239} INFO - Sync 1 DAGs
[2024-12-04T17:16:32.071+0000] {logging_mixin.py:190} INFO - [2024-12-04T17:16:32.071+0000] {dag.py:4180} INFO - Setting next_dagrun for example_python_decorator to None, run_after=None
[2024-12-04T17:16:32.082+0000] {processor.py:208} INFO - Processing /home/airflow/.local/lib/python3.12/site-packages/airflow/example_dags/example_python_decorator.py took 0.047 seconds
[2024-12-04T17:17:02.818+0000] {processor.py:186} INFO - Started process (PID=668) to work on /home/airflow/.local/lib/python3.12/site-packages/airflow/example_dags/example_python_decorator.py
[2024-12-04T17:17:02.819+0000] {processor.py:914} INFO - Processing file /home/airflow/.local/lib/python3.12/site-packages/airflow/example_dags/example_python_decorator.py for tasks to queue
[2024-12-04T17:17:02.820+0000] {logging_mixin.py:190} INFO - [2024-12-04T17:17:02.820+0000] {dagbag.py:588} INFO - Filling up the DagBag from /home/airflow/.local/lib/python3.12/site-packages/airflow/example_dags/example_python_decorator.py
[2024-12-04T17:17:02.831+0000] {processor.py:925} INFO - DAG(s) 'example_python_decorator' retrieved from /home/airflow/.local/lib/python3.12/site-packages/airflow/example_dags/example_python_decorator.py
[2024-12-04T17:17:02.845+0000] {logging_mixin.py:190} INFO - [2024-12-04T17:17:02.845+0000] {dag.py:3239} INFO - Sync 1 DAGs
[2024-12-04T17:17:02.853+0000] {logging_mixin.py:190} INFO - [2024-12-04T17:17:02.853+0000] {dag.py:4180} INFO - Setting next_dagrun for example_python_decorator to None, run_after=None
[2024-12-04T17:17:02.864+0000] {processor.py:208} INFO - Processing /home/airflow/.local/lib/python3.12/site-packages/airflow/example_dags/example_python_decorator.py took 0.049 seconds
[2024-12-04T17:17:34.354+0000] {processor.py:186} INFO - Started process (PID=731) to work on /home/airflow/.local/lib/python3.12/site-packages/airflow/example_dags/example_python_decorator.py
[2024-12-04T17:17:34.355+0000] {processor.py:914} INFO - Processing file /home/airflow/.local/lib/python3.12/site-packages/airflow/example_dags/example_python_decorator.py for tasks to queue
[2024-12-04T17:17:34.356+0000] {logging_mixin.py:190} INFO - [2024-12-04T17:17:34.356+0000] {dagbag.py:588} INFO - Filling up the DagBag from /home/airflow/.local/lib/python3.12/site-packages/airflow/example_dags/example_python_decorator.py
[2024-12-04T17:17:34.365+0000] {processor.py:925} INFO - DAG(s) 'example_python_decorator' retrieved from /home/airflow/.local/lib/python3.12/site-packages/airflow/example_dags/example_python_decorator.py
[2024-12-04T17:17:34.378+0000] {logging_mixin.py:190} INFO - [2024-12-04T17:17:34.377+0000] {dag.py:3239} INFO - Sync 1 DAGs
[2024-12-04T17:17:34.384+0000] {logging_mixin.py:190} INFO - [2024-12-04T17:17:34.384+0000] {dag.py:4180} INFO - Setting next_dagrun for example_python_decorator to None, run_after=None
[2024-12-04T17:17:34.393+0000] {processor.py:208} INFO - Processing /home/airflow/.local/lib/python3.12/site-packages/airflow/example_dags/example_python_decorator.py took 0.042 seconds
[2024-12-04T17:18:05.844+0000] {processor.py:186} INFO - Started process (PID=794) to work on /home/airflow/.local/lib/python3.12/site-packages/airflow/example_dags/example_python_decorator.py
[2024-12-04T17:18:05.844+0000] {processor.py:914} INFO - Processing file /home/airflow/.local/lib/python3.12/site-packages/airflow/example_dags/example_python_decorator.py for tasks to queue
[2024-12-04T17:18:05.846+0000] {logging_mixin.py:190} INFO - [2024-12-04T17:18:05.845+0000] {dagbag.py:588} INFO - Filling up the DagBag from /home/airflow/.local/lib/python3.12/site-packages/airflow/example_dags/example_python_decorator.py
[2024-12-04T17:18:05.860+0000] {processor.py:925} INFO - DAG(s) 'example_python_decorator' retrieved from /home/airflow/.local/lib/python3.12/site-packages/airflow/example_dags/example_python_decorator.py
[2024-12-04T17:18:05.877+0000] {logging_mixin.py:190} INFO - [2024-12-04T17:18:05.877+0000] {dag.py:3239} INFO - Sync 1 DAGs
[2024-12-04T17:18:05.890+0000] {logging_mixin.py:190} INFO - [2024-12-04T17:18:05.890+0000] {dag.py:4180} INFO - Setting next_dagrun for example_python_decorator to None, run_after=None
[2024-12-04T17:18:05.902+0000] {processor.py:208} INFO - Processing /home/airflow/.local/lib/python3.12/site-packages/airflow/example_dags/example_python_decorator.py took 0.062 seconds
[2024-12-04T17:18:38.433+0000] {processor.py:186} INFO - Started process (PID=857) to work on /home/airflow/.local/lib/python3.12/site-packages/airflow/example_dags/example_python_decorator.py
[2024-12-04T17:18:38.438+0000] {processor.py:914} INFO - Processing file /home/airflow/.local/lib/python3.12/site-packages/airflow/example_dags/example_python_decorator.py for tasks to queue
[2024-12-04T17:18:38.440+0000] {logging_mixin.py:190} INFO - [2024-12-04T17:18:38.439+0000] {dagbag.py:588} INFO - Filling up the DagBag from /home/airflow/.local/lib/python3.12/site-packages/airflow/example_dags/example_python_decorator.py
[2024-12-04T17:18:38.451+0000] {processor.py:925} INFO - DAG(s) 'example_python_decorator' retrieved from /home/airflow/.local/lib/python3.12/site-packages/airflow/example_dags/example_python_decorator.py
[2024-12-04T17:18:38.464+0000] {logging_mixin.py:190} INFO - [2024-12-04T17:18:38.464+0000] {dag.py:3239} INFO - Sync 1 DAGs
[2024-12-04T17:18:38.473+0000] {logging_mixin.py:190} INFO - [2024-12-04T17:18:38.473+0000] {dag.py:4180} INFO - Setting next_dagrun for example_python_decorator to None, run_after=None
[2024-12-04T17:18:38.485+0000] {processor.py:208} INFO - Processing /home/airflow/.local/lib/python3.12/site-packages/airflow/example_dags/example_python_decorator.py took 0.056 seconds
[2024-12-04T17:19:09.288+0000] {processor.py:186} INFO - Started process (PID=920) to work on /home/airflow/.local/lib/python3.12/site-packages/airflow/example_dags/example_python_decorator.py
[2024-12-04T17:19:09.289+0000] {processor.py:914} INFO - Processing file /home/airflow/.local/lib/python3.12/site-packages/airflow/example_dags/example_python_decorator.py for tasks to queue
[2024-12-04T17:19:09.290+0000] {logging_mixin.py:190} INFO - [2024-12-04T17:19:09.290+0000] {dagbag.py:588} INFO - Filling up the DagBag from /home/airflow/.local/lib/python3.12/site-packages/airflow/example_dags/example_python_decorator.py
[2024-12-04T17:19:09.298+0000] {processor.py:925} INFO - DAG(s) 'example_python_decorator' retrieved from /home/airflow/.local/lib/python3.12/site-packages/airflow/example_dags/example_python_decorator.py
[2024-12-04T17:19:09.309+0000] {logging_mixin.py:190} INFO - [2024-12-04T17:19:09.308+0000] {dag.py:3239} INFO - Sync 1 DAGs
[2024-12-04T17:19:09.317+0000] {logging_mixin.py:190} INFO - [2024-12-04T17:19:09.316+0000] {dag.py:4180} INFO - Setting next_dagrun for example_python_decorator to None, run_after=None
[2024-12-04T17:19:09.327+0000] {processor.py:208} INFO - Processing /home/airflow/.local/lib/python3.12/site-packages/airflow/example_dags/example_python_decorator.py took 0.042 seconds
[2024-12-04T17:19:40.735+0000] {processor.py:186} INFO - Started process (PID=983) to work on /home/airflow/.local/lib/python3.12/site-packages/airflow/example_dags/example_python_decorator.py
[2024-12-04T17:19:40.736+0000] {processor.py:914} INFO - Processing file /home/airflow/.local/lib/python3.12/site-packages/airflow/example_dags/example_python_decorator.py for tasks to queue
[2024-12-04T17:19:40.738+0000] {logging_mixin.py:190} INFO - [2024-12-04T17:19:40.738+0000] {dagbag.py:588} INFO - Filling up the DagBag from /home/airflow/.local/lib/python3.12/site-packages/airflow/example_dags/example_python_decorator.py
[2024-12-04T17:19:40.747+0000] {processor.py:925} INFO - DAG(s) 'example_python_decorator' retrieved from /home/airflow/.local/lib/python3.12/site-packages/airflow/example_dags/example_python_decorator.py
[2024-12-04T17:19:40.761+0000] {logging_mixin.py:190} INFO - [2024-12-04T17:19:40.761+0000] {dag.py:3239} INFO - Sync 1 DAGs
[2024-12-04T17:19:40.771+0000] {logging_mixin.py:190} INFO - [2024-12-04T17:19:40.771+0000] {dag.py:4180} INFO - Setting next_dagrun for example_python_decorator to None, run_after=None
[2024-12-04T17:19:40.780+0000] {processor.py:208} INFO - Processing /home/airflow/.local/lib/python3.12/site-packages/airflow/example_dags/example_python_decorator.py took 0.050 seconds
[2024-12-04T17:20:12.040+0000] {processor.py:186} INFO - Started process (PID=1046) to work on /home/airflow/.local/lib/python3.12/site-packages/airflow/example_dags/example_python_decorator.py
[2024-12-04T17:20:12.040+0000] {processor.py:914} INFO - Processing file /home/airflow/.local/lib/python3.12/site-packages/airflow/example_dags/example_python_decorator.py for tasks to queue
[2024-12-04T17:20:12.042+0000] {logging_mixin.py:190} INFO - [2024-12-04T17:20:12.042+0000] {dagbag.py:588} INFO - Filling up the DagBag from /home/airflow/.local/lib/python3.12/site-packages/airflow/example_dags/example_python_decorator.py
[2024-12-04T17:20:12.049+0000] {processor.py:925} INFO - DAG(s) 'example_python_decorator' retrieved from /home/airflow/.local/lib/python3.12/site-packages/airflow/example_dags/example_python_decorator.py
[2024-12-04T17:20:12.061+0000] {logging_mixin.py:190} INFO - [2024-12-04T17:20:12.061+0000] {dag.py:3239} INFO - Sync 1 DAGs
[2024-12-04T17:20:12.071+0000] {logging_mixin.py:190} INFO - [2024-12-04T17:20:12.071+0000] {dag.py:4180} INFO - Setting next_dagrun for example_python_decorator to None, run_after=None
[2024-12-04T17:20:12.080+0000] {processor.py:208} INFO - Processing /home/airflow/.local/lib/python3.12/site-packages/airflow/example_dags/example_python_decorator.py took 0.043 seconds
[2024-12-04T17:20:43.452+0000] {processor.py:186} INFO - Started process (PID=1109) to work on /home/airflow/.local/lib/python3.12/site-packages/airflow/example_dags/example_python_decorator.py
[2024-12-04T17:20:43.454+0000] {processor.py:914} INFO - Processing file /home/airflow/.local/lib/python3.12/site-packages/airflow/example_dags/example_python_decorator.py for tasks to queue
[2024-12-04T17:20:43.455+0000] {logging_mixin.py:190} INFO - [2024-12-04T17:20:43.455+0000] {dagbag.py:588} INFO - Filling up the DagBag from /home/airflow/.local/lib/python3.12/site-packages/airflow/example_dags/example_python_decorator.py
[2024-12-04T17:20:43.462+0000] {processor.py:925} INFO - DAG(s) 'example_python_decorator' retrieved from /home/airflow/.local/lib/python3.12/site-packages/airflow/example_dags/example_python_decorator.py
[2024-12-04T17:20:43.475+0000] {logging_mixin.py:190} INFO - [2024-12-04T17:20:43.474+0000] {dag.py:3239} INFO - Sync 1 DAGs
[2024-12-04T17:20:43.482+0000] {logging_mixin.py:190} INFO - [2024-12-04T17:20:43.482+0000] {dag.py:4180} INFO - Setting next_dagrun for example_python_decorator to None, run_after=None
[2024-12-04T17:20:43.493+0000] {processor.py:208} INFO - Processing /home/airflow/.local/lib/python3.12/site-packages/airflow/example_dags/example_python_decorator.py took 0.045 seconds
[2024-12-04T17:21:15.519+0000] {processor.py:186} INFO - Started process (PID=1172) to work on /home/airflow/.local/lib/python3.12/site-packages/airflow/example_dags/example_python_decorator.py
[2024-12-04T17:21:15.543+0000] {processor.py:914} INFO - Processing file /home/airflow/.local/lib/python3.12/site-packages/airflow/example_dags/example_python_decorator.py for tasks to queue
[2024-12-04T17:21:15.571+0000] {logging_mixin.py:190} INFO - [2024-12-04T17:21:15.570+0000] {dagbag.py:588} INFO - Filling up the DagBag from /home/airflow/.local/lib/python3.12/site-packages/airflow/example_dags/example_python_decorator.py
[2024-12-04T17:21:15.610+0000] {processor.py:925} INFO - DAG(s) 'example_python_decorator' retrieved from /home/airflow/.local/lib/python3.12/site-packages/airflow/example_dags/example_python_decorator.py
[2024-12-04T17:21:15.665+0000] {logging_mixin.py:190} INFO - [2024-12-04T17:21:15.664+0000] {dag.py:3239} INFO - Sync 1 DAGs
[2024-12-04T17:21:15.682+0000] {logging_mixin.py:190} INFO - [2024-12-04T17:21:15.681+0000] {dag.py:4180} INFO - Setting next_dagrun for example_python_decorator to None, run_after=None
[2024-12-04T17:21:15.694+0000] {processor.py:208} INFO - Processing /home/airflow/.local/lib/python3.12/site-packages/airflow/example_dags/example_python_decorator.py took 0.180 seconds
[2024-12-04T17:21:46.335+0000] {processor.py:186} INFO - Started process (PID=1235) to work on /home/airflow/.local/lib/python3.12/site-packages/airflow/example_dags/example_python_decorator.py
[2024-12-04T17:21:46.339+0000] {processor.py:914} INFO - Processing file /home/airflow/.local/lib/python3.12/site-packages/airflow/example_dags/example_python_decorator.py for tasks to queue
[2024-12-04T17:21:46.341+0000] {logging_mixin.py:190} INFO - [2024-12-04T17:21:46.340+0000] {dagbag.py:588} INFO - Filling up the DagBag from /home/airflow/.local/lib/python3.12/site-packages/airflow/example_dags/example_python_decorator.py
[2024-12-04T17:21:46.354+0000] {processor.py:925} INFO - DAG(s) 'example_python_decorator' retrieved from /home/airflow/.local/lib/python3.12/site-packages/airflow/example_dags/example_python_decorator.py
[2024-12-04T17:21:46.367+0000] {logging_mixin.py:190} INFO - [2024-12-04T17:21:46.367+0000] {dag.py:3239} INFO - Sync 1 DAGs
[2024-12-04T17:21:46.380+0000] {logging_mixin.py:190} INFO - [2024-12-04T17:21:46.380+0000] {dag.py:4180} INFO - Setting next_dagrun for example_python_decorator to None, run_after=None
[2024-12-04T17:21:46.391+0000] {processor.py:208} INFO - Processing /home/airflow/.local/lib/python3.12/site-packages/airflow/example_dags/example_python_decorator.py took 0.061 seconds
[2024-12-04T17:22:17.527+0000] {processor.py:186} INFO - Started process (PID=1298) to work on /home/airflow/.local/lib/python3.12/site-packages/airflow/example_dags/example_python_decorator.py
[2024-12-04T17:22:17.530+0000] {processor.py:914} INFO - Processing file /home/airflow/.local/lib/python3.12/site-packages/airflow/example_dags/example_python_decorator.py for tasks to queue
[2024-12-04T17:22:17.534+0000] {logging_mixin.py:190} INFO - [2024-12-04T17:22:17.534+0000] {dagbag.py:588} INFO - Filling up the DagBag from /home/airflow/.local/lib/python3.12/site-packages/airflow/example_dags/example_python_decorator.py
[2024-12-04T17:22:17.549+0000] {processor.py:925} INFO - DAG(s) 'example_python_decorator' retrieved from /home/airflow/.local/lib/python3.12/site-packages/airflow/example_dags/example_python_decorator.py
[2024-12-04T17:22:17.569+0000] {logging_mixin.py:190} INFO - [2024-12-04T17:22:17.568+0000] {dag.py:3239} INFO - Sync 1 DAGs
[2024-12-04T17:22:17.581+0000] {logging_mixin.py:190} INFO - [2024-12-04T17:22:17.581+0000] {dag.py:4180} INFO - Setting next_dagrun for example_python_decorator to None, run_after=None
[2024-12-04T17:22:17.593+0000] {processor.py:208} INFO - Processing /home/airflow/.local/lib/python3.12/site-packages/airflow/example_dags/example_python_decorator.py took 0.071 seconds
[2024-12-04T17:23:00.529+0000] {processor.py:186} INFO - Started process (PID=1368) to work on /home/airflow/.local/lib/python3.12/site-packages/airflow/example_dags/example_python_decorator.py
[2024-12-04T17:23:00.535+0000] {processor.py:914} INFO - Processing file /home/airflow/.local/lib/python3.12/site-packages/airflow/example_dags/example_python_decorator.py for tasks to queue
[2024-12-04T17:23:00.556+0000] {logging_mixin.py:190} INFO - [2024-12-04T17:23:00.554+0000] {dagbag.py:588} INFO - Filling up the DagBag from /home/airflow/.local/lib/python3.12/site-packages/airflow/example_dags/example_python_decorator.py
[2024-12-04T17:23:00.628+0000] {processor.py:925} INFO - DAG(s) 'example_python_decorator' retrieved from /home/airflow/.local/lib/python3.12/site-packages/airflow/example_dags/example_python_decorator.py
[2024-12-04T17:23:00.717+0000] {logging_mixin.py:190} INFO - [2024-12-04T17:23:00.716+0000] {dag.py:3239} INFO - Sync 1 DAGs
[2024-12-04T17:23:00.792+0000] {logging_mixin.py:190} INFO - [2024-12-04T17:23:00.791+0000] {dag.py:4180} INFO - Setting next_dagrun for example_python_decorator to None, run_after=None
[2024-12-04T17:23:00.995+0000] {processor.py:208} INFO - Processing /home/airflow/.local/lib/python3.12/site-packages/airflow/example_dags/example_python_decorator.py took 0.532 seconds
[2024-12-04T17:23:31.566+0000] {processor.py:186} INFO - Started process (PID=1430) to work on /home/airflow/.local/lib/python3.12/site-packages/airflow/example_dags/example_python_decorator.py
[2024-12-04T17:23:31.568+0000] {processor.py:914} INFO - Processing file /home/airflow/.local/lib/python3.12/site-packages/airflow/example_dags/example_python_decorator.py for tasks to queue
[2024-12-04T17:23:31.573+0000] {logging_mixin.py:190} INFO - [2024-12-04T17:23:31.572+0000] {dagbag.py:588} INFO - Filling up the DagBag from /home/airflow/.local/lib/python3.12/site-packages/airflow/example_dags/example_python_decorator.py
[2024-12-04T17:23:31.637+0000] {processor.py:925} INFO - DAG(s) 'example_python_decorator' retrieved from /home/airflow/.local/lib/python3.12/site-packages/airflow/example_dags/example_python_decorator.py
[2024-12-04T17:23:31.698+0000] {logging_mixin.py:190} INFO - [2024-12-04T17:23:31.697+0000] {dag.py:3239} INFO - Sync 1 DAGs
[2024-12-04T17:23:31.740+0000] {logging_mixin.py:190} INFO - [2024-12-04T17:23:31.739+0000] {dag.py:4180} INFO - Setting next_dagrun for example_python_decorator to None, run_after=None
[2024-12-04T17:23:31.754+0000] {processor.py:208} INFO - Processing /home/airflow/.local/lib/python3.12/site-packages/airflow/example_dags/example_python_decorator.py took 0.214 seconds
[2024-12-04T17:24:01.994+0000] {processor.py:186} INFO - Started process (PID=1493) to work on /home/airflow/.local/lib/python3.12/site-packages/airflow/example_dags/example_python_decorator.py
[2024-12-04T17:24:01.998+0000] {processor.py:914} INFO - Processing file /home/airflow/.local/lib/python3.12/site-packages/airflow/example_dags/example_python_decorator.py for tasks to queue
[2024-12-04T17:24:02.008+0000] {logging_mixin.py:190} INFO - [2024-12-04T17:24:02.007+0000] {dagbag.py:588} INFO - Filling up the DagBag from /home/airflow/.local/lib/python3.12/site-packages/airflow/example_dags/example_python_decorator.py
[2024-12-04T17:24:02.050+0000] {processor.py:925} INFO - DAG(s) 'example_python_decorator' retrieved from /home/airflow/.local/lib/python3.12/site-packages/airflow/example_dags/example_python_decorator.py
[2024-12-04T17:24:02.117+0000] {logging_mixin.py:190} INFO - [2024-12-04T17:24:02.116+0000] {dag.py:3239} INFO - Sync 1 DAGs
[2024-12-04T17:24:02.150+0000] {logging_mixin.py:190} INFO - [2024-12-04T17:24:02.149+0000] {dag.py:4180} INFO - Setting next_dagrun for example_python_decorator to None, run_after=None
[2024-12-04T17:24:02.186+0000] {processor.py:208} INFO - Processing /home/airflow/.local/lib/python3.12/site-packages/airflow/example_dags/example_python_decorator.py took 0.215 seconds
[2024-12-04T17:24:36.516+0000] {processor.py:186} INFO - Started process (PID=1555) to work on /home/airflow/.local/lib/python3.12/site-packages/airflow/example_dags/example_python_decorator.py
[2024-12-04T17:24:36.517+0000] {processor.py:914} INFO - Processing file /home/airflow/.local/lib/python3.12/site-packages/airflow/example_dags/example_python_decorator.py for tasks to queue
[2024-12-04T17:24:36.521+0000] {logging_mixin.py:190} INFO - [2024-12-04T17:24:36.520+0000] {dagbag.py:588} INFO - Filling up the DagBag from /home/airflow/.local/lib/python3.12/site-packages/airflow/example_dags/example_python_decorator.py
[2024-12-04T17:24:36.555+0000] {processor.py:925} INFO - DAG(s) 'example_python_decorator' retrieved from /home/airflow/.local/lib/python3.12/site-packages/airflow/example_dags/example_python_decorator.py
[2024-12-04T17:24:36.602+0000] {logging_mixin.py:190} INFO - [2024-12-04T17:24:36.601+0000] {dag.py:3239} INFO - Sync 1 DAGs
[2024-12-04T17:24:36.625+0000] {logging_mixin.py:190} INFO - [2024-12-04T17:24:36.625+0000] {dag.py:4180} INFO - Setting next_dagrun for example_python_decorator to None, run_after=None
[2024-12-04T17:24:36.664+0000] {processor.py:208} INFO - Processing /home/airflow/.local/lib/python3.12/site-packages/airflow/example_dags/example_python_decorator.py took 0.158 seconds
[2024-12-04T17:25:06.956+0000] {processor.py:186} INFO - Started process (PID=1618) to work on /home/airflow/.local/lib/python3.12/site-packages/airflow/example_dags/example_python_decorator.py
[2024-12-04T17:25:06.956+0000] {processor.py:914} INFO - Processing file /home/airflow/.local/lib/python3.12/site-packages/airflow/example_dags/example_python_decorator.py for tasks to queue
[2024-12-04T17:25:06.957+0000] {logging_mixin.py:190} INFO - [2024-12-04T17:25:06.957+0000] {dagbag.py:588} INFO - Filling up the DagBag from /home/airflow/.local/lib/python3.12/site-packages/airflow/example_dags/example_python_decorator.py
[2024-12-04T17:25:06.967+0000] {processor.py:925} INFO - DAG(s) 'example_python_decorator' retrieved from /home/airflow/.local/lib/python3.12/site-packages/airflow/example_dags/example_python_decorator.py
[2024-12-04T17:25:06.984+0000] {logging_mixin.py:190} INFO - [2024-12-04T17:25:06.984+0000] {dag.py:3239} INFO - Sync 1 DAGs
[2024-12-04T17:25:06.992+0000] {logging_mixin.py:190} INFO - [2024-12-04T17:25:06.992+0000] {dag.py:4180} INFO - Setting next_dagrun for example_python_decorator to None, run_after=None
[2024-12-04T17:25:07.002+0000] {processor.py:208} INFO - Processing /home/airflow/.local/lib/python3.12/site-packages/airflow/example_dags/example_python_decorator.py took 0.050 seconds
[2024-12-04T17:25:37.309+0000] {processor.py:186} INFO - Started process (PID=1681) to work on /home/airflow/.local/lib/python3.12/site-packages/airflow/example_dags/example_python_decorator.py
[2024-12-04T17:25:37.313+0000] {processor.py:914} INFO - Processing file /home/airflow/.local/lib/python3.12/site-packages/airflow/example_dags/example_python_decorator.py for tasks to queue
[2024-12-04T17:25:37.316+0000] {logging_mixin.py:190} INFO - [2024-12-04T17:25:37.315+0000] {dagbag.py:588} INFO - Filling up the DagBag from /home/airflow/.local/lib/python3.12/site-packages/airflow/example_dags/example_python_decorator.py
[2024-12-04T17:25:37.326+0000] {processor.py:925} INFO - DAG(s) 'example_python_decorator' retrieved from /home/airflow/.local/lib/python3.12/site-packages/airflow/example_dags/example_python_decorator.py
[2024-12-04T17:25:37.348+0000] {logging_mixin.py:190} INFO - [2024-12-04T17:25:37.347+0000] {dag.py:3239} INFO - Sync 1 DAGs
[2024-12-04T17:25:37.363+0000] {logging_mixin.py:190} INFO - [2024-12-04T17:25:37.363+0000] {dag.py:4180} INFO - Setting next_dagrun for example_python_decorator to None, run_after=None
[2024-12-04T17:25:37.385+0000] {processor.py:208} INFO - Processing /home/airflow/.local/lib/python3.12/site-packages/airflow/example_dags/example_python_decorator.py took 0.080 seconds
[2024-12-04T17:26:08.140+0000] {processor.py:186} INFO - Started process (PID=1744) to work on /home/airflow/.local/lib/python3.12/site-packages/airflow/example_dags/example_python_decorator.py
[2024-12-04T17:26:08.143+0000] {processor.py:914} INFO - Processing file /home/airflow/.local/lib/python3.12/site-packages/airflow/example_dags/example_python_decorator.py for tasks to queue
[2024-12-04T17:26:08.147+0000] {logging_mixin.py:190} INFO - [2024-12-04T17:26:08.146+0000] {dagbag.py:588} INFO - Filling up the DagBag from /home/airflow/.local/lib/python3.12/site-packages/airflow/example_dags/example_python_decorator.py
[2024-12-04T17:26:08.178+0000] {processor.py:925} INFO - DAG(s) 'example_python_decorator' retrieved from /home/airflow/.local/lib/python3.12/site-packages/airflow/example_dags/example_python_decorator.py
[2024-12-04T17:26:08.213+0000] {logging_mixin.py:190} INFO - [2024-12-04T17:26:08.212+0000] {dag.py:3239} INFO - Sync 1 DAGs
[2024-12-04T17:26:08.236+0000] {logging_mixin.py:190} INFO - [2024-12-04T17:26:08.235+0000] {dag.py:4180} INFO - Setting next_dagrun for example_python_decorator to None, run_after=None
[2024-12-04T17:26:08.264+0000] {processor.py:208} INFO - Processing /home/airflow/.local/lib/python3.12/site-packages/airflow/example_dags/example_python_decorator.py took 0.144 seconds
[2024-12-04T17:26:38.492+0000] {processor.py:186} INFO - Started process (PID=1806) to work on /home/airflow/.local/lib/python3.12/site-packages/airflow/example_dags/example_python_decorator.py
[2024-12-04T17:26:38.493+0000] {processor.py:914} INFO - Processing file /home/airflow/.local/lib/python3.12/site-packages/airflow/example_dags/example_python_decorator.py for tasks to queue
[2024-12-04T17:26:38.495+0000] {logging_mixin.py:190} INFO - [2024-12-04T17:26:38.495+0000] {dagbag.py:588} INFO - Filling up the DagBag from /home/airflow/.local/lib/python3.12/site-packages/airflow/example_dags/example_python_decorator.py
[2024-12-04T17:26:38.504+0000] {processor.py:925} INFO - DAG(s) 'example_python_decorator' retrieved from /home/airflow/.local/lib/python3.12/site-packages/airflow/example_dags/example_python_decorator.py
[2024-12-04T17:26:38.525+0000] {logging_mixin.py:190} INFO - [2024-12-04T17:26:38.525+0000] {dag.py:3239} INFO - Sync 1 DAGs
[2024-12-04T17:26:38.533+0000] {logging_mixin.py:190} INFO - [2024-12-04T17:26:38.533+0000] {dag.py:4180} INFO - Setting next_dagrun for example_python_decorator to None, run_after=None
[2024-12-04T17:26:38.549+0000] {processor.py:208} INFO - Processing /home/airflow/.local/lib/python3.12/site-packages/airflow/example_dags/example_python_decorator.py took 0.061 seconds
[2024-12-04T17:27:10.876+0000] {processor.py:186} INFO - Started process (PID=1869) to work on /home/airflow/.local/lib/python3.12/site-packages/airflow/example_dags/example_python_decorator.py
[2024-12-04T17:27:10.880+0000] {processor.py:914} INFO - Processing file /home/airflow/.local/lib/python3.12/site-packages/airflow/example_dags/example_python_decorator.py for tasks to queue
[2024-12-04T17:27:10.889+0000] {logging_mixin.py:190} INFO - [2024-12-04T17:27:10.888+0000] {dagbag.py:588} INFO - Filling up the DagBag from /home/airflow/.local/lib/python3.12/site-packages/airflow/example_dags/example_python_decorator.py
[2024-12-04T17:27:10.917+0000] {processor.py:925} INFO - DAG(s) 'example_python_decorator' retrieved from /home/airflow/.local/lib/python3.12/site-packages/airflow/example_dags/example_python_decorator.py
[2024-12-04T17:27:10.954+0000] {logging_mixin.py:190} INFO - [2024-12-04T17:27:10.954+0000] {dag.py:3239} INFO - Sync 1 DAGs
[2024-12-04T17:27:10.974+0000] {logging_mixin.py:190} INFO - [2024-12-04T17:27:10.973+0000] {dag.py:4180} INFO - Setting next_dagrun for example_python_decorator to None, run_after=None
[2024-12-04T17:27:11.007+0000] {processor.py:208} INFO - Processing /home/airflow/.local/lib/python3.12/site-packages/airflow/example_dags/example_python_decorator.py took 0.147 seconds
[2024-12-04T17:27:45.131+0000] {processor.py:186} INFO - Started process (PID=1932) to work on /home/airflow/.local/lib/python3.12/site-packages/airflow/example_dags/example_python_decorator.py
[2024-12-04T17:27:45.135+0000] {processor.py:914} INFO - Processing file /home/airflow/.local/lib/python3.12/site-packages/airflow/example_dags/example_python_decorator.py for tasks to queue
[2024-12-04T17:27:45.143+0000] {logging_mixin.py:190} INFO - [2024-12-04T17:27:45.142+0000] {dagbag.py:588} INFO - Filling up the DagBag from /home/airflow/.local/lib/python3.12/site-packages/airflow/example_dags/example_python_decorator.py
[2024-12-04T17:27:45.179+0000] {processor.py:925} INFO - DAG(s) 'example_python_decorator' retrieved from /home/airflow/.local/lib/python3.12/site-packages/airflow/example_dags/example_python_decorator.py
[2024-12-04T17:27:45.236+0000] {logging_mixin.py:190} INFO - [2024-12-04T17:27:45.235+0000] {dag.py:3239} INFO - Sync 1 DAGs
[2024-12-04T17:27:45.270+0000] {logging_mixin.py:190} INFO - [2024-12-04T17:27:45.270+0000] {dag.py:4180} INFO - Setting next_dagrun for example_python_decorator to None, run_after=None
[2024-12-04T17:27:45.307+0000] {processor.py:208} INFO - Processing /home/airflow/.local/lib/python3.12/site-packages/airflow/example_dags/example_python_decorator.py took 0.188 seconds
[2024-12-04T17:28:17.991+0000] {processor.py:186} INFO - Started process (PID=1995) to work on /home/airflow/.local/lib/python3.12/site-packages/airflow/example_dags/example_python_decorator.py
[2024-12-04T17:28:17.993+0000] {processor.py:914} INFO - Processing file /home/airflow/.local/lib/python3.12/site-packages/airflow/example_dags/example_python_decorator.py for tasks to queue
[2024-12-04T17:28:17.996+0000] {logging_mixin.py:190} INFO - [2024-12-04T17:28:17.995+0000] {dagbag.py:588} INFO - Filling up the DagBag from /home/airflow/.local/lib/python3.12/site-packages/airflow/example_dags/example_python_decorator.py
[2024-12-04T17:28:18.013+0000] {processor.py:925} INFO - DAG(s) 'example_python_decorator' retrieved from /home/airflow/.local/lib/python3.12/site-packages/airflow/example_dags/example_python_decorator.py
[2024-12-04T17:28:18.040+0000] {logging_mixin.py:190} INFO - [2024-12-04T17:28:18.039+0000] {dag.py:3239} INFO - Sync 1 DAGs
[2024-12-04T17:28:18.055+0000] {logging_mixin.py:190} INFO - [2024-12-04T17:28:18.055+0000] {dag.py:4180} INFO - Setting next_dagrun for example_python_decorator to None, run_after=None
[2024-12-04T17:28:18.075+0000] {processor.py:208} INFO - Processing /home/airflow/.local/lib/python3.12/site-packages/airflow/example_dags/example_python_decorator.py took 0.105 seconds
[2024-12-04T17:28:49.956+0000] {processor.py:186} INFO - Started process (PID=2058) to work on /home/airflow/.local/lib/python3.12/site-packages/airflow/example_dags/example_python_decorator.py
[2024-12-04T17:28:49.959+0000] {processor.py:914} INFO - Processing file /home/airflow/.local/lib/python3.12/site-packages/airflow/example_dags/example_python_decorator.py for tasks to queue
[2024-12-04T17:28:49.963+0000] {logging_mixin.py:190} INFO - [2024-12-04T17:28:49.963+0000] {dagbag.py:588} INFO - Filling up the DagBag from /home/airflow/.local/lib/python3.12/site-packages/airflow/example_dags/example_python_decorator.py
[2024-12-04T17:28:49.995+0000] {processor.py:925} INFO - DAG(s) 'example_python_decorator' retrieved from /home/airflow/.local/lib/python3.12/site-packages/airflow/example_dags/example_python_decorator.py
[2024-12-04T17:28:50.032+0000] {logging_mixin.py:190} INFO - [2024-12-04T17:28:50.031+0000] {dag.py:3239} INFO - Sync 1 DAGs
[2024-12-04T17:28:50.057+0000] {logging_mixin.py:190} INFO - [2024-12-04T17:28:50.057+0000] {dag.py:4180} INFO - Setting next_dagrun for example_python_decorator to None, run_after=None
[2024-12-04T17:28:50.113+0000] {processor.py:208} INFO - Processing /home/airflow/.local/lib/python3.12/site-packages/airflow/example_dags/example_python_decorator.py took 0.167 seconds
[2024-12-04T17:29:23.914+0000] {processor.py:186} INFO - Started process (PID=2121) to work on /home/airflow/.local/lib/python3.12/site-packages/airflow/example_dags/example_python_decorator.py
[2024-12-04T17:29:23.915+0000] {processor.py:914} INFO - Processing file /home/airflow/.local/lib/python3.12/site-packages/airflow/example_dags/example_python_decorator.py for tasks to queue
[2024-12-04T17:29:23.918+0000] {logging_mixin.py:190} INFO - [2024-12-04T17:29:23.918+0000] {dagbag.py:588} INFO - Filling up the DagBag from /home/airflow/.local/lib/python3.12/site-packages/airflow/example_dags/example_python_decorator.py
[2024-12-04T17:29:23.948+0000] {processor.py:925} INFO - DAG(s) 'example_python_decorator' retrieved from /home/airflow/.local/lib/python3.12/site-packages/airflow/example_dags/example_python_decorator.py
[2024-12-04T17:29:23.998+0000] {logging_mixin.py:190} INFO - [2024-12-04T17:29:23.998+0000] {dag.py:3239} INFO - Sync 1 DAGs
[2024-12-04T17:29:24.015+0000] {logging_mixin.py:190} INFO - [2024-12-04T17:29:24.015+0000] {dag.py:4180} INFO - Setting next_dagrun for example_python_decorator to None, run_after=None
[2024-12-04T17:29:24.042+0000] {processor.py:208} INFO - Processing /home/airflow/.local/lib/python3.12/site-packages/airflow/example_dags/example_python_decorator.py took 0.136 seconds
[2024-12-04T17:29:54.306+0000] {processor.py:186} INFO - Started process (PID=2184) to work on /home/airflow/.local/lib/python3.12/site-packages/airflow/example_dags/example_python_decorator.py
[2024-12-04T17:29:54.307+0000] {processor.py:914} INFO - Processing file /home/airflow/.local/lib/python3.12/site-packages/airflow/example_dags/example_python_decorator.py for tasks to queue
[2024-12-04T17:29:54.308+0000] {logging_mixin.py:190} INFO - [2024-12-04T17:29:54.308+0000] {dagbag.py:588} INFO - Filling up the DagBag from /home/airflow/.local/lib/python3.12/site-packages/airflow/example_dags/example_python_decorator.py
[2024-12-04T17:29:54.318+0000] {processor.py:925} INFO - DAG(s) 'example_python_decorator' retrieved from /home/airflow/.local/lib/python3.12/site-packages/airflow/example_dags/example_python_decorator.py
[2024-12-04T17:29:54.338+0000] {logging_mixin.py:190} INFO - [2024-12-04T17:29:54.337+0000] {dag.py:3239} INFO - Sync 1 DAGs
[2024-12-04T17:29:54.353+0000] {logging_mixin.py:190} INFO - [2024-12-04T17:29:54.353+0000] {dag.py:4180} INFO - Setting next_dagrun for example_python_decorator to None, run_after=None
[2024-12-04T17:29:54.367+0000] {processor.py:208} INFO - Processing /home/airflow/.local/lib/python3.12/site-packages/airflow/example_dags/example_python_decorator.py took 0.066 seconds
[2024-12-04T17:30:25.005+0000] {processor.py:186} INFO - Started process (PID=2247) to work on /home/airflow/.local/lib/python3.12/site-packages/airflow/example_dags/example_python_decorator.py
[2024-12-04T17:30:25.007+0000] {processor.py:914} INFO - Processing file /home/airflow/.local/lib/python3.12/site-packages/airflow/example_dags/example_python_decorator.py for tasks to queue
[2024-12-04T17:30:25.010+0000] {logging_mixin.py:190} INFO - [2024-12-04T17:30:25.010+0000] {dagbag.py:588} INFO - Filling up the DagBag from /home/airflow/.local/lib/python3.12/site-packages/airflow/example_dags/example_python_decorator.py
[2024-12-04T17:30:25.022+0000] {processor.py:925} INFO - DAG(s) 'example_python_decorator' retrieved from /home/airflow/.local/lib/python3.12/site-packages/airflow/example_dags/example_python_decorator.py
[2024-12-04T17:30:25.042+0000] {logging_mixin.py:190} INFO - [2024-12-04T17:30:25.042+0000] {dag.py:3239} INFO - Sync 1 DAGs
[2024-12-04T17:30:25.052+0000] {logging_mixin.py:190} INFO - [2024-12-04T17:30:25.052+0000] {dag.py:4180} INFO - Setting next_dagrun for example_python_decorator to None, run_after=None
[2024-12-04T17:30:25.064+0000] {processor.py:208} INFO - Processing /home/airflow/.local/lib/python3.12/site-packages/airflow/example_dags/example_python_decorator.py took 0.065 seconds
[2024-12-04T17:30:56.002+0000] {processor.py:186} INFO - Started process (PID=2310) to work on /home/airflow/.local/lib/python3.12/site-packages/airflow/example_dags/example_python_decorator.py
[2024-12-04T17:30:56.004+0000] {processor.py:914} INFO - Processing file /home/airflow/.local/lib/python3.12/site-packages/airflow/example_dags/example_python_decorator.py for tasks to queue
[2024-12-04T17:30:56.005+0000] {logging_mixin.py:190} INFO - [2024-12-04T17:30:56.005+0000] {dagbag.py:588} INFO - Filling up the DagBag from /home/airflow/.local/lib/python3.12/site-packages/airflow/example_dags/example_python_decorator.py
[2024-12-04T17:30:56.016+0000] {processor.py:925} INFO - DAG(s) 'example_python_decorator' retrieved from /home/airflow/.local/lib/python3.12/site-packages/airflow/example_dags/example_python_decorator.py
[2024-12-04T17:30:56.039+0000] {logging_mixin.py:190} INFO - [2024-12-04T17:30:56.039+0000] {dag.py:3239} INFO - Sync 1 DAGs
[2024-12-04T17:30:56.048+0000] {logging_mixin.py:190} INFO - [2024-12-04T17:30:56.048+0000] {dag.py:4180} INFO - Setting next_dagrun for example_python_decorator to None, run_after=None
[2024-12-04T17:30:56.061+0000] {processor.py:208} INFO - Processing /home/airflow/.local/lib/python3.12/site-packages/airflow/example_dags/example_python_decorator.py took 0.063 seconds
[2024-12-04T17:31:26.736+0000] {processor.py:186} INFO - Started process (PID=2373) to work on /home/airflow/.local/lib/python3.12/site-packages/airflow/example_dags/example_python_decorator.py
[2024-12-04T17:31:26.739+0000] {processor.py:914} INFO - Processing file /home/airflow/.local/lib/python3.12/site-packages/airflow/example_dags/example_python_decorator.py for tasks to queue
[2024-12-04T17:31:26.740+0000] {logging_mixin.py:190} INFO - [2024-12-04T17:31:26.740+0000] {dagbag.py:588} INFO - Filling up the DagBag from /home/airflow/.local/lib/python3.12/site-packages/airflow/example_dags/example_python_decorator.py
[2024-12-04T17:31:26.748+0000] {processor.py:925} INFO - DAG(s) 'example_python_decorator' retrieved from /home/airflow/.local/lib/python3.12/site-packages/airflow/example_dags/example_python_decorator.py
[2024-12-04T17:31:26.760+0000] {logging_mixin.py:190} INFO - [2024-12-04T17:31:26.760+0000] {dag.py:3239} INFO - Sync 1 DAGs
[2024-12-04T17:31:26.767+0000] {logging_mixin.py:190} INFO - [2024-12-04T17:31:26.767+0000] {dag.py:4180} INFO - Setting next_dagrun for example_python_decorator to None, run_after=None
[2024-12-04T17:31:26.776+0000] {processor.py:208} INFO - Processing /home/airflow/.local/lib/python3.12/site-packages/airflow/example_dags/example_python_decorator.py took 0.042 seconds
[2024-12-04T17:31:57.849+0000] {processor.py:186} INFO - Started process (PID=2438) to work on /home/airflow/.local/lib/python3.12/site-packages/airflow/example_dags/example_python_decorator.py
[2024-12-04T17:31:57.850+0000] {processor.py:914} INFO - Processing file /home/airflow/.local/lib/python3.12/site-packages/airflow/example_dags/example_python_decorator.py for tasks to queue
[2024-12-04T17:31:57.852+0000] {logging_mixin.py:190} INFO - [2024-12-04T17:31:57.852+0000] {dagbag.py:588} INFO - Filling up the DagBag from /home/airflow/.local/lib/python3.12/site-packages/airflow/example_dags/example_python_decorator.py
[2024-12-04T17:31:57.860+0000] {processor.py:925} INFO - DAG(s) 'example_python_decorator' retrieved from /home/airflow/.local/lib/python3.12/site-packages/airflow/example_dags/example_python_decorator.py
[2024-12-04T17:31:57.877+0000] {logging_mixin.py:190} INFO - [2024-12-04T17:31:57.877+0000] {dag.py:3239} INFO - Sync 1 DAGs
[2024-12-04T17:31:57.885+0000] {logging_mixin.py:190} INFO - [2024-12-04T17:31:57.885+0000] {dag.py:4180} INFO - Setting next_dagrun for example_python_decorator to None, run_after=None
[2024-12-04T17:31:57.895+0000] {processor.py:208} INFO - Processing /home/airflow/.local/lib/python3.12/site-packages/airflow/example_dags/example_python_decorator.py took 0.049 seconds
[2024-12-04T17:32:28.575+0000] {processor.py:186} INFO - Started process (PID=2507) to work on /home/airflow/.local/lib/python3.12/site-packages/airflow/example_dags/example_python_decorator.py
[2024-12-04T17:32:28.576+0000] {processor.py:914} INFO - Processing file /home/airflow/.local/lib/python3.12/site-packages/airflow/example_dags/example_python_decorator.py for tasks to queue
[2024-12-04T17:32:28.577+0000] {logging_mixin.py:190} INFO - [2024-12-04T17:32:28.577+0000] {dagbag.py:588} INFO - Filling up the DagBag from /home/airflow/.local/lib/python3.12/site-packages/airflow/example_dags/example_python_decorator.py
[2024-12-04T17:32:28.589+0000] {processor.py:925} INFO - DAG(s) 'example_python_decorator' retrieved from /home/airflow/.local/lib/python3.12/site-packages/airflow/example_dags/example_python_decorator.py
[2024-12-04T17:32:28.604+0000] {logging_mixin.py:190} INFO - [2024-12-04T17:32:28.604+0000] {dag.py:3239} INFO - Sync 1 DAGs
[2024-12-04T17:32:28.612+0000] {logging_mixin.py:190} INFO - [2024-12-04T17:32:28.612+0000] {dag.py:4180} INFO - Setting next_dagrun for example_python_decorator to None, run_after=None
[2024-12-04T17:32:28.627+0000] {processor.py:208} INFO - Processing /home/airflow/.local/lib/python3.12/site-packages/airflow/example_dags/example_python_decorator.py took 0.055 seconds
