[2024-12-04T17:12:23.113+0000] {processor.py:186} INFO - Started process (PID=105) to work on /home/airflow/.local/lib/python3.12/site-packages/airflow/example_dags/example_skip_dag.py
[2024-12-04T17:12:23.113+0000] {processor.py:914} INFO - Processing file /home/airflow/.local/lib/python3.12/site-packages/airflow/example_dags/example_skip_dag.py for tasks to queue
[2024-12-04T17:12:23.115+0000] {logging_mixin.py:190} INFO - [2024-12-04T17:12:23.114+0000] {dagbag.py:588} INFO - Filling up the DagBag from /home/airflow/.local/lib/python3.12/site-packages/airflow/example_dags/example_skip_dag.py
[2024-12-04T17:12:23.122+0000] {processor.py:925} INFO - DAG(s) 'example_skip_dag' retrieved from /home/airflow/.local/lib/python3.12/site-packages/airflow/example_dags/example_skip_dag.py
[2024-12-04T17:12:23.186+0000] {logging_mixin.py:190} INFO - [2024-12-04T17:12:23.185+0000] {override.py:1911} INFO - Created Permission View: can read on DAG:example_skip_dag
[2024-12-04T17:12:23.191+0000] {logging_mixin.py:190} INFO - [2024-12-04T17:12:23.191+0000] {override.py:1911} INFO - Created Permission View: can delete on DAG:example_skip_dag
[2024-12-04T17:12:23.194+0000] {logging_mixin.py:190} INFO - [2024-12-04T17:12:23.194+0000] {override.py:1911} INFO - Created Permission View: can edit on DAG:example_skip_dag
[2024-12-04T17:12:23.199+0000] {logging_mixin.py:190} INFO - [2024-12-04T17:12:23.199+0000] {override.py:1911} INFO - Created Permission View: menu access on DAG Run:example_skip_dag
[2024-12-04T17:12:23.202+0000] {logging_mixin.py:190} INFO - [2024-12-04T17:12:23.202+0000] {override.py:1911} INFO - Created Permission View: can delete on DAG Run:example_skip_dag
[2024-12-04T17:12:23.205+0000] {logging_mixin.py:190} INFO - [2024-12-04T17:12:23.205+0000] {override.py:1911} INFO - Created Permission View: can read on DAG Run:example_skip_dag
[2024-12-04T17:12:23.209+0000] {logging_mixin.py:190} INFO - [2024-12-04T17:12:23.208+0000] {override.py:1911} INFO - Created Permission View: can create on DAG Run:example_skip_dag
[2024-12-04T17:12:23.209+0000] {logging_mixin.py:190} INFO - [2024-12-04T17:12:23.209+0000] {dag.py:3239} INFO - Sync 1 DAGs
[2024-12-04T17:12:23.217+0000] {logging_mixin.py:190} INFO - [2024-12-04T17:12:23.216+0000] {dag.py:3262} INFO - Creating ORM DAG for example_skip_dag
[2024-12-04T17:12:23.224+0000] {logging_mixin.py:190} INFO - [2024-12-04T17:12:23.223+0000] {dag.py:4180} INFO - Setting next_dagrun for example_skip_dag to 2024-12-03 00:00:00+00:00, run_after=2024-12-04 00:00:00+00:00
[2024-12-04T17:12:23.236+0000] {processor.py:208} INFO - Processing /home/airflow/.local/lib/python3.12/site-packages/airflow/example_dags/example_skip_dag.py took 0.126 seconds
[2024-12-04T17:12:53.629+0000] {processor.py:186} INFO - Started process (PID=168) to work on /home/airflow/.local/lib/python3.12/site-packages/airflow/example_dags/example_skip_dag.py
[2024-12-04T17:12:53.630+0000] {processor.py:914} INFO - Processing file /home/airflow/.local/lib/python3.12/site-packages/airflow/example_dags/example_skip_dag.py for tasks to queue
[2024-12-04T17:12:53.632+0000] {logging_mixin.py:190} INFO - [2024-12-04T17:12:53.631+0000] {dagbag.py:588} INFO - Filling up the DagBag from /home/airflow/.local/lib/python3.12/site-packages/airflow/example_dags/example_skip_dag.py
[2024-12-04T17:12:53.636+0000] {processor.py:925} INFO - DAG(s) 'example_skip_dag' retrieved from /home/airflow/.local/lib/python3.12/site-packages/airflow/example_dags/example_skip_dag.py
[2024-12-04T17:12:53.647+0000] {logging_mixin.py:190} INFO - [2024-12-04T17:12:53.646+0000] {dag.py:3239} INFO - Sync 1 DAGs
[2024-12-04T17:12:53.659+0000] {logging_mixin.py:190} INFO - [2024-12-04T17:12:53.658+0000] {dag.py:4180} INFO - Setting next_dagrun for example_skip_dag to 2024-12-03 00:00:00+00:00, run_after=2024-12-04 00:00:00+00:00
[2024-12-04T17:12:53.672+0000] {processor.py:208} INFO - Processing /home/airflow/.local/lib/python3.12/site-packages/airflow/example_dags/example_skip_dag.py took 0.045 seconds
[2024-12-04T17:13:24.180+0000] {processor.py:186} INFO - Started process (PID=231) to work on /home/airflow/.local/lib/python3.12/site-packages/airflow/example_dags/example_skip_dag.py
[2024-12-04T17:13:24.181+0000] {processor.py:914} INFO - Processing file /home/airflow/.local/lib/python3.12/site-packages/airflow/example_dags/example_skip_dag.py for tasks to queue
[2024-12-04T17:13:24.183+0000] {logging_mixin.py:190} INFO - [2024-12-04T17:13:24.182+0000] {dagbag.py:588} INFO - Filling up the DagBag from /home/airflow/.local/lib/python3.12/site-packages/airflow/example_dags/example_skip_dag.py
[2024-12-04T17:13:24.188+0000] {processor.py:925} INFO - DAG(s) 'example_skip_dag' retrieved from /home/airflow/.local/lib/python3.12/site-packages/airflow/example_dags/example_skip_dag.py
[2024-12-04T17:13:24.202+0000] {logging_mixin.py:190} INFO - [2024-12-04T17:13:24.202+0000] {dag.py:3239} INFO - Sync 1 DAGs
[2024-12-04T17:13:24.214+0000] {logging_mixin.py:190} INFO - [2024-12-04T17:13:24.214+0000] {dag.py:4180} INFO - Setting next_dagrun for example_skip_dag to 2024-12-03 00:00:00+00:00, run_after=2024-12-04 00:00:00+00:00
[2024-12-04T17:13:24.223+0000] {processor.py:208} INFO - Processing /home/airflow/.local/lib/python3.12/site-packages/airflow/example_dags/example_skip_dag.py took 0.046 seconds
[2024-12-04T17:13:55.574+0000] {processor.py:186} INFO - Started process (PID=294) to work on /home/airflow/.local/lib/python3.12/site-packages/airflow/example_dags/example_skip_dag.py
[2024-12-04T17:13:55.574+0000] {processor.py:914} INFO - Processing file /home/airflow/.local/lib/python3.12/site-packages/airflow/example_dags/example_skip_dag.py for tasks to queue
[2024-12-04T17:13:55.576+0000] {logging_mixin.py:190} INFO - [2024-12-04T17:13:55.576+0000] {dagbag.py:588} INFO - Filling up the DagBag from /home/airflow/.local/lib/python3.12/site-packages/airflow/example_dags/example_skip_dag.py
[2024-12-04T17:13:55.581+0000] {processor.py:925} INFO - DAG(s) 'example_skip_dag' retrieved from /home/airflow/.local/lib/python3.12/site-packages/airflow/example_dags/example_skip_dag.py
[2024-12-04T17:13:55.596+0000] {logging_mixin.py:190} INFO - [2024-12-04T17:13:55.596+0000] {dag.py:3239} INFO - Sync 1 DAGs
[2024-12-04T17:13:55.613+0000] {logging_mixin.py:190} INFO - [2024-12-04T17:13:55.613+0000] {dag.py:4180} INFO - Setting next_dagrun for example_skip_dag to 2024-12-03 00:00:00+00:00, run_after=2024-12-04 00:00:00+00:00
[2024-12-04T17:13:55.622+0000] {processor.py:208} INFO - Processing /home/airflow/.local/lib/python3.12/site-packages/airflow/example_dags/example_skip_dag.py took 0.052 seconds
[2024-12-04T17:14:26.956+0000] {processor.py:186} INFO - Started process (PID=357) to work on /home/airflow/.local/lib/python3.12/site-packages/airflow/example_dags/example_skip_dag.py
[2024-12-04T17:14:26.956+0000] {processor.py:914} INFO - Processing file /home/airflow/.local/lib/python3.12/site-packages/airflow/example_dags/example_skip_dag.py for tasks to queue
[2024-12-04T17:14:26.958+0000] {logging_mixin.py:190} INFO - [2024-12-04T17:14:26.957+0000] {dagbag.py:588} INFO - Filling up the DagBag from /home/airflow/.local/lib/python3.12/site-packages/airflow/example_dags/example_skip_dag.py
[2024-12-04T17:14:26.962+0000] {processor.py:925} INFO - DAG(s) 'example_skip_dag' retrieved from /home/airflow/.local/lib/python3.12/site-packages/airflow/example_dags/example_skip_dag.py
[2024-12-04T17:14:26.972+0000] {logging_mixin.py:190} INFO - [2024-12-04T17:14:26.972+0000] {dag.py:3239} INFO - Sync 1 DAGs
[2024-12-04T17:14:26.983+0000] {logging_mixin.py:190} INFO - [2024-12-04T17:14:26.983+0000] {dag.py:4180} INFO - Setting next_dagrun for example_skip_dag to 2024-12-03 00:00:00+00:00, run_after=2024-12-04 00:00:00+00:00
[2024-12-04T17:14:26.991+0000] {processor.py:208} INFO - Processing /home/airflow/.local/lib/python3.12/site-packages/airflow/example_dags/example_skip_dag.py took 0.038 seconds
[2024-12-04T17:14:58.588+0000] {processor.py:186} INFO - Started process (PID=419) to work on /home/airflow/.local/lib/python3.12/site-packages/airflow/example_dags/example_skip_dag.py
[2024-12-04T17:14:58.589+0000] {processor.py:914} INFO - Processing file /home/airflow/.local/lib/python3.12/site-packages/airflow/example_dags/example_skip_dag.py for tasks to queue
[2024-12-04T17:14:58.591+0000] {logging_mixin.py:190} INFO - [2024-12-04T17:14:58.591+0000] {dagbag.py:588} INFO - Filling up the DagBag from /home/airflow/.local/lib/python3.12/site-packages/airflow/example_dags/example_skip_dag.py
[2024-12-04T17:14:58.598+0000] {processor.py:925} INFO - DAG(s) 'example_skip_dag' retrieved from /home/airflow/.local/lib/python3.12/site-packages/airflow/example_dags/example_skip_dag.py
[2024-12-04T17:14:58.614+0000] {logging_mixin.py:190} INFO - [2024-12-04T17:14:58.614+0000] {dag.py:3239} INFO - Sync 1 DAGs
[2024-12-04T17:14:58.628+0000] {logging_mixin.py:190} INFO - [2024-12-04T17:14:58.628+0000] {dag.py:4180} INFO - Setting next_dagrun for example_skip_dag to 2024-12-03 00:00:00+00:00, run_after=2024-12-04 00:00:00+00:00
[2024-12-04T17:14:58.638+0000] {processor.py:208} INFO - Processing /home/airflow/.local/lib/python3.12/site-packages/airflow/example_dags/example_skip_dag.py took 0.057 seconds
[2024-12-04T17:15:29.323+0000] {processor.py:186} INFO - Started process (PID=482) to work on /home/airflow/.local/lib/python3.12/site-packages/airflow/example_dags/example_skip_dag.py
[2024-12-04T17:15:29.324+0000] {processor.py:914} INFO - Processing file /home/airflow/.local/lib/python3.12/site-packages/airflow/example_dags/example_skip_dag.py for tasks to queue
[2024-12-04T17:15:29.327+0000] {logging_mixin.py:190} INFO - [2024-12-04T17:15:29.326+0000] {dagbag.py:588} INFO - Filling up the DagBag from /home/airflow/.local/lib/python3.12/site-packages/airflow/example_dags/example_skip_dag.py
[2024-12-04T17:15:29.332+0000] {processor.py:925} INFO - DAG(s) 'example_skip_dag' retrieved from /home/airflow/.local/lib/python3.12/site-packages/airflow/example_dags/example_skip_dag.py
[2024-12-04T17:15:29.347+0000] {logging_mixin.py:190} INFO - [2024-12-04T17:15:29.347+0000] {dag.py:3239} INFO - Sync 1 DAGs
[2024-12-04T17:15:29.360+0000] {logging_mixin.py:190} INFO - [2024-12-04T17:15:29.360+0000] {dag.py:4180} INFO - Setting next_dagrun for example_skip_dag to 2024-12-03 00:00:00+00:00, run_after=2024-12-04 00:00:00+00:00
[2024-12-04T17:15:29.370+0000] {processor.py:208} INFO - Processing /home/airflow/.local/lib/python3.12/site-packages/airflow/example_dags/example_skip_dag.py took 0.050 seconds
[2024-12-04T17:16:00.807+0000] {processor.py:186} INFO - Started process (PID=545) to work on /home/airflow/.local/lib/python3.12/site-packages/airflow/example_dags/example_skip_dag.py
[2024-12-04T17:16:00.808+0000] {processor.py:914} INFO - Processing file /home/airflow/.local/lib/python3.12/site-packages/airflow/example_dags/example_skip_dag.py for tasks to queue
[2024-12-04T17:16:00.810+0000] {logging_mixin.py:190} INFO - [2024-12-04T17:16:00.810+0000] {dagbag.py:588} INFO - Filling up the DagBag from /home/airflow/.local/lib/python3.12/site-packages/airflow/example_dags/example_skip_dag.py
[2024-12-04T17:16:00.815+0000] {processor.py:925} INFO - DAG(s) 'example_skip_dag' retrieved from /home/airflow/.local/lib/python3.12/site-packages/airflow/example_dags/example_skip_dag.py
[2024-12-04T17:16:00.826+0000] {logging_mixin.py:190} INFO - [2024-12-04T17:16:00.826+0000] {dag.py:3239} INFO - Sync 1 DAGs
[2024-12-04T17:16:00.838+0000] {logging_mixin.py:190} INFO - [2024-12-04T17:16:00.838+0000] {dag.py:4180} INFO - Setting next_dagrun for example_skip_dag to 2024-12-03 00:00:00+00:00, run_after=2024-12-04 00:00:00+00:00
[2024-12-04T17:16:00.846+0000] {processor.py:208} INFO - Processing /home/airflow/.local/lib/python3.12/site-packages/airflow/example_dags/example_skip_dag.py took 0.042 seconds
[2024-12-04T17:16:32.129+0000] {processor.py:186} INFO - Started process (PID=608) to work on /home/airflow/.local/lib/python3.12/site-packages/airflow/example_dags/example_skip_dag.py
[2024-12-04T17:16:32.131+0000] {processor.py:914} INFO - Processing file /home/airflow/.local/lib/python3.12/site-packages/airflow/example_dags/example_skip_dag.py for tasks to queue
[2024-12-04T17:16:32.132+0000] {logging_mixin.py:190} INFO - [2024-12-04T17:16:32.132+0000] {dagbag.py:588} INFO - Filling up the DagBag from /home/airflow/.local/lib/python3.12/site-packages/airflow/example_dags/example_skip_dag.py
[2024-12-04T17:16:32.137+0000] {processor.py:925} INFO - DAG(s) 'example_skip_dag' retrieved from /home/airflow/.local/lib/python3.12/site-packages/airflow/example_dags/example_skip_dag.py
[2024-12-04T17:16:32.150+0000] {logging_mixin.py:190} INFO - [2024-12-04T17:16:32.149+0000] {dag.py:3239} INFO - Sync 1 DAGs
[2024-12-04T17:16:32.165+0000] {logging_mixin.py:190} INFO - [2024-12-04T17:16:32.164+0000] {dag.py:4180} INFO - Setting next_dagrun for example_skip_dag to 2024-12-03 00:00:00+00:00, run_after=2024-12-04 00:00:00+00:00
[2024-12-04T17:16:32.175+0000] {processor.py:208} INFO - Processing /home/airflow/.local/lib/python3.12/site-packages/airflow/example_dags/example_skip_dag.py took 0.049 seconds
[2024-12-04T17:17:02.907+0000] {processor.py:186} INFO - Started process (PID=671) to work on /home/airflow/.local/lib/python3.12/site-packages/airflow/example_dags/example_skip_dag.py
[2024-12-04T17:17:02.908+0000] {processor.py:914} INFO - Processing file /home/airflow/.local/lib/python3.12/site-packages/airflow/example_dags/example_skip_dag.py for tasks to queue
[2024-12-04T17:17:02.909+0000] {logging_mixin.py:190} INFO - [2024-12-04T17:17:02.909+0000] {dagbag.py:588} INFO - Filling up the DagBag from /home/airflow/.local/lib/python3.12/site-packages/airflow/example_dags/example_skip_dag.py
[2024-12-04T17:17:02.914+0000] {processor.py:925} INFO - DAG(s) 'example_skip_dag' retrieved from /home/airflow/.local/lib/python3.12/site-packages/airflow/example_dags/example_skip_dag.py
[2024-12-04T17:17:02.930+0000] {logging_mixin.py:190} INFO - [2024-12-04T17:17:02.930+0000] {dag.py:3239} INFO - Sync 1 DAGs
[2024-12-04T17:17:02.948+0000] {logging_mixin.py:190} INFO - [2024-12-04T17:17:02.948+0000] {dag.py:4180} INFO - Setting next_dagrun for example_skip_dag to 2024-12-03 00:00:00+00:00, run_after=2024-12-04 00:00:00+00:00
[2024-12-04T17:17:02.959+0000] {processor.py:208} INFO - Processing /home/airflow/.local/lib/python3.12/site-packages/airflow/example_dags/example_skip_dag.py took 0.056 seconds
[2024-12-04T17:17:34.794+0000] {processor.py:186} INFO - Started process (PID=735) to work on /home/airflow/.local/lib/python3.12/site-packages/airflow/example_dags/example_skip_dag.py
[2024-12-04T17:17:34.796+0000] {processor.py:914} INFO - Processing file /home/airflow/.local/lib/python3.12/site-packages/airflow/example_dags/example_skip_dag.py for tasks to queue
[2024-12-04T17:17:34.797+0000] {logging_mixin.py:190} INFO - [2024-12-04T17:17:34.797+0000] {dagbag.py:588} INFO - Filling up the DagBag from /home/airflow/.local/lib/python3.12/site-packages/airflow/example_dags/example_skip_dag.py
[2024-12-04T17:17:34.802+0000] {processor.py:925} INFO - DAG(s) 'example_skip_dag' retrieved from /home/airflow/.local/lib/python3.12/site-packages/airflow/example_dags/example_skip_dag.py
[2024-12-04T17:17:34.817+0000] {logging_mixin.py:190} INFO - [2024-12-04T17:17:34.816+0000] {dag.py:3239} INFO - Sync 1 DAGs
[2024-12-04T17:17:34.834+0000] {logging_mixin.py:190} INFO - [2024-12-04T17:17:34.833+0000] {dag.py:4180} INFO - Setting next_dagrun for example_skip_dag to 2024-12-03 00:00:00+00:00, run_after=2024-12-04 00:00:00+00:00
[2024-12-04T17:17:34.845+0000] {processor.py:208} INFO - Processing /home/airflow/.local/lib/python3.12/site-packages/airflow/example_dags/example_skip_dag.py took 0.055 seconds
[2024-12-04T17:18:06.019+0000] {processor.py:186} INFO - Started process (PID=798) to work on /home/airflow/.local/lib/python3.12/site-packages/airflow/example_dags/example_skip_dag.py
[2024-12-04T17:18:06.020+0000] {processor.py:914} INFO - Processing file /home/airflow/.local/lib/python3.12/site-packages/airflow/example_dags/example_skip_dag.py for tasks to queue
[2024-12-04T17:18:06.021+0000] {logging_mixin.py:190} INFO - [2024-12-04T17:18:06.021+0000] {dagbag.py:588} INFO - Filling up the DagBag from /home/airflow/.local/lib/python3.12/site-packages/airflow/example_dags/example_skip_dag.py
[2024-12-04T17:18:06.026+0000] {processor.py:925} INFO - DAG(s) 'example_skip_dag' retrieved from /home/airflow/.local/lib/python3.12/site-packages/airflow/example_dags/example_skip_dag.py
[2024-12-04T17:18:06.040+0000] {logging_mixin.py:190} INFO - [2024-12-04T17:18:06.040+0000] {dag.py:3239} INFO - Sync 1 DAGs
[2024-12-04T17:18:06.052+0000] {logging_mixin.py:190} INFO - [2024-12-04T17:18:06.052+0000] {dag.py:4180} INFO - Setting next_dagrun for example_skip_dag to 2024-12-03 00:00:00+00:00, run_after=2024-12-04 00:00:00+00:00
[2024-12-04T17:18:06.064+0000] {processor.py:208} INFO - Processing /home/airflow/.local/lib/python3.12/site-packages/airflow/example_dags/example_skip_dag.py took 0.048 seconds
[2024-12-04T17:18:38.556+0000] {processor.py:186} INFO - Started process (PID=860) to work on /home/airflow/.local/lib/python3.12/site-packages/airflow/example_dags/example_skip_dag.py
[2024-12-04T17:18:38.557+0000] {processor.py:914} INFO - Processing file /home/airflow/.local/lib/python3.12/site-packages/airflow/example_dags/example_skip_dag.py for tasks to queue
[2024-12-04T17:18:38.559+0000] {logging_mixin.py:190} INFO - [2024-12-04T17:18:38.558+0000] {dagbag.py:588} INFO - Filling up the DagBag from /home/airflow/.local/lib/python3.12/site-packages/airflow/example_dags/example_skip_dag.py
[2024-12-04T17:18:38.563+0000] {processor.py:925} INFO - DAG(s) 'example_skip_dag' retrieved from /home/airflow/.local/lib/python3.12/site-packages/airflow/example_dags/example_skip_dag.py
[2024-12-04T17:18:38.575+0000] {logging_mixin.py:190} INFO - [2024-12-04T17:18:38.575+0000] {dag.py:3239} INFO - Sync 1 DAGs
[2024-12-04T17:18:38.592+0000] {logging_mixin.py:190} INFO - [2024-12-04T17:18:38.592+0000] {dag.py:4180} INFO - Setting next_dagrun for example_skip_dag to 2024-12-03 00:00:00+00:00, run_after=2024-12-04 00:00:00+00:00
[2024-12-04T17:18:38.606+0000] {processor.py:208} INFO - Processing /home/airflow/.local/lib/python3.12/site-packages/airflow/example_dags/example_skip_dag.py took 0.053 seconds
[2024-12-04T17:19:09.373+0000] {processor.py:186} INFO - Started process (PID=923) to work on /home/airflow/.local/lib/python3.12/site-packages/airflow/example_dags/example_skip_dag.py
[2024-12-04T17:19:09.374+0000] {processor.py:914} INFO - Processing file /home/airflow/.local/lib/python3.12/site-packages/airflow/example_dags/example_skip_dag.py for tasks to queue
[2024-12-04T17:19:09.375+0000] {logging_mixin.py:190} INFO - [2024-12-04T17:19:09.375+0000] {dagbag.py:588} INFO - Filling up the DagBag from /home/airflow/.local/lib/python3.12/site-packages/airflow/example_dags/example_skip_dag.py
[2024-12-04T17:19:09.380+0000] {processor.py:925} INFO - DAG(s) 'example_skip_dag' retrieved from /home/airflow/.local/lib/python3.12/site-packages/airflow/example_dags/example_skip_dag.py
[2024-12-04T17:19:09.390+0000] {logging_mixin.py:190} INFO - [2024-12-04T17:19:09.390+0000] {dag.py:3239} INFO - Sync 1 DAGs
[2024-12-04T17:19:09.403+0000] {logging_mixin.py:190} INFO - [2024-12-04T17:19:09.403+0000] {dag.py:4180} INFO - Setting next_dagrun for example_skip_dag to 2024-12-03 00:00:00+00:00, run_after=2024-12-04 00:00:00+00:00
[2024-12-04T17:19:09.415+0000] {processor.py:208} INFO - Processing /home/airflow/.local/lib/python3.12/site-packages/airflow/example_dags/example_skip_dag.py took 0.045 seconds
[2024-12-04T17:19:40.835+0000] {processor.py:186} INFO - Started process (PID=986) to work on /home/airflow/.local/lib/python3.12/site-packages/airflow/example_dags/example_skip_dag.py
[2024-12-04T17:19:40.836+0000] {processor.py:914} INFO - Processing file /home/airflow/.local/lib/python3.12/site-packages/airflow/example_dags/example_skip_dag.py for tasks to queue
[2024-12-04T17:19:40.837+0000] {logging_mixin.py:190} INFO - [2024-12-04T17:19:40.837+0000] {dagbag.py:588} INFO - Filling up the DagBag from /home/airflow/.local/lib/python3.12/site-packages/airflow/example_dags/example_skip_dag.py
[2024-12-04T17:19:40.842+0000] {processor.py:925} INFO - DAG(s) 'example_skip_dag' retrieved from /home/airflow/.local/lib/python3.12/site-packages/airflow/example_dags/example_skip_dag.py
[2024-12-04T17:19:40.853+0000] {logging_mixin.py:190} INFO - [2024-12-04T17:19:40.853+0000] {dag.py:3239} INFO - Sync 1 DAGs
[2024-12-04T17:19:40.866+0000] {logging_mixin.py:190} INFO - [2024-12-04T17:19:40.866+0000] {dag.py:4180} INFO - Setting next_dagrun for example_skip_dag to 2024-12-03 00:00:00+00:00, run_after=2024-12-04 00:00:00+00:00
[2024-12-04T17:19:40.878+0000] {processor.py:208} INFO - Processing /home/airflow/.local/lib/python3.12/site-packages/airflow/example_dags/example_skip_dag.py took 0.046 seconds
[2024-12-04T17:20:12.204+0000] {processor.py:186} INFO - Started process (PID=1050) to work on /home/airflow/.local/lib/python3.12/site-packages/airflow/example_dags/example_skip_dag.py
[2024-12-04T17:20:12.205+0000] {processor.py:914} INFO - Processing file /home/airflow/.local/lib/python3.12/site-packages/airflow/example_dags/example_skip_dag.py for tasks to queue
[2024-12-04T17:20:12.207+0000] {logging_mixin.py:190} INFO - [2024-12-04T17:20:12.206+0000] {dagbag.py:588} INFO - Filling up the DagBag from /home/airflow/.local/lib/python3.12/site-packages/airflow/example_dags/example_skip_dag.py
[2024-12-04T17:20:12.212+0000] {processor.py:925} INFO - DAG(s) 'example_skip_dag' retrieved from /home/airflow/.local/lib/python3.12/site-packages/airflow/example_dags/example_skip_dag.py
[2024-12-04T17:20:12.227+0000] {logging_mixin.py:190} INFO - [2024-12-04T17:20:12.226+0000] {dag.py:3239} INFO - Sync 1 DAGs
[2024-12-04T17:20:12.242+0000] {logging_mixin.py:190} INFO - [2024-12-04T17:20:12.242+0000] {dag.py:4180} INFO - Setting next_dagrun for example_skip_dag to 2024-12-03 00:00:00+00:00, run_after=2024-12-04 00:00:00+00:00
[2024-12-04T17:20:12.255+0000] {processor.py:208} INFO - Processing /home/airflow/.local/lib/python3.12/site-packages/airflow/example_dags/example_skip_dag.py took 0.054 seconds
[2024-12-04T17:20:43.575+0000] {processor.py:186} INFO - Started process (PID=1113) to work on /home/airflow/.local/lib/python3.12/site-packages/airflow/example_dags/example_skip_dag.py
[2024-12-04T17:20:43.576+0000] {processor.py:914} INFO - Processing file /home/airflow/.local/lib/python3.12/site-packages/airflow/example_dags/example_skip_dag.py for tasks to queue
[2024-12-04T17:20:43.577+0000] {logging_mixin.py:190} INFO - [2024-12-04T17:20:43.577+0000] {dagbag.py:588} INFO - Filling up the DagBag from /home/airflow/.local/lib/python3.12/site-packages/airflow/example_dags/example_skip_dag.py
[2024-12-04T17:20:43.581+0000] {processor.py:925} INFO - DAG(s) 'example_skip_dag' retrieved from /home/airflow/.local/lib/python3.12/site-packages/airflow/example_dags/example_skip_dag.py
[2024-12-04T17:20:43.592+0000] {logging_mixin.py:190} INFO - [2024-12-04T17:20:43.592+0000] {dag.py:3239} INFO - Sync 1 DAGs
[2024-12-04T17:20:43.602+0000] {logging_mixin.py:190} INFO - [2024-12-04T17:20:43.602+0000] {dag.py:4180} INFO - Setting next_dagrun for example_skip_dag to 2024-12-03 00:00:00+00:00, run_after=2024-12-04 00:00:00+00:00
[2024-12-04T17:20:43.612+0000] {processor.py:208} INFO - Processing /home/airflow/.local/lib/python3.12/site-packages/airflow/example_dags/example_skip_dag.py took 0.040 seconds
[2024-12-04T17:21:15.914+0000] {processor.py:186} INFO - Started process (PID=1176) to work on /home/airflow/.local/lib/python3.12/site-packages/airflow/example_dags/example_skip_dag.py
[2024-12-04T17:21:15.914+0000] {processor.py:914} INFO - Processing file /home/airflow/.local/lib/python3.12/site-packages/airflow/example_dags/example_skip_dag.py for tasks to queue
[2024-12-04T17:21:15.916+0000] {logging_mixin.py:190} INFO - [2024-12-04T17:21:15.916+0000] {dagbag.py:588} INFO - Filling up the DagBag from /home/airflow/.local/lib/python3.12/site-packages/airflow/example_dags/example_skip_dag.py
[2024-12-04T17:21:15.921+0000] {processor.py:925} INFO - DAG(s) 'example_skip_dag' retrieved from /home/airflow/.local/lib/python3.12/site-packages/airflow/example_dags/example_skip_dag.py
[2024-12-04T17:21:15.940+0000] {logging_mixin.py:190} INFO - [2024-12-04T17:21:15.940+0000] {dag.py:3239} INFO - Sync 1 DAGs
[2024-12-04T17:21:15.968+0000] {logging_mixin.py:190} INFO - [2024-12-04T17:21:15.968+0000] {dag.py:4180} INFO - Setting next_dagrun for example_skip_dag to 2024-12-03 00:00:00+00:00, run_after=2024-12-04 00:00:00+00:00
[2024-12-04T17:21:16.018+0000] {processor.py:208} INFO - Processing /home/airflow/.local/lib/python3.12/site-packages/airflow/example_dags/example_skip_dag.py took 0.108 seconds
[2024-12-04T17:21:46.479+0000] {processor.py:186} INFO - Started process (PID=1238) to work on /home/airflow/.local/lib/python3.12/site-packages/airflow/example_dags/example_skip_dag.py
[2024-12-04T17:21:46.481+0000] {processor.py:914} INFO - Processing file /home/airflow/.local/lib/python3.12/site-packages/airflow/example_dags/example_skip_dag.py for tasks to queue
[2024-12-04T17:21:46.484+0000] {logging_mixin.py:190} INFO - [2024-12-04T17:21:46.484+0000] {dagbag.py:588} INFO - Filling up the DagBag from /home/airflow/.local/lib/python3.12/site-packages/airflow/example_dags/example_skip_dag.py
[2024-12-04T17:21:46.490+0000] {processor.py:925} INFO - DAG(s) 'example_skip_dag' retrieved from /home/airflow/.local/lib/python3.12/site-packages/airflow/example_dags/example_skip_dag.py
[2024-12-04T17:21:46.504+0000] {logging_mixin.py:190} INFO - [2024-12-04T17:21:46.504+0000] {dag.py:3239} INFO - Sync 1 DAGs
[2024-12-04T17:21:46.518+0000] {logging_mixin.py:190} INFO - [2024-12-04T17:21:46.518+0000] {dag.py:4180} INFO - Setting next_dagrun for example_skip_dag to 2024-12-03 00:00:00+00:00, run_after=2024-12-04 00:00:00+00:00
[2024-12-04T17:21:46.528+0000] {processor.py:208} INFO - Processing /home/airflow/.local/lib/python3.12/site-packages/airflow/example_dags/example_skip_dag.py took 0.060 seconds
[2024-12-04T17:22:17.662+0000] {processor.py:186} INFO - Started process (PID=1301) to work on /home/airflow/.local/lib/python3.12/site-packages/airflow/example_dags/example_skip_dag.py
[2024-12-04T17:22:17.663+0000] {processor.py:914} INFO - Processing file /home/airflow/.local/lib/python3.12/site-packages/airflow/example_dags/example_skip_dag.py for tasks to queue
[2024-12-04T17:22:17.667+0000] {logging_mixin.py:190} INFO - [2024-12-04T17:22:17.667+0000] {dagbag.py:588} INFO - Filling up the DagBag from /home/airflow/.local/lib/python3.12/site-packages/airflow/example_dags/example_skip_dag.py
[2024-12-04T17:22:17.673+0000] {processor.py:925} INFO - DAG(s) 'example_skip_dag' retrieved from /home/airflow/.local/lib/python3.12/site-packages/airflow/example_dags/example_skip_dag.py
[2024-12-04T17:22:17.702+0000] {logging_mixin.py:190} INFO - [2024-12-04T17:22:17.702+0000] {dag.py:3239} INFO - Sync 1 DAGs
[2024-12-04T17:22:17.721+0000] {logging_mixin.py:190} INFO - [2024-12-04T17:22:17.721+0000] {dag.py:4180} INFO - Setting next_dagrun for example_skip_dag to 2024-12-03 00:00:00+00:00, run_after=2024-12-04 00:00:00+00:00
[2024-12-04T17:22:17.732+0000] {processor.py:208} INFO - Processing /home/airflow/.local/lib/python3.12/site-packages/airflow/example_dags/example_skip_dag.py took 0.073 seconds
[2024-12-04T17:23:02.715+0000] {processor.py:186} INFO - Started process (PID=1371) to work on /home/airflow/.local/lib/python3.12/site-packages/airflow/example_dags/example_skip_dag.py
[2024-12-04T17:23:02.722+0000] {processor.py:914} INFO - Processing file /home/airflow/.local/lib/python3.12/site-packages/airflow/example_dags/example_skip_dag.py for tasks to queue
[2024-12-04T17:23:02.727+0000] {logging_mixin.py:190} INFO - [2024-12-04T17:23:02.727+0000] {dagbag.py:588} INFO - Filling up the DagBag from /home/airflow/.local/lib/python3.12/site-packages/airflow/example_dags/example_skip_dag.py
[2024-12-04T17:23:02.760+0000] {processor.py:925} INFO - DAG(s) 'example_skip_dag' retrieved from /home/airflow/.local/lib/python3.12/site-packages/airflow/example_dags/example_skip_dag.py
[2024-12-04T17:23:02.895+0000] {logging_mixin.py:190} INFO - [2024-12-04T17:23:02.892+0000] {dag.py:3239} INFO - Sync 1 DAGs
[2024-12-04T17:23:03.001+0000] {logging_mixin.py:190} INFO - [2024-12-04T17:23:03.000+0000] {dag.py:4180} INFO - Setting next_dagrun for example_skip_dag to 2024-12-03 00:00:00+00:00, run_after=2024-12-04 00:00:00+00:00
[2024-12-04T17:23:03.044+0000] {processor.py:208} INFO - Processing /home/airflow/.local/lib/python3.12/site-packages/airflow/example_dags/example_skip_dag.py took 0.352 seconds
[2024-12-04T17:23:34.070+0000] {processor.py:186} INFO - Started process (PID=1433) to work on /home/airflow/.local/lib/python3.12/site-packages/airflow/example_dags/example_skip_dag.py
[2024-12-04T17:23:34.074+0000] {processor.py:914} INFO - Processing file /home/airflow/.local/lib/python3.12/site-packages/airflow/example_dags/example_skip_dag.py for tasks to queue
[2024-12-04T17:23:34.081+0000] {logging_mixin.py:190} INFO - [2024-12-04T17:23:34.080+0000] {dagbag.py:588} INFO - Filling up the DagBag from /home/airflow/.local/lib/python3.12/site-packages/airflow/example_dags/example_skip_dag.py
[2024-12-04T17:23:34.099+0000] {processor.py:925} INFO - DAG(s) 'example_skip_dag' retrieved from /home/airflow/.local/lib/python3.12/site-packages/airflow/example_dags/example_skip_dag.py
[2024-12-04T17:23:34.174+0000] {logging_mixin.py:190} INFO - [2024-12-04T17:23:34.173+0000] {dag.py:3239} INFO - Sync 1 DAGs
[2024-12-04T17:23:34.205+0000] {logging_mixin.py:190} INFO - [2024-12-04T17:23:34.205+0000] {dag.py:4180} INFO - Setting next_dagrun for example_skip_dag to 2024-12-03 00:00:00+00:00, run_after=2024-12-04 00:00:00+00:00
[2024-12-04T17:23:34.235+0000] {processor.py:208} INFO - Processing /home/airflow/.local/lib/python3.12/site-packages/airflow/example_dags/example_skip_dag.py took 0.190 seconds
[2024-12-04T17:24:04.447+0000] {processor.py:186} INFO - Started process (PID=1496) to work on /home/airflow/.local/lib/python3.12/site-packages/airflow/example_dags/example_skip_dag.py
[2024-12-04T17:24:04.450+0000] {processor.py:914} INFO - Processing file /home/airflow/.local/lib/python3.12/site-packages/airflow/example_dags/example_skip_dag.py for tasks to queue
[2024-12-04T17:24:04.455+0000] {logging_mixin.py:190} INFO - [2024-12-04T17:24:04.454+0000] {dagbag.py:588} INFO - Filling up the DagBag from /home/airflow/.local/lib/python3.12/site-packages/airflow/example_dags/example_skip_dag.py
[2024-12-04T17:24:04.478+0000] {processor.py:925} INFO - DAG(s) 'example_skip_dag' retrieved from /home/airflow/.local/lib/python3.12/site-packages/airflow/example_dags/example_skip_dag.py
[2024-12-04T17:24:04.528+0000] {logging_mixin.py:190} INFO - [2024-12-04T17:24:04.528+0000] {dag.py:3239} INFO - Sync 1 DAGs
[2024-12-04T17:24:04.567+0000] {logging_mixin.py:190} INFO - [2024-12-04T17:24:04.566+0000] {dag.py:4180} INFO - Setting next_dagrun for example_skip_dag to 2024-12-03 00:00:00+00:00, run_after=2024-12-04 00:00:00+00:00
[2024-12-04T17:24:04.583+0000] {processor.py:208} INFO - Processing /home/airflow/.local/lib/python3.12/site-packages/airflow/example_dags/example_skip_dag.py took 0.158 seconds
[2024-12-04T17:24:36.856+0000] {processor.py:186} INFO - Started process (PID=1558) to work on /home/airflow/.local/lib/python3.12/site-packages/airflow/example_dags/example_skip_dag.py
[2024-12-04T17:24:36.863+0000] {processor.py:914} INFO - Processing file /home/airflow/.local/lib/python3.12/site-packages/airflow/example_dags/example_skip_dag.py for tasks to queue
[2024-12-04T17:24:36.881+0000] {logging_mixin.py:190} INFO - [2024-12-04T17:24:36.879+0000] {dagbag.py:588} INFO - Filling up the DagBag from /home/airflow/.local/lib/python3.12/site-packages/airflow/example_dags/example_skip_dag.py
[2024-12-04T17:24:36.912+0000] {processor.py:925} INFO - DAG(s) 'example_skip_dag' retrieved from /home/airflow/.local/lib/python3.12/site-packages/airflow/example_dags/example_skip_dag.py
[2024-12-04T17:24:36.966+0000] {logging_mixin.py:190} INFO - [2024-12-04T17:24:36.966+0000] {dag.py:3239} INFO - Sync 1 DAGs
[2024-12-04T17:24:37.024+0000] {logging_mixin.py:190} INFO - [2024-12-04T17:24:37.024+0000] {dag.py:4180} INFO - Setting next_dagrun for example_skip_dag to 2024-12-03 00:00:00+00:00, run_after=2024-12-04 00:00:00+00:00
[2024-12-04T17:24:37.043+0000] {processor.py:208} INFO - Processing /home/airflow/.local/lib/python3.12/site-packages/airflow/example_dags/example_skip_dag.py took 0.200 seconds
[2024-12-04T17:25:08.037+0000] {processor.py:186} INFO - Started process (PID=1621) to work on /home/airflow/.local/lib/python3.12/site-packages/airflow/example_dags/example_skip_dag.py
[2024-12-04T17:25:08.039+0000] {processor.py:914} INFO - Processing file /home/airflow/.local/lib/python3.12/site-packages/airflow/example_dags/example_skip_dag.py for tasks to queue
[2024-12-04T17:25:08.043+0000] {logging_mixin.py:190} INFO - [2024-12-04T17:25:08.043+0000] {dagbag.py:588} INFO - Filling up the DagBag from /home/airflow/.local/lib/python3.12/site-packages/airflow/example_dags/example_skip_dag.py
[2024-12-04T17:25:08.050+0000] {processor.py:925} INFO - DAG(s) 'example_skip_dag' retrieved from /home/airflow/.local/lib/python3.12/site-packages/airflow/example_dags/example_skip_dag.py
[2024-12-04T17:25:08.066+0000] {logging_mixin.py:190} INFO - [2024-12-04T17:25:08.066+0000] {dag.py:3239} INFO - Sync 1 DAGs
[2024-12-04T17:25:08.083+0000] {logging_mixin.py:190} INFO - [2024-12-04T17:25:08.083+0000] {dag.py:4180} INFO - Setting next_dagrun for example_skip_dag to 2024-12-03 00:00:00+00:00, run_after=2024-12-04 00:00:00+00:00
[2024-12-04T17:25:08.098+0000] {processor.py:208} INFO - Processing /home/airflow/.local/lib/python3.12/site-packages/airflow/example_dags/example_skip_dag.py took 0.065 seconds
[2024-12-04T17:25:38.416+0000] {processor.py:186} INFO - Started process (PID=1684) to work on /home/airflow/.local/lib/python3.12/site-packages/airflow/example_dags/example_skip_dag.py
[2024-12-04T17:25:38.419+0000] {processor.py:914} INFO - Processing file /home/airflow/.local/lib/python3.12/site-packages/airflow/example_dags/example_skip_dag.py for tasks to queue
[2024-12-04T17:25:38.421+0000] {logging_mixin.py:190} INFO - [2024-12-04T17:25:38.421+0000] {dagbag.py:588} INFO - Filling up the DagBag from /home/airflow/.local/lib/python3.12/site-packages/airflow/example_dags/example_skip_dag.py
[2024-12-04T17:25:38.429+0000] {processor.py:925} INFO - DAG(s) 'example_skip_dag' retrieved from /home/airflow/.local/lib/python3.12/site-packages/airflow/example_dags/example_skip_dag.py
[2024-12-04T17:25:38.443+0000] {logging_mixin.py:190} INFO - [2024-12-04T17:25:38.443+0000] {dag.py:3239} INFO - Sync 1 DAGs
[2024-12-04T17:25:38.460+0000] {logging_mixin.py:190} INFO - [2024-12-04T17:25:38.460+0000] {dag.py:4180} INFO - Setting next_dagrun for example_skip_dag to 2024-12-03 00:00:00+00:00, run_after=2024-12-04 00:00:00+00:00
[2024-12-04T17:25:38.474+0000] {processor.py:208} INFO - Processing /home/airflow/.local/lib/python3.12/site-packages/airflow/example_dags/example_skip_dag.py took 0.062 seconds
[2024-12-04T17:26:09.395+0000] {processor.py:186} INFO - Started process (PID=1747) to work on /home/airflow/.local/lib/python3.12/site-packages/airflow/example_dags/example_skip_dag.py
[2024-12-04T17:26:09.401+0000] {processor.py:914} INFO - Processing file /home/airflow/.local/lib/python3.12/site-packages/airflow/example_dags/example_skip_dag.py for tasks to queue
[2024-12-04T17:26:09.412+0000] {logging_mixin.py:190} INFO - [2024-12-04T17:26:09.412+0000] {dagbag.py:588} INFO - Filling up the DagBag from /home/airflow/.local/lib/python3.12/site-packages/airflow/example_dags/example_skip_dag.py
[2024-12-04T17:26:09.467+0000] {processor.py:925} INFO - DAG(s) 'example_skip_dag' retrieved from /home/airflow/.local/lib/python3.12/site-packages/airflow/example_dags/example_skip_dag.py
[2024-12-04T17:26:09.590+0000] {logging_mixin.py:190} INFO - [2024-12-04T17:26:09.590+0000] {dag.py:3239} INFO - Sync 1 DAGs
[2024-12-04T17:26:09.663+0000] {logging_mixin.py:190} INFO - [2024-12-04T17:26:09.663+0000] {dag.py:4180} INFO - Setting next_dagrun for example_skip_dag to 2024-12-03 00:00:00+00:00, run_after=2024-12-04 00:00:00+00:00
[2024-12-04T17:26:09.708+0000] {processor.py:208} INFO - Processing /home/airflow/.local/lib/python3.12/site-packages/airflow/example_dags/example_skip_dag.py took 0.341 seconds
[2024-12-04T17:26:40.677+0000] {processor.py:186} INFO - Started process (PID=1809) to work on /home/airflow/.local/lib/python3.12/site-packages/airflow/example_dags/example_skip_dag.py
[2024-12-04T17:26:40.679+0000] {processor.py:914} INFO - Processing file /home/airflow/.local/lib/python3.12/site-packages/airflow/example_dags/example_skip_dag.py for tasks to queue
[2024-12-04T17:26:40.692+0000] {logging_mixin.py:190} INFO - [2024-12-04T17:26:40.689+0000] {dagbag.py:588} INFO - Filling up the DagBag from /home/airflow/.local/lib/python3.12/site-packages/airflow/example_dags/example_skip_dag.py
[2024-12-04T17:26:40.721+0000] {processor.py:925} INFO - DAG(s) 'example_skip_dag' retrieved from /home/airflow/.local/lib/python3.12/site-packages/airflow/example_dags/example_skip_dag.py
[2024-12-04T17:26:40.762+0000] {logging_mixin.py:190} INFO - [2024-12-04T17:26:40.761+0000] {dag.py:3239} INFO - Sync 1 DAGs
[2024-12-04T17:26:40.785+0000] {logging_mixin.py:190} INFO - [2024-12-04T17:26:40.785+0000] {dag.py:4180} INFO - Setting next_dagrun for example_skip_dag to 2024-12-03 00:00:00+00:00, run_after=2024-12-04 00:00:00+00:00
[2024-12-04T17:26:40.813+0000] {processor.py:208} INFO - Processing /home/airflow/.local/lib/python3.12/site-packages/airflow/example_dags/example_skip_dag.py took 0.146 seconds
[2024-12-04T17:27:11.186+0000] {processor.py:186} INFO - Started process (PID=1872) to work on /home/airflow/.local/lib/python3.12/site-packages/airflow/example_dags/example_skip_dag.py
[2024-12-04T17:27:11.193+0000] {processor.py:914} INFO - Processing file /home/airflow/.local/lib/python3.12/site-packages/airflow/example_dags/example_skip_dag.py for tasks to queue
[2024-12-04T17:27:11.201+0000] {logging_mixin.py:190} INFO - [2024-12-04T17:27:11.200+0000] {dagbag.py:588} INFO - Filling up the DagBag from /home/airflow/.local/lib/python3.12/site-packages/airflow/example_dags/example_skip_dag.py
[2024-12-04T17:27:11.243+0000] {processor.py:925} INFO - DAG(s) 'example_skip_dag' retrieved from /home/airflow/.local/lib/python3.12/site-packages/airflow/example_dags/example_skip_dag.py
[2024-12-04T17:27:11.333+0000] {logging_mixin.py:190} INFO - [2024-12-04T17:27:11.333+0000] {dag.py:3239} INFO - Sync 1 DAGs
[2024-12-04T17:27:11.390+0000] {logging_mixin.py:190} INFO - [2024-12-04T17:27:11.390+0000] {dag.py:4180} INFO - Setting next_dagrun for example_skip_dag to 2024-12-03 00:00:00+00:00, run_after=2024-12-04 00:00:00+00:00
[2024-12-04T17:27:11.413+0000] {processor.py:208} INFO - Processing /home/airflow/.local/lib/python3.12/site-packages/airflow/example_dags/example_skip_dag.py took 0.248 seconds
[2024-12-04T17:27:45.506+0000] {processor.py:186} INFO - Started process (PID=1935) to work on /home/airflow/.local/lib/python3.12/site-packages/airflow/example_dags/example_skip_dag.py
[2024-12-04T17:27:45.508+0000] {processor.py:914} INFO - Processing file /home/airflow/.local/lib/python3.12/site-packages/airflow/example_dags/example_skip_dag.py for tasks to queue
[2024-12-04T17:27:45.511+0000] {logging_mixin.py:190} INFO - [2024-12-04T17:27:45.511+0000] {dagbag.py:588} INFO - Filling up the DagBag from /home/airflow/.local/lib/python3.12/site-packages/airflow/example_dags/example_skip_dag.py
[2024-12-04T17:27:45.526+0000] {processor.py:925} INFO - DAG(s) 'example_skip_dag' retrieved from /home/airflow/.local/lib/python3.12/site-packages/airflow/example_dags/example_skip_dag.py
[2024-12-04T17:27:45.569+0000] {logging_mixin.py:190} INFO - [2024-12-04T17:27:45.569+0000] {dag.py:3239} INFO - Sync 1 DAGs
[2024-12-04T17:27:45.615+0000] {logging_mixin.py:190} INFO - [2024-12-04T17:27:45.615+0000] {dag.py:4180} INFO - Setting next_dagrun for example_skip_dag to 2024-12-03 00:00:00+00:00, run_after=2024-12-04 00:00:00+00:00
[2024-12-04T17:27:45.660+0000] {processor.py:208} INFO - Processing /home/airflow/.local/lib/python3.12/site-packages/airflow/example_dags/example_skip_dag.py took 0.161 seconds
[2024-12-04T17:28:18.308+0000] {processor.py:186} INFO - Started process (PID=1998) to work on /home/airflow/.local/lib/python3.12/site-packages/airflow/example_dags/example_skip_dag.py
[2024-12-04T17:28:18.312+0000] {processor.py:914} INFO - Processing file /home/airflow/.local/lib/python3.12/site-packages/airflow/example_dags/example_skip_dag.py for tasks to queue
[2024-12-04T17:28:18.319+0000] {logging_mixin.py:190} INFO - [2024-12-04T17:28:18.318+0000] {dagbag.py:588} INFO - Filling up the DagBag from /home/airflow/.local/lib/python3.12/site-packages/airflow/example_dags/example_skip_dag.py
[2024-12-04T17:28:18.335+0000] {processor.py:925} INFO - DAG(s) 'example_skip_dag' retrieved from /home/airflow/.local/lib/python3.12/site-packages/airflow/example_dags/example_skip_dag.py
[2024-12-04T17:28:18.372+0000] {logging_mixin.py:190} INFO - [2024-12-04T17:28:18.371+0000] {dag.py:3239} INFO - Sync 1 DAGs
[2024-12-04T17:28:18.401+0000] {logging_mixin.py:190} INFO - [2024-12-04T17:28:18.401+0000] {dag.py:4180} INFO - Setting next_dagrun for example_skip_dag to 2024-12-03 00:00:00+00:00, run_after=2024-12-04 00:00:00+00:00
[2024-12-04T17:28:18.427+0000] {processor.py:208} INFO - Processing /home/airflow/.local/lib/python3.12/site-packages/airflow/example_dags/example_skip_dag.py took 0.128 seconds
[2024-12-04T17:28:50.371+0000] {processor.py:186} INFO - Started process (PID=2061) to work on /home/airflow/.local/lib/python3.12/site-packages/airflow/example_dags/example_skip_dag.py
[2024-12-04T17:28:50.372+0000] {processor.py:914} INFO - Processing file /home/airflow/.local/lib/python3.12/site-packages/airflow/example_dags/example_skip_dag.py for tasks to queue
[2024-12-04T17:28:50.375+0000] {logging_mixin.py:190} INFO - [2024-12-04T17:28:50.375+0000] {dagbag.py:588} INFO - Filling up the DagBag from /home/airflow/.local/lib/python3.12/site-packages/airflow/example_dags/example_skip_dag.py
[2024-12-04T17:28:50.391+0000] {processor.py:925} INFO - DAG(s) 'example_skip_dag' retrieved from /home/airflow/.local/lib/python3.12/site-packages/airflow/example_dags/example_skip_dag.py
[2024-12-04T17:28:50.452+0000] {logging_mixin.py:190} INFO - [2024-12-04T17:28:50.451+0000] {dag.py:3239} INFO - Sync 1 DAGs
[2024-12-04T17:28:50.484+0000] {logging_mixin.py:190} INFO - [2024-12-04T17:28:50.484+0000] {dag.py:4180} INFO - Setting next_dagrun for example_skip_dag to 2024-12-03 00:00:00+00:00, run_after=2024-12-04 00:00:00+00:00
[2024-12-04T17:28:50.504+0000] {processor.py:208} INFO - Processing /home/airflow/.local/lib/python3.12/site-packages/airflow/example_dags/example_skip_dag.py took 0.154 seconds
[2024-12-04T17:29:24.325+0000] {processor.py:186} INFO - Started process (PID=2124) to work on /home/airflow/.local/lib/python3.12/site-packages/airflow/example_dags/example_skip_dag.py
[2024-12-04T17:29:24.328+0000] {processor.py:914} INFO - Processing file /home/airflow/.local/lib/python3.12/site-packages/airflow/example_dags/example_skip_dag.py for tasks to queue
[2024-12-04T17:29:24.337+0000] {logging_mixin.py:190} INFO - [2024-12-04T17:29:24.336+0000] {dagbag.py:588} INFO - Filling up the DagBag from /home/airflow/.local/lib/python3.12/site-packages/airflow/example_dags/example_skip_dag.py
[2024-12-04T17:29:24.364+0000] {processor.py:925} INFO - DAG(s) 'example_skip_dag' retrieved from /home/airflow/.local/lib/python3.12/site-packages/airflow/example_dags/example_skip_dag.py
[2024-12-04T17:29:24.425+0000] {logging_mixin.py:190} INFO - [2024-12-04T17:29:24.424+0000] {dag.py:3239} INFO - Sync 1 DAGs
[2024-12-04T17:29:24.486+0000] {logging_mixin.py:190} INFO - [2024-12-04T17:29:24.486+0000] {dag.py:4180} INFO - Setting next_dagrun for example_skip_dag to 2024-12-03 00:00:00+00:00, run_after=2024-12-04 00:00:00+00:00
[2024-12-04T17:29:24.516+0000] {processor.py:208} INFO - Processing /home/airflow/.local/lib/python3.12/site-packages/airflow/example_dags/example_skip_dag.py took 0.223 seconds
[2024-12-04T17:29:55.660+0000] {processor.py:186} INFO - Started process (PID=2193) to work on /home/airflow/.local/lib/python3.12/site-packages/airflow/example_dags/example_skip_dag.py
[2024-12-04T17:29:55.662+0000] {processor.py:914} INFO - Processing file /home/airflow/.local/lib/python3.12/site-packages/airflow/example_dags/example_skip_dag.py for tasks to queue
[2024-12-04T17:29:55.664+0000] {logging_mixin.py:190} INFO - [2024-12-04T17:29:55.663+0000] {dagbag.py:588} INFO - Filling up the DagBag from /home/airflow/.local/lib/python3.12/site-packages/airflow/example_dags/example_skip_dag.py
[2024-12-04T17:29:55.671+0000] {processor.py:925} INFO - DAG(s) 'example_skip_dag' retrieved from /home/airflow/.local/lib/python3.12/site-packages/airflow/example_dags/example_skip_dag.py
[2024-12-04T17:29:55.686+0000] {logging_mixin.py:190} INFO - [2024-12-04T17:29:55.686+0000] {dag.py:3239} INFO - Sync 1 DAGs
[2024-12-04T17:29:55.698+0000] {logging_mixin.py:190} INFO - [2024-12-04T17:29:55.698+0000] {dag.py:4180} INFO - Setting next_dagrun for example_skip_dag to 2024-12-03 00:00:00+00:00, run_after=2024-12-04 00:00:00+00:00
[2024-12-04T17:29:55.711+0000] {processor.py:208} INFO - Processing /home/airflow/.local/lib/python3.12/site-packages/airflow/example_dags/example_skip_dag.py took 0.054 seconds
[2024-12-04T17:30:26.615+0000] {processor.py:186} INFO - Started process (PID=2256) to work on /home/airflow/.local/lib/python3.12/site-packages/airflow/example_dags/example_skip_dag.py
[2024-12-04T17:30:26.616+0000] {processor.py:914} INFO - Processing file /home/airflow/.local/lib/python3.12/site-packages/airflow/example_dags/example_skip_dag.py for tasks to queue
[2024-12-04T17:30:26.618+0000] {logging_mixin.py:190} INFO - [2024-12-04T17:30:26.618+0000] {dagbag.py:588} INFO - Filling up the DagBag from /home/airflow/.local/lib/python3.12/site-packages/airflow/example_dags/example_skip_dag.py
[2024-12-04T17:30:26.625+0000] {processor.py:925} INFO - DAG(s) 'example_skip_dag' retrieved from /home/airflow/.local/lib/python3.12/site-packages/airflow/example_dags/example_skip_dag.py
[2024-12-04T17:30:26.644+0000] {logging_mixin.py:190} INFO - [2024-12-04T17:30:26.643+0000] {dag.py:3239} INFO - Sync 1 DAGs
[2024-12-04T17:30:26.661+0000] {logging_mixin.py:190} INFO - [2024-12-04T17:30:26.661+0000] {dag.py:4180} INFO - Setting next_dagrun for example_skip_dag to 2024-12-03 00:00:00+00:00, run_after=2024-12-04 00:00:00+00:00
[2024-12-04T17:30:26.673+0000] {processor.py:208} INFO - Processing /home/airflow/.local/lib/python3.12/site-packages/airflow/example_dags/example_skip_dag.py took 0.062 seconds
[2024-12-04T17:30:57.035+0000] {processor.py:186} INFO - Started process (PID=2319) to work on /home/airflow/.local/lib/python3.12/site-packages/airflow/example_dags/example_skip_dag.py
[2024-12-04T17:30:57.041+0000] {processor.py:914} INFO - Processing file /home/airflow/.local/lib/python3.12/site-packages/airflow/example_dags/example_skip_dag.py for tasks to queue
[2024-12-04T17:30:57.053+0000] {logging_mixin.py:190} INFO - [2024-12-04T17:30:57.052+0000] {dagbag.py:588} INFO - Filling up the DagBag from /home/airflow/.local/lib/python3.12/site-packages/airflow/example_dags/example_skip_dag.py
[2024-12-04T17:30:57.067+0000] {processor.py:925} INFO - DAG(s) 'example_skip_dag' retrieved from /home/airflow/.local/lib/python3.12/site-packages/airflow/example_dags/example_skip_dag.py
[2024-12-04T17:30:57.087+0000] {logging_mixin.py:190} INFO - [2024-12-04T17:30:57.087+0000] {dag.py:3239} INFO - Sync 1 DAGs
[2024-12-04T17:30:57.105+0000] {logging_mixin.py:190} INFO - [2024-12-04T17:30:57.105+0000] {dag.py:4180} INFO - Setting next_dagrun for example_skip_dag to 2024-12-03 00:00:00+00:00, run_after=2024-12-04 00:00:00+00:00
[2024-12-04T17:30:57.167+0000] {processor.py:208} INFO - Processing /home/airflow/.local/lib/python3.12/site-packages/airflow/example_dags/example_skip_dag.py took 0.136 seconds
[2024-12-04T17:31:28.077+0000] {processor.py:186} INFO - Started process (PID=2388) to work on /home/airflow/.local/lib/python3.12/site-packages/airflow/example_dags/example_skip_dag.py
[2024-12-04T17:31:28.081+0000] {processor.py:914} INFO - Processing file /home/airflow/.local/lib/python3.12/site-packages/airflow/example_dags/example_skip_dag.py for tasks to queue
[2024-12-04T17:31:28.083+0000] {logging_mixin.py:190} INFO - [2024-12-04T17:31:28.083+0000] {dagbag.py:588} INFO - Filling up the DagBag from /home/airflow/.local/lib/python3.12/site-packages/airflow/example_dags/example_skip_dag.py
[2024-12-04T17:31:28.090+0000] {processor.py:925} INFO - DAG(s) 'example_skip_dag' retrieved from /home/airflow/.local/lib/python3.12/site-packages/airflow/example_dags/example_skip_dag.py
[2024-12-04T17:31:28.103+0000] {logging_mixin.py:190} INFO - [2024-12-04T17:31:28.103+0000] {dag.py:3239} INFO - Sync 1 DAGs
[2024-12-04T17:31:28.117+0000] {logging_mixin.py:190} INFO - [2024-12-04T17:31:28.117+0000] {dag.py:4180} INFO - Setting next_dagrun for example_skip_dag to 2024-12-03 00:00:00+00:00, run_after=2024-12-04 00:00:00+00:00
[2024-12-04T17:31:28.129+0000] {processor.py:208} INFO - Processing /home/airflow/.local/lib/python3.12/site-packages/airflow/example_dags/example_skip_dag.py took 0.055 seconds
[2024-12-04T17:31:59.150+0000] {processor.py:186} INFO - Started process (PID=2451) to work on /home/airflow/.local/lib/python3.12/site-packages/airflow/example_dags/example_skip_dag.py
[2024-12-04T17:31:59.151+0000] {processor.py:914} INFO - Processing file /home/airflow/.local/lib/python3.12/site-packages/airflow/example_dags/example_skip_dag.py for tasks to queue
[2024-12-04T17:31:59.152+0000] {logging_mixin.py:190} INFO - [2024-12-04T17:31:59.152+0000] {dagbag.py:588} INFO - Filling up the DagBag from /home/airflow/.local/lib/python3.12/site-packages/airflow/example_dags/example_skip_dag.py
[2024-12-04T17:31:59.157+0000] {processor.py:925} INFO - DAG(s) 'example_skip_dag' retrieved from /home/airflow/.local/lib/python3.12/site-packages/airflow/example_dags/example_skip_dag.py
[2024-12-04T17:31:59.172+0000] {logging_mixin.py:190} INFO - [2024-12-04T17:31:59.171+0000] {dag.py:3239} INFO - Sync 1 DAGs
[2024-12-04T17:31:59.184+0000] {logging_mixin.py:190} INFO - [2024-12-04T17:31:59.184+0000] {dag.py:4180} INFO - Setting next_dagrun for example_skip_dag to 2024-12-03 00:00:00+00:00, run_after=2024-12-04 00:00:00+00:00
[2024-12-04T17:31:59.196+0000] {processor.py:208} INFO - Processing /home/airflow/.local/lib/python3.12/site-packages/airflow/example_dags/example_skip_dag.py took 0.050 seconds
[2024-12-04T17:32:29.905+0000] {processor.py:186} INFO - Started process (PID=2515) to work on /home/airflow/.local/lib/python3.12/site-packages/airflow/example_dags/example_skip_dag.py
[2024-12-04T17:32:29.905+0000] {processor.py:914} INFO - Processing file /home/airflow/.local/lib/python3.12/site-packages/airflow/example_dags/example_skip_dag.py for tasks to queue
[2024-12-04T17:32:29.907+0000] {logging_mixin.py:190} INFO - [2024-12-04T17:32:29.906+0000] {dagbag.py:588} INFO - Filling up the DagBag from /home/airflow/.local/lib/python3.12/site-packages/airflow/example_dags/example_skip_dag.py
[2024-12-04T17:32:29.912+0000] {processor.py:925} INFO - DAG(s) 'example_skip_dag' retrieved from /home/airflow/.local/lib/python3.12/site-packages/airflow/example_dags/example_skip_dag.py
[2024-12-04T17:32:29.922+0000] {logging_mixin.py:190} INFO - [2024-12-04T17:32:29.922+0000] {dag.py:3239} INFO - Sync 1 DAGs
[2024-12-04T17:32:29.933+0000] {logging_mixin.py:190} INFO - [2024-12-04T17:32:29.933+0000] {dag.py:4180} INFO - Setting next_dagrun for example_skip_dag to 2024-12-03 00:00:00+00:00, run_after=2024-12-04 00:00:00+00:00
[2024-12-04T17:32:29.940+0000] {processor.py:208} INFO - Processing /home/airflow/.local/lib/python3.12/site-packages/airflow/example_dags/example_skip_dag.py took 0.039 seconds
