[2024-12-04T17:12:21.191+0000] {processor.py:186} INFO - Started process (PID=79) to work on /home/airflow/.local/lib/python3.12/site-packages/airflow/example_dags/example_latest_only_with_trigger.py
[2024-12-04T17:12:21.192+0000] {processor.py:914} INFO - Processing file /home/airflow/.local/lib/python3.12/site-packages/airflow/example_dags/example_latest_only_with_trigger.py for tasks to queue
[2024-12-04T17:12:21.193+0000] {logging_mixin.py:190} INFO - [2024-12-04T17:12:21.193+0000] {dagbag.py:588} INFO - Filling up the DagBag from /home/airflow/.local/lib/python3.12/site-packages/airflow/example_dags/example_latest_only_with_trigger.py
[2024-12-04T17:12:21.198+0000] {processor.py:925} INFO - DAG(s) 'latest_only_with_trigger' retrieved from /home/airflow/.local/lib/python3.12/site-packages/airflow/example_dags/example_latest_only_with_trigger.py
[2024-12-04T17:12:21.258+0000] {logging_mixin.py:190} INFO - [2024-12-04T17:12:21.258+0000] {override.py:1911} INFO - Created Permission View: can read on DAG:latest_only_with_trigger
[2024-12-04T17:12:21.268+0000] {logging_mixin.py:190} INFO - [2024-12-04T17:12:21.267+0000] {override.py:1911} INFO - Created Permission View: can delete on DAG:latest_only_with_trigger
[2024-12-04T17:12:21.272+0000] {logging_mixin.py:190} INFO - [2024-12-04T17:12:21.272+0000] {override.py:1911} INFO - Created Permission View: can edit on DAG:latest_only_with_trigger
[2024-12-04T17:12:21.276+0000] {logging_mixin.py:190} INFO - [2024-12-04T17:12:21.276+0000] {override.py:1911} INFO - Created Permission View: menu access on DAG Run:latest_only_with_trigger
[2024-12-04T17:12:21.280+0000] {logging_mixin.py:190} INFO - [2024-12-04T17:12:21.280+0000] {override.py:1911} INFO - Created Permission View: can delete on DAG Run:latest_only_with_trigger
[2024-12-04T17:12:21.284+0000] {logging_mixin.py:190} INFO - [2024-12-04T17:12:21.283+0000] {override.py:1911} INFO - Created Permission View: can read on DAG Run:latest_only_with_trigger
[2024-12-04T17:12:21.287+0000] {logging_mixin.py:190} INFO - [2024-12-04T17:12:21.286+0000] {override.py:1911} INFO - Created Permission View: can create on DAG Run:latest_only_with_trigger
[2024-12-04T17:12:21.287+0000] {logging_mixin.py:190} INFO - [2024-12-04T17:12:21.287+0000] {dag.py:3239} INFO - Sync 1 DAGs
[2024-12-04T17:12:21.293+0000] {logging_mixin.py:190} INFO - [2024-12-04T17:12:21.293+0000] {dag.py:3262} INFO - Creating ORM DAG for latest_only_with_trigger
[2024-12-04T17:12:21.299+0000] {logging_mixin.py:190} INFO - [2024-12-04T17:12:21.299+0000] {dag.py:4180} INFO - Setting next_dagrun for latest_only_with_trigger to 2024-12-04 12:00:00+00:00, run_after=2024-12-04 16:00:00+00:00
[2024-12-04T17:12:21.312+0000] {processor.py:208} INFO - Processing /home/airflow/.local/lib/python3.12/site-packages/airflow/example_dags/example_latest_only_with_trigger.py took 0.124 seconds
[2024-12-04T17:12:52.531+0000] {processor.py:186} INFO - Started process (PID=148) to work on /home/airflow/.local/lib/python3.12/site-packages/airflow/example_dags/example_latest_only_with_trigger.py
[2024-12-04T17:12:52.532+0000] {processor.py:914} INFO - Processing file /home/airflow/.local/lib/python3.12/site-packages/airflow/example_dags/example_latest_only_with_trigger.py for tasks to queue
[2024-12-04T17:12:52.533+0000] {logging_mixin.py:190} INFO - [2024-12-04T17:12:52.533+0000] {dagbag.py:588} INFO - Filling up the DagBag from /home/airflow/.local/lib/python3.12/site-packages/airflow/example_dags/example_latest_only_with_trigger.py
[2024-12-04T17:12:52.537+0000] {processor.py:925} INFO - DAG(s) 'latest_only_with_trigger' retrieved from /home/airflow/.local/lib/python3.12/site-packages/airflow/example_dags/example_latest_only_with_trigger.py
[2024-12-04T17:12:52.551+0000] {logging_mixin.py:190} INFO - [2024-12-04T17:12:52.551+0000] {dag.py:3239} INFO - Sync 1 DAGs
[2024-12-04T17:12:52.586+0000] {logging_mixin.py:190} INFO - [2024-12-04T17:12:52.585+0000] {dag.py:4180} INFO - Setting next_dagrun for latest_only_with_trigger to 2024-12-04 12:00:00+00:00, run_after=2024-12-04 16:00:00+00:00
[2024-12-04T17:12:52.606+0000] {processor.py:208} INFO - Processing /home/airflow/.local/lib/python3.12/site-packages/airflow/example_dags/example_latest_only_with_trigger.py took 0.079 seconds
[2024-12-04T17:13:23.339+0000] {processor.py:186} INFO - Started process (PID=211) to work on /home/airflow/.local/lib/python3.12/site-packages/airflow/example_dags/example_latest_only_with_trigger.py
[2024-12-04T17:13:23.341+0000] {processor.py:914} INFO - Processing file /home/airflow/.local/lib/python3.12/site-packages/airflow/example_dags/example_latest_only_with_trigger.py for tasks to queue
[2024-12-04T17:13:23.343+0000] {logging_mixin.py:190} INFO - [2024-12-04T17:13:23.343+0000] {dagbag.py:588} INFO - Filling up the DagBag from /home/airflow/.local/lib/python3.12/site-packages/airflow/example_dags/example_latest_only_with_trigger.py
[2024-12-04T17:13:23.349+0000] {processor.py:925} INFO - DAG(s) 'latest_only_with_trigger' retrieved from /home/airflow/.local/lib/python3.12/site-packages/airflow/example_dags/example_latest_only_with_trigger.py
[2024-12-04T17:13:23.360+0000] {logging_mixin.py:190} INFO - [2024-12-04T17:13:23.360+0000] {dag.py:3239} INFO - Sync 1 DAGs
[2024-12-04T17:13:23.379+0000] {logging_mixin.py:190} INFO - [2024-12-04T17:13:23.379+0000] {dag.py:4180} INFO - Setting next_dagrun for latest_only_with_trigger to 2024-12-04 12:00:00+00:00, run_after=2024-12-04 16:00:00+00:00
[2024-12-04T17:13:23.392+0000] {processor.py:208} INFO - Processing /home/airflow/.local/lib/python3.12/site-packages/airflow/example_dags/example_latest_only_with_trigger.py took 0.057 seconds
[2024-12-04T17:13:54.829+0000] {processor.py:186} INFO - Started process (PID=274) to work on /home/airflow/.local/lib/python3.12/site-packages/airflow/example_dags/example_latest_only_with_trigger.py
[2024-12-04T17:13:54.832+0000] {processor.py:914} INFO - Processing file /home/airflow/.local/lib/python3.12/site-packages/airflow/example_dags/example_latest_only_with_trigger.py for tasks to queue
[2024-12-04T17:13:54.833+0000] {logging_mixin.py:190} INFO - [2024-12-04T17:13:54.833+0000] {dagbag.py:588} INFO - Filling up the DagBag from /home/airflow/.local/lib/python3.12/site-packages/airflow/example_dags/example_latest_only_with_trigger.py
[2024-12-04T17:13:54.839+0000] {processor.py:925} INFO - DAG(s) 'latest_only_with_trigger' retrieved from /home/airflow/.local/lib/python3.12/site-packages/airflow/example_dags/example_latest_only_with_trigger.py
[2024-12-04T17:13:54.853+0000] {logging_mixin.py:190} INFO - [2024-12-04T17:13:54.853+0000] {dag.py:3239} INFO - Sync 1 DAGs
[2024-12-04T17:13:54.868+0000] {logging_mixin.py:190} INFO - [2024-12-04T17:13:54.868+0000] {dag.py:4180} INFO - Setting next_dagrun for latest_only_with_trigger to 2024-12-04 12:00:00+00:00, run_after=2024-12-04 16:00:00+00:00
[2024-12-04T17:13:54.881+0000] {processor.py:208} INFO - Processing /home/airflow/.local/lib/python3.12/site-packages/airflow/example_dags/example_latest_only_with_trigger.py took 0.056 seconds
[2024-12-04T17:14:26.200+0000] {processor.py:186} INFO - Started process (PID=337) to work on /home/airflow/.local/lib/python3.12/site-packages/airflow/example_dags/example_latest_only_with_trigger.py
[2024-12-04T17:14:26.202+0000] {processor.py:914} INFO - Processing file /home/airflow/.local/lib/python3.12/site-packages/airflow/example_dags/example_latest_only_with_trigger.py for tasks to queue
[2024-12-04T17:14:26.204+0000] {logging_mixin.py:190} INFO - [2024-12-04T17:14:26.204+0000] {dagbag.py:588} INFO - Filling up the DagBag from /home/airflow/.local/lib/python3.12/site-packages/airflow/example_dags/example_latest_only_with_trigger.py
[2024-12-04T17:14:26.214+0000] {processor.py:925} INFO - DAG(s) 'latest_only_with_trigger' retrieved from /home/airflow/.local/lib/python3.12/site-packages/airflow/example_dags/example_latest_only_with_trigger.py
[2024-12-04T17:14:26.234+0000] {logging_mixin.py:190} INFO - [2024-12-04T17:14:26.233+0000] {dag.py:3239} INFO - Sync 1 DAGs
[2024-12-04T17:14:26.247+0000] {logging_mixin.py:190} INFO - [2024-12-04T17:14:26.247+0000] {dag.py:4180} INFO - Setting next_dagrun for latest_only_with_trigger to 2024-12-04 12:00:00+00:00, run_after=2024-12-04 16:00:00+00:00
[2024-12-04T17:14:26.258+0000] {processor.py:208} INFO - Processing /home/airflow/.local/lib/python3.12/site-packages/airflow/example_dags/example_latest_only_with_trigger.py took 0.063 seconds
[2024-12-04T17:14:57.708+0000] {processor.py:186} INFO - Started process (PID=400) to work on /home/airflow/.local/lib/python3.12/site-packages/airflow/example_dags/example_latest_only_with_trigger.py
[2024-12-04T17:14:57.709+0000] {processor.py:914} INFO - Processing file /home/airflow/.local/lib/python3.12/site-packages/airflow/example_dags/example_latest_only_with_trigger.py for tasks to queue
[2024-12-04T17:14:57.712+0000] {logging_mixin.py:190} INFO - [2024-12-04T17:14:57.711+0000] {dagbag.py:588} INFO - Filling up the DagBag from /home/airflow/.local/lib/python3.12/site-packages/airflow/example_dags/example_latest_only_with_trigger.py
[2024-12-04T17:14:57.718+0000] {processor.py:925} INFO - DAG(s) 'latest_only_with_trigger' retrieved from /home/airflow/.local/lib/python3.12/site-packages/airflow/example_dags/example_latest_only_with_trigger.py
[2024-12-04T17:14:57.742+0000] {logging_mixin.py:190} INFO - [2024-12-04T17:14:57.741+0000] {dag.py:3239} INFO - Sync 1 DAGs
[2024-12-04T17:14:57.758+0000] {logging_mixin.py:190} INFO - [2024-12-04T17:14:57.758+0000] {dag.py:4180} INFO - Setting next_dagrun for latest_only_with_trigger to 2024-12-04 12:00:00+00:00, run_after=2024-12-04 16:00:00+00:00
[2024-12-04T17:14:57.775+0000] {processor.py:208} INFO - Processing /home/airflow/.local/lib/python3.12/site-packages/airflow/example_dags/example_latest_only_with_trigger.py took 0.070 seconds
[2024-12-04T17:15:28.670+0000] {processor.py:186} INFO - Started process (PID=463) to work on /home/airflow/.local/lib/python3.12/site-packages/airflow/example_dags/example_latest_only_with_trigger.py
[2024-12-04T17:15:28.671+0000] {processor.py:914} INFO - Processing file /home/airflow/.local/lib/python3.12/site-packages/airflow/example_dags/example_latest_only_with_trigger.py for tasks to queue
[2024-12-04T17:15:28.673+0000] {logging_mixin.py:190} INFO - [2024-12-04T17:15:28.673+0000] {dagbag.py:588} INFO - Filling up the DagBag from /home/airflow/.local/lib/python3.12/site-packages/airflow/example_dags/example_latest_only_with_trigger.py
[2024-12-04T17:15:28.677+0000] {processor.py:925} INFO - DAG(s) 'latest_only_with_trigger' retrieved from /home/airflow/.local/lib/python3.12/site-packages/airflow/example_dags/example_latest_only_with_trigger.py
[2024-12-04T17:15:28.692+0000] {logging_mixin.py:190} INFO - [2024-12-04T17:15:28.692+0000] {dag.py:3239} INFO - Sync 1 DAGs
[2024-12-04T17:15:28.707+0000] {logging_mixin.py:190} INFO - [2024-12-04T17:15:28.707+0000] {dag.py:4180} INFO - Setting next_dagrun for latest_only_with_trigger to 2024-12-04 12:00:00+00:00, run_after=2024-12-04 16:00:00+00:00
[2024-12-04T17:15:28.719+0000] {processor.py:208} INFO - Processing /home/airflow/.local/lib/python3.12/site-packages/airflow/example_dags/example_latest_only_with_trigger.py took 0.052 seconds
[2024-12-04T17:16:00.195+0000] {processor.py:186} INFO - Started process (PID=526) to work on /home/airflow/.local/lib/python3.12/site-packages/airflow/example_dags/example_latest_only_with_trigger.py
[2024-12-04T17:16:00.198+0000] {processor.py:914} INFO - Processing file /home/airflow/.local/lib/python3.12/site-packages/airflow/example_dags/example_latest_only_with_trigger.py for tasks to queue
[2024-12-04T17:16:00.200+0000] {logging_mixin.py:190} INFO - [2024-12-04T17:16:00.199+0000] {dagbag.py:588} INFO - Filling up the DagBag from /home/airflow/.local/lib/python3.12/site-packages/airflow/example_dags/example_latest_only_with_trigger.py
[2024-12-04T17:16:00.205+0000] {processor.py:925} INFO - DAG(s) 'latest_only_with_trigger' retrieved from /home/airflow/.local/lib/python3.12/site-packages/airflow/example_dags/example_latest_only_with_trigger.py
[2024-12-04T17:16:00.216+0000] {logging_mixin.py:190} INFO - [2024-12-04T17:16:00.216+0000] {dag.py:3239} INFO - Sync 1 DAGs
[2024-12-04T17:16:00.228+0000] {logging_mixin.py:190} INFO - [2024-12-04T17:16:00.227+0000] {dag.py:4180} INFO - Setting next_dagrun for latest_only_with_trigger to 2024-12-04 12:00:00+00:00, run_after=2024-12-04 16:00:00+00:00
[2024-12-04T17:16:00.237+0000] {processor.py:208} INFO - Processing /home/airflow/.local/lib/python3.12/site-packages/airflow/example_dags/example_latest_only_with_trigger.py took 0.046 seconds
[2024-12-04T17:16:31.534+0000] {processor.py:186} INFO - Started process (PID=589) to work on /home/airflow/.local/lib/python3.12/site-packages/airflow/example_dags/example_latest_only_with_trigger.py
[2024-12-04T17:16:31.536+0000] {processor.py:914} INFO - Processing file /home/airflow/.local/lib/python3.12/site-packages/airflow/example_dags/example_latest_only_with_trigger.py for tasks to queue
[2024-12-04T17:16:31.541+0000] {logging_mixin.py:190} INFO - [2024-12-04T17:16:31.540+0000] {dagbag.py:588} INFO - Filling up the DagBag from /home/airflow/.local/lib/python3.12/site-packages/airflow/example_dags/example_latest_only_with_trigger.py
[2024-12-04T17:16:31.548+0000] {processor.py:925} INFO - DAG(s) 'latest_only_with_trigger' retrieved from /home/airflow/.local/lib/python3.12/site-packages/airflow/example_dags/example_latest_only_with_trigger.py
[2024-12-04T17:16:31.565+0000] {logging_mixin.py:190} INFO - [2024-12-04T17:16:31.565+0000] {dag.py:3239} INFO - Sync 1 DAGs
[2024-12-04T17:16:31.578+0000] {logging_mixin.py:190} INFO - [2024-12-04T17:16:31.578+0000] {dag.py:4180} INFO - Setting next_dagrun for latest_only_with_trigger to 2024-12-04 12:00:00+00:00, run_after=2024-12-04 16:00:00+00:00
[2024-12-04T17:16:31.589+0000] {processor.py:208} INFO - Processing /home/airflow/.local/lib/python3.12/site-packages/airflow/example_dags/example_latest_only_with_trigger.py took 0.060 seconds
[2024-12-04T17:17:02.319+0000] {processor.py:186} INFO - Started process (PID=652) to work on /home/airflow/.local/lib/python3.12/site-packages/airflow/example_dags/example_latest_only_with_trigger.py
[2024-12-04T17:17:02.320+0000] {processor.py:914} INFO - Processing file /home/airflow/.local/lib/python3.12/site-packages/airflow/example_dags/example_latest_only_with_trigger.py for tasks to queue
[2024-12-04T17:17:02.322+0000] {logging_mixin.py:190} INFO - [2024-12-04T17:17:02.322+0000] {dagbag.py:588} INFO - Filling up the DagBag from /home/airflow/.local/lib/python3.12/site-packages/airflow/example_dags/example_latest_only_with_trigger.py
[2024-12-04T17:17:02.326+0000] {processor.py:925} INFO - DAG(s) 'latest_only_with_trigger' retrieved from /home/airflow/.local/lib/python3.12/site-packages/airflow/example_dags/example_latest_only_with_trigger.py
[2024-12-04T17:17:02.343+0000] {logging_mixin.py:190} INFO - [2024-12-04T17:17:02.343+0000] {dag.py:3239} INFO - Sync 1 DAGs
[2024-12-04T17:17:02.359+0000] {logging_mixin.py:190} INFO - [2024-12-04T17:17:02.359+0000] {dag.py:4180} INFO - Setting next_dagrun for latest_only_with_trigger to 2024-12-04 12:00:00+00:00, run_after=2024-12-04 16:00:00+00:00
[2024-12-04T17:17:02.371+0000] {processor.py:208} INFO - Processing /home/airflow/.local/lib/python3.12/site-packages/airflow/example_dags/example_latest_only_with_trigger.py took 0.055 seconds
[2024-12-04T17:17:33.695+0000] {processor.py:186} INFO - Started process (PID=715) to work on /home/airflow/.local/lib/python3.12/site-packages/airflow/example_dags/example_latest_only_with_trigger.py
[2024-12-04T17:17:33.695+0000] {processor.py:914} INFO - Processing file /home/airflow/.local/lib/python3.12/site-packages/airflow/example_dags/example_latest_only_with_trigger.py for tasks to queue
[2024-12-04T17:17:33.697+0000] {logging_mixin.py:190} INFO - [2024-12-04T17:17:33.697+0000] {dagbag.py:588} INFO - Filling up the DagBag from /home/airflow/.local/lib/python3.12/site-packages/airflow/example_dags/example_latest_only_with_trigger.py
[2024-12-04T17:17:33.701+0000] {processor.py:925} INFO - DAG(s) 'latest_only_with_trigger' retrieved from /home/airflow/.local/lib/python3.12/site-packages/airflow/example_dags/example_latest_only_with_trigger.py
[2024-12-04T17:17:33.712+0000] {logging_mixin.py:190} INFO - [2024-12-04T17:17:33.712+0000] {dag.py:3239} INFO - Sync 1 DAGs
[2024-12-04T17:17:33.724+0000] {logging_mixin.py:190} INFO - [2024-12-04T17:17:33.724+0000] {dag.py:4180} INFO - Setting next_dagrun for latest_only_with_trigger to 2024-12-04 12:00:00+00:00, run_after=2024-12-04 16:00:00+00:00
[2024-12-04T17:17:33.733+0000] {processor.py:208} INFO - Processing /home/airflow/.local/lib/python3.12/site-packages/airflow/example_dags/example_latest_only_with_trigger.py took 0.042 seconds
[2024-12-04T17:18:05.303+0000] {processor.py:186} INFO - Started process (PID=778) to work on /home/airflow/.local/lib/python3.12/site-packages/airflow/example_dags/example_latest_only_with_trigger.py
[2024-12-04T17:18:05.304+0000] {processor.py:914} INFO - Processing file /home/airflow/.local/lib/python3.12/site-packages/airflow/example_dags/example_latest_only_with_trigger.py for tasks to queue
[2024-12-04T17:18:05.305+0000] {logging_mixin.py:190} INFO - [2024-12-04T17:18:05.305+0000] {dagbag.py:588} INFO - Filling up the DagBag from /home/airflow/.local/lib/python3.12/site-packages/airflow/example_dags/example_latest_only_with_trigger.py
[2024-12-04T17:18:05.309+0000] {processor.py:925} INFO - DAG(s) 'latest_only_with_trigger' retrieved from /home/airflow/.local/lib/python3.12/site-packages/airflow/example_dags/example_latest_only_with_trigger.py
[2024-12-04T17:18:05.321+0000] {logging_mixin.py:190} INFO - [2024-12-04T17:18:05.321+0000] {dag.py:3239} INFO - Sync 1 DAGs
[2024-12-04T17:18:05.333+0000] {logging_mixin.py:190} INFO - [2024-12-04T17:18:05.333+0000] {dag.py:4180} INFO - Setting next_dagrun for latest_only_with_trigger to 2024-12-04 12:00:00+00:00, run_after=2024-12-04 16:00:00+00:00
[2024-12-04T17:18:05.342+0000] {processor.py:208} INFO - Processing /home/airflow/.local/lib/python3.12/site-packages/airflow/example_dags/example_latest_only_with_trigger.py took 0.043 seconds
[2024-12-04T17:18:37.843+0000] {processor.py:186} INFO - Started process (PID=841) to work on /home/airflow/.local/lib/python3.12/site-packages/airflow/example_dags/example_latest_only_with_trigger.py
[2024-12-04T17:18:37.843+0000] {processor.py:914} INFO - Processing file /home/airflow/.local/lib/python3.12/site-packages/airflow/example_dags/example_latest_only_with_trigger.py for tasks to queue
[2024-12-04T17:18:37.844+0000] {logging_mixin.py:190} INFO - [2024-12-04T17:18:37.844+0000] {dagbag.py:588} INFO - Filling up the DagBag from /home/airflow/.local/lib/python3.12/site-packages/airflow/example_dags/example_latest_only_with_trigger.py
[2024-12-04T17:18:37.849+0000] {processor.py:925} INFO - DAG(s) 'latest_only_with_trigger' retrieved from /home/airflow/.local/lib/python3.12/site-packages/airflow/example_dags/example_latest_only_with_trigger.py
[2024-12-04T17:18:37.872+0000] {logging_mixin.py:190} INFO - [2024-12-04T17:18:37.871+0000] {dag.py:3239} INFO - Sync 1 DAGs
[2024-12-04T17:18:37.893+0000] {logging_mixin.py:190} INFO - [2024-12-04T17:18:37.893+0000] {dag.py:4180} INFO - Setting next_dagrun for latest_only_with_trigger to 2024-12-04 12:00:00+00:00, run_after=2024-12-04 16:00:00+00:00
[2024-12-04T17:18:37.908+0000] {processor.py:208} INFO - Processing /home/airflow/.local/lib/python3.12/site-packages/airflow/example_dags/example_latest_only_with_trigger.py took 0.070 seconds
[2024-12-04T17:19:08.823+0000] {processor.py:186} INFO - Started process (PID=904) to work on /home/airflow/.local/lib/python3.12/site-packages/airflow/example_dags/example_latest_only_with_trigger.py
[2024-12-04T17:19:08.824+0000] {processor.py:914} INFO - Processing file /home/airflow/.local/lib/python3.12/site-packages/airflow/example_dags/example_latest_only_with_trigger.py for tasks to queue
[2024-12-04T17:19:08.825+0000] {logging_mixin.py:190} INFO - [2024-12-04T17:19:08.825+0000] {dagbag.py:588} INFO - Filling up the DagBag from /home/airflow/.local/lib/python3.12/site-packages/airflow/example_dags/example_latest_only_with_trigger.py
[2024-12-04T17:19:08.829+0000] {processor.py:925} INFO - DAG(s) 'latest_only_with_trigger' retrieved from /home/airflow/.local/lib/python3.12/site-packages/airflow/example_dags/example_latest_only_with_trigger.py
[2024-12-04T17:19:08.840+0000] {logging_mixin.py:190} INFO - [2024-12-04T17:19:08.840+0000] {dag.py:3239} INFO - Sync 1 DAGs
[2024-12-04T17:19:08.852+0000] {logging_mixin.py:190} INFO - [2024-12-04T17:19:08.851+0000] {dag.py:4180} INFO - Setting next_dagrun for latest_only_with_trigger to 2024-12-04 12:00:00+00:00, run_after=2024-12-04 16:00:00+00:00
[2024-12-04T17:19:08.860+0000] {processor.py:208} INFO - Processing /home/airflow/.local/lib/python3.12/site-packages/airflow/example_dags/example_latest_only_with_trigger.py took 0.040 seconds
[2024-12-04T17:19:40.220+0000] {processor.py:186} INFO - Started process (PID=967) to work on /home/airflow/.local/lib/python3.12/site-packages/airflow/example_dags/example_latest_only_with_trigger.py
[2024-12-04T17:19:40.221+0000] {processor.py:914} INFO - Processing file /home/airflow/.local/lib/python3.12/site-packages/airflow/example_dags/example_latest_only_with_trigger.py for tasks to queue
[2024-12-04T17:19:40.225+0000] {logging_mixin.py:190} INFO - [2024-12-04T17:19:40.224+0000] {dagbag.py:588} INFO - Filling up the DagBag from /home/airflow/.local/lib/python3.12/site-packages/airflow/example_dags/example_latest_only_with_trigger.py
[2024-12-04T17:19:40.230+0000] {processor.py:925} INFO - DAG(s) 'latest_only_with_trigger' retrieved from /home/airflow/.local/lib/python3.12/site-packages/airflow/example_dags/example_latest_only_with_trigger.py
[2024-12-04T17:19:40.244+0000] {logging_mixin.py:190} INFO - [2024-12-04T17:19:40.244+0000] {dag.py:3239} INFO - Sync 1 DAGs
[2024-12-04T17:19:40.257+0000] {logging_mixin.py:190} INFO - [2024-12-04T17:19:40.257+0000] {dag.py:4180} INFO - Setting next_dagrun for latest_only_with_trigger to 2024-12-04 12:00:00+00:00, run_after=2024-12-04 16:00:00+00:00
[2024-12-04T17:19:40.270+0000] {processor.py:208} INFO - Processing /home/airflow/.local/lib/python3.12/site-packages/airflow/example_dags/example_latest_only_with_trigger.py took 0.054 seconds
[2024-12-04T17:20:11.520+0000] {processor.py:186} INFO - Started process (PID=1030) to work on /home/airflow/.local/lib/python3.12/site-packages/airflow/example_dags/example_latest_only_with_trigger.py
[2024-12-04T17:20:11.522+0000] {processor.py:914} INFO - Processing file /home/airflow/.local/lib/python3.12/site-packages/airflow/example_dags/example_latest_only_with_trigger.py for tasks to queue
[2024-12-04T17:20:11.524+0000] {logging_mixin.py:190} INFO - [2024-12-04T17:20:11.524+0000] {dagbag.py:588} INFO - Filling up the DagBag from /home/airflow/.local/lib/python3.12/site-packages/airflow/example_dags/example_latest_only_with_trigger.py
[2024-12-04T17:20:11.530+0000] {processor.py:925} INFO - DAG(s) 'latest_only_with_trigger' retrieved from /home/airflow/.local/lib/python3.12/site-packages/airflow/example_dags/example_latest_only_with_trigger.py
[2024-12-04T17:20:11.541+0000] {logging_mixin.py:190} INFO - [2024-12-04T17:20:11.541+0000] {dag.py:3239} INFO - Sync 1 DAGs
[2024-12-04T17:20:11.553+0000] {logging_mixin.py:190} INFO - [2024-12-04T17:20:11.553+0000] {dag.py:4180} INFO - Setting next_dagrun for latest_only_with_trigger to 2024-12-04 12:00:00+00:00, run_after=2024-12-04 16:00:00+00:00
[2024-12-04T17:20:11.562+0000] {processor.py:208} INFO - Processing /home/airflow/.local/lib/python3.12/site-packages/airflow/example_dags/example_latest_only_with_trigger.py took 0.046 seconds
[2024-12-04T17:20:42.954+0000] {processor.py:186} INFO - Started process (PID=1093) to work on /home/airflow/.local/lib/python3.12/site-packages/airflow/example_dags/example_latest_only_with_trigger.py
[2024-12-04T17:20:42.960+0000] {processor.py:914} INFO - Processing file /home/airflow/.local/lib/python3.12/site-packages/airflow/example_dags/example_latest_only_with_trigger.py for tasks to queue
[2024-12-04T17:20:42.962+0000] {logging_mixin.py:190} INFO - [2024-12-04T17:20:42.962+0000] {dagbag.py:588} INFO - Filling up the DagBag from /home/airflow/.local/lib/python3.12/site-packages/airflow/example_dags/example_latest_only_with_trigger.py
[2024-12-04T17:20:42.967+0000] {processor.py:925} INFO - DAG(s) 'latest_only_with_trigger' retrieved from /home/airflow/.local/lib/python3.12/site-packages/airflow/example_dags/example_latest_only_with_trigger.py
[2024-12-04T17:20:42.981+0000] {logging_mixin.py:190} INFO - [2024-12-04T17:20:42.980+0000] {dag.py:3239} INFO - Sync 1 DAGs
[2024-12-04T17:20:42.993+0000] {logging_mixin.py:190} INFO - [2024-12-04T17:20:42.993+0000] {dag.py:4180} INFO - Setting next_dagrun for latest_only_with_trigger to 2024-12-04 12:00:00+00:00, run_after=2024-12-04 16:00:00+00:00
[2024-12-04T17:20:43.004+0000] {processor.py:208} INFO - Processing /home/airflow/.local/lib/python3.12/site-packages/airflow/example_dags/example_latest_only_with_trigger.py took 0.056 seconds
[2024-12-04T17:21:14.351+0000] {processor.py:186} INFO - Started process (PID=1156) to work on /home/airflow/.local/lib/python3.12/site-packages/airflow/example_dags/example_latest_only_with_trigger.py
[2024-12-04T17:21:14.352+0000] {processor.py:914} INFO - Processing file /home/airflow/.local/lib/python3.12/site-packages/airflow/example_dags/example_latest_only_with_trigger.py for tasks to queue
[2024-12-04T17:21:14.353+0000] {logging_mixin.py:190} INFO - [2024-12-04T17:21:14.353+0000] {dagbag.py:588} INFO - Filling up the DagBag from /home/airflow/.local/lib/python3.12/site-packages/airflow/example_dags/example_latest_only_with_trigger.py
[2024-12-04T17:21:14.357+0000] {processor.py:925} INFO - DAG(s) 'latest_only_with_trigger' retrieved from /home/airflow/.local/lib/python3.12/site-packages/airflow/example_dags/example_latest_only_with_trigger.py
[2024-12-04T17:21:14.379+0000] {logging_mixin.py:190} INFO - [2024-12-04T17:21:14.379+0000] {dag.py:3239} INFO - Sync 1 DAGs
[2024-12-04T17:21:14.395+0000] {logging_mixin.py:190} INFO - [2024-12-04T17:21:14.395+0000] {dag.py:4180} INFO - Setting next_dagrun for latest_only_with_trigger to 2024-12-04 12:00:00+00:00, run_after=2024-12-04 16:00:00+00:00
[2024-12-04T17:21:14.404+0000] {processor.py:208} INFO - Processing /home/airflow/.local/lib/python3.12/site-packages/airflow/example_dags/example_latest_only_with_trigger.py took 0.056 seconds
[2024-12-04T17:21:45.487+0000] {processor.py:186} INFO - Started process (PID=1219) to work on /home/airflow/.local/lib/python3.12/site-packages/airflow/example_dags/example_latest_only_with_trigger.py
[2024-12-04T17:21:45.490+0000] {processor.py:914} INFO - Processing file /home/airflow/.local/lib/python3.12/site-packages/airflow/example_dags/example_latest_only_with_trigger.py for tasks to queue
[2024-12-04T17:21:45.496+0000] {logging_mixin.py:190} INFO - [2024-12-04T17:21:45.496+0000] {dagbag.py:588} INFO - Filling up the DagBag from /home/airflow/.local/lib/python3.12/site-packages/airflow/example_dags/example_latest_only_with_trigger.py
[2024-12-04T17:21:45.515+0000] {processor.py:925} INFO - DAG(s) 'latest_only_with_trigger' retrieved from /home/airflow/.local/lib/python3.12/site-packages/airflow/example_dags/example_latest_only_with_trigger.py
[2024-12-04T17:21:45.531+0000] {logging_mixin.py:190} INFO - [2024-12-04T17:21:45.531+0000] {dag.py:3239} INFO - Sync 1 DAGs
[2024-12-04T17:21:45.546+0000] {logging_mixin.py:190} INFO - [2024-12-04T17:21:45.546+0000] {dag.py:4180} INFO - Setting next_dagrun for latest_only_with_trigger to 2024-12-04 12:00:00+00:00, run_after=2024-12-04 16:00:00+00:00
[2024-12-04T17:21:45.558+0000] {processor.py:208} INFO - Processing /home/airflow/.local/lib/python3.12/site-packages/airflow/example_dags/example_latest_only_with_trigger.py took 0.076 seconds
[2024-12-04T17:22:16.899+0000] {processor.py:186} INFO - Started process (PID=1282) to work on /home/airflow/.local/lib/python3.12/site-packages/airflow/example_dags/example_latest_only_with_trigger.py
[2024-12-04T17:22:16.902+0000] {processor.py:914} INFO - Processing file /home/airflow/.local/lib/python3.12/site-packages/airflow/example_dags/example_latest_only_with_trigger.py for tasks to queue
[2024-12-04T17:22:16.904+0000] {logging_mixin.py:190} INFO - [2024-12-04T17:22:16.904+0000] {dagbag.py:588} INFO - Filling up the DagBag from /home/airflow/.local/lib/python3.12/site-packages/airflow/example_dags/example_latest_only_with_trigger.py
[2024-12-04T17:22:16.910+0000] {processor.py:925} INFO - DAG(s) 'latest_only_with_trigger' retrieved from /home/airflow/.local/lib/python3.12/site-packages/airflow/example_dags/example_latest_only_with_trigger.py
[2024-12-04T17:22:16.925+0000] {logging_mixin.py:190} INFO - [2024-12-04T17:22:16.925+0000] {dag.py:3239} INFO - Sync 1 DAGs
[2024-12-04T17:22:16.939+0000] {logging_mixin.py:190} INFO - [2024-12-04T17:22:16.939+0000] {dag.py:4180} INFO - Setting next_dagrun for latest_only_with_trigger to 2024-12-04 12:00:00+00:00, run_after=2024-12-04 16:00:00+00:00
[2024-12-04T17:22:16.960+0000] {processor.py:208} INFO - Processing /home/airflow/.local/lib/python3.12/site-packages/airflow/example_dags/example_latest_only_with_trigger.py took 0.070 seconds
[2024-12-04T17:22:53.279+0000] {processor.py:186} INFO - Started process (PID=1345) to work on /home/airflow/.local/lib/python3.12/site-packages/airflow/example_dags/example_latest_only_with_trigger.py
[2024-12-04T17:22:53.286+0000] {processor.py:914} INFO - Processing file /home/airflow/.local/lib/python3.12/site-packages/airflow/example_dags/example_latest_only_with_trigger.py for tasks to queue
[2024-12-04T17:22:53.310+0000] {logging_mixin.py:190} INFO - [2024-12-04T17:22:53.307+0000] {dagbag.py:588} INFO - Filling up the DagBag from /home/airflow/.local/lib/python3.12/site-packages/airflow/example_dags/example_latest_only_with_trigger.py
[2024-12-04T17:22:53.349+0000] {processor.py:925} INFO - DAG(s) 'latest_only_with_trigger' retrieved from /home/airflow/.local/lib/python3.12/site-packages/airflow/example_dags/example_latest_only_with_trigger.py
[2024-12-04T17:22:53.446+0000] {logging_mixin.py:190} INFO - [2024-12-04T17:22:53.445+0000] {dag.py:3239} INFO - Sync 1 DAGs
[2024-12-04T17:22:53.571+0000] {logging_mixin.py:190} INFO - [2024-12-04T17:22:53.570+0000] {dag.py:4180} INFO - Setting next_dagrun for latest_only_with_trigger to 2024-12-04 12:00:00+00:00, run_after=2024-12-04 16:00:00+00:00
[2024-12-04T17:22:53.642+0000] {processor.py:208} INFO - Processing /home/airflow/.local/lib/python3.12/site-packages/airflow/example_dags/example_latest_only_with_trigger.py took 0.406 seconds
[2024-12-04T17:23:25.342+0000] {processor.py:186} INFO - Started process (PID=1414) to work on /home/airflow/.local/lib/python3.12/site-packages/airflow/example_dags/example_latest_only_with_trigger.py
[2024-12-04T17:23:25.343+0000] {processor.py:914} INFO - Processing file /home/airflow/.local/lib/python3.12/site-packages/airflow/example_dags/example_latest_only_with_trigger.py for tasks to queue
[2024-12-04T17:23:25.345+0000] {logging_mixin.py:190} INFO - [2024-12-04T17:23:25.345+0000] {dagbag.py:588} INFO - Filling up the DagBag from /home/airflow/.local/lib/python3.12/site-packages/airflow/example_dags/example_latest_only_with_trigger.py
[2024-12-04T17:23:25.351+0000] {processor.py:925} INFO - DAG(s) 'latest_only_with_trigger' retrieved from /home/airflow/.local/lib/python3.12/site-packages/airflow/example_dags/example_latest_only_with_trigger.py
[2024-12-04T17:23:25.379+0000] {logging_mixin.py:190} INFO - [2024-12-04T17:23:25.378+0000] {dag.py:3239} INFO - Sync 1 DAGs
[2024-12-04T17:23:25.413+0000] {logging_mixin.py:190} INFO - [2024-12-04T17:23:25.413+0000] {dag.py:4180} INFO - Setting next_dagrun for latest_only_with_trigger to 2024-12-04 12:00:00+00:00, run_after=2024-12-04 16:00:00+00:00
[2024-12-04T17:23:25.433+0000] {processor.py:208} INFO - Processing /home/airflow/.local/lib/python3.12/site-packages/airflow/example_dags/example_latest_only_with_trigger.py took 0.096 seconds
[2024-12-04T17:23:58.063+0000] {processor.py:186} INFO - Started process (PID=1477) to work on /home/airflow/.local/lib/python3.12/site-packages/airflow/example_dags/example_latest_only_with_trigger.py
[2024-12-04T17:23:58.064+0000] {processor.py:914} INFO - Processing file /home/airflow/.local/lib/python3.12/site-packages/airflow/example_dags/example_latest_only_with_trigger.py for tasks to queue
[2024-12-04T17:23:58.067+0000] {logging_mixin.py:190} INFO - [2024-12-04T17:23:58.067+0000] {dagbag.py:588} INFO - Filling up the DagBag from /home/airflow/.local/lib/python3.12/site-packages/airflow/example_dags/example_latest_only_with_trigger.py
[2024-12-04T17:23:58.087+0000] {processor.py:925} INFO - DAG(s) 'latest_only_with_trigger' retrieved from /home/airflow/.local/lib/python3.12/site-packages/airflow/example_dags/example_latest_only_with_trigger.py
[2024-12-04T17:23:58.152+0000] {logging_mixin.py:190} INFO - [2024-12-04T17:23:58.152+0000] {dag.py:3239} INFO - Sync 1 DAGs
[2024-12-04T17:23:58.203+0000] {logging_mixin.py:190} INFO - [2024-12-04T17:23:58.203+0000] {dag.py:4180} INFO - Setting next_dagrun for latest_only_with_trigger to 2024-12-04 12:00:00+00:00, run_after=2024-12-04 16:00:00+00:00
[2024-12-04T17:23:58.238+0000] {processor.py:208} INFO - Processing /home/airflow/.local/lib/python3.12/site-packages/airflow/example_dags/example_latest_only_with_trigger.py took 0.183 seconds
[2024-12-04T17:24:33.270+0000] {processor.py:186} INFO - Started process (PID=1539) to work on /home/airflow/.local/lib/python3.12/site-packages/airflow/example_dags/example_latest_only_with_trigger.py
[2024-12-04T17:24:33.281+0000] {processor.py:914} INFO - Processing file /home/airflow/.local/lib/python3.12/site-packages/airflow/example_dags/example_latest_only_with_trigger.py for tasks to queue
[2024-12-04T17:24:33.307+0000] {logging_mixin.py:190} INFO - [2024-12-04T17:24:33.304+0000] {dagbag.py:588} INFO - Filling up the DagBag from /home/airflow/.local/lib/python3.12/site-packages/airflow/example_dags/example_latest_only_with_trigger.py
[2024-12-04T17:24:33.372+0000] {processor.py:925} INFO - DAG(s) 'latest_only_with_trigger' retrieved from /home/airflow/.local/lib/python3.12/site-packages/airflow/example_dags/example_latest_only_with_trigger.py
[2024-12-04T17:24:33.486+0000] {logging_mixin.py:190} INFO - [2024-12-04T17:24:33.485+0000] {dag.py:3239} INFO - Sync 1 DAGs
[2024-12-04T17:24:33.574+0000] {logging_mixin.py:190} INFO - [2024-12-04T17:24:33.573+0000] {dag.py:4180} INFO - Setting next_dagrun for latest_only_with_trigger to 2024-12-04 12:00:00+00:00, run_after=2024-12-04 16:00:00+00:00
[2024-12-04T17:24:33.633+0000] {processor.py:208} INFO - Processing /home/airflow/.local/lib/python3.12/site-packages/airflow/example_dags/example_latest_only_with_trigger.py took 0.419 seconds
[2024-12-04T17:25:04.288+0000] {processor.py:186} INFO - Started process (PID=1602) to work on /home/airflow/.local/lib/python3.12/site-packages/airflow/example_dags/example_latest_only_with_trigger.py
[2024-12-04T17:25:04.289+0000] {processor.py:914} INFO - Processing file /home/airflow/.local/lib/python3.12/site-packages/airflow/example_dags/example_latest_only_with_trigger.py for tasks to queue
[2024-12-04T17:25:04.291+0000] {logging_mixin.py:190} INFO - [2024-12-04T17:25:04.290+0000] {dagbag.py:588} INFO - Filling up the DagBag from /home/airflow/.local/lib/python3.12/site-packages/airflow/example_dags/example_latest_only_with_trigger.py
[2024-12-04T17:25:04.295+0000] {processor.py:925} INFO - DAG(s) 'latest_only_with_trigger' retrieved from /home/airflow/.local/lib/python3.12/site-packages/airflow/example_dags/example_latest_only_with_trigger.py
[2024-12-04T17:25:04.310+0000] {logging_mixin.py:190} INFO - [2024-12-04T17:25:04.310+0000] {dag.py:3239} INFO - Sync 1 DAGs
[2024-12-04T17:25:04.329+0000] {logging_mixin.py:190} INFO - [2024-12-04T17:25:04.329+0000] {dag.py:4180} INFO - Setting next_dagrun for latest_only_with_trigger to 2024-12-04 12:00:00+00:00, run_after=2024-12-04 16:00:00+00:00
[2024-12-04T17:25:04.346+0000] {processor.py:208} INFO - Processing /home/airflow/.local/lib/python3.12/site-packages/airflow/example_dags/example_latest_only_with_trigger.py took 0.061 seconds
[2024-12-04T17:25:34.553+0000] {processor.py:186} INFO - Started process (PID=1665) to work on /home/airflow/.local/lib/python3.12/site-packages/airflow/example_dags/example_latest_only_with_trigger.py
[2024-12-04T17:25:34.555+0000] {processor.py:914} INFO - Processing file /home/airflow/.local/lib/python3.12/site-packages/airflow/example_dags/example_latest_only_with_trigger.py for tasks to queue
[2024-12-04T17:25:34.556+0000] {logging_mixin.py:190} INFO - [2024-12-04T17:25:34.556+0000] {dagbag.py:588} INFO - Filling up the DagBag from /home/airflow/.local/lib/python3.12/site-packages/airflow/example_dags/example_latest_only_with_trigger.py
[2024-12-04T17:25:34.561+0000] {processor.py:925} INFO - DAG(s) 'latest_only_with_trigger' retrieved from /home/airflow/.local/lib/python3.12/site-packages/airflow/example_dags/example_latest_only_with_trigger.py
[2024-12-04T17:25:34.583+0000] {logging_mixin.py:190} INFO - [2024-12-04T17:25:34.583+0000] {dag.py:3239} INFO - Sync 1 DAGs
[2024-12-04T17:25:34.598+0000] {logging_mixin.py:190} INFO - [2024-12-04T17:25:34.598+0000] {dag.py:4180} INFO - Setting next_dagrun for latest_only_with_trigger to 2024-12-04 12:00:00+00:00, run_after=2024-12-04 16:00:00+00:00
[2024-12-04T17:25:34.608+0000] {processor.py:208} INFO - Processing /home/airflow/.local/lib/python3.12/site-packages/airflow/example_dags/example_latest_only_with_trigger.py took 0.059 seconds
[2024-12-04T17:26:06.373+0000] {processor.py:186} INFO - Started process (PID=1728) to work on /home/airflow/.local/lib/python3.12/site-packages/airflow/example_dags/example_latest_only_with_trigger.py
[2024-12-04T17:26:06.375+0000] {processor.py:914} INFO - Processing file /home/airflow/.local/lib/python3.12/site-packages/airflow/example_dags/example_latest_only_with_trigger.py for tasks to queue
[2024-12-04T17:26:06.379+0000] {logging_mixin.py:190} INFO - [2024-12-04T17:26:06.379+0000] {dagbag.py:588} INFO - Filling up the DagBag from /home/airflow/.local/lib/python3.12/site-packages/airflow/example_dags/example_latest_only_with_trigger.py
[2024-12-04T17:26:06.389+0000] {processor.py:925} INFO - DAG(s) 'latest_only_with_trigger' retrieved from /home/airflow/.local/lib/python3.12/site-packages/airflow/example_dags/example_latest_only_with_trigger.py
[2024-12-04T17:26:06.424+0000] {logging_mixin.py:190} INFO - [2024-12-04T17:26:06.424+0000] {dag.py:3239} INFO - Sync 1 DAGs
[2024-12-04T17:26:06.455+0000] {logging_mixin.py:190} INFO - [2024-12-04T17:26:06.455+0000] {dag.py:4180} INFO - Setting next_dagrun for latest_only_with_trigger to 2024-12-04 12:00:00+00:00, run_after=2024-12-04 16:00:00+00:00
[2024-12-04T17:26:06.482+0000] {processor.py:208} INFO - Processing /home/airflow/.local/lib/python3.12/site-packages/airflow/example_dags/example_latest_only_with_trigger.py took 0.114 seconds
[2024-12-04T17:26:37.832+0000] {processor.py:186} INFO - Started process (PID=1790) to work on /home/airflow/.local/lib/python3.12/site-packages/airflow/example_dags/example_latest_only_with_trigger.py
[2024-12-04T17:26:37.832+0000] {processor.py:914} INFO - Processing file /home/airflow/.local/lib/python3.12/site-packages/airflow/example_dags/example_latest_only_with_trigger.py for tasks to queue
[2024-12-04T17:26:37.834+0000] {logging_mixin.py:190} INFO - [2024-12-04T17:26:37.834+0000] {dagbag.py:588} INFO - Filling up the DagBag from /home/airflow/.local/lib/python3.12/site-packages/airflow/example_dags/example_latest_only_with_trigger.py
[2024-12-04T17:26:37.840+0000] {processor.py:925} INFO - DAG(s) 'latest_only_with_trigger' retrieved from /home/airflow/.local/lib/python3.12/site-packages/airflow/example_dags/example_latest_only_with_trigger.py
[2024-12-04T17:26:37.856+0000] {logging_mixin.py:190} INFO - [2024-12-04T17:26:37.856+0000] {dag.py:3239} INFO - Sync 1 DAGs
[2024-12-04T17:26:37.877+0000] {logging_mixin.py:190} INFO - [2024-12-04T17:26:37.877+0000] {dag.py:4180} INFO - Setting next_dagrun for latest_only_with_trigger to 2024-12-04 12:00:00+00:00, run_after=2024-12-04 16:00:00+00:00
[2024-12-04T17:26:37.895+0000] {processor.py:208} INFO - Processing /home/airflow/.local/lib/python3.12/site-packages/airflow/example_dags/example_latest_only_with_trigger.py took 0.067 seconds
[2024-12-04T17:27:09.203+0000] {processor.py:186} INFO - Started process (PID=1853) to work on /home/airflow/.local/lib/python3.12/site-packages/airflow/example_dags/example_latest_only_with_trigger.py
[2024-12-04T17:27:09.211+0000] {processor.py:914} INFO - Processing file /home/airflow/.local/lib/python3.12/site-packages/airflow/example_dags/example_latest_only_with_trigger.py for tasks to queue
[2024-12-04T17:27:09.219+0000] {logging_mixin.py:190} INFO - [2024-12-04T17:27:09.217+0000] {dagbag.py:588} INFO - Filling up the DagBag from /home/airflow/.local/lib/python3.12/site-packages/airflow/example_dags/example_latest_only_with_trigger.py
[2024-12-04T17:27:09.239+0000] {processor.py:925} INFO - DAG(s) 'latest_only_with_trigger' retrieved from /home/airflow/.local/lib/python3.12/site-packages/airflow/example_dags/example_latest_only_with_trigger.py
[2024-12-04T17:27:09.282+0000] {logging_mixin.py:190} INFO - [2024-12-04T17:27:09.281+0000] {dag.py:3239} INFO - Sync 1 DAGs
[2024-12-04T17:27:09.317+0000] {logging_mixin.py:190} INFO - [2024-12-04T17:27:09.316+0000] {dag.py:4180} INFO - Setting next_dagrun for latest_only_with_trigger to 2024-12-04 12:00:00+00:00, run_after=2024-12-04 16:00:00+00:00
[2024-12-04T17:27:09.343+0000] {processor.py:208} INFO - Processing /home/airflow/.local/lib/python3.12/site-packages/airflow/example_dags/example_latest_only_with_trigger.py took 0.157 seconds
[2024-12-04T17:27:43.192+0000] {processor.py:186} INFO - Started process (PID=1916) to work on /home/airflow/.local/lib/python3.12/site-packages/airflow/example_dags/example_latest_only_with_trigger.py
[2024-12-04T17:27:43.205+0000] {processor.py:914} INFO - Processing file /home/airflow/.local/lib/python3.12/site-packages/airflow/example_dags/example_latest_only_with_trigger.py for tasks to queue
[2024-12-04T17:27:43.212+0000] {logging_mixin.py:190} INFO - [2024-12-04T17:27:43.212+0000] {dagbag.py:588} INFO - Filling up the DagBag from /home/airflow/.local/lib/python3.12/site-packages/airflow/example_dags/example_latest_only_with_trigger.py
[2024-12-04T17:27:43.232+0000] {processor.py:925} INFO - DAG(s) 'latest_only_with_trigger' retrieved from /home/airflow/.local/lib/python3.12/site-packages/airflow/example_dags/example_latest_only_with_trigger.py
[2024-12-04T17:27:43.292+0000] {logging_mixin.py:190} INFO - [2024-12-04T17:27:43.291+0000] {dag.py:3239} INFO - Sync 1 DAGs
[2024-12-04T17:27:43.342+0000] {logging_mixin.py:190} INFO - [2024-12-04T17:27:43.342+0000] {dag.py:4180} INFO - Setting next_dagrun for latest_only_with_trigger to 2024-12-04 12:00:00+00:00, run_after=2024-12-04 16:00:00+00:00
[2024-12-04T17:27:43.383+0000] {processor.py:208} INFO - Processing /home/airflow/.local/lib/python3.12/site-packages/airflow/example_dags/example_latest_only_with_trigger.py took 0.212 seconds
[2024-12-04T17:28:15.867+0000] {processor.py:186} INFO - Started process (PID=1979) to work on /home/airflow/.local/lib/python3.12/site-packages/airflow/example_dags/example_latest_only_with_trigger.py
[2024-12-04T17:28:15.868+0000] {processor.py:914} INFO - Processing file /home/airflow/.local/lib/python3.12/site-packages/airflow/example_dags/example_latest_only_with_trigger.py for tasks to queue
[2024-12-04T17:28:15.872+0000] {logging_mixin.py:190} INFO - [2024-12-04T17:28:15.871+0000] {dagbag.py:588} INFO - Filling up the DagBag from /home/airflow/.local/lib/python3.12/site-packages/airflow/example_dags/example_latest_only_with_trigger.py
[2024-12-04T17:28:15.884+0000] {processor.py:925} INFO - DAG(s) 'latest_only_with_trigger' retrieved from /home/airflow/.local/lib/python3.12/site-packages/airflow/example_dags/example_latest_only_with_trigger.py
[2024-12-04T17:28:15.932+0000] {logging_mixin.py:190} INFO - [2024-12-04T17:28:15.932+0000] {dag.py:3239} INFO - Sync 1 DAGs
[2024-12-04T17:28:16.023+0000] {logging_mixin.py:190} INFO - [2024-12-04T17:28:16.022+0000] {dag.py:4180} INFO - Setting next_dagrun for latest_only_with_trigger to 2024-12-04 12:00:00+00:00, run_after=2024-12-04 16:00:00+00:00
[2024-12-04T17:28:16.061+0000] {processor.py:208} INFO - Processing /home/airflow/.local/lib/python3.12/site-packages/airflow/example_dags/example_latest_only_with_trigger.py took 0.200 seconds
[2024-12-04T17:28:48.348+0000] {processor.py:186} INFO - Started process (PID=2042) to work on /home/airflow/.local/lib/python3.12/site-packages/airflow/example_dags/example_latest_only_with_trigger.py
[2024-12-04T17:28:48.349+0000] {processor.py:914} INFO - Processing file /home/airflow/.local/lib/python3.12/site-packages/airflow/example_dags/example_latest_only_with_trigger.py for tasks to queue
[2024-12-04T17:28:48.354+0000] {logging_mixin.py:190} INFO - [2024-12-04T17:28:48.354+0000] {dagbag.py:588} INFO - Filling up the DagBag from /home/airflow/.local/lib/python3.12/site-packages/airflow/example_dags/example_latest_only_with_trigger.py
[2024-12-04T17:28:48.365+0000] {processor.py:925} INFO - DAG(s) 'latest_only_with_trigger' retrieved from /home/airflow/.local/lib/python3.12/site-packages/airflow/example_dags/example_latest_only_with_trigger.py
[2024-12-04T17:28:48.401+0000] {logging_mixin.py:190} INFO - [2024-12-04T17:28:48.400+0000] {dag.py:3239} INFO - Sync 1 DAGs
[2024-12-04T17:28:48.445+0000] {logging_mixin.py:190} INFO - [2024-12-04T17:28:48.444+0000] {dag.py:4180} INFO - Setting next_dagrun for latest_only_with_trigger to 2024-12-04 12:00:00+00:00, run_after=2024-12-04 16:00:00+00:00
[2024-12-04T17:28:48.479+0000] {processor.py:208} INFO - Processing /home/airflow/.local/lib/python3.12/site-packages/airflow/example_dags/example_latest_only_with_trigger.py took 0.146 seconds
[2024-12-04T17:29:21.935+0000] {processor.py:186} INFO - Started process (PID=2105) to work on /home/airflow/.local/lib/python3.12/site-packages/airflow/example_dags/example_latest_only_with_trigger.py
[2024-12-04T17:29:21.936+0000] {processor.py:914} INFO - Processing file /home/airflow/.local/lib/python3.12/site-packages/airflow/example_dags/example_latest_only_with_trigger.py for tasks to queue
[2024-12-04T17:29:21.940+0000] {logging_mixin.py:190} INFO - [2024-12-04T17:29:21.939+0000] {dagbag.py:588} INFO - Filling up the DagBag from /home/airflow/.local/lib/python3.12/site-packages/airflow/example_dags/example_latest_only_with_trigger.py
[2024-12-04T17:29:21.973+0000] {processor.py:925} INFO - DAG(s) 'latest_only_with_trigger' retrieved from /home/airflow/.local/lib/python3.12/site-packages/airflow/example_dags/example_latest_only_with_trigger.py
[2024-12-04T17:29:22.048+0000] {logging_mixin.py:190} INFO - [2024-12-04T17:29:22.048+0000] {dag.py:3239} INFO - Sync 1 DAGs
[2024-12-04T17:29:22.104+0000] {logging_mixin.py:190} INFO - [2024-12-04T17:29:22.103+0000] {dag.py:4180} INFO - Setting next_dagrun for latest_only_with_trigger to 2024-12-04 12:00:00+00:00, run_after=2024-12-04 16:00:00+00:00
[2024-12-04T17:29:22.143+0000] {processor.py:208} INFO - Processing /home/airflow/.local/lib/python3.12/site-packages/airflow/example_dags/example_latest_only_with_trigger.py took 0.217 seconds
[2024-12-04T17:29:52.765+0000] {processor.py:186} INFO - Started process (PID=2168) to work on /home/airflow/.local/lib/python3.12/site-packages/airflow/example_dags/example_latest_only_with_trigger.py
[2024-12-04T17:29:52.766+0000] {processor.py:914} INFO - Processing file /home/airflow/.local/lib/python3.12/site-packages/airflow/example_dags/example_latest_only_with_trigger.py for tasks to queue
[2024-12-04T17:29:52.768+0000] {logging_mixin.py:190} INFO - [2024-12-04T17:29:52.768+0000] {dagbag.py:588} INFO - Filling up the DagBag from /home/airflow/.local/lib/python3.12/site-packages/airflow/example_dags/example_latest_only_with_trigger.py
[2024-12-04T17:29:52.774+0000] {processor.py:925} INFO - DAG(s) 'latest_only_with_trigger' retrieved from /home/airflow/.local/lib/python3.12/site-packages/airflow/example_dags/example_latest_only_with_trigger.py
[2024-12-04T17:29:52.787+0000] {logging_mixin.py:190} INFO - [2024-12-04T17:29:52.787+0000] {dag.py:3239} INFO - Sync 1 DAGs
[2024-12-04T17:29:52.801+0000] {logging_mixin.py:190} INFO - [2024-12-04T17:29:52.801+0000] {dag.py:4180} INFO - Setting next_dagrun for latest_only_with_trigger to 2024-12-04 12:00:00+00:00, run_after=2024-12-04 16:00:00+00:00
[2024-12-04T17:29:52.810+0000] {processor.py:208} INFO - Processing /home/airflow/.local/lib/python3.12/site-packages/airflow/example_dags/example_latest_only_with_trigger.py took 0.048 seconds
[2024-12-04T17:30:24.036+0000] {processor.py:186} INFO - Started process (PID=2231) to work on /home/airflow/.local/lib/python3.12/site-packages/airflow/example_dags/example_latest_only_with_trigger.py
[2024-12-04T17:30:24.036+0000] {processor.py:914} INFO - Processing file /home/airflow/.local/lib/python3.12/site-packages/airflow/example_dags/example_latest_only_with_trigger.py for tasks to queue
[2024-12-04T17:30:24.038+0000] {logging_mixin.py:190} INFO - [2024-12-04T17:30:24.038+0000] {dagbag.py:588} INFO - Filling up the DagBag from /home/airflow/.local/lib/python3.12/site-packages/airflow/example_dags/example_latest_only_with_trigger.py
[2024-12-04T17:30:24.044+0000] {processor.py:925} INFO - DAG(s) 'latest_only_with_trigger' retrieved from /home/airflow/.local/lib/python3.12/site-packages/airflow/example_dags/example_latest_only_with_trigger.py
[2024-12-04T17:30:24.078+0000] {logging_mixin.py:190} INFO - [2024-12-04T17:30:24.078+0000] {dag.py:3239} INFO - Sync 1 DAGs
[2024-12-04T17:30:24.100+0000] {logging_mixin.py:190} INFO - [2024-12-04T17:30:24.100+0000] {dag.py:4180} INFO - Setting next_dagrun for latest_only_with_trigger to 2024-12-04 12:00:00+00:00, run_after=2024-12-04 16:00:00+00:00
[2024-12-04T17:30:24.121+0000] {processor.py:208} INFO - Processing /home/airflow/.local/lib/python3.12/site-packages/airflow/example_dags/example_latest_only_with_trigger.py took 0.090 seconds
[2024-12-04T17:30:55.252+0000] {processor.py:186} INFO - Started process (PID=2294) to work on /home/airflow/.local/lib/python3.12/site-packages/airflow/example_dags/example_latest_only_with_trigger.py
[2024-12-04T17:30:55.252+0000] {processor.py:914} INFO - Processing file /home/airflow/.local/lib/python3.12/site-packages/airflow/example_dags/example_latest_only_with_trigger.py for tasks to queue
[2024-12-04T17:30:55.254+0000] {logging_mixin.py:190} INFO - [2024-12-04T17:30:55.254+0000] {dagbag.py:588} INFO - Filling up the DagBag from /home/airflow/.local/lib/python3.12/site-packages/airflow/example_dags/example_latest_only_with_trigger.py
[2024-12-04T17:30:55.259+0000] {processor.py:925} INFO - DAG(s) 'latest_only_with_trigger' retrieved from /home/airflow/.local/lib/python3.12/site-packages/airflow/example_dags/example_latest_only_with_trigger.py
[2024-12-04T17:30:55.274+0000] {logging_mixin.py:190} INFO - [2024-12-04T17:30:55.274+0000] {dag.py:3239} INFO - Sync 1 DAGs
[2024-12-04T17:30:55.311+0000] {logging_mixin.py:190} INFO - [2024-12-04T17:30:55.311+0000] {dag.py:4180} INFO - Setting next_dagrun for latest_only_with_trigger to 2024-12-04 12:00:00+00:00, run_after=2024-12-04 16:00:00+00:00
[2024-12-04T17:30:55.348+0000] {processor.py:208} INFO - Processing /home/airflow/.local/lib/python3.12/site-packages/airflow/example_dags/example_latest_only_with_trigger.py took 0.100 seconds
[2024-12-04T17:31:26.160+0000] {processor.py:186} INFO - Started process (PID=2357) to work on /home/airflow/.local/lib/python3.12/site-packages/airflow/example_dags/example_latest_only_with_trigger.py
[2024-12-04T17:31:26.160+0000] {processor.py:914} INFO - Processing file /home/airflow/.local/lib/python3.12/site-packages/airflow/example_dags/example_latest_only_with_trigger.py for tasks to queue
[2024-12-04T17:31:26.162+0000] {logging_mixin.py:190} INFO - [2024-12-04T17:31:26.162+0000] {dagbag.py:588} INFO - Filling up the DagBag from /home/airflow/.local/lib/python3.12/site-packages/airflow/example_dags/example_latest_only_with_trigger.py
[2024-12-04T17:31:26.167+0000] {processor.py:925} INFO - DAG(s) 'latest_only_with_trigger' retrieved from /home/airflow/.local/lib/python3.12/site-packages/airflow/example_dags/example_latest_only_with_trigger.py
[2024-12-04T17:31:26.184+0000] {logging_mixin.py:190} INFO - [2024-12-04T17:31:26.184+0000] {dag.py:3239} INFO - Sync 1 DAGs
[2024-12-04T17:31:26.201+0000] {logging_mixin.py:190} INFO - [2024-12-04T17:31:26.201+0000] {dag.py:4180} INFO - Setting next_dagrun for latest_only_with_trigger to 2024-12-04 12:00:00+00:00, run_after=2024-12-04 16:00:00+00:00
[2024-12-04T17:31:26.214+0000] {processor.py:208} INFO - Processing /home/airflow/.local/lib/python3.12/site-packages/airflow/example_dags/example_latest_only_with_trigger.py took 0.058 seconds
[2024-12-04T17:31:57.164+0000] {processor.py:186} INFO - Started process (PID=2420) to work on /home/airflow/.local/lib/python3.12/site-packages/airflow/example_dags/example_latest_only_with_trigger.py
[2024-12-04T17:31:57.165+0000] {processor.py:914} INFO - Processing file /home/airflow/.local/lib/python3.12/site-packages/airflow/example_dags/example_latest_only_with_trigger.py for tasks to queue
[2024-12-04T17:31:57.167+0000] {logging_mixin.py:190} INFO - [2024-12-04T17:31:57.167+0000] {dagbag.py:588} INFO - Filling up the DagBag from /home/airflow/.local/lib/python3.12/site-packages/airflow/example_dags/example_latest_only_with_trigger.py
[2024-12-04T17:31:57.171+0000] {processor.py:925} INFO - DAG(s) 'latest_only_with_trigger' retrieved from /home/airflow/.local/lib/python3.12/site-packages/airflow/example_dags/example_latest_only_with_trigger.py
[2024-12-04T17:31:57.187+0000] {logging_mixin.py:190} INFO - [2024-12-04T17:31:57.187+0000] {dag.py:3239} INFO - Sync 1 DAGs
[2024-12-04T17:31:57.202+0000] {logging_mixin.py:190} INFO - [2024-12-04T17:31:57.202+0000] {dag.py:4180} INFO - Setting next_dagrun for latest_only_with_trigger to 2024-12-04 12:00:00+00:00, run_after=2024-12-04 16:00:00+00:00
[2024-12-04T17:31:57.213+0000] {processor.py:208} INFO - Processing /home/airflow/.local/lib/python3.12/site-packages/airflow/example_dags/example_latest_only_with_trigger.py took 0.053 seconds
[2024-12-04T17:32:28.057+0000] {processor.py:186} INFO - Started process (PID=2491) to work on /home/airflow/.local/lib/python3.12/site-packages/airflow/example_dags/example_latest_only_with_trigger.py
[2024-12-04T17:32:28.058+0000] {processor.py:914} INFO - Processing file /home/airflow/.local/lib/python3.12/site-packages/airflow/example_dags/example_latest_only_with_trigger.py for tasks to queue
[2024-12-04T17:32:28.060+0000] {logging_mixin.py:190} INFO - [2024-12-04T17:32:28.060+0000] {dagbag.py:588} INFO - Filling up the DagBag from /home/airflow/.local/lib/python3.12/site-packages/airflow/example_dags/example_latest_only_with_trigger.py
[2024-12-04T17:32:28.067+0000] {processor.py:925} INFO - DAG(s) 'latest_only_with_trigger' retrieved from /home/airflow/.local/lib/python3.12/site-packages/airflow/example_dags/example_latest_only_with_trigger.py
[2024-12-04T17:32:28.086+0000] {logging_mixin.py:190} INFO - [2024-12-04T17:32:28.086+0000] {dag.py:3239} INFO - Sync 1 DAGs
[2024-12-04T17:32:28.105+0000] {logging_mixin.py:190} INFO - [2024-12-04T17:32:28.105+0000] {dag.py:4180} INFO - Setting next_dagrun for latest_only_with_trigger to 2024-12-04 12:00:00+00:00, run_after=2024-12-04 16:00:00+00:00
[2024-12-04T17:32:28.119+0000] {processor.py:208} INFO - Processing /home/airflow/.local/lib/python3.12/site-packages/airflow/example_dags/example_latest_only_with_trigger.py took 0.067 seconds
