[2024-12-04T17:12:21.623+0000] {processor.py:186} INFO - Started process (PID=85) to work on /home/airflow/.local/lib/python3.12/site-packages/airflow/example_dags/tutorial_dag.py
[2024-12-04T17:12:21.624+0000] {processor.py:914} INFO - Processing file /home/airflow/.local/lib/python3.12/site-packages/airflow/example_dags/tutorial_dag.py for tasks to queue
[2024-12-04T17:12:21.625+0000] {logging_mixin.py:190} INFO - [2024-12-04T17:12:21.625+0000] {dagbag.py:588} INFO - Filling up the DagBag from /home/airflow/.local/lib/python3.12/site-packages/airflow/example_dags/tutorial_dag.py
[2024-12-04T17:12:21.630+0000] {processor.py:925} INFO - DAG(s) 'tutorial_dag' retrieved from /home/airflow/.local/lib/python3.12/site-packages/airflow/example_dags/tutorial_dag.py
[2024-12-04T17:12:21.678+0000] {logging_mixin.py:190} INFO - [2024-12-04T17:12:21.678+0000] {override.py:1911} INFO - Created Permission View: can read on DAG:tutorial_dag
[2024-12-04T17:12:21.682+0000] {logging_mixin.py:190} INFO - [2024-12-04T17:12:21.682+0000] {override.py:1911} INFO - Created Permission View: can delete on DAG:tutorial_dag
[2024-12-04T17:12:21.684+0000] {logging_mixin.py:190} INFO - [2024-12-04T17:12:21.684+0000] {override.py:1911} INFO - Created Permission View: can edit on DAG:tutorial_dag
[2024-12-04T17:12:21.687+0000] {logging_mixin.py:190} INFO - [2024-12-04T17:12:21.686+0000] {override.py:1911} INFO - Created Permission View: menu access on DAG Run:tutorial_dag
[2024-12-04T17:12:21.689+0000] {logging_mixin.py:190} INFO - [2024-12-04T17:12:21.689+0000] {override.py:1911} INFO - Created Permission View: can delete on DAG Run:tutorial_dag
[2024-12-04T17:12:21.691+0000] {logging_mixin.py:190} INFO - [2024-12-04T17:12:21.691+0000] {override.py:1911} INFO - Created Permission View: can read on DAG Run:tutorial_dag
[2024-12-04T17:12:21.693+0000] {logging_mixin.py:190} INFO - [2024-12-04T17:12:21.693+0000] {override.py:1911} INFO - Created Permission View: can create on DAG Run:tutorial_dag
[2024-12-04T17:12:21.694+0000] {logging_mixin.py:190} INFO - [2024-12-04T17:12:21.694+0000] {dag.py:3239} INFO - Sync 1 DAGs
[2024-12-04T17:12:21.699+0000] {logging_mixin.py:190} INFO - [2024-12-04T17:12:21.699+0000] {dag.py:3262} INFO - Creating ORM DAG for tutorial_dag
[2024-12-04T17:12:21.700+0000] {logging_mixin.py:190} INFO - [2024-12-04T17:12:21.700+0000] {dag.py:4180} INFO - Setting next_dagrun for tutorial_dag to None, run_after=None
[2024-12-04T17:12:21.706+0000] {processor.py:208} INFO - Processing /home/airflow/.local/lib/python3.12/site-packages/airflow/example_dags/tutorial_dag.py took 0.086 seconds
[2024-12-04T17:12:52.755+0000] {processor.py:186} INFO - Started process (PID=154) to work on /home/airflow/.local/lib/python3.12/site-packages/airflow/example_dags/tutorial_dag.py
[2024-12-04T17:12:52.756+0000] {processor.py:914} INFO - Processing file /home/airflow/.local/lib/python3.12/site-packages/airflow/example_dags/tutorial_dag.py for tasks to queue
[2024-12-04T17:12:52.758+0000] {logging_mixin.py:190} INFO - [2024-12-04T17:12:52.758+0000] {dagbag.py:588} INFO - Filling up the DagBag from /home/airflow/.local/lib/python3.12/site-packages/airflow/example_dags/tutorial_dag.py
[2024-12-04T17:12:52.762+0000] {processor.py:925} INFO - DAG(s) 'tutorial_dag' retrieved from /home/airflow/.local/lib/python3.12/site-packages/airflow/example_dags/tutorial_dag.py
[2024-12-04T17:12:52.774+0000] {logging_mixin.py:190} INFO - [2024-12-04T17:12:52.774+0000] {dag.py:3239} INFO - Sync 1 DAGs
[2024-12-04T17:12:52.781+0000] {logging_mixin.py:190} INFO - [2024-12-04T17:12:52.781+0000] {dag.py:4180} INFO - Setting next_dagrun for tutorial_dag to None, run_after=None
[2024-12-04T17:12:52.796+0000] {processor.py:208} INFO - Processing /home/airflow/.local/lib/python3.12/site-packages/airflow/example_dags/tutorial_dag.py took 0.044 seconds
[2024-12-04T17:13:23.538+0000] {processor.py:186} INFO - Started process (PID=217) to work on /home/airflow/.local/lib/python3.12/site-packages/airflow/example_dags/tutorial_dag.py
[2024-12-04T17:13:23.539+0000] {processor.py:914} INFO - Processing file /home/airflow/.local/lib/python3.12/site-packages/airflow/example_dags/tutorial_dag.py for tasks to queue
[2024-12-04T17:13:23.541+0000] {logging_mixin.py:190} INFO - [2024-12-04T17:13:23.541+0000] {dagbag.py:588} INFO - Filling up the DagBag from /home/airflow/.local/lib/python3.12/site-packages/airflow/example_dags/tutorial_dag.py
[2024-12-04T17:13:23.545+0000] {processor.py:925} INFO - DAG(s) 'tutorial_dag' retrieved from /home/airflow/.local/lib/python3.12/site-packages/airflow/example_dags/tutorial_dag.py
[2024-12-04T17:13:23.559+0000] {logging_mixin.py:190} INFO - [2024-12-04T17:13:23.559+0000] {dag.py:3239} INFO - Sync 1 DAGs
[2024-12-04T17:13:23.569+0000] {logging_mixin.py:190} INFO - [2024-12-04T17:13:23.569+0000] {dag.py:4180} INFO - Setting next_dagrun for tutorial_dag to None, run_after=None
[2024-12-04T17:13:23.584+0000] {processor.py:208} INFO - Processing /home/airflow/.local/lib/python3.12/site-packages/airflow/example_dags/tutorial_dag.py took 0.049 seconds
[2024-12-04T17:13:55.032+0000] {processor.py:186} INFO - Started process (PID=280) to work on /home/airflow/.local/lib/python3.12/site-packages/airflow/example_dags/tutorial_dag.py
[2024-12-04T17:13:55.033+0000] {processor.py:914} INFO - Processing file /home/airflow/.local/lib/python3.12/site-packages/airflow/example_dags/tutorial_dag.py for tasks to queue
[2024-12-04T17:13:55.034+0000] {logging_mixin.py:190} INFO - [2024-12-04T17:13:55.034+0000] {dagbag.py:588} INFO - Filling up the DagBag from /home/airflow/.local/lib/python3.12/site-packages/airflow/example_dags/tutorial_dag.py
[2024-12-04T17:13:55.038+0000] {processor.py:925} INFO - DAG(s) 'tutorial_dag' retrieved from /home/airflow/.local/lib/python3.12/site-packages/airflow/example_dags/tutorial_dag.py
[2024-12-04T17:13:55.047+0000] {logging_mixin.py:190} INFO - [2024-12-04T17:13:55.046+0000] {dag.py:3239} INFO - Sync 1 DAGs
[2024-12-04T17:13:55.053+0000] {logging_mixin.py:190} INFO - [2024-12-04T17:13:55.053+0000] {dag.py:4180} INFO - Setting next_dagrun for tutorial_dag to None, run_after=None
[2024-12-04T17:13:55.060+0000] {processor.py:208} INFO - Processing /home/airflow/.local/lib/python3.12/site-packages/airflow/example_dags/tutorial_dag.py took 0.030 seconds
[2024-12-04T17:14:26.435+0000] {processor.py:186} INFO - Started process (PID=343) to work on /home/airflow/.local/lib/python3.12/site-packages/airflow/example_dags/tutorial_dag.py
[2024-12-04T17:14:26.436+0000] {processor.py:914} INFO - Processing file /home/airflow/.local/lib/python3.12/site-packages/airflow/example_dags/tutorial_dag.py for tasks to queue
[2024-12-04T17:14:26.438+0000] {logging_mixin.py:190} INFO - [2024-12-04T17:14:26.438+0000] {dagbag.py:588} INFO - Filling up the DagBag from /home/airflow/.local/lib/python3.12/site-packages/airflow/example_dags/tutorial_dag.py
[2024-12-04T17:14:26.445+0000] {processor.py:925} INFO - DAG(s) 'tutorial_dag' retrieved from /home/airflow/.local/lib/python3.12/site-packages/airflow/example_dags/tutorial_dag.py
[2024-12-04T17:14:26.477+0000] {logging_mixin.py:190} INFO - [2024-12-04T17:14:26.477+0000] {dag.py:3239} INFO - Sync 1 DAGs
[2024-12-04T17:14:26.495+0000] {logging_mixin.py:190} INFO - [2024-12-04T17:14:26.495+0000] {dag.py:4180} INFO - Setting next_dagrun for tutorial_dag to None, run_after=None
[2024-12-04T17:14:26.509+0000] {processor.py:208} INFO - Processing /home/airflow/.local/lib/python3.12/site-packages/airflow/example_dags/tutorial_dag.py took 0.078 seconds
[2024-12-04T17:14:57.986+0000] {processor.py:186} INFO - Started process (PID=406) to work on /home/airflow/.local/lib/python3.12/site-packages/airflow/example_dags/tutorial_dag.py
[2024-12-04T17:14:57.987+0000] {processor.py:914} INFO - Processing file /home/airflow/.local/lib/python3.12/site-packages/airflow/example_dags/tutorial_dag.py for tasks to queue
[2024-12-04T17:14:57.990+0000] {logging_mixin.py:190} INFO - [2024-12-04T17:14:57.990+0000] {dagbag.py:588} INFO - Filling up the DagBag from /home/airflow/.local/lib/python3.12/site-packages/airflow/example_dags/tutorial_dag.py
[2024-12-04T17:14:57.997+0000] {processor.py:925} INFO - DAG(s) 'tutorial_dag' retrieved from /home/airflow/.local/lib/python3.12/site-packages/airflow/example_dags/tutorial_dag.py
[2024-12-04T17:14:58.013+0000] {logging_mixin.py:190} INFO - [2024-12-04T17:14:58.013+0000] {dag.py:3239} INFO - Sync 1 DAGs
[2024-12-04T17:14:58.022+0000] {logging_mixin.py:190} INFO - [2024-12-04T17:14:58.022+0000] {dag.py:4180} INFO - Setting next_dagrun for tutorial_dag to None, run_after=None
[2024-12-04T17:14:58.034+0000] {processor.py:208} INFO - Processing /home/airflow/.local/lib/python3.12/site-packages/airflow/example_dags/tutorial_dag.py took 0.054 seconds
[2024-12-04T17:15:28.873+0000] {processor.py:186} INFO - Started process (PID=469) to work on /home/airflow/.local/lib/python3.12/site-packages/airflow/example_dags/tutorial_dag.py
[2024-12-04T17:15:28.874+0000] {processor.py:914} INFO - Processing file /home/airflow/.local/lib/python3.12/site-packages/airflow/example_dags/tutorial_dag.py for tasks to queue
[2024-12-04T17:15:28.875+0000] {logging_mixin.py:190} INFO - [2024-12-04T17:15:28.875+0000] {dagbag.py:588} INFO - Filling up the DagBag from /home/airflow/.local/lib/python3.12/site-packages/airflow/example_dags/tutorial_dag.py
[2024-12-04T17:15:28.883+0000] {processor.py:925} INFO - DAG(s) 'tutorial_dag' retrieved from /home/airflow/.local/lib/python3.12/site-packages/airflow/example_dags/tutorial_dag.py
[2024-12-04T17:15:28.898+0000] {logging_mixin.py:190} INFO - [2024-12-04T17:15:28.898+0000] {dag.py:3239} INFO - Sync 1 DAGs
[2024-12-04T17:15:28.906+0000] {logging_mixin.py:190} INFO - [2024-12-04T17:15:28.905+0000] {dag.py:4180} INFO - Setting next_dagrun for tutorial_dag to None, run_after=None
[2024-12-04T17:15:28.916+0000] {processor.py:208} INFO - Processing /home/airflow/.local/lib/python3.12/site-packages/airflow/example_dags/tutorial_dag.py took 0.046 seconds
[2024-12-04T17:16:00.390+0000] {processor.py:186} INFO - Started process (PID=532) to work on /home/airflow/.local/lib/python3.12/site-packages/airflow/example_dags/tutorial_dag.py
[2024-12-04T17:16:00.394+0000] {processor.py:914} INFO - Processing file /home/airflow/.local/lib/python3.12/site-packages/airflow/example_dags/tutorial_dag.py for tasks to queue
[2024-12-04T17:16:00.395+0000] {logging_mixin.py:190} INFO - [2024-12-04T17:16:00.395+0000] {dagbag.py:588} INFO - Filling up the DagBag from /home/airflow/.local/lib/python3.12/site-packages/airflow/example_dags/tutorial_dag.py
[2024-12-04T17:16:00.399+0000] {processor.py:925} INFO - DAG(s) 'tutorial_dag' retrieved from /home/airflow/.local/lib/python3.12/site-packages/airflow/example_dags/tutorial_dag.py
[2024-12-04T17:16:00.409+0000] {logging_mixin.py:190} INFO - [2024-12-04T17:16:00.409+0000] {dag.py:3239} INFO - Sync 1 DAGs
[2024-12-04T17:16:00.417+0000] {logging_mixin.py:190} INFO - [2024-12-04T17:16:00.416+0000] {dag.py:4180} INFO - Setting next_dagrun for tutorial_dag to None, run_after=None
[2024-12-04T17:16:00.429+0000] {processor.py:208} INFO - Processing /home/airflow/.local/lib/python3.12/site-packages/airflow/example_dags/tutorial_dag.py took 0.042 seconds
[2024-12-04T17:16:31.724+0000] {processor.py:186} INFO - Started process (PID=595) to work on /home/airflow/.local/lib/python3.12/site-packages/airflow/example_dags/tutorial_dag.py
[2024-12-04T17:16:31.727+0000] {processor.py:914} INFO - Processing file /home/airflow/.local/lib/python3.12/site-packages/airflow/example_dags/tutorial_dag.py for tasks to queue
[2024-12-04T17:16:31.730+0000] {logging_mixin.py:190} INFO - [2024-12-04T17:16:31.730+0000] {dagbag.py:588} INFO - Filling up the DagBag from /home/airflow/.local/lib/python3.12/site-packages/airflow/example_dags/tutorial_dag.py
[2024-12-04T17:16:31.734+0000] {processor.py:925} INFO - DAG(s) 'tutorial_dag' retrieved from /home/airflow/.local/lib/python3.12/site-packages/airflow/example_dags/tutorial_dag.py
[2024-12-04T17:16:31.747+0000] {logging_mixin.py:190} INFO - [2024-12-04T17:16:31.747+0000] {dag.py:3239} INFO - Sync 1 DAGs
[2024-12-04T17:16:31.755+0000] {logging_mixin.py:190} INFO - [2024-12-04T17:16:31.755+0000] {dag.py:4180} INFO - Setting next_dagrun for tutorial_dag to None, run_after=None
[2024-12-04T17:16:31.764+0000] {processor.py:208} INFO - Processing /home/airflow/.local/lib/python3.12/site-packages/airflow/example_dags/tutorial_dag.py took 0.043 seconds
[2024-12-04T17:17:02.515+0000] {processor.py:186} INFO - Started process (PID=658) to work on /home/airflow/.local/lib/python3.12/site-packages/airflow/example_dags/tutorial_dag.py
[2024-12-04T17:17:02.519+0000] {processor.py:914} INFO - Processing file /home/airflow/.local/lib/python3.12/site-packages/airflow/example_dags/tutorial_dag.py for tasks to queue
[2024-12-04T17:17:02.520+0000] {logging_mixin.py:190} INFO - [2024-12-04T17:17:02.520+0000] {dagbag.py:588} INFO - Filling up the DagBag from /home/airflow/.local/lib/python3.12/site-packages/airflow/example_dags/tutorial_dag.py
[2024-12-04T17:17:02.524+0000] {processor.py:925} INFO - DAG(s) 'tutorial_dag' retrieved from /home/airflow/.local/lib/python3.12/site-packages/airflow/example_dags/tutorial_dag.py
[2024-12-04T17:17:02.535+0000] {logging_mixin.py:190} INFO - [2024-12-04T17:17:02.535+0000] {dag.py:3239} INFO - Sync 1 DAGs
[2024-12-04T17:17:02.541+0000] {logging_mixin.py:190} INFO - [2024-12-04T17:17:02.541+0000] {dag.py:4180} INFO - Setting next_dagrun for tutorial_dag to None, run_after=None
[2024-12-04T17:17:02.550+0000] {processor.py:208} INFO - Processing /home/airflow/.local/lib/python3.12/site-packages/airflow/example_dags/tutorial_dag.py took 0.038 seconds
[2024-12-04T17:17:33.892+0000] {processor.py:186} INFO - Started process (PID=721) to work on /home/airflow/.local/lib/python3.12/site-packages/airflow/example_dags/tutorial_dag.py
[2024-12-04T17:17:33.893+0000] {processor.py:914} INFO - Processing file /home/airflow/.local/lib/python3.12/site-packages/airflow/example_dags/tutorial_dag.py for tasks to queue
[2024-12-04T17:17:33.894+0000] {logging_mixin.py:190} INFO - [2024-12-04T17:17:33.894+0000] {dagbag.py:588} INFO - Filling up the DagBag from /home/airflow/.local/lib/python3.12/site-packages/airflow/example_dags/tutorial_dag.py
[2024-12-04T17:17:33.899+0000] {processor.py:925} INFO - DAG(s) 'tutorial_dag' retrieved from /home/airflow/.local/lib/python3.12/site-packages/airflow/example_dags/tutorial_dag.py
[2024-12-04T17:17:33.913+0000] {logging_mixin.py:190} INFO - [2024-12-04T17:17:33.913+0000] {dag.py:3239} INFO - Sync 1 DAGs
[2024-12-04T17:17:33.923+0000] {logging_mixin.py:190} INFO - [2024-12-04T17:17:33.923+0000] {dag.py:4180} INFO - Setting next_dagrun for tutorial_dag to None, run_after=None
[2024-12-04T17:17:33.935+0000] {processor.py:208} INFO - Processing /home/airflow/.local/lib/python3.12/site-packages/airflow/example_dags/tutorial_dag.py took 0.047 seconds
[2024-12-04T17:18:05.501+0000] {processor.py:186} INFO - Started process (PID=784) to work on /home/airflow/.local/lib/python3.12/site-packages/airflow/example_dags/tutorial_dag.py
[2024-12-04T17:18:05.502+0000] {processor.py:914} INFO - Processing file /home/airflow/.local/lib/python3.12/site-packages/airflow/example_dags/tutorial_dag.py for tasks to queue
[2024-12-04T17:18:05.503+0000] {logging_mixin.py:190} INFO - [2024-12-04T17:18:05.503+0000] {dagbag.py:588} INFO - Filling up the DagBag from /home/airflow/.local/lib/python3.12/site-packages/airflow/example_dags/tutorial_dag.py
[2024-12-04T17:18:05.508+0000] {processor.py:925} INFO - DAG(s) 'tutorial_dag' retrieved from /home/airflow/.local/lib/python3.12/site-packages/airflow/example_dags/tutorial_dag.py
[2024-12-04T17:18:05.519+0000] {logging_mixin.py:190} INFO - [2024-12-04T17:18:05.519+0000] {dag.py:3239} INFO - Sync 1 DAGs
[2024-12-04T17:18:05.528+0000] {logging_mixin.py:190} INFO - [2024-12-04T17:18:05.527+0000] {dag.py:4180} INFO - Setting next_dagrun for tutorial_dag to None, run_after=None
[2024-12-04T17:18:05.541+0000] {processor.py:208} INFO - Processing /home/airflow/.local/lib/python3.12/site-packages/airflow/example_dags/tutorial_dag.py took 0.043 seconds
[2024-12-04T17:18:38.072+0000] {processor.py:186} INFO - Started process (PID=847) to work on /home/airflow/.local/lib/python3.12/site-packages/airflow/example_dags/tutorial_dag.py
[2024-12-04T17:18:38.076+0000] {processor.py:914} INFO - Processing file /home/airflow/.local/lib/python3.12/site-packages/airflow/example_dags/tutorial_dag.py for tasks to queue
[2024-12-04T17:18:38.077+0000] {logging_mixin.py:190} INFO - [2024-12-04T17:18:38.077+0000] {dagbag.py:588} INFO - Filling up the DagBag from /home/airflow/.local/lib/python3.12/site-packages/airflow/example_dags/tutorial_dag.py
[2024-12-04T17:18:38.081+0000] {processor.py:925} INFO - DAG(s) 'tutorial_dag' retrieved from /home/airflow/.local/lib/python3.12/site-packages/airflow/example_dags/tutorial_dag.py
[2024-12-04T17:18:38.095+0000] {logging_mixin.py:190} INFO - [2024-12-04T17:18:38.095+0000] {dag.py:3239} INFO - Sync 1 DAGs
[2024-12-04T17:18:38.113+0000] {logging_mixin.py:190} INFO - [2024-12-04T17:18:38.113+0000] {dag.py:4180} INFO - Setting next_dagrun for tutorial_dag to None, run_after=None
[2024-12-04T17:18:38.128+0000] {processor.py:208} INFO - Processing /home/airflow/.local/lib/python3.12/site-packages/airflow/example_dags/tutorial_dag.py took 0.060 seconds
[2024-12-04T17:19:08.991+0000] {processor.py:186} INFO - Started process (PID=910) to work on /home/airflow/.local/lib/python3.12/site-packages/airflow/example_dags/tutorial_dag.py
[2024-12-04T17:19:08.992+0000] {processor.py:914} INFO - Processing file /home/airflow/.local/lib/python3.12/site-packages/airflow/example_dags/tutorial_dag.py for tasks to queue
[2024-12-04T17:19:08.993+0000] {logging_mixin.py:190} INFO - [2024-12-04T17:19:08.993+0000] {dagbag.py:588} INFO - Filling up the DagBag from /home/airflow/.local/lib/python3.12/site-packages/airflow/example_dags/tutorial_dag.py
[2024-12-04T17:19:09.000+0000] {processor.py:925} INFO - DAG(s) 'tutorial_dag' retrieved from /home/airflow/.local/lib/python3.12/site-packages/airflow/example_dags/tutorial_dag.py
[2024-12-04T17:19:09.009+0000] {logging_mixin.py:190} INFO - [2024-12-04T17:19:09.009+0000] {dag.py:3239} INFO - Sync 1 DAGs
[2024-12-04T17:19:09.016+0000] {logging_mixin.py:190} INFO - [2024-12-04T17:19:09.015+0000] {dag.py:4180} INFO - Setting next_dagrun for tutorial_dag to None, run_after=None
[2024-12-04T17:19:09.023+0000] {processor.py:208} INFO - Processing /home/airflow/.local/lib/python3.12/site-packages/airflow/example_dags/tutorial_dag.py took 0.035 seconds
[2024-12-04T17:19:40.413+0000] {processor.py:186} INFO - Started process (PID=973) to work on /home/airflow/.local/lib/python3.12/site-packages/airflow/example_dags/tutorial_dag.py
[2024-12-04T17:19:40.416+0000] {processor.py:914} INFO - Processing file /home/airflow/.local/lib/python3.12/site-packages/airflow/example_dags/tutorial_dag.py for tasks to queue
[2024-12-04T17:19:40.417+0000] {logging_mixin.py:190} INFO - [2024-12-04T17:19:40.417+0000] {dagbag.py:588} INFO - Filling up the DagBag from /home/airflow/.local/lib/python3.12/site-packages/airflow/example_dags/tutorial_dag.py
[2024-12-04T17:19:40.422+0000] {processor.py:925} INFO - DAG(s) 'tutorial_dag' retrieved from /home/airflow/.local/lib/python3.12/site-packages/airflow/example_dags/tutorial_dag.py
[2024-12-04T17:19:40.431+0000] {logging_mixin.py:190} INFO - [2024-12-04T17:19:40.431+0000] {dag.py:3239} INFO - Sync 1 DAGs
[2024-12-04T17:19:40.439+0000] {logging_mixin.py:190} INFO - [2024-12-04T17:19:40.439+0000] {dag.py:4180} INFO - Setting next_dagrun for tutorial_dag to None, run_after=None
[2024-12-04T17:19:40.451+0000] {processor.py:208} INFO - Processing /home/airflow/.local/lib/python3.12/site-packages/airflow/example_dags/tutorial_dag.py took 0.041 seconds
[2024-12-04T17:20:11.725+0000] {processor.py:186} INFO - Started process (PID=1036) to work on /home/airflow/.local/lib/python3.12/site-packages/airflow/example_dags/tutorial_dag.py
[2024-12-04T17:20:11.726+0000] {processor.py:914} INFO - Processing file /home/airflow/.local/lib/python3.12/site-packages/airflow/example_dags/tutorial_dag.py for tasks to queue
[2024-12-04T17:20:11.727+0000] {logging_mixin.py:190} INFO - [2024-12-04T17:20:11.727+0000] {dagbag.py:588} INFO - Filling up the DagBag from /home/airflow/.local/lib/python3.12/site-packages/airflow/example_dags/tutorial_dag.py
[2024-12-04T17:20:11.731+0000] {processor.py:925} INFO - DAG(s) 'tutorial_dag' retrieved from /home/airflow/.local/lib/python3.12/site-packages/airflow/example_dags/tutorial_dag.py
[2024-12-04T17:20:11.743+0000] {logging_mixin.py:190} INFO - [2024-12-04T17:20:11.743+0000] {dag.py:3239} INFO - Sync 1 DAGs
[2024-12-04T17:20:11.751+0000] {logging_mixin.py:190} INFO - [2024-12-04T17:20:11.751+0000] {dag.py:4180} INFO - Setting next_dagrun for tutorial_dag to None, run_after=None
[2024-12-04T17:20:11.761+0000] {processor.py:208} INFO - Processing /home/airflow/.local/lib/python3.12/site-packages/airflow/example_dags/tutorial_dag.py took 0.040 seconds
[2024-12-04T17:20:43.158+0000] {processor.py:186} INFO - Started process (PID=1099) to work on /home/airflow/.local/lib/python3.12/site-packages/airflow/example_dags/tutorial_dag.py
[2024-12-04T17:20:43.159+0000] {processor.py:914} INFO - Processing file /home/airflow/.local/lib/python3.12/site-packages/airflow/example_dags/tutorial_dag.py for tasks to queue
[2024-12-04T17:20:43.161+0000] {logging_mixin.py:190} INFO - [2024-12-04T17:20:43.160+0000] {dagbag.py:588} INFO - Filling up the DagBag from /home/airflow/.local/lib/python3.12/site-packages/airflow/example_dags/tutorial_dag.py
[2024-12-04T17:20:43.166+0000] {processor.py:925} INFO - DAG(s) 'tutorial_dag' retrieved from /home/airflow/.local/lib/python3.12/site-packages/airflow/example_dags/tutorial_dag.py
[2024-12-04T17:20:43.176+0000] {logging_mixin.py:190} INFO - [2024-12-04T17:20:43.176+0000] {dag.py:3239} INFO - Sync 1 DAGs
[2024-12-04T17:20:43.183+0000] {logging_mixin.py:190} INFO - [2024-12-04T17:20:43.182+0000] {dag.py:4180} INFO - Setting next_dagrun for tutorial_dag to None, run_after=None
[2024-12-04T17:20:43.191+0000] {processor.py:208} INFO - Processing /home/airflow/.local/lib/python3.12/site-packages/airflow/example_dags/tutorial_dag.py took 0.036 seconds
[2024-12-04T17:21:14.550+0000] {processor.py:186} INFO - Started process (PID=1162) to work on /home/airflow/.local/lib/python3.12/site-packages/airflow/example_dags/tutorial_dag.py
[2024-12-04T17:21:14.550+0000] {processor.py:914} INFO - Processing file /home/airflow/.local/lib/python3.12/site-packages/airflow/example_dags/tutorial_dag.py for tasks to queue
[2024-12-04T17:21:14.552+0000] {logging_mixin.py:190} INFO - [2024-12-04T17:21:14.551+0000] {dagbag.py:588} INFO - Filling up the DagBag from /home/airflow/.local/lib/python3.12/site-packages/airflow/example_dags/tutorial_dag.py
[2024-12-04T17:21:14.556+0000] {processor.py:925} INFO - DAG(s) 'tutorial_dag' retrieved from /home/airflow/.local/lib/python3.12/site-packages/airflow/example_dags/tutorial_dag.py
[2024-12-04T17:21:14.575+0000] {logging_mixin.py:190} INFO - [2024-12-04T17:21:14.575+0000] {dag.py:3239} INFO - Sync 1 DAGs
[2024-12-04T17:21:14.584+0000] {logging_mixin.py:190} INFO - [2024-12-04T17:21:14.584+0000] {dag.py:4180} INFO - Setting next_dagrun for tutorial_dag to None, run_after=None
[2024-12-04T17:21:14.605+0000] {processor.py:208} INFO - Processing /home/airflow/.local/lib/python3.12/site-packages/airflow/example_dags/tutorial_dag.py took 0.060 seconds
[2024-12-04T17:21:45.941+0000] {processor.py:186} INFO - Started process (PID=1225) to work on /home/airflow/.local/lib/python3.12/site-packages/airflow/example_dags/tutorial_dag.py
[2024-12-04T17:21:45.942+0000] {processor.py:914} INFO - Processing file /home/airflow/.local/lib/python3.12/site-packages/airflow/example_dags/tutorial_dag.py for tasks to queue
[2024-12-04T17:21:45.944+0000] {logging_mixin.py:190} INFO - [2024-12-04T17:21:45.943+0000] {dagbag.py:588} INFO - Filling up the DagBag from /home/airflow/.local/lib/python3.12/site-packages/airflow/example_dags/tutorial_dag.py
[2024-12-04T17:21:45.949+0000] {processor.py:925} INFO - DAG(s) 'tutorial_dag' retrieved from /home/airflow/.local/lib/python3.12/site-packages/airflow/example_dags/tutorial_dag.py
[2024-12-04T17:21:45.964+0000] {logging_mixin.py:190} INFO - [2024-12-04T17:21:45.963+0000] {dag.py:3239} INFO - Sync 1 DAGs
[2024-12-04T17:21:45.971+0000] {logging_mixin.py:190} INFO - [2024-12-04T17:21:45.971+0000] {dag.py:4180} INFO - Setting next_dagrun for tutorial_dag to None, run_after=None
[2024-12-04T17:21:45.986+0000] {processor.py:208} INFO - Processing /home/airflow/.local/lib/python3.12/site-packages/airflow/example_dags/tutorial_dag.py took 0.050 seconds
[2024-12-04T17:22:17.135+0000] {processor.py:186} INFO - Started process (PID=1288) to work on /home/airflow/.local/lib/python3.12/site-packages/airflow/example_dags/tutorial_dag.py
[2024-12-04T17:22:17.136+0000] {processor.py:914} INFO - Processing file /home/airflow/.local/lib/python3.12/site-packages/airflow/example_dags/tutorial_dag.py for tasks to queue
[2024-12-04T17:22:17.138+0000] {logging_mixin.py:190} INFO - [2024-12-04T17:22:17.138+0000] {dagbag.py:588} INFO - Filling up the DagBag from /home/airflow/.local/lib/python3.12/site-packages/airflow/example_dags/tutorial_dag.py
[2024-12-04T17:22:17.143+0000] {processor.py:925} INFO - DAG(s) 'tutorial_dag' retrieved from /home/airflow/.local/lib/python3.12/site-packages/airflow/example_dags/tutorial_dag.py
[2024-12-04T17:22:17.158+0000] {logging_mixin.py:190} INFO - [2024-12-04T17:22:17.158+0000] {dag.py:3239} INFO - Sync 1 DAGs
[2024-12-04T17:22:17.165+0000] {logging_mixin.py:190} INFO - [2024-12-04T17:22:17.165+0000] {dag.py:4180} INFO - Setting next_dagrun for tutorial_dag to None, run_after=None
[2024-12-04T17:22:17.176+0000] {processor.py:208} INFO - Processing /home/airflow/.local/lib/python3.12/site-packages/airflow/example_dags/tutorial_dag.py took 0.045 seconds
[2024-12-04T17:22:56.331+0000] {processor.py:186} INFO - Started process (PID=1357) to work on /home/airflow/.local/lib/python3.12/site-packages/airflow/example_dags/tutorial_dag.py
[2024-12-04T17:22:56.342+0000] {processor.py:914} INFO - Processing file /home/airflow/.local/lib/python3.12/site-packages/airflow/example_dags/tutorial_dag.py for tasks to queue
[2024-12-04T17:22:56.363+0000] {logging_mixin.py:190} INFO - [2024-12-04T17:22:56.360+0000] {dagbag.py:588} INFO - Filling up the DagBag from /home/airflow/.local/lib/python3.12/site-packages/airflow/example_dags/tutorial_dag.py
[2024-12-04T17:22:56.450+0000] {processor.py:925} INFO - DAG(s) 'tutorial_dag' retrieved from /home/airflow/.local/lib/python3.12/site-packages/airflow/example_dags/tutorial_dag.py
[2024-12-04T17:22:56.570+0000] {logging_mixin.py:190} INFO - [2024-12-04T17:22:56.570+0000] {dag.py:3239} INFO - Sync 1 DAGs
[2024-12-04T17:22:56.607+0000] {logging_mixin.py:190} INFO - [2024-12-04T17:22:56.606+0000] {dag.py:4180} INFO - Setting next_dagrun for tutorial_dag to None, run_after=None
[2024-12-04T17:22:56.649+0000] {processor.py:208} INFO - Processing /home/airflow/.local/lib/python3.12/site-packages/airflow/example_dags/tutorial_dag.py took 0.364 seconds
[2024-12-04T17:23:26.814+0000] {processor.py:186} INFO - Started process (PID=1420) to work on /home/airflow/.local/lib/python3.12/site-packages/airflow/example_dags/tutorial_dag.py
[2024-12-04T17:23:26.822+0000] {processor.py:914} INFO - Processing file /home/airflow/.local/lib/python3.12/site-packages/airflow/example_dags/tutorial_dag.py for tasks to queue
[2024-12-04T17:23:26.829+0000] {logging_mixin.py:190} INFO - [2024-12-04T17:23:26.829+0000] {dagbag.py:588} INFO - Filling up the DagBag from /home/airflow/.local/lib/python3.12/site-packages/airflow/example_dags/tutorial_dag.py
[2024-12-04T17:23:26.859+0000] {processor.py:925} INFO - DAG(s) 'tutorial_dag' retrieved from /home/airflow/.local/lib/python3.12/site-packages/airflow/example_dags/tutorial_dag.py
[2024-12-04T17:23:26.915+0000] {logging_mixin.py:190} INFO - [2024-12-04T17:23:26.915+0000] {dag.py:3239} INFO - Sync 1 DAGs
[2024-12-04T17:23:26.951+0000] {logging_mixin.py:190} INFO - [2024-12-04T17:23:26.951+0000] {dag.py:4180} INFO - Setting next_dagrun for tutorial_dag to None, run_after=None
[2024-12-04T17:23:26.980+0000] {processor.py:208} INFO - Processing /home/airflow/.local/lib/python3.12/site-packages/airflow/example_dags/tutorial_dag.py took 0.190 seconds
[2024-12-04T17:23:58.695+0000] {processor.py:186} INFO - Started process (PID=1483) to work on /home/airflow/.local/lib/python3.12/site-packages/airflow/example_dags/tutorial_dag.py
[2024-12-04T17:23:58.698+0000] {processor.py:914} INFO - Processing file /home/airflow/.local/lib/python3.12/site-packages/airflow/example_dags/tutorial_dag.py for tasks to queue
[2024-12-04T17:23:58.705+0000] {logging_mixin.py:190} INFO - [2024-12-04T17:23:58.705+0000] {dagbag.py:588} INFO - Filling up the DagBag from /home/airflow/.local/lib/python3.12/site-packages/airflow/example_dags/tutorial_dag.py
[2024-12-04T17:23:58.723+0000] {processor.py:925} INFO - DAG(s) 'tutorial_dag' retrieved from /home/airflow/.local/lib/python3.12/site-packages/airflow/example_dags/tutorial_dag.py
[2024-12-04T17:23:58.785+0000] {logging_mixin.py:190} INFO - [2024-12-04T17:23:58.785+0000] {dag.py:3239} INFO - Sync 1 DAGs
[2024-12-04T17:23:58.812+0000] {logging_mixin.py:190} INFO - [2024-12-04T17:23:58.811+0000] {dag.py:4180} INFO - Setting next_dagrun for tutorial_dag to None, run_after=None
[2024-12-04T17:23:58.873+0000] {processor.py:208} INFO - Processing /home/airflow/.local/lib/python3.12/site-packages/airflow/example_dags/tutorial_dag.py took 0.188 seconds
[2024-12-04T17:24:35.182+0000] {processor.py:186} INFO - Started process (PID=1545) to work on /home/airflow/.local/lib/python3.12/site-packages/airflow/example_dags/tutorial_dag.py
[2024-12-04T17:24:35.184+0000] {processor.py:914} INFO - Processing file /home/airflow/.local/lib/python3.12/site-packages/airflow/example_dags/tutorial_dag.py for tasks to queue
[2024-12-04T17:24:35.187+0000] {logging_mixin.py:190} INFO - [2024-12-04T17:24:35.187+0000] {dagbag.py:588} INFO - Filling up the DagBag from /home/airflow/.local/lib/python3.12/site-packages/airflow/example_dags/tutorial_dag.py
[2024-12-04T17:24:35.219+0000] {processor.py:925} INFO - DAG(s) 'tutorial_dag' retrieved from /home/airflow/.local/lib/python3.12/site-packages/airflow/example_dags/tutorial_dag.py
[2024-12-04T17:24:35.293+0000] {logging_mixin.py:190} INFO - [2024-12-04T17:24:35.293+0000] {dag.py:3239} INFO - Sync 1 DAGs
[2024-12-04T17:24:35.340+0000] {logging_mixin.py:190} INFO - [2024-12-04T17:24:35.339+0000] {dag.py:4180} INFO - Setting next_dagrun for tutorial_dag to None, run_after=None
[2024-12-04T17:24:35.375+0000] {processor.py:208} INFO - Processing /home/airflow/.local/lib/python3.12/site-packages/airflow/example_dags/tutorial_dag.py took 0.198 seconds
[2024-12-04T17:25:05.564+0000] {processor.py:186} INFO - Started process (PID=1608) to work on /home/airflow/.local/lib/python3.12/site-packages/airflow/example_dags/tutorial_dag.py
[2024-12-04T17:25:05.566+0000] {processor.py:914} INFO - Processing file /home/airflow/.local/lib/python3.12/site-packages/airflow/example_dags/tutorial_dag.py for tasks to queue
[2024-12-04T17:25:05.568+0000] {logging_mixin.py:190} INFO - [2024-12-04T17:25:05.568+0000] {dagbag.py:588} INFO - Filling up the DagBag from /home/airflow/.local/lib/python3.12/site-packages/airflow/example_dags/tutorial_dag.py
[2024-12-04T17:25:05.576+0000] {processor.py:925} INFO - DAG(s) 'tutorial_dag' retrieved from /home/airflow/.local/lib/python3.12/site-packages/airflow/example_dags/tutorial_dag.py
[2024-12-04T17:25:05.601+0000] {logging_mixin.py:190} INFO - [2024-12-04T17:25:05.600+0000] {dag.py:3239} INFO - Sync 1 DAGs
[2024-12-04T17:25:05.614+0000] {logging_mixin.py:190} INFO - [2024-12-04T17:25:05.613+0000] {dag.py:4180} INFO - Setting next_dagrun for tutorial_dag to None, run_after=None
[2024-12-04T17:25:05.629+0000] {processor.py:208} INFO - Processing /home/airflow/.local/lib/python3.12/site-packages/airflow/example_dags/tutorial_dag.py took 0.072 seconds
[2024-12-04T17:25:35.800+0000] {processor.py:186} INFO - Started process (PID=1671) to work on /home/airflow/.local/lib/python3.12/site-packages/airflow/example_dags/tutorial_dag.py
[2024-12-04T17:25:35.803+0000] {processor.py:914} INFO - Processing file /home/airflow/.local/lib/python3.12/site-packages/airflow/example_dags/tutorial_dag.py for tasks to queue
[2024-12-04T17:25:35.806+0000] {logging_mixin.py:190} INFO - [2024-12-04T17:25:35.806+0000] {dagbag.py:588} INFO - Filling up the DagBag from /home/airflow/.local/lib/python3.12/site-packages/airflow/example_dags/tutorial_dag.py
[2024-12-04T17:25:35.813+0000] {processor.py:925} INFO - DAG(s) 'tutorial_dag' retrieved from /home/airflow/.local/lib/python3.12/site-packages/airflow/example_dags/tutorial_dag.py
[2024-12-04T17:25:35.829+0000] {logging_mixin.py:190} INFO - [2024-12-04T17:25:35.829+0000] {dag.py:3239} INFO - Sync 1 DAGs
[2024-12-04T17:25:35.836+0000] {logging_mixin.py:190} INFO - [2024-12-04T17:25:35.836+0000] {dag.py:4180} INFO - Setting next_dagrun for tutorial_dag to None, run_after=None
[2024-12-04T17:25:35.849+0000] {processor.py:208} INFO - Processing /home/airflow/.local/lib/python3.12/site-packages/airflow/example_dags/tutorial_dag.py took 0.052 seconds
[2024-12-04T17:26:06.873+0000] {processor.py:186} INFO - Started process (PID=1734) to work on /home/airflow/.local/lib/python3.12/site-packages/airflow/example_dags/tutorial_dag.py
[2024-12-04T17:26:06.874+0000] {processor.py:914} INFO - Processing file /home/airflow/.local/lib/python3.12/site-packages/airflow/example_dags/tutorial_dag.py for tasks to queue
[2024-12-04T17:26:06.876+0000] {logging_mixin.py:190} INFO - [2024-12-04T17:26:06.876+0000] {dagbag.py:588} INFO - Filling up the DagBag from /home/airflow/.local/lib/python3.12/site-packages/airflow/example_dags/tutorial_dag.py
[2024-12-04T17:26:06.883+0000] {processor.py:925} INFO - DAG(s) 'tutorial_dag' retrieved from /home/airflow/.local/lib/python3.12/site-packages/airflow/example_dags/tutorial_dag.py
[2024-12-04T17:26:06.912+0000] {logging_mixin.py:190} INFO - [2024-12-04T17:26:06.912+0000] {dag.py:3239} INFO - Sync 1 DAGs
[2024-12-04T17:26:06.935+0000] {logging_mixin.py:190} INFO - [2024-12-04T17:26:06.935+0000] {dag.py:4180} INFO - Setting next_dagrun for tutorial_dag to None, run_after=None
[2024-12-04T17:26:06.962+0000] {processor.py:208} INFO - Processing /home/airflow/.local/lib/python3.12/site-packages/airflow/example_dags/tutorial_dag.py took 0.102 seconds
[2024-12-04T17:26:38.114+0000] {processor.py:186} INFO - Started process (PID=1796) to work on /home/airflow/.local/lib/python3.12/site-packages/airflow/example_dags/tutorial_dag.py
[2024-12-04T17:26:38.116+0000] {processor.py:914} INFO - Processing file /home/airflow/.local/lib/python3.12/site-packages/airflow/example_dags/tutorial_dag.py for tasks to queue
[2024-12-04T17:26:38.118+0000] {logging_mixin.py:190} INFO - [2024-12-04T17:26:38.118+0000] {dagbag.py:588} INFO - Filling up the DagBag from /home/airflow/.local/lib/python3.12/site-packages/airflow/example_dags/tutorial_dag.py
[2024-12-04T17:26:38.128+0000] {processor.py:925} INFO - DAG(s) 'tutorial_dag' retrieved from /home/airflow/.local/lib/python3.12/site-packages/airflow/example_dags/tutorial_dag.py
[2024-12-04T17:26:38.143+0000] {logging_mixin.py:190} INFO - [2024-12-04T17:26:38.143+0000] {dag.py:3239} INFO - Sync 1 DAGs
[2024-12-04T17:26:38.152+0000] {logging_mixin.py:190} INFO - [2024-12-04T17:26:38.152+0000] {dag.py:4180} INFO - Setting next_dagrun for tutorial_dag to None, run_after=None
[2024-12-04T17:26:38.162+0000] {processor.py:208} INFO - Processing /home/airflow/.local/lib/python3.12/site-packages/airflow/example_dags/tutorial_dag.py took 0.054 seconds
[2024-12-04T17:27:09.708+0000] {processor.py:186} INFO - Started process (PID=1859) to work on /home/airflow/.local/lib/python3.12/site-packages/airflow/example_dags/tutorial_dag.py
[2024-12-04T17:27:09.713+0000] {processor.py:914} INFO - Processing file /home/airflow/.local/lib/python3.12/site-packages/airflow/example_dags/tutorial_dag.py for tasks to queue
[2024-12-04T17:27:09.716+0000] {logging_mixin.py:190} INFO - [2024-12-04T17:27:09.716+0000] {dagbag.py:588} INFO - Filling up the DagBag from /home/airflow/.local/lib/python3.12/site-packages/airflow/example_dags/tutorial_dag.py
[2024-12-04T17:27:09.728+0000] {processor.py:925} INFO - DAG(s) 'tutorial_dag' retrieved from /home/airflow/.local/lib/python3.12/site-packages/airflow/example_dags/tutorial_dag.py
[2024-12-04T17:27:09.759+0000] {logging_mixin.py:190} INFO - [2024-12-04T17:27:09.759+0000] {dag.py:3239} INFO - Sync 1 DAGs
[2024-12-04T17:27:09.776+0000] {logging_mixin.py:190} INFO - [2024-12-04T17:27:09.776+0000] {dag.py:4180} INFO - Setting next_dagrun for tutorial_dag to None, run_after=None
[2024-12-04T17:27:09.789+0000] {processor.py:208} INFO - Processing /home/airflow/.local/lib/python3.12/site-packages/airflow/example_dags/tutorial_dag.py took 0.093 seconds
[2024-12-04T17:27:43.958+0000] {processor.py:186} INFO - Started process (PID=1922) to work on /home/airflow/.local/lib/python3.12/site-packages/airflow/example_dags/tutorial_dag.py
[2024-12-04T17:27:43.962+0000] {processor.py:914} INFO - Processing file /home/airflow/.local/lib/python3.12/site-packages/airflow/example_dags/tutorial_dag.py for tasks to queue
[2024-12-04T17:27:43.967+0000] {logging_mixin.py:190} INFO - [2024-12-04T17:27:43.966+0000] {dagbag.py:588} INFO - Filling up the DagBag from /home/airflow/.local/lib/python3.12/site-packages/airflow/example_dags/tutorial_dag.py
[2024-12-04T17:27:43.989+0000] {processor.py:925} INFO - DAG(s) 'tutorial_dag' retrieved from /home/airflow/.local/lib/python3.12/site-packages/airflow/example_dags/tutorial_dag.py
[2024-12-04T17:27:44.034+0000] {logging_mixin.py:190} INFO - [2024-12-04T17:27:44.033+0000] {dag.py:3239} INFO - Sync 1 DAGs
[2024-12-04T17:27:44.063+0000] {logging_mixin.py:190} INFO - [2024-12-04T17:27:44.063+0000] {dag.py:4180} INFO - Setting next_dagrun for tutorial_dag to None, run_after=None
[2024-12-04T17:27:44.105+0000] {processor.py:208} INFO - Processing /home/airflow/.local/lib/python3.12/site-packages/airflow/example_dags/tutorial_dag.py took 0.170 seconds
[2024-12-04T17:28:16.588+0000] {processor.py:186} INFO - Started process (PID=1985) to work on /home/airflow/.local/lib/python3.12/site-packages/airflow/example_dags/tutorial_dag.py
[2024-12-04T17:28:16.590+0000] {processor.py:914} INFO - Processing file /home/airflow/.local/lib/python3.12/site-packages/airflow/example_dags/tutorial_dag.py for tasks to queue
[2024-12-04T17:28:16.592+0000] {logging_mixin.py:190} INFO - [2024-12-04T17:28:16.591+0000] {dagbag.py:588} INFO - Filling up the DagBag from /home/airflow/.local/lib/python3.12/site-packages/airflow/example_dags/tutorial_dag.py
[2024-12-04T17:28:16.603+0000] {processor.py:925} INFO - DAG(s) 'tutorial_dag' retrieved from /home/airflow/.local/lib/python3.12/site-packages/airflow/example_dags/tutorial_dag.py
[2024-12-04T17:28:16.645+0000] {logging_mixin.py:190} INFO - [2024-12-04T17:28:16.645+0000] {dag.py:3239} INFO - Sync 1 DAGs
[2024-12-04T17:28:16.674+0000] {logging_mixin.py:190} INFO - [2024-12-04T17:28:16.674+0000] {dag.py:4180} INFO - Setting next_dagrun for tutorial_dag to None, run_after=None
[2024-12-04T17:28:16.709+0000] {processor.py:208} INFO - Processing /home/airflow/.local/lib/python3.12/site-packages/airflow/example_dags/tutorial_dag.py took 0.128 seconds
[2024-12-04T17:28:48.887+0000] {processor.py:186} INFO - Started process (PID=2048) to work on /home/airflow/.local/lib/python3.12/site-packages/airflow/example_dags/tutorial_dag.py
[2024-12-04T17:28:48.891+0000] {processor.py:914} INFO - Processing file /home/airflow/.local/lib/python3.12/site-packages/airflow/example_dags/tutorial_dag.py for tasks to queue
[2024-12-04T17:28:48.897+0000] {logging_mixin.py:190} INFO - [2024-12-04T17:28:48.897+0000] {dagbag.py:588} INFO - Filling up the DagBag from /home/airflow/.local/lib/python3.12/site-packages/airflow/example_dags/tutorial_dag.py
[2024-12-04T17:28:48.917+0000] {processor.py:925} INFO - DAG(s) 'tutorial_dag' retrieved from /home/airflow/.local/lib/python3.12/site-packages/airflow/example_dags/tutorial_dag.py
[2024-12-04T17:28:48.980+0000] {logging_mixin.py:190} INFO - [2024-12-04T17:28:48.979+0000] {dag.py:3239} INFO - Sync 1 DAGs
[2024-12-04T17:28:49.026+0000] {logging_mixin.py:190} INFO - [2024-12-04T17:28:49.025+0000] {dag.py:4180} INFO - Setting next_dagrun for tutorial_dag to None, run_after=None
[2024-12-04T17:28:49.054+0000] {processor.py:208} INFO - Processing /home/airflow/.local/lib/python3.12/site-packages/airflow/example_dags/tutorial_dag.py took 0.179 seconds
[2024-12-04T17:29:22.710+0000] {processor.py:186} INFO - Started process (PID=2111) to work on /home/airflow/.local/lib/python3.12/site-packages/airflow/example_dags/tutorial_dag.py
[2024-12-04T17:29:22.712+0000] {processor.py:914} INFO - Processing file /home/airflow/.local/lib/python3.12/site-packages/airflow/example_dags/tutorial_dag.py for tasks to queue
[2024-12-04T17:29:22.717+0000] {logging_mixin.py:190} INFO - [2024-12-04T17:29:22.717+0000] {dagbag.py:588} INFO - Filling up the DagBag from /home/airflow/.local/lib/python3.12/site-packages/airflow/example_dags/tutorial_dag.py
[2024-12-04T17:29:22.734+0000] {processor.py:925} INFO - DAG(s) 'tutorial_dag' retrieved from /home/airflow/.local/lib/python3.12/site-packages/airflow/example_dags/tutorial_dag.py
[2024-12-04T17:29:22.773+0000] {logging_mixin.py:190} INFO - [2024-12-04T17:29:22.772+0000] {dag.py:3239} INFO - Sync 1 DAGs
[2024-12-04T17:29:22.795+0000] {logging_mixin.py:190} INFO - [2024-12-04T17:29:22.795+0000] {dag.py:4180} INFO - Setting next_dagrun for tutorial_dag to None, run_after=None
[2024-12-04T17:29:22.824+0000] {processor.py:208} INFO - Processing /home/airflow/.local/lib/python3.12/site-packages/airflow/example_dags/tutorial_dag.py took 0.126 seconds
[2024-12-04T17:29:52.970+0000] {processor.py:186} INFO - Started process (PID=2174) to work on /home/airflow/.local/lib/python3.12/site-packages/airflow/example_dags/tutorial_dag.py
[2024-12-04T17:29:52.972+0000] {processor.py:914} INFO - Processing file /home/airflow/.local/lib/python3.12/site-packages/airflow/example_dags/tutorial_dag.py for tasks to queue
[2024-12-04T17:29:52.974+0000] {logging_mixin.py:190} INFO - [2024-12-04T17:29:52.974+0000] {dagbag.py:588} INFO - Filling up the DagBag from /home/airflow/.local/lib/python3.12/site-packages/airflow/example_dags/tutorial_dag.py
[2024-12-04T17:29:52.978+0000] {processor.py:925} INFO - DAG(s) 'tutorial_dag' retrieved from /home/airflow/.local/lib/python3.12/site-packages/airflow/example_dags/tutorial_dag.py
[2024-12-04T17:29:52.988+0000] {logging_mixin.py:190} INFO - [2024-12-04T17:29:52.987+0000] {dag.py:3239} INFO - Sync 1 DAGs
[2024-12-04T17:29:52.994+0000] {logging_mixin.py:190} INFO - [2024-12-04T17:29:52.994+0000] {dag.py:4180} INFO - Setting next_dagrun for tutorial_dag to None, run_after=None
[2024-12-04T17:29:53.007+0000] {processor.py:208} INFO - Processing /home/airflow/.local/lib/python3.12/site-packages/airflow/example_dags/tutorial_dag.py took 0.041 seconds
[2024-12-04T17:30:24.394+0000] {processor.py:186} INFO - Started process (PID=2237) to work on /home/airflow/.local/lib/python3.12/site-packages/airflow/example_dags/tutorial_dag.py
[2024-12-04T17:30:24.397+0000] {processor.py:914} INFO - Processing file /home/airflow/.local/lib/python3.12/site-packages/airflow/example_dags/tutorial_dag.py for tasks to queue
[2024-12-04T17:30:24.401+0000] {logging_mixin.py:190} INFO - [2024-12-04T17:30:24.400+0000] {dagbag.py:588} INFO - Filling up the DagBag from /home/airflow/.local/lib/python3.12/site-packages/airflow/example_dags/tutorial_dag.py
[2024-12-04T17:30:24.410+0000] {processor.py:925} INFO - DAG(s) 'tutorial_dag' retrieved from /home/airflow/.local/lib/python3.12/site-packages/airflow/example_dags/tutorial_dag.py
[2024-12-04T17:30:24.430+0000] {logging_mixin.py:190} INFO - [2024-12-04T17:30:24.430+0000] {dag.py:3239} INFO - Sync 1 DAGs
[2024-12-04T17:30:24.439+0000] {logging_mixin.py:190} INFO - [2024-12-04T17:30:24.438+0000] {dag.py:4180} INFO - Setting next_dagrun for tutorial_dag to None, run_after=None
[2024-12-04T17:30:24.453+0000] {processor.py:208} INFO - Processing /home/airflow/.local/lib/python3.12/site-packages/airflow/example_dags/tutorial_dag.py took 0.072 seconds
[2024-12-04T17:30:55.609+0000] {processor.py:186} INFO - Started process (PID=2300) to work on /home/airflow/.local/lib/python3.12/site-packages/airflow/example_dags/tutorial_dag.py
[2024-12-04T17:30:55.609+0000] {processor.py:914} INFO - Processing file /home/airflow/.local/lib/python3.12/site-packages/airflow/example_dags/tutorial_dag.py for tasks to queue
[2024-12-04T17:30:55.611+0000] {logging_mixin.py:190} INFO - [2024-12-04T17:30:55.610+0000] {dagbag.py:588} INFO - Filling up the DagBag from /home/airflow/.local/lib/python3.12/site-packages/airflow/example_dags/tutorial_dag.py
[2024-12-04T17:30:55.615+0000] {processor.py:925} INFO - DAG(s) 'tutorial_dag' retrieved from /home/airflow/.local/lib/python3.12/site-packages/airflow/example_dags/tutorial_dag.py
[2024-12-04T17:30:55.625+0000] {logging_mixin.py:190} INFO - [2024-12-04T17:30:55.625+0000] {dag.py:3239} INFO - Sync 1 DAGs
[2024-12-04T17:30:55.632+0000] {logging_mixin.py:190} INFO - [2024-12-04T17:30:55.632+0000] {dag.py:4180} INFO - Setting next_dagrun for tutorial_dag to None, run_after=None
[2024-12-04T17:30:55.641+0000] {processor.py:208} INFO - Processing /home/airflow/.local/lib/python3.12/site-packages/airflow/example_dags/tutorial_dag.py took 0.035 seconds
[2024-12-04T17:31:26.347+0000] {processor.py:186} INFO - Started process (PID=2363) to work on /home/airflow/.local/lib/python3.12/site-packages/airflow/example_dags/tutorial_dag.py
[2024-12-04T17:31:26.348+0000] {processor.py:914} INFO - Processing file /home/airflow/.local/lib/python3.12/site-packages/airflow/example_dags/tutorial_dag.py for tasks to queue
[2024-12-04T17:31:26.349+0000] {logging_mixin.py:190} INFO - [2024-12-04T17:31:26.349+0000] {dagbag.py:588} INFO - Filling up the DagBag from /home/airflow/.local/lib/python3.12/site-packages/airflow/example_dags/tutorial_dag.py
[2024-12-04T17:31:26.352+0000] {processor.py:925} INFO - DAG(s) 'tutorial_dag' retrieved from /home/airflow/.local/lib/python3.12/site-packages/airflow/example_dags/tutorial_dag.py
[2024-12-04T17:31:26.372+0000] {logging_mixin.py:190} INFO - [2024-12-04T17:31:26.372+0000] {dag.py:3239} INFO - Sync 1 DAGs
[2024-12-04T17:31:26.382+0000] {logging_mixin.py:190} INFO - [2024-12-04T17:31:26.382+0000] {dag.py:4180} INFO - Setting next_dagrun for tutorial_dag to None, run_after=None
[2024-12-04T17:31:26.395+0000] {processor.py:208} INFO - Processing /home/airflow/.local/lib/python3.12/site-packages/airflow/example_dags/tutorial_dag.py took 0.051 seconds
[2024-12-04T17:31:57.461+0000] {processor.py:186} INFO - Started process (PID=2428) to work on /home/airflow/.local/lib/python3.12/site-packages/airflow/example_dags/tutorial_dag.py
[2024-12-04T17:31:57.462+0000] {processor.py:914} INFO - Processing file /home/airflow/.local/lib/python3.12/site-packages/airflow/example_dags/tutorial_dag.py for tasks to queue
[2024-12-04T17:31:57.464+0000] {logging_mixin.py:190} INFO - [2024-12-04T17:31:57.463+0000] {dagbag.py:588} INFO - Filling up the DagBag from /home/airflow/.local/lib/python3.12/site-packages/airflow/example_dags/tutorial_dag.py
[2024-12-04T17:31:57.469+0000] {processor.py:925} INFO - DAG(s) 'tutorial_dag' retrieved from /home/airflow/.local/lib/python3.12/site-packages/airflow/example_dags/tutorial_dag.py
[2024-12-04T17:31:57.484+0000] {logging_mixin.py:190} INFO - [2024-12-04T17:31:57.484+0000] {dag.py:3239} INFO - Sync 1 DAGs
[2024-12-04T17:31:57.494+0000] {logging_mixin.py:190} INFO - [2024-12-04T17:31:57.493+0000] {dag.py:4180} INFO - Setting next_dagrun for tutorial_dag to None, run_after=None
[2024-12-04T17:31:57.504+0000] {processor.py:208} INFO - Processing /home/airflow/.local/lib/python3.12/site-packages/airflow/example_dags/tutorial_dag.py took 0.046 seconds
[2024-12-04T17:32:28.267+0000] {processor.py:186} INFO - Started process (PID=2497) to work on /home/airflow/.local/lib/python3.12/site-packages/airflow/example_dags/tutorial_dag.py
[2024-12-04T17:32:28.269+0000] {processor.py:914} INFO - Processing file /home/airflow/.local/lib/python3.12/site-packages/airflow/example_dags/tutorial_dag.py for tasks to queue
[2024-12-04T17:32:28.271+0000] {logging_mixin.py:190} INFO - [2024-12-04T17:32:28.271+0000] {dagbag.py:588} INFO - Filling up the DagBag from /home/airflow/.local/lib/python3.12/site-packages/airflow/example_dags/tutorial_dag.py
[2024-12-04T17:32:28.276+0000] {processor.py:925} INFO - DAG(s) 'tutorial_dag' retrieved from /home/airflow/.local/lib/python3.12/site-packages/airflow/example_dags/tutorial_dag.py
[2024-12-04T17:32:28.287+0000] {logging_mixin.py:190} INFO - [2024-12-04T17:32:28.287+0000] {dag.py:3239} INFO - Sync 1 DAGs
[2024-12-04T17:32:28.295+0000] {logging_mixin.py:190} INFO - [2024-12-04T17:32:28.295+0000] {dag.py:4180} INFO - Setting next_dagrun for tutorial_dag to None, run_after=None
[2024-12-04T17:32:28.304+0000] {processor.py:208} INFO - Processing /home/airflow/.local/lib/python3.12/site-packages/airflow/example_dags/tutorial_dag.py took 0.040 seconds
