[2024-12-04T17:12:17.617+0000] {processor.py:186} INFO - Started process (PID=60) to work on /home/airflow/.local/lib/python3.12/site-packages/airflow/example_dags/tutorial.py
[2024-12-04T17:12:17.619+0000] {processor.py:914} INFO - Processing file /home/airflow/.local/lib/python3.12/site-packages/airflow/example_dags/tutorial.py for tasks to queue
[2024-12-04T17:12:17.624+0000] {logging_mixin.py:190} INFO - [2024-12-04T17:12:17.623+0000] {dagbag.py:588} INFO - Filling up the DagBag from /home/airflow/.local/lib/python3.12/site-packages/airflow/example_dags/tutorial.py
[2024-12-04T17:12:17.649+0000] {processor.py:925} INFO - DAG(s) 'tutorial' retrieved from /home/airflow/.local/lib/python3.12/site-packages/airflow/example_dags/tutorial.py
[2024-12-04T17:12:17.876+0000] {logging_mixin.py:190} INFO - [2024-12-04T17:12:17.875+0000] {override.py:1911} INFO - Created Permission View: can read on DAG:tutorial
[2024-12-04T17:12:17.883+0000] {logging_mixin.py:190} INFO - [2024-12-04T17:12:17.883+0000] {override.py:1911} INFO - Created Permission View: can delete on DAG:tutorial
[2024-12-04T17:12:17.887+0000] {logging_mixin.py:190} INFO - [2024-12-04T17:12:17.887+0000] {override.py:1911} INFO - Created Permission View: can edit on DAG:tutorial
[2024-12-04T17:12:17.891+0000] {logging_mixin.py:190} INFO - [2024-12-04T17:12:17.890+0000] {override.py:1911} INFO - Created Permission View: menu access on DAG Run:tutorial
[2024-12-04T17:12:17.894+0000] {logging_mixin.py:190} INFO - [2024-12-04T17:12:17.894+0000] {override.py:1911} INFO - Created Permission View: can delete on DAG Run:tutorial
[2024-12-04T17:12:17.898+0000] {logging_mixin.py:190} INFO - [2024-12-04T17:12:17.898+0000] {override.py:1911} INFO - Created Permission View: can read on DAG Run:tutorial
[2024-12-04T17:12:17.902+0000] {logging_mixin.py:190} INFO - [2024-12-04T17:12:17.901+0000] {override.py:1911} INFO - Created Permission View: can create on DAG Run:tutorial
[2024-12-04T17:12:17.902+0000] {logging_mixin.py:190} INFO - [2024-12-04T17:12:17.902+0000] {dag.py:3239} INFO - Sync 1 DAGs
[2024-12-04T17:12:17.918+0000] {logging_mixin.py:190} INFO - [2024-12-04T17:12:17.918+0000] {dag.py:3262} INFO - Creating ORM DAG for tutorial
[2024-12-04T17:12:17.928+0000] {logging_mixin.py:190} INFO - [2024-12-04T17:12:17.928+0000] {dag.py:4180} INFO - Setting next_dagrun for tutorial to 2024-12-03 00:00:00+00:00, run_after=2024-12-04 00:00:00+00:00
[2024-12-04T17:12:17.940+0000] {processor.py:208} INFO - Processing /home/airflow/.local/lib/python3.12/site-packages/airflow/example_dags/tutorial.py took 0.329 seconds
[2024-12-04T17:12:48.237+0000] {processor.py:186} INFO - Started process (PID=123) to work on /home/airflow/.local/lib/python3.12/site-packages/airflow/example_dags/tutorial.py
[2024-12-04T17:12:48.240+0000] {processor.py:914} INFO - Processing file /home/airflow/.local/lib/python3.12/site-packages/airflow/example_dags/tutorial.py for tasks to queue
[2024-12-04T17:12:48.256+0000] {logging_mixin.py:190} INFO - [2024-12-04T17:12:48.256+0000] {dagbag.py:588} INFO - Filling up the DagBag from /home/airflow/.local/lib/python3.12/site-packages/airflow/example_dags/tutorial.py
[2024-12-04T17:12:48.294+0000] {processor.py:925} INFO - DAG(s) 'tutorial' retrieved from /home/airflow/.local/lib/python3.12/site-packages/airflow/example_dags/tutorial.py
[2024-12-04T17:12:48.321+0000] {logging_mixin.py:190} INFO - [2024-12-04T17:12:48.321+0000] {dag.py:3239} INFO - Sync 1 DAGs
[2024-12-04T17:12:48.353+0000] {logging_mixin.py:190} INFO - [2024-12-04T17:12:48.353+0000] {dag.py:4180} INFO - Setting next_dagrun for tutorial to 2024-12-03 00:00:00+00:00, run_after=2024-12-04 00:00:00+00:00
[2024-12-04T17:12:48.370+0000] {processor.py:208} INFO - Processing /home/airflow/.local/lib/python3.12/site-packages/airflow/example_dags/tutorial.py took 0.140 seconds
[2024-12-04T17:13:18.873+0000] {processor.py:186} INFO - Started process (PID=186) to work on /home/airflow/.local/lib/python3.12/site-packages/airflow/example_dags/tutorial.py
[2024-12-04T17:13:18.875+0000] {processor.py:914} INFO - Processing file /home/airflow/.local/lib/python3.12/site-packages/airflow/example_dags/tutorial.py for tasks to queue
[2024-12-04T17:13:18.880+0000] {logging_mixin.py:190} INFO - [2024-12-04T17:13:18.879+0000] {dagbag.py:588} INFO - Filling up the DagBag from /home/airflow/.local/lib/python3.12/site-packages/airflow/example_dags/tutorial.py
[2024-12-04T17:13:18.905+0000] {processor.py:925} INFO - DAG(s) 'tutorial' retrieved from /home/airflow/.local/lib/python3.12/site-packages/airflow/example_dags/tutorial.py
[2024-12-04T17:13:18.925+0000] {logging_mixin.py:190} INFO - [2024-12-04T17:13:18.924+0000] {dag.py:3239} INFO - Sync 1 DAGs
[2024-12-04T17:13:18.945+0000] {logging_mixin.py:190} INFO - [2024-12-04T17:13:18.945+0000] {dag.py:4180} INFO - Setting next_dagrun for tutorial to 2024-12-03 00:00:00+00:00, run_after=2024-12-04 00:00:00+00:00
[2024-12-04T17:13:18.959+0000] {processor.py:208} INFO - Processing /home/airflow/.local/lib/python3.12/site-packages/airflow/example_dags/tutorial.py took 0.093 seconds
[2024-12-04T17:13:49.376+0000] {processor.py:186} INFO - Started process (PID=249) to work on /home/airflow/.local/lib/python3.12/site-packages/airflow/example_dags/tutorial.py
[2024-12-04T17:13:49.380+0000] {processor.py:914} INFO - Processing file /home/airflow/.local/lib/python3.12/site-packages/airflow/example_dags/tutorial.py for tasks to queue
[2024-12-04T17:13:49.385+0000] {logging_mixin.py:190} INFO - [2024-12-04T17:13:49.384+0000] {dagbag.py:588} INFO - Filling up the DagBag from /home/airflow/.local/lib/python3.12/site-packages/airflow/example_dags/tutorial.py
[2024-12-04T17:13:49.400+0000] {processor.py:925} INFO - DAG(s) 'tutorial' retrieved from /home/airflow/.local/lib/python3.12/site-packages/airflow/example_dags/tutorial.py
[2024-12-04T17:13:49.436+0000] {logging_mixin.py:190} INFO - [2024-12-04T17:13:49.436+0000] {dag.py:3239} INFO - Sync 1 DAGs
[2024-12-04T17:13:49.463+0000] {logging_mixin.py:190} INFO - [2024-12-04T17:13:49.463+0000] {dag.py:4180} INFO - Setting next_dagrun for tutorial to 2024-12-03 00:00:00+00:00, run_after=2024-12-04 00:00:00+00:00
[2024-12-04T17:13:49.478+0000] {processor.py:208} INFO - Processing /home/airflow/.local/lib/python3.12/site-packages/airflow/example_dags/tutorial.py took 0.108 seconds
[2024-12-04T17:14:19.813+0000] {processor.py:186} INFO - Started process (PID=312) to work on /home/airflow/.local/lib/python3.12/site-packages/airflow/example_dags/tutorial.py
[2024-12-04T17:14:19.816+0000] {processor.py:914} INFO - Processing file /home/airflow/.local/lib/python3.12/site-packages/airflow/example_dags/tutorial.py for tasks to queue
[2024-12-04T17:14:19.821+0000] {logging_mixin.py:190} INFO - [2024-12-04T17:14:19.821+0000] {dagbag.py:588} INFO - Filling up the DagBag from /home/airflow/.local/lib/python3.12/site-packages/airflow/example_dags/tutorial.py
[2024-12-04T17:14:19.830+0000] {processor.py:925} INFO - DAG(s) 'tutorial' retrieved from /home/airflow/.local/lib/python3.12/site-packages/airflow/example_dags/tutorial.py
[2024-12-04T17:14:19.850+0000] {logging_mixin.py:190} INFO - [2024-12-04T17:14:19.850+0000] {dag.py:3239} INFO - Sync 1 DAGs
[2024-12-04T17:14:19.885+0000] {logging_mixin.py:190} INFO - [2024-12-04T17:14:19.885+0000] {dag.py:4180} INFO - Setting next_dagrun for tutorial to 2024-12-03 00:00:00+00:00, run_after=2024-12-04 00:00:00+00:00
[2024-12-04T17:14:19.901+0000] {processor.py:208} INFO - Processing /home/airflow/.local/lib/python3.12/site-packages/airflow/example_dags/tutorial.py took 0.094 seconds
[2024-12-04T17:14:50.323+0000] {processor.py:186} INFO - Started process (PID=375) to work on /home/airflow/.local/lib/python3.12/site-packages/airflow/example_dags/tutorial.py
[2024-12-04T17:14:50.324+0000] {processor.py:914} INFO - Processing file /home/airflow/.local/lib/python3.12/site-packages/airflow/example_dags/tutorial.py for tasks to queue
[2024-12-04T17:14:50.331+0000] {logging_mixin.py:190} INFO - [2024-12-04T17:14:50.330+0000] {dagbag.py:588} INFO - Filling up the DagBag from /home/airflow/.local/lib/python3.12/site-packages/airflow/example_dags/tutorial.py
[2024-12-04T17:14:50.360+0000] {processor.py:925} INFO - DAG(s) 'tutorial' retrieved from /home/airflow/.local/lib/python3.12/site-packages/airflow/example_dags/tutorial.py
[2024-12-04T17:14:50.381+0000] {logging_mixin.py:190} INFO - [2024-12-04T17:14:50.381+0000] {dag.py:3239} INFO - Sync 1 DAGs
[2024-12-04T17:14:50.401+0000] {logging_mixin.py:190} INFO - [2024-12-04T17:14:50.401+0000] {dag.py:4180} INFO - Setting next_dagrun for tutorial to 2024-12-03 00:00:00+00:00, run_after=2024-12-04 00:00:00+00:00
[2024-12-04T17:14:50.414+0000] {processor.py:208} INFO - Processing /home/airflow/.local/lib/python3.12/site-packages/airflow/example_dags/tutorial.py took 0.102 seconds
[2024-12-04T17:15:21.186+0000] {processor.py:186} INFO - Started process (PID=438) to work on /home/airflow/.local/lib/python3.12/site-packages/airflow/example_dags/tutorial.py
[2024-12-04T17:15:21.189+0000] {processor.py:914} INFO - Processing file /home/airflow/.local/lib/python3.12/site-packages/airflow/example_dags/tutorial.py for tasks to queue
[2024-12-04T17:15:21.194+0000] {logging_mixin.py:190} INFO - [2024-12-04T17:15:21.193+0000] {dagbag.py:588} INFO - Filling up the DagBag from /home/airflow/.local/lib/python3.12/site-packages/airflow/example_dags/tutorial.py
[2024-12-04T17:15:21.218+0000] {processor.py:925} INFO - DAG(s) 'tutorial' retrieved from /home/airflow/.local/lib/python3.12/site-packages/airflow/example_dags/tutorial.py
[2024-12-04T17:15:21.242+0000] {logging_mixin.py:190} INFO - [2024-12-04T17:15:21.242+0000] {dag.py:3239} INFO - Sync 1 DAGs
[2024-12-04T17:15:21.261+0000] {logging_mixin.py:190} INFO - [2024-12-04T17:15:21.261+0000] {dag.py:4180} INFO - Setting next_dagrun for tutorial to 2024-12-03 00:00:00+00:00, run_after=2024-12-04 00:00:00+00:00
[2024-12-04T17:15:21.273+0000] {processor.py:208} INFO - Processing /home/airflow/.local/lib/python3.12/site-packages/airflow/example_dags/tutorial.py took 0.097 seconds
[2024-12-04T17:15:51.823+0000] {processor.py:186} INFO - Started process (PID=501) to work on /home/airflow/.local/lib/python3.12/site-packages/airflow/example_dags/tutorial.py
[2024-12-04T17:15:51.827+0000] {processor.py:914} INFO - Processing file /home/airflow/.local/lib/python3.12/site-packages/airflow/example_dags/tutorial.py for tasks to queue
[2024-12-04T17:15:51.830+0000] {logging_mixin.py:190} INFO - [2024-12-04T17:15:51.830+0000] {dagbag.py:588} INFO - Filling up the DagBag from /home/airflow/.local/lib/python3.12/site-packages/airflow/example_dags/tutorial.py
[2024-12-04T17:15:51.846+0000] {processor.py:925} INFO - DAG(s) 'tutorial' retrieved from /home/airflow/.local/lib/python3.12/site-packages/airflow/example_dags/tutorial.py
[2024-12-04T17:15:51.867+0000] {logging_mixin.py:190} INFO - [2024-12-04T17:15:51.867+0000] {dag.py:3239} INFO - Sync 1 DAGs
[2024-12-04T17:15:51.883+0000] {logging_mixin.py:190} INFO - [2024-12-04T17:15:51.883+0000] {dag.py:4180} INFO - Setting next_dagrun for tutorial to 2024-12-03 00:00:00+00:00, run_after=2024-12-04 00:00:00+00:00
[2024-12-04T17:15:51.895+0000] {processor.py:208} INFO - Processing /home/airflow/.local/lib/python3.12/site-packages/airflow/example_dags/tutorial.py took 0.082 seconds
[2024-12-04T17:16:22.117+0000] {processor.py:186} INFO - Started process (PID=564) to work on /home/airflow/.local/lib/python3.12/site-packages/airflow/example_dags/tutorial.py
[2024-12-04T17:16:22.120+0000] {processor.py:914} INFO - Processing file /home/airflow/.local/lib/python3.12/site-packages/airflow/example_dags/tutorial.py for tasks to queue
[2024-12-04T17:16:22.133+0000] {logging_mixin.py:190} INFO - [2024-12-04T17:16:22.132+0000] {dagbag.py:588} INFO - Filling up the DagBag from /home/airflow/.local/lib/python3.12/site-packages/airflow/example_dags/tutorial.py
[2024-12-04T17:16:22.151+0000] {processor.py:925} INFO - DAG(s) 'tutorial' retrieved from /home/airflow/.local/lib/python3.12/site-packages/airflow/example_dags/tutorial.py
[2024-12-04T17:16:22.172+0000] {logging_mixin.py:190} INFO - [2024-12-04T17:16:22.172+0000] {dag.py:3239} INFO - Sync 1 DAGs
[2024-12-04T17:16:22.189+0000] {logging_mixin.py:190} INFO - [2024-12-04T17:16:22.189+0000] {dag.py:4180} INFO - Setting next_dagrun for tutorial to 2024-12-03 00:00:00+00:00, run_after=2024-12-04 00:00:00+00:00
[2024-12-04T17:16:22.199+0000] {processor.py:208} INFO - Processing /home/airflow/.local/lib/python3.12/site-packages/airflow/example_dags/tutorial.py took 0.095 seconds
[2024-12-04T17:16:52.615+0000] {processor.py:186} INFO - Started process (PID=627) to work on /home/airflow/.local/lib/python3.12/site-packages/airflow/example_dags/tutorial.py
[2024-12-04T17:16:52.616+0000] {processor.py:914} INFO - Processing file /home/airflow/.local/lib/python3.12/site-packages/airflow/example_dags/tutorial.py for tasks to queue
[2024-12-04T17:16:52.622+0000] {logging_mixin.py:190} INFO - [2024-12-04T17:16:52.621+0000] {dagbag.py:588} INFO - Filling up the DagBag from /home/airflow/.local/lib/python3.12/site-packages/airflow/example_dags/tutorial.py
[2024-12-04T17:16:52.647+0000] {processor.py:925} INFO - DAG(s) 'tutorial' retrieved from /home/airflow/.local/lib/python3.12/site-packages/airflow/example_dags/tutorial.py
[2024-12-04T17:16:52.674+0000] {logging_mixin.py:190} INFO - [2024-12-04T17:16:52.674+0000] {dag.py:3239} INFO - Sync 1 DAGs
[2024-12-04T17:16:52.697+0000] {logging_mixin.py:190} INFO - [2024-12-04T17:16:52.697+0000] {dag.py:4180} INFO - Setting next_dagrun for tutorial to 2024-12-03 00:00:00+00:00, run_after=2024-12-04 00:00:00+00:00
[2024-12-04T17:16:52.713+0000] {processor.py:208} INFO - Processing /home/airflow/.local/lib/python3.12/site-packages/airflow/example_dags/tutorial.py took 0.109 seconds
[2024-12-04T17:17:23.242+0000] {processor.py:186} INFO - Started process (PID=696) to work on /home/airflow/.local/lib/python3.12/site-packages/airflow/example_dags/tutorial.py
[2024-12-04T17:17:23.244+0000] {processor.py:914} INFO - Processing file /home/airflow/.local/lib/python3.12/site-packages/airflow/example_dags/tutorial.py for tasks to queue
[2024-12-04T17:17:23.248+0000] {logging_mixin.py:190} INFO - [2024-12-04T17:17:23.247+0000] {dagbag.py:588} INFO - Filling up the DagBag from /home/airflow/.local/lib/python3.12/site-packages/airflow/example_dags/tutorial.py
[2024-12-04T17:17:23.258+0000] {processor.py:925} INFO - DAG(s) 'tutorial' retrieved from /home/airflow/.local/lib/python3.12/site-packages/airflow/example_dags/tutorial.py
[2024-12-04T17:17:23.276+0000] {logging_mixin.py:190} INFO - [2024-12-04T17:17:23.275+0000] {dag.py:3239} INFO - Sync 1 DAGs
[2024-12-04T17:17:23.302+0000] {logging_mixin.py:190} INFO - [2024-12-04T17:17:23.302+0000] {dag.py:4180} INFO - Setting next_dagrun for tutorial to 2024-12-03 00:00:00+00:00, run_after=2024-12-04 00:00:00+00:00
[2024-12-04T17:17:23.314+0000] {processor.py:208} INFO - Processing /home/airflow/.local/lib/python3.12/site-packages/airflow/example_dags/tutorial.py took 0.083 seconds
[2024-12-04T17:17:53.793+0000] {processor.py:186} INFO - Started process (PID=759) to work on /home/airflow/.local/lib/python3.12/site-packages/airflow/example_dags/tutorial.py
[2024-12-04T17:17:53.795+0000] {processor.py:914} INFO - Processing file /home/airflow/.local/lib/python3.12/site-packages/airflow/example_dags/tutorial.py for tasks to queue
[2024-12-04T17:17:53.802+0000] {logging_mixin.py:190} INFO - [2024-12-04T17:17:53.802+0000] {dagbag.py:588} INFO - Filling up the DagBag from /home/airflow/.local/lib/python3.12/site-packages/airflow/example_dags/tutorial.py
[2024-12-04T17:17:53.818+0000] {processor.py:925} INFO - DAG(s) 'tutorial' retrieved from /home/airflow/.local/lib/python3.12/site-packages/airflow/example_dags/tutorial.py
[2024-12-04T17:17:53.862+0000] {logging_mixin.py:190} INFO - [2024-12-04T17:17:53.862+0000] {dag.py:3239} INFO - Sync 1 DAGs
[2024-12-04T17:17:53.886+0000] {logging_mixin.py:190} INFO - [2024-12-04T17:17:53.886+0000] {dag.py:4180} INFO - Setting next_dagrun for tutorial to 2024-12-03 00:00:00+00:00, run_after=2024-12-04 00:00:00+00:00
[2024-12-04T17:17:53.904+0000] {processor.py:208} INFO - Processing /home/airflow/.local/lib/python3.12/site-packages/airflow/example_dags/tutorial.py took 0.136 seconds
[2024-12-04T17:18:24.262+0000] {processor.py:186} INFO - Started process (PID=822) to work on /home/airflow/.local/lib/python3.12/site-packages/airflow/example_dags/tutorial.py
[2024-12-04T17:18:24.266+0000] {processor.py:914} INFO - Processing file /home/airflow/.local/lib/python3.12/site-packages/airflow/example_dags/tutorial.py for tasks to queue
[2024-12-04T17:18:24.272+0000] {logging_mixin.py:190} INFO - [2024-12-04T17:18:24.271+0000] {dagbag.py:588} INFO - Filling up the DagBag from /home/airflow/.local/lib/python3.12/site-packages/airflow/example_dags/tutorial.py
[2024-12-04T17:18:24.298+0000] {processor.py:925} INFO - DAG(s) 'tutorial' retrieved from /home/airflow/.local/lib/python3.12/site-packages/airflow/example_dags/tutorial.py
[2024-12-04T17:18:24.327+0000] {logging_mixin.py:190} INFO - [2024-12-04T17:18:24.327+0000] {dag.py:3239} INFO - Sync 1 DAGs
[2024-12-04T17:18:24.344+0000] {logging_mixin.py:190} INFO - [2024-12-04T17:18:24.344+0000] {dag.py:4180} INFO - Setting next_dagrun for tutorial to 2024-12-03 00:00:00+00:00, run_after=2024-12-04 00:00:00+00:00
[2024-12-04T17:18:24.355+0000] {processor.py:208} INFO - Processing /home/airflow/.local/lib/python3.12/site-packages/airflow/example_dags/tutorial.py took 0.100 seconds
[2024-12-04T17:18:55.240+0000] {processor.py:186} INFO - Started process (PID=885) to work on /home/airflow/.local/lib/python3.12/site-packages/airflow/example_dags/tutorial.py
[2024-12-04T17:18:55.241+0000] {processor.py:914} INFO - Processing file /home/airflow/.local/lib/python3.12/site-packages/airflow/example_dags/tutorial.py for tasks to queue
[2024-12-04T17:18:55.247+0000] {logging_mixin.py:190} INFO - [2024-12-04T17:18:55.247+0000] {dagbag.py:588} INFO - Filling up the DagBag from /home/airflow/.local/lib/python3.12/site-packages/airflow/example_dags/tutorial.py
[2024-12-04T17:18:55.263+0000] {processor.py:925} INFO - DAG(s) 'tutorial' retrieved from /home/airflow/.local/lib/python3.12/site-packages/airflow/example_dags/tutorial.py
[2024-12-04T17:18:55.296+0000] {logging_mixin.py:190} INFO - [2024-12-04T17:18:55.295+0000] {dag.py:3239} INFO - Sync 1 DAGs
[2024-12-04T17:18:55.312+0000] {logging_mixin.py:190} INFO - [2024-12-04T17:18:55.312+0000] {dag.py:4180} INFO - Setting next_dagrun for tutorial to 2024-12-03 00:00:00+00:00, run_after=2024-12-04 00:00:00+00:00
[2024-12-04T17:18:55.326+0000] {processor.py:208} INFO - Processing /home/airflow/.local/lib/python3.12/site-packages/airflow/example_dags/tutorial.py took 0.097 seconds
[2024-12-04T17:19:25.699+0000] {processor.py:186} INFO - Started process (PID=948) to work on /home/airflow/.local/lib/python3.12/site-packages/airflow/example_dags/tutorial.py
[2024-12-04T17:19:25.702+0000] {processor.py:914} INFO - Processing file /home/airflow/.local/lib/python3.12/site-packages/airflow/example_dags/tutorial.py for tasks to queue
[2024-12-04T17:19:25.708+0000] {logging_mixin.py:190} INFO - [2024-12-04T17:19:25.708+0000] {dagbag.py:588} INFO - Filling up the DagBag from /home/airflow/.local/lib/python3.12/site-packages/airflow/example_dags/tutorial.py
[2024-12-04T17:19:25.729+0000] {processor.py:925} INFO - DAG(s) 'tutorial' retrieved from /home/airflow/.local/lib/python3.12/site-packages/airflow/example_dags/tutorial.py
[2024-12-04T17:19:25.751+0000] {logging_mixin.py:190} INFO - [2024-12-04T17:19:25.751+0000] {dag.py:3239} INFO - Sync 1 DAGs
[2024-12-04T17:19:25.769+0000] {logging_mixin.py:190} INFO - [2024-12-04T17:19:25.768+0000] {dag.py:4180} INFO - Setting next_dagrun for tutorial to 2024-12-03 00:00:00+00:00, run_after=2024-12-04 00:00:00+00:00
[2024-12-04T17:19:25.779+0000] {processor.py:208} INFO - Processing /home/airflow/.local/lib/python3.12/site-packages/airflow/example_dags/tutorial.py took 0.093 seconds
[2024-12-04T17:19:56.036+0000] {processor.py:186} INFO - Started process (PID=1011) to work on /home/airflow/.local/lib/python3.12/site-packages/airflow/example_dags/tutorial.py
[2024-12-04T17:19:56.039+0000] {processor.py:914} INFO - Processing file /home/airflow/.local/lib/python3.12/site-packages/airflow/example_dags/tutorial.py for tasks to queue
[2024-12-04T17:19:56.048+0000] {logging_mixin.py:190} INFO - [2024-12-04T17:19:56.047+0000] {dagbag.py:588} INFO - Filling up the DagBag from /home/airflow/.local/lib/python3.12/site-packages/airflow/example_dags/tutorial.py
[2024-12-04T17:19:56.062+0000] {processor.py:925} INFO - DAG(s) 'tutorial' retrieved from /home/airflow/.local/lib/python3.12/site-packages/airflow/example_dags/tutorial.py
[2024-12-04T17:19:56.087+0000] {logging_mixin.py:190} INFO - [2024-12-04T17:19:56.087+0000] {dag.py:3239} INFO - Sync 1 DAGs
[2024-12-04T17:19:56.113+0000] {logging_mixin.py:190} INFO - [2024-12-04T17:19:56.112+0000] {dag.py:4180} INFO - Setting next_dagrun for tutorial to 2024-12-03 00:00:00+00:00, run_after=2024-12-04 00:00:00+00:00
[2024-12-04T17:19:56.128+0000] {processor.py:208} INFO - Processing /home/airflow/.local/lib/python3.12/site-packages/airflow/example_dags/tutorial.py took 0.130 seconds
[2024-12-04T17:20:26.418+0000] {processor.py:186} INFO - Started process (PID=1074) to work on /home/airflow/.local/lib/python3.12/site-packages/airflow/example_dags/tutorial.py
[2024-12-04T17:20:26.420+0000] {processor.py:914} INFO - Processing file /home/airflow/.local/lib/python3.12/site-packages/airflow/example_dags/tutorial.py for tasks to queue
[2024-12-04T17:20:26.436+0000] {logging_mixin.py:190} INFO - [2024-12-04T17:20:26.434+0000] {dagbag.py:588} INFO - Filling up the DagBag from /home/airflow/.local/lib/python3.12/site-packages/airflow/example_dags/tutorial.py
[2024-12-04T17:20:26.450+0000] {processor.py:925} INFO - DAG(s) 'tutorial' retrieved from /home/airflow/.local/lib/python3.12/site-packages/airflow/example_dags/tutorial.py
[2024-12-04T17:20:26.475+0000] {logging_mixin.py:190} INFO - [2024-12-04T17:20:26.474+0000] {dag.py:3239} INFO - Sync 1 DAGs
[2024-12-04T17:20:26.506+0000] {logging_mixin.py:190} INFO - [2024-12-04T17:20:26.506+0000] {dag.py:4180} INFO - Setting next_dagrun for tutorial to 2024-12-03 00:00:00+00:00, run_after=2024-12-04 00:00:00+00:00
[2024-12-04T17:20:26.518+0000] {processor.py:208} INFO - Processing /home/airflow/.local/lib/python3.12/site-packages/airflow/example_dags/tutorial.py took 0.110 seconds
[2024-12-04T17:20:56.634+0000] {processor.py:186} INFO - Started process (PID=1137) to work on /home/airflow/.local/lib/python3.12/site-packages/airflow/example_dags/tutorial.py
[2024-12-04T17:20:56.634+0000] {processor.py:914} INFO - Processing file /home/airflow/.local/lib/python3.12/site-packages/airflow/example_dags/tutorial.py for tasks to queue
[2024-12-04T17:20:56.638+0000] {logging_mixin.py:190} INFO - [2024-12-04T17:20:56.637+0000] {dagbag.py:588} INFO - Filling up the DagBag from /home/airflow/.local/lib/python3.12/site-packages/airflow/example_dags/tutorial.py
[2024-12-04T17:20:56.659+0000] {processor.py:925} INFO - DAG(s) 'tutorial' retrieved from /home/airflow/.local/lib/python3.12/site-packages/airflow/example_dags/tutorial.py
[2024-12-04T17:20:56.681+0000] {logging_mixin.py:190} INFO - [2024-12-04T17:20:56.681+0000] {dag.py:3239} INFO - Sync 1 DAGs
[2024-12-04T17:20:56.699+0000] {logging_mixin.py:190} INFO - [2024-12-04T17:20:56.699+0000] {dag.py:4180} INFO - Setting next_dagrun for tutorial to 2024-12-03 00:00:00+00:00, run_after=2024-12-04 00:00:00+00:00
[2024-12-04T17:20:56.709+0000] {processor.py:208} INFO - Processing /home/airflow/.local/lib/python3.12/site-packages/airflow/example_dags/tutorial.py took 0.082 seconds
[2024-12-04T17:21:27.687+0000] {processor.py:186} INFO - Started process (PID=1200) to work on /home/airflow/.local/lib/python3.12/site-packages/airflow/example_dags/tutorial.py
[2024-12-04T17:21:27.691+0000] {processor.py:914} INFO - Processing file /home/airflow/.local/lib/python3.12/site-packages/airflow/example_dags/tutorial.py for tasks to queue
[2024-12-04T17:21:27.711+0000] {logging_mixin.py:190} INFO - [2024-12-04T17:21:27.710+0000] {dagbag.py:588} INFO - Filling up the DagBag from /home/airflow/.local/lib/python3.12/site-packages/airflow/example_dags/tutorial.py
[2024-12-04T17:21:27.735+0000] {processor.py:925} INFO - DAG(s) 'tutorial' retrieved from /home/airflow/.local/lib/python3.12/site-packages/airflow/example_dags/tutorial.py
[2024-12-04T17:21:27.808+0000] {logging_mixin.py:190} INFO - [2024-12-04T17:21:27.807+0000] {dag.py:3239} INFO - Sync 1 DAGs
[2024-12-04T17:21:27.896+0000] {logging_mixin.py:190} INFO - [2024-12-04T17:21:27.896+0000] {dag.py:4180} INFO - Setting next_dagrun for tutorial to 2024-12-03 00:00:00+00:00, run_after=2024-12-04 00:00:00+00:00
[2024-12-04T17:21:27.934+0000] {processor.py:208} INFO - Processing /home/airflow/.local/lib/python3.12/site-packages/airflow/example_dags/tutorial.py took 0.259 seconds
[2024-12-04T17:21:58.484+0000] {processor.py:186} INFO - Started process (PID=1263) to work on /home/airflow/.local/lib/python3.12/site-packages/airflow/example_dags/tutorial.py
[2024-12-04T17:21:58.487+0000] {processor.py:914} INFO - Processing file /home/airflow/.local/lib/python3.12/site-packages/airflow/example_dags/tutorial.py for tasks to queue
[2024-12-04T17:21:58.497+0000] {logging_mixin.py:190} INFO - [2024-12-04T17:21:58.497+0000] {dagbag.py:588} INFO - Filling up the DagBag from /home/airflow/.local/lib/python3.12/site-packages/airflow/example_dags/tutorial.py
[2024-12-04T17:21:58.526+0000] {processor.py:925} INFO - DAG(s) 'tutorial' retrieved from /home/airflow/.local/lib/python3.12/site-packages/airflow/example_dags/tutorial.py
[2024-12-04T17:21:58.571+0000] {logging_mixin.py:190} INFO - [2024-12-04T17:21:58.570+0000] {dag.py:3239} INFO - Sync 1 DAGs
[2024-12-04T17:21:58.663+0000] {logging_mixin.py:190} INFO - [2024-12-04T17:21:58.662+0000] {dag.py:4180} INFO - Setting next_dagrun for tutorial to 2024-12-03 00:00:00+00:00, run_after=2024-12-04 00:00:00+00:00
[2024-12-04T17:21:58.721+0000] {processor.py:208} INFO - Processing /home/airflow/.local/lib/python3.12/site-packages/airflow/example_dags/tutorial.py took 0.278 seconds
[2024-12-04T17:22:29.251+0000] {processor.py:186} INFO - Started process (PID=1326) to work on /home/airflow/.local/lib/python3.12/site-packages/airflow/example_dags/tutorial.py
[2024-12-04T17:22:29.294+0000] {processor.py:914} INFO - Processing file /home/airflow/.local/lib/python3.12/site-packages/airflow/example_dags/tutorial.py for tasks to queue
[2024-12-04T17:22:29.372+0000] {logging_mixin.py:190} INFO - [2024-12-04T17:22:29.358+0000] {dagbag.py:588} INFO - Filling up the DagBag from /home/airflow/.local/lib/python3.12/site-packages/airflow/example_dags/tutorial.py
[2024-12-04T17:22:29.548+0000] {processor.py:925} INFO - DAG(s) 'tutorial' retrieved from /home/airflow/.local/lib/python3.12/site-packages/airflow/example_dags/tutorial.py
[2024-12-04T17:22:29.667+0000] {logging_mixin.py:190} INFO - [2024-12-04T17:22:29.666+0000] {dag.py:3239} INFO - Sync 1 DAGs
[2024-12-04T17:22:29.776+0000] {logging_mixin.py:190} INFO - [2024-12-04T17:22:29.775+0000] {dag.py:4180} INFO - Setting next_dagrun for tutorial to 2024-12-03 00:00:00+00:00, run_after=2024-12-04 00:00:00+00:00
[2024-12-04T17:22:29.871+0000] {processor.py:208} INFO - Processing /home/airflow/.local/lib/python3.12/site-packages/airflow/example_dags/tutorial.py took 0.744 seconds
[2024-12-04T17:23:14.537+0000] {processor.py:186} INFO - Started process (PID=1389) to work on /home/airflow/.local/lib/python3.12/site-packages/airflow/example_dags/tutorial.py
[2024-12-04T17:23:14.543+0000] {processor.py:914} INFO - Processing file /home/airflow/.local/lib/python3.12/site-packages/airflow/example_dags/tutorial.py for tasks to queue
[2024-12-04T17:23:14.556+0000] {logging_mixin.py:190} INFO - [2024-12-04T17:23:14.556+0000] {dagbag.py:588} INFO - Filling up the DagBag from /home/airflow/.local/lib/python3.12/site-packages/airflow/example_dags/tutorial.py
[2024-12-04T17:23:14.571+0000] {processor.py:925} INFO - DAG(s) 'tutorial' retrieved from /home/airflow/.local/lib/python3.12/site-packages/airflow/example_dags/tutorial.py
[2024-12-04T17:23:14.634+0000] {logging_mixin.py:190} INFO - [2024-12-04T17:23:14.632+0000] {dag.py:3239} INFO - Sync 1 DAGs
[2024-12-04T17:23:14.735+0000] {logging_mixin.py:190} INFO - [2024-12-04T17:23:14.735+0000] {dag.py:4180} INFO - Setting next_dagrun for tutorial to 2024-12-03 00:00:00+00:00, run_after=2024-12-04 00:00:00+00:00
[2024-12-04T17:23:14.791+0000] {processor.py:208} INFO - Processing /home/airflow/.local/lib/python3.12/site-packages/airflow/example_dags/tutorial.py took 0.282 seconds
[2024-12-04T17:23:45.118+0000] {processor.py:186} INFO - Started process (PID=1452) to work on /home/airflow/.local/lib/python3.12/site-packages/airflow/example_dags/tutorial.py
[2024-12-04T17:23:45.121+0000] {processor.py:914} INFO - Processing file /home/airflow/.local/lib/python3.12/site-packages/airflow/example_dags/tutorial.py for tasks to queue
[2024-12-04T17:23:45.129+0000] {logging_mixin.py:190} INFO - [2024-12-04T17:23:45.128+0000] {dagbag.py:588} INFO - Filling up the DagBag from /home/airflow/.local/lib/python3.12/site-packages/airflow/example_dags/tutorial.py
[2024-12-04T17:23:45.158+0000] {processor.py:925} INFO - DAG(s) 'tutorial' retrieved from /home/airflow/.local/lib/python3.12/site-packages/airflow/example_dags/tutorial.py
[2024-12-04T17:23:45.224+0000] {logging_mixin.py:190} INFO - [2024-12-04T17:23:45.223+0000] {dag.py:3239} INFO - Sync 1 DAGs
[2024-12-04T17:23:45.294+0000] {logging_mixin.py:190} INFO - [2024-12-04T17:23:45.294+0000] {dag.py:4180} INFO - Setting next_dagrun for tutorial to 2024-12-03 00:00:00+00:00, run_after=2024-12-04 00:00:00+00:00
[2024-12-04T17:23:45.320+0000] {processor.py:208} INFO - Processing /home/airflow/.local/lib/python3.12/site-packages/airflow/example_dags/tutorial.py took 0.217 seconds
[2024-12-04T17:24:16.426+0000] {processor.py:186} INFO - Started process (PID=1504) to work on /home/airflow/.local/lib/python3.12/site-packages/airflow/example_dags/tutorial.py
[2024-12-04T17:24:16.430+0000] {processor.py:914} INFO - Processing file /home/airflow/.local/lib/python3.12/site-packages/airflow/example_dags/tutorial.py for tasks to queue
[2024-12-04T17:24:16.435+0000] {logging_mixin.py:190} INFO - [2024-12-04T17:24:16.434+0000] {dagbag.py:588} INFO - Filling up the DagBag from /home/airflow/.local/lib/python3.12/site-packages/airflow/example_dags/tutorial.py
[2024-12-04T17:24:16.447+0000] {processor.py:925} INFO - DAG(s) 'tutorial' retrieved from /home/airflow/.local/lib/python3.12/site-packages/airflow/example_dags/tutorial.py
[2024-12-04T17:24:16.472+0000] {logging_mixin.py:190} INFO - [2024-12-04T17:24:16.472+0000] {dag.py:3239} INFO - Sync 1 DAGs
[2024-12-04T17:24:16.503+0000] {logging_mixin.py:190} INFO - [2024-12-04T17:24:16.502+0000] {dag.py:4180} INFO - Setting next_dagrun for tutorial to 2024-12-03 00:00:00+00:00, run_after=2024-12-04 00:00:00+00:00
[2024-12-04T17:24:16.536+0000] {processor.py:208} INFO - Processing /home/airflow/.local/lib/python3.12/site-packages/airflow/example_dags/tutorial.py took 0.130 seconds
[2024-12-04T17:24:46.712+0000] {processor.py:186} INFO - Started process (PID=1562) to work on /home/airflow/.local/lib/python3.12/site-packages/airflow/example_dags/tutorial.py
[2024-12-04T17:24:46.720+0000] {processor.py:914} INFO - Processing file /home/airflow/.local/lib/python3.12/site-packages/airflow/example_dags/tutorial.py for tasks to queue
[2024-12-04T17:24:46.725+0000] {logging_mixin.py:190} INFO - [2024-12-04T17:24:46.724+0000] {dagbag.py:588} INFO - Filling up the DagBag from /home/airflow/.local/lib/python3.12/site-packages/airflow/example_dags/tutorial.py
[2024-12-04T17:24:46.739+0000] {processor.py:925} INFO - DAG(s) 'tutorial' retrieved from /home/airflow/.local/lib/python3.12/site-packages/airflow/example_dags/tutorial.py
[2024-12-04T17:24:46.765+0000] {logging_mixin.py:190} INFO - [2024-12-04T17:24:46.764+0000] {dag.py:3239} INFO - Sync 1 DAGs
[2024-12-04T17:24:46.788+0000] {logging_mixin.py:190} INFO - [2024-12-04T17:24:46.788+0000] {dag.py:4180} INFO - Setting next_dagrun for tutorial to 2024-12-03 00:00:00+00:00, run_after=2024-12-04 00:00:00+00:00
[2024-12-04T17:24:46.808+0000] {processor.py:208} INFO - Processing /home/airflow/.local/lib/python3.12/site-packages/airflow/example_dags/tutorial.py took 0.107 seconds
[2024-12-04T17:25:17.286+0000] {processor.py:186} INFO - Started process (PID=1625) to work on /home/airflow/.local/lib/python3.12/site-packages/airflow/example_dags/tutorial.py
[2024-12-04T17:25:17.295+0000] {processor.py:914} INFO - Processing file /home/airflow/.local/lib/python3.12/site-packages/airflow/example_dags/tutorial.py for tasks to queue
[2024-12-04T17:25:17.297+0000] {logging_mixin.py:190} INFO - [2024-12-04T17:25:17.297+0000] {dagbag.py:588} INFO - Filling up the DagBag from /home/airflow/.local/lib/python3.12/site-packages/airflow/example_dags/tutorial.py
[2024-12-04T17:25:17.304+0000] {processor.py:925} INFO - DAG(s) 'tutorial' retrieved from /home/airflow/.local/lib/python3.12/site-packages/airflow/example_dags/tutorial.py
[2024-12-04T17:25:17.323+0000] {logging_mixin.py:190} INFO - [2024-12-04T17:25:17.323+0000] {dag.py:3239} INFO - Sync 1 DAGs
[2024-12-04T17:25:17.345+0000] {logging_mixin.py:190} INFO - [2024-12-04T17:25:17.345+0000] {dag.py:4180} INFO - Setting next_dagrun for tutorial to 2024-12-03 00:00:00+00:00, run_after=2024-12-04 00:00:00+00:00
[2024-12-04T17:25:17.358+0000] {processor.py:208} INFO - Processing /home/airflow/.local/lib/python3.12/site-packages/airflow/example_dags/tutorial.py took 0.078 seconds
[2024-12-04T17:25:47.661+0000] {processor.py:186} INFO - Started process (PID=1688) to work on /home/airflow/.local/lib/python3.12/site-packages/airflow/example_dags/tutorial.py
[2024-12-04T17:25:47.664+0000] {processor.py:914} INFO - Processing file /home/airflow/.local/lib/python3.12/site-packages/airflow/example_dags/tutorial.py for tasks to queue
[2024-12-04T17:25:47.668+0000] {logging_mixin.py:190} INFO - [2024-12-04T17:25:47.668+0000] {dagbag.py:588} INFO - Filling up the DagBag from /home/airflow/.local/lib/python3.12/site-packages/airflow/example_dags/tutorial.py
[2024-12-04T17:25:47.678+0000] {processor.py:925} INFO - DAG(s) 'tutorial' retrieved from /home/airflow/.local/lib/python3.12/site-packages/airflow/example_dags/tutorial.py
[2024-12-04T17:25:47.702+0000] {logging_mixin.py:190} INFO - [2024-12-04T17:25:47.702+0000] {dag.py:3239} INFO - Sync 1 DAGs
[2024-12-04T17:25:47.718+0000] {logging_mixin.py:190} INFO - [2024-12-04T17:25:47.718+0000] {dag.py:4180} INFO - Setting next_dagrun for tutorial to 2024-12-03 00:00:00+00:00, run_after=2024-12-04 00:00:00+00:00
[2024-12-04T17:25:47.730+0000] {processor.py:208} INFO - Processing /home/airflow/.local/lib/python3.12/site-packages/airflow/example_dags/tutorial.py took 0.078 seconds
[2024-12-04T17:26:18.255+0000] {processor.py:186} INFO - Started process (PID=1751) to work on /home/airflow/.local/lib/python3.12/site-packages/airflow/example_dags/tutorial.py
[2024-12-04T17:26:18.258+0000] {processor.py:914} INFO - Processing file /home/airflow/.local/lib/python3.12/site-packages/airflow/example_dags/tutorial.py for tasks to queue
[2024-12-04T17:26:18.272+0000] {logging_mixin.py:190} INFO - [2024-12-04T17:26:18.271+0000] {dagbag.py:588} INFO - Filling up the DagBag from /home/airflow/.local/lib/python3.12/site-packages/airflow/example_dags/tutorial.py
[2024-12-04T17:26:18.301+0000] {processor.py:925} INFO - DAG(s) 'tutorial' retrieved from /home/airflow/.local/lib/python3.12/site-packages/airflow/example_dags/tutorial.py
[2024-12-04T17:26:18.398+0000] {logging_mixin.py:190} INFO - [2024-12-04T17:26:18.398+0000] {dag.py:3239} INFO - Sync 1 DAGs
[2024-12-04T17:26:18.450+0000] {logging_mixin.py:190} INFO - [2024-12-04T17:26:18.450+0000] {dag.py:4180} INFO - Setting next_dagrun for tutorial to 2024-12-03 00:00:00+00:00, run_after=2024-12-04 00:00:00+00:00
[2024-12-04T17:26:18.484+0000] {processor.py:208} INFO - Processing /home/airflow/.local/lib/python3.12/site-packages/airflow/example_dags/tutorial.py took 0.250 seconds
[2024-12-04T17:26:48.769+0000] {processor.py:186} INFO - Started process (PID=1813) to work on /home/airflow/.local/lib/python3.12/site-packages/airflow/example_dags/tutorial.py
[2024-12-04T17:26:48.771+0000] {processor.py:914} INFO - Processing file /home/airflow/.local/lib/python3.12/site-packages/airflow/example_dags/tutorial.py for tasks to queue
[2024-12-04T17:26:48.775+0000] {logging_mixin.py:190} INFO - [2024-12-04T17:26:48.775+0000] {dagbag.py:588} INFO - Filling up the DagBag from /home/airflow/.local/lib/python3.12/site-packages/airflow/example_dags/tutorial.py
[2024-12-04T17:26:48.785+0000] {processor.py:925} INFO - DAG(s) 'tutorial' retrieved from /home/airflow/.local/lib/python3.12/site-packages/airflow/example_dags/tutorial.py
[2024-12-04T17:26:48.818+0000] {logging_mixin.py:190} INFO - [2024-12-04T17:26:48.818+0000] {dag.py:3239} INFO - Sync 1 DAGs
[2024-12-04T17:26:48.837+0000] {logging_mixin.py:190} INFO - [2024-12-04T17:26:48.837+0000] {dag.py:4180} INFO - Setting next_dagrun for tutorial to 2024-12-03 00:00:00+00:00, run_after=2024-12-04 00:00:00+00:00
[2024-12-04T17:26:48.859+0000] {processor.py:208} INFO - Processing /home/airflow/.local/lib/python3.12/site-packages/airflow/example_dags/tutorial.py took 0.096 seconds
[2024-12-04T17:27:20.331+0000] {processor.py:186} INFO - Started process (PID=1876) to work on /home/airflow/.local/lib/python3.12/site-packages/airflow/example_dags/tutorial.py
[2024-12-04T17:27:20.337+0000] {processor.py:914} INFO - Processing file /home/airflow/.local/lib/python3.12/site-packages/airflow/example_dags/tutorial.py for tasks to queue
[2024-12-04T17:27:20.350+0000] {logging_mixin.py:190} INFO - [2024-12-04T17:27:20.349+0000] {dagbag.py:588} INFO - Filling up the DagBag from /home/airflow/.local/lib/python3.12/site-packages/airflow/example_dags/tutorial.py
[2024-12-04T17:27:20.413+0000] {processor.py:925} INFO - DAG(s) 'tutorial' retrieved from /home/airflow/.local/lib/python3.12/site-packages/airflow/example_dags/tutorial.py
[2024-12-04T17:27:20.512+0000] {logging_mixin.py:190} INFO - [2024-12-04T17:27:20.511+0000] {dag.py:3239} INFO - Sync 1 DAGs
[2024-12-04T17:27:20.622+0000] {logging_mixin.py:190} INFO - [2024-12-04T17:27:20.620+0000] {dag.py:4180} INFO - Setting next_dagrun for tutorial to 2024-12-03 00:00:00+00:00, run_after=2024-12-04 00:00:00+00:00
[2024-12-04T17:27:20.691+0000] {processor.py:208} INFO - Processing /home/airflow/.local/lib/python3.12/site-packages/airflow/example_dags/tutorial.py took 0.397 seconds
[2024-12-04T17:27:51.006+0000] {processor.py:186} INFO - Started process (PID=1938) to work on /home/airflow/.local/lib/python3.12/site-packages/airflow/example_dags/tutorial.py
[2024-12-04T17:27:51.011+0000] {processor.py:914} INFO - Processing file /home/airflow/.local/lib/python3.12/site-packages/airflow/example_dags/tutorial.py for tasks to queue
[2024-12-04T17:27:51.019+0000] {logging_mixin.py:190} INFO - [2024-12-04T17:27:51.018+0000] {dagbag.py:588} INFO - Filling up the DagBag from /home/airflow/.local/lib/python3.12/site-packages/airflow/example_dags/tutorial.py
[2024-12-04T17:27:51.049+0000] {processor.py:925} INFO - DAG(s) 'tutorial' retrieved from /home/airflow/.local/lib/python3.12/site-packages/airflow/example_dags/tutorial.py
[2024-12-04T17:27:51.135+0000] {logging_mixin.py:190} INFO - [2024-12-04T17:27:51.135+0000] {dag.py:3239} INFO - Sync 1 DAGs
[2024-12-04T17:27:51.183+0000] {logging_mixin.py:190} INFO - [2024-12-04T17:27:51.183+0000] {dag.py:4180} INFO - Setting next_dagrun for tutorial to 2024-12-03 00:00:00+00:00, run_after=2024-12-04 00:00:00+00:00
[2024-12-04T17:27:51.214+0000] {processor.py:208} INFO - Processing /home/airflow/.local/lib/python3.12/site-packages/airflow/example_dags/tutorial.py took 0.225 seconds
[2024-12-04T17:28:21.680+0000] {processor.py:186} INFO - Started process (PID=2001) to work on /home/airflow/.local/lib/python3.12/site-packages/airflow/example_dags/tutorial.py
[2024-12-04T17:28:21.691+0000] {processor.py:914} INFO - Processing file /home/airflow/.local/lib/python3.12/site-packages/airflow/example_dags/tutorial.py for tasks to queue
[2024-12-04T17:28:21.710+0000] {logging_mixin.py:190} INFO - [2024-12-04T17:28:21.709+0000] {dagbag.py:588} INFO - Filling up the DagBag from /home/airflow/.local/lib/python3.12/site-packages/airflow/example_dags/tutorial.py
[2024-12-04T17:28:21.740+0000] {processor.py:925} INFO - DAG(s) 'tutorial' retrieved from /home/airflow/.local/lib/python3.12/site-packages/airflow/example_dags/tutorial.py
[2024-12-04T17:28:21.806+0000] {logging_mixin.py:190} INFO - [2024-12-04T17:28:21.806+0000] {dag.py:3239} INFO - Sync 1 DAGs
[2024-12-04T17:28:21.845+0000] {logging_mixin.py:190} INFO - [2024-12-04T17:28:21.844+0000] {dag.py:4180} INFO - Setting next_dagrun for tutorial to 2024-12-03 00:00:00+00:00, run_after=2024-12-04 00:00:00+00:00
[2024-12-04T17:28:21.873+0000] {processor.py:208} INFO - Processing /home/airflow/.local/lib/python3.12/site-packages/airflow/example_dags/tutorial.py took 0.224 seconds
[2024-12-04T17:28:52.683+0000] {processor.py:186} INFO - Started process (PID=2064) to work on /home/airflow/.local/lib/python3.12/site-packages/airflow/example_dags/tutorial.py
[2024-12-04T17:28:52.686+0000] {processor.py:914} INFO - Processing file /home/airflow/.local/lib/python3.12/site-packages/airflow/example_dags/tutorial.py for tasks to queue
[2024-12-04T17:28:52.694+0000] {logging_mixin.py:190} INFO - [2024-12-04T17:28:52.694+0000] {dagbag.py:588} INFO - Filling up the DagBag from /home/airflow/.local/lib/python3.12/site-packages/airflow/example_dags/tutorial.py
[2024-12-04T17:28:52.732+0000] {processor.py:925} INFO - DAG(s) 'tutorial' retrieved from /home/airflow/.local/lib/python3.12/site-packages/airflow/example_dags/tutorial.py
[2024-12-04T17:28:52.811+0000] {logging_mixin.py:190} INFO - [2024-12-04T17:28:52.811+0000] {dag.py:3239} INFO - Sync 1 DAGs
[2024-12-04T17:28:52.863+0000] {logging_mixin.py:190} INFO - [2024-12-04T17:28:52.863+0000] {dag.py:4180} INFO - Setting next_dagrun for tutorial to 2024-12-03 00:00:00+00:00, run_after=2024-12-04 00:00:00+00:00
[2024-12-04T17:28:52.899+0000] {processor.py:208} INFO - Processing /home/airflow/.local/lib/python3.12/site-packages/airflow/example_dags/tutorial.py took 0.225 seconds
[2024-12-04T17:29:24.621+0000] {processor.py:186} INFO - Started process (PID=2127) to work on /home/airflow/.local/lib/python3.12/site-packages/airflow/example_dags/tutorial.py
[2024-12-04T17:29:24.628+0000] {processor.py:914} INFO - Processing file /home/airflow/.local/lib/python3.12/site-packages/airflow/example_dags/tutorial.py for tasks to queue
[2024-12-04T17:29:24.633+0000] {logging_mixin.py:190} INFO - [2024-12-04T17:29:24.633+0000] {dagbag.py:588} INFO - Filling up the DagBag from /home/airflow/.local/lib/python3.12/site-packages/airflow/example_dags/tutorial.py
[2024-12-04T17:29:24.646+0000] {processor.py:925} INFO - DAG(s) 'tutorial' retrieved from /home/airflow/.local/lib/python3.12/site-packages/airflow/example_dags/tutorial.py
[2024-12-04T17:29:24.689+0000] {logging_mixin.py:190} INFO - [2024-12-04T17:29:24.689+0000] {dag.py:3239} INFO - Sync 1 DAGs
[2024-12-04T17:29:24.741+0000] {logging_mixin.py:190} INFO - [2024-12-04T17:29:24.741+0000] {dag.py:4180} INFO - Setting next_dagrun for tutorial to 2024-12-03 00:00:00+00:00, run_after=2024-12-04 00:00:00+00:00
[2024-12-04T17:29:24.766+0000] {processor.py:208} INFO - Processing /home/airflow/.local/lib/python3.12/site-packages/airflow/example_dags/tutorial.py took 0.169 seconds
[2024-12-04T17:29:55.480+0000] {processor.py:186} INFO - Started process (PID=2188) to work on /home/airflow/.local/lib/python3.12/site-packages/airflow/example_dags/tutorial.py
[2024-12-04T17:29:55.484+0000] {processor.py:914} INFO - Processing file /home/airflow/.local/lib/python3.12/site-packages/airflow/example_dags/tutorial.py for tasks to queue
[2024-12-04T17:29:55.487+0000] {logging_mixin.py:190} INFO - [2024-12-04T17:29:55.487+0000] {dagbag.py:588} INFO - Filling up the DagBag from /home/airflow/.local/lib/python3.12/site-packages/airflow/example_dags/tutorial.py
[2024-12-04T17:29:55.495+0000] {processor.py:925} INFO - DAG(s) 'tutorial' retrieved from /home/airflow/.local/lib/python3.12/site-packages/airflow/example_dags/tutorial.py
[2024-12-04T17:29:55.512+0000] {logging_mixin.py:190} INFO - [2024-12-04T17:29:55.512+0000] {dag.py:3239} INFO - Sync 1 DAGs
[2024-12-04T17:29:55.527+0000] {logging_mixin.py:190} INFO - [2024-12-04T17:29:55.527+0000] {dag.py:4180} INFO - Setting next_dagrun for tutorial to 2024-12-03 00:00:00+00:00, run_after=2024-12-04 00:00:00+00:00
[2024-12-04T17:29:55.538+0000] {processor.py:208} INFO - Processing /home/airflow/.local/lib/python3.12/site-packages/airflow/example_dags/tutorial.py took 0.063 seconds
[2024-12-04T17:30:26.208+0000] {processor.py:186} INFO - Started process (PID=2251) to work on /home/airflow/.local/lib/python3.12/site-packages/airflow/example_dags/tutorial.py
[2024-12-04T17:30:26.212+0000] {processor.py:914} INFO - Processing file /home/airflow/.local/lib/python3.12/site-packages/airflow/example_dags/tutorial.py for tasks to queue
[2024-12-04T17:30:26.225+0000] {logging_mixin.py:190} INFO - [2024-12-04T17:30:26.224+0000] {dagbag.py:588} INFO - Filling up the DagBag from /home/airflow/.local/lib/python3.12/site-packages/airflow/example_dags/tutorial.py
[2024-12-04T17:30:26.246+0000] {processor.py:925} INFO - DAG(s) 'tutorial' retrieved from /home/airflow/.local/lib/python3.12/site-packages/airflow/example_dags/tutorial.py
[2024-12-04T17:30:26.329+0000] {logging_mixin.py:190} INFO - [2024-12-04T17:30:26.329+0000] {dag.py:3239} INFO - Sync 1 DAGs
[2024-12-04T17:30:26.357+0000] {logging_mixin.py:190} INFO - [2024-12-04T17:30:26.356+0000] {dag.py:4180} INFO - Setting next_dagrun for tutorial to 2024-12-03 00:00:00+00:00, run_after=2024-12-04 00:00:00+00:00
[2024-12-04T17:30:26.396+0000] {processor.py:208} INFO - Processing /home/airflow/.local/lib/python3.12/site-packages/airflow/example_dags/tutorial.py took 0.198 seconds
[2024-12-04T17:30:56.531+0000] {processor.py:186} INFO - Started process (PID=2314) to work on /home/airflow/.local/lib/python3.12/site-packages/airflow/example_dags/tutorial.py
[2024-12-04T17:30:56.538+0000] {processor.py:914} INFO - Processing file /home/airflow/.local/lib/python3.12/site-packages/airflow/example_dags/tutorial.py for tasks to queue
[2024-12-04T17:30:56.540+0000] {logging_mixin.py:190} INFO - [2024-12-04T17:30:56.540+0000] {dagbag.py:588} INFO - Filling up the DagBag from /home/airflow/.local/lib/python3.12/site-packages/airflow/example_dags/tutorial.py
[2024-12-04T17:30:56.554+0000] {processor.py:925} INFO - DAG(s) 'tutorial' retrieved from /home/airflow/.local/lib/python3.12/site-packages/airflow/example_dags/tutorial.py
[2024-12-04T17:30:56.618+0000] {logging_mixin.py:190} INFO - [2024-12-04T17:30:56.617+0000] {dag.py:3239} INFO - Sync 1 DAGs
[2024-12-04T17:30:56.717+0000] {logging_mixin.py:190} INFO - [2024-12-04T17:30:56.716+0000] {dag.py:4180} INFO - Setting next_dagrun for tutorial to 2024-12-03 00:00:00+00:00, run_after=2024-12-04 00:00:00+00:00
[2024-12-04T17:30:56.773+0000] {processor.py:208} INFO - Processing /home/airflow/.local/lib/python3.12/site-packages/airflow/example_dags/tutorial.py took 0.263 seconds
[2024-12-04T17:31:26.842+0000] {processor.py:186} INFO - Started process (PID=2377) to work on /home/airflow/.local/lib/python3.12/site-packages/airflow/example_dags/tutorial.py
[2024-12-04T17:31:26.842+0000] {processor.py:914} INFO - Processing file /home/airflow/.local/lib/python3.12/site-packages/airflow/example_dags/tutorial.py for tasks to queue
[2024-12-04T17:31:26.843+0000] {logging_mixin.py:190} INFO - [2024-12-04T17:31:26.843+0000] {dagbag.py:588} INFO - Filling up the DagBag from /home/airflow/.local/lib/python3.12/site-packages/airflow/example_dags/tutorial.py
[2024-12-04T17:31:26.848+0000] {processor.py:925} INFO - DAG(s) 'tutorial' retrieved from /home/airflow/.local/lib/python3.12/site-packages/airflow/example_dags/tutorial.py
[2024-12-04T17:31:26.859+0000] {logging_mixin.py:190} INFO - [2024-12-04T17:31:26.858+0000] {dag.py:3239} INFO - Sync 1 DAGs
[2024-12-04T17:31:26.877+0000] {logging_mixin.py:190} INFO - [2024-12-04T17:31:26.877+0000] {dag.py:4180} INFO - Setting next_dagrun for tutorial to 2024-12-03 00:00:00+00:00, run_after=2024-12-04 00:00:00+00:00
[2024-12-04T17:31:26.886+0000] {processor.py:208} INFO - Processing /home/airflow/.local/lib/python3.12/site-packages/airflow/example_dags/tutorial.py took 0.048 seconds
[2024-12-04T17:31:57.387+0000] {processor.py:186} INFO - Started process (PID=2426) to work on /home/airflow/.local/lib/python3.12/site-packages/airflow/example_dags/tutorial.py
[2024-12-04T17:31:57.389+0000] {processor.py:914} INFO - Processing file /home/airflow/.local/lib/python3.12/site-packages/airflow/example_dags/tutorial.py for tasks to queue
[2024-12-04T17:31:57.393+0000] {logging_mixin.py:190} INFO - [2024-12-04T17:31:57.392+0000] {dagbag.py:588} INFO - Filling up the DagBag from /home/airflow/.local/lib/python3.12/site-packages/airflow/example_dags/tutorial.py
[2024-12-04T17:31:57.401+0000] {processor.py:925} INFO - DAG(s) 'tutorial' retrieved from /home/airflow/.local/lib/python3.12/site-packages/airflow/example_dags/tutorial.py
[2024-12-04T17:31:57.416+0000] {logging_mixin.py:190} INFO - [2024-12-04T17:31:57.416+0000] {dag.py:3239} INFO - Sync 1 DAGs
[2024-12-04T17:31:57.430+0000] {logging_mixin.py:190} INFO - [2024-12-04T17:31:57.430+0000] {dag.py:4180} INFO - Setting next_dagrun for tutorial to 2024-12-03 00:00:00+00:00, run_after=2024-12-04 00:00:00+00:00
[2024-12-04T17:31:57.442+0000] {processor.py:208} INFO - Processing /home/airflow/.local/lib/python3.12/site-packages/airflow/example_dags/tutorial.py took 0.060 seconds
[2024-12-04T17:32:27.993+0000] {processor.py:186} INFO - Started process (PID=2484) to work on /home/airflow/.local/lib/python3.12/site-packages/airflow/example_dags/tutorial.py
[2024-12-04T17:32:27.994+0000] {processor.py:914} INFO - Processing file /home/airflow/.local/lib/python3.12/site-packages/airflow/example_dags/tutorial.py for tasks to queue
[2024-12-04T17:32:27.997+0000] {logging_mixin.py:190} INFO - [2024-12-04T17:32:27.997+0000] {dagbag.py:588} INFO - Filling up the DagBag from /home/airflow/.local/lib/python3.12/site-packages/airflow/example_dags/tutorial.py
[2024-12-04T17:32:28.002+0000] {processor.py:925} INFO - DAG(s) 'tutorial' retrieved from /home/airflow/.local/lib/python3.12/site-packages/airflow/example_dags/tutorial.py
[2024-12-04T17:32:28.017+0000] {logging_mixin.py:190} INFO - [2024-12-04T17:32:28.017+0000] {dag.py:3239} INFO - Sync 1 DAGs
[2024-12-04T17:32:28.034+0000] {logging_mixin.py:190} INFO - [2024-12-04T17:32:28.034+0000] {dag.py:4180} INFO - Setting next_dagrun for tutorial to 2024-12-03 00:00:00+00:00, run_after=2024-12-04 00:00:00+00:00
[2024-12-04T17:32:28.046+0000] {processor.py:208} INFO - Processing /home/airflow/.local/lib/python3.12/site-packages/airflow/example_dags/tutorial.py took 0.056 seconds
