[2024-12-04T19:51:18.854+0000] {local_task_job_runner.py:123} INFO - ::group::Pre task execution logs
[2024-12-04T19:51:18.887+0000] {taskinstance.py:2613} INFO - Dependencies all met for dep_context=non-requeueable deps ti=<TaskInstance: etl_client_activity_EFIMOVICH_EVGENII.extract manual__2024-12-04T19:47:53.517555+00:00 [queued]>
[2024-12-04T19:51:18.896+0000] {taskinstance.py:2613} INFO - Dependencies all met for dep_context=requeueable deps ti=<TaskInstance: etl_client_activity_EFIMOVICH_EVGENII.extract manual__2024-12-04T19:47:53.517555+00:00 [queued]>
[2024-12-04T19:51:18.896+0000] {taskinstance.py:2866} INFO - Starting attempt 2 of 3
[2024-12-04T19:51:19.581+0000] {taskinstance.py:2889} INFO - Executing <Task(PythonOperator): extract> on 2024-12-04 19:47:53.517555+00:00
[2024-12-04T19:51:19.613+0000] {warnings.py:112} WARNING - /home/***/.local/lib/python3.12/site-packages/***/task/task_runner/standard_task_runner.py:70: DeprecationWarning: This process (pid=81) is multi-threaded, use of fork() may lead to deadlocks in the child.
  pid = os.fork()

[2024-12-04T19:51:19.615+0000] {standard_task_runner.py:72} INFO - Started process 82 to run task
[2024-12-04T19:51:19.620+0000] {standard_task_runner.py:104} INFO - Running: ['***', 'tasks', 'run', 'etl_client_activity_EFIMOVICH_EVGENII', 'extract', 'manual__2024-12-04T19:47:53.517555+00:00', '--job-id', '26', '--raw', '--subdir', 'DAGS_FOLDER/etl_client_activity.py', '--cfg-path', '/tmp/tmpt3kqw3i_']
[2024-12-04T19:51:19.623+0000] {standard_task_runner.py:105} INFO - Job 26: Subtask extract
[2024-12-04T19:51:19.811+0000] {task_command.py:467} INFO - Running <TaskInstance: etl_client_activity_EFIMOVICH_EVGENII.extract manual__2024-12-04T19:47:53.517555+00:00 [running]> on host fbfc88a57984
[2024-12-04T19:51:20.001+0000] {taskinstance.py:3132} INFO - Exporting env vars: AIRFLOW_CTX_DAG_OWNER='***' AIRFLOW_CTX_DAG_ID='etl_client_activity_EFIMOVICH_EVGENII' AIRFLOW_CTX_TASK_ID='extract' AIRFLOW_CTX_EXECUTION_DATE='2024-12-04T19:47:53.517555+00:00' AIRFLOW_CTX_TRY_NUMBER='2' AIRFLOW_CTX_DAG_RUN_ID='manual__2024-12-04T19:47:53.517555+00:00'
[2024-12-04T19:51:20.005+0000] {logging_mixin.py:190} INFO - Task instance is in running state
[2024-12-04T19:51:20.005+0000] {logging_mixin.py:190} INFO -  Previous state of the Task instance: queued
[2024-12-04T19:51:20.005+0000] {logging_mixin.py:190} INFO - Current task name:extract state:running start_date:2024-12-04 19:51:18.888051+00:00
[2024-12-04T19:51:20.005+0000] {logging_mixin.py:190} INFO - Dag name:etl_client_activity_EFIMOVICH_EVGENII and current dag run status:running
[2024-12-04T19:51:20.006+0000] {taskinstance.py:731} INFO - ::endgroup::
[2024-12-04T19:51:28.225+0000] {python.py:240} INFO - Done. Returned value was: None
[2024-12-04T19:51:28.254+0000] {taskinstance.py:340} INFO - ::group::Post task execution logs
[2024-12-04T19:51:28.256+0000] {taskinstance.py:352} INFO - Marking task as SUCCESS. dag_id=etl_client_activity_EFIMOVICH_EVGENII, task_id=extract, run_id=manual__2024-12-04T19:47:53.517555+00:00, execution_date=20241204T194753, start_date=20241204T195118, end_date=20241204T195128
[2024-12-04T19:51:28.275+0000] {logging_mixin.py:190} INFO - Task instance in success state
[2024-12-04T19:51:28.276+0000] {logging_mixin.py:190} INFO -  Previous state of the Task instance: running
[2024-12-04T19:51:28.277+0000] {logging_mixin.py:190} INFO - Dag name:etl_client_activity_EFIMOVICH_EVGENII queued_at:2024-12-04 19:47:53.549409+00:00
[2024-12-04T19:51:28.278+0000] {logging_mixin.py:190} INFO - Task hostname:fbfc88a57984 operator:PythonOperator
[2024-12-04T19:51:28.322+0000] {local_task_job_runner.py:266} INFO - Task exited with return code 0
[2024-12-04T19:51:28.373+0000] {local_task_job_runner.py:245} INFO - ::endgroup::
