[2024-12-04T19:28:04.943+0000] {local_task_job_runner.py:123} INFO - ::group::Pre task execution logs
[2024-12-04T19:28:04.952+0000] {taskinstance.py:2613} INFO - Dependencies all met for dep_context=non-requeueable deps ti=<TaskInstance: etl_client_activity_EFIMOVICH_EVGENII.debug_working_directory manual__2024-12-04T19:28:02.069223+00:00 [queued]>
[2024-12-04T19:28:04.956+0000] {taskinstance.py:2613} INFO - Dependencies all met for dep_context=requeueable deps ti=<TaskInstance: etl_client_activity_EFIMOVICH_EVGENII.debug_working_directory manual__2024-12-04T19:28:02.069223+00:00 [queued]>
[2024-12-04T19:28:04.956+0000] {taskinstance.py:2866} INFO - Starting attempt 1 of 2
[2024-12-04T19:28:05.216+0000] {taskinstance.py:2889} INFO - Executing <Task(PythonOperator): debug_working_directory> on 2024-12-04 19:28:02.069223+00:00
[2024-12-04T19:28:05.223+0000] {warnings.py:112} WARNING - /home/***/.local/lib/python3.12/site-packages/***/task/task_runner/standard_task_runner.py:70: DeprecationWarning: This process (pid=235) is multi-threaded, use of fork() may lead to deadlocks in the child.
  pid = os.fork()

[2024-12-04T19:28:05.226+0000] {standard_task_runner.py:72} INFO - Started process 236 to run task
[2024-12-04T19:28:05.227+0000] {standard_task_runner.py:104} INFO - Running: ['***', 'tasks', 'run', 'etl_client_activity_EFIMOVICH_EVGENII', 'debug_working_directory', 'manual__2024-12-04T19:28:02.069223+00:00', '--job-id', '14', '--raw', '--subdir', 'DAGS_FOLDER/etl_client_activity.py', '--cfg-path', '/tmp/tmpx7z948ut']
[2024-12-04T19:28:05.229+0000] {standard_task_runner.py:105} INFO - Job 14: Subtask debug_working_directory
[2024-12-04T19:28:05.271+0000] {task_command.py:467} INFO - Running <TaskInstance: etl_client_activity_EFIMOVICH_EVGENII.debug_working_directory manual__2024-12-04T19:28:02.069223+00:00 [running]> on host fbfc88a57984
[2024-12-04T19:28:05.330+0000] {taskinstance.py:3132} INFO - Exporting env vars: AIRFLOW_CTX_DAG_OWNER='***' AIRFLOW_CTX_DAG_ID='etl_client_activity_EFIMOVICH_EVGENII' AIRFLOW_CTX_TASK_ID='debug_working_directory' AIRFLOW_CTX_EXECUTION_DATE='2024-12-04T19:28:02.069223+00:00' AIRFLOW_CTX_TRY_NUMBER='1' AIRFLOW_CTX_DAG_RUN_ID='manual__2024-12-04T19:28:02.069223+00:00'
[2024-12-04T19:28:05.332+0000] {logging_mixin.py:190} INFO - Task instance is in running state
[2024-12-04T19:28:05.332+0000] {logging_mixin.py:190} INFO -  Previous state of the Task instance: queued
[2024-12-04T19:28:05.332+0000] {logging_mixin.py:190} INFO - Current task name:debug_working_directory state:running start_date:2024-12-04 19:28:04.953230+00:00
[2024-12-04T19:28:05.332+0000] {logging_mixin.py:190} INFO - Dag name:etl_client_activity_EFIMOVICH_EVGENII and current dag run status:running
[2024-12-04T19:28:05.333+0000] {taskinstance.py:731} INFO - ::endgroup::
[2024-12-04T19:28:05.333+0000] {logging_mixin.py:190} INFO - Current working directory: /opt/***
[2024-12-04T19:28:05.337+0000] {logging_mixin.py:190} INFO - Files in working directory: ['etl_client_activity.py', '.DS_Store', '__pycache__', 'transform_script.py', 'profit_table.csv', 'flags_activity.csv']
[2024-12-04T19:28:05.337+0000] {python.py:240} INFO - Done. Returned value was: None
[2024-12-04T19:28:05.343+0000] {taskinstance.py:340} INFO - ::group::Post task execution logs
[2024-12-04T19:28:05.343+0000] {taskinstance.py:352} INFO - Marking task as SUCCESS. dag_id=etl_client_activity_EFIMOVICH_EVGENII, task_id=debug_working_directory, run_id=manual__2024-12-04T19:28:02.069223+00:00, execution_date=20241204T192802, start_date=20241204T192804, end_date=20241204T192805
[2024-12-04T19:28:05.348+0000] {logging_mixin.py:190} INFO - Task instance in success state
[2024-12-04T19:28:05.348+0000] {logging_mixin.py:190} INFO -  Previous state of the Task instance: running
[2024-12-04T19:28:05.349+0000] {logging_mixin.py:190} INFO - Dag name:etl_client_activity_EFIMOVICH_EVGENII queued_at:2024-12-04 19:28:02.119130+00:00
[2024-12-04T19:28:05.349+0000] {logging_mixin.py:190} INFO - Task hostname:fbfc88a57984 operator:PythonOperator
[2024-12-04T19:28:05.373+0000] {local_task_job_runner.py:266} INFO - Task exited with return code 0
[2024-12-04T19:28:05.385+0000] {taskinstance.py:3895} INFO - 0 downstream tasks scheduled from follow-on schedule check
[2024-12-04T19:28:05.387+0000] {local_task_job_runner.py:245} INFO - ::endgroup::
