[2024-12-04T20:18:59.621+0000] {local_task_job_runner.py:123} INFO - ::group::Pre task execution logs
[2024-12-04T20:18:59.654+0000] {taskinstance.py:2613} INFO - Dependencies all met for dep_context=non-requeueable deps ti=<TaskInstance: etl_client_activity_EFIMOVICH_EVGENII.transform manual__2024-12-04T20:14:10.645711+00:00 [queued]>
[2024-12-04T20:18:59.669+0000] {taskinstance.py:2613} INFO - Dependencies all met for dep_context=requeueable deps ti=<TaskInstance: etl_client_activity_EFIMOVICH_EVGENII.transform manual__2024-12-04T20:14:10.645711+00:00 [queued]>
[2024-12-04T20:18:59.670+0000] {taskinstance.py:2866} INFO - Starting attempt 1 of 1
[2024-12-04T20:19:00.604+0000] {taskinstance.py:2889} INFO - Executing <Task(PythonOperator): transform> on 2024-12-04 20:14:10.645711+00:00
[2024-12-04T20:19:00.668+0000] {warnings.py:112} WARNING - /home/***/.local/lib/python3.12/site-packages/***/task/task_runner/standard_task_runner.py:70: DeprecationWarning: This process (pid=270) is multi-threaded, use of fork() may lead to deadlocks in the child.
  pid = os.fork()

[2024-12-04T20:19:00.673+0000] {standard_task_runner.py:104} INFO - Running: ['***', 'tasks', 'run', 'etl_client_activity_EFIMOVICH_EVGENII', 'transform', 'manual__2024-12-04T20:14:10.645711+00:00', '--job-id', '88', '--raw', '--subdir', 'DAGS_FOLDER/etl_client_activity.py', '--cfg-path', '/tmp/tmpnttoieh7']
[2024-12-04T20:19:00.675+0000] {standard_task_runner.py:72} INFO - Started process 278 to run task
[2024-12-04T20:19:00.677+0000] {standard_task_runner.py:105} INFO - Job 88: Subtask transform
[2024-12-04T20:19:00.818+0000] {task_command.py:467} INFO - Running <TaskInstance: etl_client_activity_EFIMOVICH_EVGENII.transform manual__2024-12-04T20:14:10.645711+00:00 [running]> on host fbfc88a57984
[2024-12-04T20:19:01.017+0000] {taskinstance.py:3132} INFO - Exporting env vars: AIRFLOW_CTX_DAG_OWNER='***' AIRFLOW_CTX_DAG_ID='etl_client_activity_EFIMOVICH_EVGENII' AIRFLOW_CTX_TASK_ID='transform' AIRFLOW_CTX_EXECUTION_DATE='2024-12-04T20:14:10.645711+00:00' AIRFLOW_CTX_TRY_NUMBER='1' AIRFLOW_CTX_DAG_RUN_ID='manual__2024-12-04T20:14:10.645711+00:00'
[2024-12-04T20:19:01.028+0000] {logging_mixin.py:190} INFO - Task instance is in running state
[2024-12-04T20:19:01.030+0000] {logging_mixin.py:190} INFO -  Previous state of the Task instance: queued
[2024-12-04T20:19:01.032+0000] {logging_mixin.py:190} INFO - Current task name:transform state:running start_date:2024-12-04 20:18:59.655630+00:00
[2024-12-04T20:19:01.034+0000] {logging_mixin.py:190} INFO - Dag name:etl_client_activity_EFIMOVICH_EVGENII and current dag run status:running
[2024-12-04T20:19:01.036+0000] {taskinstance.py:731} INFO - ::endgroup::
[2024-12-04T20:19:02.758+0000] {logging_mixin.py:190} WARNING -   0%|          | 0/10 [00:00<?, ?it/s]
[2024-12-04T20:19:02.771+0000] {logging_mixin.py:190} WARNING - 100%|##########| 10/10 [00:00<00:00, 978.54it/s]
[2024-12-04T20:19:02.931+0000] {python.py:240} INFO - Done. Returned value was: None
[2024-12-04T20:19:03.038+0000] {taskinstance.py:340} INFO - ::group::Post task execution logs
[2024-12-04T20:19:03.040+0000] {taskinstance.py:352} INFO - Marking task as SUCCESS. dag_id=etl_client_activity_EFIMOVICH_EVGENII, task_id=transform, run_id=manual__2024-12-04T20:14:10.645711+00:00, execution_date=20241204T201410, start_date=20241204T201859, end_date=20241204T201903
[2024-12-04T20:19:03.059+0000] {logging_mixin.py:190} INFO - Task instance in success state
[2024-12-04T20:19:03.060+0000] {logging_mixin.py:190} INFO -  Previous state of the Task instance: running
[2024-12-04T20:19:03.060+0000] {logging_mixin.py:190} INFO - Dag name:etl_client_activity_EFIMOVICH_EVGENII queued_at:2024-12-04 20:14:10.779837+00:00
[2024-12-04T20:19:03.061+0000] {logging_mixin.py:190} INFO - Task hostname:fbfc88a57984 operator:PythonOperator
[2024-12-04T20:19:03.147+0000] {local_task_job_runner.py:266} INFO - Task exited with return code 0
[2024-12-04T20:19:03.269+0000] {taskinstance.py:3895} INFO - 0 downstream tasks scheduled from follow-on schedule check
[2024-12-04T20:19:03.273+0000] {local_task_job_runner.py:245} INFO - ::endgroup::
