[2024-12-04T20:15:43.603+0000] {local_task_job_runner.py:123} INFO - ::group::Pre task execution logs
[2024-12-04T20:15:51.866+0000] {taskinstance.py:2613} INFO - Dependencies all met for dep_context=non-requeueable deps ti=<TaskInstance: etl_client_activity_EFIMOVICH_EVGENII.transform_j manual__2024-12-04T20:14:10.645711+00:00 [queued]>
[2024-12-04T20:15:51.939+0000] {taskinstance.py:2613} INFO - Dependencies all met for dep_context=requeueable deps ti=<TaskInstance: etl_client_activity_EFIMOVICH_EVGENII.transform_j manual__2024-12-04T20:14:10.645711+00:00 [queued]>
[2024-12-04T20:15:51.955+0000] {taskinstance.py:2866} INFO - Starting attempt 1 of 1
[2024-12-04T20:15:52.860+0000] {taskinstance.py:2889} INFO - Executing <Task(PythonOperator): transform_j> on 2024-12-04 20:14:10.645711+00:00
[2024-12-04T20:15:53.200+0000] {standard_task_runner.py:104} INFO - Running: ['***', 'tasks', 'run', 'etl_client_activity_EFIMOVICH_EVGENII', 'transform_j', 'manual__2024-12-04T20:14:10.645711+00:00', '--job-id', '86', '--raw', '--subdir', 'DAGS_FOLDER/etl_client_activity.py', '--cfg-path', '/tmp/tmpkd8mrf3z']
[2024-12-04T20:15:53.245+0000] {standard_task_runner.py:105} INFO - Job 86: Subtask transform_j
[2024-12-04T20:15:53.274+0000] {warnings.py:112} WARNING - /home/***/.local/lib/python3.12/site-packages/***/task/task_runner/standard_task_runner.py:70: DeprecationWarning: This process (pid=119) is multi-threaded, use of fork() may lead to deadlocks in the child.
  pid = os.fork()

[2024-12-04T20:15:53.306+0000] {standard_task_runner.py:72} INFO - Started process 159 to run task
[2024-12-04T20:15:55.169+0000] {task_command.py:467} INFO - Running <TaskInstance: etl_client_activity_EFIMOVICH_EVGENII.transform_j manual__2024-12-04T20:14:10.645711+00:00 [running]> on host fbfc88a57984
[2024-12-04T20:16:17.398+0000] {job.py:229} INFO - Heartbeat recovered after 34.74 seconds
[2024-12-04T20:17:02.833+0000] {job.py:229} INFO - Heartbeat recovered after 55.92 seconds
[2024-12-04T20:17:02.975+0000] {taskinstance.py:3132} INFO - Exporting env vars: AIRFLOW_CTX_DAG_OWNER='***' AIRFLOW_CTX_DAG_ID='etl_client_activity_EFIMOVICH_EVGENII' AIRFLOW_CTX_TASK_ID='transform_j' AIRFLOW_CTX_EXECUTION_DATE='2024-12-04T20:14:10.645711+00:00' AIRFLOW_CTX_TRY_NUMBER='1' AIRFLOW_CTX_DAG_RUN_ID='manual__2024-12-04T20:14:10.645711+00:00'
[2024-12-04T20:17:03.025+0000] {logging_mixin.py:190} INFO - Task instance is in running state
[2024-12-04T20:17:03.026+0000] {logging_mixin.py:190} INFO -  Previous state of the Task instance: queued
[2024-12-04T20:17:03.031+0000] {logging_mixin.py:190} INFO - Current task name:transform_j state:running start_date:2024-12-04 20:15:51.878041+00:00
[2024-12-04T20:17:03.043+0000] {logging_mixin.py:190} INFO - Dag name:etl_client_activity_EFIMOVICH_EVGENII and current dag run status:running
[2024-12-04T20:17:03.046+0000] {taskinstance.py:731} INFO - ::endgroup::
[2024-12-04T20:17:12.224+0000] {local_task_job_runner.py:266} INFO - Task exited with return code -9. For more information, see https://***.apache.org/docs/apache-***/stable/troubleshooting.html#LocalTaskJob-killed
[2024-12-04T20:17:12.378+0000] {standard_task_runner.py:217} INFO - Process not found (most likely exited), stop collecting metrics
[2024-12-04T20:17:13.138+0000] {taskinstance.py:3895} INFO - 0 downstream tasks scheduled from follow-on schedule check
[2024-12-04T20:17:13.216+0000] {local_task_job_runner.py:245} INFO - ::endgroup::
