[2024-12-04T19:45:52.491+0000] {local_task_job_runner.py:123} INFO - ::group::Pre task execution logs
[2024-12-04T19:45:52.501+0000] {taskinstance.py:2613} INFO - Dependencies all met for dep_context=non-requeueable deps ti=<TaskInstance: etl_client_activity_EFIMOVICH_EVGENII.extract manual__2024-12-04T19:42:11.252169+00:00 [queued]>
[2024-12-04T19:45:52.505+0000] {taskinstance.py:2613} INFO - Dependencies all met for dep_context=requeueable deps ti=<TaskInstance: etl_client_activity_EFIMOVICH_EVGENII.extract manual__2024-12-04T19:42:11.252169+00:00 [queued]>
[2024-12-04T19:45:52.505+0000] {taskinstance.py:2866} INFO - Starting attempt 4 of 5
[2024-12-04T19:45:52.611+0000] {taskinstance.py:2889} INFO - Executing <Task(PythonOperator): extract> on 2024-12-04 19:42:11.252169+00:00
[2024-12-04T19:45:52.624+0000] {warnings.py:112} WARNING - /home/***/.local/lib/python3.12/site-packages/***/task/task_runner/standard_task_runner.py:70: DeprecationWarning: This process (pid=495) is multi-threaded, use of fork() may lead to deadlocks in the child.
  pid = os.fork()

[2024-12-04T19:45:52.625+0000] {standard_task_runner.py:72} INFO - Started process 496 to run task
[2024-12-04T19:45:52.625+0000] {standard_task_runner.py:104} INFO - Running: ['***', 'tasks', 'run', 'etl_client_activity_EFIMOVICH_EVGENII', 'extract', 'manual__2024-12-04T19:42:11.252169+00:00', '--job-id', '21', '--raw', '--subdir', 'DAGS_FOLDER/etl_client_activity.py', '--cfg-path', '/tmp/tmpx_lr8ry0']
[2024-12-04T19:45:52.626+0000] {standard_task_runner.py:105} INFO - Job 21: Subtask extract
[2024-12-04T19:45:52.656+0000] {task_command.py:467} INFO - Running <TaskInstance: etl_client_activity_EFIMOVICH_EVGENII.extract manual__2024-12-04T19:42:11.252169+00:00 [running]> on host fbfc88a57984
[2024-12-04T19:45:52.711+0000] {taskinstance.py:3132} INFO - Exporting env vars: AIRFLOW_CTX_DAG_OWNER='***' AIRFLOW_CTX_DAG_ID='etl_client_activity_EFIMOVICH_EVGENII' AIRFLOW_CTX_TASK_ID='extract' AIRFLOW_CTX_EXECUTION_DATE='2024-12-04T19:42:11.252169+00:00' AIRFLOW_CTX_TRY_NUMBER='4' AIRFLOW_CTX_DAG_RUN_ID='manual__2024-12-04T19:42:11.252169+00:00'
[2024-12-04T19:45:52.712+0000] {logging_mixin.py:190} INFO - Task instance is in running state
[2024-12-04T19:45:52.712+0000] {logging_mixin.py:190} INFO -  Previous state of the Task instance: queued
[2024-12-04T19:45:52.712+0000] {logging_mixin.py:190} INFO - Current task name:extract state:running start_date:2024-12-04 19:45:52.501833+00:00
[2024-12-04T19:45:52.712+0000] {logging_mixin.py:190} INFO - Dag name:etl_client_activity_EFIMOVICH_EVGENII and current dag run status:running
[2024-12-04T19:45:52.712+0000] {taskinstance.py:731} INFO - ::endgroup::
[2024-12-04T19:45:55.586+0000] {local_task_job_runner.py:266} INFO - Task exited with return code -9. For more information, see https://***.apache.org/docs/apache-***/stable/troubleshooting.html#LocalTaskJob-killed
[2024-12-04T19:45:55.681+0000] {taskinstance.py:3895} INFO - 0 downstream tasks scheduled from follow-on schedule check
[2024-12-04T19:45:55.684+0000] {local_task_job_runner.py:245} INFO - ::endgroup::
