[2024-12-04T19:48:09.524+0000] {local_task_job_runner.py:123} INFO - ::group::Pre task execution logs
[2024-12-04T19:48:09.549+0000] {taskinstance.py:2613} INFO - Dependencies all met for dep_context=non-requeueable deps ti=<TaskInstance: etl_client_activity_EFIMOVICH_EVGENII.extract manual__2024-12-04T19:42:11.252169+00:00 [queued]>
[2024-12-04T19:48:09.557+0000] {taskinstance.py:2613} INFO - Dependencies all met for dep_context=requeueable deps ti=<TaskInstance: etl_client_activity_EFIMOVICH_EVGENII.extract manual__2024-12-04T19:42:11.252169+00:00 [queued]>
[2024-12-04T19:48:09.557+0000] {taskinstance.py:2866} INFO - Starting attempt 5 of 6
[2024-12-04T19:48:09.658+0000] {taskinstance.py:2889} INFO - Executing <Task(PythonOperator): extract> on 2024-12-04 19:42:11.252169+00:00
[2024-12-04T19:48:09.668+0000] {warnings.py:112} WARNING - /home/***/.local/lib/python3.12/site-packages/***/task/task_runner/standard_task_runner.py:70: DeprecationWarning: This process (pid=529) is multi-threaded, use of fork() may lead to deadlocks in the child.
  pid = os.fork()

[2024-12-04T19:48:09.670+0000] {standard_task_runner.py:72} INFO - Started process 530 to run task
[2024-12-04T19:48:09.670+0000] {standard_task_runner.py:104} INFO - Running: ['***', 'tasks', 'run', 'etl_client_activity_EFIMOVICH_EVGENII', 'extract', 'manual__2024-12-04T19:42:11.252169+00:00', '--job-id', '23', '--raw', '--subdir', 'DAGS_FOLDER/etl_client_activity.py', '--cfg-path', '/tmp/tmp3hk5en_2']
[2024-12-04T19:48:09.671+0000] {standard_task_runner.py:105} INFO - Job 23: Subtask extract
[2024-12-04T19:48:09.705+0000] {task_command.py:467} INFO - Running <TaskInstance: etl_client_activity_EFIMOVICH_EVGENII.extract manual__2024-12-04T19:42:11.252169+00:00 [running]> on host fbfc88a57984
[2024-12-04T19:48:09.759+0000] {taskinstance.py:3132} INFO - Exporting env vars: AIRFLOW_CTX_DAG_OWNER='***' AIRFLOW_CTX_DAG_ID='etl_client_activity_EFIMOVICH_EVGENII' AIRFLOW_CTX_TASK_ID='extract' AIRFLOW_CTX_EXECUTION_DATE='2024-12-04T19:42:11.252169+00:00' AIRFLOW_CTX_TRY_NUMBER='5' AIRFLOW_CTX_DAG_RUN_ID='manual__2024-12-04T19:42:11.252169+00:00'
[2024-12-04T19:48:09.760+0000] {logging_mixin.py:190} INFO - Task instance is in running state
[2024-12-04T19:48:09.760+0000] {logging_mixin.py:190} INFO -  Previous state of the Task instance: queued
[2024-12-04T19:48:09.760+0000] {logging_mixin.py:190} INFO - Current task name:extract state:running start_date:2024-12-04 19:48:09.549609+00:00
[2024-12-04T19:48:09.760+0000] {logging_mixin.py:190} INFO - Dag name:etl_client_activity_EFIMOVICH_EVGENII and current dag run status:running
[2024-12-04T19:48:09.760+0000] {taskinstance.py:731} INFO - ::endgroup::
[2024-12-04T19:48:13.374+0000] {local_task_job_runner.py:266} INFO - Task exited with return code -9. For more information, see https://***.apache.org/docs/apache-***/stable/troubleshooting.html#LocalTaskJob-killed
[2024-12-04T19:48:13.672+0000] {taskinstance.py:3895} INFO - 0 downstream tasks scheduled from follow-on schedule check
[2024-12-04T19:48:13.674+0000] {local_task_job_runner.py:245} INFO - ::endgroup::
