[2024-12-04T19:51:34.360+0000] {local_task_job_runner.py:123} INFO - ::group::Pre task execution logs
[2024-12-04T19:51:34.395+0000] {taskinstance.py:2613} INFO - Dependencies all met for dep_context=non-requeueable deps ti=<TaskInstance: etl_client_activity_EFIMOVICH_EVGENII.extract manual__2024-12-04T19:42:11.252169+00:00 [queued]>
[2024-12-04T19:51:34.412+0000] {taskinstance.py:2613} INFO - Dependencies all met for dep_context=requeueable deps ti=<TaskInstance: etl_client_activity_EFIMOVICH_EVGENII.extract manual__2024-12-04T19:42:11.252169+00:00 [queued]>
[2024-12-04T19:51:34.412+0000] {taskinstance.py:2866} INFO - Starting attempt 6 of 7
[2024-12-04T19:51:34.793+0000] {taskinstance.py:2889} INFO - Executing <Task(PythonOperator): extract> on 2024-12-04 19:42:11.252169+00:00
[2024-12-04T19:51:34.804+0000] {warnings.py:112} WARNING - /home/***/.local/lib/python3.12/site-packages/***/task/task_runner/standard_task_runner.py:70: DeprecationWarning: This process (pid=104) is multi-threaded, use of fork() may lead to deadlocks in the child.
  pid = os.fork()

[2024-12-04T19:51:34.807+0000] {standard_task_runner.py:72} INFO - Started process 111 to run task
[2024-12-04T19:51:34.811+0000] {standard_task_runner.py:104} INFO - Running: ['***', 'tasks', 'run', 'etl_client_activity_EFIMOVICH_EVGENII', 'extract', 'manual__2024-12-04T19:42:11.252169+00:00', '--job-id', '28', '--raw', '--subdir', 'DAGS_FOLDER/etl_client_activity.py', '--cfg-path', '/tmp/tmp6tsp4hyo']
[2024-12-04T19:51:34.812+0000] {standard_task_runner.py:105} INFO - Job 28: Subtask extract
[2024-12-04T19:51:34.848+0000] {task_command.py:467} INFO - Running <TaskInstance: etl_client_activity_EFIMOVICH_EVGENII.extract manual__2024-12-04T19:42:11.252169+00:00 [running]> on host fbfc88a57984
[2024-12-04T19:51:34.929+0000] {taskinstance.py:3132} INFO - Exporting env vars: AIRFLOW_CTX_DAG_OWNER='***' AIRFLOW_CTX_DAG_ID='etl_client_activity_EFIMOVICH_EVGENII' AIRFLOW_CTX_TASK_ID='extract' AIRFLOW_CTX_EXECUTION_DATE='2024-12-04T19:42:11.252169+00:00' AIRFLOW_CTX_TRY_NUMBER='6' AIRFLOW_CTX_DAG_RUN_ID='manual__2024-12-04T19:42:11.252169+00:00'
[2024-12-04T19:51:34.934+0000] {logging_mixin.py:190} INFO - Task instance is in running state
[2024-12-04T19:51:34.935+0000] {logging_mixin.py:190} INFO -  Previous state of the Task instance: queued
[2024-12-04T19:51:34.936+0000] {logging_mixin.py:190} INFO - Current task name:extract state:running start_date:2024-12-04 19:51:34.397459+00:00
[2024-12-04T19:51:34.936+0000] {logging_mixin.py:190} INFO - Dag name:etl_client_activity_EFIMOVICH_EVGENII and current dag run status:running
[2024-12-04T19:51:34.938+0000] {taskinstance.py:731} INFO - ::endgroup::
[2024-12-04T19:51:38.098+0000] {python.py:240} INFO - Done. Returned value was: None
[2024-12-04T19:51:38.107+0000] {taskinstance.py:340} INFO - ::group::Post task execution logs
[2024-12-04T19:51:38.108+0000] {taskinstance.py:352} INFO - Marking task as SUCCESS. dag_id=etl_client_activity_EFIMOVICH_EVGENII, task_id=extract, run_id=manual__2024-12-04T19:42:11.252169+00:00, execution_date=20241204T194211, start_date=20241204T195134, end_date=20241204T195138
[2024-12-04T19:51:38.115+0000] {logging_mixin.py:190} INFO - Task instance in success state
[2024-12-04T19:51:38.115+0000] {logging_mixin.py:190} INFO -  Previous state of the Task instance: running
[2024-12-04T19:51:38.115+0000] {logging_mixin.py:190} INFO - Dag name:etl_client_activity_EFIMOVICH_EVGENII queued_at:2024-12-04 19:42:11.354231+00:00
[2024-12-04T19:51:38.116+0000] {logging_mixin.py:190} INFO - Task hostname:fbfc88a57984 operator:PythonOperator
[2024-12-04T19:51:38.177+0000] {local_task_job_runner.py:266} INFO - Task exited with return code 0
[2024-12-04T19:51:38.299+0000] {taskinstance.py:3895} INFO - 1 downstream tasks scheduled from follow-on schedule check
[2024-12-04T19:51:38.301+0000] {local_task_job_runner.py:245} INFO - ::endgroup::
