[2024-12-04T20:09:13.662+0000] {local_task_job_runner.py:123} INFO - ::group::Pre task execution logs
[2024-12-04T20:09:13.687+0000] {taskinstance.py:2613} INFO - Dependencies all met for dep_context=non-requeueable deps ti=<TaskInstance: etl_client_activity_EFIMOVICH_EVGENII.transform_b manual__2024-12-04T20:08:50.962670+00:00 [queued]>
[2024-12-04T20:09:13.695+0000] {taskinstance.py:2613} INFO - Dependencies all met for dep_context=requeueable deps ti=<TaskInstance: etl_client_activity_EFIMOVICH_EVGENII.transform_b manual__2024-12-04T20:08:50.962670+00:00 [queued]>
[2024-12-04T20:09:13.697+0000] {taskinstance.py:2866} INFO - Starting attempt 1 of 1
[2024-12-04T20:09:23.826+0000] {taskinstance.py:2889} INFO - Executing <Task(PythonOperator): transform_b> on 2024-12-04 20:08:50.962670+00:00
[2024-12-04T20:09:23.985+0000] {warnings.py:112} WARNING - /home/***/.local/lib/python3.12/site-packages/***/task/task_runner/standard_task_runner.py:70: DeprecationWarning: This process (pid=83) is multi-threaded, use of fork() may lead to deadlocks in the child.
  pid = os.fork()

[2024-12-04T20:09:24.049+0000] {standard_task_runner.py:72} INFO - Started process 144 to run task
[2024-12-04T20:09:24.100+0000] {standard_task_runner.py:104} INFO - Running: ['***', 'tasks', 'run', 'etl_client_activity_EFIMOVICH_EVGENII', 'transform_b', 'manual__2024-12-04T20:08:50.962670+00:00', '--job-id', '69', '--raw', '--subdir', 'DAGS_FOLDER/etl_client_activity.py', '--cfg-path', '/tmp/tmp9j3802lj']
[2024-12-04T20:09:24.114+0000] {standard_task_runner.py:105} INFO - Job 69: Subtask transform_b
[2024-12-04T20:09:25.301+0000] {task_command.py:467} INFO - Running <TaskInstance: etl_client_activity_EFIMOVICH_EVGENII.transform_b manual__2024-12-04T20:08:50.962670+00:00 [running]> on host fbfc88a57984
[2024-12-04T20:09:26.372+0000] {taskinstance.py:3132} INFO - Exporting env vars: AIRFLOW_CTX_DAG_OWNER='***' AIRFLOW_CTX_DAG_ID='etl_client_activity_EFIMOVICH_EVGENII' AIRFLOW_CTX_TASK_ID='transform_b' AIRFLOW_CTX_EXECUTION_DATE='2024-12-04T20:08:50.962670+00:00' AIRFLOW_CTX_TRY_NUMBER='1' AIRFLOW_CTX_DAG_RUN_ID='manual__2024-12-04T20:08:50.962670+00:00'
[2024-12-04T20:09:26.438+0000] {logging_mixin.py:190} INFO - Task instance is in running state
[2024-12-04T20:09:26.446+0000] {logging_mixin.py:190} INFO -  Previous state of the Task instance: queued
[2024-12-04T20:09:26.461+0000] {logging_mixin.py:190} INFO - Current task name:transform_b state:running start_date:2024-12-04 20:09:13.687722+00:00
[2024-12-04T20:09:26.464+0000] {logging_mixin.py:190} INFO - Dag name:etl_client_activity_EFIMOVICH_EVGENII and current dag run status:running
[2024-12-04T20:09:26.470+0000] {taskinstance.py:731} INFO - ::endgroup::
[2024-12-04T20:09:31.813+0000] {job.py:229} INFO - Heartbeat recovered after 18.28 seconds
[2024-12-04T20:09:32.011+0000] {local_task_job_runner.py:266} INFO - Task exited with return code -9. For more information, see https://***.apache.org/docs/apache-***/stable/troubleshooting.html#LocalTaskJob-killed
[2024-12-04T20:09:32.046+0000] {local_task_job_runner.py:245} INFO - ::endgroup::
